CRITICAL - 2024-02-22 00:06:20 --> include(header.php): Failed to open stream: No such file or directory
in APPPATH\Views\admin\dashboard.php on line 4.
 1 APPPATH\Views\admin\dashboard.php(4): CodeIgniter\Debug\Exceptions->errorHandler(2, 'include(header.php): Failed to open stream: No such file or directory', 'APPPATH\\Views\\admin\\dashboard.php', 4)
 2 APPPATH\Views\admin\dashboard.php(4): include()
 3 SYSTEMPATH\View\View.php(213): include('APPPATH\\Views\\admin\\dashboard.php')
 4 SYSTEMPATH\View\View.php(216): CodeIgniter\View\View->CodeIgniter\View\{closure}()
 5 SYSTEMPATH\Common.php(1134): CodeIgniter\View\View->render('admin/dashboard', [], true)
 6 APPPATH\Controllers\Home.php(53): view('admin/dashboard')
 7 SYSTEMPATH\CodeIgniter.php(927): App\Controllers\Home->dashboard()
 8 SYSTEMPATH\CodeIgniter.php(482): CodeIgniter\CodeIgniter->runController(Object(App\Controllers\Home))
 9 SYSTEMPATH\CodeIgniter.php(351): CodeIgniter\CodeIgniter->handleRequest(null, Object(Config\Cache), false)
10 FCPATH\index.php(87): CodeIgniter\CodeIgniter->run()
11 SYSTEMPATH\Commands\Server\rewrite.php(46): require_once('FCPATH\\index.php')
CRITICAL - 2024-02-22 01:22:46 --> Call to undefined method App\Controllers\Account::setSuperAdminSession()
in APPPATH\Controllers\Account.php on line 143.
 1 SYSTEMPATH\CodeIgniter.php(927): App\Controllers\Account->signin()
 2 SYSTEMPATH\CodeIgniter.php(482): CodeIgniter\CodeIgniter->runController(Object(App\Controllers\Account))
 3 SYSTEMPATH\CodeIgniter.php(351): CodeIgniter\CodeIgniter->handleRequest(null, Object(Config\Cache), false)
 4 FCPATH\index.php(87): CodeIgniter\CodeIgniter->run()
 5 SYSTEMPATH\Commands\Server\rewrite.php(46): require_once('FCPATH\\index.php')
CRITICAL - 2024-02-22 01:34:17 --> Invalid file: admin/login.php
in SYSTEMPATH\Exceptions\FrameworkException.php on line 33.
 1 SYSTEMPATH\View\View.php(201): CodeIgniter\Exceptions\FrameworkException::forInvalidFile('admin/login.php')
 2 SYSTEMPATH\Common.php(1134): CodeIgniter\View\View->render('admin/login', [], true)
 3 APPPATH\Controllers\Account.php(151): view('admin/login', [])
 4 SYSTEMPATH\CodeIgniter.php(927): App\Controllers\Account->signin()
 5 SYSTEMPATH\CodeIgniter.php(482): CodeIgniter\CodeIgniter->runController(Object(App\Controllers\Account))
 6 SYSTEMPATH\CodeIgniter.php(351): CodeIgniter\CodeIgniter->handleRequest(null, Object(Config\Cache), false)
 7 FCPATH\index.php(87): CodeIgniter\CodeIgniter->run()
 8 SYSTEMPATH\Commands\Server\rewrite.php(46): require_once('FCPATH\\index.php')
CRITICAL - 2024-02-22 01:46:13 --> Invalid file: signin.php
in SYSTEMPATH\Exceptions\FrameworkException.php on line 33.
 1 SYSTEMPATH\View\View.php(201): CodeIgniter\Exceptions\FrameworkException::forInvalidFile('signin.php')
 2 SYSTEMPATH\Common.php(1134): CodeIgniter\View\View->render('signin', [], true)
 3 APPPATH\Controllers\Account.php(148): view('signin', [])
 4 SYSTEMPATH\CodeIgniter.php(927): App\Controllers\Account->signin()
 5 SYSTEMPATH\CodeIgniter.php(482): CodeIgniter\CodeIgniter->runController(Object(App\Controllers\Account))
 6 SYSTEMPATH\CodeIgniter.php(351): CodeIgniter\CodeIgniter->handleRequest(null, Object(Config\Cache), false)
 7 FCPATH\index.php(87): CodeIgniter\CodeIgniter->run()
 8 SYSTEMPATH\Commands\Server\rewrite.php(46): require_once('FCPATH\\index.php')
CRITICAL - 2024-02-22 02:04:08 --> Invalid file: header.php
in SYSTEMPATH\Exceptions\FrameworkException.php on line 33.
 1 SYSTEMPATH\View\View.php(201): CodeIgniter\Exceptions\FrameworkException::forInvalidFile('header.php')
 2 SYSTEMPATH\View\View.php(431): CodeIgniter\View\View->render('header', null, true)
 3 APPPATH\Views\admin\dashboard.php(1): CodeIgniter\View\View->include('header')
 4 SYSTEMPATH\View\View.php(213): include('APPPATH\\Views\\admin\\dashboard.php')
 5 SYSTEMPATH\View\View.php(216): CodeIgniter\View\View->CodeIgniter\View\{closure}()
 6 SYSTEMPATH\Common.php(1134): CodeIgniter\View\View->render('admin/dashboard', [], true)
 7 APPPATH\Controllers\Home.php(44): view('admin/dashboard')
 8 SYSTEMPATH\CodeIgniter.php(927): App\Controllers\Home->dashboard()
 9 SYSTEMPATH\CodeIgniter.php(482): CodeIgniter\CodeIgniter->runController(Object(App\Controllers\Home))
10 SYSTEMPATH\CodeIgniter.php(351): CodeIgniter\CodeIgniter->handleRequest(null, Object(Config\Cache), false)
11 FCPATH\index.php(87): CodeIgniter\CodeIgniter->run()
12 SYSTEMPATH\Commands\Server\rewrite.php(46): require_once('FCPATH\\index.php')
CRITICAL - 2024-02-22 02:04:10 --> Invalid file: header.php
in SYSTEMPATH\Exceptions\FrameworkException.php on line 33.
 1 SYSTEMPATH\View\View.php(201): CodeIgniter\Exceptions\FrameworkException::forInvalidFile('header.php')
 2 SYSTEMPATH\View\View.php(431): CodeIgniter\View\View->render('header', null, true)
 3 APPPATH\Views\admin\dashboard.php(1): CodeIgniter\View\View->include('header')
 4 SYSTEMPATH\View\View.php(213): include('APPPATH\\Views\\admin\\dashboard.php')
 5 SYSTEMPATH\View\View.php(216): CodeIgniter\View\View->CodeIgniter\View\{closure}()
 6 SYSTEMPATH\Common.php(1134): CodeIgniter\View\View->render('admin/dashboard', [], true)
 7 APPPATH\Controllers\Home.php(44): view('admin/dashboard')
 8 SYSTEMPATH\CodeIgniter.php(927): App\Controllers\Home->dashboard()
 9 SYSTEMPATH\CodeIgniter.php(482): CodeIgniter\CodeIgniter->runController(Object(App\Controllers\Home))
10 SYSTEMPATH\CodeIgniter.php(351): CodeIgniter\CodeIgniter->handleRequest(null, Object(Config\Cache), false)
11 FCPATH\index.php(87): CodeIgniter\CodeIgniter->run()
12 SYSTEMPATH\Commands\Server\rewrite.php(46): require_once('FCPATH\\index.php')
CRITICAL - 2024-02-22 02:04:32 --> Invalid file: footer.php
in SYSTEMPATH\Exceptions\FrameworkException.php on line 33.
 1 SYSTEMPATH\View\View.php(201): CodeIgniter\Exceptions\FrameworkException::forInvalidFile('footer.php')
 2 SYSTEMPATH\View\View.php(431): CodeIgniter\View\View->render('footer', null, true)
 3 APPPATH\Views\admin\dashboard.php(132): CodeIgniter\View\View->include('footer')
 4 SYSTEMPATH\View\View.php(213): include('APPPATH\\Views\\admin\\dashboard.php')
 5 SYSTEMPATH\View\View.php(216): CodeIgniter\View\View->CodeIgniter\View\{closure}()
 6 SYSTEMPATH\Common.php(1134): CodeIgniter\View\View->render('admin/dashboard', [], true)
 7 APPPATH\Controllers\Home.php(44): view('admin/dashboard')
 8 SYSTEMPATH\CodeIgniter.php(927): App\Controllers\Home->dashboard()
 9 SYSTEMPATH\CodeIgniter.php(482): CodeIgniter\CodeIgniter->runController(Object(App\Controllers\Home))
10 SYSTEMPATH\CodeIgniter.php(351): CodeIgniter\CodeIgniter->handleRequest(null, Object(Config\Cache), false)
11 FCPATH\index.php(87): CodeIgniter\CodeIgniter->run()
12 SYSTEMPATH\Commands\Server\rewrite.php(46): require_once('FCPATH\\index.php')
CRITICAL - 2024-02-22 02:04:43 --> Invalid file: header.php
in SYSTEMPATH\Exceptions\FrameworkException.php on line 33.
 1 SYSTEMPATH\View\View.php(201): CodeIgniter\Exceptions\FrameworkException::forInvalidFile('header.php')
 2 SYSTEMPATH\View\View.php(431): CodeIgniter\View\View->render('header', null, true)
 3 APPPATH\Views\admin\agent_list.php(1): CodeIgniter\View\View->include('header')
 4 SYSTEMPATH\View\View.php(213): include('APPPATH\\Views\\admin\\agent_list.php')
 5 SYSTEMPATH\View\View.php(216): CodeIgniter\View\View->CodeIgniter\View\{closure}()
 6 SYSTEMPATH\Common.php(1134): CodeIgniter\View\View->render('admin/agent_list', [], true)
 7 APPPATH\Controllers\Home.php(56): view('admin/agent_list')
 8 SYSTEMPATH\CodeIgniter.php(927): App\Controllers\Home->agent_list()
 9 SYSTEMPATH\CodeIgniter.php(482): CodeIgniter\CodeIgniter->runController(Object(App\Controllers\Home))
10 SYSTEMPATH\CodeIgniter.php(351): CodeIgniter\CodeIgniter->handleRequest(null, Object(Config\Cache), false)
11 FCPATH\index.php(87): CodeIgniter\CodeIgniter->run()
12 SYSTEMPATH\Commands\Server\rewrite.php(46): require_once('FCPATH\\index.php')
CRITICAL - 2024-02-22 19:17:29 --> CodeIgniter\Router\RouteCollection::match(): Argument #1 ($verbs) must be of type array, string given, called in C:\xampp\htdocs\tamtechhub_inventory\app\Config\Routes.php on line 51
in SYSTEMPATH\Router\RouteCollection.php on line 864.
 1 APPPATH\Config\Routes.php(51): CodeIgniter\Router\RouteCollection->match('agents/update', 'Agents::update')
 2 SYSTEMPATH\CodeIgniter.php(789): require('APPPATH\\Config\\Routes.php')
 3 SYSTEMPATH\CodeIgniter.php(430): CodeIgniter\CodeIgniter->tryToRouteIt(Object(CodeIgniter\Router\RouteCollection))
 4 SYSTEMPATH\CodeIgniter.php(351): CodeIgniter\CodeIgniter->handleRequest(null, Object(Config\Cache), false)
 5 FCPATH\index.php(87): CodeIgniter\CodeIgniter->run()
 6 SYSTEMPATH\Commands\Server\rewrite.php(46): require_once('FCPATH\\index.php')
CRITICAL - 2024-02-22 19:19:15 --> Class "App\Controllers\AgentModel" not found
in APPPATH\Controllers\Home.php on line 83.
 1 SYSTEMPATH\CodeIgniter.php(927): App\Controllers\Home->update()
 2 SYSTEMPATH\CodeIgniter.php(482): CodeIgniter\CodeIgniter->runController(Object(App\Controllers\Home))
 3 SYSTEMPATH\CodeIgniter.php(351): CodeIgniter\CodeIgniter->handleRequest(null, Object(Config\Cache), false)
 4 FCPATH\index.php(87): CodeIgniter\CodeIgniter->run()
 5 SYSTEMPATH\Commands\Server\rewrite.php(46): require_once('FCPATH\\index.php')
CRITICAL - 2024-02-22 19:19:57 --> Class "App\Controllers\AgentModel" not found
in APPPATH\Controllers\Home.php on line 83.
 1 SYSTEMPATH\CodeIgniter.php(927): App\Controllers\Home->update()
 2 SYSTEMPATH\CodeIgniter.php(482): CodeIgniter\CodeIgniter->runController(Object(App\Controllers\Home))
 3 SYSTEMPATH\CodeIgniter.php(351): CodeIgniter\CodeIgniter->handleRequest(null, Object(Config\Cache), false)
 4 FCPATH\index.php(87): CodeIgniter\CodeIgniter->run()
 5 SYSTEMPATH\Commands\Server\rewrite.php(46): require_once('FCPATH\\index.php')
CRITICAL - 2024-02-22 19:20:09 --> Class "App\Controllers\AgentModel" not found
in APPPATH\Controllers\Home.php on line 83.
 1 SYSTEMPATH\CodeIgniter.php(927): App\Controllers\Home->update()
 2 SYSTEMPATH\CodeIgniter.php(482): CodeIgniter\CodeIgniter->runController(Object(App\Controllers\Home))
 3 SYSTEMPATH\CodeIgniter.php(351): CodeIgniter\CodeIgniter->handleRequest(null, Object(Config\Cache), false)
 4 FCPATH\index.php(87): CodeIgniter\CodeIgniter->run()
 5 SYSTEMPATH\Commands\Server\rewrite.php(46): require_once('FCPATH\\index.php')
CRITICAL - 2024-02-22 19:22:05 --> Class "App\Controllers\AgentModel" not found
in APPPATH\Controllers\Home.php on line 83.
 1 SYSTEMPATH\CodeIgniter.php(927): App\Controllers\Home->update()
 2 SYSTEMPATH\CodeIgniter.php(482): CodeIgniter\CodeIgniter->runController(Object(App\Controllers\Home))
 3 SYSTEMPATH\CodeIgniter.php(351): CodeIgniter\CodeIgniter->handleRequest(null, Object(Config\Cache), false)
 4 FCPATH\index.php(87): CodeIgniter\CodeIgniter->run()
 5 SYSTEMPATH\Commands\Server\rewrite.php(46): require_once('FCPATH\\index.php')
CRITICAL - 2024-02-22 19:22:08 --> Class "App\Controllers\AgentModel" not found
in APPPATH\Controllers\Home.php on line 83.
 1 SYSTEMPATH\CodeIgniter.php(927): App\Controllers\Home->update()
 2 SYSTEMPATH\CodeIgniter.php(482): CodeIgniter\CodeIgniter->runController(Object(App\Controllers\Home))
 3 SYSTEMPATH\CodeIgniter.php(351): CodeIgniter\CodeIgniter->handleRequest(null, Object(Config\Cache), false)
 4 FCPATH\index.php(87): CodeIgniter\CodeIgniter->run()
 5 SYSTEMPATH\Commands\Server\rewrite.php(46): require_once('FCPATH\\index.php')
CRITICAL - 2024-02-22 19:22:11 --> Class "App\Controllers\AgentModel" not found
in APPPATH\Controllers\Home.php on line 83.
 1 SYSTEMPATH\CodeIgniter.php(927): App\Controllers\Home->update()
 2 SYSTEMPATH\CodeIgniter.php(482): CodeIgniter\CodeIgniter->runController(Object(App\Controllers\Home))
 3 SYSTEMPATH\CodeIgniter.php(351): CodeIgniter\CodeIgniter->handleRequest(null, Object(Config\Cache), false)
 4 FCPATH\index.php(87): CodeIgniter\CodeIgniter->run()
 5 SYSTEMPATH\Commands\Server\rewrite.php(46): require_once('FCPATH\\index.php')
CRITICAL - 2024-02-22 19:23:20 --> Class "App\Controllers\AgentModel" not found
in APPPATH\Controllers\Home.php on line 83.
 1 SYSTEMPATH\CodeIgniter.php(927): App\Controllers\Home->update()
 2 SYSTEMPATH\CodeIgniter.php(482): CodeIgniter\CodeIgniter->runController(Object(App\Controllers\Home))
 3 SYSTEMPATH\CodeIgniter.php(351): CodeIgniter\CodeIgniter->handleRequest(null, Object(Config\Cache), false)
 4 FCPATH\index.php(87): CodeIgniter\CodeIgniter->run()
 5 SYSTEMPATH\Commands\Server\rewrite.php(46): require_once('FCPATH\\index.php')
CRITICAL - 2024-02-22 19:23:23 --> Class "App\Controllers\AgentModel" not found
in APPPATH\Controllers\Home.php on line 83.
 1 SYSTEMPATH\CodeIgniter.php(927): App\Controllers\Home->update()
 2 SYSTEMPATH\CodeIgniter.php(482): CodeIgniter\CodeIgniter->runController(Object(App\Controllers\Home))
 3 SYSTEMPATH\CodeIgniter.php(351): CodeIgniter\CodeIgniter->handleRequest(null, Object(Config\Cache), false)
 4 FCPATH\index.php(87): CodeIgniter\CodeIgniter->run()
 5 SYSTEMPATH\Commands\Server\rewrite.php(46): require_once('FCPATH\\index.php')
CRITICAL - 2024-02-22 19:23:25 --> Class "App\Controllers\AgentModel" not found
in APPPATH\Controllers\Home.php on line 83.
 1 SYSTEMPATH\CodeIgniter.php(927): App\Controllers\Home->update()
 2 SYSTEMPATH\CodeIgniter.php(482): CodeIgniter\CodeIgniter->runController(Object(App\Controllers\Home))
 3 SYSTEMPATH\CodeIgniter.php(351): CodeIgniter\CodeIgniter->handleRequest(null, Object(Config\Cache), false)
 4 FCPATH\index.php(87): CodeIgniter\CodeIgniter->run()
 5 SYSTEMPATH\Commands\Server\rewrite.php(46): require_once('FCPATH\\index.php')
CRITICAL - 2024-02-22 19:23:26 --> Class "App\Controllers\AgentModel" not found
in APPPATH\Controllers\Home.php on line 83.
 1 SYSTEMPATH\CodeIgniter.php(927): App\Controllers\Home->update()
 2 SYSTEMPATH\CodeIgniter.php(482): CodeIgniter\CodeIgniter->runController(Object(App\Controllers\Home))
 3 SYSTEMPATH\CodeIgniter.php(351): CodeIgniter\CodeIgniter->handleRequest(null, Object(Config\Cache), false)
 4 FCPATH\index.php(87): CodeIgniter\CodeIgniter->run()
 5 SYSTEMPATH\Commands\Server\rewrite.php(46): require_once('FCPATH\\index.php')
CRITICAL - 2024-02-22 19:23:29 --> Class "App\Controllers\AgentModel" not found
in APPPATH\Controllers\Home.php on line 83.
 1 SYSTEMPATH\CodeIgniter.php(927): App\Controllers\Home->update()
 2 SYSTEMPATH\CodeIgniter.php(482): CodeIgniter\CodeIgniter->runController(Object(App\Controllers\Home))
 3 SYSTEMPATH\CodeIgniter.php(351): CodeIgniter\CodeIgniter->handleRequest(null, Object(Config\Cache), false)
 4 FCPATH\index.php(87): CodeIgniter\CodeIgniter->run()
 5 SYSTEMPATH\Commands\Server\rewrite.php(46): require_once('FCPATH\\index.php')
CRITICAL - 2024-02-22 19:23:30 --> Class "App\Controllers\AgentModel" not found
in APPPATH\Controllers\Home.php on line 83.
 1 SYSTEMPATH\CodeIgniter.php(927): App\Controllers\Home->update()
 2 SYSTEMPATH\CodeIgniter.php(482): CodeIgniter\CodeIgniter->runController(Object(App\Controllers\Home))
 3 SYSTEMPATH\CodeIgniter.php(351): CodeIgniter\CodeIgniter->handleRequest(null, Object(Config\Cache), false)
 4 FCPATH\index.php(87): CodeIgniter\CodeIgniter->run()
 5 SYSTEMPATH\Commands\Server\rewrite.php(46): require_once('FCPATH\\index.php')
CRITICAL - 2024-02-22 19:23:33 --> Class "App\Controllers\AgentModel" not found
in APPPATH\Controllers\Home.php on line 83.
 1 SYSTEMPATH\CodeIgniter.php(927): App\Controllers\Home->update()
 2 SYSTEMPATH\CodeIgniter.php(482): CodeIgniter\CodeIgniter->runController(Object(App\Controllers\Home))
 3 SYSTEMPATH\CodeIgniter.php(351): CodeIgniter\CodeIgniter->handleRequest(null, Object(Config\Cache), false)
 4 FCPATH\index.php(87): CodeIgniter\CodeIgniter->run()
 5 SYSTEMPATH\Commands\Server\rewrite.php(46): require_once('FCPATH\\index.php')
CRITICAL - 2024-02-22 19:23:37 --> Class "App\Controllers\AgentModel" not found
in APPPATH\Controllers\Home.php on line 83.
 1 SYSTEMPATH\CodeIgniter.php(927): App\Controllers\Home->update()
 2 SYSTEMPATH\CodeIgniter.php(482): CodeIgniter\CodeIgniter->runController(Object(App\Controllers\Home))
 3 SYSTEMPATH\CodeIgniter.php(351): CodeIgniter\CodeIgniter->handleRequest(null, Object(Config\Cache), false)
 4 FCPATH\index.php(87): CodeIgniter\CodeIgniter->run()
 5 SYSTEMPATH\Commands\Server\rewrite.php(46): require_once('FCPATH\\index.php')
CRITICAL - 2024-02-22 19:23:50 --> Class "App\Controllers\AgentModel" not found
in APPPATH\Controllers\Home.php on line 83.
 1 SYSTEMPATH\CodeIgniter.php(927): App\Controllers\Home->update()
 2 SYSTEMPATH\CodeIgniter.php(482): CodeIgniter\CodeIgniter->runController(Object(App\Controllers\Home))
 3 SYSTEMPATH\CodeIgniter.php(351): CodeIgniter\CodeIgniter->handleRequest(null, Object(Config\Cache), false)
 4 FCPATH\index.php(87): CodeIgniter\CodeIgniter->run()
 5 SYSTEMPATH\Commands\Server\rewrite.php(46): require_once('FCPATH\\index.php')
CRITICAL - 2024-02-22 19:23:52 --> Class "App\Controllers\AgentModel" not found
in APPPATH\Controllers\Home.php on line 83.
 1 SYSTEMPATH\CodeIgniter.php(927): App\Controllers\Home->update()
 2 SYSTEMPATH\CodeIgniter.php(482): CodeIgniter\CodeIgniter->runController(Object(App\Controllers\Home))
 3 SYSTEMPATH\CodeIgniter.php(351): CodeIgniter\CodeIgniter->handleRequest(null, Object(Config\Cache), false)
 4 FCPATH\index.php(87): CodeIgniter\CodeIgniter->run()
 5 SYSTEMPATH\Commands\Server\rewrite.php(46): require_once('FCPATH\\index.php')
CRITICAL - 2024-02-22 19:24:07 --> Class "App\Controllers\AgentModel" not found
in APPPATH\Controllers\Home.php on line 83.
 1 SYSTEMPATH\CodeIgniter.php(927): App\Controllers\Home->update()
 2 SYSTEMPATH\CodeIgniter.php(482): CodeIgniter\CodeIgniter->runController(Object(App\Controllers\Home))
 3 SYSTEMPATH\CodeIgniter.php(351): CodeIgniter\CodeIgniter->handleRequest(null, Object(Config\Cache), false)
 4 FCPATH\index.php(87): CodeIgniter\CodeIgniter->run()
 5 SYSTEMPATH\Commands\Server\rewrite.php(46): require_once('FCPATH\\index.php')
ERROR - 2024-02-22 21:05:59 --> mysqli_sql_exception: Column 'agent_name' cannot be null in C:\xampp\htdocs\tamtechhub_inventory\system\Database\MySQLi\Connection.php:292
Stack trace:
#0 C:\xampp\htdocs\tamtechhub_inventory\system\Database\MySQLi\Connection.php(292): mysqli->query('INSERT INTO `ag...', 0)
#1 C:\xampp\htdocs\tamtechhub_inventory\system\Database\BaseConnection.php(666): CodeIgniter\Database\MySQLi\Connection->execute('INSERT INTO `ag...')
#2 C:\xampp\htdocs\tamtechhub_inventory\system\Database\BaseConnection.php(593): CodeIgniter\Database\BaseConnection->simpleQuery('INSERT INTO `ag...')
#3 C:\xampp\htdocs\tamtechhub_inventory\system\Database\BaseBuilder.php(1916): CodeIgniter\Database\BaseConnection->query('INSERT INTO `ag...', Array, false)
#4 C:\xampp\htdocs\tamtechhub_inventory\system\Model.php(279): CodeIgniter\Database\BaseBuilder->insert()
#5 C:\xampp\htdocs\tamtechhub_inventory\system\BaseModel.php(749): CodeIgniter\Model->doInsert(Array)
#6 C:\xampp\htdocs\tamtechhub_inventory\system\Model.php(667): CodeIgniter\BaseModel->insert(Array, false)
#7 C:\xampp\htdocs\tamtechhub_inventory\system\BaseModel.php(659): CodeIgniter\Model->insert(Array, false)
#8 C:\xampp\htdocs\tamtechhub_inventory\app\Controllers\Home.php(69): CodeIgniter\BaseModel->save(Array)
#9 C:\xampp\htdocs\tamtechhub_inventory\system\CodeIgniter.php(927): App\Controllers\Home->add_agent()
#10 C:\xampp\htdocs\tamtechhub_inventory\system\CodeIgniter.php(482): CodeIgniter\CodeIgniter->runController(Object(App\Controllers\Home))
#11 C:\xampp\htdocs\tamtechhub_inventory\system\CodeIgniter.php(351): CodeIgniter\CodeIgniter->handleRequest(NULL, Object(Config\Cache), false)
#12 C:\xampp\htdocs\tamtechhub_inventory\public\index.php(87): CodeIgniter\CodeIgniter->run()
#13 C:\xampp\htdocs\tamtechhub_inventory\system\Commands\Server\rewrite.php(46): require_once('C:\\xampp\\htdocs...')
#14 {main}
CRITICAL - 2024-02-22 21:05:59 --> Column 'agent_name' cannot be null
in SYSTEMPATH\Database\MySQLi\Connection.php on line 292.
 1 SYSTEMPATH\Database\MySQLi\Connection.php(292): mysqli->query('INSERT INTO `agent_list` (`agent_name`, `agent_id`, `campaign`) VALUES (NULL, NULL, NULL)', 0)
 2 SYSTEMPATH\Database\BaseConnection.php(666): CodeIgniter\Database\MySQLi\Connection->execute('INSERT INTO `agent_list` (`agent_name`, `agent_id`, `campaign`) VALUES (NULL, NULL, NULL)')
 3 SYSTEMPATH\Database\BaseConnection.php(593): CodeIgniter\Database\BaseConnection->simpleQuery('INSERT INTO `agent_list` (`agent_name`, `agent_id`, `campaign`) VALUES (NULL, NULL, NULL)')
 4 SYSTEMPATH\Database\BaseBuilder.php(1916): CodeIgniter\Database\BaseConnection->query('INSERT INTO `agent_list` (`agent_name`, `agent_id`, `campaign`) VALUES (:agent_name:, :agent_id:, :campaign:)', [...], false)
 5 SYSTEMPATH\Model.php(279): CodeIgniter\Database\BaseBuilder->insert()
 6 SYSTEMPATH\BaseModel.php(749): CodeIgniter\Model->doInsert([...])
 7 SYSTEMPATH\Model.php(667): CodeIgniter\BaseModel->insert([...], false)
 8 SYSTEMPATH\BaseModel.php(659): CodeIgniter\Model->insert([...], false)
 9 APPPATH\Controllers\Home.php(69): CodeIgniter\BaseModel->save([...])
10 SYSTEMPATH\CodeIgniter.php(927): App\Controllers\Home->add_agent()
11 SYSTEMPATH\CodeIgniter.php(482): CodeIgniter\CodeIgniter->runController(Object(App\Controllers\Home))
12 SYSTEMPATH\CodeIgniter.php(351): CodeIgniter\CodeIgniter->handleRequest(null, Object(Config\Cache), false)
13 FCPATH\index.php(87): CodeIgniter\CodeIgniter->run()
14 SYSTEMPATH\Commands\Server\rewrite.php(46): require_once('FCPATH\\index.php')
CRITICAL - 2024-02-22 21:06:34 --> Undefined variable $agent
in APPPATH\Views\admin\desktop.php on line 56.
 1 APPPATH\Views\admin\desktop.php(56): CodeIgniter\Debug\Exceptions->errorHandler(2, 'Undefined variable $agent', 'APPPATH\\Views\\admin\\desktop.php', 56)
 2 SYSTEMPATH\View\View.php(213): include('APPPATH\\Views\\admin\\desktop.php')
 3 SYSTEMPATH\View\View.php(216): CodeIgniter\View\View->CodeIgniter\View\{closure}()
 4 SYSTEMPATH\Common.php(1134): CodeIgniter\View\View->render('admin/desktop', [], true)
 5 APPPATH\Controllers\Home.php(129): view('admin/desktop', [...])
 6 SYSTEMPATH\CodeIgniter.php(927): App\Controllers\Home->machine_list()
 7 SYSTEMPATH\CodeIgniter.php(482): CodeIgniter\CodeIgniter->runController(Object(App\Controllers\Home))
 8 SYSTEMPATH\CodeIgniter.php(351): CodeIgniter\CodeIgniter->handleRequest(null, Object(Config\Cache), false)
 9 FCPATH\index.php(87): CodeIgniter\CodeIgniter->run()
10 SYSTEMPATH\Commands\Server\rewrite.php(46): require_once('FCPATH\\index.php')
CRITICAL - 2024-02-22 21:07:10 --> Undefined variable $agent
in APPPATH\Views\admin\desktop.php on line 56.
 1 APPPATH\Views\admin\desktop.php(56): CodeIgniter\Debug\Exceptions->errorHandler(2, 'Undefined variable $agent', 'APPPATH\\Views\\admin\\desktop.php', 56)
 2 SYSTEMPATH\View\View.php(213): include('APPPATH\\Views\\admin\\desktop.php')
 3 SYSTEMPATH\View\View.php(216): CodeIgniter\View\View->CodeIgniter\View\{closure}()
 4 SYSTEMPATH\Common.php(1134): CodeIgniter\View\View->render('admin/desktop', [], true)
 5 APPPATH\Controllers\Home.php(129): view('admin/desktop', [...])
 6 SYSTEMPATH\CodeIgniter.php(927): App\Controllers\Home->machine_list()
 7 SYSTEMPATH\CodeIgniter.php(482): CodeIgniter\CodeIgniter->runController(Object(App\Controllers\Home))
 8 SYSTEMPATH\CodeIgniter.php(351): CodeIgniter\CodeIgniter->handleRequest(null, Object(Config\Cache), false)
 9 FCPATH\index.php(87): CodeIgniter\CodeIgniter->run()
10 SYSTEMPATH\Commands\Server\rewrite.php(46): require_once('FCPATH\\index.php')
CRITICAL - 2024-02-22 21:30:51 --> Undefined variable $machineItem
in APPPATH\Views\admin\desktop.php on line 60.
 1 APPPATH\Views\admin\desktop.php(60): CodeIgniter\Debug\Exceptions->errorHandler(2, 'Undefined variable $machineItem', 'APPPATH\\Views\\admin\\desktop.php', 60)
 2 SYSTEMPATH\View\View.php(213): include('APPPATH\\Views\\admin\\desktop.php')
 3 SYSTEMPATH\View\View.php(216): CodeIgniter\View\View->CodeIgniter\View\{closure}()
 4 SYSTEMPATH\Common.php(1134): CodeIgniter\View\View->render('admin/desktop', [], true)
 5 APPPATH\Controllers\Home.php(133): view('admin/desktop', [...])
 6 SYSTEMPATH\CodeIgniter.php(927): App\Controllers\Home->machine_list()
 7 SYSTEMPATH\CodeIgniter.php(482): CodeIgniter\CodeIgniter->runController(Object(App\Controllers\Home))
 8 SYSTEMPATH\CodeIgniter.php(351): CodeIgniter\CodeIgniter->handleRequest(null, Object(Config\Cache), false)
 9 FCPATH\index.php(87): CodeIgniter\CodeIgniter->run()
10 SYSTEMPATH\Commands\Server\rewrite.php(46): require_once('FCPATH\\index.php')
CRITICAL - 2024-02-22 21:46:21 --> Undefined variable $newData
in APPPATH\Controllers\Home.php on line 142.
 1 APPPATH\Controllers\Home.php(142): CodeIgniter\Debug\Exceptions->errorHandler(2, 'Undefined variable $newData', 'APPPATH\\Controllers\\Home.php', 142)
 2 SYSTEMPATH\CodeIgniter.php(927): App\Controllers\Home->update_machine_agent('1')
 3 SYSTEMPATH\CodeIgniter.php(482): CodeIgniter\CodeIgniter->runController(Object(App\Controllers\Home))
 4 SYSTEMPATH\CodeIgniter.php(351): CodeIgniter\CodeIgniter->handleRequest(null, Object(Config\Cache), false)
 5 FCPATH\index.php(87): CodeIgniter\CodeIgniter->run()
 6 SYSTEMPATH\Commands\Server\rewrite.php(46): require_once('FCPATH\\index.php')
CRITICAL - 2024-02-22 21:49:14 --> Undefined variable $newData
in APPPATH\Controllers\Home.php on line 142.
 1 APPPATH\Controllers\Home.php(142): CodeIgniter\Debug\Exceptions->errorHandler(2, 'Undefined variable $newData', 'APPPATH\\Controllers\\Home.php', 142)
 2 SYSTEMPATH\CodeIgniter.php(927): App\Controllers\Home->update_machine_agent('1')
 3 SYSTEMPATH\CodeIgniter.php(482): CodeIgniter\CodeIgniter->runController(Object(App\Controllers\Home))
 4 SYSTEMPATH\CodeIgniter.php(351): CodeIgniter\CodeIgniter->handleRequest(null, Object(Config\Cache), false)
 5 FCPATH\index.php(87): CodeIgniter\CodeIgniter->run()
 6 SYSTEMPATH\Commands\Server\rewrite.php(46): require_once('FCPATH\\index.php')
CRITICAL - 2024-02-22 23:13:43 --> Call to a member function find() on null
in APPPATH\Controllers\Home.php on line 178.
 1 SYSTEMPATH\CodeIgniter.php(927): App\Controllers\Home->update_machine()
 2 SYSTEMPATH\CodeIgniter.php(482): CodeIgniter\CodeIgniter->runController(Object(App\Controllers\Home))
 3 SYSTEMPATH\CodeIgniter.php(351): CodeIgniter\CodeIgniter->handleRequest(null, Object(Config\Cache), false)
 4 FCPATH\index.php(87): CodeIgniter\CodeIgniter->run()
 5 SYSTEMPATH\Commands\Server\rewrite.php(46): require_once('FCPATH\\index.php')
CRITICAL - 2024-02-22 23:13:45 --> Call to a member function find() on null
in APPPATH\Controllers\Home.php on line 178.
 1 SYSTEMPATH\CodeIgniter.php(927): App\Controllers\Home->update_machine()
 2 SYSTEMPATH\CodeIgniter.php(482): CodeIgniter\CodeIgniter->runController(Object(App\Controllers\Home))
 3 SYSTEMPATH\CodeIgniter.php(351): CodeIgniter\CodeIgniter->handleRequest(null, Object(Config\Cache), false)
 4 FCPATH\index.php(87): CodeIgniter\CodeIgniter->run()
 5 SYSTEMPATH\Commands\Server\rewrite.php(46): require_once('FCPATH\\index.php')
CRITICAL - 2024-02-22 23:13:51 --> Call to a member function find() on null
in APPPATH\Controllers\Home.php on line 178.
 1 SYSTEMPATH\CodeIgniter.php(927): App\Controllers\Home->update_machine()
 2 SYSTEMPATH\CodeIgniter.php(482): CodeIgniter\CodeIgniter->runController(Object(App\Controllers\Home))
 3 SYSTEMPATH\CodeIgniter.php(351): CodeIgniter\CodeIgniter->handleRequest(null, Object(Config\Cache), false)
 4 FCPATH\index.php(87): CodeIgniter\CodeIgniter->run()
 5 SYSTEMPATH\Commands\Server\rewrite.php(46): require_once('FCPATH\\index.php')
CRITICAL - 2024-02-22 23:14:32 --> Call to a member function find() on null
in APPPATH\Controllers\Home.php on line 178.
 1 SYSTEMPATH\CodeIgniter.php(927): App\Controllers\Home->update_machine()
 2 SYSTEMPATH\CodeIgniter.php(482): CodeIgniter\CodeIgniter->runController(Object(App\Controllers\Home))
 3 SYSTEMPATH\CodeIgniter.php(351): CodeIgniter\CodeIgniter->handleRequest(null, Object(Config\Cache), false)
 4 FCPATH\index.php(87): CodeIgniter\CodeIgniter->run()
 5 SYSTEMPATH\Commands\Server\rewrite.php(46): require_once('FCPATH\\index.php')
CRITICAL - 2024-02-22 23:15:49 --> Call to a member function find() on null
in APPPATH\Controllers\Home.php on line 178.
 1 SYSTEMPATH\CodeIgniter.php(927): App\Controllers\Home->update_machine()
 2 SYSTEMPATH\CodeIgniter.php(482): CodeIgniter\CodeIgniter->runController(Object(App\Controllers\Home))
 3 SYSTEMPATH\CodeIgniter.php(351): CodeIgniter\CodeIgniter->handleRequest(null, Object(Config\Cache), false)
 4 FCPATH\index.php(87): CodeIgniter\CodeIgniter->run()
 5 SYSTEMPATH\Commands\Server\rewrite.php(46): require_once('FCPATH\\index.php')
CRITICAL - 2024-02-22 23:22:08 --> Call to a member function find() on null
in APPPATH\Controllers\Home.php on line 179.
 1 SYSTEMPATH\CodeIgniter.php(927): App\Controllers\Home->update_machine()
 2 SYSTEMPATH\CodeIgniter.php(482): CodeIgniter\CodeIgniter->runController(Object(App\Controllers\Home))
 3 SYSTEMPATH\CodeIgniter.php(351): CodeIgniter\CodeIgniter->handleRequest(null, Object(Config\Cache), false)
 4 FCPATH\index.php(87): CodeIgniter\CodeIgniter->run()
 5 SYSTEMPATH\Commands\Server\rewrite.php(46): require_once('FCPATH\\index.php')
CRITICAL - 2024-02-22 23:23:00 --> Object of class App\Models\Machine_model could not be converted to string
in SYSTEMPATH\Database\Query.php on line 335.
 1 SYSTEMPATH\Database\Query.php(335): strtr('UPDATE `machine` SET `id` = :id:, `station_no` = :station_no:, `static_ip` = :static_ip:, `agent` = :agent:, `equip_id` = :equip_id:, `status` = :status:, `description` = :description:, `brand` = :brand:, `model` = :model:, `ram_size` = :ram_size:, `processor` = :processor:, `storage_type` = :storage_type:, `conditions` = :conditions:, `comment` = :comment:
WHERE `machine`.`id` IN :machine.id:', [...])
 2 SYSTEMPATH\Database\Query.php(310): CodeIgniter\Database\Query->matchNamedBinds('UPDATE `machine` SET `id` = :id:, `station_no` = :station_no:, `static_ip` = :static_ip:, `agent` = :agent:, `equip_id` = :equip_id:, `status` = :status:, `description` = :description:, `brand` = :brand:, `model` = :model:, `ram_size` = :ram_size:, `processor` = :processor:, `storage_type` = :storage_type:, `conditions` = :conditions:, `comment` = :comment:
WHERE `machine`.`id` IN :machine.id:', [...])
 3 SYSTEMPATH\Database\Query.php(159): CodeIgniter\Database\Query->compileBinds()
 4 SYSTEMPATH\Database\BaseConnection.php(593): CodeIgniter\Database\Query->getQuery()
 5 SYSTEMPATH\Database\BaseBuilder.php(2079): CodeIgniter\Database\BaseConnection->query('UPDATE `machine` SET `id` = :id:, `station_no` = :station_no:, `static_ip` = :static_ip:, `agent` = :agent:, `equip_id` = :equip_id:, `status` = :status:, `description` = :description:, `brand` = :brand:, `model` = :model:, `ram_size` = :ram_size:, `processor` = :processor:, `storage_type` = :storage_type:, `conditions` = :conditions:, `comment` = :comment:
WHERE `machine`.`id` IN :machine.id:', [...], false)
 6 SYSTEMPATH\Model.php(338): CodeIgniter\Database\BaseBuilder->update()
 7 SYSTEMPATH\BaseModel.php(886): CodeIgniter\Model->doUpdate([...], [...])
 8 SYSTEMPATH\Model.php(693): CodeIgniter\BaseModel->update([...], [...])
 9 APPPATH\Controllers\Home.php(205): CodeIgniter\Model->update('1', [...])
10 SYSTEMPATH\CodeIgniter.php(927): App\Controllers\Home->update_machine()
11 SYSTEMPATH\CodeIgniter.php(482): CodeIgniter\CodeIgniter->runController(Object(App\Controllers\Home))
12 SYSTEMPATH\CodeIgniter.php(351): CodeIgniter\CodeIgniter->handleRequest(null, Object(Config\Cache), false)
13 FCPATH\index.php(87): CodeIgniter\CodeIgniter->run()
14 SYSTEMPATH\Commands\Server\rewrite.php(46): require_once('FCPATH\\index.php')
CRITICAL - 2024-02-22 23:23:05 --> Object of class App\Models\Machine_model could not be converted to string
in SYSTEMPATH\Database\Query.php on line 335.
 1 SYSTEMPATH\Database\Query.php(335): strtr('UPDATE `machine` SET `id` = :id:, `station_no` = :station_no:, `static_ip` = :static_ip:, `agent` = :agent:, `equip_id` = :equip_id:, `status` = :status:, `description` = :description:, `brand` = :brand:, `model` = :model:, `ram_size` = :ram_size:, `processor` = :processor:, `storage_type` = :storage_type:, `conditions` = :conditions:, `comment` = :comment:
WHERE `machine`.`id` IN :machine.id:', [...])
 2 SYSTEMPATH\Database\Query.php(310): CodeIgniter\Database\Query->matchNamedBinds('UPDATE `machine` SET `id` = :id:, `station_no` = :station_no:, `static_ip` = :static_ip:, `agent` = :agent:, `equip_id` = :equip_id:, `status` = :status:, `description` = :description:, `brand` = :brand:, `model` = :model:, `ram_size` = :ram_size:, `processor` = :processor:, `storage_type` = :storage_type:, `conditions` = :conditions:, `comment` = :comment:
WHERE `machine`.`id` IN :machine.id:', [...])
 3 SYSTEMPATH\Database\Query.php(159): CodeIgniter\Database\Query->compileBinds()
 4 SYSTEMPATH\Database\BaseConnection.php(593): CodeIgniter\Database\Query->getQuery()
 5 SYSTEMPATH\Database\BaseBuilder.php(2079): CodeIgniter\Database\BaseConnection->query('UPDATE `machine` SET `id` = :id:, `station_no` = :station_no:, `static_ip` = :static_ip:, `agent` = :agent:, `equip_id` = :equip_id:, `status` = :status:, `description` = :description:, `brand` = :brand:, `model` = :model:, `ram_size` = :ram_size:, `processor` = :processor:, `storage_type` = :storage_type:, `conditions` = :conditions:, `comment` = :comment:
WHERE `machine`.`id` IN :machine.id:', [...], false)
 6 SYSTEMPATH\Model.php(338): CodeIgniter\Database\BaseBuilder->update()
 7 SYSTEMPATH\BaseModel.php(886): CodeIgniter\Model->doUpdate([...], [...])
 8 SYSTEMPATH\Model.php(693): CodeIgniter\BaseModel->update([...], [...])
 9 APPPATH\Controllers\Home.php(205): CodeIgniter\Model->update('1', [...])
10 SYSTEMPATH\CodeIgniter.php(927): App\Controllers\Home->update_machine()
11 SYSTEMPATH\CodeIgniter.php(482): CodeIgniter\CodeIgniter->runController(Object(App\Controllers\Home))
12 SYSTEMPATH\CodeIgniter.php(351): CodeIgniter\CodeIgniter->handleRequest(null, Object(Config\Cache), false)
13 FCPATH\index.php(87): CodeIgniter\CodeIgniter->run()
14 SYSTEMPATH\Commands\Server\rewrite.php(46): require_once('FCPATH\\index.php')
