CRITICAL - 2023-01-19 04:04:37 --> Undefined constant "App\Controllers\asdasdasdasdasd"
in APPPATH\Controllers\Home.php on line 222.
 1 SYSTEMPATH\CodeIgniter.php(927): App\Controllers\Home->addtocart()
 2 SYSTEMPATH\CodeIgniter.php(482): CodeIgniter\CodeIgniter->runController(Object(App\Controllers\Home))
 3 SYSTEMPATH\CodeIgniter.php(351): CodeIgniter\CodeIgniter->handleRequest(null, Object(Config\Cache), false)
 4 FCPATH\index.php(67): CodeIgniter\CodeIgniter->run()
 5 SYSTEMPATH\Commands\Server\rewrite.php(46): require_once('FCPATH\\index.php')
CRITICAL - 2023-01-19 04:04:38 --> Undefined constant "App\Controllers\asdasdasdasdasd"
in APPPATH\Controllers\Home.php on line 222.
 1 SYSTEMPATH\CodeIgniter.php(927): App\Controllers\Home->addtocart()
 2 SYSTEMPATH\CodeIgniter.php(482): CodeIgniter\CodeIgniter->runController(Object(App\Controllers\Home))
 3 SYSTEMPATH\CodeIgniter.php(351): CodeIgniter\CodeIgniter->handleRequest(null, Object(Config\Cache), false)
 4 FCPATH\index.php(67): CodeIgniter\CodeIgniter->run()
 5 SYSTEMPATH\Commands\Server\rewrite.php(46): require_once('FCPATH\\index.php')
CRITICAL - 2023-01-19 04:04:39 --> Undefined constant "App\Controllers\asdasdasdasdasd"
in APPPATH\Controllers\Home.php on line 222.
 1 SYSTEMPATH\CodeIgniter.php(927): App\Controllers\Home->addtocart()
 2 SYSTEMPATH\CodeIgniter.php(482): CodeIgniter\CodeIgniter->runController(Object(App\Controllers\Home))
 3 SYSTEMPATH\CodeIgniter.php(351): CodeIgniter\CodeIgniter->handleRequest(null, Object(Config\Cache), false)
 4 FCPATH\index.php(67): CodeIgniter\CodeIgniter->run()
 5 SYSTEMPATH\Commands\Server\rewrite.php(46): require_once('FCPATH\\index.php')
CRITICAL - 2023-01-19 04:04:42 --> Undefined constant "App\Controllers\asdasdasdasdasd"
in APPPATH\Controllers\Home.php on line 222.
 1 SYSTEMPATH\CodeIgniter.php(927): App\Controllers\Home->addtocart()
 2 SYSTEMPATH\CodeIgniter.php(482): CodeIgniter\CodeIgniter->runController(Object(App\Controllers\Home))
 3 SYSTEMPATH\CodeIgniter.php(351): CodeIgniter\CodeIgniter->handleRequest(null, Object(Config\Cache), false)
 4 FCPATH\index.php(67): CodeIgniter\CodeIgniter->run()
 5 SYSTEMPATH\Commands\Server\rewrite.php(46): require_once('FCPATH\\index.php')
CRITICAL - 2023-01-19 04:04:43 --> Undefined constant "App\Controllers\asdasdasdasdasd"
in APPPATH\Controllers\Home.php on line 222.
 1 SYSTEMPATH\CodeIgniter.php(927): App\Controllers\Home->addtocart()
 2 SYSTEMPATH\CodeIgniter.php(482): CodeIgniter\CodeIgniter->runController(Object(App\Controllers\Home))
 3 SYSTEMPATH\CodeIgniter.php(351): CodeIgniter\CodeIgniter->handleRequest(null, Object(Config\Cache), false)
 4 FCPATH\index.php(67): CodeIgniter\CodeIgniter->run()
 5 SYSTEMPATH\Commands\Server\rewrite.php(46): require_once('FCPATH\\index.php')
CRITICAL - 2023-01-19 04:32:04 --> Undefined array key "isLoggedIn"
in APPPATH\Views\home\productdetails.php on line 29.
 1 APPPATH\Views\home\productdetails.php(29): CodeIgniter\Debug\Exceptions->errorHandler(2, 'Undefined array key "isLoggedIn"', 'APPPATH\\Views\\home\\productdetails.php', 29)
 2 SYSTEMPATH\View\View.php(213): include('APPPATH\\Views\\home\\productdetails.php')
 3 SYSTEMPATH\View\View.php(216): CodeIgniter\View\View->CodeIgniter\View\{closure}()
 4 SYSTEMPATH\Common.php(1134): CodeIgniter\View\View->render('home/productdetails', [], true)
 5 APPPATH\Views\includes\template.php(2): view('home/productdetails')
 6 SYSTEMPATH\View\View.php(213): include('APPPATH\\Views\\includes\\template.php')
 7 SYSTEMPATH\View\View.php(216): CodeIgniter\View\View->CodeIgniter\View\{closure}()
 8 SYSTEMPATH\Common.php(1134): CodeIgniter\View\View->render('includes/template', [], true)
 9 APPPATH\Controllers\Home.php(217): view('includes/template', [...])
10 SYSTEMPATH\CodeIgniter.php(927): App\Controllers\Home->productdetails('11')
11 SYSTEMPATH\CodeIgniter.php(482): CodeIgniter\CodeIgniter->runController(Object(App\Controllers\Home))
12 SYSTEMPATH\CodeIgniter.php(351): CodeIgniter\CodeIgniter->handleRequest(null, Object(Config\Cache), false)
13 FCPATH\index.php(67): CodeIgniter\CodeIgniter->run()
14 SYSTEMPATH\Commands\Server\rewrite.php(46): require_once('FCPATH\\index.php')
CRITICAL - 2023-01-19 05:45:07 --> Undefined array key "qty"
in APPPATH\Controllers\Home.php on line 239.
 1 APPPATH\Controllers\Home.php(239): CodeIgniter\Debug\Exceptions->errorHandler(2, 'Undefined array key "qty"', 'APPPATH\\Controllers\\Home.php', 239)
 2 SYSTEMPATH\CodeIgniter.php(927): App\Controllers\Home->addtocart()
 3 SYSTEMPATH\CodeIgniter.php(482): CodeIgniter\CodeIgniter->runController(Object(App\Controllers\Home))
 4 SYSTEMPATH\CodeIgniter.php(351): CodeIgniter\CodeIgniter->handleRequest(null, Object(Config\Cache), false)
 5 FCPATH\index.php(67): CodeIgniter\CodeIgniter->run()
 6 SYSTEMPATH\Commands\Server\rewrite.php(46): require_once('FCPATH\\index.php')
CRITICAL - 2023-01-19 05:45:08 --> Undefined array key "qty"
in APPPATH\Controllers\Home.php on line 239.
 1 APPPATH\Controllers\Home.php(239): CodeIgniter\Debug\Exceptions->errorHandler(2, 'Undefined array key "qty"', 'APPPATH\\Controllers\\Home.php', 239)
 2 SYSTEMPATH\CodeIgniter.php(927): App\Controllers\Home->addtocart()
 3 SYSTEMPATH\CodeIgniter.php(482): CodeIgniter\CodeIgniter->runController(Object(App\Controllers\Home))
 4 SYSTEMPATH\CodeIgniter.php(351): CodeIgniter\CodeIgniter->handleRequest(null, Object(Config\Cache), false)
 5 FCPATH\index.php(67): CodeIgniter\CodeIgniter->run()
 6 SYSTEMPATH\Commands\Server\rewrite.php(46): require_once('FCPATH\\index.php')
CRITICAL - 2023-01-19 05:45:14 --> Undefined array key "qty"
in APPPATH\Controllers\Home.php on line 239.
 1 APPPATH\Controllers\Home.php(239): CodeIgniter\Debug\Exceptions->errorHandler(2, 'Undefined array key "qty"', 'APPPATH\\Controllers\\Home.php', 239)
 2 SYSTEMPATH\CodeIgniter.php(927): App\Controllers\Home->addtocart()
 3 SYSTEMPATH\CodeIgniter.php(482): CodeIgniter\CodeIgniter->runController(Object(App\Controllers\Home))
 4 SYSTEMPATH\CodeIgniter.php(351): CodeIgniter\CodeIgniter->handleRequest(null, Object(Config\Cache), false)
 5 FCPATH\index.php(67): CodeIgniter\CodeIgniter->run()
 6 SYSTEMPATH\Commands\Server\rewrite.php(46): require_once('FCPATH\\index.php')
CRITICAL - 2023-01-19 05:45:17 --> Undefined array key "qty"
in APPPATH\Controllers\Home.php on line 239.
 1 APPPATH\Controllers\Home.php(239): CodeIgniter\Debug\Exceptions->errorHandler(2, 'Undefined array key "qty"', 'APPPATH\\Controllers\\Home.php', 239)
 2 SYSTEMPATH\CodeIgniter.php(927): App\Controllers\Home->addtocart()
 3 SYSTEMPATH\CodeIgniter.php(482): CodeIgniter\CodeIgniter->runController(Object(App\Controllers\Home))
 4 SYSTEMPATH\CodeIgniter.php(351): CodeIgniter\CodeIgniter->handleRequest(null, Object(Config\Cache), false)
 5 FCPATH\index.php(67): CodeIgniter\CodeIgniter->run()
 6 SYSTEMPATH\Commands\Server\rewrite.php(46): require_once('FCPATH\\index.php')
CRITICAL - 2023-01-19 05:45:27 --> Undefined array key "qty"
in APPPATH\Controllers\Home.php on line 239.
 1 APPPATH\Controllers\Home.php(239): CodeIgniter\Debug\Exceptions->errorHandler(2, 'Undefined array key "qty"', 'APPPATH\\Controllers\\Home.php', 239)
 2 SYSTEMPATH\CodeIgniter.php(927): App\Controllers\Home->addtocart()
 3 SYSTEMPATH\CodeIgniter.php(482): CodeIgniter\CodeIgniter->runController(Object(App\Controllers\Home))
 4 SYSTEMPATH\CodeIgniter.php(351): CodeIgniter\CodeIgniter->handleRequest(null, Object(Config\Cache), false)
 5 FCPATH\index.php(67): CodeIgniter\CodeIgniter->run()
 6 SYSTEMPATH\Commands\Server\rewrite.php(46): require_once('FCPATH\\index.php')
CRITICAL - 2023-01-19 05:49:50 --> Undefined array key "Id"
in APPPATH\Controllers\Home.php on line 240.
 1 APPPATH\Controllers\Home.php(240): CodeIgniter\Debug\Exceptions->errorHandler(2, 'Undefined array key "Id"', 'APPPATH\\Controllers\\Home.php', 240)
 2 SYSTEMPATH\CodeIgniter.php(927): App\Controllers\Home->addtocart()
 3 SYSTEMPATH\CodeIgniter.php(482): CodeIgniter\CodeIgniter->runController(Object(App\Controllers\Home))
 4 SYSTEMPATH\CodeIgniter.php(351): CodeIgniter\CodeIgniter->handleRequest(null, Object(Config\Cache), false)
 5 FCPATH\index.php(67): CodeIgniter\CodeIgniter->run()
 6 SYSTEMPATH\Commands\Server\rewrite.php(46): require_once('FCPATH\\index.php')
CRITICAL - 2023-01-19 05:49:51 --> Undefined array key "Id"
in APPPATH\Controllers\Home.php on line 240.
 1 APPPATH\Controllers\Home.php(240): CodeIgniter\Debug\Exceptions->errorHandler(2, 'Undefined array key "Id"', 'APPPATH\\Controllers\\Home.php', 240)
 2 SYSTEMPATH\CodeIgniter.php(927): App\Controllers\Home->addtocart()
 3 SYSTEMPATH\CodeIgniter.php(482): CodeIgniter\CodeIgniter->runController(Object(App\Controllers\Home))
 4 SYSTEMPATH\CodeIgniter.php(351): CodeIgniter\CodeIgniter->handleRequest(null, Object(Config\Cache), false)
 5 FCPATH\index.php(67): CodeIgniter\CodeIgniter->run()
 6 SYSTEMPATH\Commands\Server\rewrite.php(46): require_once('FCPATH\\index.php')
CRITICAL - 2023-01-19 05:49:55 --> Undefined array key "Id"
in APPPATH\Controllers\Home.php on line 240.
 1 APPPATH\Controllers\Home.php(240): CodeIgniter\Debug\Exceptions->errorHandler(2, 'Undefined array key "Id"', 'APPPATH\\Controllers\\Home.php', 240)
 2 SYSTEMPATH\CodeIgniter.php(927): App\Controllers\Home->addtocart()
 3 SYSTEMPATH\CodeIgniter.php(482): CodeIgniter\CodeIgniter->runController(Object(App\Controllers\Home))
 4 SYSTEMPATH\CodeIgniter.php(351): CodeIgniter\CodeIgniter->handleRequest(null, Object(Config\Cache), false)
 5 FCPATH\index.php(67): CodeIgniter\CodeIgniter->run()
 6 SYSTEMPATH\Commands\Server\rewrite.php(46): require_once('FCPATH\\index.php')
CRITICAL - 2023-01-19 05:50:00 --> Undefined array key "Id"
in APPPATH\Controllers\Home.php on line 240.
 1 APPPATH\Controllers\Home.php(240): CodeIgniter\Debug\Exceptions->errorHandler(2, 'Undefined array key "Id"', 'APPPATH\\Controllers\\Home.php', 240)
 2 SYSTEMPATH\CodeIgniter.php(927): App\Controllers\Home->addtocart()
 3 SYSTEMPATH\CodeIgniter.php(482): CodeIgniter\CodeIgniter->runController(Object(App\Controllers\Home))
 4 SYSTEMPATH\CodeIgniter.php(351): CodeIgniter\CodeIgniter->handleRequest(null, Object(Config\Cache), false)
 5 FCPATH\index.php(67): CodeIgniter\CodeIgniter->run()
 6 SYSTEMPATH\Commands\Server\rewrite.php(46): require_once('FCPATH\\index.php')
CRITICAL - 2023-01-19 05:50:09 --> Undefined array key "Id"
in APPPATH\Controllers\Home.php on line 240.
 1 APPPATH\Controllers\Home.php(240): CodeIgniter\Debug\Exceptions->errorHandler(2, 'Undefined array key "Id"', 'APPPATH\\Controllers\\Home.php', 240)
 2 SYSTEMPATH\CodeIgniter.php(927): App\Controllers\Home->addtocart()
 3 SYSTEMPATH\CodeIgniter.php(482): CodeIgniter\CodeIgniter->runController(Object(App\Controllers\Home))
 4 SYSTEMPATH\CodeIgniter.php(351): CodeIgniter\CodeIgniter->handleRequest(null, Object(Config\Cache), false)
 5 FCPATH\index.php(67): CodeIgniter\CodeIgniter->run()
 6 SYSTEMPATH\Commands\Server\rewrite.php(46): require_once('FCPATH\\index.php')
CRITICAL - 2023-01-19 05:50:12 --> Undefined array key "Id"
in APPPATH\Controllers\Home.php on line 240.
 1 APPPATH\Controllers\Home.php(240): CodeIgniter\Debug\Exceptions->errorHandler(2, 'Undefined array key "Id"', 'APPPATH\\Controllers\\Home.php', 240)
 2 SYSTEMPATH\CodeIgniter.php(927): App\Controllers\Home->addtocart()
 3 SYSTEMPATH\CodeIgniter.php(482): CodeIgniter\CodeIgniter->runController(Object(App\Controllers\Home))
 4 SYSTEMPATH\CodeIgniter.php(351): CodeIgniter\CodeIgniter->handleRequest(null, Object(Config\Cache), false)
 5 FCPATH\index.php(67): CodeIgniter\CodeIgniter->run()
 6 SYSTEMPATH\Commands\Server\rewrite.php(46): require_once('FCPATH\\index.php')
CRITICAL - 2023-01-19 05:50:20 --> Undefined array key "Id"
in APPPATH\Controllers\Home.php on line 240.
 1 APPPATH\Controllers\Home.php(240): CodeIgniter\Debug\Exceptions->errorHandler(2, 'Undefined array key "Id"', 'APPPATH\\Controllers\\Home.php', 240)
 2 SYSTEMPATH\CodeIgniter.php(927): App\Controllers\Home->addtocart()
 3 SYSTEMPATH\CodeIgniter.php(482): CodeIgniter\CodeIgniter->runController(Object(App\Controllers\Home))
 4 SYSTEMPATH\CodeIgniter.php(351): CodeIgniter\CodeIgniter->handleRequest(null, Object(Config\Cache), false)
 5 FCPATH\index.php(67): CodeIgniter\CodeIgniter->run()
 6 SYSTEMPATH\Commands\Server\rewrite.php(46): require_once('FCPATH\\index.php')
CRITICAL - 2023-01-19 05:50:23 --> Undefined array key "Id"
in APPPATH\Controllers\Home.php on line 240.
 1 APPPATH\Controllers\Home.php(240): CodeIgniter\Debug\Exceptions->errorHandler(2, 'Undefined array key "Id"', 'APPPATH\\Controllers\\Home.php', 240)
 2 SYSTEMPATH\CodeIgniter.php(927): App\Controllers\Home->addtocart()
 3 SYSTEMPATH\CodeIgniter.php(482): CodeIgniter\CodeIgniter->runController(Object(App\Controllers\Home))
 4 SYSTEMPATH\CodeIgniter.php(351): CodeIgniter\CodeIgniter->handleRequest(null, Object(Config\Cache), false)
 5 FCPATH\index.php(67): CodeIgniter\CodeIgniter->run()
 6 SYSTEMPATH\Commands\Server\rewrite.php(46): require_once('FCPATH\\index.php')
CRITICAL - 2023-01-19 05:50:26 --> Undefined array key "Id"
in APPPATH\Controllers\Home.php on line 240.
 1 APPPATH\Controllers\Home.php(240): CodeIgniter\Debug\Exceptions->errorHandler(2, 'Undefined array key "Id"', 'APPPATH\\Controllers\\Home.php', 240)
 2 SYSTEMPATH\CodeIgniter.php(927): App\Controllers\Home->addtocart()
 3 SYSTEMPATH\CodeIgniter.php(482): CodeIgniter\CodeIgniter->runController(Object(App\Controllers\Home))
 4 SYSTEMPATH\CodeIgniter.php(351): CodeIgniter\CodeIgniter->handleRequest(null, Object(Config\Cache), false)
 5 FCPATH\index.php(67): CodeIgniter\CodeIgniter->run()
 6 SYSTEMPATH\Commands\Server\rewrite.php(46): require_once('FCPATH\\index.php')
CRITICAL - 2023-01-19 05:50:34 --> Undefined array key "Id"
in APPPATH\Controllers\Home.php on line 240.
 1 APPPATH\Controllers\Home.php(240): CodeIgniter\Debug\Exceptions->errorHandler(2, 'Undefined array key "Id"', 'APPPATH\\Controllers\\Home.php', 240)
 2 SYSTEMPATH\CodeIgniter.php(927): App\Controllers\Home->addtocart()
 3 SYSTEMPATH\CodeIgniter.php(482): CodeIgniter\CodeIgniter->runController(Object(App\Controllers\Home))
 4 SYSTEMPATH\CodeIgniter.php(351): CodeIgniter\CodeIgniter->handleRequest(null, Object(Config\Cache), false)
 5 FCPATH\index.php(67): CodeIgniter\CodeIgniter->run()
 6 SYSTEMPATH\Commands\Server\rewrite.php(46): require_once('FCPATH\\index.php')
CRITICAL - 2023-01-19 05:50:44 --> Undefined array key "Id"
in APPPATH\Controllers\Home.php on line 240.
 1 APPPATH\Controllers\Home.php(240): CodeIgniter\Debug\Exceptions->errorHandler(2, 'Undefined array key "Id"', 'APPPATH\\Controllers\\Home.php', 240)
 2 SYSTEMPATH\CodeIgniter.php(927): App\Controllers\Home->addtocart()
 3 SYSTEMPATH\CodeIgniter.php(482): CodeIgniter\CodeIgniter->runController(Object(App\Controllers\Home))
 4 SYSTEMPATH\CodeIgniter.php(351): CodeIgniter\CodeIgniter->handleRequest(null, Object(Config\Cache), false)
 5 FCPATH\index.php(67): CodeIgniter\CodeIgniter->run()
 6 SYSTEMPATH\Commands\Server\rewrite.php(46): require_once('FCPATH\\index.php')
CRITICAL - 2023-01-19 05:50:48 --> Undefined array key "Id"
in APPPATH\Controllers\Home.php on line 240.
 1 APPPATH\Controllers\Home.php(240): CodeIgniter\Debug\Exceptions->errorHandler(2, 'Undefined array key "Id"', 'APPPATH\\Controllers\\Home.php', 240)
 2 SYSTEMPATH\CodeIgniter.php(927): App\Controllers\Home->addtocart()
 3 SYSTEMPATH\CodeIgniter.php(482): CodeIgniter\CodeIgniter->runController(Object(App\Controllers\Home))
 4 SYSTEMPATH\CodeIgniter.php(351): CodeIgniter\CodeIgniter->handleRequest(null, Object(Config\Cache), false)
 5 FCPATH\index.php(67): CodeIgniter\CodeIgniter->run()
 6 SYSTEMPATH\Commands\Server\rewrite.php(46): require_once('FCPATH\\index.php')
CRITICAL - 2023-01-19 05:50:50 --> Undefined array key "Id"
in APPPATH\Controllers\Home.php on line 240.
 1 APPPATH\Controllers\Home.php(240): CodeIgniter\Debug\Exceptions->errorHandler(2, 'Undefined array key "Id"', 'APPPATH\\Controllers\\Home.php', 240)
 2 SYSTEMPATH\CodeIgniter.php(927): App\Controllers\Home->addtocart()
 3 SYSTEMPATH\CodeIgniter.php(482): CodeIgniter\CodeIgniter->runController(Object(App\Controllers\Home))
 4 SYSTEMPATH\CodeIgniter.php(351): CodeIgniter\CodeIgniter->handleRequest(null, Object(Config\Cache), false)
 5 FCPATH\index.php(67): CodeIgniter\CodeIgniter->run()
 6 SYSTEMPATH\Commands\Server\rewrite.php(46): require_once('FCPATH\\index.php')
CRITICAL - 2023-01-19 05:50:57 --> Undefined array key "Id"
in APPPATH\Controllers\Home.php on line 240.
 1 APPPATH\Controllers\Home.php(240): CodeIgniter\Debug\Exceptions->errorHandler(2, 'Undefined array key "Id"', 'APPPATH\\Controllers\\Home.php', 240)
 2 SYSTEMPATH\CodeIgniter.php(927): App\Controllers\Home->addtocart()
 3 SYSTEMPATH\CodeIgniter.php(482): CodeIgniter\CodeIgniter->runController(Object(App\Controllers\Home))
 4 SYSTEMPATH\CodeIgniter.php(351): CodeIgniter\CodeIgniter->handleRequest(null, Object(Config\Cache), false)
 5 FCPATH\index.php(67): CodeIgniter\CodeIgniter->run()
 6 SYSTEMPATH\Commands\Server\rewrite.php(46): require_once('FCPATH\\index.php')
CRITICAL - 2023-01-19 05:50:59 --> Undefined array key "Id"
in APPPATH\Controllers\Home.php on line 240.
 1 APPPATH\Controllers\Home.php(240): CodeIgniter\Debug\Exceptions->errorHandler(2, 'Undefined array key "Id"', 'APPPATH\\Controllers\\Home.php', 240)
 2 SYSTEMPATH\CodeIgniter.php(927): App\Controllers\Home->addtocart()
 3 SYSTEMPATH\CodeIgniter.php(482): CodeIgniter\CodeIgniter->runController(Object(App\Controllers\Home))
 4 SYSTEMPATH\CodeIgniter.php(351): CodeIgniter\CodeIgniter->handleRequest(null, Object(Config\Cache), false)
 5 FCPATH\index.php(67): CodeIgniter\CodeIgniter->run()
 6 SYSTEMPATH\Commands\Server\rewrite.php(46): require_once('FCPATH\\index.php')
CRITICAL - 2023-01-19 05:51:00 --> Undefined array key "Id"
in APPPATH\Controllers\Home.php on line 240.
 1 APPPATH\Controllers\Home.php(240): CodeIgniter\Debug\Exceptions->errorHandler(2, 'Undefined array key "Id"', 'APPPATH\\Controllers\\Home.php', 240)
 2 SYSTEMPATH\CodeIgniter.php(927): App\Controllers\Home->addtocart()
 3 SYSTEMPATH\CodeIgniter.php(482): CodeIgniter\CodeIgniter->runController(Object(App\Controllers\Home))
 4 SYSTEMPATH\CodeIgniter.php(351): CodeIgniter\CodeIgniter->handleRequest(null, Object(Config\Cache), false)
 5 FCPATH\index.php(67): CodeIgniter\CodeIgniter->run()
 6 SYSTEMPATH\Commands\Server\rewrite.php(46): require_once('FCPATH\\index.php')
CRITICAL - 2023-01-19 05:51:03 --> Undefined array key "Id"
in APPPATH\Controllers\Home.php on line 240.
 1 APPPATH\Controllers\Home.php(240): CodeIgniter\Debug\Exceptions->errorHandler(2, 'Undefined array key "Id"', 'APPPATH\\Controllers\\Home.php', 240)
 2 SYSTEMPATH\CodeIgniter.php(927): App\Controllers\Home->addtocart()
 3 SYSTEMPATH\CodeIgniter.php(482): CodeIgniter\CodeIgniter->runController(Object(App\Controllers\Home))
 4 SYSTEMPATH\CodeIgniter.php(351): CodeIgniter\CodeIgniter->handleRequest(null, Object(Config\Cache), false)
 5 FCPATH\index.php(67): CodeIgniter\CodeIgniter->run()
 6 SYSTEMPATH\Commands\Server\rewrite.php(46): require_once('FCPATH\\index.php')
CRITICAL - 2023-01-19 05:51:17 --> Undefined array key "Id"
in APPPATH\Controllers\Home.php on line 240.
 1 APPPATH\Controllers\Home.php(240): CodeIgniter\Debug\Exceptions->errorHandler(2, 'Undefined array key "Id"', 'APPPATH\\Controllers\\Home.php', 240)
 2 SYSTEMPATH\CodeIgniter.php(927): App\Controllers\Home->addtocart()
 3 SYSTEMPATH\CodeIgniter.php(482): CodeIgniter\CodeIgniter->runController(Object(App\Controllers\Home))
 4 SYSTEMPATH\CodeIgniter.php(351): CodeIgniter\CodeIgniter->handleRequest(null, Object(Config\Cache), false)
 5 FCPATH\index.php(67): CodeIgniter\CodeIgniter->run()
 6 SYSTEMPATH\Commands\Server\rewrite.php(46): require_once('FCPATH\\index.php')
CRITICAL - 2023-01-19 05:51:20 --> Undefined array key "Id"
in APPPATH\Controllers\Home.php on line 240.
 1 APPPATH\Controllers\Home.php(240): CodeIgniter\Debug\Exceptions->errorHandler(2, 'Undefined array key "Id"', 'APPPATH\\Controllers\\Home.php', 240)
 2 SYSTEMPATH\CodeIgniter.php(927): App\Controllers\Home->addtocart()
 3 SYSTEMPATH\CodeIgniter.php(482): CodeIgniter\CodeIgniter->runController(Object(App\Controllers\Home))
 4 SYSTEMPATH\CodeIgniter.php(351): CodeIgniter\CodeIgniter->handleRequest(null, Object(Config\Cache), false)
 5 FCPATH\index.php(67): CodeIgniter\CodeIgniter->run()
 6 SYSTEMPATH\Commands\Server\rewrite.php(46): require_once('FCPATH\\index.php')
CRITICAL - 2023-01-19 09:12:48 --> Invalid file: admin/category.php
in SYSTEMPATH\Exceptions\FrameworkException.php on line 33.
 1 SYSTEMPATH\View\View.php(201): CodeIgniter\Exceptions\FrameworkException::forInvalidFile('admin/category.php')
 2 SYSTEMPATH\Common.php(1134): CodeIgniter\View\View->render('admin/category', [], true)
 3 APPPATH\Views\admin\includes\template.php(2): view('admin/category')
 4 SYSTEMPATH\View\View.php(213): include('APPPATH\\Views\\admin\\includes\\template.php')
 5 SYSTEMPATH\View\View.php(216): CodeIgniter\View\View->CodeIgniter\View\{closure}()
 6 SYSTEMPATH\Common.php(1134): CodeIgniter\View\View->render('admin/includes/template', [], true)
 7 APPPATH\Controllers\Admin.php(128): view('admin/includes/template', [...])
 8 SYSTEMPATH\CodeIgniter.php(927): App\Controllers\Admin->addcategory()
 9 SYSTEMPATH\CodeIgniter.php(482): CodeIgniter\CodeIgniter->runController(Object(App\Controllers\Admin))
10 SYSTEMPATH\CodeIgniter.php(351): CodeIgniter\CodeIgniter->handleRequest(null, Object(Config\Cache), false)
11 FCPATH\index.php(67): CodeIgniter\CodeIgniter->run()
12 SYSTEMPATH\Commands\Server\rewrite.php(46): require_once('FCPATH\\index.php')
