CRITICAL - 2024-04-02 00:23:57 --> Cannot redeclare App\Controllers\Home::cpu_check_equip_id()
in APPPATH\Controllers\Home.php on line 580.
 1 [internal function]: CodeIgniter\Debug\Exceptions->shutdownHandler()
CRITICAL - 2024-04-02 00:49:30 --> Undefined array key "agent"
in APPPATH\Views\admin\phone.php on line 250.
 1 APPPATH\Views\admin\phone.php(250): CodeIgniter\Debug\Exceptions->errorHandler(2, 'Undefined array key "agent"', 'APPPATH\\Views\\admin\\phone.php', 250)
 2 SYSTEMPATH\View\View.php(213): include('APPPATH\\Views\\admin\\phone.php')
 3 SYSTEMPATH\View\View.php(216): CodeIgniter\View\View->CodeIgniter\View\{closure}()
 4 SYSTEMPATH\Common.php(1134): CodeIgniter\View\View->render('admin/phone', [], true)
 5 APPPATH\Controllers\Home.php(1216): view('admin/phone', [...])
 6 SYSTEMPATH\CodeIgniter.php(927): App\Controllers\Home->phone_list()
 7 SYSTEMPATH\CodeIgniter.php(482): CodeIgniter\CodeIgniter->runController(Object(App\Controllers\Home))
 8 SYSTEMPATH\CodeIgniter.php(351): CodeIgniter\CodeIgniter->handleRequest(null, Object(Config\Cache), false)
 9 FCPATH\index.php(87): CodeIgniter\CodeIgniter->run()
10 SYSTEMPATH\Commands\Server\rewrite.php(46): require_once('FCPATH\\index.php')
CRITICAL - 2024-04-02 01:41:53 --> Undefined property: stdClass::$id
in APPPATH\Controllers\Home.php on line 1458.
 1 APPPATH\Controllers\Home.php(1458): CodeIgniter\Debug\Exceptions->errorHandler(2, 'Undefined property: stdClass::$id', 'APPPATH\\Controllers\\Home.php', 1458)
 2 SYSTEMPATH\CodeIgniter.php(927): App\Controllers\Home->getPhoneDataById()
 3 SYSTEMPATH\CodeIgniter.php(482): CodeIgniter\CodeIgniter->runController(Object(App\Controllers\Home))
 4 SYSTEMPATH\CodeIgniter.php(351): CodeIgniter\CodeIgniter->handleRequest(null, Object(Config\Cache), false)
 5 FCPATH\index.php(87): CodeIgniter\CodeIgniter->run()
 6 SYSTEMPATH\Commands\Server\rewrite.php(46): require_once('FCPATH\\index.php')
CRITICAL - 2024-04-02 01:41:55 --> Undefined property: stdClass::$id
in APPPATH\Controllers\Home.php on line 1458.
 1 APPPATH\Controllers\Home.php(1458): CodeIgniter\Debug\Exceptions->errorHandler(2, 'Undefined property: stdClass::$id', 'APPPATH\\Controllers\\Home.php', 1458)
 2 SYSTEMPATH\CodeIgniter.php(927): App\Controllers\Home->getPhoneDataById()
 3 SYSTEMPATH\CodeIgniter.php(482): CodeIgniter\CodeIgniter->runController(Object(App\Controllers\Home))
 4 SYSTEMPATH\CodeIgniter.php(351): CodeIgniter\CodeIgniter->handleRequest(null, Object(Config\Cache), false)
 5 FCPATH\index.php(87): CodeIgniter\CodeIgniter->run()
 6 SYSTEMPATH\Commands\Server\rewrite.php(46): require_once('FCPATH\\index.php')
CRITICAL - 2024-04-02 01:42:08 --> Undefined property: stdClass::$id
in APPPATH\Controllers\Home.php on line 1458.
 1 APPPATH\Controllers\Home.php(1458): CodeIgniter\Debug\Exceptions->errorHandler(2, 'Undefined property: stdClass::$id', 'APPPATH\\Controllers\\Home.php', 1458)
 2 SYSTEMPATH\CodeIgniter.php(927): App\Controllers\Home->getPhoneDataById()
 3 SYSTEMPATH\CodeIgniter.php(482): CodeIgniter\CodeIgniter->runController(Object(App\Controllers\Home))
 4 SYSTEMPATH\CodeIgniter.php(351): CodeIgniter\CodeIgniter->handleRequest(null, Object(Config\Cache), false)
 5 FCPATH\index.php(87): CodeIgniter\CodeIgniter->run()
 6 SYSTEMPATH\Commands\Server\rewrite.php(46): require_once('FCPATH\\index.php')
CRITICAL - 2024-04-02 01:42:10 --> Undefined property: stdClass::$id
in APPPATH\Controllers\Home.php on line 1458.
 1 APPPATH\Controllers\Home.php(1458): CodeIgniter\Debug\Exceptions->errorHandler(2, 'Undefined property: stdClass::$id', 'APPPATH\\Controllers\\Home.php', 1458)
 2 SYSTEMPATH\CodeIgniter.php(927): App\Controllers\Home->getPhoneDataById()
 3 SYSTEMPATH\CodeIgniter.php(482): CodeIgniter\CodeIgniter->runController(Object(App\Controllers\Home))
 4 SYSTEMPATH\CodeIgniter.php(351): CodeIgniter\CodeIgniter->handleRequest(null, Object(Config\Cache), false)
 5 FCPATH\index.php(87): CodeIgniter\CodeIgniter->run()
 6 SYSTEMPATH\Commands\Server\rewrite.php(46): require_once('FCPATH\\index.php')
CRITICAL - 2024-04-02 01:42:22 --> Undefined property: stdClass::$id
in APPPATH\Controllers\Home.php on line 1458.
 1 APPPATH\Controllers\Home.php(1458): CodeIgniter\Debug\Exceptions->errorHandler(2, 'Undefined property: stdClass::$id', 'APPPATH\\Controllers\\Home.php', 1458)
 2 SYSTEMPATH\CodeIgniter.php(927): App\Controllers\Home->getPhoneDataById()
 3 SYSTEMPATH\CodeIgniter.php(482): CodeIgniter\CodeIgniter->runController(Object(App\Controllers\Home))
 4 SYSTEMPATH\CodeIgniter.php(351): CodeIgniter\CodeIgniter->handleRequest(null, Object(Config\Cache), false)
 5 FCPATH\index.php(87): CodeIgniter\CodeIgniter->run()
 6 SYSTEMPATH\Commands\Server\rewrite.php(46): require_once('FCPATH\\index.php')
CRITICAL - 2024-04-02 01:42:23 --> Undefined property: stdClass::$id
in APPPATH\Controllers\Home.php on line 1458.
 1 APPPATH\Controllers\Home.php(1458): CodeIgniter\Debug\Exceptions->errorHandler(2, 'Undefined property: stdClass::$id', 'APPPATH\\Controllers\\Home.php', 1458)
 2 SYSTEMPATH\CodeIgniter.php(927): App\Controllers\Home->getPhoneDataById()
 3 SYSTEMPATH\CodeIgniter.php(482): CodeIgniter\CodeIgniter->runController(Object(App\Controllers\Home))
 4 SYSTEMPATH\CodeIgniter.php(351): CodeIgniter\CodeIgniter->handleRequest(null, Object(Config\Cache), false)
 5 FCPATH\index.php(87): CodeIgniter\CodeIgniter->run()
 6 SYSTEMPATH\Commands\Server\rewrite.php(46): require_once('FCPATH\\index.php')
CRITICAL - 2024-04-02 01:42:25 --> Undefined property: stdClass::$id
in APPPATH\Controllers\Home.php on line 1458.
 1 APPPATH\Controllers\Home.php(1458): CodeIgniter\Debug\Exceptions->errorHandler(2, 'Undefined property: stdClass::$id', 'APPPATH\\Controllers\\Home.php', 1458)
 2 SYSTEMPATH\CodeIgniter.php(927): App\Controllers\Home->getPhoneDataById()
 3 SYSTEMPATH\CodeIgniter.php(482): CodeIgniter\CodeIgniter->runController(Object(App\Controllers\Home))
 4 SYSTEMPATH\CodeIgniter.php(351): CodeIgniter\CodeIgniter->handleRequest(null, Object(Config\Cache), false)
 5 FCPATH\index.php(87): CodeIgniter\CodeIgniter->run()
 6 SYSTEMPATH\Commands\Server\rewrite.php(46): require_once('FCPATH\\index.php')
CRITICAL - 2024-04-02 01:45:19 --> Undefined property: stdClass::$id
in APPPATH\Controllers\Home.php on line 1458.
 1 APPPATH\Controllers\Home.php(1458): CodeIgniter\Debug\Exceptions->errorHandler(2, 'Undefined property: stdClass::$id', 'APPPATH\\Controllers\\Home.php', 1458)
 2 SYSTEMPATH\CodeIgniter.php(927): App\Controllers\Home->getPhoneDataById()
 3 SYSTEMPATH\CodeIgniter.php(482): CodeIgniter\CodeIgniter->runController(Object(App\Controllers\Home))
 4 SYSTEMPATH\CodeIgniter.php(351): CodeIgniter\CodeIgniter->handleRequest(null, Object(Config\Cache), false)
 5 FCPATH\index.php(87): CodeIgniter\CodeIgniter->run()
 6 SYSTEMPATH\Commands\Server\rewrite.php(46): require_once('FCPATH\\index.php')
CRITICAL - 2024-04-02 01:46:01 --> Undefined property: stdClass::$id
in APPPATH\Controllers\Home.php on line 1458.
 1 APPPATH\Controllers\Home.php(1458): CodeIgniter\Debug\Exceptions->errorHandler(2, 'Undefined property: stdClass::$id', 'APPPATH\\Controllers\\Home.php', 1458)
 2 SYSTEMPATH\CodeIgniter.php(927): App\Controllers\Home->getPhoneDataById()
 3 SYSTEMPATH\CodeIgniter.php(482): CodeIgniter\CodeIgniter->runController(Object(App\Controllers\Home))
 4 SYSTEMPATH\CodeIgniter.php(351): CodeIgniter\CodeIgniter->handleRequest(null, Object(Config\Cache), false)
 5 FCPATH\index.php(87): CodeIgniter\CodeIgniter->run()
 6 SYSTEMPATH\Commands\Server\rewrite.php(46): require_once('FCPATH\\index.php')
CRITICAL - 2024-04-02 01:46:04 --> Undefined property: stdClass::$id
in APPPATH\Controllers\Home.php on line 1458.
 1 APPPATH\Controllers\Home.php(1458): CodeIgniter\Debug\Exceptions->errorHandler(2, 'Undefined property: stdClass::$id', 'APPPATH\\Controllers\\Home.php', 1458)
 2 SYSTEMPATH\CodeIgniter.php(927): App\Controllers\Home->getPhoneDataById()
 3 SYSTEMPATH\CodeIgniter.php(482): CodeIgniter\CodeIgniter->runController(Object(App\Controllers\Home))
 4 SYSTEMPATH\CodeIgniter.php(351): CodeIgniter\CodeIgniter->handleRequest(null, Object(Config\Cache), false)
 5 FCPATH\index.php(87): CodeIgniter\CodeIgniter->run()
 6 SYSTEMPATH\Commands\Server\rewrite.php(46): require_once('FCPATH\\index.php')
CRITICAL - 2024-04-02 01:46:05 --> Undefined property: stdClass::$id
in APPPATH\Controllers\Home.php on line 1458.
 1 APPPATH\Controllers\Home.php(1458): CodeIgniter\Debug\Exceptions->errorHandler(2, 'Undefined property: stdClass::$id', 'APPPATH\\Controllers\\Home.php', 1458)
 2 SYSTEMPATH\CodeIgniter.php(927): App\Controllers\Home->getPhoneDataById()
 3 SYSTEMPATH\CodeIgniter.php(482): CodeIgniter\CodeIgniter->runController(Object(App\Controllers\Home))
 4 SYSTEMPATH\CodeIgniter.php(351): CodeIgniter\CodeIgniter->handleRequest(null, Object(Config\Cache), false)
 5 FCPATH\index.php(87): CodeIgniter\CodeIgniter->run()
 6 SYSTEMPATH\Commands\Server\rewrite.php(46): require_once('FCPATH\\index.php')
CRITICAL - 2024-04-02 01:47:20 --> Undefined array key "phone_fk_id"
in APPPATH\Views\admin\sg_5gsimcard.php on line 304.
 1 APPPATH\Views\admin\sg_5gsimcard.php(304): CodeIgniter\Debug\Exceptions->errorHandler(2, 'Undefined array key "phone_fk_id"', 'APPPATH\\Views\\admin\\sg_5gsimcard.php', 304)
 2 SYSTEMPATH\View\View.php(213): include('APPPATH\\Views\\admin\\sg_5gsimcard.php')
 3 SYSTEMPATH\View\View.php(216): CodeIgniter\View\View->CodeIgniter\View\{closure}()
 4 SYSTEMPATH\Common.php(1134): CodeIgniter\View\View->render('admin/sg_5gsimcard', [], true)
 5 APPPATH\Controllers\Home.php(1453): view('admin/sg_5gsimcard', [...])
 6 SYSTEMPATH\CodeIgniter.php(927): App\Controllers\Home->fiveGsimcard_list()
 7 SYSTEMPATH\CodeIgniter.php(482): CodeIgniter\CodeIgniter->runController(Object(App\Controllers\Home))
 8 SYSTEMPATH\CodeIgniter.php(351): CodeIgniter\CodeIgniter->handleRequest(null, Object(Config\Cache), false)
 9 FCPATH\index.php(87): CodeIgniter\CodeIgniter->run()
10 SYSTEMPATH\Commands\Server\rewrite.php(46): require_once('FCPATH\\index.php')
CRITICAL - 2024-04-02 01:49:14 --> Undefined property: stdClass::$id
in APPPATH\Controllers\Home.php on line 1458.
 1 APPPATH\Controllers\Home.php(1458): CodeIgniter\Debug\Exceptions->errorHandler(2, 'Undefined property: stdClass::$id', 'APPPATH\\Controllers\\Home.php', 1458)
 2 SYSTEMPATH\CodeIgniter.php(927): App\Controllers\Home->getPhoneDataById()
 3 SYSTEMPATH\CodeIgniter.php(482): CodeIgniter\CodeIgniter->runController(Object(App\Controllers\Home))
 4 SYSTEMPATH\CodeIgniter.php(351): CodeIgniter\CodeIgniter->handleRequest(null, Object(Config\Cache), false)
 5 FCPATH\index.php(87): CodeIgniter\CodeIgniter->run()
 6 SYSTEMPATH\Commands\Server\rewrite.php(46): require_once('FCPATH\\index.php')
CRITICAL - 2024-04-02 03:05:00 --> Undefined array key "agent_name"
in APPPATH\Views\admin\sg_5gsimcard.php on line 322.
 1 APPPATH\Views\admin\sg_5gsimcard.php(322): CodeIgniter\Debug\Exceptions->errorHandler(2, 'Undefined array key "agent_name"', 'APPPATH\\Views\\admin\\sg_5gsimcard.php', 322)
 2 SYSTEMPATH\View\View.php(213): include('APPPATH\\Views\\admin\\sg_5gsimcard.php')
 3 SYSTEMPATH\View\View.php(216): CodeIgniter\View\View->CodeIgniter\View\{closure}()
 4 SYSTEMPATH\Common.php(1134): CodeIgniter\View\View->render('admin/sg_5gsimcard', [], true)
 5 APPPATH\Controllers\Home.php(1453): view('admin/sg_5gsimcard', [...])
 6 SYSTEMPATH\CodeIgniter.php(927): App\Controllers\Home->fiveGsimcard_list()
 7 SYSTEMPATH\CodeIgniter.php(482): CodeIgniter\CodeIgniter->runController(Object(App\Controllers\Home))
 8 SYSTEMPATH\CodeIgniter.php(351): CodeIgniter\CodeIgniter->handleRequest(null, Object(Config\Cache), false)
 9 FCPATH\index.php(87): CodeIgniter\CodeIgniter->run()
10 SYSTEMPATH\Commands\Server\rewrite.php(46): require_once('FCPATH\\index.php')
CRITICAL - 2024-04-02 20:49:58 --> Undefined array key "monitor_equip_id"
in APPPATH\Views\admin\agent_monitor.php on line 313.
 1 APPPATH\Views\admin\agent_monitor.php(313): CodeIgniter\Debug\Exceptions->errorHandler(2, 'Undefined array key "monitor_equip_id"', 'APPPATH\\Views\\admin\\agent_monitor.php', 313)
 2 SYSTEMPATH\View\View.php(213): include('APPPATH\\Views\\admin\\agent_monitor.php')
 3 SYSTEMPATH\View\View.php(216): CodeIgniter\View\View->CodeIgniter\View\{closure}()
 4 SYSTEMPATH\Common.php(1134): CodeIgniter\View\View->render('admin/agent_monitor', [], true)
 5 APPPATH\Controllers\Home.php(991): view('admin/agent_monitor', [...])
 6 SYSTEMPATH\CodeIgniter.php(927): App\Controllers\Home->agent_monitor()
 7 SYSTEMPATH\CodeIgniter.php(482): CodeIgniter\CodeIgniter->runController(Object(App\Controllers\Home))
 8 SYSTEMPATH\CodeIgniter.php(351): CodeIgniter\CodeIgniter->handleRequest(null, Object(Config\Cache), false)
 9 FCPATH\index.php(87): CodeIgniter\CodeIgniter->run()
10 SYSTEMPATH\Commands\Server\rewrite.php(46): require_once('FCPATH\\index.php')
CRITICAL - 2024-04-02 22:15:28 --> Undefined variable $new
in APPPATH\Views\admin\agent_monitor.php on line 281.
 1 APPPATH\Views\admin\agent_monitor.php(281): CodeIgniter\Debug\Exceptions->errorHandler(2, 'Undefined variable $new', 'APPPATH\\Views\\admin\\agent_monitor.php', 281)
 2 SYSTEMPATH\View\View.php(213): include('APPPATH\\Views\\admin\\agent_monitor.php')
 3 SYSTEMPATH\View\View.php(216): CodeIgniter\View\View->CodeIgniter\View\{closure}()
 4 SYSTEMPATH\Common.php(1134): CodeIgniter\View\View->render('admin/agent_monitor', [], true)
 5 APPPATH\Controllers\Home.php(991): view('admin/agent_monitor', [...])
 6 SYSTEMPATH\CodeIgniter.php(927): App\Controllers\Home->agent_monitor()
 7 SYSTEMPATH\CodeIgniter.php(482): CodeIgniter\CodeIgniter->runController(Object(App\Controllers\Home))
 8 SYSTEMPATH\CodeIgniter.php(351): CodeIgniter\CodeIgniter->handleRequest(null, Object(Config\Cache), false)
 9 FCPATH\index.php(87): CodeIgniter\CodeIgniter->run()
10 SYSTEMPATH\Commands\Server\rewrite.php(46): require_once('FCPATH\\index.php')
CRITICAL - 2024-04-02 22:15:33 --> Undefined variable $new
in APPPATH\Views\admin\agent_monitor.php on line 281.
 1 APPPATH\Views\admin\agent_monitor.php(281): CodeIgniter\Debug\Exceptions->errorHandler(2, 'Undefined variable $new', 'APPPATH\\Views\\admin\\agent_monitor.php', 281)
 2 SYSTEMPATH\View\View.php(213): include('APPPATH\\Views\\admin\\agent_monitor.php')
 3 SYSTEMPATH\View\View.php(216): CodeIgniter\View\View->CodeIgniter\View\{closure}()
 4 SYSTEMPATH\Common.php(1134): CodeIgniter\View\View->render('admin/agent_monitor', [], true)
 5 APPPATH\Controllers\Home.php(991): view('admin/agent_monitor', [...])
 6 SYSTEMPATH\CodeIgniter.php(927): App\Controllers\Home->agent_monitor()
 7 SYSTEMPATH\CodeIgniter.php(482): CodeIgniter\CodeIgniter->runController(Object(App\Controllers\Home))
 8 SYSTEMPATH\CodeIgniter.php(351): CodeIgniter\CodeIgniter->handleRequest(null, Object(Config\Cache), false)
 9 FCPATH\index.php(87): CodeIgniter\CodeIgniter->run()
10 SYSTEMPATH\Commands\Server\rewrite.php(46): require_once('FCPATH\\index.php')
CRITICAL - 2024-04-02 22:15:33 --> Undefined variable $new
in APPPATH\Views\admin\agent_monitor.php on line 281.
 1 APPPATH\Views\admin\agent_monitor.php(281): CodeIgniter\Debug\Exceptions->errorHandler(2, 'Undefined variable $new', 'APPPATH\\Views\\admin\\agent_monitor.php', 281)
 2 SYSTEMPATH\View\View.php(213): include('APPPATH\\Views\\admin\\agent_monitor.php')
 3 SYSTEMPATH\View\View.php(216): CodeIgniter\View\View->CodeIgniter\View\{closure}()
 4 SYSTEMPATH\Common.php(1134): CodeIgniter\View\View->render('admin/agent_monitor', [], true)
 5 APPPATH\Controllers\Home.php(991): view('admin/agent_monitor', [...])
 6 SYSTEMPATH\CodeIgniter.php(927): App\Controllers\Home->agent_monitor()
 7 SYSTEMPATH\CodeIgniter.php(482): CodeIgniter\CodeIgniter->runController(Object(App\Controllers\Home))
 8 SYSTEMPATH\CodeIgniter.php(351): CodeIgniter\CodeIgniter->handleRequest(null, Object(Config\Cache), false)
 9 FCPATH\index.php(87): CodeIgniter\CodeIgniter->run()
10 SYSTEMPATH\Commands\Server\rewrite.php(46): require_once('FCPATH\\index.php')
CRITICAL - 2024-04-02 22:15:34 --> Undefined variable $new
in APPPATH\Views\admin\agent_monitor.php on line 281.
 1 APPPATH\Views\admin\agent_monitor.php(281): CodeIgniter\Debug\Exceptions->errorHandler(2, 'Undefined variable $new', 'APPPATH\\Views\\admin\\agent_monitor.php', 281)
 2 SYSTEMPATH\View\View.php(213): include('APPPATH\\Views\\admin\\agent_monitor.php')
 3 SYSTEMPATH\View\View.php(216): CodeIgniter\View\View->CodeIgniter\View\{closure}()
 4 SYSTEMPATH\Common.php(1134): CodeIgniter\View\View->render('admin/agent_monitor', [], true)
 5 APPPATH\Controllers\Home.php(991): view('admin/agent_monitor', [...])
 6 SYSTEMPATH\CodeIgniter.php(927): App\Controllers\Home->agent_monitor()
 7 SYSTEMPATH\CodeIgniter.php(482): CodeIgniter\CodeIgniter->runController(Object(App\Controllers\Home))
 8 SYSTEMPATH\CodeIgniter.php(351): CodeIgniter\CodeIgniter->handleRequest(null, Object(Config\Cache), false)
 9 FCPATH\index.php(87): CodeIgniter\CodeIgniter->run()
10 SYSTEMPATH\Commands\Server\rewrite.php(46): require_once('FCPATH\\index.php')
CRITICAL - 2024-04-02 22:15:35 --> Undefined variable $new
in APPPATH\Views\admin\agent_monitor.php on line 281.
 1 APPPATH\Views\admin\agent_monitor.php(281): CodeIgniter\Debug\Exceptions->errorHandler(2, 'Undefined variable $new', 'APPPATH\\Views\\admin\\agent_monitor.php', 281)
 2 SYSTEMPATH\View\View.php(213): include('APPPATH\\Views\\admin\\agent_monitor.php')
 3 SYSTEMPATH\View\View.php(216): CodeIgniter\View\View->CodeIgniter\View\{closure}()
 4 SYSTEMPATH\Common.php(1134): CodeIgniter\View\View->render('admin/agent_monitor', [], true)
 5 APPPATH\Controllers\Home.php(991): view('admin/agent_monitor', [...])
 6 SYSTEMPATH\CodeIgniter.php(927): App\Controllers\Home->agent_monitor()
 7 SYSTEMPATH\CodeIgniter.php(482): CodeIgniter\CodeIgniter->runController(Object(App\Controllers\Home))
 8 SYSTEMPATH\CodeIgniter.php(351): CodeIgniter\CodeIgniter->handleRequest(null, Object(Config\Cache), false)
 9 FCPATH\index.php(87): CodeIgniter\CodeIgniter->run()
10 SYSTEMPATH\Commands\Server\rewrite.php(46): require_once('FCPATH\\index.php')
CRITICAL - 2024-04-02 22:15:36 --> Undefined variable $new
in APPPATH\Views\admin\agent_monitor.php on line 281.
 1 APPPATH\Views\admin\agent_monitor.php(281): CodeIgniter\Debug\Exceptions->errorHandler(2, 'Undefined variable $new', 'APPPATH\\Views\\admin\\agent_monitor.php', 281)
 2 SYSTEMPATH\View\View.php(213): include('APPPATH\\Views\\admin\\agent_monitor.php')
 3 SYSTEMPATH\View\View.php(216): CodeIgniter\View\View->CodeIgniter\View\{closure}()
 4 SYSTEMPATH\Common.php(1134): CodeIgniter\View\View->render('admin/agent_monitor', [], true)
 5 APPPATH\Controllers\Home.php(991): view('admin/agent_monitor', [...])
 6 SYSTEMPATH\CodeIgniter.php(927): App\Controllers\Home->agent_monitor()
 7 SYSTEMPATH\CodeIgniter.php(482): CodeIgniter\CodeIgniter->runController(Object(App\Controllers\Home))
 8 SYSTEMPATH\CodeIgniter.php(351): CodeIgniter\CodeIgniter->handleRequest(null, Object(Config\Cache), false)
 9 FCPATH\index.php(87): CodeIgniter\CodeIgniter->run()
10 SYSTEMPATH\Commands\Server\rewrite.php(46): require_once('FCPATH\\index.php')
CRITICAL - 2024-04-02 22:15:57 --> Undefined variable $new
in APPPATH\Views\admin\agent_monitor.php on line 281.
 1 APPPATH\Views\admin\agent_monitor.php(281): CodeIgniter\Debug\Exceptions->errorHandler(2, 'Undefined variable $new', 'APPPATH\\Views\\admin\\agent_monitor.php', 281)
 2 SYSTEMPATH\View\View.php(213): include('APPPATH\\Views\\admin\\agent_monitor.php')
 3 SYSTEMPATH\View\View.php(216): CodeIgniter\View\View->CodeIgniter\View\{closure}()
 4 SYSTEMPATH\Common.php(1134): CodeIgniter\View\View->render('admin/agent_monitor', [], true)
 5 APPPATH\Controllers\Home.php(991): view('admin/agent_monitor', [...])
 6 SYSTEMPATH\CodeIgniter.php(927): App\Controllers\Home->agent_monitor()
 7 SYSTEMPATH\CodeIgniter.php(482): CodeIgniter\CodeIgniter->runController(Object(App\Controllers\Home))
 8 SYSTEMPATH\CodeIgniter.php(351): CodeIgniter\CodeIgniter->handleRequest(null, Object(Config\Cache), false)
 9 FCPATH\index.php(87): CodeIgniter\CodeIgniter->run()
10 SYSTEMPATH\Commands\Server\rewrite.php(46): require_once('FCPATH\\index.php')
CRITICAL - 2024-04-02 22:16:13 --> Undefined variable $new
in APPPATH\Views\admin\agent_monitor.php on line 282.
 1 APPPATH\Views\admin\agent_monitor.php(282): CodeIgniter\Debug\Exceptions->errorHandler(2, 'Undefined variable $new', 'APPPATH\\Views\\admin\\agent_monitor.php', 282)
 2 SYSTEMPATH\View\View.php(213): include('APPPATH\\Views\\admin\\agent_monitor.php')
 3 SYSTEMPATH\View\View.php(216): CodeIgniter\View\View->CodeIgniter\View\{closure}()
 4 SYSTEMPATH\Common.php(1134): CodeIgniter\View\View->render('admin/agent_monitor', [], true)
 5 APPPATH\Controllers\Home.php(991): view('admin/agent_monitor', [...])
 6 SYSTEMPATH\CodeIgniter.php(927): App\Controllers\Home->agent_monitor()
 7 SYSTEMPATH\CodeIgniter.php(482): CodeIgniter\CodeIgniter->runController(Object(App\Controllers\Home))
 8 SYSTEMPATH\CodeIgniter.php(351): CodeIgniter\CodeIgniter->handleRequest(null, Object(Config\Cache), false)
 9 FCPATH\index.php(87): CodeIgniter\CodeIgniter->run()
10 SYSTEMPATH\Commands\Server\rewrite.php(46): require_once('FCPATH\\index.php')
CRITICAL - 2024-04-02 22:16:23 --> Undefined variable $new
in APPPATH\Views\admin\agent_monitor.php on line 285.
 1 APPPATH\Views\admin\agent_monitor.php(285): CodeIgniter\Debug\Exceptions->errorHandler(2, 'Undefined variable $new', 'APPPATH\\Views\\admin\\agent_monitor.php', 285)
 2 SYSTEMPATH\View\View.php(213): include('APPPATH\\Views\\admin\\agent_monitor.php')
 3 SYSTEMPATH\View\View.php(216): CodeIgniter\View\View->CodeIgniter\View\{closure}()
 4 SYSTEMPATH\Common.php(1134): CodeIgniter\View\View->render('admin/agent_monitor', [], true)
 5 APPPATH\Controllers\Home.php(991): view('admin/agent_monitor', [...])
 6 SYSTEMPATH\CodeIgniter.php(927): App\Controllers\Home->agent_monitor()
 7 SYSTEMPATH\CodeIgniter.php(482): CodeIgniter\CodeIgniter->runController(Object(App\Controllers\Home))
 8 SYSTEMPATH\CodeIgniter.php(351): CodeIgniter\CodeIgniter->handleRequest(null, Object(Config\Cache), false)
 9 FCPATH\index.php(87): CodeIgniter\CodeIgniter->run()
10 SYSTEMPATH\Commands\Server\rewrite.php(46): require_once('FCPATH\\index.php')
CRITICAL - 2024-04-02 22:16:34 --> Undefined variable $new
in APPPATH\Views\admin\agent_monitor.php on line 306.
 1 APPPATH\Views\admin\agent_monitor.php(306): CodeIgniter\Debug\Exceptions->errorHandler(2, 'Undefined variable $new', 'APPPATH\\Views\\admin\\agent_monitor.php', 306)
 2 SYSTEMPATH\View\View.php(213): include('APPPATH\\Views\\admin\\agent_monitor.php')
 3 SYSTEMPATH\View\View.php(216): CodeIgniter\View\View->CodeIgniter\View\{closure}()
 4 SYSTEMPATH\Common.php(1134): CodeIgniter\View\View->render('admin/agent_monitor', [], true)
 5 APPPATH\Controllers\Home.php(991): view('admin/agent_monitor', [...])
 6 SYSTEMPATH\CodeIgniter.php(927): App\Controllers\Home->agent_monitor()
 7 SYSTEMPATH\CodeIgniter.php(482): CodeIgniter\CodeIgniter->runController(Object(App\Controllers\Home))
 8 SYSTEMPATH\CodeIgniter.php(351): CodeIgniter\CodeIgniter->handleRequest(null, Object(Config\Cache), false)
 9 FCPATH\index.php(87): CodeIgniter\CodeIgniter->run()
10 SYSTEMPATH\Commands\Server\rewrite.php(46): require_once('FCPATH\\index.php')
CRITICAL - 2024-04-02 22:16:46 --> Undefined variable $new
in APPPATH\Views\admin\agent_monitor.php on line 306.
 1 APPPATH\Views\admin\agent_monitor.php(306): CodeIgniter\Debug\Exceptions->errorHandler(2, 'Undefined variable $new', 'APPPATH\\Views\\admin\\agent_monitor.php', 306)
 2 SYSTEMPATH\View\View.php(213): include('APPPATH\\Views\\admin\\agent_monitor.php')
 3 SYSTEMPATH\View\View.php(216): CodeIgniter\View\View->CodeIgniter\View\{closure}()
 4 SYSTEMPATH\Common.php(1134): CodeIgniter\View\View->render('admin/agent_monitor', [], true)
 5 APPPATH\Controllers\Home.php(991): view('admin/agent_monitor', [...])
 6 SYSTEMPATH\CodeIgniter.php(927): App\Controllers\Home->agent_monitor()
 7 SYSTEMPATH\CodeIgniter.php(482): CodeIgniter\CodeIgniter->runController(Object(App\Controllers\Home))
 8 SYSTEMPATH\CodeIgniter.php(351): CodeIgniter\CodeIgniter->handleRequest(null, Object(Config\Cache), false)
 9 FCPATH\index.php(87): CodeIgniter\CodeIgniter->run()
10 SYSTEMPATH\Commands\Server\rewrite.php(46): require_once('FCPATH\\index.php')
CRITICAL - 2024-04-02 22:16:54 --> Undefined variable $new
in APPPATH\Views\admin\agent_monitor.php on line 326.
 1 APPPATH\Views\admin\agent_monitor.php(326): CodeIgniter\Debug\Exceptions->errorHandler(2, 'Undefined variable $new', 'APPPATH\\Views\\admin\\agent_monitor.php', 326)
 2 SYSTEMPATH\View\View.php(213): include('APPPATH\\Views\\admin\\agent_monitor.php')
 3 SYSTEMPATH\View\View.php(216): CodeIgniter\View\View->CodeIgniter\View\{closure}()
 4 SYSTEMPATH\Common.php(1134): CodeIgniter\View\View->render('admin/agent_monitor', [], true)
 5 APPPATH\Controllers\Home.php(991): view('admin/agent_monitor', [...])
 6 SYSTEMPATH\CodeIgniter.php(927): App\Controllers\Home->agent_monitor()
 7 SYSTEMPATH\CodeIgniter.php(482): CodeIgniter\CodeIgniter->runController(Object(App\Controllers\Home))
 8 SYSTEMPATH\CodeIgniter.php(351): CodeIgniter\CodeIgniter->handleRequest(null, Object(Config\Cache), false)
 9 FCPATH\index.php(87): CodeIgniter\CodeIgniter->run()
10 SYSTEMPATH\Commands\Server\rewrite.php(46): require_once('FCPATH\\index.php')
CRITICAL - 2024-04-02 22:17:39 --> Undefined variable $new
in APPPATH\Views\admin\agent_monitor.php on line 306.
 1 APPPATH\Views\admin\agent_monitor.php(306): CodeIgniter\Debug\Exceptions->errorHandler(2, 'Undefined variable $new', 'APPPATH\\Views\\admin\\agent_monitor.php', 306)
 2 SYSTEMPATH\View\View.php(213): include('APPPATH\\Views\\admin\\agent_monitor.php')
 3 SYSTEMPATH\View\View.php(216): CodeIgniter\View\View->CodeIgniter\View\{closure}()
 4 SYSTEMPATH\Common.php(1134): CodeIgniter\View\View->render('admin/agent_monitor', [], true)
 5 APPPATH\Controllers\Home.php(991): view('admin/agent_monitor', [...])
 6 SYSTEMPATH\CodeIgniter.php(927): App\Controllers\Home->agent_monitor()
 7 SYSTEMPATH\CodeIgniter.php(482): CodeIgniter\CodeIgniter->runController(Object(App\Controllers\Home))
 8 SYSTEMPATH\CodeIgniter.php(351): CodeIgniter\CodeIgniter->handleRequest(null, Object(Config\Cache), false)
 9 FCPATH\index.php(87): CodeIgniter\CodeIgniter->run()
10 SYSTEMPATH\Commands\Server\rewrite.php(46): require_once('FCPATH\\index.php')
CRITICAL - 2024-04-02 22:19:48 --> Undefined variable $new
in APPPATH\Views\admin\agent_monitor.php on line 288.
 1 APPPATH\Views\admin\agent_monitor.php(288): CodeIgniter\Debug\Exceptions->errorHandler(2, 'Undefined variable $new', 'APPPATH\\Views\\admin\\agent_monitor.php', 288)
 2 SYSTEMPATH\View\View.php(213): include('APPPATH\\Views\\admin\\agent_monitor.php')
 3 SYSTEMPATH\View\View.php(216): CodeIgniter\View\View->CodeIgniter\View\{closure}()
 4 SYSTEMPATH\Common.php(1134): CodeIgniter\View\View->render('admin/agent_monitor', [], true)
 5 APPPATH\Controllers\Home.php(991): view('admin/agent_monitor', [...])
 6 SYSTEMPATH\CodeIgniter.php(927): App\Controllers\Home->agent_monitor()
 7 SYSTEMPATH\CodeIgniter.php(482): CodeIgniter\CodeIgniter->runController(Object(App\Controllers\Home))
 8 SYSTEMPATH\CodeIgniter.php(351): CodeIgniter\CodeIgniter->handleRequest(null, Object(Config\Cache), false)
 9 FCPATH\index.php(87): CodeIgniter\CodeIgniter->run()
10 SYSTEMPATH\Commands\Server\rewrite.php(46): require_once('FCPATH\\index.php')
CRITICAL - 2024-04-02 22:21:03 --> Undefined variable $new
in APPPATH\Views\admin\agent_monitor.php on line 281.
 1 APPPATH\Views\admin\agent_monitor.php(281): CodeIgniter\Debug\Exceptions->errorHandler(2, 'Undefined variable $new', 'APPPATH\\Views\\admin\\agent_monitor.php', 281)
 2 SYSTEMPATH\View\View.php(213): include('APPPATH\\Views\\admin\\agent_monitor.php')
 3 SYSTEMPATH\View\View.php(216): CodeIgniter\View\View->CodeIgniter\View\{closure}()
 4 SYSTEMPATH\Common.php(1134): CodeIgniter\View\View->render('admin/agent_monitor', [], true)
 5 APPPATH\Controllers\Home.php(991): view('admin/agent_monitor', [...])
 6 SYSTEMPATH\CodeIgniter.php(927): App\Controllers\Home->agent_monitor()
 7 SYSTEMPATH\CodeIgniter.php(482): CodeIgniter\CodeIgniter->runController(Object(App\Controllers\Home))
 8 SYSTEMPATH\CodeIgniter.php(351): CodeIgniter\CodeIgniter->handleRequest(null, Object(Config\Cache), false)
 9 FCPATH\index.php(87): CodeIgniter\CodeIgniter->run()
10 SYSTEMPATH\Commands\Server\rewrite.php(46): require_once('FCPATH\\index.php')
CRITICAL - 2024-04-02 22:21:54 --> Undefined variable $new
in APPPATH\Views\admin\agent_monitor.php on line 281.
 1 APPPATH\Views\admin\agent_monitor.php(281): CodeIgniter\Debug\Exceptions->errorHandler(2, 'Undefined variable $new', 'APPPATH\\Views\\admin\\agent_monitor.php', 281)
 2 SYSTEMPATH\View\View.php(213): include('APPPATH\\Views\\admin\\agent_monitor.php')
 3 SYSTEMPATH\View\View.php(216): CodeIgniter\View\View->CodeIgniter\View\{closure}()
 4 SYSTEMPATH\Common.php(1134): CodeIgniter\View\View->render('admin/agent_monitor', [], true)
 5 APPPATH\Controllers\Home.php(991): view('admin/agent_monitor', [...])
 6 SYSTEMPATH\CodeIgniter.php(927): App\Controllers\Home->agent_monitor()
 7 SYSTEMPATH\CodeIgniter.php(482): CodeIgniter\CodeIgniter->runController(Object(App\Controllers\Home))
 8 SYSTEMPATH\CodeIgniter.php(351): CodeIgniter\CodeIgniter->handleRequest(null, Object(Config\Cache), false)
 9 FCPATH\index.php(87): CodeIgniter\CodeIgniter->run()
10 SYSTEMPATH\Commands\Server\rewrite.php(46): require_once('FCPATH\\index.php')
CRITICAL - 2024-04-02 22:49:42 --> Undefined variable $simcard
in APPPATH\Views\admin\agent_monitor.php on line 209.
 1 APPPATH\Views\admin\agent_monitor.php(209): CodeIgniter\Debug\Exceptions->errorHandler(2, 'Undefined variable $simcard', 'APPPATH\\Views\\admin\\agent_monitor.php', 209)
 2 SYSTEMPATH\View\View.php(213): include('APPPATH\\Views\\admin\\agent_monitor.php')
 3 SYSTEMPATH\View\View.php(216): CodeIgniter\View\View->CodeIgniter\View\{closure}()
 4 SYSTEMPATH\Common.php(1134): CodeIgniter\View\View->render('admin/agent_monitor', [], true)
 5 APPPATH\Controllers\Home.php(991): view('admin/agent_monitor', [...])
 6 SYSTEMPATH\CodeIgniter.php(927): App\Controllers\Home->agent_monitor()
 7 SYSTEMPATH\CodeIgniter.php(482): CodeIgniter\CodeIgniter->runController(Object(App\Controllers\Home))
 8 SYSTEMPATH\CodeIgniter.php(351): CodeIgniter\CodeIgniter->handleRequest(null, Object(Config\Cache), false)
 9 FCPATH\index.php(87): CodeIgniter\CodeIgniter->run()
10 SYSTEMPATH\Commands\Server\rewrite.php(46): require_once('FCPATH\\index.php')
CRITICAL - 2024-04-02 22:53:29 --> Undefined array key "phone_equip_id"
in APPPATH\Views\admin\sg_5gsimcard.php on line 207.
 1 APPPATH\Views\admin\sg_5gsimcard.php(207): CodeIgniter\Debug\Exceptions->errorHandler(2, 'Undefined array key "phone_equip_id"', 'APPPATH\\Views\\admin\\sg_5gsimcard.php', 207)
 2 SYSTEMPATH\View\View.php(213): include('APPPATH\\Views\\admin\\sg_5gsimcard.php')
 3 SYSTEMPATH\View\View.php(216): CodeIgniter\View\View->CodeIgniter\View\{closure}()
 4 SYSTEMPATH\Common.php(1134): CodeIgniter\View\View->render('admin/sg_5gsimcard', [], true)
 5 APPPATH\Controllers\Home.php(1453): view('admin/sg_5gsimcard', [...])
 6 SYSTEMPATH\CodeIgniter.php(927): App\Controllers\Home->fiveGsimcard_list()
 7 SYSTEMPATH\CodeIgniter.php(482): CodeIgniter\CodeIgniter->runController(Object(App\Controllers\Home))
 8 SYSTEMPATH\CodeIgniter.php(351): CodeIgniter\CodeIgniter->handleRequest(null, Object(Config\Cache), false)
 9 FCPATH\index.php(87): CodeIgniter\CodeIgniter->run()
10 SYSTEMPATH\Commands\Server\rewrite.php(46): require_once('FCPATH\\index.php')
