CRITICAL - 2024-04-10 20:34:06 --> Call to a member function isValid() on array
in APPPATH\Controllers\Home.php on line 2722.
 1 SYSTEMPATH\CodeIgniter.php(927): App\Controllers\Home->fileUpload()
 2 SYSTEMPATH\CodeIgniter.php(482): CodeIgniter\CodeIgniter->runController(Object(App\Controllers\Home))
 3 SYSTEMPATH\CodeIgniter.php(351): CodeIgniter\CodeIgniter->handleRequest(null, Object(Config\Cache), false)
 4 FCPATH\index.php(87): CodeIgniter\CodeIgniter->run()
 5 SYSTEMPATH\Commands\Server\rewrite.php(46): require_once('FCPATH\\index.php')
CRITICAL - 2024-04-10 20:35:18 --> Call to a member function isValid() on array
in APPPATH\Controllers\Home.php on line 2723.
 1 SYSTEMPATH\CodeIgniter.php(927): App\Controllers\Home->fileUpload()
 2 SYSTEMPATH\CodeIgniter.php(482): CodeIgniter\CodeIgniter->runController(Object(App\Controllers\Home))
 3 SYSTEMPATH\CodeIgniter.php(351): CodeIgniter\CodeIgniter->handleRequest(null, Object(Config\Cache), false)
 4 FCPATH\index.php(87): CodeIgniter\CodeIgniter->run()
 5 SYSTEMPATH\Commands\Server\rewrite.php(46): require_once('FCPATH\\index.php')
CRITICAL - 2024-04-10 20:36:28 --> Undefined array key "name"
in APPPATH\Controllers\Home.php on line 2721.
 1 APPPATH\Controllers\Home.php(2721): CodeIgniter\Debug\Exceptions->errorHandler(2, 'Undefined array key "name"', 'APPPATH\\Controllers\\Home.php', 2721)
 2 SYSTEMPATH\CodeIgniter.php(927): App\Controllers\Home->fileUpload()
 3 SYSTEMPATH\CodeIgniter.php(482): CodeIgniter\CodeIgniter->runController(Object(App\Controllers\Home))
 4 SYSTEMPATH\CodeIgniter.php(351): CodeIgniter\CodeIgniter->handleRequest(null, Object(Config\Cache), false)
 5 FCPATH\index.php(87): CodeIgniter\CodeIgniter->run()
 6 SYSTEMPATH\Commands\Server\rewrite.php(46): require_once('FCPATH\\index.php')
CRITICAL - 2024-04-10 20:36:47 --> Call to a member function isValid() on array
in APPPATH\Controllers\Home.php on line 2723.
 1 SYSTEMPATH\CodeIgniter.php(927): App\Controllers\Home->fileUpload()
 2 SYSTEMPATH\CodeIgniter.php(482): CodeIgniter\CodeIgniter->runController(Object(App\Controllers\Home))
 3 SYSTEMPATH\CodeIgniter.php(351): CodeIgniter\CodeIgniter->handleRequest(null, Object(Config\Cache), false)
 4 FCPATH\index.php(87): CodeIgniter\CodeIgniter->run()
 5 SYSTEMPATH\Commands\Server\rewrite.php(46): require_once('FCPATH\\index.php')
CRITICAL - 2024-04-10 20:42:19 --> Undefined variable $agent
in APPPATH\Views\admin\agent_files.php on line 434.
 1 APPPATH\Views\admin\agent_files.php(434): CodeIgniter\Debug\Exceptions->errorHandler(2, 'Undefined variable $agent', 'APPPATH\\Views\\admin\\agent_files.php', 434)
 2 SYSTEMPATH\View\View.php(213): include('APPPATH\\Views\\admin\\agent_files.php')
 3 SYSTEMPATH\View\View.php(216): CodeIgniter\View\View->CodeIgniter\View\{closure}()
 4 SYSTEMPATH\Common.php(1134): CodeIgniter\View\View->render('admin/agent_files', [], true)
 5 APPPATH\Controllers\Home.php(2774): view('admin/agent_files', [...])
 6 SYSTEMPATH\CodeIgniter.php(927): App\Controllers\Home->fileUpload()
 7 SYSTEMPATH\CodeIgniter.php(482): CodeIgniter\CodeIgniter->runController(Object(App\Controllers\Home))
 8 SYSTEMPATH\CodeIgniter.php(351): CodeIgniter\CodeIgniter->handleRequest(null, Object(Config\Cache), false)
 9 FCPATH\index.php(87): CodeIgniter\CodeIgniter->run()
10 SYSTEMPATH\Commands\Server\rewrite.php(46): require_once('FCPATH\\index.php')
CRITICAL - 2024-04-10 20:43:05 --> Undefined variable $agent
in APPPATH\Views\admin\agent_files.php on line 434.
 1 APPPATH\Views\admin\agent_files.php(434): CodeIgniter\Debug\Exceptions->errorHandler(2, 'Undefined variable $agent', 'APPPATH\\Views\\admin\\agent_files.php', 434)
 2 SYSTEMPATH\View\View.php(213): include('APPPATH\\Views\\admin\\agent_files.php')
 3 SYSTEMPATH\View\View.php(216): CodeIgniter\View\View->CodeIgniter\View\{closure}()
 4 SYSTEMPATH\Common.php(1134): CodeIgniter\View\View->render('admin/agent_files', [], true)
 5 APPPATH\Controllers\Home.php(2774): view('admin/agent_files', [...])
 6 SYSTEMPATH\CodeIgniter.php(927): App\Controllers\Home->fileUpload()
 7 SYSTEMPATH\CodeIgniter.php(482): CodeIgniter\CodeIgniter->runController(Object(App\Controllers\Home))
 8 SYSTEMPATH\CodeIgniter.php(351): CodeIgniter\CodeIgniter->handleRequest(null, Object(Config\Cache), false)
 9 FCPATH\index.php(87): CodeIgniter\CodeIgniter->run()
10 SYSTEMPATH\Commands\Server\rewrite.php(46): require_once('FCPATH\\index.php')
CRITICAL - 2024-04-10 20:44:56 --> Undefined variable $agent
in APPPATH\Views\admin\agent_files.php on line 434.
 1 APPPATH\Views\admin\agent_files.php(434): CodeIgniter\Debug\Exceptions->errorHandler(2, 'Undefined variable $agent', 'APPPATH\\Views\\admin\\agent_files.php', 434)
 2 SYSTEMPATH\View\View.php(213): include('APPPATH\\Views\\admin\\agent_files.php')
 3 SYSTEMPATH\View\View.php(216): CodeIgniter\View\View->CodeIgniter\View\{closure}()
 4 SYSTEMPATH\Common.php(1134): CodeIgniter\View\View->render('admin/agent_files', [], true)
 5 APPPATH\Controllers\Home.php(2776): view('admin/agent_files', [...])
 6 SYSTEMPATH\CodeIgniter.php(927): App\Controllers\Home->fileUpload()
 7 SYSTEMPATH\CodeIgniter.php(482): CodeIgniter\CodeIgniter->runController(Object(App\Controllers\Home))
 8 SYSTEMPATH\CodeIgniter.php(351): CodeIgniter\CodeIgniter->handleRequest(null, Object(Config\Cache), false)
 9 FCPATH\index.php(87): CodeIgniter\CodeIgniter->run()
10 SYSTEMPATH\Commands\Server\rewrite.php(46): require_once('FCPATH\\index.php')
CRITICAL - 2024-04-10 20:50:53 --> Call to a member function isValid() on array
in APPPATH\Controllers\Home.php on line 2707.
 1 SYSTEMPATH\CodeIgniter.php(927): App\Controllers\Home->fileUpload()
 2 SYSTEMPATH\CodeIgniter.php(482): CodeIgniter\CodeIgniter->runController(Object(App\Controllers\Home))
 3 SYSTEMPATH\CodeIgniter.php(351): CodeIgniter\CodeIgniter->handleRequest(null, Object(Config\Cache), false)
 4 FCPATH\index.php(87): CodeIgniter\CodeIgniter->run()
 5 SYSTEMPATH\Commands\Server\rewrite.php(46): require_once('FCPATH\\index.php')
CRITICAL - 2024-04-10 20:51:13 --> Call to a member function isValid() on array
in APPPATH\Controllers\Home.php on line 2707.
 1 SYSTEMPATH\CodeIgniter.php(927): App\Controllers\Home->fileUpload()
 2 SYSTEMPATH\CodeIgniter.php(482): CodeIgniter\CodeIgniter->runController(Object(App\Controllers\Home))
 3 SYSTEMPATH\CodeIgniter.php(351): CodeIgniter\CodeIgniter->handleRequest(null, Object(Config\Cache), false)
 4 FCPATH\index.php(87): CodeIgniter\CodeIgniter->run()
 5 SYSTEMPATH\Commands\Server\rewrite.php(46): require_once('FCPATH\\index.php')
CRITICAL - 2024-04-10 20:51:23 --> Call to a member function isValid() on array
in APPPATH\Controllers\Home.php on line 2707.
 1 SYSTEMPATH\CodeIgniter.php(927): App\Controllers\Home->fileUpload()
 2 SYSTEMPATH\CodeIgniter.php(482): CodeIgniter\CodeIgniter->runController(Object(App\Controllers\Home))
 3 SYSTEMPATH\CodeIgniter.php(351): CodeIgniter\CodeIgniter->handleRequest(null, Object(Config\Cache), false)
 4 FCPATH\index.php(87): CodeIgniter\CodeIgniter->run()
 5 SYSTEMPATH\Commands\Server\rewrite.php(46): require_once('FCPATH\\index.php')
CRITICAL - 2024-04-10 20:53:00 --> Call to a member function isValid() on array
in APPPATH\Controllers\Home.php on line 2707.
 1 SYSTEMPATH\CodeIgniter.php(927): App\Controllers\Home->fileUpload()
 2 SYSTEMPATH\CodeIgniter.php(482): CodeIgniter\CodeIgniter->runController(Object(App\Controllers\Home))
 3 SYSTEMPATH\CodeIgniter.php(351): CodeIgniter\CodeIgniter->handleRequest(null, Object(Config\Cache), false)
 4 FCPATH\index.php(87): CodeIgniter\CodeIgniter->run()
 5 SYSTEMPATH\Commands\Server\rewrite.php(46): require_once('FCPATH\\index.php')
CRITICAL - 2024-04-10 20:53:51 --> Undefined array key "id"
in APPPATH\Views\admin\agent_files.php on line 434.
 1 APPPATH\Views\admin\agent_files.php(434): CodeIgniter\Debug\Exceptions->errorHandler(2, 'Undefined array key "id"', 'APPPATH\\Views\\admin\\agent_files.php', 434)
 2 SYSTEMPATH\View\View.php(213): include('APPPATH\\Views\\admin\\agent_files.php')
 3 SYSTEMPATH\View\View.php(216): CodeIgniter\View\View->CodeIgniter\View\{closure}()
 4 SYSTEMPATH\Common.php(1134): CodeIgniter\View\View->render('admin/agent_files', [], true)
 5 APPPATH\Controllers\Home.php(2731): view('admin/agent_files', [...])
 6 SYSTEMPATH\CodeIgniter.php(927): App\Controllers\Home->fileUpload()
 7 SYSTEMPATH\CodeIgniter.php(482): CodeIgniter\CodeIgniter->runController(Object(App\Controllers\Home))
 8 SYSTEMPATH\CodeIgniter.php(351): CodeIgniter\CodeIgniter->handleRequest(null, Object(Config\Cache), false)
 9 FCPATH\index.php(87): CodeIgniter\CodeIgniter->run()
10 SYSTEMPATH\Commands\Server\rewrite.php(46): require_once('FCPATH\\index.php')
CRITICAL - 2024-04-10 20:54:44 --> Undefined array key "id"
in APPPATH\Views\admin\agent_files.php on line 434.
 1 APPPATH\Views\admin\agent_files.php(434): CodeIgniter\Debug\Exceptions->errorHandler(2, 'Undefined array key "id"', 'APPPATH\\Views\\admin\\agent_files.php', 434)
 2 SYSTEMPATH\View\View.php(213): include('APPPATH\\Views\\admin\\agent_files.php')
 3 SYSTEMPATH\View\View.php(216): CodeIgniter\View\View->CodeIgniter\View\{closure}()
 4 SYSTEMPATH\Common.php(1134): CodeIgniter\View\View->render('admin/agent_files', [], true)
 5 APPPATH\Controllers\Home.php(2731): view('admin/agent_files', [...])
 6 SYSTEMPATH\CodeIgniter.php(927): App\Controllers\Home->fileUpload()
 7 SYSTEMPATH\CodeIgniter.php(482): CodeIgniter\CodeIgniter->runController(Object(App\Controllers\Home))
 8 SYSTEMPATH\CodeIgniter.php(351): CodeIgniter\CodeIgniter->handleRequest(null, Object(Config\Cache), false)
 9 FCPATH\index.php(87): CodeIgniter\CodeIgniter->run()
10 SYSTEMPATH\Commands\Server\rewrite.php(46): require_once('FCPATH\\index.php')
CRITICAL - 2024-04-10 20:58:54 --> Call to a member function isValid() on array
in APPPATH\Controllers\Home.php on line 2710.
 1 SYSTEMPATH\CodeIgniter.php(927): App\Controllers\Home->fileUpload()
 2 SYSTEMPATH\CodeIgniter.php(482): CodeIgniter\CodeIgniter->runController(Object(App\Controllers\Home))
 3 SYSTEMPATH\CodeIgniter.php(351): CodeIgniter\CodeIgniter->handleRequest(null, Object(Config\Cache), false)
 4 FCPATH\index.php(87): CodeIgniter\CodeIgniter->run()
 5 SYSTEMPATH\Commands\Server\rewrite.php(46): require_once('FCPATH\\index.php')
CRITICAL - 2024-04-10 20:59:11 --> Call to a member function isValid() on array
in APPPATH\Controllers\Home.php on line 2710.
 1 SYSTEMPATH\CodeIgniter.php(927): App\Controllers\Home->fileUpload()
 2 SYSTEMPATH\CodeIgniter.php(482): CodeIgniter\CodeIgniter->runController(Object(App\Controllers\Home))
 3 SYSTEMPATH\CodeIgniter.php(351): CodeIgniter\CodeIgniter->handleRequest(null, Object(Config\Cache), false)
 4 FCPATH\index.php(87): CodeIgniter\CodeIgniter->run()
 5 SYSTEMPATH\Commands\Server\rewrite.php(46): require_once('FCPATH\\index.php')
CRITICAL - 2024-04-10 20:59:52 --> Undefined array key "id"
in APPPATH\Views\admin\agent_files.php on line 434.
 1 APPPATH\Views\admin\agent_files.php(434): CodeIgniter\Debug\Exceptions->errorHandler(2, 'Undefined array key "id"', 'APPPATH\\Views\\admin\\agent_files.php', 434)
 2 SYSTEMPATH\View\View.php(213): include('APPPATH\\Views\\admin\\agent_files.php')
 3 SYSTEMPATH\View\View.php(216): CodeIgniter\View\View->CodeIgniter\View\{closure}()
 4 SYSTEMPATH\Common.php(1134): CodeIgniter\View\View->render('admin/agent_files', [], true)
 5 APPPATH\Controllers\Home.php(2728): view('admin/agent_files', [...])
 6 SYSTEMPATH\CodeIgniter.php(927): App\Controllers\Home->fileUpload()
 7 SYSTEMPATH\CodeIgniter.php(482): CodeIgniter\CodeIgniter->runController(Object(App\Controllers\Home))
 8 SYSTEMPATH\CodeIgniter.php(351): CodeIgniter\CodeIgniter->handleRequest(null, Object(Config\Cache), false)
 9 FCPATH\index.php(87): CodeIgniter\CodeIgniter->run()
10 SYSTEMPATH\Commands\Server\rewrite.php(46): require_once('FCPATH\\index.php')
CRITICAL - 2024-04-10 22:28:44 --> Undefined array key "id"
in APPPATH\Views\admin\agent_files.php on line 434.
 1 APPPATH\Views\admin\agent_files.php(434): CodeIgniter\Debug\Exceptions->errorHandler(2, 'Undefined array key "id"', 'APPPATH\\Views\\admin\\agent_files.php', 434)
 2 SYSTEMPATH\View\View.php(213): include('APPPATH\\Views\\admin\\agent_files.php')
 3 SYSTEMPATH\View\View.php(216): CodeIgniter\View\View->CodeIgniter\View\{closure}()
 4 SYSTEMPATH\Common.php(1134): CodeIgniter\View\View->render('admin/agent_files', [], true)
 5 APPPATH\Controllers\Home.php(2727): view('admin/agent_files', [...])
 6 SYSTEMPATH\CodeIgniter.php(927): App\Controllers\Home->fileUpload()
 7 SYSTEMPATH\CodeIgniter.php(482): CodeIgniter\CodeIgniter->runController(Object(App\Controllers\Home))
 8 SYSTEMPATH\CodeIgniter.php(351): CodeIgniter\CodeIgniter->handleRequest(null, Object(Config\Cache), false)
 9 FCPATH\index.php(87): CodeIgniter\CodeIgniter->run()
10 SYSTEMPATH\Commands\Server\rewrite.php(46): require_once('FCPATH\\index.php')
CRITICAL - 2024-04-10 22:29:29 --> Undefined array key "id"
in APPPATH\Views\admin\agent_files.php on line 434.
 1 APPPATH\Views\admin\agent_files.php(434): CodeIgniter\Debug\Exceptions->errorHandler(2, 'Undefined array key "id"', 'APPPATH\\Views\\admin\\agent_files.php', 434)
 2 SYSTEMPATH\View\View.php(213): include('APPPATH\\Views\\admin\\agent_files.php')
 3 SYSTEMPATH\View\View.php(216): CodeIgniter\View\View->CodeIgniter\View\{closure}()
 4 SYSTEMPATH\Common.php(1134): CodeIgniter\View\View->render('admin/agent_files', [], true)
 5 APPPATH\Controllers\Home.php(2727): view('admin/agent_files', [...])
 6 SYSTEMPATH\CodeIgniter.php(927): App\Controllers\Home->fileUpload()
 7 SYSTEMPATH\CodeIgniter.php(482): CodeIgniter\CodeIgniter->runController(Object(App\Controllers\Home))
 8 SYSTEMPATH\CodeIgniter.php(351): CodeIgniter\CodeIgniter->handleRequest(null, Object(Config\Cache), false)
 9 FCPATH\index.php(87): CodeIgniter\CodeIgniter->run()
10 SYSTEMPATH\Commands\Server\rewrite.php(46): require_once('FCPATH\\index.php')
CRITICAL - 2024-04-10 22:30:38 --> Call to a member function with() on string
in APPPATH\Controllers\Home.php on line 2723.
 1 SYSTEMPATH\CodeIgniter.php(927): App\Controllers\Home->fileUpload()
 2 SYSTEMPATH\CodeIgniter.php(482): CodeIgniter\CodeIgniter->runController(Object(App\Controllers\Home))
 3 SYSTEMPATH\CodeIgniter.php(351): CodeIgniter\CodeIgniter->handleRequest(null, Object(Config\Cache), false)
 4 FCPATH\index.php(87): CodeIgniter\CodeIgniter->run()
 5 SYSTEMPATH\Commands\Server\rewrite.php(46): require_once('FCPATH\\index.php')
CRITICAL - 2024-04-10 22:33:28 --> Undefined array key "id"
in APPPATH\Views\admin\agent_files.php on line 434.
 1 APPPATH\Views\admin\agent_files.php(434): CodeIgniter\Debug\Exceptions->errorHandler(2, 'Undefined array key "id"', 'APPPATH\\Views\\admin\\agent_files.php', 434)
 2 SYSTEMPATH\View\View.php(213): include('APPPATH\\Views\\admin\\agent_files.php')
 3 SYSTEMPATH\View\View.php(216): CodeIgniter\View\View->CodeIgniter\View\{closure}()
 4 SYSTEMPATH\Common.php(1134): CodeIgniter\View\View->render('admin/agent_files', [], true)
 5 APPPATH\Controllers\Home.php(2727): view('admin/agent_files', [...])
 6 SYSTEMPATH\CodeIgniter.php(927): App\Controllers\Home->fileUpload()
 7 SYSTEMPATH\CodeIgniter.php(482): CodeIgniter\CodeIgniter->runController(Object(App\Controllers\Home))
 8 SYSTEMPATH\CodeIgniter.php(351): CodeIgniter\CodeIgniter->handleRequest(null, Object(Config\Cache), false)
 9 FCPATH\index.php(87): CodeIgniter\CodeIgniter->run()
10 SYSTEMPATH\Commands\Server\rewrite.php(46): require_once('FCPATH\\index.php')
CRITICAL - 2024-04-10 22:36:35 --> Undefined array key "id"
in APPPATH\Views\admin\agent_files.php on line 434.
 1 APPPATH\Views\admin\agent_files.php(434): CodeIgniter\Debug\Exceptions->errorHandler(2, 'Undefined array key "id"', 'APPPATH\\Views\\admin\\agent_files.php', 434)
 2 SYSTEMPATH\View\View.php(213): include('APPPATH\\Views\\admin\\agent_files.php')
 3 SYSTEMPATH\View\View.php(216): CodeIgniter\View\View->CodeIgniter\View\{closure}()
 4 SYSTEMPATH\Common.php(1134): CodeIgniter\View\View->render('admin/agent_files', [], true)
 5 APPPATH\Controllers\Home.php(2727): view('admin/agent_files', [...])
 6 SYSTEMPATH\CodeIgniter.php(927): App\Controllers\Home->fileUpload()
 7 SYSTEMPATH\CodeIgniter.php(482): CodeIgniter\CodeIgniter->runController(Object(App\Controllers\Home))
 8 SYSTEMPATH\CodeIgniter.php(351): CodeIgniter\CodeIgniter->handleRequest(null, Object(Config\Cache), false)
 9 FCPATH\index.php(87): CodeIgniter\CodeIgniter->run()
10 SYSTEMPATH\Commands\Server\rewrite.php(46): require_once('FCPATH\\index.php')
CRITICAL - 2024-04-10 22:38:06 --> Undefined array key "id"
in APPPATH\Views\admin\agent_files.php on line 434.
 1 APPPATH\Views\admin\agent_files.php(434): CodeIgniter\Debug\Exceptions->errorHandler(2, 'Undefined array key "id"', 'APPPATH\\Views\\admin\\agent_files.php', 434)
 2 SYSTEMPATH\View\View.php(213): include('APPPATH\\Views\\admin\\agent_files.php')
 3 SYSTEMPATH\View\View.php(216): CodeIgniter\View\View->CodeIgniter\View\{closure}()
 4 SYSTEMPATH\Common.php(1134): CodeIgniter\View\View->render('admin/agent_files', [], true)
 5 APPPATH\Controllers\Home.php(2727): view('admin/agent_files', [...])
 6 SYSTEMPATH\CodeIgniter.php(927): App\Controllers\Home->fileUpload()
 7 SYSTEMPATH\CodeIgniter.php(482): CodeIgniter\CodeIgniter->runController(Object(App\Controllers\Home))
 8 SYSTEMPATH\CodeIgniter.php(351): CodeIgniter\CodeIgniter->handleRequest(null, Object(Config\Cache), false)
 9 FCPATH\index.php(87): CodeIgniter\CodeIgniter->run()
10 SYSTEMPATH\Commands\Server\rewrite.php(46): require_once('FCPATH\\index.php')
CRITICAL - 2024-04-10 22:41:38 --> Undefined variable $agent
in APPPATH\Controllers\Home.php on line 2735.
 1 APPPATH\Controllers\Home.php(2735): CodeIgniter\Debug\Exceptions->errorHandler(2, 'Undefined variable $agent', 'APPPATH\\Controllers\\Home.php', 2735)
 2 SYSTEMPATH\CodeIgniter.php(927): App\Controllers\Home->fileUpload()
 3 SYSTEMPATH\CodeIgniter.php(482): CodeIgniter\CodeIgniter->runController(Object(App\Controllers\Home))
 4 SYSTEMPATH\CodeIgniter.php(351): CodeIgniter\CodeIgniter->handleRequest(null, Object(Config\Cache), false)
 5 FCPATH\index.php(87): CodeIgniter\CodeIgniter->run()
 6 SYSTEMPATH\Commands\Server\rewrite.php(46): require_once('FCPATH\\index.php')
CRITICAL - 2024-04-10 22:41:59 --> Undefined variable $agent
in APPPATH\Controllers\Home.php on line 2735.
 1 APPPATH\Controllers\Home.php(2735): CodeIgniter\Debug\Exceptions->errorHandler(2, 'Undefined variable $agent', 'APPPATH\\Controllers\\Home.php', 2735)
 2 SYSTEMPATH\CodeIgniter.php(927): App\Controllers\Home->fileUpload()
 3 SYSTEMPATH\CodeIgniter.php(482): CodeIgniter\CodeIgniter->runController(Object(App\Controllers\Home))
 4 SYSTEMPATH\CodeIgniter.php(351): CodeIgniter\CodeIgniter->handleRequest(null, Object(Config\Cache), false)
 5 FCPATH\index.php(87): CodeIgniter\CodeIgniter->run()
 6 SYSTEMPATH\Commands\Server\rewrite.php(46): require_once('FCPATH\\index.php')
CRITICAL - 2024-04-10 22:42:55 --> Undefined array key "id"
in APPPATH\Views\admin\agent_files.php on line 434.
 1 APPPATH\Views\admin\agent_files.php(434): CodeIgniter\Debug\Exceptions->errorHandler(2, 'Undefined array key "id"', 'APPPATH\\Views\\admin\\agent_files.php', 434)
 2 SYSTEMPATH\View\View.php(213): include('APPPATH\\Views\\admin\\agent_files.php')
 3 SYSTEMPATH\View\View.php(216): CodeIgniter\View\View->CodeIgniter\View\{closure}()
 4 SYSTEMPATH\Common.php(1134): CodeIgniter\View\View->render('admin/agent_files', [], true)
 5 APPPATH\Controllers\Home.php(2728): view('admin/agent_files', [...])
 6 SYSTEMPATH\CodeIgniter.php(927): App\Controllers\Home->fileUpload()
 7 SYSTEMPATH\CodeIgniter.php(482): CodeIgniter\CodeIgniter->runController(Object(App\Controllers\Home))
 8 SYSTEMPATH\CodeIgniter.php(351): CodeIgniter\CodeIgniter->handleRequest(null, Object(Config\Cache), false)
 9 FCPATH\index.php(87): CodeIgniter\CodeIgniter->run()
10 SYSTEMPATH\Commands\Server\rewrite.php(46): require_once('FCPATH\\index.php')
CRITICAL - 2024-04-10 22:46:17 --> Undefined array key "id"
in APPPATH\Views\admin\agent_files.php on line 434.
 1 APPPATH\Views\admin\agent_files.php(434): CodeIgniter\Debug\Exceptions->errorHandler(2, 'Undefined array key "id"', 'APPPATH\\Views\\admin\\agent_files.php', 434)
 2 SYSTEMPATH\View\View.php(213): include('APPPATH\\Views\\admin\\agent_files.php')
 3 SYSTEMPATH\View\View.php(216): CodeIgniter\View\View->CodeIgniter\View\{closure}()
 4 SYSTEMPATH\Common.php(1134): CodeIgniter\View\View->render('admin/agent_files', [], true)
 5 APPPATH\Controllers\Home.php(2727): view('admin/agent_files', [...])
 6 SYSTEMPATH\CodeIgniter.php(927): App\Controllers\Home->fileUpload()
 7 SYSTEMPATH\CodeIgniter.php(482): CodeIgniter\CodeIgniter->runController(Object(App\Controllers\Home))
 8 SYSTEMPATH\CodeIgniter.php(351): CodeIgniter\CodeIgniter->handleRequest(null, Object(Config\Cache), false)
 9 FCPATH\index.php(87): CodeIgniter\CodeIgniter->run()
10 SYSTEMPATH\Commands\Server\rewrite.php(46): require_once('FCPATH\\index.php')
