CRITICAL - 2023-06-03 03:45:47 --> Undefined variable $referenceId
in APPPATH\Views\repeater_form.php on line 58.
 1 APPPATH\Views\repeater_form.php(58): CodeIgniter\Debug\Exceptions->errorHandler(2, 'Undefined variable $referenceId', 'APPPATH\\Views\\repeater_form.php', 58)
 2 SYSTEMPATH\View\View.php(213): include('APPPATH\\Views\\repeater_form.php')
 3 SYSTEMPATH\View\View.php(216): CodeIgniter\View\View->CodeIgniter\View\{closure}()
 4 SYSTEMPATH\Common.php(1134): CodeIgniter\View\View->render('repeater_form', [], true)
 5 APPPATH\Controllers\POS.php(16): view('repeater_form', [...])
 6 SYSTEMPATH\CodeIgniter.php(927): App\Controllers\POS->index()
 7 SYSTEMPATH\CodeIgniter.php(482): CodeIgniter\CodeIgniter->runController(Object(App\Controllers\POS))
 8 SYSTEMPATH\CodeIgniter.php(351): CodeIgniter\CodeIgniter->handleRequest(null, Object(Config\Cache), false)
 9 FCPATH\index.php(67): CodeIgniter\CodeIgniter->run()
10 SYSTEMPATH\Commands\Server\rewrite.php(46): require_once('FCPATH\\index.php')
CRITICAL - 2023-06-03 03:46:10 --> Undefined variable $referenceId
in APPPATH\Views\repeater_form.php on line 58.
 1 APPPATH\Views\repeater_form.php(58): CodeIgniter\Debug\Exceptions->errorHandler(2, 'Undefined variable $referenceId', 'APPPATH\\Views\\repeater_form.php', 58)
 2 SYSTEMPATH\View\View.php(213): include('APPPATH\\Views\\repeater_form.php')
 3 SYSTEMPATH\View\View.php(216): CodeIgniter\View\View->CodeIgniter\View\{closure}()
 4 SYSTEMPATH\Common.php(1134): CodeIgniter\View\View->render('repeater_form', [], true)
 5 APPPATH\Controllers\POS.php(16): view('repeater_form', [...])
 6 SYSTEMPATH\CodeIgniter.php(927): App\Controllers\POS->index()
 7 SYSTEMPATH\CodeIgniter.php(482): CodeIgniter\CodeIgniter->runController(Object(App\Controllers\POS))
 8 SYSTEMPATH\CodeIgniter.php(351): CodeIgniter\CodeIgniter->handleRequest(null, Object(Config\Cache), false)
 9 FCPATH\index.php(67): CodeIgniter\CodeIgniter->run()
10 SYSTEMPATH\Commands\Server\rewrite.php(46): require_once('FCPATH\\index.php')
CRITICAL - 2023-06-03 03:48:17 --> Undefined variable $reference_id
in APPPATH\Views\repeater_form.php on line 58.
 1 APPPATH\Views\repeater_form.php(58): CodeIgniter\Debug\Exceptions->errorHandler(2, 'Undefined variable $reference_id', 'APPPATH\\Views\\repeater_form.php', 58)
 2 SYSTEMPATH\View\View.php(213): include('APPPATH\\Views\\repeater_form.php')
 3 SYSTEMPATH\View\View.php(216): CodeIgniter\View\View->CodeIgniter\View\{closure}()
 4 SYSTEMPATH\Common.php(1134): CodeIgniter\View\View->render('repeater_form', [], true)
 5 APPPATH\Controllers\POS.php(15): view('repeater_form', [...])
 6 SYSTEMPATH\CodeIgniter.php(927): App\Controllers\POS->index()
 7 SYSTEMPATH\CodeIgniter.php(482): CodeIgniter\CodeIgniter->runController(Object(App\Controllers\POS))
 8 SYSTEMPATH\CodeIgniter.php(351): CodeIgniter\CodeIgniter->handleRequest(null, Object(Config\Cache), false)
 9 FCPATH\index.php(67): CodeIgniter\CodeIgniter->run()
10 SYSTEMPATH\Commands\Server\rewrite.php(46): require_once('FCPATH\\index.php')
CRITICAL - 2023-06-03 03:49:08 --> Undefined variable $reference_id
in APPPATH\Views\repeater_form.php on line 58.
 1 APPPATH\Views\repeater_form.php(58): CodeIgniter\Debug\Exceptions->errorHandler(2, 'Undefined variable $reference_id', 'APPPATH\\Views\\repeater_form.php', 58)
 2 SYSTEMPATH\View\View.php(213): include('APPPATH\\Views\\repeater_form.php')
 3 SYSTEMPATH\View\View.php(216): CodeIgniter\View\View->CodeIgniter\View\{closure}()
 4 SYSTEMPATH\Common.php(1134): CodeIgniter\View\View->render('repeater_form', [], true)
 5 APPPATH\Controllers\POS.php(15): view('repeater_form', [...])
 6 SYSTEMPATH\CodeIgniter.php(927): App\Controllers\POS->index()
 7 SYSTEMPATH\CodeIgniter.php(482): CodeIgniter\CodeIgniter->runController(Object(App\Controllers\POS))
 8 SYSTEMPATH\CodeIgniter.php(351): CodeIgniter\CodeIgniter->handleRequest(null, Object(Config\Cache), false)
 9 FCPATH\index.php(67): CodeIgniter\CodeIgniter->run()
10 SYSTEMPATH\Commands\Server\rewrite.php(46): require_once('FCPATH\\index.php')
CRITICAL - 2023-06-03 03:56:32 --> Undefined array key "name"
in APPPATH\Controllers\POS.php on line 35.
 1 APPPATH\Controllers\POS.php(35): CodeIgniter\Debug\Exceptions->errorHandler(2, 'Undefined array key "name"', 'APPPATH\\Controllers\\POS.php', 35)
 2 SYSTEMPATH\CodeIgniter.php(927): App\Controllers\POS->printView()
 3 SYSTEMPATH\CodeIgniter.php(482): CodeIgniter\CodeIgniter->runController(Object(App\Controllers\POS))
 4 SYSTEMPATH\CodeIgniter.php(351): CodeIgniter\CodeIgniter->handleRequest(null, Object(Config\Cache), false)
 5 FCPATH\index.php(67): CodeIgniter\CodeIgniter->run()
 6 SYSTEMPATH\Commands\Server\rewrite.php(46): require_once('FCPATH\\index.php')
CRITICAL - 2023-06-03 04:00:24 --> Undefined array key 0
in APPPATH\Views\print_view.php on line 17.
 1 APPPATH\Views\print_view.php(17): CodeIgniter\Debug\Exceptions->errorHandler(2, 'Undefined array key 0', 'APPPATH\\Views\\print_view.php', 17)
 2 SYSTEMPATH\View\View.php(213): include('APPPATH\\Views\\print_view.php')
 3 SYSTEMPATH\View\View.php(216): CodeIgniter\View\View->CodeIgniter\View\{closure}()
 4 SYSTEMPATH\Common.php(1134): CodeIgniter\View\View->render('print_view', [], true)
 5 APPPATH\Controllers\POS.php(49): view('print_view', [...])
 6 SYSTEMPATH\CodeIgniter.php(927): App\Controllers\POS->printView()
 7 SYSTEMPATH\CodeIgniter.php(482): CodeIgniter\CodeIgniter->runController(Object(App\Controllers\POS))
 8 SYSTEMPATH\CodeIgniter.php(351): CodeIgniter\CodeIgniter->handleRequest(null, Object(Config\Cache), false)
 9 FCPATH\index.php(67): CodeIgniter\CodeIgniter->run()
10 SYSTEMPATH\Commands\Server\rewrite.php(46): require_once('FCPATH\\index.php')
CRITICAL - 2023-06-03 04:06:49 --> Undefined variable $items
in APPPATH\Views\print_view.php on line 23.
 1 APPPATH\Views\print_view.php(23): CodeIgniter\Debug\Exceptions->errorHandler(2, 'Undefined variable $items', 'APPPATH\\Views\\print_view.php', 23)
 2 SYSTEMPATH\View\View.php(213): include('APPPATH\\Views\\print_view.php')
 3 SYSTEMPATH\View\View.php(216): CodeIgniter\View\View->CodeIgniter\View\{closure}()
 4 SYSTEMPATH\Common.php(1134): CodeIgniter\View\View->render('print_view', [], true)
 5 APPPATH\Controllers\POS.php(61): view('print_view', [...])
 6 SYSTEMPATH\CodeIgniter.php(927): App\Controllers\POS->printView()
 7 SYSTEMPATH\CodeIgniter.php(482): CodeIgniter\CodeIgniter->runController(Object(App\Controllers\POS))
 8 SYSTEMPATH\CodeIgniter.php(351): CodeIgniter\CodeIgniter->handleRequest(null, Object(Config\Cache), false)
 9 FCPATH\index.php(67): CodeIgniter\CodeIgniter->run()
10 SYSTEMPATH\Commands\Server\rewrite.php(46): require_once('FCPATH\\index.php')
CRITICAL - 2023-06-03 04:07:55 --> Undefined variable $total
in APPPATH\Views\print_view.php on line 35.
 1 APPPATH\Views\print_view.php(35): CodeIgniter\Debug\Exceptions->errorHandler(2, 'Undefined variable $total', 'APPPATH\\Views\\print_view.php', 35)
 2 SYSTEMPATH\View\View.php(213): include('APPPATH\\Views\\print_view.php')
 3 SYSTEMPATH\View\View.php(216): CodeIgniter\View\View->CodeIgniter\View\{closure}()
 4 SYSTEMPATH\Common.php(1134): CodeIgniter\View\View->render('print_view', [], true)
 5 APPPATH\Controllers\POS.php(61): view('print_view', [...])
 6 SYSTEMPATH\CodeIgniter.php(927): App\Controllers\POS->printView()
 7 SYSTEMPATH\CodeIgniter.php(482): CodeIgniter\CodeIgniter->runController(Object(App\Controllers\POS))
 8 SYSTEMPATH\CodeIgniter.php(351): CodeIgniter\CodeIgniter->handleRequest(null, Object(Config\Cache), false)
 9 FCPATH\index.php(67): CodeIgniter\CodeIgniter->run()
10 SYSTEMPATH\Commands\Server\rewrite.php(46): require_once('FCPATH\\index.php')
CRITICAL - 2023-06-03 04:09:24 --> Undefined variable $total
in APPPATH\Views\print_view.php on line 35.
 1 APPPATH\Views\print_view.php(35): CodeIgniter\Debug\Exceptions->errorHandler(2, 'Undefined variable $total', 'APPPATH\\Views\\print_view.php', 35)
 2 SYSTEMPATH\View\View.php(213): include('APPPATH\\Views\\print_view.php')
 3 SYSTEMPATH\View\View.php(216): CodeIgniter\View\View->CodeIgniter\View\{closure}()
 4 SYSTEMPATH\Common.php(1134): CodeIgniter\View\View->render('print_view', [], true)
 5 APPPATH\Controllers\POS.php(61): view('print_view', [...])
 6 SYSTEMPATH\CodeIgniter.php(927): App\Controllers\POS->printView()
 7 SYSTEMPATH\CodeIgniter.php(482): CodeIgniter\CodeIgniter->runController(Object(App\Controllers\POS))
 8 SYSTEMPATH\CodeIgniter.php(351): CodeIgniter\CodeIgniter->handleRequest(null, Object(Config\Cache), false)
 9 FCPATH\index.php(67): CodeIgniter\CodeIgniter->run()
10 SYSTEMPATH\Commands\Server\rewrite.php(46): require_once('FCPATH\\index.php')
CRITICAL - 2023-06-03 04:09:53 --> Undefined array key "total"
in APPPATH\Views\print_view.php on line 29.
 1 APPPATH\Views\print_view.php(29): CodeIgniter\Debug\Exceptions->errorHandler(2, 'Undefined array key "total"', 'APPPATH\\Views\\print_view.php', 29)
 2 SYSTEMPATH\View\View.php(213): include('APPPATH\\Views\\print_view.php')
 3 SYSTEMPATH\View\View.php(216): CodeIgniter\View\View->CodeIgniter\View\{closure}()
 4 SYSTEMPATH\Common.php(1134): CodeIgniter\View\View->render('print_view', [], true)
 5 APPPATH\Controllers\POS.php(61): view('print_view', [...])
 6 SYSTEMPATH\CodeIgniter.php(927): App\Controllers\POS->printView()
 7 SYSTEMPATH\CodeIgniter.php(482): CodeIgniter\CodeIgniter->runController(Object(App\Controllers\POS))
 8 SYSTEMPATH\CodeIgniter.php(351): CodeIgniter\CodeIgniter->handleRequest(null, Object(Config\Cache), false)
 9 FCPATH\index.php(67): CodeIgniter\CodeIgniter->run()
10 SYSTEMPATH\Commands\Server\rewrite.php(46): require_once('FCPATH\\index.php')
CRITICAL - 2023-06-03 04:11:20 --> Undefined variable $formDataArray
in APPPATH\Views\print_view.php on line 22.
 1 APPPATH\Views\print_view.php(22): CodeIgniter\Debug\Exceptions->errorHandler(2, 'Undefined variable $formDataArray', 'APPPATH\\Views\\print_view.php', 22)
 2 SYSTEMPATH\View\View.php(213): include('APPPATH\\Views\\print_view.php')
 3 SYSTEMPATH\View\View.php(216): CodeIgniter\View\View->CodeIgniter\View\{closure}()
 4 SYSTEMPATH\Common.php(1134): CodeIgniter\View\View->render('print_view', [], true)
 5 APPPATH\Controllers\POS.php(49): view('print_view', [...])
 6 SYSTEMPATH\CodeIgniter.php(927): App\Controllers\POS->printView()
 7 SYSTEMPATH\CodeIgniter.php(482): CodeIgniter\CodeIgniter->runController(Object(App\Controllers\POS))
 8 SYSTEMPATH\CodeIgniter.php(351): CodeIgniter\CodeIgniter->handleRequest(null, Object(Config\Cache), false)
 9 FCPATH\index.php(67): CodeIgniter\CodeIgniter->run()
10 SYSTEMPATH\Commands\Server\rewrite.php(46): require_once('FCPATH\\index.php')
CRITICAL - 2023-06-03 05:23:06 --> Undefined array key "receipt-total"
in APPPATH\Controllers\POS.php on line 32.
 1 APPPATH\Controllers\POS.php(32): CodeIgniter\Debug\Exceptions->errorHandler(2, 'Undefined array key "receipt-total"', 'APPPATH\\Controllers\\POS.php', 32)
 2 SYSTEMPATH\CodeIgniter.php(927): App\Controllers\POS->submitForm()
 3 SYSTEMPATH\CodeIgniter.php(482): CodeIgniter\CodeIgniter->runController(Object(App\Controllers\POS))
 4 SYSTEMPATH\CodeIgniter.php(351): CodeIgniter\CodeIgniter->handleRequest(null, Object(Config\Cache), false)
 5 FCPATH\index.php(67): CodeIgniter\CodeIgniter->run()
 6 SYSTEMPATH\Commands\Server\rewrite.php(46): require_once('FCPATH\\index.php')
CRITICAL - 2023-06-03 05:26:49 --> Undefined variable $receipt_total
in APPPATH\Views\print_view.php on line 45.
 1 APPPATH\Views\print_view.php(45): CodeIgniter\Debug\Exceptions->errorHandler(2, 'Undefined variable $receipt_total', 'APPPATH\\Views\\print_view.php', 45)
 2 SYSTEMPATH\View\View.php(213): include('APPPATH\\Views\\print_view.php')
 3 SYSTEMPATH\View\View.php(216): CodeIgniter\View\View->CodeIgniter\View\{closure}()
 4 SYSTEMPATH\Common.php(1134): CodeIgniter\View\View->render('print_view', [], true)
 5 APPPATH\Controllers\POS.php(61): view('print_view', [...])
 6 SYSTEMPATH\CodeIgniter.php(927): App\Controllers\POS->printView()
 7 SYSTEMPATH\CodeIgniter.php(482): CodeIgniter\CodeIgniter->runController(Object(App\Controllers\POS))
 8 SYSTEMPATH\CodeIgniter.php(351): CodeIgniter\CodeIgniter->handleRequest(null, Object(Config\Cache), false)
 9 FCPATH\index.php(67): CodeIgniter\CodeIgniter->run()
10 SYSTEMPATH\Commands\Server\rewrite.php(46): require_once('FCPATH\\index.php')
CRITICAL - 2023-06-03 05:30:33 --> Undefined variable $receipt_total
in APPPATH\Views\print_view.php on line 45.
 1 APPPATH\Views\print_view.php(45): CodeIgniter\Debug\Exceptions->errorHandler(2, 'Undefined variable $receipt_total', 'APPPATH\\Views\\print_view.php', 45)
 2 SYSTEMPATH\View\View.php(213): include('APPPATH\\Views\\print_view.php')
 3 SYSTEMPATH\View\View.php(216): CodeIgniter\View\View->CodeIgniter\View\{closure}()
 4 SYSTEMPATH\Common.php(1134): CodeIgniter\View\View->render('print_view', [], true)
 5 APPPATH\Controllers\POS.php(64): view('print_view', [...])
 6 SYSTEMPATH\CodeIgniter.php(927): App\Controllers\POS->printView()
 7 SYSTEMPATH\CodeIgniter.php(482): CodeIgniter\CodeIgniter->runController(Object(App\Controllers\POS))
 8 SYSTEMPATH\CodeIgniter.php(351): CodeIgniter\CodeIgniter->handleRequest(null, Object(Config\Cache), false)
 9 FCPATH\index.php(67): CodeIgniter\CodeIgniter->run()
10 SYSTEMPATH\Commands\Server\rewrite.php(46): require_once('FCPATH\\index.php')
CRITICAL - 2023-06-03 05:59:56 --> Undefined variable $receiptTotal
in APPPATH\Views\print_view.php on line 33.
 1 APPPATH\Views\print_view.php(33): CodeIgniter\Debug\Exceptions->errorHandler(2, 'Undefined variable $receiptTotal', 'APPPATH\\Views\\print_view.php', 33)
 2 SYSTEMPATH\View\View.php(213): include('APPPATH\\Views\\print_view.php')
 3 SYSTEMPATH\View\View.php(216): CodeIgniter\View\View->CodeIgniter\View\{closure}()
 4 SYSTEMPATH\Common.php(1134): CodeIgniter\View\View->render('print_view', [], true)
 5 APPPATH\Controllers\POS.php(61): view('print_view', [...])
 6 SYSTEMPATH\CodeIgniter.php(927): App\Controllers\POS->printView()
 7 SYSTEMPATH\CodeIgniter.php(482): CodeIgniter\CodeIgniter->runController(Object(App\Controllers\POS))
 8 SYSTEMPATH\CodeIgniter.php(351): CodeIgniter\CodeIgniter->handleRequest(null, Object(Config\Cache), false)
 9 FCPATH\index.php(67): CodeIgniter\CodeIgniter->run()
10 SYSTEMPATH\Commands\Server\rewrite.php(46): require_once('FCPATH\\index.php')
CRITICAL - 2023-06-03 06:57:14 --> syntax error, unexpected token ";", expecting ")"
in APPPATH\Views\repeater_form.php on line 111.
 1 SYSTEMPATH\View\View.php(216): CodeIgniter\View\View->CodeIgniter\View\{closure}()
 2 SYSTEMPATH\Common.php(1134): CodeIgniter\View\View->render('repeater_form', [], true)
 3 APPPATH\Controllers\POS.php(15): view('repeater_form', [...])
 4 SYSTEMPATH\CodeIgniter.php(927): App\Controllers\POS->index()
 5 SYSTEMPATH\CodeIgniter.php(482): CodeIgniter\CodeIgniter->runController(Object(App\Controllers\POS))
 6 SYSTEMPATH\CodeIgniter.php(351): CodeIgniter\CodeIgniter->handleRequest(null, Object(Config\Cache), false)
 7 FCPATH\index.php(67): CodeIgniter\CodeIgniter->run()
 8 SYSTEMPATH\Commands\Server\rewrite.php(46): require_once('FCPATH\\index.php')
CRITICAL - 2023-06-03 07:53:57 --> count(): Argument #1 ($value) must be of type Countable|array, null given
in APPPATH\Views\includes\index.php on line 98.
 1 SYSTEMPATH\View\View.php(213): include()
 2 SYSTEMPATH\View\View.php(216): CodeIgniter\View\View->CodeIgniter\View\{closure}()
 3 SYSTEMPATH\Common.php(1134): CodeIgniter\View\View->render('includes/index', [], true)
 4 APPPATH\Controllers\Home.php(23): view('includes/index')
 5 SYSTEMPATH\CodeIgniter.php(927): App\Controllers\Home->landingpage()
 6 SYSTEMPATH\CodeIgniter.php(482): CodeIgniter\CodeIgniter->runController(Object(App\Controllers\Home))
 7 SYSTEMPATH\CodeIgniter.php(351): CodeIgniter\CodeIgniter->handleRequest(null, Object(Config\Cache), false)
 8 FCPATH\index.php(67): CodeIgniter\CodeIgniter->run()
 9 SYSTEMPATH\Commands\Server\rewrite.php(46): require_once('FCPATH\\index.php')
CRITICAL - 2023-06-03 07:54:06 --> count(): Argument #1 ($value) must be of type Countable|array, null given
in APPPATH\Views\includes\index.php on line 98.
 1 SYSTEMPATH\View\View.php(213): include()
 2 SYSTEMPATH\View\View.php(216): CodeIgniter\View\View->CodeIgniter\View\{closure}()
 3 SYSTEMPATH\Common.php(1134): CodeIgniter\View\View->render('includes/index', [], true)
 4 APPPATH\Controllers\Home.php(23): view('includes/index')
 5 SYSTEMPATH\CodeIgniter.php(927): App\Controllers\Home->landingpage()
 6 SYSTEMPATH\CodeIgniter.php(482): CodeIgniter\CodeIgniter->runController(Object(App\Controllers\Home))
 7 SYSTEMPATH\CodeIgniter.php(351): CodeIgniter\CodeIgniter->handleRequest(null, Object(Config\Cache), false)
 8 FCPATH\index.php(67): CodeIgniter\CodeIgniter->run()
 9 SYSTEMPATH\Commands\Server\rewrite.php(46): require_once('FCPATH\\index.php')
CRITICAL - 2023-06-03 07:54:07 --> count(): Argument #1 ($value) must be of type Countable|array, null given
in APPPATH\Views\includes\index.php on line 98.
 1 SYSTEMPATH\View\View.php(213): include()
 2 SYSTEMPATH\View\View.php(216): CodeIgniter\View\View->CodeIgniter\View\{closure}()
 3 SYSTEMPATH\Common.php(1134): CodeIgniter\View\View->render('includes/index', [], true)
 4 APPPATH\Controllers\Home.php(23): view('includes/index')
 5 SYSTEMPATH\CodeIgniter.php(927): App\Controllers\Home->landingpage()
 6 SYSTEMPATH\CodeIgniter.php(482): CodeIgniter\CodeIgniter->runController(Object(App\Controllers\Home))
 7 SYSTEMPATH\CodeIgniter.php(351): CodeIgniter\CodeIgniter->handleRequest(null, Object(Config\Cache), false)
 8 FCPATH\index.php(67): CodeIgniter\CodeIgniter->run()
 9 SYSTEMPATH\Commands\Server\rewrite.php(46): require_once('FCPATH\\index.php')
