CRITICAL - 2023-01-15 01:10:17 --> Trying to access array offset on value of type null
in APPPATH\Controllers\Admin.php on line 34.
 1 APPPATH\Controllers\Admin.php(34): CodeIgniter\Debug\Exceptions->errorHandler(2, 'Trying to access array offset on value of type null', 'APPPATH\\Controllers\\Admin.php', 34)
 2 SYSTEMPATH\CodeIgniter.php(927): App\Controllers\Admin->index()
 3 SYSTEMPATH\CodeIgniter.php(482): CodeIgniter\CodeIgniter->runController(Object(App\Controllers\Admin))
 4 SYSTEMPATH\CodeIgniter.php(351): CodeIgniter\CodeIgniter->handleRequest(null, Object(Config\Cache), false)
 5 FCPATH\index.php(67): CodeIgniter\CodeIgniter->run()
 6 SYSTEMPATH\Commands\Server\rewrite.php(46): require_once('FCPATH\\index.php')
CRITICAL - 2023-01-15 01:10:44 --> Class "App\Controllers\User_model" not found
in APPPATH\Controllers\Admin.php on line 31.
 1 SYSTEMPATH\CodeIgniter.php(927): App\Controllers\Admin->index()
 2 SYSTEMPATH\CodeIgniter.php(482): CodeIgniter\CodeIgniter->runController(Object(App\Controllers\Admin))
 3 SYSTEMPATH\CodeIgniter.php(351): CodeIgniter\CodeIgniter->handleRequest(null, Object(Config\Cache), false)
 4 FCPATH\index.php(67): CodeIgniter\CodeIgniter->run()
 5 SYSTEMPATH\Commands\Server\rewrite.php(46): require_once('FCPATH\\index.php')
CRITICAL - 2023-01-15 01:10:48 --> Class "App\Controllers\User_model" not found
in APPPATH\Controllers\Admin.php on line 31.
 1 SYSTEMPATH\CodeIgniter.php(927): App\Controllers\Admin->index()
 2 SYSTEMPATH\CodeIgniter.php(482): CodeIgniter\CodeIgniter->runController(Object(App\Controllers\Admin))
 3 SYSTEMPATH\CodeIgniter.php(351): CodeIgniter\CodeIgniter->handleRequest(null, Object(Config\Cache), false)
 4 FCPATH\index.php(67): CodeIgniter\CodeIgniter->run()
 5 SYSTEMPATH\Commands\Server\rewrite.php(46): require_once('FCPATH\\index.php')
CRITICAL - 2023-01-15 01:11:17 --> Undefined array key "admin_id"
in APPPATH\Controllers\Admin.php on line 60.
 1 APPPATH\Controllers\Admin.php(60): CodeIgniter\Debug\Exceptions->errorHandler(2, 'Undefined array key "admin_id"', 'APPPATH\\Controllers\\Admin.php', 60)
 2 APPPATH\Controllers\Admin.php(37): App\Controllers\Admin->setUserSession([...])
 3 SYSTEMPATH\CodeIgniter.php(927): App\Controllers\Admin->index()
 4 SYSTEMPATH\CodeIgniter.php(482): CodeIgniter\CodeIgniter->runController(Object(App\Controllers\Admin))
 5 SYSTEMPATH\CodeIgniter.php(351): CodeIgniter\CodeIgniter->handleRequest(null, Object(Config\Cache), false)
 6 FCPATH\index.php(67): CodeIgniter\CodeIgniter->run()
 7 SYSTEMPATH\Commands\Server\rewrite.php(46): require_once('FCPATH\\index.php')
CRITICAL - 2023-01-15 01:32:25 --> Trying to access array offset on value of type null
in APPPATH\Controllers\Admin.php on line 34.
 1 APPPATH\Controllers\Admin.php(34): CodeIgniter\Debug\Exceptions->errorHandler(2, 'Trying to access array offset on value of type null', 'APPPATH\\Controllers\\Admin.php', 34)
 2 SYSTEMPATH\CodeIgniter.php(927): App\Controllers\Admin->index()
 3 SYSTEMPATH\CodeIgniter.php(482): CodeIgniter\CodeIgniter->runController(Object(App\Controllers\Admin))
 4 SYSTEMPATH\CodeIgniter.php(351): CodeIgniter\CodeIgniter->handleRequest(null, Object(Config\Cache), false)
 5 FCPATH\index.php(67): CodeIgniter\CodeIgniter->run()
 6 SYSTEMPATH\Commands\Server\rewrite.php(46): require_once('FCPATH\\index.php')
CRITICAL - 2023-01-15 01:40:28 --> Undefined array key "firstname"
in APPPATH\Views\dashboard\dashboard.php on line 25.
 1 APPPATH\Views\dashboard\dashboard.php(25): CodeIgniter\Debug\Exceptions->errorHandler(2, 'Undefined array key "firstname"', 'APPPATH\\Views\\dashboard\\dashboard.php', 25)
 2 SYSTEMPATH\View\View.php(213): include('APPPATH\\Views\\dashboard\\dashboard.php')
 3 SYSTEMPATH\View\View.php(216): CodeIgniter\View\View->CodeIgniter\View\{closure}()
 4 SYSTEMPATH\Common.php(1134): CodeIgniter\View\View->render('dashboard/dashboard', [], true)
 5 APPPATH\Controllers\Home.php(112): view('dashboard/dashboard', [...])
 6 SYSTEMPATH\CodeIgniter.php(927): App\Controllers\Home->admindashboard()
 7 SYSTEMPATH\CodeIgniter.php(482): CodeIgniter\CodeIgniter->runController(Object(App\Controllers\Home))
 8 SYSTEMPATH\CodeIgniter.php(351): CodeIgniter\CodeIgniter->handleRequest(null, Object(Config\Cache), false)
 9 FCPATH\index.php(67): CodeIgniter\CodeIgniter->run()
10 SYSTEMPATH\Commands\Server\rewrite.php(46): require_once('FCPATH\\index.php')
CRITICAL - 2023-01-15 01:40:36 --> Trying to access array offset on value of type null
in APPPATH\Controllers\Admin.php on line 34.
 1 APPPATH\Controllers\Admin.php(34): CodeIgniter\Debug\Exceptions->errorHandler(2, 'Trying to access array offset on value of type null', 'APPPATH\\Controllers\\Admin.php', 34)
 2 SYSTEMPATH\CodeIgniter.php(927): App\Controllers\Admin->index()
 3 SYSTEMPATH\CodeIgniter.php(482): CodeIgniter\CodeIgniter->runController(Object(App\Controllers\Admin))
 4 SYSTEMPATH\CodeIgniter.php(351): CodeIgniter\CodeIgniter->handleRequest(null, Object(Config\Cache), false)
 5 FCPATH\index.php(67): CodeIgniter\CodeIgniter->run()
 6 SYSTEMPATH\Commands\Server\rewrite.php(46): require_once('FCPATH\\index.php')
CRITICAL - 2023-01-15 01:56:06 --> valid_username is not a valid rule.
in SYSTEMPATH\Validation\Validation.php on line 323.
 1 SYSTEMPATH\Validation\Validation.php(323): CodeIgniter\Validation\Exceptions\ValidationException::forRuleNotFound('valid_username')
 2 SYSTEMPATH\Validation\Validation.php(175): CodeIgniter\Validation\Validation->processRules('username', 'username', 'admin', [...], [...])
 3 SYSTEMPATH\Controller.php(140): CodeIgniter\Validation\Validation->run()
 4 APPPATH\Controllers\Admin.php(24): CodeIgniter\Controller->validate([...], [...])
 5 SYSTEMPATH\CodeIgniter.php(927): App\Controllers\Admin->index()
 6 SYSTEMPATH\CodeIgniter.php(482): CodeIgniter\CodeIgniter->runController(Object(App\Controllers\Admin))
 7 SYSTEMPATH\CodeIgniter.php(351): CodeIgniter\CodeIgniter->handleRequest(null, Object(Config\Cache), false)
 8 FCPATH\index.php(67): CodeIgniter\CodeIgniter->run()
 9 SYSTEMPATH\Commands\Server\rewrite.php(46): require_once('FCPATH\\index.php')
ERROR - 2023-01-15 02:03:31 --> mysqli_sql_exception: Unknown column 'created_at' in 'field list' in C:\xampp\htdocs\Florist-Event-Reservation-Ordering\system\Database\MySQLi\Connection.php:292
Stack trace:
#0 C:\xampp\htdocs\Florist-Event-Reservation-Ordering\system\Database\MySQLi\Connection.php(292): mysqli->query('INSERT INTO `ad...', 0)
#1 C:\xampp\htdocs\Florist-Event-Reservation-Ordering\system\Database\BaseConnection.php(666): CodeIgniter\Database\MySQLi\Connection->execute('INSERT INTO `ad...')
#2 C:\xampp\htdocs\Florist-Event-Reservation-Ordering\system\Database\BaseConnection.php(593): CodeIgniter\Database\BaseConnection->simpleQuery('INSERT INTO `ad...')
#3 C:\xampp\htdocs\Florist-Event-Reservation-Ordering\system\Database\BaseBuilder.php(1916): CodeIgniter\Database\BaseConnection->query('INSERT INTO `ad...', Array, false)
#4 C:\xampp\htdocs\Florist-Event-Reservation-Ordering\system\Model.php(279): CodeIgniter\Database\BaseBuilder->insert()
#5 C:\xampp\htdocs\Florist-Event-Reservation-Ordering\system\BaseModel.php(749): CodeIgniter\Model->doInsert(Array)
#6 C:\xampp\htdocs\Florist-Event-Reservation-Ordering\system\Model.php(667): CodeIgniter\BaseModel->insert(Array, false)
#7 C:\xampp\htdocs\Florist-Event-Reservation-Ordering\system\BaseModel.php(659): CodeIgniter\Model->insert(Array, false)
#8 C:\xampp\htdocs\Florist-Event-Reservation-Ordering\app\Controllers\Admin.php(99): CodeIgniter\BaseModel->save(Array)
#9 C:\xampp\htdocs\Florist-Event-Reservation-Ordering\system\CodeIgniter.php(927): App\Controllers\Admin->register()
#10 C:\xampp\htdocs\Florist-Event-Reservation-Ordering\system\CodeIgniter.php(482): CodeIgniter\CodeIgniter->runController(Object(App\Controllers\Admin))
#11 C:\xampp\htdocs\Florist-Event-Reservation-Ordering\system\CodeIgniter.php(351): CodeIgniter\CodeIgniter->handleRequest(NULL, Object(Config\Cache), false)
#12 C:\xampp\htdocs\Florist-Event-Reservation-Ordering\public\index.php(67): CodeIgniter\CodeIgniter->run()
#13 C:\xampp\htdocs\Florist-Event-Reservation-Ordering\system\Commands\Server\rewrite.php(46): require_once('C:\\xampp\\htdocs...')
#14 {main}
CRITICAL - 2023-01-15 02:03:31 --> Unknown column 'created_at' in 'field list'
in SYSTEMPATH\Database\MySQLi\Connection.php on line 292.
 1 SYSTEMPATH\Database\MySQLi\Connection.php(292): mysqli->query('INSERT INTO `admins` (`password`, `created_at`) VALUES (\'$2y$10$2H9/Rx/w5P1tWnpkeHTzmeGetxsXZzuRxxeud7DyzaSzxaaoIW3w2\', \'2023-01-15 02:03:31\')', 0)
 2 SYSTEMPATH\Database\BaseConnection.php(666): CodeIgniter\Database\MySQLi\Connection->execute('INSERT INTO `admins` (`password`, `created_at`) VALUES (\'$2y$10$2H9/Rx/w5P1tWnpkeHTzmeGetxsXZzuRxxeud7DyzaSzxaaoIW3w2\', \'2023-01-15 02:03:31\')')
 3 SYSTEMPATH\Database\BaseConnection.php(593): CodeIgniter\Database\BaseConnection->simpleQuery('INSERT INTO `admins` (`password`, `created_at`) VALUES (\'$2y$10$2H9/Rx/w5P1tWnpkeHTzmeGetxsXZzuRxxeud7DyzaSzxaaoIW3w2\', \'2023-01-15 02:03:31\')')
 4 SYSTEMPATH\Database\BaseBuilder.php(1916): CodeIgniter\Database\BaseConnection->query('INSERT INTO `admins` (`password`, `created_at`) VALUES (:password:, :created_at:)', [...], false)
 5 SYSTEMPATH\Model.php(279): CodeIgniter\Database\BaseBuilder->insert()
 6 SYSTEMPATH\BaseModel.php(749): CodeIgniter\Model->doInsert([...])
 7 SYSTEMPATH\Model.php(667): CodeIgniter\BaseModel->insert([...], false)
 8 SYSTEMPATH\BaseModel.php(659): CodeIgniter\Model->insert([...], false)
 9 APPPATH\Controllers\Admin.php(99): CodeIgniter\BaseModel->save([...])
10 SYSTEMPATH\CodeIgniter.php(927): App\Controllers\Admin->register()
11 SYSTEMPATH\CodeIgniter.php(482): CodeIgniter\CodeIgniter->runController(Object(App\Controllers\Admin))
12 SYSTEMPATH\CodeIgniter.php(351): CodeIgniter\CodeIgniter->handleRequest(null, Object(Config\Cache), false)
13 FCPATH\index.php(67): CodeIgniter\CodeIgniter->run()
14 SYSTEMPATH\Commands\Server\rewrite.php(46): require_once('FCPATH\\index.php')
ERROR - 2023-01-15 02:03:57 --> mysqli_sql_exception: Unknown column 'created_at' in 'field list' in C:\xampp\htdocs\Florist-Event-Reservation-Ordering\system\Database\MySQLi\Connection.php:292
Stack trace:
#0 C:\xampp\htdocs\Florist-Event-Reservation-Ordering\system\Database\MySQLi\Connection.php(292): mysqli->query('INSERT INTO `ad...', 0)
#1 C:\xampp\htdocs\Florist-Event-Reservation-Ordering\system\Database\BaseConnection.php(666): CodeIgniter\Database\MySQLi\Connection->execute('INSERT INTO `ad...')
#2 C:\xampp\htdocs\Florist-Event-Reservation-Ordering\system\Database\BaseConnection.php(593): CodeIgniter\Database\BaseConnection->simpleQuery('INSERT INTO `ad...')
#3 C:\xampp\htdocs\Florist-Event-Reservation-Ordering\system\Database\BaseBuilder.php(1916): CodeIgniter\Database\BaseConnection->query('INSERT INTO `ad...', Array, false)
#4 C:\xampp\htdocs\Florist-Event-Reservation-Ordering\system\Model.php(279): CodeIgniter\Database\BaseBuilder->insert()
#5 C:\xampp\htdocs\Florist-Event-Reservation-Ordering\system\BaseModel.php(749): CodeIgniter\Model->doInsert(Array)
#6 C:\xampp\htdocs\Florist-Event-Reservation-Ordering\system\Model.php(667): CodeIgniter\BaseModel->insert(Array, false)
#7 C:\xampp\htdocs\Florist-Event-Reservation-Ordering\system\BaseModel.php(659): CodeIgniter\Model->insert(Array, false)
#8 C:\xampp\htdocs\Florist-Event-Reservation-Ordering\app\Controllers\Admin.php(99): CodeIgniter\BaseModel->save(Array)
#9 C:\xampp\htdocs\Florist-Event-Reservation-Ordering\system\CodeIgniter.php(927): App\Controllers\Admin->register()
#10 C:\xampp\htdocs\Florist-Event-Reservation-Ordering\system\CodeIgniter.php(482): CodeIgniter\CodeIgniter->runController(Object(App\Controllers\Admin))
#11 C:\xampp\htdocs\Florist-Event-Reservation-Ordering\system\CodeIgniter.php(351): CodeIgniter\CodeIgniter->handleRequest(NULL, Object(Config\Cache), false)
#12 C:\xampp\htdocs\Florist-Event-Reservation-Ordering\public\index.php(67): CodeIgniter\CodeIgniter->run()
#13 C:\xampp\htdocs\Florist-Event-Reservation-Ordering\system\Commands\Server\rewrite.php(46): require_once('C:\\xampp\\htdocs...')
#14 {main}
CRITICAL - 2023-01-15 02:03:57 --> Unknown column 'created_at' in 'field list'
in SYSTEMPATH\Database\MySQLi\Connection.php on line 292.
 1 SYSTEMPATH\Database\MySQLi\Connection.php(292): mysqli->query('INSERT INTO `admins` (`password`, `created_at`) VALUES (\'$2y$10$PMI4RbAacBNUN5YjUGmTheQFrAa7kvK3rDdnW3qMb3.uP6bHldiJa\', \'2023-01-15 02:03:57\')', 0)
 2 SYSTEMPATH\Database\BaseConnection.php(666): CodeIgniter\Database\MySQLi\Connection->execute('INSERT INTO `admins` (`password`, `created_at`) VALUES (\'$2y$10$PMI4RbAacBNUN5YjUGmTheQFrAa7kvK3rDdnW3qMb3.uP6bHldiJa\', \'2023-01-15 02:03:57\')')
 3 SYSTEMPATH\Database\BaseConnection.php(593): CodeIgniter\Database\BaseConnection->simpleQuery('INSERT INTO `admins` (`password`, `created_at`) VALUES (\'$2y$10$PMI4RbAacBNUN5YjUGmTheQFrAa7kvK3rDdnW3qMb3.uP6bHldiJa\', \'2023-01-15 02:03:57\')')
 4 SYSTEMPATH\Database\BaseBuilder.php(1916): CodeIgniter\Database\BaseConnection->query('INSERT INTO `admins` (`password`, `created_at`) VALUES (:password:, :created_at:)', [...], false)
 5 SYSTEMPATH\Model.php(279): CodeIgniter\Database\BaseBuilder->insert()
 6 SYSTEMPATH\BaseModel.php(749): CodeIgniter\Model->doInsert([...])
 7 SYSTEMPATH\Model.php(667): CodeIgniter\BaseModel->insert([...], false)
 8 SYSTEMPATH\BaseModel.php(659): CodeIgniter\Model->insert([...], false)
 9 APPPATH\Controllers\Admin.php(99): CodeIgniter\BaseModel->save([...])
10 SYSTEMPATH\CodeIgniter.php(927): App\Controllers\Admin->register()
11 SYSTEMPATH\CodeIgniter.php(482): CodeIgniter\CodeIgniter->runController(Object(App\Controllers\Admin))
12 SYSTEMPATH\CodeIgniter.php(351): CodeIgniter\CodeIgniter->handleRequest(null, Object(Config\Cache), false)
13 FCPATH\index.php(67): CodeIgniter\CodeIgniter->run()
14 SYSTEMPATH\Commands\Server\rewrite.php(46): require_once('FCPATH\\index.php')
ERROR - 2023-01-15 02:04:39 --> mysqli_sql_exception: Unknown column 'created_at' in 'field list' in C:\xampp\htdocs\Florist-Event-Reservation-Ordering\system\Database\MySQLi\Connection.php:292
Stack trace:
#0 C:\xampp\htdocs\Florist-Event-Reservation-Ordering\system\Database\MySQLi\Connection.php(292): mysqli->query('INSERT INTO `ad...', 0)
#1 C:\xampp\htdocs\Florist-Event-Reservation-Ordering\system\Database\BaseConnection.php(666): CodeIgniter\Database\MySQLi\Connection->execute('INSERT INTO `ad...')
#2 C:\xampp\htdocs\Florist-Event-Reservation-Ordering\system\Database\BaseConnection.php(593): CodeIgniter\Database\BaseConnection->simpleQuery('INSERT INTO `ad...')
#3 C:\xampp\htdocs\Florist-Event-Reservation-Ordering\system\Database\BaseBuilder.php(1916): CodeIgniter\Database\BaseConnection->query('INSERT INTO `ad...', Array, false)
#4 C:\xampp\htdocs\Florist-Event-Reservation-Ordering\system\Model.php(279): CodeIgniter\Database\BaseBuilder->insert()
#5 C:\xampp\htdocs\Florist-Event-Reservation-Ordering\system\BaseModel.php(749): CodeIgniter\Model->doInsert(Array)
#6 C:\xampp\htdocs\Florist-Event-Reservation-Ordering\system\Model.php(667): CodeIgniter\BaseModel->insert(Array, false)
#7 C:\xampp\htdocs\Florist-Event-Reservation-Ordering\system\BaseModel.php(659): CodeIgniter\Model->insert(Array, false)
#8 C:\xampp\htdocs\Florist-Event-Reservation-Ordering\app\Controllers\Admin.php(99): CodeIgniter\BaseModel->save(Array)
#9 C:\xampp\htdocs\Florist-Event-Reservation-Ordering\system\CodeIgniter.php(927): App\Controllers\Admin->register()
#10 C:\xampp\htdocs\Florist-Event-Reservation-Ordering\system\CodeIgniter.php(482): CodeIgniter\CodeIgniter->runController(Object(App\Controllers\Admin))
#11 C:\xampp\htdocs\Florist-Event-Reservation-Ordering\system\CodeIgniter.php(351): CodeIgniter\CodeIgniter->handleRequest(NULL, Object(Config\Cache), false)
#12 C:\xampp\htdocs\Florist-Event-Reservation-Ordering\public\index.php(67): CodeIgniter\CodeIgniter->run()
#13 C:\xampp\htdocs\Florist-Event-Reservation-Ordering\system\Commands\Server\rewrite.php(46): require_once('C:\\xampp\\htdocs...')
#14 {main}
CRITICAL - 2023-01-15 02:04:39 --> Unknown column 'created_at' in 'field list'
in SYSTEMPATH\Database\MySQLi\Connection.php on line 292.
 1 SYSTEMPATH\Database\MySQLi\Connection.php(292): mysqli->query('INSERT INTO `admins` (`password`, `created_at`) VALUES (\'$2y$10$Gge3CXK3rF0rib2/RQYveehawSOPDaUYDEF3TGpFPGi91q3pyZfC6\', \'2023-01-15 02:04:39\')', 0)
 2 SYSTEMPATH\Database\BaseConnection.php(666): CodeIgniter\Database\MySQLi\Connection->execute('INSERT INTO `admins` (`password`, `created_at`) VALUES (\'$2y$10$Gge3CXK3rF0rib2/RQYveehawSOPDaUYDEF3TGpFPGi91q3pyZfC6\', \'2023-01-15 02:04:39\')')
 3 SYSTEMPATH\Database\BaseConnection.php(593): CodeIgniter\Database\BaseConnection->simpleQuery('INSERT INTO `admins` (`password`, `created_at`) VALUES (\'$2y$10$Gge3CXK3rF0rib2/RQYveehawSOPDaUYDEF3TGpFPGi91q3pyZfC6\', \'2023-01-15 02:04:39\')')
 4 SYSTEMPATH\Database\BaseBuilder.php(1916): CodeIgniter\Database\BaseConnection->query('INSERT INTO `admins` (`password`, `created_at`) VALUES (:password:, :created_at:)', [...], false)
 5 SYSTEMPATH\Model.php(279): CodeIgniter\Database\BaseBuilder->insert()
 6 SYSTEMPATH\BaseModel.php(749): CodeIgniter\Model->doInsert([...])
 7 SYSTEMPATH\Model.php(667): CodeIgniter\BaseModel->insert([...], false)
 8 SYSTEMPATH\BaseModel.php(659): CodeIgniter\Model->insert([...], false)
 9 APPPATH\Controllers\Admin.php(99): CodeIgniter\BaseModel->save([...])
10 SYSTEMPATH\CodeIgniter.php(927): App\Controllers\Admin->register()
11 SYSTEMPATH\CodeIgniter.php(482): CodeIgniter\CodeIgniter->runController(Object(App\Controllers\Admin))
12 SYSTEMPATH\CodeIgniter.php(351): CodeIgniter\CodeIgniter->handleRequest(null, Object(Config\Cache), false)
13 FCPATH\index.php(67): CodeIgniter\CodeIgniter->run()
14 SYSTEMPATH\Commands\Server\rewrite.php(46): require_once('FCPATH\\index.php')
