CRITICAL - 2024-02-25 19:05:37 --> Class "App\Controllers\Keyboard_model" not found
in APPPATH\Controllers\Home.php on line 428.
 1 SYSTEMPATH\CodeIgniter.php(927): App\Controllers\Home->keyboard_list()
 2 SYSTEMPATH\CodeIgniter.php(482): CodeIgniter\CodeIgniter->runController(Object(App\Controllers\Home))
 3 SYSTEMPATH\CodeIgniter.php(351): CodeIgniter\CodeIgniter->handleRequest(null, Object(Config\Cache), false)
 4 FCPATH\index.php(87): CodeIgniter\CodeIgniter->run()
 5 SYSTEMPATH\Commands\Server\rewrite.php(46): require_once('FCPATH\\index.php')
CRITICAL - 2024-02-25 19:05:55 --> Undefined variable $mouse
in APPPATH\Views\admin\keyboard.php on line 70.
 1 APPPATH\Views\admin\keyboard.php(70): CodeIgniter\Debug\Exceptions->errorHandler(2, 'Undefined variable $mouse', 'APPPATH\\Views\\admin\\keyboard.php', 70)
 2 SYSTEMPATH\View\View.php(213): include('APPPATH\\Views\\admin\\keyboard.php')
 3 SYSTEMPATH\View\View.php(216): CodeIgniter\View\View->CodeIgniter\View\{closure}()
 4 SYSTEMPATH\Common.php(1134): CodeIgniter\View\View->render('admin/keyboard', [], true)
 5 APPPATH\Controllers\Home.php(441): view('admin/keyboard', [...])
 6 SYSTEMPATH\CodeIgniter.php(927): App\Controllers\Home->keyboard_list()
 7 SYSTEMPATH\CodeIgniter.php(482): CodeIgniter\CodeIgniter->runController(Object(App\Controllers\Home))
 8 SYSTEMPATH\CodeIgniter.php(351): CodeIgniter\CodeIgniter->handleRequest(null, Object(Config\Cache), false)
 9 FCPATH\index.php(87): CodeIgniter\CodeIgniter->run()
10 SYSTEMPATH\Commands\Server\rewrite.php(46): require_once('FCPATH\\index.php')
ERROR - 2024-02-25 19:08:05 --> mysqli_sql_exception: Column 'keyboard_equip_id' cannot be null in C:\xampp\htdocs\tamtechhub_inventory\system\Database\MySQLi\Connection.php:292
Stack trace:
#0 C:\xampp\htdocs\tamtechhub_inventory\system\Database\MySQLi\Connection.php(292): mysqli->query('INSERT INTO `ke...', 0)
#1 C:\xampp\htdocs\tamtechhub_inventory\system\Database\BaseConnection.php(666): CodeIgniter\Database\MySQLi\Connection->execute('INSERT INTO `ke...')
#2 C:\xampp\htdocs\tamtechhub_inventory\system\Database\BaseConnection.php(593): CodeIgniter\Database\BaseConnection->simpleQuery('INSERT INTO `ke...')
#3 C:\xampp\htdocs\tamtechhub_inventory\system\Database\BaseBuilder.php(1916): CodeIgniter\Database\BaseConnection->query('INSERT INTO `ke...', Array, false)
#4 C:\xampp\htdocs\tamtechhub_inventory\system\Model.php(279): CodeIgniter\Database\BaseBuilder->insert()
#5 C:\xampp\htdocs\tamtechhub_inventory\system\BaseModel.php(749): CodeIgniter\Model->doInsert(Array)
#6 C:\xampp\htdocs\tamtechhub_inventory\system\Model.php(667): CodeIgniter\BaseModel->insert(Array, false)
#7 C:\xampp\htdocs\tamtechhub_inventory\system\BaseModel.php(659): CodeIgniter\Model->insert(Array, false)
#8 C:\xampp\htdocs\tamtechhub_inventory\app\Controllers\Home.php(455): CodeIgniter\BaseModel->save(Array)
#9 C:\xampp\htdocs\tamtechhub_inventory\system\CodeIgniter.php(927): App\Controllers\Home->add_keyboard()
#10 C:\xampp\htdocs\tamtechhub_inventory\system\CodeIgniter.php(482): CodeIgniter\CodeIgniter->runController(Object(App\Controllers\Home))
#11 C:\xampp\htdocs\tamtechhub_inventory\system\CodeIgniter.php(351): CodeIgniter\CodeIgniter->handleRequest(NULL, Object(Config\Cache), false)
#12 C:\xampp\htdocs\tamtechhub_inventory\public\index.php(87): CodeIgniter\CodeIgniter->run()
#13 C:\xampp\htdocs\tamtechhub_inventory\system\Commands\Server\rewrite.php(46): require_once('C:\\xampp\\htdocs...')
#14 {main}
CRITICAL - 2024-02-25 19:08:05 --> Column 'keyboard_equip_id' cannot be null
in SYSTEMPATH\Database\MySQLi\Connection.php on line 292.
 1 SYSTEMPATH\Database\MySQLi\Connection.php(292): mysqli->query('INSERT INTO `keyboard` (`keyboard_equip_id`, `keyboard_brand`, `keyboard_model`) VALUES (NULL, \'dsd\', \'sdsd\')', 0)
 2 SYSTEMPATH\Database\BaseConnection.php(666): CodeIgniter\Database\MySQLi\Connection->execute('INSERT INTO `keyboard` (`keyboard_equip_id`, `keyboard_brand`, `keyboard_model`) VALUES (NULL, \'dsd\', \'sdsd\')')
 3 SYSTEMPATH\Database\BaseConnection.php(593): CodeIgniter\Database\BaseConnection->simpleQuery('INSERT INTO `keyboard` (`keyboard_equip_id`, `keyboard_brand`, `keyboard_model`) VALUES (NULL, \'dsd\', \'sdsd\')')
 4 SYSTEMPATH\Database\BaseBuilder.php(1916): CodeIgniter\Database\BaseConnection->query('INSERT INTO `keyboard` (`keyboard_equip_id`, `keyboard_brand`, `keyboard_model`) VALUES (:keyboard_equip_id:, :keyboard_brand:, :keyboard_model:)', [...], false)
 5 SYSTEMPATH\Model.php(279): CodeIgniter\Database\BaseBuilder->insert()
 6 SYSTEMPATH\BaseModel.php(749): CodeIgniter\Model->doInsert([...])
 7 SYSTEMPATH\Model.php(667): CodeIgniter\BaseModel->insert([...], false)
 8 SYSTEMPATH\BaseModel.php(659): CodeIgniter\Model->insert([...], false)
 9 APPPATH\Controllers\Home.php(455): CodeIgniter\BaseModel->save([...])
10 SYSTEMPATH\CodeIgniter.php(927): App\Controllers\Home->add_keyboard()
11 SYSTEMPATH\CodeIgniter.php(482): CodeIgniter\CodeIgniter->runController(Object(App\Controllers\Home))
12 SYSTEMPATH\CodeIgniter.php(351): CodeIgniter\CodeIgniter->handleRequest(null, Object(Config\Cache), false)
13 FCPATH\index.php(87): CodeIgniter\CodeIgniter->run()
14 SYSTEMPATH\Commands\Server\rewrite.php(46): require_once('FCPATH\\index.php')
CRITICAL - 2024-02-25 21:01:17 --> Undefined array key "status"
in APPPATH\Views\admin\desktop.php on line 224.
 1 APPPATH\Views\admin\desktop.php(224): CodeIgniter\Debug\Exceptions->errorHandler(2, 'Undefined array key "status"', 'APPPATH\\Views\\admin\\desktop.php', 224)
 2 SYSTEMPATH\View\View.php(213): include('APPPATH\\Views\\admin\\desktop.php')
 3 SYSTEMPATH\View\View.php(216): CodeIgniter\View\View->CodeIgniter\View\{closure}()
 4 SYSTEMPATH\Common.php(1134): CodeIgniter\View\View->render('admin/desktop', [], true)
 5 APPPATH\Controllers\Home.php(143): view('admin/desktop', [...])
 6 SYSTEMPATH\CodeIgniter.php(927): App\Controllers\Home->machine_list()
 7 SYSTEMPATH\CodeIgniter.php(482): CodeIgniter\CodeIgniter->runController(Object(App\Controllers\Home))
 8 SYSTEMPATH\CodeIgniter.php(351): CodeIgniter\CodeIgniter->handleRequest(null, Object(Config\Cache), false)
 9 FCPATH\index.php(87): CodeIgniter\CodeIgniter->run()
10 SYSTEMPATH\Commands\Server\rewrite.php(46): require_once('FCPATH\\index.php')
CRITICAL - 2024-02-25 21:02:46 --> Undefined variable $Machine_model
in APPPATH\Controllers\Home.php on line 134.
 1 APPPATH\Controllers\Home.php(134): CodeIgniter\Debug\Exceptions->errorHandler(2, 'Undefined variable $Machine_model', 'APPPATH\\Controllers\\Home.php', 134)
 2 SYSTEMPATH\CodeIgniter.php(927): App\Controllers\Home->machine_list()
 3 SYSTEMPATH\CodeIgniter.php(482): CodeIgniter\CodeIgniter->runController(Object(App\Controllers\Home))
 4 SYSTEMPATH\CodeIgniter.php(351): CodeIgniter\CodeIgniter->handleRequest(null, Object(Config\Cache), false)
 5 FCPATH\index.php(87): CodeIgniter\CodeIgniter->run()
 6 SYSTEMPATH\Commands\Server\rewrite.php(46): require_once('FCPATH\\index.php')
CRITICAL - 2024-02-25 21:03:04 --> Undefined array key "agent_name"
in APPPATH\Views\admin\desktop.php on line 225.
 1 APPPATH\Views\admin\desktop.php(225): CodeIgniter\Debug\Exceptions->errorHandler(2, 'Undefined array key "agent_name"', 'APPPATH\\Views\\admin\\desktop.php', 225)
 2 SYSTEMPATH\View\View.php(213): include('APPPATH\\Views\\admin\\desktop.php')
 3 SYSTEMPATH\View\View.php(216): CodeIgniter\View\View->CodeIgniter\View\{closure}()
 4 SYSTEMPATH\Common.php(1134): CodeIgniter\View\View->render('admin/desktop', [], true)
 5 APPPATH\Controllers\Home.php(144): view('admin/desktop', [...])
 6 SYSTEMPATH\CodeIgniter.php(927): App\Controllers\Home->machine_list()
 7 SYSTEMPATH\CodeIgniter.php(482): CodeIgniter\CodeIgniter->runController(Object(App\Controllers\Home))
 8 SYSTEMPATH\CodeIgniter.php(351): CodeIgniter\CodeIgniter->handleRequest(null, Object(Config\Cache), false)
 9 FCPATH\index.php(87): CodeIgniter\CodeIgniter->run()
10 SYSTEMPATH\Commands\Server\rewrite.php(46): require_once('FCPATH\\index.php')
CRITICAL - 2024-02-25 21:04:20 --> Undefined array key "machine_name"
in APPPATH\Views\admin\desktop.php on line 225.
 1 APPPATH\Views\admin\desktop.php(225): CodeIgniter\Debug\Exceptions->errorHandler(2, 'Undefined array key "machine_name"', 'APPPATH\\Views\\admin\\desktop.php', 225)
 2 SYSTEMPATH\View\View.php(213): include('APPPATH\\Views\\admin\\desktop.php')
 3 SYSTEMPATH\View\View.php(216): CodeIgniter\View\View->CodeIgniter\View\{closure}()
 4 SYSTEMPATH\Common.php(1134): CodeIgniter\View\View->render('admin/desktop', [], true)
 5 APPPATH\Controllers\Home.php(144): view('admin/desktop', [...])
 6 SYSTEMPATH\CodeIgniter.php(927): App\Controllers\Home->machine_list()
 7 SYSTEMPATH\CodeIgniter.php(482): CodeIgniter\CodeIgniter->runController(Object(App\Controllers\Home))
 8 SYSTEMPATH\CodeIgniter.php(351): CodeIgniter\CodeIgniter->handleRequest(null, Object(Config\Cache), false)
 9 FCPATH\index.php(87): CodeIgniter\CodeIgniter->run()
10 SYSTEMPATH\Commands\Server\rewrite.php(46): require_once('FCPATH\\index.php')
CRITICAL - 2024-02-25 21:09:36 --> Undefined variable $status
in APPPATH\Views\admin\desktop.php on line 203.
 1 APPPATH\Views\admin\desktop.php(203): CodeIgniter\Debug\Exceptions->errorHandler(2, 'Undefined variable $status', 'APPPATH\\Views\\admin\\desktop.php', 203)
 2 SYSTEMPATH\View\View.php(213): include('APPPATH\\Views\\admin\\desktop.php')
 3 SYSTEMPATH\View\View.php(216): CodeIgniter\View\View->CodeIgniter\View\{closure}()
 4 SYSTEMPATH\Common.php(1134): CodeIgniter\View\View->render('admin/desktop', [], true)
 5 APPPATH\Controllers\Home.php(144): view('admin/desktop', [...])
 6 SYSTEMPATH\CodeIgniter.php(927): App\Controllers\Home->machine_list()
 7 SYSTEMPATH\CodeIgniter.php(482): CodeIgniter\CodeIgniter->runController(Object(App\Controllers\Home))
 8 SYSTEMPATH\CodeIgniter.php(351): CodeIgniter\CodeIgniter->handleRequest(null, Object(Config\Cache), false)
 9 FCPATH\index.php(87): CodeIgniter\CodeIgniter->run()
10 SYSTEMPATH\Commands\Server\rewrite.php(46): require_once('FCPATH\\index.php')
CRITICAL - 2024-02-25 21:13:41 --> Undefined variable $agent_list
in APPPATH\Views\admin\agent_list.php on line 45.
 1 APPPATH\Views\admin\agent_list.php(45): CodeIgniter\Debug\Exceptions->errorHandler(2, 'Undefined variable $agent_list', 'APPPATH\\Views\\admin\\agent_list.php', 45)
 2 SYSTEMPATH\View\View.php(213): include('APPPATH\\Views\\admin\\agent_list.php')
 3 SYSTEMPATH\View\View.php(216): CodeIgniter\View\View->CodeIgniter\View\{closure}()
 4 SYSTEMPATH\Common.php(1134): CodeIgniter\View\View->render('admin/agent_list', [], true)
 5 APPPATH\Controllers\Home.php(161): view('admin/agent_list', [...])
 6 SYSTEMPATH\CodeIgniter.php(927): App\Controllers\Home->add_cpu()
 7 SYSTEMPATH\CodeIgniter.php(482): CodeIgniter\CodeIgniter->runController(Object(App\Controllers\Home))
 8 SYSTEMPATH\CodeIgniter.php(351): CodeIgniter\CodeIgniter->handleRequest(null, Object(Config\Cache), false)
 9 FCPATH\index.php(87): CodeIgniter\CodeIgniter->run()
10 SYSTEMPATH\Commands\Server\rewrite.php(46): require_once('FCPATH\\index.php')
CRITICAL - 2024-02-25 21:14:37 --> Undefined variable $machine
in APPPATH\Views\admin\desktop.php on line 76.
 1 APPPATH\Views\admin\desktop.php(76): CodeIgniter\Debug\Exceptions->errorHandler(2, 'Undefined variable $machine', 'APPPATH\\Views\\admin\\desktop.php', 76)
 2 SYSTEMPATH\View\View.php(213): include('APPPATH\\Views\\admin\\desktop.php')
 3 SYSTEMPATH\View\View.php(216): CodeIgniter\View\View->CodeIgniter\View\{closure}()
 4 SYSTEMPATH\Common.php(1134): CodeIgniter\View\View->render('admin/desktop', [], true)
 5 APPPATH\Controllers\Home.php(161): view('admin/desktop', [...])
 6 SYSTEMPATH\CodeIgniter.php(927): App\Controllers\Home->add_cpu()
 7 SYSTEMPATH\CodeIgniter.php(482): CodeIgniter\CodeIgniter->runController(Object(App\Controllers\Home))
 8 SYSTEMPATH\CodeIgniter.php(351): CodeIgniter\CodeIgniter->handleRequest(null, Object(Config\Cache), false)
 9 FCPATH\index.php(87): CodeIgniter\CodeIgniter->run()
10 SYSTEMPATH\Commands\Server\rewrite.php(46): require_once('FCPATH\\index.php')
ERROR - 2024-02-25 21:59:28 --> mysqli_sql_exception: Unknown column 'equip_id' in 'where clause' in C:\xampp\htdocs\tamtechhub_inventory\system\Database\MySQLi\Connection.php:292
Stack trace:
#0 C:\xampp\htdocs\tamtechhub_inventory\system\Database\MySQLi\Connection.php(292): mysqli->query('SELECT *\nFROM `...', 0)
#1 C:\xampp\htdocs\tamtechhub_inventory\system\Database\BaseConnection.php(666): CodeIgniter\Database\MySQLi\Connection->execute('SELECT *\nFROM `...')
#2 C:\xampp\htdocs\tamtechhub_inventory\system\Database\BaseConnection.php(593): CodeIgniter\Database\BaseConnection->simpleQuery('SELECT *\nFROM `...')
#3 C:\xampp\htdocs\tamtechhub_inventory\system\Database\BaseBuilder.php(1585): CodeIgniter\Database\BaseConnection->query('SELECT *\nFROM `...', Array, false)
#4 C:\xampp\htdocs\tamtechhub_inventory\system\Model.php(250): CodeIgniter\Database\BaseBuilder->get()
#5 C:\xampp\htdocs\tamtechhub_inventory\system\BaseModel.php(623): CodeIgniter\Model->doFirst()
#6 C:\xampp\htdocs\tamtechhub_inventory\app\Controllers\Home.php(317): CodeIgniter\BaseModel->first()
#7 C:\xampp\htdocs\tamtechhub_inventory\system\CodeIgniter.php(927): App\Controllers\Home->add_headset()
#8 C:\xampp\htdocs\tamtechhub_inventory\system\CodeIgniter.php(482): CodeIgniter\CodeIgniter->runController(Object(App\Controllers\Home))
#9 C:\xampp\htdocs\tamtechhub_inventory\system\CodeIgniter.php(351): CodeIgniter\CodeIgniter->handleRequest(NULL, Object(Config\Cache), false)
#10 C:\xampp\htdocs\tamtechhub_inventory\public\index.php(87): CodeIgniter\CodeIgniter->run()
#11 C:\xampp\htdocs\tamtechhub_inventory\system\Commands\Server\rewrite.php(46): require_once('C:\\xampp\\htdocs...')
#12 {main}
CRITICAL - 2024-02-25 21:59:28 --> Unknown column 'equip_id' in 'where clause'
in SYSTEMPATH\Database\MySQLi\Connection.php on line 292.
 1 SYSTEMPATH\Database\MySQLi\Connection.php(292): mysqli->query('SELECT *
FROM `agent_list`
WHERE `equip_id` = \'HST01-Tamtech\'
 LIMIT 1', 0)
 2 SYSTEMPATH\Database\BaseConnection.php(666): CodeIgniter\Database\MySQLi\Connection->execute('SELECT *
FROM `agent_list`
WHERE `equip_id` = \'HST01-Tamtech\'
 LIMIT 1')
 3 SYSTEMPATH\Database\BaseConnection.php(593): CodeIgniter\Database\BaseConnection->simpleQuery('SELECT *
FROM `agent_list`
WHERE `equip_id` = \'HST01-Tamtech\'
 LIMIT 1')
 4 SYSTEMPATH\Database\BaseBuilder.php(1585): CodeIgniter\Database\BaseConnection->query('SELECT *
FROM `agent_list`
WHERE `equip_id` = :equip_id:
 LIMIT 1', [...], false)
 5 SYSTEMPATH\Model.php(250): CodeIgniter\Database\BaseBuilder->get()
 6 SYSTEMPATH\BaseModel.php(623): CodeIgniter\Model->doFirst()
 7 APPPATH\Controllers\Home.php(317): CodeIgniter\BaseModel->first()
 8 SYSTEMPATH\CodeIgniter.php(927): App\Controllers\Home->add_headset()
 9 SYSTEMPATH\CodeIgniter.php(482): CodeIgniter\CodeIgniter->runController(Object(App\Controllers\Home))
10 SYSTEMPATH\CodeIgniter.php(351): CodeIgniter\CodeIgniter->handleRequest(null, Object(Config\Cache), false)
11 FCPATH\index.php(87): CodeIgniter\CodeIgniter->run()
12 SYSTEMPATH\Commands\Server\rewrite.php(46): require_once('FCPATH\\index.php')
CRITICAL - 2024-02-25 23:55:36 --> Undefined variable $keyboard
in APPPATH\Views\admin\monitor.php on line 72.
 1 APPPATH\Views\admin\monitor.php(72): CodeIgniter\Debug\Exceptions->errorHandler(2, 'Undefined variable $keyboard', 'APPPATH\\Views\\admin\\monitor.php', 72)
 2 SYSTEMPATH\View\View.php(213): include('APPPATH\\Views\\admin\\monitor.php')
 3 SYSTEMPATH\View\View.php(216): CodeIgniter\View\View->CodeIgniter\View\{closure}()
 4 SYSTEMPATH\Common.php(1134): CodeIgniter\View\View->render('admin/monitor', [], true)
 5 APPPATH\Controllers\Home.php(688): view('admin/monitor', [...])
 6 SYSTEMPATH\CodeIgniter.php(927): App\Controllers\Home->monitor_list()
 7 SYSTEMPATH\CodeIgniter.php(482): CodeIgniter\CodeIgniter->runController(Object(App\Controllers\Home))
 8 SYSTEMPATH\CodeIgniter.php(351): CodeIgniter\CodeIgniter->handleRequest(null, Object(Config\Cache), false)
 9 FCPATH\index.php(87): CodeIgniter\CodeIgniter->run()
10 SYSTEMPATH\Commands\Server\rewrite.php(46): require_once('FCPATH\\index.php')
