CRITICAL - 2023-09-01 00:04:06 --> Unsupported operand types: array * array
in APPPATH\Controllers\Customize.php on line 183.
 1 SYSTEMPATH\CodeIgniter.php(927): App\Controllers\Customize->add_price('5')
 2 SYSTEMPATH\CodeIgniter.php(482): CodeIgniter\CodeIgniter->runController(Object(App\Controllers\Customize))
 3 SYSTEMPATH\CodeIgniter.php(351): CodeIgniter\CodeIgniter->handleRequest(null, Object(Config\Cache), false)
 4 FCPATH\index.php(67): CodeIgniter\CodeIgniter->run()
 5 SYSTEMPATH\Commands\Server\rewrite.php(46): require_once('FCPATH\\index.php')
CRITICAL - 2023-09-01 00:05:13 --> Unsupported operand types: array * array
in APPPATH\Controllers\Customize.php on line 164.
 1 SYSTEMPATH\CodeIgniter.php(927): App\Controllers\Customize->add_price('5')
 2 SYSTEMPATH\CodeIgniter.php(482): CodeIgniter\CodeIgniter->runController(Object(App\Controllers\Customize))
 3 SYSTEMPATH\CodeIgniter.php(351): CodeIgniter\CodeIgniter->handleRequest(null, Object(Config\Cache), false)
 4 FCPATH\index.php(67): CodeIgniter\CodeIgniter->run()
 5 SYSTEMPATH\Commands\Server\rewrite.php(46): require_once('FCPATH\\index.php')
CRITICAL - 2023-09-01 00:08:31 --> Undefined variable $firstname
in APPPATH\Controllers\Customize.php on line 216.
 1 APPPATH\Controllers\Customize.php(216): CodeIgniter\Debug\Exceptions->errorHandler(2, 'Undefined variable $firstname', 'APPPATH\\Controllers\\Customize.php', 216)
 2 SYSTEMPATH\CodeIgniter.php(927): App\Controllers\Customize->add_price('5')
 3 SYSTEMPATH\CodeIgniter.php(482): CodeIgniter\CodeIgniter->runController(Object(App\Controllers\Customize))
 4 SYSTEMPATH\CodeIgniter.php(351): CodeIgniter\CodeIgniter->handleRequest(null, Object(Config\Cache), false)
 5 FCPATH\index.php(67): CodeIgniter\CodeIgniter->run()
 6 SYSTEMPATH\Commands\Server\rewrite.php(46): require_once('FCPATH\\index.php')
CRITICAL - 2023-09-01 00:09:31 --> Undefined variable $shipping_fee
in APPPATH\Views\admin\emails\topay_cod.php on line 76.
 1 APPPATH\Views\admin\emails\topay_cod.php(76): CodeIgniter\Debug\Exceptions->errorHandler(2, 'Undefined variable $shipping_fee', 'APPPATH\\Views\\admin\\emails\\topay_cod.php', 76)
 2 SYSTEMPATH\View\View.php(213): include('APPPATH\\Views\\admin\\emails\\topay_cod.php')
 3 SYSTEMPATH\View\View.php(216): CodeIgniter\View\View->CodeIgniter\View\{closure}()
 4 SYSTEMPATH\Common.php(1134): CodeIgniter\View\View->render('admin/emails/topay_cod', [], true)
 5 APPPATH\Controllers\Customize.php(230): view('admin/emails/topay_cod', [...])
 6 SYSTEMPATH\CodeIgniter.php(927): App\Controllers\Customize->add_price('6')
 7 SYSTEMPATH\CodeIgniter.php(482): CodeIgniter\CodeIgniter->runController(Object(App\Controllers\Customize))
 8 SYSTEMPATH\CodeIgniter.php(351): CodeIgniter\CodeIgniter->handleRequest(null, Object(Config\Cache), false)
 9 FCPATH\index.php(67): CodeIgniter\CodeIgniter->run()
10 SYSTEMPATH\Commands\Server\rewrite.php(46): require_once('FCPATH\\index.php')
CRITICAL - 2023-09-01 00:10:20 --> Undefined variable $shipping_fee
in APPPATH\Views\admin\emails\topay_cod.php on line 76.
 1 APPPATH\Views\admin\emails\topay_cod.php(76): CodeIgniter\Debug\Exceptions->errorHandler(2, 'Undefined variable $shipping_fee', 'APPPATH\\Views\\admin\\emails\\topay_cod.php', 76)
 2 SYSTEMPATH\View\View.php(213): include('APPPATH\\Views\\admin\\emails\\topay_cod.php')
 3 SYSTEMPATH\View\View.php(216): CodeIgniter\View\View->CodeIgniter\View\{closure}()
 4 SYSTEMPATH\Common.php(1134): CodeIgniter\View\View->render('admin/emails/topay_cod', [], true)
 5 APPPATH\Controllers\Customize.php(230): view('admin/emails/topay_cod', [...])
 6 SYSTEMPATH\CodeIgniter.php(927): App\Controllers\Customize->add_price('4')
 7 SYSTEMPATH\CodeIgniter.php(482): CodeIgniter\CodeIgniter->runController(Object(App\Controllers\Customize))
 8 SYSTEMPATH\CodeIgniter.php(351): CodeIgniter\CodeIgniter->handleRequest(null, Object(Config\Cache), false)
 9 FCPATH\index.php(67): CodeIgniter\CodeIgniter->run()
10 SYSTEMPATH\Commands\Server\rewrite.php(46): require_once('FCPATH\\index.php')
CRITICAL - 2023-09-01 00:10:58 --> Undefined variable $shipping_fee
in APPPATH\Views\admin\emails\topay_cod.php on line 76.
 1 APPPATH\Views\admin\emails\topay_cod.php(76): CodeIgniter\Debug\Exceptions->errorHandler(2, 'Undefined variable $shipping_fee', 'APPPATH\\Views\\admin\\emails\\topay_cod.php', 76)
 2 SYSTEMPATH\View\View.php(213): include('APPPATH\\Views\\admin\\emails\\topay_cod.php')
 3 SYSTEMPATH\View\View.php(216): CodeIgniter\View\View->CodeIgniter\View\{closure}()
 4 SYSTEMPATH\Common.php(1134): CodeIgniter\View\View->render('admin/emails/topay_cod', [], true)
 5 APPPATH\Controllers\Customize.php(230): view('admin/emails/topay_cod', [...])
 6 SYSTEMPATH\CodeIgniter.php(927): App\Controllers\Customize->add_price('5')
 7 SYSTEMPATH\CodeIgniter.php(482): CodeIgniter\CodeIgniter->runController(Object(App\Controllers\Customize))
 8 SYSTEMPATH\CodeIgniter.php(351): CodeIgniter\CodeIgniter->handleRequest(null, Object(Config\Cache), false)
 9 FCPATH\index.php(67): CodeIgniter\CodeIgniter->run()
10 SYSTEMPATH\Commands\Server\rewrite.php(46): require_once('FCPATH\\index.php')
CRITICAL - 2023-09-01 00:11:23 --> Array to string conversion
in APPPATH\Views\admin\emails\settle_custom.php on line 115.
 1 APPPATH\Views\admin\emails\settle_custom.php(115): CodeIgniter\Debug\Exceptions->errorHandler(2, 'Array to string conversion', 'APPPATH\\Views\\admin\\emails\\settle_custom.php', 115)
 2 SYSTEMPATH\View\View.php(213): include('APPPATH\\Views\\admin\\emails\\settle_custom.php')
 3 SYSTEMPATH\View\View.php(216): CodeIgniter\View\View->CodeIgniter\View\{closure}()
 4 SYSTEMPATH\Common.php(1134): CodeIgniter\View\View->render('admin/emails/settle_custom', [], true)
 5 APPPATH\Controllers\Customize.php(230): view('admin/emails/settle_custom', [...])
 6 SYSTEMPATH\CodeIgniter.php(927): App\Controllers\Customize->add_price('6')
 7 SYSTEMPATH\CodeIgniter.php(482): CodeIgniter\CodeIgniter->runController(Object(App\Controllers\Customize))
 8 SYSTEMPATH\CodeIgniter.php(351): CodeIgniter\CodeIgniter->handleRequest(null, Object(Config\Cache), false)
 9 FCPATH\index.php(67): CodeIgniter\CodeIgniter->run()
10 SYSTEMPATH\Commands\Server\rewrite.php(46): require_once('FCPATH\\index.php')
CRITICAL - 2023-09-01 00:16:30 --> syntax error, unexpected token "endif"
in APPPATH\Views\admin\orders\pending_orders.php on line 347.
 1 SYSTEMPATH\View\View.php(216): CodeIgniter\View\View->CodeIgniter\View\{closure}()
 2 SYSTEMPATH\Common.php(1134): CodeIgniter\View\View->render('admin/orders/pending_orders', [], true)
 3 APPPATH\Controllers\Orders.php(448): view('admin/orders/pending_orders', [...])
 4 SYSTEMPATH\CodeIgniter.php(927): App\Controllers\Orders->pending_orders()
 5 SYSTEMPATH\CodeIgniter.php(482): CodeIgniter\CodeIgniter->runController(Object(App\Controllers\Orders))
 6 SYSTEMPATH\CodeIgniter.php(351): CodeIgniter\CodeIgniter->handleRequest(null, Object(Config\Cache), false)
 7 FCPATH\index.php(67): CodeIgniter\CodeIgniter->run()
 8 SYSTEMPATH\Commands\Server\rewrite.php(46): require_once('FCPATH\\index.php')
ERROR - 2023-09-01 00:18:16 --> Email: sendWithSmtp throwed ErrorException: fsockopen(): php_network_getaddresses: getaddrinfo for smtp.googlemail.com failed: This is usually a temporary error during hostname resolution and means that the local server did not receive a response from an authoritative server.  in C:\xampp\htdocs\Florist-Event-Reservation-Ordering\system\Email\Email.php:1863
Stack trace:
#0 [internal function]: CodeIgniter\Debug\Exceptions->errorHandler(2, 'fsockopen(): ph...', 'C:\\xampp\\htdocs...', 1863)
#1 C:\xampp\htdocs\Florist-Event-Reservation-Ordering\system\Email\Email.php(1863): fsockopen('tls://smtp.goog...', 465, NULL, NULL, 60)
#2 C:\xampp\htdocs\Florist-Event-Reservation-Ordering\system\Email\Email.php(1777): CodeIgniter\Email\Email->SMTPConnect()
#3 C:\xampp\htdocs\Florist-Event-Reservation-Ordering\system\Email\Email.php(1662): CodeIgniter\Email\Email->sendWithSmtp()
#4 C:\xampp\htdocs\Florist-Event-Reservation-Ordering\system\Email\Email.php(1560): CodeIgniter\Email\Email->spoolEmail()
#5 C:\xampp\htdocs\Florist-Event-Reservation-Ordering\app\Controllers\Customize.php(232): CodeIgniter\Email\Email->send()
#6 C:\xampp\htdocs\Florist-Event-Reservation-Ordering\system\CodeIgniter.php(927): App\Controllers\Customize->add_price('7')
#7 C:\xampp\htdocs\Florist-Event-Reservation-Ordering\system\CodeIgniter.php(482): CodeIgniter\CodeIgniter->runController(Object(App\Controllers\Customize))
#8 C:\xampp\htdocs\Florist-Event-Reservation-Ordering\system\CodeIgniter.php(351): CodeIgniter\CodeIgniter->handleRequest(NULL, Object(Config\Cache), false)
#9 C:\xampp\htdocs\Florist-Event-Reservation-Ordering\public\index.php(67): CodeIgniter\CodeIgniter->run()
#10 C:\xampp\htdocs\Florist-Event-Reservation-Ordering\system\Commands\Server\rewrite.php(46): require_once('C:\\xampp\\htdocs...')
#11 {main}
ERROR - 2023-09-01 00:18:16 --> Email: Unable to send email using SMTP. Your server might not be configured to send mail using this method.
ERROR - 2023-09-01 00:18:16 --> 
CRITICAL - 2023-09-01 00:29:18 --> Invalid file: order_not_found.php
in SYSTEMPATH\Exceptions\FrameworkException.php on line 33.
 1 SYSTEMPATH\View\View.php(201): CodeIgniter\Exceptions\FrameworkException::forInvalidFile('order_not_found.php')
 2 SYSTEMPATH\Common.php(1134): CodeIgniter\View\View->render('order_not_found', [], true)
 3 APPPATH\Controllers\Customize.php(275): view('order_not_found')
 4 SYSTEMPATH\CodeIgniter.php(927): App\Controllers\Customize->details('4')
 5 SYSTEMPATH\CodeIgniter.php(482): CodeIgniter\CodeIgniter->runController(Object(App\Controllers\Customize))
 6 SYSTEMPATH\CodeIgniter.php(351): CodeIgniter\CodeIgniter->handleRequest(null, Object(Config\Cache), false)
 7 FCPATH\index.php(67): CodeIgniter\CodeIgniter->run()
 8 SYSTEMPATH\Commands\Server\rewrite.php(46): require_once('FCPATH\\index.php')
CRITICAL - 2023-09-01 00:34:43 --> count(): Argument #1 ($value) must be of type Countable|array, string given
in APPPATH\Views\admin\emails\settle_custom.php on line 72.
 1 SYSTEMPATH\View\View.php(213): include()
 2 SYSTEMPATH\View\View.php(216): CodeIgniter\View\View->CodeIgniter\View\{closure}()
 3 SYSTEMPATH\Common.php(1134): CodeIgniter\View\View->render('admin/emails/settle_custom', [], true)
 4 APPPATH\Controllers\Customize.php(215): view('admin/emails/settle_custom', [...])
 5 SYSTEMPATH\CodeIgniter.php(927): App\Controllers\Customize->add_price('10')
 6 SYSTEMPATH\CodeIgniter.php(482): CodeIgniter\CodeIgniter->runController(Object(App\Controllers\Customize))
 7 SYSTEMPATH\CodeIgniter.php(351): CodeIgniter\CodeIgniter->handleRequest(null, Object(Config\Cache), false)
 8 FCPATH\index.php(67): CodeIgniter\CodeIgniter->run()
 9 SYSTEMPATH\Commands\Server\rewrite.php(46): require_once('FCPATH\\index.php')
CRITICAL - 2023-09-01 00:36:06 --> count(): Argument #1 ($value) must be of type Countable|array, string given
in APPPATH\Views\admin\emails\settle_custom.php on line 76.
 1 SYSTEMPATH\View\View.php(213): include()
 2 SYSTEMPATH\View\View.php(216): CodeIgniter\View\View->CodeIgniter\View\{closure}()
 3 SYSTEMPATH\Common.php(1134): CodeIgniter\View\View->render('admin/emails/settle_custom', [], true)
 4 APPPATH\Controllers\Customize.php(215): view('admin/emails/settle_custom', [...])
 5 SYSTEMPATH\CodeIgniter.php(927): App\Controllers\Customize->add_price('10')
 6 SYSTEMPATH\CodeIgniter.php(482): CodeIgniter\CodeIgniter->runController(Object(App\Controllers\Customize))
 7 SYSTEMPATH\CodeIgniter.php(351): CodeIgniter\CodeIgniter->handleRequest(null, Object(Config\Cache), false)
 8 FCPATH\index.php(67): CodeIgniter\CodeIgniter->run()
 9 SYSTEMPATH\Commands\Server\rewrite.php(46): require_once('FCPATH\\index.php')
CRITICAL - 2023-09-01 00:36:48 --> Undefined variable $item_amounts
in APPPATH\Views\admin\emails\settle_custom.php on line 79.
 1 APPPATH\Views\admin\emails\settle_custom.php(79): CodeIgniter\Debug\Exceptions->errorHandler(2, 'Undefined variable $item_amounts', 'APPPATH\\Views\\admin\\emails\\settle_custom.php', 79)
 2 SYSTEMPATH\View\View.php(213): include('APPPATH\\Views\\admin\\emails\\settle_custom.php')
 3 SYSTEMPATH\View\View.php(216): CodeIgniter\View\View->CodeIgniter\View\{closure}()
 4 SYSTEMPATH\Common.php(1134): CodeIgniter\View\View->render('admin/emails/settle_custom', [], true)
 5 APPPATH\Controllers\Customize.php(215): view('admin/emails/settle_custom', [...])
 6 SYSTEMPATH\CodeIgniter.php(927): App\Controllers\Customize->add_price('10')
 7 SYSTEMPATH\CodeIgniter.php(482): CodeIgniter\CodeIgniter->runController(Object(App\Controllers\Customize))
 8 SYSTEMPATH\CodeIgniter.php(351): CodeIgniter\CodeIgniter->handleRequest(null, Object(Config\Cache), false)
 9 FCPATH\index.php(67): CodeIgniter\CodeIgniter->run()
10 SYSTEMPATH\Commands\Server\rewrite.php(46): require_once('FCPATH\\index.php')
CRITICAL - 2023-09-01 03:14:04 --> Undefined array key "CartQty"
in APPPATH\Views\includes\header.php on line 148.
 1 APPPATH\Views\includes\header.php(148): CodeIgniter\Debug\Exceptions->errorHandler(2, 'Undefined array key "CartQty"', 'APPPATH\\Views\\includes\\header.php', 148)
 2 SYSTEMPATH\View\View.php(213): include('APPPATH\\Views\\includes\\header.php')
 3 SYSTEMPATH\View\View.php(216): CodeIgniter\View\View->CodeIgniter\View\{closure}()
 4 SYSTEMPATH\Common.php(1134): CodeIgniter\View\View->render('includes/header', [], true)
 5 APPPATH\Views\includes\template.php(1): view('includes/header')
 6 SYSTEMPATH\View\View.php(213): include('APPPATH\\Views\\includes\\template.php')
 7 SYSTEMPATH\View\View.php(216): CodeIgniter\View\View->CodeIgniter\View\{closure}()
 8 SYSTEMPATH\Common.php(1134): CodeIgniter\View\View->render('includes/template', [], true)
 9 APPPATH\Controllers\Home.php(998): view('includes/template', [...])
10 SYSTEMPATH\CodeIgniter.php(927): App\Controllers\Home->order_success('ROOTPATH\\public')
11 SYSTEMPATH\CodeIgniter.php(482): CodeIgniter\CodeIgniter->runController(Object(App\Controllers\Home))
12 SYSTEMPATH\CodeIgniter.php(351): CodeIgniter\CodeIgniter->handleRequest(null, Object(Config\Cache), false)
13 FCPATH\index.php(67): CodeIgniter\CodeIgniter->run()
14 SYSTEMPATH\Commands\Server\rewrite.php(46): require_once('FCPATH\\index.php')
CRITICAL - 2023-09-01 03:18:24 --> Undefined array key "CartQty"
in APPPATH\Views\includes\header.php on line 148.
 1 APPPATH\Views\includes\header.php(148): CodeIgniter\Debug\Exceptions->errorHandler(2, 'Undefined array key "CartQty"', 'APPPATH\\Views\\includes\\header.php', 148)
 2 SYSTEMPATH\View\View.php(213): include('APPPATH\\Views\\includes\\header.php')
 3 SYSTEMPATH\View\View.php(216): CodeIgniter\View\View->CodeIgniter\View\{closure}()
 4 SYSTEMPATH\Common.php(1134): CodeIgniter\View\View->render('includes/header', [], true)
 5 APPPATH\Views\includes\template.php(1): view('includes/header')
 6 SYSTEMPATH\View\View.php(213): include('APPPATH\\Views\\includes\\template.php')
 7 SYSTEMPATH\View\View.php(216): CodeIgniter\View\View->CodeIgniter\View\{closure}()
 8 SYSTEMPATH\Common.php(1134): CodeIgniter\View\View->render('includes/template', [], true)
 9 APPPATH\Controllers\Home.php(998): view('includes/template', [...])
10 SYSTEMPATH\CodeIgniter.php(927): App\Controllers\Home->order_success('ROOTPATH\\public')
11 SYSTEMPATH\CodeIgniter.php(482): CodeIgniter\CodeIgniter->runController(Object(App\Controllers\Home))
12 SYSTEMPATH\CodeIgniter.php(351): CodeIgniter\CodeIgniter->handleRequest(null, Object(Config\Cache), false)
13 FCPATH\index.php(67): CodeIgniter\CodeIgniter->run()
14 SYSTEMPATH\Commands\Server\rewrite.php(46): require_once('FCPATH\\index.php')
CRITICAL - 2023-09-01 03:18:49 --> Undefined array key "CartQty"
in APPPATH\Views\includes\header.php on line 148.
 1 APPPATH\Views\includes\header.php(148): CodeIgniter\Debug\Exceptions->errorHandler(2, 'Undefined array key "CartQty"', 'APPPATH\\Views\\includes\\header.php', 148)
 2 SYSTEMPATH\View\View.php(213): include('APPPATH\\Views\\includes\\header.php')
 3 SYSTEMPATH\View\View.php(216): CodeIgniter\View\View->CodeIgniter\View\{closure}()
 4 SYSTEMPATH\Common.php(1134): CodeIgniter\View\View->render('includes/header', [], true)
 5 APPPATH\Views\includes\template.php(1): view('includes/header')
 6 SYSTEMPATH\View\View.php(213): include('APPPATH\\Views\\includes\\template.php')
 7 SYSTEMPATH\View\View.php(216): CodeIgniter\View\View->CodeIgniter\View\{closure}()
 8 SYSTEMPATH\Common.php(1134): CodeIgniter\View\View->render('includes/template', [], true)
 9 APPPATH\Controllers\Home.php(998): view('includes/template', [...])
10 SYSTEMPATH\CodeIgniter.php(927): App\Controllers\Home->order_success('ROOTPATH\\public')
11 SYSTEMPATH\CodeIgniter.php(482): CodeIgniter\CodeIgniter->runController(Object(App\Controllers\Home))
12 SYSTEMPATH\CodeIgniter.php(351): CodeIgniter\CodeIgniter->handleRequest(null, Object(Config\Cache), false)
13 FCPATH\index.php(67): CodeIgniter\CodeIgniter->run()
14 SYSTEMPATH\Commands\Server\rewrite.php(46): require_once('FCPATH\\index.php')
CRITICAL - 2023-09-01 03:20:00 --> Undefined array key "CartQty"
in APPPATH\Views\includes\header.php on line 148.
 1 APPPATH\Views\includes\header.php(148): CodeIgniter\Debug\Exceptions->errorHandler(2, 'Undefined array key "CartQty"', 'APPPATH\\Views\\includes\\header.php', 148)
 2 SYSTEMPATH\View\View.php(213): include('APPPATH\\Views\\includes\\header.php')
 3 SYSTEMPATH\View\View.php(216): CodeIgniter\View\View->CodeIgniter\View\{closure}()
 4 SYSTEMPATH\Common.php(1134): CodeIgniter\View\View->render('includes/header', [], true)
 5 APPPATH\Views\includes\template.php(1): view('includes/header')
 6 SYSTEMPATH\View\View.php(213): include('APPPATH\\Views\\includes\\template.php')
 7 SYSTEMPATH\View\View.php(216): CodeIgniter\View\View->CodeIgniter\View\{closure}()
 8 SYSTEMPATH\Common.php(1134): CodeIgniter\View\View->render('includes/template', [], true)
 9 APPPATH\Controllers\Home.php(998): view('includes/template', [...])
10 SYSTEMPATH\CodeIgniter.php(927): App\Controllers\Home->order_success('ROOTPATH\\public')
11 SYSTEMPATH\CodeIgniter.php(482): CodeIgniter\CodeIgniter->runController(Object(App\Controllers\Home))
12 SYSTEMPATH\CodeIgniter.php(351): CodeIgniter\CodeIgniter->handleRequest(null, Object(Config\Cache), false)
13 FCPATH\index.php(67): CodeIgniter\CodeIgniter->run()
14 SYSTEMPATH\Commands\Server\rewrite.php(46): require_once('FCPATH\\index.php')
CRITICAL - 2023-09-01 03:21:19 --> Undefined array key "CartQty"
in APPPATH\Views\includes\header.php on line 148.
 1 APPPATH\Views\includes\header.php(148): CodeIgniter\Debug\Exceptions->errorHandler(2, 'Undefined array key "CartQty"', 'APPPATH\\Views\\includes\\header.php', 148)
 2 SYSTEMPATH\View\View.php(213): include('APPPATH\\Views\\includes\\header.php')
 3 SYSTEMPATH\View\View.php(216): CodeIgniter\View\View->CodeIgniter\View\{closure}()
 4 SYSTEMPATH\Common.php(1134): CodeIgniter\View\View->render('includes/header', [], true)
 5 APPPATH\Views\includes\template.php(1): view('includes/header')
 6 SYSTEMPATH\View\View.php(213): include('APPPATH\\Views\\includes\\template.php')
 7 SYSTEMPATH\View\View.php(216): CodeIgniter\View\View->CodeIgniter\View\{closure}()
 8 SYSTEMPATH\Common.php(1134): CodeIgniter\View\View->render('includes/template', [], true)
 9 APPPATH\Controllers\Home.php(998): view('includes/template', [...])
10 SYSTEMPATH\CodeIgniter.php(927): App\Controllers\Home->order_success('ROOTPATH\\public')
11 SYSTEMPATH\CodeIgniter.php(482): CodeIgniter\CodeIgniter->runController(Object(App\Controllers\Home))
12 SYSTEMPATH\CodeIgniter.php(351): CodeIgniter\CodeIgniter->handleRequest(null, Object(Config\Cache), false)
13 FCPATH\index.php(67): CodeIgniter\CodeIgniter->run()
14 SYSTEMPATH\Commands\Server\rewrite.php(46): require_once('FCPATH\\index.php')
CRITICAL - 2023-09-01 03:23:41 --> Undefined array key "CartQty"
in APPPATH\Views\includes\header.php on line 148.
 1 APPPATH\Views\includes\header.php(148): CodeIgniter\Debug\Exceptions->errorHandler(2, 'Undefined array key "CartQty"', 'APPPATH\\Views\\includes\\header.php', 148)
 2 SYSTEMPATH\View\View.php(213): include('APPPATH\\Views\\includes\\header.php')
 3 SYSTEMPATH\View\View.php(216): CodeIgniter\View\View->CodeIgniter\View\{closure}()
 4 SYSTEMPATH\Common.php(1134): CodeIgniter\View\View->render('includes/header', [], true)
 5 APPPATH\Views\includes\template.php(1): view('includes/header')
 6 SYSTEMPATH\View\View.php(213): include('APPPATH\\Views\\includes\\template.php')
 7 SYSTEMPATH\View\View.php(216): CodeIgniter\View\View->CodeIgniter\View\{closure}()
 8 SYSTEMPATH\Common.php(1134): CodeIgniter\View\View->render('includes/template', [], true)
 9 APPPATH\Controllers\Home.php(998): view('includes/template', [...])
10 SYSTEMPATH\CodeIgniter.php(927): App\Controllers\Home->order_success('ROOTPATH\\public')
11 SYSTEMPATH\CodeIgniter.php(482): CodeIgniter\CodeIgniter->runController(Object(App\Controllers\Home))
12 SYSTEMPATH\CodeIgniter.php(351): CodeIgniter\CodeIgniter->handleRequest(null, Object(Config\Cache), false)
13 FCPATH\index.php(67): CodeIgniter\CodeIgniter->run()
14 SYSTEMPATH\Commands\Server\rewrite.php(46): require_once('FCPATH\\index.php')
CRITICAL - 2023-09-01 03:24:31 --> syntax error, unexpected token "}", expecting "elseif" or "else" or "endif"
in APPPATH\Views\includes\header.php on line 174.
 1 SYSTEMPATH\View\View.php(216): CodeIgniter\View\View->CodeIgniter\View\{closure}()
 2 SYSTEMPATH\Common.php(1134): CodeIgniter\View\View->render('includes/header', [], true)
 3 APPPATH\Views\includes\template.php(1): view('includes/header')
 4 SYSTEMPATH\View\View.php(213): include('APPPATH\\Views\\includes\\template.php')
 5 SYSTEMPATH\View\View.php(216): CodeIgniter\View\View->CodeIgniter\View\{closure}()
 6 SYSTEMPATH\Common.php(1134): CodeIgniter\View\View->render('includes/template', [], true)
 7 APPPATH\Controllers\Home.php(998): view('includes/template', [...])
 8 SYSTEMPATH\CodeIgniter.php(927): App\Controllers\Home->order_success('ROOTPATH\\public')
 9 SYSTEMPATH\CodeIgniter.php(482): CodeIgniter\CodeIgniter->runController(Object(App\Controllers\Home))
10 SYSTEMPATH\CodeIgniter.php(351): CodeIgniter\CodeIgniter->handleRequest(null, Object(Config\Cache), false)
11 FCPATH\index.php(67): CodeIgniter\CodeIgniter->run()
12 SYSTEMPATH\Commands\Server\rewrite.php(46): require_once('FCPATH\\index.php')
CRITICAL - 2023-09-01 03:29:13 --> Undefined array key "CartQty"
in APPPATH\Views\includes\header.php on line 148.
 1 APPPATH\Views\includes\header.php(148): CodeIgniter\Debug\Exceptions->errorHandler(2, 'Undefined array key "CartQty"', 'APPPATH\\Views\\includes\\header.php', 148)
 2 SYSTEMPATH\View\View.php(213): include('APPPATH\\Views\\includes\\header.php')
 3 SYSTEMPATH\View\View.php(216): CodeIgniter\View\View->CodeIgniter\View\{closure}()
 4 SYSTEMPATH\Common.php(1134): CodeIgniter\View\View->render('includes/header', [], true)
 5 APPPATH\Views\includes\template.php(1): view('includes/header')
 6 SYSTEMPATH\View\View.php(213): include('APPPATH\\Views\\includes\\template.php')
 7 SYSTEMPATH\View\View.php(216): CodeIgniter\View\View->CodeIgniter\View\{closure}()
 8 SYSTEMPATH\Common.php(1134): CodeIgniter\View\View->render('includes/template', [], true)
 9 APPPATH\Controllers\Home.php(998): view('includes/template', [...])
10 SYSTEMPATH\CodeIgniter.php(927): App\Controllers\Home->order_success('ROOTPATH\\public')
11 SYSTEMPATH\CodeIgniter.php(482): CodeIgniter\CodeIgniter->runController(Object(App\Controllers\Home))
12 SYSTEMPATH\CodeIgniter.php(351): CodeIgniter\CodeIgniter->handleRequest(null, Object(Config\Cache), false)
13 FCPATH\index.php(67): CodeIgniter\CodeIgniter->run()
14 SYSTEMPATH\Commands\Server\rewrite.php(46): require_once('FCPATH\\index.php')
ERROR - 2023-09-01 04:19:41 --> mysqli_sql_exception: Column 'shipping_fee' cannot be null in C:\xampp\htdocs\Florist-Event-Reservation-Ordering\system\Database\MySQLi\Connection.php:292
Stack trace:
#0 C:\xampp\htdocs\Florist-Event-Reservation-Ordering\system\Database\MySQLi\Connection.php(292): mysqli->query('INSERT INTO `or...', 0)
#1 C:\xampp\htdocs\Florist-Event-Reservation-Ordering\system\Database\BaseConnection.php(666): CodeIgniter\Database\MySQLi\Connection->execute('INSERT INTO `or...')
#2 C:\xampp\htdocs\Florist-Event-Reservation-Ordering\system\Database\BaseConnection.php(593): CodeIgniter\Database\BaseConnection->simpleQuery('INSERT INTO `or...')
#3 C:\xampp\htdocs\Florist-Event-Reservation-Ordering\system\Database\BaseBuilder.php(1916): CodeIgniter\Database\BaseConnection->query('INSERT INTO `or...', Array, false)
#4 C:\xampp\htdocs\Florist-Event-Reservation-Ordering\system\Model.php(279): CodeIgniter\Database\BaseBuilder->insert()
#5 C:\xampp\htdocs\Florist-Event-Reservation-Ordering\system\BaseModel.php(749): CodeIgniter\Model->doInsert(Array)
#6 C:\xampp\htdocs\Florist-Event-Reservation-Ordering\system\Model.php(667): CodeIgniter\BaseModel->insert(Array, true)
#7 C:\xampp\htdocs\Florist-Event-Reservation-Ordering\app\Controllers\Home.php(950): CodeIgniter\Model->insert(Array)
#8 C:\xampp\htdocs\Florist-Event-Reservation-Ordering\system\CodeIgniter.php(927): App\Controllers\Home->proceed_to_order()
#9 C:\xampp\htdocs\Florist-Event-Reservation-Ordering\system\CodeIgniter.php(482): CodeIgniter\CodeIgniter->runController(Object(App\Controllers\Home))
#10 C:\xampp\htdocs\Florist-Event-Reservation-Ordering\system\CodeIgniter.php(351): CodeIgniter\CodeIgniter->handleRequest(NULL, Object(Config\Cache), false)
#11 C:\xampp\htdocs\Florist-Event-Reservation-Ordering\public\index.php(67): CodeIgniter\CodeIgniter->run()
#12 C:\xampp\htdocs\Florist-Event-Reservation-Ordering\system\Commands\Server\rewrite.php(46): require_once('C:\\xampp\\htdocs...')
#13 {main}
CRITICAL - 2023-09-01 04:19:41 --> Column 'shipping_fee' cannot be null
in SYSTEMPATH\Database\MySQLi\Connection.php on line 292.
 1 SYSTEMPATH\Database\MySQLi\Connection.php(292): mysqli->query('INSERT INTO `orderdata` (`order_id`, `order_amount`, `user_email`, `order_date`, `fk_user_id`, `order_type`, `proof_payment`, `shipping_fee`, `firstname`, `lastname`, `contact`, `selected_city`, `selected_barangay`, `other_infoaddres`, `created_at`) VALUES (\'#48IA6Q0291J35K\', 2600, \'sarahelmenzo13@gmail.com\', \'2023-09-01\', \'2\', \'COD\', \'\', NULL, NULL, NULL, NULL, NULL, NULL, NULL, \'2023-09-01 04:19:41\')', 0)
 2 SYSTEMPATH\Database\BaseConnection.php(666): CodeIgniter\Database\MySQLi\Connection->execute('INSERT INTO `orderdata` (`order_id`, `order_amount`, `user_email`, `order_date`, `fk_user_id`, `order_type`, `proof_payment`, `shipping_fee`, `firstname`, `lastname`, `contact`, `selected_city`, `selected_barangay`, `other_infoaddres`, `created_at`) VALUES (\'#48IA6Q0291J35K\', 2600, \'sarahelmenzo13@gmail.com\', \'2023-09-01\', \'2\', \'COD\', \'\', NULL, NULL, NULL, NULL, NULL, NULL, NULL, \'2023-09-01 04:19:41\')')
 3 SYSTEMPATH\Database\BaseConnection.php(593): CodeIgniter\Database\BaseConnection->simpleQuery('INSERT INTO `orderdata` (`order_id`, `order_amount`, `user_email`, `order_date`, `fk_user_id`, `order_type`, `proof_payment`, `shipping_fee`, `firstname`, `lastname`, `contact`, `selected_city`, `selected_barangay`, `other_infoaddres`, `created_at`) VALUES (\'#48IA6Q0291J35K\', 2600, \'sarahelmenzo13@gmail.com\', \'2023-09-01\', \'2\', \'COD\', \'\', NULL, NULL, NULL, NULL, NULL, NULL, NULL, \'2023-09-01 04:19:41\')')
 4 SYSTEMPATH\Database\BaseBuilder.php(1916): CodeIgniter\Database\BaseConnection->query('INSERT INTO `orderdata` (`order_id`, `order_amount`, `user_email`, `order_date`, `fk_user_id`, `order_type`, `proof_payment`, `shipping_fee`, `firstname`, `lastname`, `contact`, `selected_city`, `selected_barangay`, `other_infoaddres`, `created_at`) VALUES (:order_id:, :order_amount:, :user_email:, :order_date:, :fk_user_id:, :order_type:, :proof_payment:, :shipping_fee:, :firstname:, :lastname:, :contact:, :selected_city:, :selected_barangay:, :other_infoaddres:, :created_at:)', [...], false)
 5 SYSTEMPATH\Model.php(279): CodeIgniter\Database\BaseBuilder->insert()
 6 SYSTEMPATH\BaseModel.php(749): CodeIgniter\Model->doInsert([...])
 7 SYSTEMPATH\Model.php(667): CodeIgniter\BaseModel->insert([...], true)
 8 APPPATH\Controllers\Home.php(950): CodeIgniter\Model->insert([...])
 9 SYSTEMPATH\CodeIgniter.php(927): App\Controllers\Home->proceed_to_order()
10 SYSTEMPATH\CodeIgniter.php(482): CodeIgniter\CodeIgniter->runController(Object(App\Controllers\Home))
11 SYSTEMPATH\CodeIgniter.php(351): CodeIgniter\CodeIgniter->handleRequest(null, Object(Config\Cache), false)
12 FCPATH\index.php(67): CodeIgniter\CodeIgniter->run()
13 SYSTEMPATH\Commands\Server\rewrite.php(46): require_once('FCPATH\\index.php')
ERROR - 2023-09-01 04:19:44 --> mysqli_sql_exception: Column 'shipping_fee' cannot be null in C:\xampp\htdocs\Florist-Event-Reservation-Ordering\system\Database\MySQLi\Connection.php:292
Stack trace:
#0 C:\xampp\htdocs\Florist-Event-Reservation-Ordering\system\Database\MySQLi\Connection.php(292): mysqli->query('INSERT INTO `or...', 0)
#1 C:\xampp\htdocs\Florist-Event-Reservation-Ordering\system\Database\BaseConnection.php(666): CodeIgniter\Database\MySQLi\Connection->execute('INSERT INTO `or...')
#2 C:\xampp\htdocs\Florist-Event-Reservation-Ordering\system\Database\BaseConnection.php(593): CodeIgniter\Database\BaseConnection->simpleQuery('INSERT INTO `or...')
#3 C:\xampp\htdocs\Florist-Event-Reservation-Ordering\system\Database\BaseBuilder.php(1916): CodeIgniter\Database\BaseConnection->query('INSERT INTO `or...', Array, false)
#4 C:\xampp\htdocs\Florist-Event-Reservation-Ordering\system\Model.php(279): CodeIgniter\Database\BaseBuilder->insert()
#5 C:\xampp\htdocs\Florist-Event-Reservation-Ordering\system\BaseModel.php(749): CodeIgniter\Model->doInsert(Array)
#6 C:\xampp\htdocs\Florist-Event-Reservation-Ordering\system\Model.php(667): CodeIgniter\BaseModel->insert(Array, true)
#7 C:\xampp\htdocs\Florist-Event-Reservation-Ordering\app\Controllers\Home.php(950): CodeIgniter\Model->insert(Array)
#8 C:\xampp\htdocs\Florist-Event-Reservation-Ordering\system\CodeIgniter.php(927): App\Controllers\Home->proceed_to_order()
#9 C:\xampp\htdocs\Florist-Event-Reservation-Ordering\system\CodeIgniter.php(482): CodeIgniter\CodeIgniter->runController(Object(App\Controllers\Home))
#10 C:\xampp\htdocs\Florist-Event-Reservation-Ordering\system\CodeIgniter.php(351): CodeIgniter\CodeIgniter->handleRequest(NULL, Object(Config\Cache), false)
#11 C:\xampp\htdocs\Florist-Event-Reservation-Ordering\public\index.php(67): CodeIgniter\CodeIgniter->run()
#12 C:\xampp\htdocs\Florist-Event-Reservation-Ordering\system\Commands\Server\rewrite.php(46): require_once('C:\\xampp\\htdocs...')
#13 {main}
CRITICAL - 2023-09-01 04:19:44 --> Column 'shipping_fee' cannot be null
in SYSTEMPATH\Database\MySQLi\Connection.php on line 292.
 1 SYSTEMPATH\Database\MySQLi\Connection.php(292): mysqli->query('INSERT INTO `orderdata` (`order_id`, `order_amount`, `user_email`, `order_date`, `fk_user_id`, `order_type`, `proof_payment`, `shipping_fee`, `firstname`, `lastname`, `contact`, `selected_city`, `selected_barangay`, `other_infoaddres`, `created_at`) VALUES (\'#KW5642130B79ET\', 2600, \'sarahelmenzo13@gmail.com\', \'2023-09-01\', \'2\', \'COD\', \'\', NULL, NULL, NULL, NULL, NULL, NULL, NULL, \'2023-09-01 04:19:44\')', 0)
 2 SYSTEMPATH\Database\BaseConnection.php(666): CodeIgniter\Database\MySQLi\Connection->execute('INSERT INTO `orderdata` (`order_id`, `order_amount`, `user_email`, `order_date`, `fk_user_id`, `order_type`, `proof_payment`, `shipping_fee`, `firstname`, `lastname`, `contact`, `selected_city`, `selected_barangay`, `other_infoaddres`, `created_at`) VALUES (\'#KW5642130B79ET\', 2600, \'sarahelmenzo13@gmail.com\', \'2023-09-01\', \'2\', \'COD\', \'\', NULL, NULL, NULL, NULL, NULL, NULL, NULL, \'2023-09-01 04:19:44\')')
 3 SYSTEMPATH\Database\BaseConnection.php(593): CodeIgniter\Database\BaseConnection->simpleQuery('INSERT INTO `orderdata` (`order_id`, `order_amount`, `user_email`, `order_date`, `fk_user_id`, `order_type`, `proof_payment`, `shipping_fee`, `firstname`, `lastname`, `contact`, `selected_city`, `selected_barangay`, `other_infoaddres`, `created_at`) VALUES (\'#KW5642130B79ET\', 2600, \'sarahelmenzo13@gmail.com\', \'2023-09-01\', \'2\', \'COD\', \'\', NULL, NULL, NULL, NULL, NULL, NULL, NULL, \'2023-09-01 04:19:44\')')
 4 SYSTEMPATH\Database\BaseBuilder.php(1916): CodeIgniter\Database\BaseConnection->query('INSERT INTO `orderdata` (`order_id`, `order_amount`, `user_email`, `order_date`, `fk_user_id`, `order_type`, `proof_payment`, `shipping_fee`, `firstname`, `lastname`, `contact`, `selected_city`, `selected_barangay`, `other_infoaddres`, `created_at`) VALUES (:order_id:, :order_amount:, :user_email:, :order_date:, :fk_user_id:, :order_type:, :proof_payment:, :shipping_fee:, :firstname:, :lastname:, :contact:, :selected_city:, :selected_barangay:, :other_infoaddres:, :created_at:)', [...], false)
 5 SYSTEMPATH\Model.php(279): CodeIgniter\Database\BaseBuilder->insert()
 6 SYSTEMPATH\BaseModel.php(749): CodeIgniter\Model->doInsert([...])
 7 SYSTEMPATH\Model.php(667): CodeIgniter\BaseModel->insert([...], true)
 8 APPPATH\Controllers\Home.php(950): CodeIgniter\Model->insert([...])
 9 SYSTEMPATH\CodeIgniter.php(927): App\Controllers\Home->proceed_to_order()
10 SYSTEMPATH\CodeIgniter.php(482): CodeIgniter\CodeIgniter->runController(Object(App\Controllers\Home))
11 SYSTEMPATH\CodeIgniter.php(351): CodeIgniter\CodeIgniter->handleRequest(null, Object(Config\Cache), false)
12 FCPATH\index.php(67): CodeIgniter\CodeIgniter->run()
13 SYSTEMPATH\Commands\Server\rewrite.php(46): require_once('FCPATH\\index.php')
ERROR - 2023-09-01 04:19:52 --> mysqli_sql_exception: Column 'shipping_fee' cannot be null in C:\xampp\htdocs\Florist-Event-Reservation-Ordering\system\Database\MySQLi\Connection.php:292
Stack trace:
#0 C:\xampp\htdocs\Florist-Event-Reservation-Ordering\system\Database\MySQLi\Connection.php(292): mysqli->query('INSERT INTO `or...', 0)
#1 C:\xampp\htdocs\Florist-Event-Reservation-Ordering\system\Database\BaseConnection.php(666): CodeIgniter\Database\MySQLi\Connection->execute('INSERT INTO `or...')
#2 C:\xampp\htdocs\Florist-Event-Reservation-Ordering\system\Database\BaseConnection.php(593): CodeIgniter\Database\BaseConnection->simpleQuery('INSERT INTO `or...')
#3 C:\xampp\htdocs\Florist-Event-Reservation-Ordering\system\Database\BaseBuilder.php(1916): CodeIgniter\Database\BaseConnection->query('INSERT INTO `or...', Array, false)
#4 C:\xampp\htdocs\Florist-Event-Reservation-Ordering\system\Model.php(279): CodeIgniter\Database\BaseBuilder->insert()
#5 C:\xampp\htdocs\Florist-Event-Reservation-Ordering\system\BaseModel.php(749): CodeIgniter\Model->doInsert(Array)
#6 C:\xampp\htdocs\Florist-Event-Reservation-Ordering\system\Model.php(667): CodeIgniter\BaseModel->insert(Array, true)
#7 C:\xampp\htdocs\Florist-Event-Reservation-Ordering\app\Controllers\Home.php(950): CodeIgniter\Model->insert(Array)
#8 C:\xampp\htdocs\Florist-Event-Reservation-Ordering\system\CodeIgniter.php(927): App\Controllers\Home->proceed_to_order()
#9 C:\xampp\htdocs\Florist-Event-Reservation-Ordering\system\CodeIgniter.php(482): CodeIgniter\CodeIgniter->runController(Object(App\Controllers\Home))
#10 C:\xampp\htdocs\Florist-Event-Reservation-Ordering\system\CodeIgniter.php(351): CodeIgniter\CodeIgniter->handleRequest(NULL, Object(Config\Cache), false)
#11 C:\xampp\htdocs\Florist-Event-Reservation-Ordering\public\index.php(67): CodeIgniter\CodeIgniter->run()
#12 C:\xampp\htdocs\Florist-Event-Reservation-Ordering\system\Commands\Server\rewrite.php(46): require_once('C:\\xampp\\htdocs...')
#13 {main}
CRITICAL - 2023-09-01 04:19:52 --> Column 'shipping_fee' cannot be null
in SYSTEMPATH\Database\MySQLi\Connection.php on line 292.
 1 SYSTEMPATH\Database\MySQLi\Connection.php(292): mysqli->query('INSERT INTO `orderdata` (`order_id`, `order_amount`, `user_email`, `order_date`, `fk_user_id`, `order_type`, `proof_payment`, `shipping_fee`, `firstname`, `lastname`, `contact`, `selected_city`, `selected_barangay`, `other_infoaddres`, `created_at`) VALUES (\'#6L1G4N925830TW\', 2600, \'sarahelmenzo13@gmail.com\', \'2023-09-01\', \'2\', \'Online\', \'123456789\', NULL, NULL, NULL, NULL, NULL, NULL, NULL, \'2023-09-01 04:19:52\')', 0)
 2 SYSTEMPATH\Database\BaseConnection.php(666): CodeIgniter\Database\MySQLi\Connection->execute('INSERT INTO `orderdata` (`order_id`, `order_amount`, `user_email`, `order_date`, `fk_user_id`, `order_type`, `proof_payment`, `shipping_fee`, `firstname`, `lastname`, `contact`, `selected_city`, `selected_barangay`, `other_infoaddres`, `created_at`) VALUES (\'#6L1G4N925830TW\', 2600, \'sarahelmenzo13@gmail.com\', \'2023-09-01\', \'2\', \'Online\', \'123456789\', NULL, NULL, NULL, NULL, NULL, NULL, NULL, \'2023-09-01 04:19:52\')')
 3 SYSTEMPATH\Database\BaseConnection.php(593): CodeIgniter\Database\BaseConnection->simpleQuery('INSERT INTO `orderdata` (`order_id`, `order_amount`, `user_email`, `order_date`, `fk_user_id`, `order_type`, `proof_payment`, `shipping_fee`, `firstname`, `lastname`, `contact`, `selected_city`, `selected_barangay`, `other_infoaddres`, `created_at`) VALUES (\'#6L1G4N925830TW\', 2600, \'sarahelmenzo13@gmail.com\', \'2023-09-01\', \'2\', \'Online\', \'123456789\', NULL, NULL, NULL, NULL, NULL, NULL, NULL, \'2023-09-01 04:19:52\')')
 4 SYSTEMPATH\Database\BaseBuilder.php(1916): CodeIgniter\Database\BaseConnection->query('INSERT INTO `orderdata` (`order_id`, `order_amount`, `user_email`, `order_date`, `fk_user_id`, `order_type`, `proof_payment`, `shipping_fee`, `firstname`, `lastname`, `contact`, `selected_city`, `selected_barangay`, `other_infoaddres`, `created_at`) VALUES (:order_id:, :order_amount:, :user_email:, :order_date:, :fk_user_id:, :order_type:, :proof_payment:, :shipping_fee:, :firstname:, :lastname:, :contact:, :selected_city:, :selected_barangay:, :other_infoaddres:, :created_at:)', [...], false)
 5 SYSTEMPATH\Model.php(279): CodeIgniter\Database\BaseBuilder->insert()
 6 SYSTEMPATH\BaseModel.php(749): CodeIgniter\Model->doInsert([...])
 7 SYSTEMPATH\Model.php(667): CodeIgniter\BaseModel->insert([...], true)
 8 APPPATH\Controllers\Home.php(950): CodeIgniter\Model->insert([...])
 9 SYSTEMPATH\CodeIgniter.php(927): App\Controllers\Home->proceed_to_order()
10 SYSTEMPATH\CodeIgniter.php(482): CodeIgniter\CodeIgniter->runController(Object(App\Controllers\Home))
11 SYSTEMPATH\CodeIgniter.php(351): CodeIgniter\CodeIgniter->handleRequest(null, Object(Config\Cache), false)
12 FCPATH\index.php(67): CodeIgniter\CodeIgniter->run()
13 SYSTEMPATH\Commands\Server\rewrite.php(46): require_once('FCPATH\\index.php')
ERROR - 2023-09-01 04:19:55 --> mysqli_sql_exception: Column 'firstname' cannot be null in C:\xampp\htdocs\Florist-Event-Reservation-Ordering\system\Database\MySQLi\Connection.php:292
Stack trace:
#0 C:\xampp\htdocs\Florist-Event-Reservation-Ordering\system\Database\MySQLi\Connection.php(292): mysqli->query('INSERT INTO `or...', 0)
#1 C:\xampp\htdocs\Florist-Event-Reservation-Ordering\system\Database\BaseConnection.php(666): CodeIgniter\Database\MySQLi\Connection->execute('INSERT INTO `or...')
#2 C:\xampp\htdocs\Florist-Event-Reservation-Ordering\system\Database\BaseConnection.php(593): CodeIgniter\Database\BaseConnection->simpleQuery('INSERT INTO `or...')
#3 C:\xampp\htdocs\Florist-Event-Reservation-Ordering\system\Database\BaseBuilder.php(1916): CodeIgniter\Database\BaseConnection->query('INSERT INTO `or...', Array, false)
#4 C:\xampp\htdocs\Florist-Event-Reservation-Ordering\system\Model.php(279): CodeIgniter\Database\BaseBuilder->insert()
#5 C:\xampp\htdocs\Florist-Event-Reservation-Ordering\system\BaseModel.php(749): CodeIgniter\Model->doInsert(Array)
#6 C:\xampp\htdocs\Florist-Event-Reservation-Ordering\system\Model.php(667): CodeIgniter\BaseModel->insert(Array, true)
#7 C:\xampp\htdocs\Florist-Event-Reservation-Ordering\app\Controllers\Home.php(950): CodeIgniter\Model->insert(Array)
#8 C:\xampp\htdocs\Florist-Event-Reservation-Ordering\system\CodeIgniter.php(927): App\Controllers\Home->proceed_to_order()
#9 C:\xampp\htdocs\Florist-Event-Reservation-Ordering\system\CodeIgniter.php(482): CodeIgniter\CodeIgniter->runController(Object(App\Controllers\Home))
#10 C:\xampp\htdocs\Florist-Event-Reservation-Ordering\system\CodeIgniter.php(351): CodeIgniter\CodeIgniter->handleRequest(NULL, Object(Config\Cache), false)
#11 C:\xampp\htdocs\Florist-Event-Reservation-Ordering\public\index.php(67): CodeIgniter\CodeIgniter->run()
#12 C:\xampp\htdocs\Florist-Event-Reservation-Ordering\system\Commands\Server\rewrite.php(46): require_once('C:\\xampp\\htdocs...')
#13 {main}
CRITICAL - 2023-09-01 04:19:55 --> Column 'firstname' cannot be null
in SYSTEMPATH\Database\MySQLi\Connection.php on line 292.
 1 SYSTEMPATH\Database\MySQLi\Connection.php(292): mysqli->query('INSERT INTO `orderdata` (`order_id`, `order_amount`, `user_email`, `order_date`, `fk_user_id`, `order_type`, `proof_payment`, `shipping_fee`, `firstname`, `lastname`, `contact`, `selected_city`, `selected_barangay`, `other_infoaddres`, `created_at`) VALUES (\'#340N6H2U9871XR\', 2600, \'sarahelmenzo13@gmail.com\', \'2023-09-01\', \'2\', \'Pick Up\', \'123456789\', 0, NULL, NULL, NULL, NULL, NULL, NULL, \'2023-09-01 04:19:55\')', 0)
 2 SYSTEMPATH\Database\BaseConnection.php(666): CodeIgniter\Database\MySQLi\Connection->execute('INSERT INTO `orderdata` (`order_id`, `order_amount`, `user_email`, `order_date`, `fk_user_id`, `order_type`, `proof_payment`, `shipping_fee`, `firstname`, `lastname`, `contact`, `selected_city`, `selected_barangay`, `other_infoaddres`, `created_at`) VALUES (\'#340N6H2U9871XR\', 2600, \'sarahelmenzo13@gmail.com\', \'2023-09-01\', \'2\', \'Pick Up\', \'123456789\', 0, NULL, NULL, NULL, NULL, NULL, NULL, \'2023-09-01 04:19:55\')')
 3 SYSTEMPATH\Database\BaseConnection.php(593): CodeIgniter\Database\BaseConnection->simpleQuery('INSERT INTO `orderdata` (`order_id`, `order_amount`, `user_email`, `order_date`, `fk_user_id`, `order_type`, `proof_payment`, `shipping_fee`, `firstname`, `lastname`, `contact`, `selected_city`, `selected_barangay`, `other_infoaddres`, `created_at`) VALUES (\'#340N6H2U9871XR\', 2600, \'sarahelmenzo13@gmail.com\', \'2023-09-01\', \'2\', \'Pick Up\', \'123456789\', 0, NULL, NULL, NULL, NULL, NULL, NULL, \'2023-09-01 04:19:55\')')
 4 SYSTEMPATH\Database\BaseBuilder.php(1916): CodeIgniter\Database\BaseConnection->query('INSERT INTO `orderdata` (`order_id`, `order_amount`, `user_email`, `order_date`, `fk_user_id`, `order_type`, `proof_payment`, `shipping_fee`, `firstname`, `lastname`, `contact`, `selected_city`, `selected_barangay`, `other_infoaddres`, `created_at`) VALUES (:order_id:, :order_amount:, :user_email:, :order_date:, :fk_user_id:, :order_type:, :proof_payment:, :shipping_fee:, :firstname:, :lastname:, :contact:, :selected_city:, :selected_barangay:, :other_infoaddres:, :created_at:)', [...], false)
 5 SYSTEMPATH\Model.php(279): CodeIgniter\Database\BaseBuilder->insert()
 6 SYSTEMPATH\BaseModel.php(749): CodeIgniter\Model->doInsert([...])
 7 SYSTEMPATH\Model.php(667): CodeIgniter\BaseModel->insert([...], true)
 8 APPPATH\Controllers\Home.php(950): CodeIgniter\Model->insert([...])
 9 SYSTEMPATH\CodeIgniter.php(927): App\Controllers\Home->proceed_to_order()
10 SYSTEMPATH\CodeIgniter.php(482): CodeIgniter\CodeIgniter->runController(Object(App\Controllers\Home))
11 SYSTEMPATH\CodeIgniter.php(351): CodeIgniter\CodeIgniter->handleRequest(null, Object(Config\Cache), false)
12 FCPATH\index.php(67): CodeIgniter\CodeIgniter->run()
13 SYSTEMPATH\Commands\Server\rewrite.php(46): require_once('FCPATH\\index.php')
ERROR - 2023-09-01 04:19:56 --> mysqli_sql_exception: Column 'firstname' cannot be null in C:\xampp\htdocs\Florist-Event-Reservation-Ordering\system\Database\MySQLi\Connection.php:292
Stack trace:
#0 C:\xampp\htdocs\Florist-Event-Reservation-Ordering\system\Database\MySQLi\Connection.php(292): mysqli->query('INSERT INTO `or...', 0)
#1 C:\xampp\htdocs\Florist-Event-Reservation-Ordering\system\Database\BaseConnection.php(666): CodeIgniter\Database\MySQLi\Connection->execute('INSERT INTO `or...')
#2 C:\xampp\htdocs\Florist-Event-Reservation-Ordering\system\Database\BaseConnection.php(593): CodeIgniter\Database\BaseConnection->simpleQuery('INSERT INTO `or...')
#3 C:\xampp\htdocs\Florist-Event-Reservation-Ordering\system\Database\BaseBuilder.php(1916): CodeIgniter\Database\BaseConnection->query('INSERT INTO `or...', Array, false)
#4 C:\xampp\htdocs\Florist-Event-Reservation-Ordering\system\Model.php(279): CodeIgniter\Database\BaseBuilder->insert()
#5 C:\xampp\htdocs\Florist-Event-Reservation-Ordering\system\BaseModel.php(749): CodeIgniter\Model->doInsert(Array)
#6 C:\xampp\htdocs\Florist-Event-Reservation-Ordering\system\Model.php(667): CodeIgniter\BaseModel->insert(Array, true)
#7 C:\xampp\htdocs\Florist-Event-Reservation-Ordering\app\Controllers\Home.php(950): CodeIgniter\Model->insert(Array)
#8 C:\xampp\htdocs\Florist-Event-Reservation-Ordering\system\CodeIgniter.php(927): App\Controllers\Home->proceed_to_order()
#9 C:\xampp\htdocs\Florist-Event-Reservation-Ordering\system\CodeIgniter.php(482): CodeIgniter\CodeIgniter->runController(Object(App\Controllers\Home))
#10 C:\xampp\htdocs\Florist-Event-Reservation-Ordering\system\CodeIgniter.php(351): CodeIgniter\CodeIgniter->handleRequest(NULL, Object(Config\Cache), false)
#11 C:\xampp\htdocs\Florist-Event-Reservation-Ordering\public\index.php(67): CodeIgniter\CodeIgniter->run()
#12 C:\xampp\htdocs\Florist-Event-Reservation-Ordering\system\Commands\Server\rewrite.php(46): require_once('C:\\xampp\\htdocs...')
#13 {main}
CRITICAL - 2023-09-01 04:19:56 --> Column 'firstname' cannot be null
in SYSTEMPATH\Database\MySQLi\Connection.php on line 292.
 1 SYSTEMPATH\Database\MySQLi\Connection.php(292): mysqli->query('INSERT INTO `orderdata` (`order_id`, `order_amount`, `user_email`, `order_date`, `fk_user_id`, `order_type`, `proof_payment`, `shipping_fee`, `firstname`, `lastname`, `contact`, `selected_city`, `selected_barangay`, `other_infoaddres`, `created_at`) VALUES (\'#62HPC8170G5J34\', 2600, \'sarahelmenzo13@gmail.com\', \'2023-09-01\', \'2\', \'Pick Up\', \'123456789\', 0, NULL, NULL, NULL, NULL, NULL, NULL, \'2023-09-01 04:19:56\')', 0)
 2 SYSTEMPATH\Database\BaseConnection.php(666): CodeIgniter\Database\MySQLi\Connection->execute('INSERT INTO `orderdata` (`order_id`, `order_amount`, `user_email`, `order_date`, `fk_user_id`, `order_type`, `proof_payment`, `shipping_fee`, `firstname`, `lastname`, `contact`, `selected_city`, `selected_barangay`, `other_infoaddres`, `created_at`) VALUES (\'#62HPC8170G5J34\', 2600, \'sarahelmenzo13@gmail.com\', \'2023-09-01\', \'2\', \'Pick Up\', \'123456789\', 0, NULL, NULL, NULL, NULL, NULL, NULL, \'2023-09-01 04:19:56\')')
 3 SYSTEMPATH\Database\BaseConnection.php(593): CodeIgniter\Database\BaseConnection->simpleQuery('INSERT INTO `orderdata` (`order_id`, `order_amount`, `user_email`, `order_date`, `fk_user_id`, `order_type`, `proof_payment`, `shipping_fee`, `firstname`, `lastname`, `contact`, `selected_city`, `selected_barangay`, `other_infoaddres`, `created_at`) VALUES (\'#62HPC8170G5J34\', 2600, \'sarahelmenzo13@gmail.com\', \'2023-09-01\', \'2\', \'Pick Up\', \'123456789\', 0, NULL, NULL, NULL, NULL, NULL, NULL, \'2023-09-01 04:19:56\')')
 4 SYSTEMPATH\Database\BaseBuilder.php(1916): CodeIgniter\Database\BaseConnection->query('INSERT INTO `orderdata` (`order_id`, `order_amount`, `user_email`, `order_date`, `fk_user_id`, `order_type`, `proof_payment`, `shipping_fee`, `firstname`, `lastname`, `contact`, `selected_city`, `selected_barangay`, `other_infoaddres`, `created_at`) VALUES (:order_id:, :order_amount:, :user_email:, :order_date:, :fk_user_id:, :order_type:, :proof_payment:, :shipping_fee:, :firstname:, :lastname:, :contact:, :selected_city:, :selected_barangay:, :other_infoaddres:, :created_at:)', [...], false)
 5 SYSTEMPATH\Model.php(279): CodeIgniter\Database\BaseBuilder->insert()
 6 SYSTEMPATH\BaseModel.php(749): CodeIgniter\Model->doInsert([...])
 7 SYSTEMPATH\Model.php(667): CodeIgniter\BaseModel->insert([...], true)
 8 APPPATH\Controllers\Home.php(950): CodeIgniter\Model->insert([...])
 9 SYSTEMPATH\CodeIgniter.php(927): App\Controllers\Home->proceed_to_order()
10 SYSTEMPATH\CodeIgniter.php(482): CodeIgniter\CodeIgniter->runController(Object(App\Controllers\Home))
11 SYSTEMPATH\CodeIgniter.php(351): CodeIgniter\CodeIgniter->handleRequest(null, Object(Config\Cache), false)
12 FCPATH\index.php(67): CodeIgniter\CodeIgniter->run()
13 SYSTEMPATH\Commands\Server\rewrite.php(46): require_once('FCPATH\\index.php')
ERROR - 2023-09-01 04:19:56 --> mysqli_sql_exception: Column 'firstname' cannot be null in C:\xampp\htdocs\Florist-Event-Reservation-Ordering\system\Database\MySQLi\Connection.php:292
Stack trace:
#0 C:\xampp\htdocs\Florist-Event-Reservation-Ordering\system\Database\MySQLi\Connection.php(292): mysqli->query('INSERT INTO `or...', 0)
#1 C:\xampp\htdocs\Florist-Event-Reservation-Ordering\system\Database\BaseConnection.php(666): CodeIgniter\Database\MySQLi\Connection->execute('INSERT INTO `or...')
#2 C:\xampp\htdocs\Florist-Event-Reservation-Ordering\system\Database\BaseConnection.php(593): CodeIgniter\Database\BaseConnection->simpleQuery('INSERT INTO `or...')
#3 C:\xampp\htdocs\Florist-Event-Reservation-Ordering\system\Database\BaseBuilder.php(1916): CodeIgniter\Database\BaseConnection->query('INSERT INTO `or...', Array, false)
#4 C:\xampp\htdocs\Florist-Event-Reservation-Ordering\system\Model.php(279): CodeIgniter\Database\BaseBuilder->insert()
#5 C:\xampp\htdocs\Florist-Event-Reservation-Ordering\system\BaseModel.php(749): CodeIgniter\Model->doInsert(Array)
#6 C:\xampp\htdocs\Florist-Event-Reservation-Ordering\system\Model.php(667): CodeIgniter\BaseModel->insert(Array, true)
#7 C:\xampp\htdocs\Florist-Event-Reservation-Ordering\app\Controllers\Home.php(950): CodeIgniter\Model->insert(Array)
#8 C:\xampp\htdocs\Florist-Event-Reservation-Ordering\system\CodeIgniter.php(927): App\Controllers\Home->proceed_to_order()
#9 C:\xampp\htdocs\Florist-Event-Reservation-Ordering\system\CodeIgniter.php(482): CodeIgniter\CodeIgniter->runController(Object(App\Controllers\Home))
#10 C:\xampp\htdocs\Florist-Event-Reservation-Ordering\system\CodeIgniter.php(351): CodeIgniter\CodeIgniter->handleRequest(NULL, Object(Config\Cache), false)
#11 C:\xampp\htdocs\Florist-Event-Reservation-Ordering\public\index.php(67): CodeIgniter\CodeIgniter->run()
#12 C:\xampp\htdocs\Florist-Event-Reservation-Ordering\system\Commands\Server\rewrite.php(46): require_once('C:\\xampp\\htdocs...')
#13 {main}
CRITICAL - 2023-09-01 04:19:56 --> Column 'firstname' cannot be null
in SYSTEMPATH\Database\MySQLi\Connection.php on line 292.
 1 SYSTEMPATH\Database\MySQLi\Connection.php(292): mysqli->query('INSERT INTO `orderdata` (`order_id`, `order_amount`, `user_email`, `order_date`, `fk_user_id`, `order_type`, `proof_payment`, `shipping_fee`, `firstname`, `lastname`, `contact`, `selected_city`, `selected_barangay`, `other_infoaddres`, `created_at`) VALUES (\'#K3E6Y97428Z01N\', 2600, \'sarahelmenzo13@gmail.com\', \'2023-09-01\', \'2\', \'Pick Up\', \'123456789\', 0, NULL, NULL, NULL, NULL, NULL, NULL, \'2023-09-01 04:19:56\')', 0)
 2 SYSTEMPATH\Database\BaseConnection.php(666): CodeIgniter\Database\MySQLi\Connection->execute('INSERT INTO `orderdata` (`order_id`, `order_amount`, `user_email`, `order_date`, `fk_user_id`, `order_type`, `proof_payment`, `shipping_fee`, `firstname`, `lastname`, `contact`, `selected_city`, `selected_barangay`, `other_infoaddres`, `created_at`) VALUES (\'#K3E6Y97428Z01N\', 2600, \'sarahelmenzo13@gmail.com\', \'2023-09-01\', \'2\', \'Pick Up\', \'123456789\', 0, NULL, NULL, NULL, NULL, NULL, NULL, \'2023-09-01 04:19:56\')')
 3 SYSTEMPATH\Database\BaseConnection.php(593): CodeIgniter\Database\BaseConnection->simpleQuery('INSERT INTO `orderdata` (`order_id`, `order_amount`, `user_email`, `order_date`, `fk_user_id`, `order_type`, `proof_payment`, `shipping_fee`, `firstname`, `lastname`, `contact`, `selected_city`, `selected_barangay`, `other_infoaddres`, `created_at`) VALUES (\'#K3E6Y97428Z01N\', 2600, \'sarahelmenzo13@gmail.com\', \'2023-09-01\', \'2\', \'Pick Up\', \'123456789\', 0, NULL, NULL, NULL, NULL, NULL, NULL, \'2023-09-01 04:19:56\')')
 4 SYSTEMPATH\Database\BaseBuilder.php(1916): CodeIgniter\Database\BaseConnection->query('INSERT INTO `orderdata` (`order_id`, `order_amount`, `user_email`, `order_date`, `fk_user_id`, `order_type`, `proof_payment`, `shipping_fee`, `firstname`, `lastname`, `contact`, `selected_city`, `selected_barangay`, `other_infoaddres`, `created_at`) VALUES (:order_id:, :order_amount:, :user_email:, :order_date:, :fk_user_id:, :order_type:, :proof_payment:, :shipping_fee:, :firstname:, :lastname:, :contact:, :selected_city:, :selected_barangay:, :other_infoaddres:, :created_at:)', [...], false)
 5 SYSTEMPATH\Model.php(279): CodeIgniter\Database\BaseBuilder->insert()
 6 SYSTEMPATH\BaseModel.php(749): CodeIgniter\Model->doInsert([...])
 7 SYSTEMPATH\Model.php(667): CodeIgniter\BaseModel->insert([...], true)
 8 APPPATH\Controllers\Home.php(950): CodeIgniter\Model->insert([...])
 9 SYSTEMPATH\CodeIgniter.php(927): App\Controllers\Home->proceed_to_order()
10 SYSTEMPATH\CodeIgniter.php(482): CodeIgniter\CodeIgniter->runController(Object(App\Controllers\Home))
11 SYSTEMPATH\CodeIgniter.php(351): CodeIgniter\CodeIgniter->handleRequest(null, Object(Config\Cache), false)
12 FCPATH\index.php(67): CodeIgniter\CodeIgniter->run()
13 SYSTEMPATH\Commands\Server\rewrite.php(46): require_once('FCPATH\\index.php')
ERROR - 2023-09-01 04:19:57 --> mysqli_sql_exception: Column 'firstname' cannot be null in C:\xampp\htdocs\Florist-Event-Reservation-Ordering\system\Database\MySQLi\Connection.php:292
Stack trace:
#0 C:\xampp\htdocs\Florist-Event-Reservation-Ordering\system\Database\MySQLi\Connection.php(292): mysqli->query('INSERT INTO `or...', 0)
#1 C:\xampp\htdocs\Florist-Event-Reservation-Ordering\system\Database\BaseConnection.php(666): CodeIgniter\Database\MySQLi\Connection->execute('INSERT INTO `or...')
#2 C:\xampp\htdocs\Florist-Event-Reservation-Ordering\system\Database\BaseConnection.php(593): CodeIgniter\Database\BaseConnection->simpleQuery('INSERT INTO `or...')
#3 C:\xampp\htdocs\Florist-Event-Reservation-Ordering\system\Database\BaseBuilder.php(1916): CodeIgniter\Database\BaseConnection->query('INSERT INTO `or...', Array, false)
#4 C:\xampp\htdocs\Florist-Event-Reservation-Ordering\system\Model.php(279): CodeIgniter\Database\BaseBuilder->insert()
#5 C:\xampp\htdocs\Florist-Event-Reservation-Ordering\system\BaseModel.php(749): CodeIgniter\Model->doInsert(Array)
#6 C:\xampp\htdocs\Florist-Event-Reservation-Ordering\system\Model.php(667): CodeIgniter\BaseModel->insert(Array, true)
#7 C:\xampp\htdocs\Florist-Event-Reservation-Ordering\app\Controllers\Home.php(950): CodeIgniter\Model->insert(Array)
#8 C:\xampp\htdocs\Florist-Event-Reservation-Ordering\system\CodeIgniter.php(927): App\Controllers\Home->proceed_to_order()
#9 C:\xampp\htdocs\Florist-Event-Reservation-Ordering\system\CodeIgniter.php(482): CodeIgniter\CodeIgniter->runController(Object(App\Controllers\Home))
#10 C:\xampp\htdocs\Florist-Event-Reservation-Ordering\system\CodeIgniter.php(351): CodeIgniter\CodeIgniter->handleRequest(NULL, Object(Config\Cache), false)
#11 C:\xampp\htdocs\Florist-Event-Reservation-Ordering\public\index.php(67): CodeIgniter\CodeIgniter->run()
#12 C:\xampp\htdocs\Florist-Event-Reservation-Ordering\system\Commands\Server\rewrite.php(46): require_once('C:\\xampp\\htdocs...')
#13 {main}
CRITICAL - 2023-09-01 04:19:57 --> Column 'firstname' cannot be null
in SYSTEMPATH\Database\MySQLi\Connection.php on line 292.
 1 SYSTEMPATH\Database\MySQLi\Connection.php(292): mysqli->query('INSERT INTO `orderdata` (`order_id`, `order_amount`, `user_email`, `order_date`, `fk_user_id`, `order_type`, `proof_payment`, `shipping_fee`, `firstname`, `lastname`, `contact`, `selected_city`, `selected_barangay`, `other_infoaddres`, `created_at`) VALUES (\'#FSP014865N3E72\', 2600, \'sarahelmenzo13@gmail.com\', \'2023-09-01\', \'2\', \'Pick Up\', \'123456789\', 0, NULL, NULL, NULL, NULL, NULL, NULL, \'2023-09-01 04:19:57\')', 0)
 2 SYSTEMPATH\Database\BaseConnection.php(666): CodeIgniter\Database\MySQLi\Connection->execute('INSERT INTO `orderdata` (`order_id`, `order_amount`, `user_email`, `order_date`, `fk_user_id`, `order_type`, `proof_payment`, `shipping_fee`, `firstname`, `lastname`, `contact`, `selected_city`, `selected_barangay`, `other_infoaddres`, `created_at`) VALUES (\'#FSP014865N3E72\', 2600, \'sarahelmenzo13@gmail.com\', \'2023-09-01\', \'2\', \'Pick Up\', \'123456789\', 0, NULL, NULL, NULL, NULL, NULL, NULL, \'2023-09-01 04:19:57\')')
 3 SYSTEMPATH\Database\BaseConnection.php(593): CodeIgniter\Database\BaseConnection->simpleQuery('INSERT INTO `orderdata` (`order_id`, `order_amount`, `user_email`, `order_date`, `fk_user_id`, `order_type`, `proof_payment`, `shipping_fee`, `firstname`, `lastname`, `contact`, `selected_city`, `selected_barangay`, `other_infoaddres`, `created_at`) VALUES (\'#FSP014865N3E72\', 2600, \'sarahelmenzo13@gmail.com\', \'2023-09-01\', \'2\', \'Pick Up\', \'123456789\', 0, NULL, NULL, NULL, NULL, NULL, NULL, \'2023-09-01 04:19:57\')')
 4 SYSTEMPATH\Database\BaseBuilder.php(1916): CodeIgniter\Database\BaseConnection->query('INSERT INTO `orderdata` (`order_id`, `order_amount`, `user_email`, `order_date`, `fk_user_id`, `order_type`, `proof_payment`, `shipping_fee`, `firstname`, `lastname`, `contact`, `selected_city`, `selected_barangay`, `other_infoaddres`, `created_at`) VALUES (:order_id:, :order_amount:, :user_email:, :order_date:, :fk_user_id:, :order_type:, :proof_payment:, :shipping_fee:, :firstname:, :lastname:, :contact:, :selected_city:, :selected_barangay:, :other_infoaddres:, :created_at:)', [...], false)
 5 SYSTEMPATH\Model.php(279): CodeIgniter\Database\BaseBuilder->insert()
 6 SYSTEMPATH\BaseModel.php(749): CodeIgniter\Model->doInsert([...])
 7 SYSTEMPATH\Model.php(667): CodeIgniter\BaseModel->insert([...], true)
 8 APPPATH\Controllers\Home.php(950): CodeIgniter\Model->insert([...])
 9 SYSTEMPATH\CodeIgniter.php(927): App\Controllers\Home->proceed_to_order()
10 SYSTEMPATH\CodeIgniter.php(482): CodeIgniter\CodeIgniter->runController(Object(App\Controllers\Home))
11 SYSTEMPATH\CodeIgniter.php(351): CodeIgniter\CodeIgniter->handleRequest(null, Object(Config\Cache), false)
12 FCPATH\index.php(67): CodeIgniter\CodeIgniter->run()
13 SYSTEMPATH\Commands\Server\rewrite.php(46): require_once('FCPATH\\index.php')
