CRITICAL - 2023-05-07 04:26:33 --> Undefined array key "item_image"
in APPPATH\Views\home\orders.php on line 172.
 1 APPPATH\Views\home\orders.php(172): CodeIgniter\Debug\Exceptions->errorHandler(2, 'Undefined array key "item_image"', 'APPPATH\\Views\\home\\orders.php', 172)
 2 SYSTEMPATH\View\View.php(213): include('APPPATH\\Views\\home\\orders.php')
 3 SYSTEMPATH\View\View.php(216): CodeIgniter\View\View->CodeIgniter\View\{closure}()
 4 SYSTEMPATH\Common.php(1134): CodeIgniter\View\View->render('home/orders', [], true)
 5 APPPATH\Views\includes\template.php(2): view('home/orders')
 6 SYSTEMPATH\View\View.php(213): include('APPPATH\\Views\\includes\\template.php')
 7 SYSTEMPATH\View\View.php(216): CodeIgniter\View\View->CodeIgniter\View\{closure}()
 8 SYSTEMPATH\Common.php(1134): CodeIgniter\View\View->render('includes/template', [], true)
 9 APPPATH\Controllers\Home.php(212): view('includes/template', [...])
10 SYSTEMPATH\CodeIgniter.php(927): App\Controllers\Home->orders()
11 SYSTEMPATH\CodeIgniter.php(482): CodeIgniter\CodeIgniter->runController(Object(App\Controllers\Home))
12 SYSTEMPATH\CodeIgniter.php(351): CodeIgniter\CodeIgniter->handleRequest(null, Object(Config\Cache), false)
13 FCPATH\index.php(67): CodeIgniter\CodeIgniter->run()
14 SYSTEMPATH\Commands\Server\rewrite.php(46): require_once('FCPATH\\index.php')
CRITICAL - 2023-05-07 04:28:20 --> Undefined array key "item_image"
in APPPATH\Views\home\orders.php on line 172.
 1 APPPATH\Views\home\orders.php(172): CodeIgniter\Debug\Exceptions->errorHandler(2, 'Undefined array key "item_image"', 'APPPATH\\Views\\home\\orders.php', 172)
 2 SYSTEMPATH\View\View.php(213): include('APPPATH\\Views\\home\\orders.php')
 3 SYSTEMPATH\View\View.php(216): CodeIgniter\View\View->CodeIgniter\View\{closure}()
 4 SYSTEMPATH\Common.php(1134): CodeIgniter\View\View->render('home/orders', [], true)
 5 APPPATH\Views\includes\template.php(2): view('home/orders')
 6 SYSTEMPATH\View\View.php(213): include('APPPATH\\Views\\includes\\template.php')
 7 SYSTEMPATH\View\View.php(216): CodeIgniter\View\View->CodeIgniter\View\{closure}()
 8 SYSTEMPATH\Common.php(1134): CodeIgniter\View\View->render('includes/template', [], true)
 9 APPPATH\Controllers\Home.php(214): view('includes/template', [...])
10 SYSTEMPATH\CodeIgniter.php(927): App\Controllers\Home->orders()
11 SYSTEMPATH\CodeIgniter.php(482): CodeIgniter\CodeIgniter->runController(Object(App\Controllers\Home))
12 SYSTEMPATH\CodeIgniter.php(351): CodeIgniter\CodeIgniter->handleRequest(null, Object(Config\Cache), false)
13 FCPATH\index.php(67): CodeIgniter\CodeIgniter->run()
14 SYSTEMPATH\Commands\Server\rewrite.php(46): require_once('FCPATH\\index.php')
CRITICAL - 2023-05-07 04:28:22 --> Undefined array key "item_image"
in APPPATH\Views\home\orders.php on line 172.
 1 APPPATH\Views\home\orders.php(172): CodeIgniter\Debug\Exceptions->errorHandler(2, 'Undefined array key "item_image"', 'APPPATH\\Views\\home\\orders.php', 172)
 2 SYSTEMPATH\View\View.php(213): include('APPPATH\\Views\\home\\orders.php')
 3 SYSTEMPATH\View\View.php(216): CodeIgniter\View\View->CodeIgniter\View\{closure}()
 4 SYSTEMPATH\Common.php(1134): CodeIgniter\View\View->render('home/orders', [], true)
 5 APPPATH\Views\includes\template.php(2): view('home/orders')
 6 SYSTEMPATH\View\View.php(213): include('APPPATH\\Views\\includes\\template.php')
 7 SYSTEMPATH\View\View.php(216): CodeIgniter\View\View->CodeIgniter\View\{closure}()
 8 SYSTEMPATH\Common.php(1134): CodeIgniter\View\View->render('includes/template', [], true)
 9 APPPATH\Controllers\Home.php(214): view('includes/template', [...])
10 SYSTEMPATH\CodeIgniter.php(927): App\Controllers\Home->orders()
11 SYSTEMPATH\CodeIgniter.php(482): CodeIgniter\CodeIgniter->runController(Object(App\Controllers\Home))
12 SYSTEMPATH\CodeIgniter.php(351): CodeIgniter\CodeIgniter->handleRequest(null, Object(Config\Cache), false)
13 FCPATH\index.php(67): CodeIgniter\CodeIgniter->run()
14 SYSTEMPATH\Commands\Server\rewrite.php(46): require_once('FCPATH\\index.php')
CRITICAL - 2023-05-07 04:28:48 --> Undefined array key "item_image"
in APPPATH\Views\home\orders.php on line 172.
 1 APPPATH\Views\home\orders.php(172): CodeIgniter\Debug\Exceptions->errorHandler(2, 'Undefined array key "item_image"', 'APPPATH\\Views\\home\\orders.php', 172)
 2 SYSTEMPATH\View\View.php(213): include('APPPATH\\Views\\home\\orders.php')
 3 SYSTEMPATH\View\View.php(216): CodeIgniter\View\View->CodeIgniter\View\{closure}()
 4 SYSTEMPATH\Common.php(1134): CodeIgniter\View\View->render('home/orders', [], true)
 5 APPPATH\Views\includes\template.php(2): view('home/orders')
 6 SYSTEMPATH\View\View.php(213): include('APPPATH\\Views\\includes\\template.php')
 7 SYSTEMPATH\View\View.php(216): CodeIgniter\View\View->CodeIgniter\View\{closure}()
 8 SYSTEMPATH\Common.php(1134): CodeIgniter\View\View->render('includes/template', [], true)
 9 APPPATH\Controllers\Home.php(214): view('includes/template', [...])
10 SYSTEMPATH\CodeIgniter.php(927): App\Controllers\Home->orders()
11 SYSTEMPATH\CodeIgniter.php(482): CodeIgniter\CodeIgniter->runController(Object(App\Controllers\Home))
12 SYSTEMPATH\CodeIgniter.php(351): CodeIgniter\CodeIgniter->handleRequest(null, Object(Config\Cache), false)
13 FCPATH\index.php(67): CodeIgniter\CodeIgniter->run()
14 SYSTEMPATH\Commands\Server\rewrite.php(46): require_once('FCPATH\\index.php')
CRITICAL - 2023-05-07 04:29:05 --> Undefined array key "item_image"
in APPPATH\Views\home\orders.php on line 172.
 1 APPPATH\Views\home\orders.php(172): CodeIgniter\Debug\Exceptions->errorHandler(2, 'Undefined array key "item_image"', 'APPPATH\\Views\\home\\orders.php', 172)
 2 SYSTEMPATH\View\View.php(213): include('APPPATH\\Views\\home\\orders.php')
 3 SYSTEMPATH\View\View.php(216): CodeIgniter\View\View->CodeIgniter\View\{closure}()
 4 SYSTEMPATH\Common.php(1134): CodeIgniter\View\View->render('home/orders', [], true)
 5 APPPATH\Views\includes\template.php(2): view('home/orders')
 6 SYSTEMPATH\View\View.php(213): include('APPPATH\\Views\\includes\\template.php')
 7 SYSTEMPATH\View\View.php(216): CodeIgniter\View\View->CodeIgniter\View\{closure}()
 8 SYSTEMPATH\Common.php(1134): CodeIgniter\View\View->render('includes/template', [], true)
 9 APPPATH\Controllers\Home.php(214): view('includes/template', [...])
10 SYSTEMPATH\CodeIgniter.php(927): App\Controllers\Home->orders()
11 SYSTEMPATH\CodeIgniter.php(482): CodeIgniter\CodeIgniter->runController(Object(App\Controllers\Home))
12 SYSTEMPATH\CodeIgniter.php(351): CodeIgniter\CodeIgniter->handleRequest(null, Object(Config\Cache), false)
13 FCPATH\index.php(67): CodeIgniter\CodeIgniter->run()
14 SYSTEMPATH\Commands\Server\rewrite.php(46): require_once('FCPATH\\index.php')
ERROR - 2023-05-07 04:35:22 --> Email: Unable to send email using SMTP. Your server might not be configured to send mail using this method.
ERROR - 2023-05-07 04:35:22 --> 220 smtp.googlemail.com ESMTP h8-20020a62b408000000b0063932e36437sm86833pfn.134 - gsmtp

hello: 250-smtp.googlemail.com at your service, [2001:4453:68a:5c00:5d81:b061:516c:416e]
250-SIZE 35882577
250-8BITMIME
250-AUTH LOGIN PLAIN XOAUTH2 PLAIN-CLIENTTOKEN OAUTHBEARER XOAUTH
250-ENHANCEDSTATUSCODES
250-PIPELINING
250-CHUNKING
250 SMTPUTF8

from: 250 2.1.0 OK h8-20020a62b408000000b0063932e36437sm86833pfn.134 - gsmtp

to: 553-5.1.3 The recipient address <Accepted> is not a valid RFC-5321 address.
553-5.1.3 Learn more at
553 5.1.3  https://support.google.com/mail/answer/6596 h8-20020a62b408000000b0063932e36437sm86833pfn.134 - gsmtp

The following SMTP error was encountered: 553-5.1.3 The recipient address <Accepted> is not a valid RFC-5321 address.
553-5.1.3 Learn more at
553 5.1.3  https://support.google.com/mail/answer/6596 h8-20020a62b408000000b0063932e36437sm86833pfn.134 - gsmtp

quit: 221 2.0.0 closing connection h8-20020a62b408000000b0063932e36437sm86833pfn.134 - gsmtp

ERROR - 2023-05-07 04:36:22 --> Email: Unable to send email using SMTP. Your server might not be configured to send mail using this method.
ERROR - 2023-05-07 04:36:22 --> 220 smtp.googlemail.com ESMTP d3-20020a63d643000000b00502fd70b0bdsm4297117pgj.52 - gsmtp

hello: 250-smtp.googlemail.com at your service, [2001:4453:68a:5c00:5d81:b061:516c:416e]
250-SIZE 35882577
250-8BITMIME
250-AUTH LOGIN PLAIN XOAUTH2 PLAIN-CLIENTTOKEN OAUTHBEARER XOAUTH
250-ENHANCEDSTATUSCODES
250-PIPELINING
250-CHUNKING
250 SMTPUTF8

from: 250 2.1.0 OK d3-20020a63d643000000b00502fd70b0bdsm4297117pgj.52 - gsmtp

to: 553-5.1.3 The recipient address <Accepted> is not a valid RFC-5321 address.
553-5.1.3 Learn more at
553 5.1.3  https://support.google.com/mail/answer/6596 d3-20020a63d643000000b00502fd70b0bdsm4297117pgj.52 - gsmtp

The following SMTP error was encountered: 553-5.1.3 The recipient address <Accepted> is not a valid RFC-5321 address.
553-5.1.3 Learn more at
553 5.1.3  https://support.google.com/mail/answer/6596 d3-20020a63d643000000b00502fd70b0bdsm4297117pgj.52 - gsmtp

quit: 221 2.0.0 closing connection d3-20020a63d643000000b00502fd70b0bdsm4297117pgj.52 - gsmtp

CRITICAL - 2023-05-07 04:55:57 --> count(): Argument #1 ($value) must be of type Countable|array, int given
in APPPATH\Views\admin\dashboard.php on line 47.
 1 SYSTEMPATH\View\View.php(213): include()
 2 SYSTEMPATH\View\View.php(216): CodeIgniter\View\View->CodeIgniter\View\{closure}()
 3 SYSTEMPATH\Common.php(1134): CodeIgniter\View\View->render('admin/dashboard', [], true)
 4 APPPATH\Controllers\Admin.php(124): view('admin/dashboard', [...])
 5 SYSTEMPATH\CodeIgniter.php(927): App\Controllers\Admin->dashboard()
 6 SYSTEMPATH\CodeIgniter.php(482): CodeIgniter\CodeIgniter->runController(Object(App\Controllers\Admin))
 7 SYSTEMPATH\CodeIgniter.php(351): CodeIgniter\CodeIgniter->handleRequest(null, Object(Config\Cache), false)
 8 FCPATH\index.php(67): CodeIgniter\CodeIgniter->run()
 9 SYSTEMPATH\Commands\Server\rewrite.php(46): require_once('FCPATH\\index.php')
CRITICAL - 2023-05-07 05:00:39 --> count(): Argument #1 ($value) must be of type Countable|array, null given
in APPPATH\Views\admin\dashboard.php on line 105.
 1 SYSTEMPATH\View\View.php(213): include()
 2 SYSTEMPATH\View\View.php(216): CodeIgniter\View\View->CodeIgniter\View\{closure}()
 3 SYSTEMPATH\Common.php(1134): CodeIgniter\View\View->render('admin/dashboard', [], true)
 4 APPPATH\Controllers\Admin.php(129): view('admin/dashboard', [...])
 5 SYSTEMPATH\CodeIgniter.php(927): App\Controllers\Admin->dashboard()
 6 SYSTEMPATH\CodeIgniter.php(482): CodeIgniter\CodeIgniter->runController(Object(App\Controllers\Admin))
 7 SYSTEMPATH\CodeIgniter.php(351): CodeIgniter\CodeIgniter->handleRequest(null, Object(Config\Cache), false)
 8 FCPATH\index.php(67): CodeIgniter\CodeIgniter->run()
 9 SYSTEMPATH\Commands\Server\rewrite.php(46): require_once('FCPATH\\index.php')
CRITICAL - 2023-05-07 05:19:17 --> count(): Argument #1 ($value) must be of type Countable|array, null given
in APPPATH\Views\includes\index.php on line 82.
 1 SYSTEMPATH\View\View.php(213): include()
 2 SYSTEMPATH\View\View.php(216): CodeIgniter\View\View->CodeIgniter\View\{closure}()
 3 SYSTEMPATH\Common.php(1134): CodeIgniter\View\View->render('includes/index', [], true)
 4 APPPATH\Controllers\Home.php(24): view('includes/index')
 5 SYSTEMPATH\CodeIgniter.php(927): App\Controllers\Home->landingpage()
 6 SYSTEMPATH\CodeIgniter.php(482): CodeIgniter\CodeIgniter->runController(Object(App\Controllers\Home))
 7 SYSTEMPATH\CodeIgniter.php(351): CodeIgniter\CodeIgniter->handleRequest(null, Object(Config\Cache), false)
 8 FCPATH\index.php(67): CodeIgniter\CodeIgniter->run()
 9 SYSTEMPATH\Commands\Server\rewrite.php(46): require_once('FCPATH\\index.php')
CRITICAL - 2023-05-07 05:19:24 --> count(): Argument #1 ($value) must be of type Countable|array, null given
in APPPATH\Views\includes\index.php on line 82.
 1 SYSTEMPATH\View\View.php(213): include()
 2 SYSTEMPATH\View\View.php(216): CodeIgniter\View\View->CodeIgniter\View\{closure}()
 3 SYSTEMPATH\Common.php(1134): CodeIgniter\View\View->render('includes/index', [], true)
 4 APPPATH\Controllers\Home.php(24): view('includes/index')
 5 SYSTEMPATH\CodeIgniter.php(927): App\Controllers\Home->landingpage()
 6 SYSTEMPATH\CodeIgniter.php(482): CodeIgniter\CodeIgniter->runController(Object(App\Controllers\Home))
 7 SYSTEMPATH\CodeIgniter.php(351): CodeIgniter\CodeIgniter->handleRequest(null, Object(Config\Cache), false)
 8 FCPATH\index.php(67): CodeIgniter\CodeIgniter->run()
 9 SYSTEMPATH\Commands\Server\rewrite.php(46): require_once('FCPATH\\index.php')
CRITICAL - 2023-05-07 05:19:25 --> count(): Argument #1 ($value) must be of type Countable|array, null given
in APPPATH\Views\includes\index.php on line 82.
 1 SYSTEMPATH\View\View.php(213): include()
 2 SYSTEMPATH\View\View.php(216): CodeIgniter\View\View->CodeIgniter\View\{closure}()
 3 SYSTEMPATH\Common.php(1134): CodeIgniter\View\View->render('includes/index', [], true)
 4 APPPATH\Controllers\Home.php(24): view('includes/index')
 5 SYSTEMPATH\CodeIgniter.php(927): App\Controllers\Home->landingpage()
 6 SYSTEMPATH\CodeIgniter.php(482): CodeIgniter\CodeIgniter->runController(Object(App\Controllers\Home))
 7 SYSTEMPATH\CodeIgniter.php(351): CodeIgniter\CodeIgniter->handleRequest(null, Object(Config\Cache), false)
 8 FCPATH\index.php(67): CodeIgniter\CodeIgniter->run()
 9 SYSTEMPATH\Commands\Server\rewrite.php(46): require_once('FCPATH\\index.php')
CRITICAL - 2023-05-07 05:19:25 --> count(): Argument #1 ($value) must be of type Countable|array, null given
in APPPATH\Views\includes\index.php on line 82.
 1 SYSTEMPATH\View\View.php(213): include()
 2 SYSTEMPATH\View\View.php(216): CodeIgniter\View\View->CodeIgniter\View\{closure}()
 3 SYSTEMPATH\Common.php(1134): CodeIgniter\View\View->render('includes/index', [], true)
 4 APPPATH\Controllers\Home.php(24): view('includes/index')
 5 SYSTEMPATH\CodeIgniter.php(927): App\Controllers\Home->landingpage()
 6 SYSTEMPATH\CodeIgniter.php(482): CodeIgniter\CodeIgniter->runController(Object(App\Controllers\Home))
 7 SYSTEMPATH\CodeIgniter.php(351): CodeIgniter\CodeIgniter->handleRequest(null, Object(Config\Cache), false)
 8 FCPATH\index.php(67): CodeIgniter\CodeIgniter->run()
 9 SYSTEMPATH\Commands\Server\rewrite.php(46): require_once('FCPATH\\index.php')
CRITICAL - 2023-05-07 05:19:26 --> count(): Argument #1 ($value) must be of type Countable|array, null given
in APPPATH\Views\includes\index.php on line 82.
 1 SYSTEMPATH\View\View.php(213): include()
 2 SYSTEMPATH\View\View.php(216): CodeIgniter\View\View->CodeIgniter\View\{closure}()
 3 SYSTEMPATH\Common.php(1134): CodeIgniter\View\View->render('includes/index', [], true)
 4 APPPATH\Controllers\Home.php(24): view('includes/index')
 5 SYSTEMPATH\CodeIgniter.php(927): App\Controllers\Home->landingpage()
 6 SYSTEMPATH\CodeIgniter.php(482): CodeIgniter\CodeIgniter->runController(Object(App\Controllers\Home))
 7 SYSTEMPATH\CodeIgniter.php(351): CodeIgniter\CodeIgniter->handleRequest(null, Object(Config\Cache), false)
 8 FCPATH\index.php(67): CodeIgniter\CodeIgniter->run()
 9 SYSTEMPATH\Commands\Server\rewrite.php(46): require_once('FCPATH\\index.php')
CRITICAL - 2023-05-07 05:19:26 --> count(): Argument #1 ($value) must be of type Countable|array, null given
in APPPATH\Views\includes\index.php on line 82.
 1 SYSTEMPATH\View\View.php(213): include()
 2 SYSTEMPATH\View\View.php(216): CodeIgniter\View\View->CodeIgniter\View\{closure}()
 3 SYSTEMPATH\Common.php(1134): CodeIgniter\View\View->render('includes/index', [], true)
 4 APPPATH\Controllers\Home.php(24): view('includes/index')
 5 SYSTEMPATH\CodeIgniter.php(927): App\Controllers\Home->landingpage()
 6 SYSTEMPATH\CodeIgniter.php(482): CodeIgniter\CodeIgniter->runController(Object(App\Controllers\Home))
 7 SYSTEMPATH\CodeIgniter.php(351): CodeIgniter\CodeIgniter->handleRequest(null, Object(Config\Cache), false)
 8 FCPATH\index.php(67): CodeIgniter\CodeIgniter->run()
 9 SYSTEMPATH\Commands\Server\rewrite.php(46): require_once('FCPATH\\index.php')
CRITICAL - 2023-05-07 05:19:27 --> count(): Argument #1 ($value) must be of type Countable|array, null given
in APPPATH\Views\includes\index.php on line 82.
 1 SYSTEMPATH\View\View.php(213): include()
 2 SYSTEMPATH\View\View.php(216): CodeIgniter\View\View->CodeIgniter\View\{closure}()
 3 SYSTEMPATH\Common.php(1134): CodeIgniter\View\View->render('includes/index', [], true)
 4 APPPATH\Controllers\Home.php(24): view('includes/index')
 5 SYSTEMPATH\CodeIgniter.php(927): App\Controllers\Home->landingpage()
 6 SYSTEMPATH\CodeIgniter.php(482): CodeIgniter\CodeIgniter->runController(Object(App\Controllers\Home))
 7 SYSTEMPATH\CodeIgniter.php(351): CodeIgniter\CodeIgniter->handleRequest(null, Object(Config\Cache), false)
 8 FCPATH\index.php(67): CodeIgniter\CodeIgniter->run()
 9 SYSTEMPATH\Commands\Server\rewrite.php(46): require_once('FCPATH\\index.php')
CRITICAL - 2023-05-07 05:19:27 --> count(): Argument #1 ($value) must be of type Countable|array, null given
in APPPATH\Views\includes\index.php on line 82.
 1 SYSTEMPATH\View\View.php(213): include()
 2 SYSTEMPATH\View\View.php(216): CodeIgniter\View\View->CodeIgniter\View\{closure}()
 3 SYSTEMPATH\Common.php(1134): CodeIgniter\View\View->render('includes/index', [], true)
 4 APPPATH\Controllers\Home.php(24): view('includes/index')
 5 SYSTEMPATH\CodeIgniter.php(927): App\Controllers\Home->landingpage()
 6 SYSTEMPATH\CodeIgniter.php(482): CodeIgniter\CodeIgniter->runController(Object(App\Controllers\Home))
 7 SYSTEMPATH\CodeIgniter.php(351): CodeIgniter\CodeIgniter->handleRequest(null, Object(Config\Cache), false)
 8 FCPATH\index.php(67): CodeIgniter\CodeIgniter->run()
 9 SYSTEMPATH\Commands\Server\rewrite.php(46): require_once('FCPATH\\index.php')
CRITICAL - 2023-05-07 05:19:28 --> count(): Argument #1 ($value) must be of type Countable|array, null given
in APPPATH\Views\includes\index.php on line 82.
 1 SYSTEMPATH\View\View.php(213): include()
 2 SYSTEMPATH\View\View.php(216): CodeIgniter\View\View->CodeIgniter\View\{closure}()
 3 SYSTEMPATH\Common.php(1134): CodeIgniter\View\View->render('includes/index', [], true)
 4 APPPATH\Controllers\Home.php(24): view('includes/index')
 5 SYSTEMPATH\CodeIgniter.php(927): App\Controllers\Home->landingpage()
 6 SYSTEMPATH\CodeIgniter.php(482): CodeIgniter\CodeIgniter->runController(Object(App\Controllers\Home))
 7 SYSTEMPATH\CodeIgniter.php(351): CodeIgniter\CodeIgniter->handleRequest(null, Object(Config\Cache), false)
 8 FCPATH\index.php(67): CodeIgniter\CodeIgniter->run()
 9 SYSTEMPATH\Commands\Server\rewrite.php(46): require_once('FCPATH\\index.php')
CRITICAL - 2023-05-07 05:19:29 --> count(): Argument #1 ($value) must be of type Countable|array, null given
in APPPATH\Views\includes\index.php on line 82.
 1 SYSTEMPATH\View\View.php(213): include()
 2 SYSTEMPATH\View\View.php(216): CodeIgniter\View\View->CodeIgniter\View\{closure}()
 3 SYSTEMPATH\Common.php(1134): CodeIgniter\View\View->render('includes/index', [], true)
 4 APPPATH\Controllers\Home.php(24): view('includes/index')
 5 SYSTEMPATH\CodeIgniter.php(927): App\Controllers\Home->landingpage()
 6 SYSTEMPATH\CodeIgniter.php(482): CodeIgniter\CodeIgniter->runController(Object(App\Controllers\Home))
 7 SYSTEMPATH\CodeIgniter.php(351): CodeIgniter\CodeIgniter->handleRequest(null, Object(Config\Cache), false)
 8 FCPATH\index.php(67): CodeIgniter\CodeIgniter->run()
 9 SYSTEMPATH\Commands\Server\rewrite.php(46): require_once('FCPATH\\index.php')
CRITICAL - 2023-05-07 05:19:29 --> count(): Argument #1 ($value) must be of type Countable|array, null given
in APPPATH\Views\includes\index.php on line 82.
 1 SYSTEMPATH\View\View.php(213): include()
 2 SYSTEMPATH\View\View.php(216): CodeIgniter\View\View->CodeIgniter\View\{closure}()
 3 SYSTEMPATH\Common.php(1134): CodeIgniter\View\View->render('includes/index', [], true)
 4 APPPATH\Controllers\Home.php(24): view('includes/index')
 5 SYSTEMPATH\CodeIgniter.php(927): App\Controllers\Home->landingpage()
 6 SYSTEMPATH\CodeIgniter.php(482): CodeIgniter\CodeIgniter->runController(Object(App\Controllers\Home))
 7 SYSTEMPATH\CodeIgniter.php(351): CodeIgniter\CodeIgniter->handleRequest(null, Object(Config\Cache), false)
 8 FCPATH\index.php(67): CodeIgniter\CodeIgniter->run()
 9 SYSTEMPATH\Commands\Server\rewrite.php(46): require_once('FCPATH\\index.php')
CRITICAL - 2023-05-07 05:19:30 --> count(): Argument #1 ($value) must be of type Countable|array, null given
in APPPATH\Views\includes\index.php on line 82.
 1 SYSTEMPATH\View\View.php(213): include()
 2 SYSTEMPATH\View\View.php(216): CodeIgniter\View\View->CodeIgniter\View\{closure}()
 3 SYSTEMPATH\Common.php(1134): CodeIgniter\View\View->render('includes/index', [], true)
 4 APPPATH\Controllers\Home.php(24): view('includes/index')
 5 SYSTEMPATH\CodeIgniter.php(927): App\Controllers\Home->landingpage()
 6 SYSTEMPATH\CodeIgniter.php(482): CodeIgniter\CodeIgniter->runController(Object(App\Controllers\Home))
 7 SYSTEMPATH\CodeIgniter.php(351): CodeIgniter\CodeIgniter->handleRequest(null, Object(Config\Cache), false)
 8 FCPATH\index.php(67): CodeIgniter\CodeIgniter->run()
 9 SYSTEMPATH\Commands\Server\rewrite.php(46): require_once('FCPATH\\index.php')
CRITICAL - 2023-05-07 05:19:36 --> count(): Argument #1 ($value) must be of type Countable|array, null given
in APPPATH\Views\includes\index.php on line 82.
 1 SYSTEMPATH\View\View.php(213): include()
 2 SYSTEMPATH\View\View.php(216): CodeIgniter\View\View->CodeIgniter\View\{closure}()
 3 SYSTEMPATH\Common.php(1134): CodeIgniter\View\View->render('includes/index', [], true)
 4 APPPATH\Controllers\Home.php(24): view('includes/index')
 5 SYSTEMPATH\CodeIgniter.php(927): App\Controllers\Home->landingpage()
 6 SYSTEMPATH\CodeIgniter.php(482): CodeIgniter\CodeIgniter->runController(Object(App\Controllers\Home))
 7 SYSTEMPATH\CodeIgniter.php(351): CodeIgniter\CodeIgniter->handleRequest(null, Object(Config\Cache), false)
 8 FCPATH\index.php(67): CodeIgniter\CodeIgniter->run()
 9 SYSTEMPATH\Commands\Server\rewrite.php(46): require_once('FCPATH\\index.php')
CRITICAL - 2023-05-07 05:19:43 --> count(): Argument #1 ($value) must be of type Countable|array, null given
in APPPATH\Views\includes\index.php on line 82.
 1 SYSTEMPATH\View\View.php(213): include()
 2 SYSTEMPATH\View\View.php(216): CodeIgniter\View\View->CodeIgniter\View\{closure}()
 3 SYSTEMPATH\Common.php(1134): CodeIgniter\View\View->render('includes/index', [], true)
 4 APPPATH\Controllers\Home.php(24): view('includes/index')
 5 SYSTEMPATH\CodeIgniter.php(927): App\Controllers\Home->landingpage()
 6 SYSTEMPATH\CodeIgniter.php(482): CodeIgniter\CodeIgniter->runController(Object(App\Controllers\Home))
 7 SYSTEMPATH\CodeIgniter.php(351): CodeIgniter\CodeIgniter->handleRequest(null, Object(Config\Cache), false)
 8 FCPATH\index.php(67): CodeIgniter\CodeIgniter->run()
 9 SYSTEMPATH\Commands\Server\rewrite.php(46): require_once('FCPATH\\index.php')
CRITICAL - 2023-05-07 05:19:56 --> count(): Argument #1 ($value) must be of type Countable|array, null given
in APPPATH\Views\includes\index.php on line 82.
 1 SYSTEMPATH\View\View.php(213): include()
 2 SYSTEMPATH\View\View.php(216): CodeIgniter\View\View->CodeIgniter\View\{closure}()
 3 SYSTEMPATH\Common.php(1134): CodeIgniter\View\View->render('includes/index', [], true)
 4 APPPATH\Controllers\Home.php(24): view('includes/index')
 5 SYSTEMPATH\CodeIgniter.php(927): App\Controllers\Home->landingpage()
 6 SYSTEMPATH\CodeIgniter.php(482): CodeIgniter\CodeIgniter->runController(Object(App\Controllers\Home))
 7 SYSTEMPATH\CodeIgniter.php(351): CodeIgniter\CodeIgniter->handleRequest(null, Object(Config\Cache), false)
 8 FCPATH\index.php(67): CodeIgniter\CodeIgniter->run()
 9 SYSTEMPATH\Commands\Server\rewrite.php(46): require_once('FCPATH\\index.php')
CRITICAL - 2023-05-07 05:19:59 --> count(): Argument #1 ($value) must be of type Countable|array, null given
in APPPATH\Views\includes\index.php on line 82.
 1 SYSTEMPATH\View\View.php(213): include()
 2 SYSTEMPATH\View\View.php(216): CodeIgniter\View\View->CodeIgniter\View\{closure}()
 3 SYSTEMPATH\Common.php(1134): CodeIgniter\View\View->render('includes/index', [], true)
 4 APPPATH\Controllers\Home.php(24): view('includes/index')
 5 SYSTEMPATH\CodeIgniter.php(927): App\Controllers\Home->landingpage()
 6 SYSTEMPATH\CodeIgniter.php(482): CodeIgniter\CodeIgniter->runController(Object(App\Controllers\Home))
 7 SYSTEMPATH\CodeIgniter.php(351): CodeIgniter\CodeIgniter->handleRequest(null, Object(Config\Cache), false)
 8 FCPATH\index.php(67): CodeIgniter\CodeIgniter->run()
 9 SYSTEMPATH\Commands\Server\rewrite.php(46): require_once('FCPATH\\index.php')
CRITICAL - 2023-05-07 06:50:52 --> Undefined constant "asd"
in APPPATH\Views\admin\adminlte3\index.php on line 353.
 1 SYSTEMPATH\View\View.php(213): include()
 2 SYSTEMPATH\View\View.php(216): CodeIgniter\View\View->CodeIgniter\View\{closure}()
 3 SYSTEMPATH\View\View.php(229): CodeIgniter\View\View->render('admin/adminlte3/index', [], true)
 4 SYSTEMPATH\Common.php(1134): CodeIgniter\View\View->render('admin/dashboard', [], true)
 5 APPPATH\Controllers\Admin.php(129): view('admin/dashboard', [...])
 6 SYSTEMPATH\CodeIgniter.php(927): App\Controllers\Admin->dashboard()
 7 SYSTEMPATH\CodeIgniter.php(482): CodeIgniter\CodeIgniter->runController(Object(App\Controllers\Admin))
 8 SYSTEMPATH\CodeIgniter.php(351): CodeIgniter\CodeIgniter->handleRequest(null, Object(Config\Cache), false)
 9 FCPATH\index.php(67): CodeIgniter\CodeIgniter->run()
10 SYSTEMPATH\Commands\Server\rewrite.php(46): require_once('FCPATH\\index.php')
CRITICAL - 2023-05-07 06:51:04 --> Undefined constant "asd"
in APPPATH\Views\admin\adminlte3\index.php on line 305.
 1 SYSTEMPATH\View\View.php(213): include()
 2 SYSTEMPATH\View\View.php(216): CodeIgniter\View\View->CodeIgniter\View\{closure}()
 3 SYSTEMPATH\View\View.php(229): CodeIgniter\View\View->render('admin/adminlte3/index', [], true)
 4 SYSTEMPATH\Common.php(1134): CodeIgniter\View\View->render('admin/dashboard', [], true)
 5 APPPATH\Controllers\Admin.php(129): view('admin/dashboard', [...])
 6 SYSTEMPATH\CodeIgniter.php(927): App\Controllers\Admin->dashboard()
 7 SYSTEMPATH\CodeIgniter.php(482): CodeIgniter\CodeIgniter->runController(Object(App\Controllers\Admin))
 8 SYSTEMPATH\CodeIgniter.php(351): CodeIgniter\CodeIgniter->handleRequest(null, Object(Config\Cache), false)
 9 FCPATH\index.php(67): CodeIgniter\CodeIgniter->run()
10 SYSTEMPATH\Commands\Server\rewrite.php(46): require_once('FCPATH\\index.php')
CRITICAL - 2023-05-07 06:51:11 --> Undefined constant "asd"
in APPPATH\Views\admin\adminlte3\index.php on line 353.
 1 SYSTEMPATH\View\View.php(213): include()
 2 SYSTEMPATH\View\View.php(216): CodeIgniter\View\View->CodeIgniter\View\{closure}()
 3 SYSTEMPATH\View\View.php(229): CodeIgniter\View\View->render('admin/adminlte3/index', [], true)
 4 SYSTEMPATH\Common.php(1134): CodeIgniter\View\View->render('admin/dashboard', [], true)
 5 APPPATH\Controllers\Admin.php(129): view('admin/dashboard', [...])
 6 SYSTEMPATH\CodeIgniter.php(927): App\Controllers\Admin->dashboard()
 7 SYSTEMPATH\CodeIgniter.php(482): CodeIgniter\CodeIgniter->runController(Object(App\Controllers\Admin))
 8 SYSTEMPATH\CodeIgniter.php(351): CodeIgniter\CodeIgniter->handleRequest(null, Object(Config\Cache), false)
 9 FCPATH\index.php(67): CodeIgniter\CodeIgniter->run()
10 SYSTEMPATH\Commands\Server\rewrite.php(46): require_once('FCPATH\\index.php')
CRITICAL - 2023-05-07 09:06:34 --> Undefined array key "id"
in APPPATH\Controllers\Home.php on line 35.
 1 APPPATH\Controllers\Home.php(35): CodeIgniter\Debug\Exceptions->errorHandler(2, 'Undefined array key "id"', 'APPPATH\\Controllers\\Home.php', 35)
 2 SYSTEMPATH\CodeIgniter.php(927): App\Controllers\Home->home()
 3 SYSTEMPATH\CodeIgniter.php(482): CodeIgniter\CodeIgniter->runController(Object(App\Controllers\Home))
 4 SYSTEMPATH\CodeIgniter.php(351): CodeIgniter\CodeIgniter->handleRequest(null, Object(Config\Cache), false)
 5 FCPATH\index.php(67): CodeIgniter\CodeIgniter->run()
 6 SYSTEMPATH\Commands\Server\rewrite.php(46): require_once('FCPATH\\index.php')
CRITICAL - 2023-05-07 09:08:26 --> count(): Argument #1 ($value) must be of type Countable|array, null given
in APPPATH\Views\admin\adminlte3\index.php on line 67.
 1 SYSTEMPATH\View\View.php(213): include()
 2 SYSTEMPATH\View\View.php(216): CodeIgniter\View\View->CodeIgniter\View\{closure}()
 3 SYSTEMPATH\View\View.php(229): CodeIgniter\View\View->render('admin/adminlte3/index', [], true)
 4 SYSTEMPATH\Common.php(1134): CodeIgniter\View\View->render('admin/dashboard', [], true)
 5 APPPATH\Controllers\Admin.php(129): view('admin/dashboard', [...])
 6 SYSTEMPATH\CodeIgniter.php(927): App\Controllers\Admin->dashboard()
 7 SYSTEMPATH\CodeIgniter.php(482): CodeIgniter\CodeIgniter->runController(Object(App\Controllers\Admin))
 8 SYSTEMPATH\CodeIgniter.php(351): CodeIgniter\CodeIgniter->handleRequest(null, Object(Config\Cache), false)
 9 FCPATH\index.php(67): CodeIgniter\CodeIgniter->run()
10 SYSTEMPATH\Commands\Server\rewrite.php(46): require_once('FCPATH\\index.php')
CRITICAL - 2023-05-07 09:09:31 --> count(): Argument #1 ($value) must be of type Countable|array, int given
in APPPATH\Views\admin\adminlte3\index.php on line 68.
 1 SYSTEMPATH\View\View.php(213): include()
 2 SYSTEMPATH\View\View.php(216): CodeIgniter\View\View->CodeIgniter\View\{closure}()
 3 SYSTEMPATH\View\View.php(229): CodeIgniter\View\View->render('admin/adminlte3/index', [], true)
 4 SYSTEMPATH\Common.php(1134): CodeIgniter\View\View->render('admin/dashboard', [], true)
 5 APPPATH\Controllers\Admin.php(129): view('admin/dashboard', [...])
 6 SYSTEMPATH\CodeIgniter.php(927): App\Controllers\Admin->dashboard()
 7 SYSTEMPATH\CodeIgniter.php(482): CodeIgniter\CodeIgniter->runController(Object(App\Controllers\Admin))
 8 SYSTEMPATH\CodeIgniter.php(351): CodeIgniter\CodeIgniter->handleRequest(null, Object(Config\Cache), false)
 9 FCPATH\index.php(67): CodeIgniter\CodeIgniter->run()
10 SYSTEMPATH\Commands\Server\rewrite.php(46): require_once('FCPATH\\index.php')
CRITICAL - 2023-05-07 09:09:42 --> count(): Argument #1 ($value) must be of type Countable|array, int given
in APPPATH\Views\admin\adminlte3\index.php on line 68.
 1 SYSTEMPATH\View\View.php(213): include()
 2 SYSTEMPATH\View\View.php(216): CodeIgniter\View\View->CodeIgniter\View\{closure}()
 3 SYSTEMPATH\View\View.php(229): CodeIgniter\View\View->render('admin/adminlte3/index', [], true)
 4 SYSTEMPATH\Common.php(1134): CodeIgniter\View\View->render('admin/dashboard', [], true)
 5 APPPATH\Controllers\Admin.php(129): view('admin/dashboard', [...])
 6 SYSTEMPATH\CodeIgniter.php(927): App\Controllers\Admin->dashboard()
 7 SYSTEMPATH\CodeIgniter.php(482): CodeIgniter\CodeIgniter->runController(Object(App\Controllers\Admin))
 8 SYSTEMPATH\CodeIgniter.php(351): CodeIgniter\CodeIgniter->handleRequest(null, Object(Config\Cache), false)
 9 FCPATH\index.php(67): CodeIgniter\CodeIgniter->run()
10 SYSTEMPATH\Commands\Server\rewrite.php(46): require_once('FCPATH\\index.php')
CRITICAL - 2023-05-07 09:15:44 --> syntax error, unexpected end of file, expecting "elseif" or "else" or "endif"
in APPPATH\Views\admin\adminlte3\index.php on line 321.
 1 SYSTEMPATH\View\View.php(216): CodeIgniter\View\View->CodeIgniter\View\{closure}()
 2 SYSTEMPATH\View\View.php(229): CodeIgniter\View\View->render('admin/adminlte3/index', [], true)
 3 SYSTEMPATH\Common.php(1134): CodeIgniter\View\View->render('admin/dashboard', [], true)
 4 APPPATH\Controllers\Admin.php(130): view('admin/dashboard', [...])
 5 SYSTEMPATH\CodeIgniter.php(927): App\Controllers\Admin->dashboard()
 6 SYSTEMPATH\CodeIgniter.php(482): CodeIgniter\CodeIgniter->runController(Object(App\Controllers\Admin))
 7 SYSTEMPATH\CodeIgniter.php(351): CodeIgniter\CodeIgniter->handleRequest(null, Object(Config\Cache), false)
 8 FCPATH\index.php(67): CodeIgniter\CodeIgniter->run()
 9 SYSTEMPATH\Commands\Server\rewrite.php(46): require_once('FCPATH\\index.php')
CRITICAL - 2023-05-07 09:25:17 --> Unclosed '{' on line 69
in APPPATH\Views\admin\adminlte3\index.php on line 323.
 1 SYSTEMPATH\View\View.php(216): CodeIgniter\View\View->CodeIgniter\View\{closure}()
 2 SYSTEMPATH\View\View.php(229): CodeIgniter\View\View->render('admin/adminlte3/index', [], true)
 3 SYSTEMPATH\Common.php(1134): CodeIgniter\View\View->render('admin/dashboard', [], true)
 4 APPPATH\Controllers\Admin.php(130): view('admin/dashboard', [...])
 5 SYSTEMPATH\CodeIgniter.php(927): App\Controllers\Admin->dashboard()
 6 SYSTEMPATH\CodeIgniter.php(482): CodeIgniter\CodeIgniter->runController(Object(App\Controllers\Admin))
 7 SYSTEMPATH\CodeIgniter.php(351): CodeIgniter\CodeIgniter->handleRequest(null, Object(Config\Cache), false)
 8 FCPATH\index.php(67): CodeIgniter\CodeIgniter->run()
 9 SYSTEMPATH\Commands\Server\rewrite.php(46): require_once('FCPATH\\index.php')
CRITICAL - 2023-05-07 09:28:50 --> count(): Argument #1 ($value) must be of type Countable|array, null given
in APPPATH\Views\includes\index.php on line 82.
 1 SYSTEMPATH\View\View.php(213): include()
 2 SYSTEMPATH\View\View.php(216): CodeIgniter\View\View->CodeIgniter\View\{closure}()
 3 SYSTEMPATH\Common.php(1134): CodeIgniter\View\View->render('includes/index', [], true)
 4 APPPATH\Controllers\Home.php(24): view('includes/index')
 5 SYSTEMPATH\CodeIgniter.php(927): App\Controllers\Home->landingpage()
 6 SYSTEMPATH\CodeIgniter.php(482): CodeIgniter\CodeIgniter->runController(Object(App\Controllers\Home))
 7 SYSTEMPATH\CodeIgniter.php(351): CodeIgniter\CodeIgniter->handleRequest(null, Object(Config\Cache), false)
 8 FCPATH\index.php(67): CodeIgniter\CodeIgniter->run()
 9 SYSTEMPATH\Commands\Server\rewrite.php(46): require_once('FCPATH\\index.php')
CRITICAL - 2023-05-07 09:30:18 --> count(): Argument #1 ($value) must be of type Countable|array, null given
in APPPATH\Views\includes\index.php on line 82.
 1 SYSTEMPATH\View\View.php(213): include()
 2 SYSTEMPATH\View\View.php(216): CodeIgniter\View\View->CodeIgniter\View\{closure}()
 3 SYSTEMPATH\Common.php(1134): CodeIgniter\View\View->render('includes/index', [], true)
 4 APPPATH\Controllers\Home.php(24): view('includes/index')
 5 SYSTEMPATH\CodeIgniter.php(927): App\Controllers\Home->landingpage()
 6 SYSTEMPATH\CodeIgniter.php(482): CodeIgniter\CodeIgniter->runController(Object(App\Controllers\Home))
 7 SYSTEMPATH\CodeIgniter.php(351): CodeIgniter\CodeIgniter->handleRequest(null, Object(Config\Cache), false)
 8 FCPATH\index.php(67): CodeIgniter\CodeIgniter->run()
 9 SYSTEMPATH\Commands\Server\rewrite.php(46): require_once('FCPATH\\index.php')
CRITICAL - 2023-05-07 09:37:19 --> Undefined array key "item_name"
in APPPATH\Views\admin\sales\salesreport.php on line 255.
 1 APPPATH\Views\admin\sales\salesreport.php(255): CodeIgniter\Debug\Exceptions->errorHandler(2, 'Undefined array key "item_name"', 'APPPATH\\Views\\admin\\sales\\salesreport.php', 255)
 2 SYSTEMPATH\View\View.php(213): include('APPPATH\\Views\\admin\\sales\\salesreport.php')
 3 SYSTEMPATH\View\View.php(216): CodeIgniter\View\View->CodeIgniter\View\{closure}()
 4 SYSTEMPATH\Common.php(1134): CodeIgniter\View\View->render('admin/sales/salesreport', [], true)
 5 APPPATH\Controllers\Admin.php(192): view('admin/sales/salesreport', [...])
 6 SYSTEMPATH\CodeIgniter.php(927): App\Controllers\Admin->salesreport()
 7 SYSTEMPATH\CodeIgniter.php(482): CodeIgniter\CodeIgniter->runController(Object(App\Controllers\Admin))
 8 SYSTEMPATH\CodeIgniter.php(351): CodeIgniter\CodeIgniter->handleRequest(null, Object(Config\Cache), false)
 9 FCPATH\index.php(67): CodeIgniter\CodeIgniter->run()
10 SYSTEMPATH\Commands\Server\rewrite.php(46): require_once('FCPATH\\index.php')
CRITICAL - 2023-05-07 09:37:58 --> count(): Argument #1 ($value) must be of type Countable|array, null given
in APPPATH\Views\includes\index.php on line 82.
 1 SYSTEMPATH\View\View.php(213): include()
 2 SYSTEMPATH\View\View.php(216): CodeIgniter\View\View->CodeIgniter\View\{closure}()
 3 SYSTEMPATH\Common.php(1134): CodeIgniter\View\View->render('includes/index', [], true)
 4 APPPATH\Controllers\Home.php(24): view('includes/index')
 5 SYSTEMPATH\CodeIgniter.php(927): App\Controllers\Home->landingpage()
 6 SYSTEMPATH\CodeIgniter.php(482): CodeIgniter\CodeIgniter->runController(Object(App\Controllers\Home))
 7 SYSTEMPATH\CodeIgniter.php(351): CodeIgniter\CodeIgniter->handleRequest(null, Object(Config\Cache), false)
 8 FCPATH\index.php(67): CodeIgniter\CodeIgniter->run()
 9 SYSTEMPATH\Commands\Server\rewrite.php(46): require_once('FCPATH\\index.php')
CRITICAL - 2023-05-07 09:38:49 --> count(): Argument #1 ($value) must be of type Countable|array, null given
in APPPATH\Views\includes\header.php on line 78.
 1 SYSTEMPATH\View\View.php(213): include()
 2 SYSTEMPATH\View\View.php(216): CodeIgniter\View\View->CodeIgniter\View\{closure}()
 3 SYSTEMPATH\Common.php(1134): CodeIgniter\View\View->render('includes/header', [], true)
 4 APPPATH\Views\includes\template.php(1): view('includes/header')
 5 SYSTEMPATH\View\View.php(213): include('APPPATH\\Views\\includes\\template.php')
 6 SYSTEMPATH\View\View.php(216): CodeIgniter\View\View->CodeIgniter\View\{closure}()
 7 SYSTEMPATH\Common.php(1134): CodeIgniter\View\View->render('includes/template', [], true)
 8 APPPATH\Controllers\Product.php(175): view('includes/template', [...])
 9 SYSTEMPATH\CodeIgniter.php(927): App\Controllers\Product->flower_custom()
10 SYSTEMPATH\CodeIgniter.php(482): CodeIgniter\CodeIgniter->runController(Object(App\Controllers\Product))
11 SYSTEMPATH\CodeIgniter.php(351): CodeIgniter\CodeIgniter->handleRequest(null, Object(Config\Cache), false)
12 FCPATH\index.php(67): CodeIgniter\CodeIgniter->run()
13 SYSTEMPATH\Commands\Server\rewrite.php(46): require_once('FCPATH\\index.php')
CRITICAL - 2023-05-07 09:48:10 --> count(): Argument #1 ($value) must be of type Countable|array, null given
in APPPATH\Views\admin\adminlte3\index.php on line 70.
 1 SYSTEMPATH\View\View.php(213): include()
 2 SYSTEMPATH\View\View.php(216): CodeIgniter\View\View->CodeIgniter\View\{closure}()
 3 SYSTEMPATH\View\View.php(229): CodeIgniter\View\View->render('admin/adminlte3/index', [], true)
 4 SYSTEMPATH\Common.php(1134): CodeIgniter\View\View->render('admin/reservation/editreservation', [], true)
 5 APPPATH\Controllers\Booking.php(120): view('admin/reservation/editreservation', [...])
 6 SYSTEMPATH\CodeIgniter.php(927): App\Controllers\Booking->editreservation('11')
 7 SYSTEMPATH\CodeIgniter.php(482): CodeIgniter\CodeIgniter->runController(Object(App\Controllers\Booking))
 8 SYSTEMPATH\CodeIgniter.php(351): CodeIgniter\CodeIgniter->handleRequest(null, Object(Config\Cache), false)
 9 FCPATH\index.php(67): CodeIgniter\CodeIgniter->run()
10 SYSTEMPATH\Commands\Server\rewrite.php(46): require_once('FCPATH\\index.php')
CRITICAL - 2023-05-07 09:48:18 --> count(): Argument #1 ($value) must be of type Countable|array, null given
in APPPATH\Views\admin\adminlte3\index.php on line 70.
 1 SYSTEMPATH\View\View.php(213): include()
 2 SYSTEMPATH\View\View.php(216): CodeIgniter\View\View->CodeIgniter\View\{closure}()
 3 SYSTEMPATH\View\View.php(229): CodeIgniter\View\View->render('admin/adminlte3/index', [], true)
 4 SYSTEMPATH\Common.php(1134): CodeIgniter\View\View->render('admin/reservation/editreservation', [], true)
 5 APPPATH\Controllers\Booking.php(120): view('admin/reservation/editreservation', [...])
 6 SYSTEMPATH\CodeIgniter.php(927): App\Controllers\Booking->editreservation('11')
 7 SYSTEMPATH\CodeIgniter.php(482): CodeIgniter\CodeIgniter->runController(Object(App\Controllers\Booking))
 8 SYSTEMPATH\CodeIgniter.php(351): CodeIgniter\CodeIgniter->handleRequest(null, Object(Config\Cache), false)
 9 FCPATH\index.php(67): CodeIgniter\CodeIgniter->run()
10 SYSTEMPATH\Commands\Server\rewrite.php(46): require_once('FCPATH\\index.php')
CRITICAL - 2023-05-07 09:48:45 --> count(): Argument #1 ($value) must be of type Countable|array, null given
in APPPATH\Views\admin\adminlte3\index.php on line 70.
 1 SYSTEMPATH\View\View.php(213): include()
 2 SYSTEMPATH\View\View.php(216): CodeIgniter\View\View->CodeIgniter\View\{closure}()
 3 SYSTEMPATH\View\View.php(229): CodeIgniter\View\View->render('admin/adminlte3/index', [], true)
 4 SYSTEMPATH\Common.php(1134): CodeIgniter\View\View->render('admin/reservation/editreservation', [], true)
 5 APPPATH\Controllers\Booking.php(120): view('admin/reservation/editreservation', [...])
 6 SYSTEMPATH\CodeIgniter.php(927): App\Controllers\Booking->editreservation('11')
 7 SYSTEMPATH\CodeIgniter.php(482): CodeIgniter\CodeIgniter->runController(Object(App\Controllers\Booking))
 8 SYSTEMPATH\CodeIgniter.php(351): CodeIgniter\CodeIgniter->handleRequest(null, Object(Config\Cache), false)
 9 FCPATH\index.php(67): CodeIgniter\CodeIgniter->run()
10 SYSTEMPATH\Commands\Server\rewrite.php(46): require_once('FCPATH\\index.php')
CRITICAL - 2023-05-07 09:49:55 --> count(): Argument #1 ($value) must be of type Countable|array, null given
in APPPATH\Views\admin\adminlte3\index.php on line 84.
 1 SYSTEMPATH\View\View.php(213): include()
 2 SYSTEMPATH\View\View.php(216): CodeIgniter\View\View->CodeIgniter\View\{closure}()
 3 SYSTEMPATH\View\View.php(229): CodeIgniter\View\View->render('admin/adminlte3/index', [], true)
 4 SYSTEMPATH\Common.php(1134): CodeIgniter\View\View->render('admin/reservation/editreservation', [], true)
 5 APPPATH\Controllers\Booking.php(121): view('admin/reservation/editreservation', [...])
 6 SYSTEMPATH\CodeIgniter.php(927): App\Controllers\Booking->editreservation('11')
 7 SYSTEMPATH\CodeIgniter.php(482): CodeIgniter\CodeIgniter->runController(Object(App\Controllers\Booking))
 8 SYSTEMPATH\CodeIgniter.php(351): CodeIgniter\CodeIgniter->handleRequest(null, Object(Config\Cache), false)
 9 FCPATH\index.php(67): CodeIgniter\CodeIgniter->run()
10 SYSTEMPATH\Commands\Server\rewrite.php(46): require_once('FCPATH\\index.php')
CRITICAL - 2023-05-07 09:50:42 --> count(): Argument #1 ($value) must be of type Countable|array, null given
in APPPATH\Views\admin\adminlte3\index.php on line 84.
 1 SYSTEMPATH\View\View.php(213): include()
 2 SYSTEMPATH\View\View.php(216): CodeIgniter\View\View->CodeIgniter\View\{closure}()
 3 SYSTEMPATH\View\View.php(229): CodeIgniter\View\View->render('admin/adminlte3/index', [], true)
 4 SYSTEMPATH\Common.php(1134): CodeIgniter\View\View->render('admin/reservation/editreservation', [], true)
 5 APPPATH\Controllers\Booking.php(121): view('admin/reservation/editreservation', [...])
 6 SYSTEMPATH\CodeIgniter.php(927): App\Controllers\Booking->editreservation('11')
 7 SYSTEMPATH\CodeIgniter.php(482): CodeIgniter\CodeIgniter->runController(Object(App\Controllers\Booking))
 8 SYSTEMPATH\CodeIgniter.php(351): CodeIgniter\CodeIgniter->handleRequest(null, Object(Config\Cache), false)
 9 FCPATH\index.php(67): CodeIgniter\CodeIgniter->run()
10 SYSTEMPATH\Commands\Server\rewrite.php(46): require_once('FCPATH\\index.php')
CRITICAL - 2023-05-07 09:50:43 --> count(): Argument #1 ($value) must be of type Countable|array, null given
in APPPATH\Views\admin\adminlte3\index.php on line 84.
 1 SYSTEMPATH\View\View.php(213): include()
 2 SYSTEMPATH\View\View.php(216): CodeIgniter\View\View->CodeIgniter\View\{closure}()
 3 SYSTEMPATH\View\View.php(229): CodeIgniter\View\View->render('admin/adminlte3/index', [], true)
 4 SYSTEMPATH\Common.php(1134): CodeIgniter\View\View->render('admin/reservation/editreservation', [], true)
 5 APPPATH\Controllers\Booking.php(121): view('admin/reservation/editreservation', [...])
 6 SYSTEMPATH\CodeIgniter.php(927): App\Controllers\Booking->editreservation('11')
 7 SYSTEMPATH\CodeIgniter.php(482): CodeIgniter\CodeIgniter->runController(Object(App\Controllers\Booking))
 8 SYSTEMPATH\CodeIgniter.php(351): CodeIgniter\CodeIgniter->handleRequest(null, Object(Config\Cache), false)
 9 FCPATH\index.php(67): CodeIgniter\CodeIgniter->run()
10 SYSTEMPATH\Commands\Server\rewrite.php(46): require_once('FCPATH\\index.php')
CRITICAL - 2023-05-07 09:50:44 --> count(): Argument #1 ($value) must be of type Countable|array, null given
in APPPATH\Views\admin\adminlte3\index.php on line 84.
 1 SYSTEMPATH\View\View.php(213): include()
 2 SYSTEMPATH\View\View.php(216): CodeIgniter\View\View->CodeIgniter\View\{closure}()
 3 SYSTEMPATH\View\View.php(229): CodeIgniter\View\View->render('admin/adminlte3/index', [], true)
 4 SYSTEMPATH\Common.php(1134): CodeIgniter\View\View->render('admin/reservation/editreservation', [], true)
 5 APPPATH\Controllers\Booking.php(121): view('admin/reservation/editreservation', [...])
 6 SYSTEMPATH\CodeIgniter.php(927): App\Controllers\Booking->editreservation('11')
 7 SYSTEMPATH\CodeIgniter.php(482): CodeIgniter\CodeIgniter->runController(Object(App\Controllers\Booking))
 8 SYSTEMPATH\CodeIgniter.php(351): CodeIgniter\CodeIgniter->handleRequest(null, Object(Config\Cache), false)
 9 FCPATH\index.php(67): CodeIgniter\CodeIgniter->run()
10 SYSTEMPATH\Commands\Server\rewrite.php(46): require_once('FCPATH\\index.php')
CRITICAL - 2023-05-07 09:50:44 --> count(): Argument #1 ($value) must be of type Countable|array, null given
in APPPATH\Views\admin\adminlte3\index.php on line 84.
 1 SYSTEMPATH\View\View.php(213): include()
 2 SYSTEMPATH\View\View.php(216): CodeIgniter\View\View->CodeIgniter\View\{closure}()
 3 SYSTEMPATH\View\View.php(229): CodeIgniter\View\View->render('admin/adminlte3/index', [], true)
 4 SYSTEMPATH\Common.php(1134): CodeIgniter\View\View->render('admin/reservation/editreservation', [], true)
 5 APPPATH\Controllers\Booking.php(121): view('admin/reservation/editreservation', [...])
 6 SYSTEMPATH\CodeIgniter.php(927): App\Controllers\Booking->editreservation('11')
 7 SYSTEMPATH\CodeIgniter.php(482): CodeIgniter\CodeIgniter->runController(Object(App\Controllers\Booking))
 8 SYSTEMPATH\CodeIgniter.php(351): CodeIgniter\CodeIgniter->handleRequest(null, Object(Config\Cache), false)
 9 FCPATH\index.php(67): CodeIgniter\CodeIgniter->run()
10 SYSTEMPATH\Commands\Server\rewrite.php(46): require_once('FCPATH\\index.php')
CRITICAL - 2023-05-07 09:50:44 --> count(): Argument #1 ($value) must be of type Countable|array, null given
in APPPATH\Views\admin\adminlte3\index.php on line 84.
 1 SYSTEMPATH\View\View.php(213): include()
 2 SYSTEMPATH\View\View.php(216): CodeIgniter\View\View->CodeIgniter\View\{closure}()
 3 SYSTEMPATH\View\View.php(229): CodeIgniter\View\View->render('admin/adminlte3/index', [], true)
 4 SYSTEMPATH\Common.php(1134): CodeIgniter\View\View->render('admin/reservation/editreservation', [], true)
 5 APPPATH\Controllers\Booking.php(121): view('admin/reservation/editreservation', [...])
 6 SYSTEMPATH\CodeIgniter.php(927): App\Controllers\Booking->editreservation('11')
 7 SYSTEMPATH\CodeIgniter.php(482): CodeIgniter\CodeIgniter->runController(Object(App\Controllers\Booking))
 8 SYSTEMPATH\CodeIgniter.php(351): CodeIgniter\CodeIgniter->handleRequest(null, Object(Config\Cache), false)
 9 FCPATH\index.php(67): CodeIgniter\CodeIgniter->run()
10 SYSTEMPATH\Commands\Server\rewrite.php(46): require_once('FCPATH\\index.php')
CRITICAL - 2023-05-07 09:50:45 --> count(): Argument #1 ($value) must be of type Countable|array, null given
in APPPATH\Views\admin\adminlte3\index.php on line 84.
 1 SYSTEMPATH\View\View.php(213): include()
 2 SYSTEMPATH\View\View.php(216): CodeIgniter\View\View->CodeIgniter\View\{closure}()
 3 SYSTEMPATH\View\View.php(229): CodeIgniter\View\View->render('admin/adminlte3/index', [], true)
 4 SYSTEMPATH\Common.php(1134): CodeIgniter\View\View->render('admin/reservation/editreservation', [], true)
 5 APPPATH\Controllers\Booking.php(121): view('admin/reservation/editreservation', [...])
 6 SYSTEMPATH\CodeIgniter.php(927): App\Controllers\Booking->editreservation('11')
 7 SYSTEMPATH\CodeIgniter.php(482): CodeIgniter\CodeIgniter->runController(Object(App\Controllers\Booking))
 8 SYSTEMPATH\CodeIgniter.php(351): CodeIgniter\CodeIgniter->handleRequest(null, Object(Config\Cache), false)
 9 FCPATH\index.php(67): CodeIgniter\CodeIgniter->run()
10 SYSTEMPATH\Commands\Server\rewrite.php(46): require_once('FCPATH\\index.php')
CRITICAL - 2023-05-07 09:50:45 --> count(): Argument #1 ($value) must be of type Countable|array, null given
in APPPATH\Views\admin\adminlte3\index.php on line 84.
 1 SYSTEMPATH\View\View.php(213): include()
 2 SYSTEMPATH\View\View.php(216): CodeIgniter\View\View->CodeIgniter\View\{closure}()
 3 SYSTEMPATH\View\View.php(229): CodeIgniter\View\View->render('admin/adminlte3/index', [], true)
 4 SYSTEMPATH\Common.php(1134): CodeIgniter\View\View->render('admin/reservation/editreservation', [], true)
 5 APPPATH\Controllers\Booking.php(121): view('admin/reservation/editreservation', [...])
 6 SYSTEMPATH\CodeIgniter.php(927): App\Controllers\Booking->editreservation('11')
 7 SYSTEMPATH\CodeIgniter.php(482): CodeIgniter\CodeIgniter->runController(Object(App\Controllers\Booking))
 8 SYSTEMPATH\CodeIgniter.php(351): CodeIgniter\CodeIgniter->handleRequest(null, Object(Config\Cache), false)
 9 FCPATH\index.php(67): CodeIgniter\CodeIgniter->run()
10 SYSTEMPATH\Commands\Server\rewrite.php(46): require_once('FCPATH\\index.php')
CRITICAL - 2023-05-07 09:50:45 --> count(): Argument #1 ($value) must be of type Countable|array, null given
in APPPATH\Views\admin\adminlte3\index.php on line 84.
 1 SYSTEMPATH\View\View.php(213): include()
 2 SYSTEMPATH\View\View.php(216): CodeIgniter\View\View->CodeIgniter\View\{closure}()
 3 SYSTEMPATH\View\View.php(229): CodeIgniter\View\View->render('admin/adminlte3/index', [], true)
 4 SYSTEMPATH\Common.php(1134): CodeIgniter\View\View->render('admin/reservation/editreservation', [], true)
 5 APPPATH\Controllers\Booking.php(121): view('admin/reservation/editreservation', [...])
 6 SYSTEMPATH\CodeIgniter.php(927): App\Controllers\Booking->editreservation('11')
 7 SYSTEMPATH\CodeIgniter.php(482): CodeIgniter\CodeIgniter->runController(Object(App\Controllers\Booking))
 8 SYSTEMPATH\CodeIgniter.php(351): CodeIgniter\CodeIgniter->handleRequest(null, Object(Config\Cache), false)
 9 FCPATH\index.php(67): CodeIgniter\CodeIgniter->run()
10 SYSTEMPATH\Commands\Server\rewrite.php(46): require_once('FCPATH\\index.php')
CRITICAL - 2023-05-07 09:50:45 --> count(): Argument #1 ($value) must be of type Countable|array, null given
in APPPATH\Views\admin\adminlte3\index.php on line 84.
 1 SYSTEMPATH\View\View.php(213): include()
 2 SYSTEMPATH\View\View.php(216): CodeIgniter\View\View->CodeIgniter\View\{closure}()
 3 SYSTEMPATH\View\View.php(229): CodeIgniter\View\View->render('admin/adminlte3/index', [], true)
 4 SYSTEMPATH\Common.php(1134): CodeIgniter\View\View->render('admin/reservation/editreservation', [], true)
 5 APPPATH\Controllers\Booking.php(121): view('admin/reservation/editreservation', [...])
 6 SYSTEMPATH\CodeIgniter.php(927): App\Controllers\Booking->editreservation('11')
 7 SYSTEMPATH\CodeIgniter.php(482): CodeIgniter\CodeIgniter->runController(Object(App\Controllers\Booking))
 8 SYSTEMPATH\CodeIgniter.php(351): CodeIgniter\CodeIgniter->handleRequest(null, Object(Config\Cache), false)
 9 FCPATH\index.php(67): CodeIgniter\CodeIgniter->run()
10 SYSTEMPATH\Commands\Server\rewrite.php(46): require_once('FCPATH\\index.php')
CRITICAL - 2023-05-07 09:50:46 --> count(): Argument #1 ($value) must be of type Countable|array, null given
in APPPATH\Views\admin\adminlte3\index.php on line 84.
 1 SYSTEMPATH\View\View.php(213): include()
 2 SYSTEMPATH\View\View.php(216): CodeIgniter\View\View->CodeIgniter\View\{closure}()
 3 SYSTEMPATH\View\View.php(229): CodeIgniter\View\View->render('admin/adminlte3/index', [], true)
 4 SYSTEMPATH\Common.php(1134): CodeIgniter\View\View->render('admin/reservation/editreservation', [], true)
 5 APPPATH\Controllers\Booking.php(121): view('admin/reservation/editreservation', [...])
 6 SYSTEMPATH\CodeIgniter.php(927): App\Controllers\Booking->editreservation('11')
 7 SYSTEMPATH\CodeIgniter.php(482): CodeIgniter\CodeIgniter->runController(Object(App\Controllers\Booking))
 8 SYSTEMPATH\CodeIgniter.php(351): CodeIgniter\CodeIgniter->handleRequest(null, Object(Config\Cache), false)
 9 FCPATH\index.php(67): CodeIgniter\CodeIgniter->run()
10 SYSTEMPATH\Commands\Server\rewrite.php(46): require_once('FCPATH\\index.php')
CRITICAL - 2023-05-07 09:50:46 --> count(): Argument #1 ($value) must be of type Countable|array, null given
in APPPATH\Views\admin\adminlte3\index.php on line 84.
 1 SYSTEMPATH\View\View.php(213): include()
 2 SYSTEMPATH\View\View.php(216): CodeIgniter\View\View->CodeIgniter\View\{closure}()
 3 SYSTEMPATH\View\View.php(229): CodeIgniter\View\View->render('admin/adminlte3/index', [], true)
 4 SYSTEMPATH\Common.php(1134): CodeIgniter\View\View->render('admin/reservation/editreservation', [], true)
 5 APPPATH\Controllers\Booking.php(121): view('admin/reservation/editreservation', [...])
 6 SYSTEMPATH\CodeIgniter.php(927): App\Controllers\Booking->editreservation('11')
 7 SYSTEMPATH\CodeIgniter.php(482): CodeIgniter\CodeIgniter->runController(Object(App\Controllers\Booking))
 8 SYSTEMPATH\CodeIgniter.php(351): CodeIgniter\CodeIgniter->handleRequest(null, Object(Config\Cache), false)
 9 FCPATH\index.php(67): CodeIgniter\CodeIgniter->run()
10 SYSTEMPATH\Commands\Server\rewrite.php(46): require_once('FCPATH\\index.php')
CRITICAL - 2023-05-07 09:50:46 --> count(): Argument #1 ($value) must be of type Countable|array, null given
in APPPATH\Views\admin\adminlte3\index.php on line 84.
 1 SYSTEMPATH\View\View.php(213): include()
 2 SYSTEMPATH\View\View.php(216): CodeIgniter\View\View->CodeIgniter\View\{closure}()
 3 SYSTEMPATH\View\View.php(229): CodeIgniter\View\View->render('admin/adminlte3/index', [], true)
 4 SYSTEMPATH\Common.php(1134): CodeIgniter\View\View->render('admin/reservation/editreservation', [], true)
 5 APPPATH\Controllers\Booking.php(121): view('admin/reservation/editreservation', [...])
 6 SYSTEMPATH\CodeIgniter.php(927): App\Controllers\Booking->editreservation('11')
 7 SYSTEMPATH\CodeIgniter.php(482): CodeIgniter\CodeIgniter->runController(Object(App\Controllers\Booking))
 8 SYSTEMPATH\CodeIgniter.php(351): CodeIgniter\CodeIgniter->handleRequest(null, Object(Config\Cache), false)
 9 FCPATH\index.php(67): CodeIgniter\CodeIgniter->run()
10 SYSTEMPATH\Commands\Server\rewrite.php(46): require_once('FCPATH\\index.php')
CRITICAL - 2023-05-07 09:50:46 --> count(): Argument #1 ($value) must be of type Countable|array, null given
in APPPATH\Views\admin\adminlte3\index.php on line 84.
 1 SYSTEMPATH\View\View.php(213): include()
 2 SYSTEMPATH\View\View.php(216): CodeIgniter\View\View->CodeIgniter\View\{closure}()
 3 SYSTEMPATH\View\View.php(229): CodeIgniter\View\View->render('admin/adminlte3/index', [], true)
 4 SYSTEMPATH\Common.php(1134): CodeIgniter\View\View->render('admin/reservation/editreservation', [], true)
 5 APPPATH\Controllers\Booking.php(121): view('admin/reservation/editreservation', [...])
 6 SYSTEMPATH\CodeIgniter.php(927): App\Controllers\Booking->editreservation('11')
 7 SYSTEMPATH\CodeIgniter.php(482): CodeIgniter\CodeIgniter->runController(Object(App\Controllers\Booking))
 8 SYSTEMPATH\CodeIgniter.php(351): CodeIgniter\CodeIgniter->handleRequest(null, Object(Config\Cache), false)
 9 FCPATH\index.php(67): CodeIgniter\CodeIgniter->run()
10 SYSTEMPATH\Commands\Server\rewrite.php(46): require_once('FCPATH\\index.php')
CRITICAL - 2023-05-07 09:50:46 --> count(): Argument #1 ($value) must be of type Countable|array, null given
in APPPATH\Views\admin\adminlte3\index.php on line 84.
 1 SYSTEMPATH\View\View.php(213): include()
 2 SYSTEMPATH\View\View.php(216): CodeIgniter\View\View->CodeIgniter\View\{closure}()
 3 SYSTEMPATH\View\View.php(229): CodeIgniter\View\View->render('admin/adminlte3/index', [], true)
 4 SYSTEMPATH\Common.php(1134): CodeIgniter\View\View->render('admin/reservation/editreservation', [], true)
 5 APPPATH\Controllers\Booking.php(121): view('admin/reservation/editreservation', [...])
 6 SYSTEMPATH\CodeIgniter.php(927): App\Controllers\Booking->editreservation('11')
 7 SYSTEMPATH\CodeIgniter.php(482): CodeIgniter\CodeIgniter->runController(Object(App\Controllers\Booking))
 8 SYSTEMPATH\CodeIgniter.php(351): CodeIgniter\CodeIgniter->handleRequest(null, Object(Config\Cache), false)
 9 FCPATH\index.php(67): CodeIgniter\CodeIgniter->run()
10 SYSTEMPATH\Commands\Server\rewrite.php(46): require_once('FCPATH\\index.php')
CRITICAL - 2023-05-07 09:51:34 --> count(): Argument #1 ($value) must be of type Countable|array, null given
in APPPATH\Views\admin\adminlte3\index.php on line 84.
 1 SYSTEMPATH\View\View.php(213): include()
 2 SYSTEMPATH\View\View.php(216): CodeIgniter\View\View->CodeIgniter\View\{closure}()
 3 SYSTEMPATH\View\View.php(229): CodeIgniter\View\View->render('admin/adminlte3/index', [], true)
 4 SYSTEMPATH\Common.php(1134): CodeIgniter\View\View->render('admin/reservation/editreservation', [], true)
 5 APPPATH\Controllers\Booking.php(121): view('admin/reservation/editreservation', [...])
 6 SYSTEMPATH\CodeIgniter.php(927): App\Controllers\Booking->editreservation('11')
 7 SYSTEMPATH\CodeIgniter.php(482): CodeIgniter\CodeIgniter->runController(Object(App\Controllers\Booking))
 8 SYSTEMPATH\CodeIgniter.php(351): CodeIgniter\CodeIgniter->handleRequest(null, Object(Config\Cache), false)
 9 FCPATH\index.php(67): CodeIgniter\CodeIgniter->run()
10 SYSTEMPATH\Commands\Server\rewrite.php(46): require_once('FCPATH\\index.php')
CRITICAL - 2023-05-07 09:53:08 --> count(): Argument #1 ($value) must be of type Countable|array, null given
in APPPATH\Views\admin\adminlte3\index.php on line 84.
 1 SYSTEMPATH\View\View.php(213): include()
 2 SYSTEMPATH\View\View.php(216): CodeIgniter\View\View->CodeIgniter\View\{closure}()
 3 SYSTEMPATH\View\View.php(229): CodeIgniter\View\View->render('admin/adminlte3/index', [], true)
 4 SYSTEMPATH\Common.php(1134): CodeIgniter\View\View->render('admin/reservation/editreservation', [], true)
 5 APPPATH\Controllers\Booking.php(121): view('admin/reservation/editreservation', [...])
 6 SYSTEMPATH\CodeIgniter.php(927): App\Controllers\Booking->editreservation('11')
 7 SYSTEMPATH\CodeIgniter.php(482): CodeIgniter\CodeIgniter->runController(Object(App\Controllers\Booking))
 8 SYSTEMPATH\CodeIgniter.php(351): CodeIgniter\CodeIgniter->handleRequest(null, Object(Config\Cache), false)
 9 FCPATH\index.php(67): CodeIgniter\CodeIgniter->run()
10 SYSTEMPATH\Commands\Server\rewrite.php(46): require_once('FCPATH\\index.php')
CRITICAL - 2023-05-07 09:54:02 --> count(): Argument #1 ($value) must be of type Countable|array, null given
in APPPATH\Views\admin\adminlte3\index.php on line 77.
 1 SYSTEMPATH\View\View.php(213): include()
 2 SYSTEMPATH\View\View.php(216): CodeIgniter\View\View->CodeIgniter\View\{closure}()
 3 SYSTEMPATH\View\View.php(229): CodeIgniter\View\View->render('admin/adminlte3/index', [], true)
 4 SYSTEMPATH\Common.php(1134): CodeIgniter\View\View->render('admin/reservation/editreservation', [], true)
 5 APPPATH\Controllers\Booking.php(121): view('admin/reservation/editreservation', [...])
 6 SYSTEMPATH\CodeIgniter.php(927): App\Controllers\Booking->editreservation('11')
 7 SYSTEMPATH\CodeIgniter.php(482): CodeIgniter\CodeIgniter->runController(Object(App\Controllers\Booking))
 8 SYSTEMPATH\CodeIgniter.php(351): CodeIgniter\CodeIgniter->handleRequest(null, Object(Config\Cache), false)
 9 FCPATH\index.php(67): CodeIgniter\CodeIgniter->run()
10 SYSTEMPATH\Commands\Server\rewrite.php(46): require_once('FCPATH\\index.php')
CRITICAL - 2023-05-07 09:54:59 --> Undefined array key "item_name"
in APPPATH\Views\admin\sales\salesreport.php on line 255.
 1 APPPATH\Views\admin\sales\salesreport.php(255): CodeIgniter\Debug\Exceptions->errorHandler(2, 'Undefined array key "item_name"', 'APPPATH\\Views\\admin\\sales\\salesreport.php', 255)
 2 SYSTEMPATH\View\View.php(213): include('APPPATH\\Views\\admin\\sales\\salesreport.php')
 3 SYSTEMPATH\View\View.php(216): CodeIgniter\View\View->CodeIgniter\View\{closure}()
 4 SYSTEMPATH\Common.php(1134): CodeIgniter\View\View->render('admin/sales/salesreport', [], true)
 5 APPPATH\Controllers\Admin.php(192): view('admin/sales/salesreport', [...])
 6 SYSTEMPATH\CodeIgniter.php(927): App\Controllers\Admin->salesreport()
 7 SYSTEMPATH\CodeIgniter.php(482): CodeIgniter\CodeIgniter->runController(Object(App\Controllers\Admin))
 8 SYSTEMPATH\CodeIgniter.php(351): CodeIgniter\CodeIgniter->handleRequest(null, Object(Config\Cache), false)
 9 FCPATH\index.php(67): CodeIgniter\CodeIgniter->run()
10 SYSTEMPATH\Commands\Server\rewrite.php(46): require_once('FCPATH\\index.php')
CRITICAL - 2023-05-07 10:01:50 --> Maximum execution time of 60 seconds exceeded
in SYSTEMPATH\Email\Email.php on line 2072.
 1 [internal function]: CodeIgniter\Debug\Exceptions->shutdownHandler()
CRITICAL - 2023-05-07 10:45:37 --> session_start(): Failed to decode session object. Session has been destroyed
in SYSTEMPATH\Session\Session.php on line 912.
 1 [internal function]: CodeIgniter\Debug\Exceptions->errorHandler(2, 'session_start(): Failed to decode session object. Session has been destroyed', 'SYSTEMPATH\\Session\\Session.php', 912)
 2 SYSTEMPATH\Session\Session.php(912): session_start()
 3 SYSTEMPATH\Session\Session.php(234): CodeIgniter\Session\Session->startSession()
 4 SYSTEMPATH\Config\Services.php(665): CodeIgniter\Session\Session->start()
 5 SYSTEMPATH\Config\BaseService.php(253): CodeIgniter\Config\Services::session(Object(Config\App), false)
 6 SYSTEMPATH\Config\BaseService.php(194): CodeIgniter\Config\BaseService::__callStatic('session', [...])
 7 SYSTEMPATH\Config\Services.php(637): CodeIgniter\Config\BaseService::getSharedInstance('session', null)
 8 SYSTEMPATH\Config\BaseService.php(253): CodeIgniter\Config\Services::session()
 9 SYSTEMPATH\Common.php(931): CodeIgniter\Config\BaseService::__callStatic('session', [])
10 APPPATH\Filters\Auth.php(14): session()
11 SYSTEMPATH\Filters\Filters.php(173): App\Filters\Auth->before(Object(CodeIgniter\HTTP\IncomingRequest), null)
12 SYSTEMPATH\CodeIgniter.php(455): CodeIgniter\Filters\Filters->run('orders_edit_6', 'before')
13 SYSTEMPATH\CodeIgniter.php(351): CodeIgniter\CodeIgniter->handleRequest(null, Object(Config\Cache), false)
14 FCPATH\index.php(67): CodeIgniter\CodeIgniter->run()
15 SYSTEMPATH\Commands\Server\rewrite.php(46): require_once('FCPATH\\index.php')
CRITICAL - 2023-05-07 10:45:42 --> Undefined array key "id"
in APPPATH\Controllers\Home.php on line 35.
 1 APPPATH\Controllers\Home.php(35): CodeIgniter\Debug\Exceptions->errorHandler(2, 'Undefined array key "id"', 'APPPATH\\Controllers\\Home.php', 35)
 2 SYSTEMPATH\CodeIgniter.php(927): App\Controllers\Home->home()
 3 SYSTEMPATH\CodeIgniter.php(482): CodeIgniter\CodeIgniter->runController(Object(App\Controllers\Home))
 4 SYSTEMPATH\CodeIgniter.php(351): CodeIgniter\CodeIgniter->handleRequest(null, Object(Config\Cache), false)
 5 FCPATH\index.php(67): CodeIgniter\CodeIgniter->run()
 6 SYSTEMPATH\Commands\Server\rewrite.php(46): require_once('FCPATH\\index.php')
CRITICAL - 2023-05-07 10:59:12 --> Undefined array key "item_name"
in APPPATH\Views\admin\sales\salesreport.php on line 267.
 1 APPPATH\Views\admin\sales\salesreport.php(267): CodeIgniter\Debug\Exceptions->errorHandler(2, 'Undefined array key "item_name"', 'APPPATH\\Views\\admin\\sales\\salesreport.php', 267)
 2 SYSTEMPATH\View\View.php(213): include('APPPATH\\Views\\admin\\sales\\salesreport.php')
 3 SYSTEMPATH\View\View.php(216): CodeIgniter\View\View->CodeIgniter\View\{closure}()
 4 SYSTEMPATH\Common.php(1134): CodeIgniter\View\View->render('admin/sales/salesreport', [], true)
 5 APPPATH\Controllers\Admin.php(192): view('admin/sales/salesreport', [...])
 6 SYSTEMPATH\CodeIgniter.php(927): App\Controllers\Admin->salesreport()
 7 SYSTEMPATH\CodeIgniter.php(482): CodeIgniter\CodeIgniter->runController(Object(App\Controllers\Admin))
 8 SYSTEMPATH\CodeIgniter.php(351): CodeIgniter\CodeIgniter->handleRequest(null, Object(Config\Cache), false)
 9 FCPATH\index.php(67): CodeIgniter\CodeIgniter->run()
10 SYSTEMPATH\Commands\Server\rewrite.php(46): require_once('FCPATH\\index.php')
CRITICAL - 2023-05-07 11:04:02 --> Undefined array key "item_name"
in APPPATH\Views\admin\sales\salesreport.php on line 267.
 1 APPPATH\Views\admin\sales\salesreport.php(267): CodeIgniter\Debug\Exceptions->errorHandler(2, 'Undefined array key "item_name"', 'APPPATH\\Views\\admin\\sales\\salesreport.php', 267)
 2 SYSTEMPATH\View\View.php(213): include('APPPATH\\Views\\admin\\sales\\salesreport.php')
 3 SYSTEMPATH\View\View.php(216): CodeIgniter\View\View->CodeIgniter\View\{closure}()
 4 SYSTEMPATH\Common.php(1134): CodeIgniter\View\View->render('admin/sales/salesreport', [], true)
 5 APPPATH\Controllers\Admin.php(192): view('admin/sales/salesreport', [...])
 6 SYSTEMPATH\CodeIgniter.php(927): App\Controllers\Admin->salesreport()
 7 SYSTEMPATH\CodeIgniter.php(482): CodeIgniter\CodeIgniter->runController(Object(App\Controllers\Admin))
 8 SYSTEMPATH\CodeIgniter.php(351): CodeIgniter\CodeIgniter->handleRequest(null, Object(Config\Cache), false)
 9 FCPATH\index.php(67): CodeIgniter\CodeIgniter->run()
10 SYSTEMPATH\Commands\Server\rewrite.php(46): require_once('FCPATH\\index.php')
CRITICAL - 2023-05-07 11:13:02 --> Invalid file: admin/sales/stocks.php
in SYSTEMPATH\Exceptions\FrameworkException.php on line 33.
 1 SYSTEMPATH\View\View.php(201): CodeIgniter\Exceptions\FrameworkException::forInvalidFile('admin/sales/stocks.php')
 2 SYSTEMPATH\Common.php(1134): CodeIgniter\View\View->render('admin/sales/stocks', [], true)
 3 APPPATH\Controllers\Admin.php(189): view('admin/sales/stocks', [])
 4 SYSTEMPATH\CodeIgniter.php(927): App\Controllers\Admin->stocks()
 5 SYSTEMPATH\CodeIgniter.php(482): CodeIgniter\CodeIgniter->runController(Object(App\Controllers\Admin))
 6 SYSTEMPATH\CodeIgniter.php(351): CodeIgniter\CodeIgniter->handleRequest(null, Object(Config\Cache), false)
 7 FCPATH\index.php(67): CodeIgniter\CodeIgniter->run()
 8 SYSTEMPATH\Commands\Server\rewrite.php(46): require_once('FCPATH\\index.php')
CRITICAL - 2023-05-07 11:13:18 --> Invalid file: admin/stocks/stocklist.php
in SYSTEMPATH\Exceptions\FrameworkException.php on line 33.
 1 SYSTEMPATH\View\View.php(201): CodeIgniter\Exceptions\FrameworkException::forInvalidFile('admin/stocks/stocklist.php')
 2 SYSTEMPATH\Common.php(1134): CodeIgniter\View\View->render('admin/stocks/stocklist', [], true)
 3 APPPATH\Controllers\Admin.php(189): view('admin/stocks/stocklist', [])
 4 SYSTEMPATH\CodeIgniter.php(927): App\Controllers\Admin->stocks()
 5 SYSTEMPATH\CodeIgniter.php(482): CodeIgniter\CodeIgniter->runController(Object(App\Controllers\Admin))
 6 SYSTEMPATH\CodeIgniter.php(351): CodeIgniter\CodeIgniter->handleRequest(null, Object(Config\Cache), false)
 7 FCPATH\index.php(67): CodeIgniter\CodeIgniter->run()
 8 SYSTEMPATH\Commands\Server\rewrite.php(46): require_once('FCPATH\\index.php')
CRITICAL - 2023-05-07 11:13:20 --> Invalid file: admin/stocks/stocklist.php
in SYSTEMPATH\Exceptions\FrameworkException.php on line 33.
 1 SYSTEMPATH\View\View.php(201): CodeIgniter\Exceptions\FrameworkException::forInvalidFile('admin/stocks/stocklist.php')
 2 SYSTEMPATH\Common.php(1134): CodeIgniter\View\View->render('admin/stocks/stocklist', [], true)
 3 APPPATH\Controllers\Admin.php(189): view('admin/stocks/stocklist', [])
 4 SYSTEMPATH\CodeIgniter.php(927): App\Controllers\Admin->stocks()
 5 SYSTEMPATH\CodeIgniter.php(482): CodeIgniter\CodeIgniter->runController(Object(App\Controllers\Admin))
 6 SYSTEMPATH\CodeIgniter.php(351): CodeIgniter\CodeIgniter->handleRequest(null, Object(Config\Cache), false)
 7 FCPATH\index.php(67): CodeIgniter\CodeIgniter->run()
 8 SYSTEMPATH\Commands\Server\rewrite.php(46): require_once('FCPATH\\index.php')
CRITICAL - 2023-05-07 11:14:03 --> Undefined variable $booking
in APPPATH\Views\admin\stocks\stockslist.php on line 260.
 1 APPPATH\Views\admin\stocks\stockslist.php(260): CodeIgniter\Debug\Exceptions->errorHandler(2, 'Undefined variable $booking', 'APPPATH\\Views\\admin\\stocks\\stockslist.php', 260)
 2 SYSTEMPATH\View\View.php(213): include('APPPATH\\Views\\admin\\stocks\\stockslist.php')
 3 SYSTEMPATH\View\View.php(216): CodeIgniter\View\View->CodeIgniter\View\{closure}()
 4 SYSTEMPATH\Common.php(1134): CodeIgniter\View\View->render('admin/stocks/stockslist', [], true)
 5 APPPATH\Controllers\Admin.php(189): view('admin/stocks/stockslist', [])
 6 SYSTEMPATH\CodeIgniter.php(927): App\Controllers\Admin->stocks()
 7 SYSTEMPATH\CodeIgniter.php(482): CodeIgniter\CodeIgniter->runController(Object(App\Controllers\Admin))
 8 SYSTEMPATH\CodeIgniter.php(351): CodeIgniter\CodeIgniter->handleRequest(null, Object(Config\Cache), false)
 9 FCPATH\index.php(67): CodeIgniter\CodeIgniter->run()
10 SYSTEMPATH\Commands\Server\rewrite.php(46): require_once('FCPATH\\index.php')
CRITICAL - 2023-05-07 11:22:49 --> Undefined variable $data
in APPPATH\Views\admin\sales\saleslist.php on line 252.
 1 APPPATH\Views\admin\sales\saleslist.php(252): CodeIgniter\Debug\Exceptions->errorHandler(2, 'Undefined variable $data', 'APPPATH\\Views\\admin\\sales\\saleslist.php', 252)
 2 SYSTEMPATH\View\View.php(213): include('APPPATH\\Views\\admin\\sales\\saleslist.php')
 3 SYSTEMPATH\View\View.php(216): CodeIgniter\View\View->CodeIgniter\View\{closure}()
 4 SYSTEMPATH\Common.php(1134): CodeIgniter\View\View->render('admin/sales/saleslist', [], true)
 5 APPPATH\Controllers\Admin.php(195): view('admin/sales/saleslist', [])
 6 SYSTEMPATH\CodeIgniter.php(927): App\Controllers\Admin->sales()
 7 SYSTEMPATH\CodeIgniter.php(482): CodeIgniter\CodeIgniter->runController(Object(App\Controllers\Admin))
 8 SYSTEMPATH\CodeIgniter.php(351): CodeIgniter\CodeIgniter->handleRequest(null, Object(Config\Cache), false)
 9 FCPATH\index.php(67): CodeIgniter\CodeIgniter->run()
10 SYSTEMPATH\Commands\Server\rewrite.php(46): require_once('FCPATH\\index.php')
