CRITICAL - 2023-12-20 00:08:05 --> Undefined variable $announcements
in APPPATH\Views\layer1\titles.php on line 277.
 1 APPPATH\Views\layer1\titles.php(277): CodeIgniter\Debug\Exceptions->errorHandler(2, 'Undefined variable $announcements', 'APPPATH\\Views\\layer1\\titles.php', 277)
 2 SYSTEMPATH\View\View.php(213): include('APPPATH\\Views\\layer1\\titles.php')
 3 SYSTEMPATH\View\View.php(216): CodeIgniter\View\View->CodeIgniter\View\{closure}()
 4 SYSTEMPATH\Common.php(1134): CodeIgniter\View\View->render('layer1/titles', [], true)
 5 APPPATH\Controllers\Home.php(190): view('layer1/titles', [...])
 6 SYSTEMPATH\CodeIgniter.php(927): App\Controllers\Home->layer1_titles()
 7 SYSTEMPATH\CodeIgniter.php(482): CodeIgniter\CodeIgniter->runController(Object(App\Controllers\Home))
 8 SYSTEMPATH\CodeIgniter.php(351): CodeIgniter\CodeIgniter->handleRequest(null, Object(Config\Cache), false)
 9 FCPATH\index.php(87): CodeIgniter\CodeIgniter->run()
10 SYSTEMPATH\Commands\Server\rewrite.php(46): require_once('FCPATH\\index.php')
CRITICAL - 2023-12-20 00:27:41 --> Class "App\Controllers\AnnouncementsModel" not found
in APPPATH\Controllers\Home.php on line 319.
 1 SYSTEMPATH\CodeIgniter.php(927): App\Controllers\Home->announcements()
 2 SYSTEMPATH\CodeIgniter.php(482): CodeIgniter\CodeIgniter->runController(Object(App\Controllers\Home))
 3 SYSTEMPATH\CodeIgniter.php(351): CodeIgniter\CodeIgniter->handleRequest(null, Object(Config\Cache), false)
 4 FCPATH\index.php(87): CodeIgniter\CodeIgniter->run()
 5 SYSTEMPATH\Commands\Server\rewrite.php(46): require_once('FCPATH\\index.php')
CRITICAL - 2023-12-20 00:29:40 --> Class "App\Controllers\AnnouncementsModel" not found
in APPPATH\Controllers\Home.php on line 319.
 1 SYSTEMPATH\CodeIgniter.php(927): App\Controllers\Home->announcements()
 2 SYSTEMPATH\CodeIgniter.php(482): CodeIgniter\CodeIgniter->runController(Object(App\Controllers\Home))
 3 SYSTEMPATH\CodeIgniter.php(351): CodeIgniter\CodeIgniter->handleRequest(null, Object(Config\Cache), false)
 4 FCPATH\index.php(87): CodeIgniter\CodeIgniter->run()
 5 SYSTEMPATH\Commands\Server\rewrite.php(46): require_once('FCPATH\\index.php')
CRITICAL - 2023-12-20 00:31:02 --> Class "App\Controllers\AnnouncementsModel" not found
in APPPATH\Controllers\Home.php on line 319.
 1 SYSTEMPATH\CodeIgniter.php(927): App\Controllers\Home->announcements()
 2 SYSTEMPATH\CodeIgniter.php(482): CodeIgniter\CodeIgniter->runController(Object(App\Controllers\Home))
 3 SYSTEMPATH\CodeIgniter.php(351): CodeIgniter\CodeIgniter->handleRequest(null, Object(Config\Cache), false)
 4 FCPATH\index.php(87): CodeIgniter\CodeIgniter->run()
 5 SYSTEMPATH\Commands\Server\rewrite.php(46): require_once('FCPATH\\index.php')
CRITICAL - 2023-12-20 00:32:00 --> Invalid file: announcements.php
in SYSTEMPATH\Exceptions\FrameworkException.php on line 33.
 1 SYSTEMPATH\View\View.php(201): CodeIgniter\Exceptions\FrameworkException::forInvalidFile('announcements.php')
 2 SYSTEMPATH\Common.php(1134): CodeIgniter\View\View->render('announcements', [], true)
 3 APPPATH\Controllers\Home.php(332): view('announcements', [...])
 4 SYSTEMPATH\CodeIgniter.php(927): App\Controllers\Home->announcements()
 5 SYSTEMPATH\CodeIgniter.php(482): CodeIgniter\CodeIgniter->runController(Object(App\Controllers\Home))
 6 SYSTEMPATH\CodeIgniter.php(351): CodeIgniter\CodeIgniter->handleRequest(null, Object(Config\Cache), false)
 7 FCPATH\index.php(87): CodeIgniter\CodeIgniter->run()
 8 SYSTEMPATH\Commands\Server\rewrite.php(46): require_once('FCPATH\\index.php')
CRITICAL - 2023-12-20 00:32:57 --> Invalid file: announcements.php
in SYSTEMPATH\Exceptions\FrameworkException.php on line 33.
 1 SYSTEMPATH\View\View.php(201): CodeIgniter\Exceptions\FrameworkException::forInvalidFile('announcements.php')
 2 SYSTEMPATH\Common.php(1134): CodeIgniter\View\View->render('announcements', [], true)
 3 APPPATH\Controllers\Home.php(332): view('announcements', [...])
 4 SYSTEMPATH\CodeIgniter.php(927): App\Controllers\Home->announcements()
 5 SYSTEMPATH\CodeIgniter.php(482): CodeIgniter\CodeIgniter->runController(Object(App\Controllers\Home))
 6 SYSTEMPATH\CodeIgniter.php(351): CodeIgniter\CodeIgniter->handleRequest(null, Object(Config\Cache), false)
 7 FCPATH\index.php(87): CodeIgniter\CodeIgniter->run()
 8 SYSTEMPATH\Commands\Server\rewrite.php(46): require_once('FCPATH\\index.php')
CRITICAL - 2023-12-20 00:32:59 --> Invalid file: announcements.php
in SYSTEMPATH\Exceptions\FrameworkException.php on line 33.
 1 SYSTEMPATH\View\View.php(201): CodeIgniter\Exceptions\FrameworkException::forInvalidFile('announcements.php')
 2 SYSTEMPATH\Common.php(1134): CodeIgniter\View\View->render('announcements', [], true)
 3 APPPATH\Controllers\Home.php(332): view('announcements', [...])
 4 SYSTEMPATH\CodeIgniter.php(927): App\Controllers\Home->announcements()
 5 SYSTEMPATH\CodeIgniter.php(482): CodeIgniter\CodeIgniter->runController(Object(App\Controllers\Home))
 6 SYSTEMPATH\CodeIgniter.php(351): CodeIgniter\CodeIgniter->handleRequest(null, Object(Config\Cache), false)
 7 FCPATH\index.php(87): CodeIgniter\CodeIgniter->run()
 8 SYSTEMPATH\Commands\Server\rewrite.php(46): require_once('FCPATH\\index.php')
CRITICAL - 2023-12-20 00:33:00 --> Invalid file: announcements.php
in SYSTEMPATH\Exceptions\FrameworkException.php on line 33.
 1 SYSTEMPATH\View\View.php(201): CodeIgniter\Exceptions\FrameworkException::forInvalidFile('announcements.php')
 2 SYSTEMPATH\Common.php(1134): CodeIgniter\View\View->render('announcements', [], true)
 3 APPPATH\Controllers\Home.php(332): view('announcements', [...])
 4 SYSTEMPATH\CodeIgniter.php(927): App\Controllers\Home->announcements()
 5 SYSTEMPATH\CodeIgniter.php(482): CodeIgniter\CodeIgniter->runController(Object(App\Controllers\Home))
 6 SYSTEMPATH\CodeIgniter.php(351): CodeIgniter\CodeIgniter->handleRequest(null, Object(Config\Cache), false)
 7 FCPATH\index.php(87): CodeIgniter\CodeIgniter->run()
 8 SYSTEMPATH\Commands\Server\rewrite.php(46): require_once('FCPATH\\index.php')
CRITICAL - 2023-12-20 06:17:12 --> Undefined variable $announcements
in APPPATH\Views\layer2\images.php on line 174.
 1 APPPATH\Views\layer2\images.php(174): CodeIgniter\Debug\Exceptions->errorHandler(2, 'Undefined variable $announcements', 'APPPATH\\Views\\layer2\\images.php', 174)
 2 SYSTEMPATH\View\View.php(213): include('APPPATH\\Views\\layer2\\images.php')
 3 SYSTEMPATH\View\View.php(216): CodeIgniter\View\View->CodeIgniter\View\{closure}()
 4 SYSTEMPATH\Common.php(1134): CodeIgniter\View\View->render('layer2/images', [], true)
 5 APPPATH\Controllers\Home.php(331): view('layer2/images', [...])
 6 SYSTEMPATH\CodeIgniter.php(927): App\Controllers\Home->layer2_images()
 7 SYSTEMPATH\CodeIgniter.php(482): CodeIgniter\CodeIgniter->runController(Object(App\Controllers\Home))
 8 SYSTEMPATH\CodeIgniter.php(351): CodeIgniter\CodeIgniter->handleRequest(null, Object(Config\Cache), false)
 9 FCPATH\index.php(87): CodeIgniter\CodeIgniter->run()
10 SYSTEMPATH\Commands\Server\rewrite.php(46): require_once('FCPATH\\index.php')
CRITICAL - 2023-12-20 07:10:47 --> Undefined variable $FourthLayer
in APPPATH\Controllers\Home.php on line 28.
 1 APPPATH\Controllers\Home.php(28): CodeIgniter\Debug\Exceptions->errorHandler(2, 'Undefined variable $FourthLayer', 'APPPATH\\Controllers\\Home.php', 28)
 2 SYSTEMPATH\CodeIgniter.php(927): App\Controllers\Home->index()
 3 SYSTEMPATH\CodeIgniter.php(482): CodeIgniter\CodeIgniter->runController(Object(App\Controllers\Home))
 4 SYSTEMPATH\CodeIgniter.php(351): CodeIgniter\CodeIgniter->handleRequest(null, Object(Config\Cache), false)
 5 FCPATH\index.php(87): CodeIgniter\CodeIgniter->run()
 6 SYSTEMPATH\Commands\Server\rewrite.php(46): require_once('FCPATH\\index.php')
CRITICAL - 2023-12-20 07:12:09 --> Undefined array key "title"
in APPPATH\Views\landingpage.php on line 232.
 1 APPPATH\Views\landingpage.php(232): CodeIgniter\Debug\Exceptions->errorHandler(2, 'Undefined array key "title"', 'APPPATH\\Views\\landingpage.php', 232)
 2 SYSTEMPATH\View\View.php(213): include('APPPATH\\Views\\landingpage.php')
 3 SYSTEMPATH\View\View.php(216): CodeIgniter\View\View->CodeIgniter\View\{closure}()
 4 SYSTEMPATH\Common.php(1134): CodeIgniter\View\View->render('landingpage', [], true)
 5 APPPATH\Controllers\Home.php(38): view('landingpage', [...])
 6 SYSTEMPATH\CodeIgniter.php(927): App\Controllers\Home->index()
 7 SYSTEMPATH\CodeIgniter.php(482): CodeIgniter\CodeIgniter->runController(Object(App\Controllers\Home))
 8 SYSTEMPATH\CodeIgniter.php(351): CodeIgniter\CodeIgniter->handleRequest(null, Object(Config\Cache), false)
 9 FCPATH\index.php(87): CodeIgniter\CodeIgniter->run()
10 SYSTEMPATH\Commands\Server\rewrite.php(46): require_once('FCPATH\\index.php')
CRITICAL - 2023-12-20 07:13:23 --> Undefined array key "title2"
in APPPATH\Views\landingpage.php on line 232.
 1 APPPATH\Views\landingpage.php(232): CodeIgniter\Debug\Exceptions->errorHandler(2, 'Undefined array key "title2"', 'APPPATH\\Views\\landingpage.php', 232)
 2 SYSTEMPATH\View\View.php(213): include('APPPATH\\Views\\landingpage.php')
 3 SYSTEMPATH\View\View.php(216): CodeIgniter\View\View->CodeIgniter\View\{closure}()
 4 SYSTEMPATH\Common.php(1134): CodeIgniter\View\View->render('landingpage', [], true)
 5 APPPATH\Controllers\Home.php(38): view('landingpage', [...])
 6 SYSTEMPATH\CodeIgniter.php(927): App\Controllers\Home->index()
 7 SYSTEMPATH\CodeIgniter.php(482): CodeIgniter\CodeIgniter->runController(Object(App\Controllers\Home))
 8 SYSTEMPATH\CodeIgniter.php(351): CodeIgniter\CodeIgniter->handleRequest(null, Object(Config\Cache), false)
 9 FCPATH\index.php(87): CodeIgniter\CodeIgniter->run()
10 SYSTEMPATH\Commands\Server\rewrite.php(46): require_once('FCPATH\\index.php')
CRITICAL - 2023-12-20 07:14:37 --> Undefined array key "title"
in APPPATH\Views\landingpage.php on line 232.
 1 APPPATH\Views\landingpage.php(232): CodeIgniter\Debug\Exceptions->errorHandler(2, 'Undefined array key "title"', 'APPPATH\\Views\\landingpage.php', 232)
 2 SYSTEMPATH\View\View.php(213): include('APPPATH\\Views\\landingpage.php')
 3 SYSTEMPATH\View\View.php(216): CodeIgniter\View\View->CodeIgniter\View\{closure}()
 4 SYSTEMPATH\Common.php(1134): CodeIgniter\View\View->render('landingpage', [], true)
 5 APPPATH\Controllers\Home.php(38): view('landingpage', [...])
 6 SYSTEMPATH\CodeIgniter.php(927): App\Controllers\Home->index()
 7 SYSTEMPATH\CodeIgniter.php(482): CodeIgniter\CodeIgniter->runController(Object(App\Controllers\Home))
 8 SYSTEMPATH\CodeIgniter.php(351): CodeIgniter\CodeIgniter->handleRequest(null, Object(Config\Cache), false)
 9 FCPATH\index.php(87): CodeIgniter\CodeIgniter->run()
10 SYSTEMPATH\Commands\Server\rewrite.php(46): require_once('FCPATH\\index.php')
CRITICAL - 2023-12-20 07:43:44 --> ini_set(): Session ini settings cannot be changed after headers have already been sent
in SYSTEMPATH\Session\Handlers\FileHandler.php on line 71.
 1 [internal function]: CodeIgniter\Debug\Exceptions->errorHandler(2, 'ini_set(): Session ini settings cannot be changed after headers have already been sent', 'SYSTEMPATH\\Session\\Handlers\\FileHandler.php', 71)
 2 SYSTEMPATH\Session\Handlers\FileHandler.php(71): ini_set('session.save_path', 'ROOTPATH\\writable\\session')
 3 SYSTEMPATH\Config\Services.php(658): CodeIgniter\Session\Handlers\FileHandler->__construct(Object(Config\App), '::1')
 4 SYSTEMPATH\Config\BaseService.php(253): CodeIgniter\Config\Services::session(Object(Config\App), false)
 5 SYSTEMPATH\Config\BaseService.php(194): CodeIgniter\Config\BaseService::__callStatic('session', [...])
 6 SYSTEMPATH\Config\Services.php(637): CodeIgniter\Config\BaseService::getSharedInstance('session', null)
 7 SYSTEMPATH\Config\BaseService.php(253): CodeIgniter\Config\Services::session()
 8 SYSTEMPATH\Common.php(931): CodeIgniter\Config\BaseService::__callStatic('session', [])
 9 APPPATH\Filters\Auth.php(14): session()
10 SYSTEMPATH\Filters\Filters.php(173): App\Filters\Auth->before(Object(CodeIgniter\HTTP\IncomingRequest), null)
11 SYSTEMPATH\CodeIgniter.php(455): CodeIgniter\Filters\Filters->run('add_video_layer3', 'before')
12 SYSTEMPATH\CodeIgniter.php(351): CodeIgniter\CodeIgniter->handleRequest(null, Object(Config\Cache), false)
13 FCPATH\index.php(87): CodeIgniter\CodeIgniter->run()
14 SYSTEMPATH\Commands\Server\rewrite.php(46): require_once('FCPATH\\index.php')
CRITICAL - 2023-12-20 07:47:44 --> ini_set(): Session ini settings cannot be changed after headers have already been sent
in SYSTEMPATH\Session\Handlers\FileHandler.php on line 71.
 1 [internal function]: CodeIgniter\Debug\Exceptions->errorHandler(2, 'ini_set(): Session ini settings cannot be changed after headers have already been sent', 'SYSTEMPATH\\Session\\Handlers\\FileHandler.php', 71)
 2 SYSTEMPATH\Session\Handlers\FileHandler.php(71): ini_set('session.save_path', 'ROOTPATH\\writable\\session')
 3 SYSTEMPATH\Config\Services.php(658): CodeIgniter\Session\Handlers\FileHandler->__construct(Object(Config\App), '::1')
 4 SYSTEMPATH\Config\BaseService.php(253): CodeIgniter\Config\Services::session(Object(Config\App), false)
 5 SYSTEMPATH\Config\BaseService.php(194): CodeIgniter\Config\BaseService::__callStatic('session', [...])
 6 SYSTEMPATH\Config\Services.php(637): CodeIgniter\Config\BaseService::getSharedInstance('session', null)
 7 SYSTEMPATH\Config\BaseService.php(253): CodeIgniter\Config\Services::session()
 8 SYSTEMPATH\Common.php(931): CodeIgniter\Config\BaseService::__callStatic('session', [])
 9 APPPATH\Filters\Auth.php(14): session()
10 SYSTEMPATH\Filters\Filters.php(173): App\Filters\Auth->before(Object(CodeIgniter\HTTP\IncomingRequest), null)
11 SYSTEMPATH\CodeIgniter.php(455): CodeIgniter\Filters\Filters->run('add_video_layer3', 'before')
12 SYSTEMPATH\CodeIgniter.php(351): CodeIgniter\CodeIgniter->handleRequest(null, Object(Config\Cache), false)
13 FCPATH\index.php(87): CodeIgniter\CodeIgniter->run()
14 SYSTEMPATH\Commands\Server\rewrite.php(46): require_once('FCPATH\\index.php')
CRITICAL - 2023-12-20 07:52:13 --> ini_set(): Session ini settings cannot be changed after headers have already been sent
in SYSTEMPATH\Session\Handlers\FileHandler.php on line 71.
 1 [internal function]: CodeIgniter\Debug\Exceptions->errorHandler(2, 'ini_set(): Session ini settings cannot be changed after headers have already been sent', 'SYSTEMPATH\\Session\\Handlers\\FileHandler.php', 71)
 2 SYSTEMPATH\Session\Handlers\FileHandler.php(71): ini_set('session.save_path', 'ROOTPATH\\writable\\session')
 3 SYSTEMPATH\Config\Services.php(658): CodeIgniter\Session\Handlers\FileHandler->__construct(Object(Config\App), '::1')
 4 SYSTEMPATH\Config\BaseService.php(253): CodeIgniter\Config\Services::session(Object(Config\App), false)
 5 SYSTEMPATH\Config\BaseService.php(194): CodeIgniter\Config\BaseService::__callStatic('session', [...])
 6 SYSTEMPATH\Config\Services.php(637): CodeIgniter\Config\BaseService::getSharedInstance('session', null)
 7 SYSTEMPATH\Config\BaseService.php(253): CodeIgniter\Config\Services::session()
 8 SYSTEMPATH\Common.php(931): CodeIgniter\Config\BaseService::__callStatic('session', [])
 9 APPPATH\Filters\Auth.php(14): session()
10 SYSTEMPATH\Filters\Filters.php(173): App\Filters\Auth->before(Object(CodeIgniter\HTTP\IncomingRequest), null)
11 SYSTEMPATH\CodeIgniter.php(455): CodeIgniter\Filters\Filters->run('add_video_layer3', 'before')
12 SYSTEMPATH\CodeIgniter.php(351): CodeIgniter\CodeIgniter->handleRequest(null, Object(Config\Cache), false)
13 FCPATH\index.php(87): CodeIgniter\CodeIgniter->run()
14 SYSTEMPATH\Commands\Server\rewrite.php(46): require_once('FCPATH\\index.php')
CRITICAL - 2023-12-20 08:09:58 --> Undefined array key "video"
in APPPATH\Views\layer3\layer3.php on line 221.
 1 APPPATH\Views\layer3\layer3.php(221): CodeIgniter\Debug\Exceptions->errorHandler(2, 'Undefined array key "video"', 'APPPATH\\Views\\layer3\\layer3.php', 221)
 2 SYSTEMPATH\View\View.php(213): include('APPPATH\\Views\\layer3\\layer3.php')
 3 SYSTEMPATH\View\View.php(216): CodeIgniter\View\View->CodeIgniter\View\{closure}()
 4 SYSTEMPATH\Common.php(1134): CodeIgniter\View\View->render('layer3/layer3', [], true)
 5 APPPATH\Controllers\Home.php(480): view('layer3/layer3', [...])
 6 SYSTEMPATH\CodeIgniter.php(927): App\Controllers\Home->layer3()
 7 SYSTEMPATH\CodeIgniter.php(482): CodeIgniter\CodeIgniter->runController(Object(App\Controllers\Home))
 8 SYSTEMPATH\CodeIgniter.php(351): CodeIgniter\CodeIgniter->handleRequest(null, Object(Config\Cache), false)
 9 FCPATH\index.php(87): CodeIgniter\CodeIgniter->run()
10 SYSTEMPATH\Commands\Server\rewrite.php(46): require_once('FCPATH\\index.php')
CRITICAL - 2023-12-20 08:20:56 --> Undefined array key "link"
in APPPATH\Views\landingpage.php on line 175.
 1 APPPATH\Views\landingpage.php(175): CodeIgniter\Debug\Exceptions->errorHandler(2, 'Undefined array key "link"', 'APPPATH\\Views\\landingpage.php', 175)
 2 SYSTEMPATH\View\View.php(213): include('APPPATH\\Views\\landingpage.php')
 3 SYSTEMPATH\View\View.php(216): CodeIgniter\View\View->CodeIgniter\View\{closure}()
 4 SYSTEMPATH\Common.php(1134): CodeIgniter\View\View->render('landingpage', [], true)
 5 APPPATH\Controllers\Home.php(41): view('landingpage', [...])
 6 SYSTEMPATH\CodeIgniter.php(927): App\Controllers\Home->index()
 7 SYSTEMPATH\CodeIgniter.php(482): CodeIgniter\CodeIgniter->runController(Object(App\Controllers\Home))
 8 SYSTEMPATH\CodeIgniter.php(351): CodeIgniter\CodeIgniter->handleRequest(null, Object(Config\Cache), false)
 9 FCPATH\index.php(87): CodeIgniter\CodeIgniter->run()
10 SYSTEMPATH\Commands\Server\rewrite.php(46): require_once('FCPATH\\index.php')
CRITICAL - 2023-12-20 08:21:58 --> Undefined array key "link"
in APPPATH\Views\landingpage.php on line 175.
 1 APPPATH\Views\landingpage.php(175): CodeIgniter\Debug\Exceptions->errorHandler(2, 'Undefined array key "link"', 'APPPATH\\Views\\landingpage.php', 175)
 2 SYSTEMPATH\View\View.php(213): include('APPPATH\\Views\\landingpage.php')
 3 SYSTEMPATH\View\View.php(216): CodeIgniter\View\View->CodeIgniter\View\{closure}()
 4 SYSTEMPATH\Common.php(1134): CodeIgniter\View\View->render('landingpage', [], true)
 5 APPPATH\Controllers\Home.php(41): view('landingpage', [...])
 6 SYSTEMPATH\CodeIgniter.php(927): App\Controllers\Home->index()
 7 SYSTEMPATH\CodeIgniter.php(482): CodeIgniter\CodeIgniter->runController(Object(App\Controllers\Home))
 8 SYSTEMPATH\CodeIgniter.php(351): CodeIgniter\CodeIgniter->handleRequest(null, Object(Config\Cache), false)
 9 FCPATH\index.php(87): CodeIgniter\CodeIgniter->run()
10 SYSTEMPATH\Commands\Server\rewrite.php(46): require_once('FCPATH\\index.php')
CRITICAL - 2023-12-20 08:21:59 --> Undefined array key "link"
in APPPATH\Views\landingpage.php on line 175.
 1 APPPATH\Views\landingpage.php(175): CodeIgniter\Debug\Exceptions->errorHandler(2, 'Undefined array key "link"', 'APPPATH\\Views\\landingpage.php', 175)
 2 SYSTEMPATH\View\View.php(213): include('APPPATH\\Views\\landingpage.php')
 3 SYSTEMPATH\View\View.php(216): CodeIgniter\View\View->CodeIgniter\View\{closure}()
 4 SYSTEMPATH\Common.php(1134): CodeIgniter\View\View->render('landingpage', [], true)
 5 APPPATH\Controllers\Home.php(41): view('landingpage', [...])
 6 SYSTEMPATH\CodeIgniter.php(927): App\Controllers\Home->index()
 7 SYSTEMPATH\CodeIgniter.php(482): CodeIgniter\CodeIgniter->runController(Object(App\Controllers\Home))
 8 SYSTEMPATH\CodeIgniter.php(351): CodeIgniter\CodeIgniter->handleRequest(null, Object(Config\Cache), false)
 9 FCPATH\index.php(87): CodeIgniter\CodeIgniter->run()
10 SYSTEMPATH\Commands\Server\rewrite.php(46): require_once('FCPATH\\index.php')
CRITICAL - 2023-12-20 08:23:09 --> Undefined array key "link"
in APPPATH\Views\landingpage.php on line 349.
 1 APPPATH\Views\landingpage.php(349): CodeIgniter\Debug\Exceptions->errorHandler(2, 'Undefined array key "link"', 'APPPATH\\Views\\landingpage.php', 349)
 2 SYSTEMPATH\View\View.php(213): include('APPPATH\\Views\\landingpage.php')
 3 SYSTEMPATH\View\View.php(216): CodeIgniter\View\View->CodeIgniter\View\{closure}()
 4 SYSTEMPATH\Common.php(1134): CodeIgniter\View\View->render('landingpage', [], true)
 5 APPPATH\Controllers\Home.php(41): view('landingpage', [...])
 6 SYSTEMPATH\CodeIgniter.php(927): App\Controllers\Home->index()
 7 SYSTEMPATH\CodeIgniter.php(482): CodeIgniter\CodeIgniter->runController(Object(App\Controllers\Home))
 8 SYSTEMPATH\CodeIgniter.php(351): CodeIgniter\CodeIgniter->handleRequest(null, Object(Config\Cache), false)
 9 FCPATH\index.php(87): CodeIgniter\CodeIgniter->run()
10 SYSTEMPATH\Commands\Server\rewrite.php(46): require_once('FCPATH\\index.php')
CRITICAL - 2023-12-20 08:25:57 --> Undefined array key "link"
in APPPATH\Views\landingpage.php on line 173.
 1 APPPATH\Views\landingpage.php(173): CodeIgniter\Debug\Exceptions->errorHandler(2, 'Undefined array key "link"', 'APPPATH\\Views\\landingpage.php', 173)
 2 SYSTEMPATH\View\View.php(213): include('APPPATH\\Views\\landingpage.php')
 3 SYSTEMPATH\View\View.php(216): CodeIgniter\View\View->CodeIgniter\View\{closure}()
 4 SYSTEMPATH\Common.php(1134): CodeIgniter\View\View->render('landingpage', [], true)
 5 APPPATH\Controllers\Home.php(41): view('landingpage', [...])
 6 SYSTEMPATH\CodeIgniter.php(927): App\Controllers\Home->index()
 7 SYSTEMPATH\CodeIgniter.php(482): CodeIgniter\CodeIgniter->runController(Object(App\Controllers\Home))
 8 SYSTEMPATH\CodeIgniter.php(351): CodeIgniter\CodeIgniter->handleRequest(null, Object(Config\Cache), false)
 9 FCPATH\index.php(87): CodeIgniter\CodeIgniter->run()
10 SYSTEMPATH\Commands\Server\rewrite.php(46): require_once('FCPATH\\index.php')
