CRITICAL - 2024-03-12 01:01:05 --> Call to a member function monitorOne() on array
in APPPATH\Controllers\Home.php on line 1583.
 1 SYSTEMPATH\CodeIgniter.php(927): App\Controllers\Home->get_agent_and_mouse_details()
 2 SYSTEMPATH\CodeIgniter.php(482): CodeIgniter\CodeIgniter->runController(Object(App\Controllers\Home))
 3 SYSTEMPATH\CodeIgniter.php(351): CodeIgniter\CodeIgniter->handleRequest(null, Object(Config\Cache), false)
 4 FCPATH\index.php(87): CodeIgniter\CodeIgniter->run()
 5 SYSTEMPATH\Commands\Server\rewrite.php(46): require_once('FCPATH\\index.php')
CRITICAL - 2024-03-12 01:01:09 --> Call to a member function monitorOne() on array
in APPPATH\Controllers\Home.php on line 1583.
 1 SYSTEMPATH\CodeIgniter.php(927): App\Controllers\Home->get_agent_and_mouse_details()
 2 SYSTEMPATH\CodeIgniter.php(482): CodeIgniter\CodeIgniter->runController(Object(App\Controllers\Home))
 3 SYSTEMPATH\CodeIgniter.php(351): CodeIgniter\CodeIgniter->handleRequest(null, Object(Config\Cache), false)
 4 FCPATH\index.php(87): CodeIgniter\CodeIgniter->run()
 5 SYSTEMPATH\Commands\Server\rewrite.php(46): require_once('FCPATH\\index.php')
CRITICAL - 2024-03-12 01:01:14 --> Call to a member function monitorOne() on array
in APPPATH\Controllers\Home.php on line 1583.
 1 SYSTEMPATH\CodeIgniter.php(927): App\Controllers\Home->get_agent_and_mouse_details()
 2 SYSTEMPATH\CodeIgniter.php(482): CodeIgniter\CodeIgniter->runController(Object(App\Controllers\Home))
 3 SYSTEMPATH\CodeIgniter.php(351): CodeIgniter\CodeIgniter->handleRequest(null, Object(Config\Cache), false)
 4 FCPATH\index.php(87): CodeIgniter\CodeIgniter->run()
 5 SYSTEMPATH\Commands\Server\rewrite.php(46): require_once('FCPATH\\index.php')
CRITICAL - 2024-03-12 01:01:17 --> Call to a member function monitorOne() on array
in APPPATH\Controllers\Home.php on line 1583.
 1 SYSTEMPATH\CodeIgniter.php(927): App\Controllers\Home->get_agent_and_mouse_details()
 2 SYSTEMPATH\CodeIgniter.php(482): CodeIgniter\CodeIgniter->runController(Object(App\Controllers\Home))
 3 SYSTEMPATH\CodeIgniter.php(351): CodeIgniter\CodeIgniter->handleRequest(null, Object(Config\Cache), false)
 4 FCPATH\index.php(87): CodeIgniter\CodeIgniter->run()
 5 SYSTEMPATH\Commands\Server\rewrite.php(46): require_once('FCPATH\\index.php')
CRITICAL - 2024-03-12 01:01:22 --> Call to a member function monitorOne() on array
in APPPATH\Controllers\Home.php on line 1583.
 1 SYSTEMPATH\CodeIgniter.php(927): App\Controllers\Home->get_agent_and_mouse_details()
 2 SYSTEMPATH\CodeIgniter.php(482): CodeIgniter\CodeIgniter->runController(Object(App\Controllers\Home))
 3 SYSTEMPATH\CodeIgniter.php(351): CodeIgniter\CodeIgniter->handleRequest(null, Object(Config\Cache), false)
 4 FCPATH\index.php(87): CodeIgniter\CodeIgniter->run()
 5 SYSTEMPATH\Commands\Server\rewrite.php(46): require_once('FCPATH\\index.php')
CRITICAL - 2024-03-12 01:01:26 --> Call to a member function monitorOne() on array
in APPPATH\Controllers\Home.php on line 1583.
 1 SYSTEMPATH\CodeIgniter.php(927): App\Controllers\Home->get_agent_and_mouse_details()
 2 SYSTEMPATH\CodeIgniter.php(482): CodeIgniter\CodeIgniter->runController(Object(App\Controllers\Home))
 3 SYSTEMPATH\CodeIgniter.php(351): CodeIgniter\CodeIgniter->handleRequest(null, Object(Config\Cache), false)
 4 FCPATH\index.php(87): CodeIgniter\CodeIgniter->run()
 5 SYSTEMPATH\Commands\Server\rewrite.php(46): require_once('FCPATH\\index.php')
CRITICAL - 2024-03-12 01:01:30 --> Call to a member function monitorOne() on array
in APPPATH\Controllers\Home.php on line 1583.
 1 SYSTEMPATH\CodeIgniter.php(927): App\Controllers\Home->get_agent_and_mouse_details()
 2 SYSTEMPATH\CodeIgniter.php(482): CodeIgniter\CodeIgniter->runController(Object(App\Controllers\Home))
 3 SYSTEMPATH\CodeIgniter.php(351): CodeIgniter\CodeIgniter->handleRequest(null, Object(Config\Cache), false)
 4 FCPATH\index.php(87): CodeIgniter\CodeIgniter->run()
 5 SYSTEMPATH\Commands\Server\rewrite.php(46): require_once('FCPATH\\index.php')
CRITICAL - 2024-03-12 01:01:36 --> Call to a member function monitorOne() on array
in APPPATH\Controllers\Home.php on line 1583.
 1 SYSTEMPATH\CodeIgniter.php(927): App\Controllers\Home->get_agent_and_mouse_details()
 2 SYSTEMPATH\CodeIgniter.php(482): CodeIgniter\CodeIgniter->runController(Object(App\Controllers\Home))
 3 SYSTEMPATH\CodeIgniter.php(351): CodeIgniter\CodeIgniter->handleRequest(null, Object(Config\Cache), false)
 4 FCPATH\index.php(87): CodeIgniter\CodeIgniter->run()
 5 SYSTEMPATH\Commands\Server\rewrite.php(46): require_once('FCPATH\\index.php')
CRITICAL - 2024-03-12 01:02:17 --> Call to a member function monitorOne() on array
in APPPATH\Controllers\Home.php on line 1583.
 1 SYSTEMPATH\CodeIgniter.php(927): App\Controllers\Home->get_agent_and_mouse_details()
 2 SYSTEMPATH\CodeIgniter.php(482): CodeIgniter\CodeIgniter->runController(Object(App\Controllers\Home))
 3 SYSTEMPATH\CodeIgniter.php(351): CodeIgniter\CodeIgniter->handleRequest(null, Object(Config\Cache), false)
 4 FCPATH\index.php(87): CodeIgniter\CodeIgniter->run()
 5 SYSTEMPATH\Commands\Server\rewrite.php(46): require_once('FCPATH\\index.php')
CRITICAL - 2024-03-12 01:05:28 --> Trying to access array offset on value of type null
in APPPATH\Controllers\Home.php on line 1584.
 1 APPPATH\Controllers\Home.php(1584): CodeIgniter\Debug\Exceptions->errorHandler(2, 'Trying to access array offset on value of type null', 'APPPATH\\Controllers\\Home.php', 1584)
 2 SYSTEMPATH\CodeIgniter.php(927): App\Controllers\Home->get_agent_and_mouse_details()
 3 SYSTEMPATH\CodeIgniter.php(482): CodeIgniter\CodeIgniter->runController(Object(App\Controllers\Home))
 4 SYSTEMPATH\CodeIgniter.php(351): CodeIgniter\CodeIgniter->handleRequest(null, Object(Config\Cache), false)
 5 FCPATH\index.php(87): CodeIgniter\CodeIgniter->run()
 6 SYSTEMPATH\Commands\Server\rewrite.php(46): require_once('FCPATH\\index.php')
CRITICAL - 2024-03-12 01:05:34 --> Trying to access array offset on value of type null
in APPPATH\Controllers\Home.php on line 1584.
 1 APPPATH\Controllers\Home.php(1584): CodeIgniter\Debug\Exceptions->errorHandler(2, 'Trying to access array offset on value of type null', 'APPPATH\\Controllers\\Home.php', 1584)
 2 SYSTEMPATH\CodeIgniter.php(927): App\Controllers\Home->get_agent_and_mouse_details()
 3 SYSTEMPATH\CodeIgniter.php(482): CodeIgniter\CodeIgniter->runController(Object(App\Controllers\Home))
 4 SYSTEMPATH\CodeIgniter.php(351): CodeIgniter\CodeIgniter->handleRequest(null, Object(Config\Cache), false)
 5 FCPATH\index.php(87): CodeIgniter\CodeIgniter->run()
 6 SYSTEMPATH\Commands\Server\rewrite.php(46): require_once('FCPATH\\index.php')
CRITICAL - 2024-03-12 01:06:11 --> Trying to access array offset on value of type null
in APPPATH\Controllers\Home.php on line 1584.
 1 APPPATH\Controllers\Home.php(1584): CodeIgniter\Debug\Exceptions->errorHandler(2, 'Trying to access array offset on value of type null', 'APPPATH\\Controllers\\Home.php', 1584)
 2 SYSTEMPATH\CodeIgniter.php(927): App\Controllers\Home->get_agent_and_mouse_details()
 3 SYSTEMPATH\CodeIgniter.php(482): CodeIgniter\CodeIgniter->runController(Object(App\Controllers\Home))
 4 SYSTEMPATH\CodeIgniter.php(351): CodeIgniter\CodeIgniter->handleRequest(null, Object(Config\Cache), false)
 5 FCPATH\index.php(87): CodeIgniter\CodeIgniter->run()
 6 SYSTEMPATH\Commands\Server\rewrite.php(46): require_once('FCPATH\\index.php')
CRITICAL - 2024-03-12 01:06:16 --> Trying to access array offset on value of type null
in APPPATH\Controllers\Home.php on line 1584.
 1 APPPATH\Controllers\Home.php(1584): CodeIgniter\Debug\Exceptions->errorHandler(2, 'Trying to access array offset on value of type null', 'APPPATH\\Controllers\\Home.php', 1584)
 2 SYSTEMPATH\CodeIgniter.php(927): App\Controllers\Home->get_agent_and_mouse_details()
 3 SYSTEMPATH\CodeIgniter.php(482): CodeIgniter\CodeIgniter->runController(Object(App\Controllers\Home))
 4 SYSTEMPATH\CodeIgniter.php(351): CodeIgniter\CodeIgniter->handleRequest(null, Object(Config\Cache), false)
 5 FCPATH\index.php(87): CodeIgniter\CodeIgniter->run()
 6 SYSTEMPATH\Commands\Server\rewrite.php(46): require_once('FCPATH\\index.php')
CRITICAL - 2024-03-12 01:06:24 --> Trying to access array offset on value of type null
in APPPATH\Controllers\Home.php on line 1584.
 1 APPPATH\Controllers\Home.php(1584): CodeIgniter\Debug\Exceptions->errorHandler(2, 'Trying to access array offset on value of type null', 'APPPATH\\Controllers\\Home.php', 1584)
 2 SYSTEMPATH\CodeIgniter.php(927): App\Controllers\Home->get_agent_and_mouse_details()
 3 SYSTEMPATH\CodeIgniter.php(482): CodeIgniter\CodeIgniter->runController(Object(App\Controllers\Home))
 4 SYSTEMPATH\CodeIgniter.php(351): CodeIgniter\CodeIgniter->handleRequest(null, Object(Config\Cache), false)
 5 FCPATH\index.php(87): CodeIgniter\CodeIgniter->run()
 6 SYSTEMPATH\Commands\Server\rewrite.php(46): require_once('FCPATH\\index.php')
CRITICAL - 2024-03-12 01:06:28 --> Trying to access array offset on value of type null
in APPPATH\Controllers\Home.php on line 1584.
 1 APPPATH\Controllers\Home.php(1584): CodeIgniter\Debug\Exceptions->errorHandler(2, 'Trying to access array offset on value of type null', 'APPPATH\\Controllers\\Home.php', 1584)
 2 SYSTEMPATH\CodeIgniter.php(927): App\Controllers\Home->get_agent_and_mouse_details()
 3 SYSTEMPATH\CodeIgniter.php(482): CodeIgniter\CodeIgniter->runController(Object(App\Controllers\Home))
 4 SYSTEMPATH\CodeIgniter.php(351): CodeIgniter\CodeIgniter->handleRequest(null, Object(Config\Cache), false)
 5 FCPATH\index.php(87): CodeIgniter\CodeIgniter->run()
 6 SYSTEMPATH\Commands\Server\rewrite.php(46): require_once('FCPATH\\index.php')
CRITICAL - 2024-03-12 01:06:37 --> Trying to access array offset on value of type null
in APPPATH\Controllers\Home.php on line 1584.
 1 APPPATH\Controllers\Home.php(1584): CodeIgniter\Debug\Exceptions->errorHandler(2, 'Trying to access array offset on value of type null', 'APPPATH\\Controllers\\Home.php', 1584)
 2 SYSTEMPATH\CodeIgniter.php(927): App\Controllers\Home->get_agent_and_mouse_details()
 3 SYSTEMPATH\CodeIgniter.php(482): CodeIgniter\CodeIgniter->runController(Object(App\Controllers\Home))
 4 SYSTEMPATH\CodeIgniter.php(351): CodeIgniter\CodeIgniter->handleRequest(null, Object(Config\Cache), false)
 5 FCPATH\index.php(87): CodeIgniter\CodeIgniter->run()
 6 SYSTEMPATH\Commands\Server\rewrite.php(46): require_once('FCPATH\\index.php')
CRITICAL - 2024-03-12 01:06:41 --> Trying to access array offset on value of type null
in APPPATH\Controllers\Home.php on line 1584.
 1 APPPATH\Controllers\Home.php(1584): CodeIgniter\Debug\Exceptions->errorHandler(2, 'Trying to access array offset on value of type null', 'APPPATH\\Controllers\\Home.php', 1584)
 2 SYSTEMPATH\CodeIgniter.php(927): App\Controllers\Home->get_agent_and_mouse_details()
 3 SYSTEMPATH\CodeIgniter.php(482): CodeIgniter\CodeIgniter->runController(Object(App\Controllers\Home))
 4 SYSTEMPATH\CodeIgniter.php(351): CodeIgniter\CodeIgniter->handleRequest(null, Object(Config\Cache), false)
 5 FCPATH\index.php(87): CodeIgniter\CodeIgniter->run()
 6 SYSTEMPATH\Commands\Server\rewrite.php(46): require_once('FCPATH\\index.php')
CRITICAL - 2024-03-12 01:08:02 --> Trying to access array offset on value of type null
in APPPATH\Controllers\Home.php on line 1584.
 1 APPPATH\Controllers\Home.php(1584): CodeIgniter\Debug\Exceptions->errorHandler(2, 'Trying to access array offset on value of type null', 'APPPATH\\Controllers\\Home.php', 1584)
 2 SYSTEMPATH\CodeIgniter.php(927): App\Controllers\Home->get_agent_and_mouse_details()
 3 SYSTEMPATH\CodeIgniter.php(482): CodeIgniter\CodeIgniter->runController(Object(App\Controllers\Home))
 4 SYSTEMPATH\CodeIgniter.php(351): CodeIgniter\CodeIgniter->handleRequest(null, Object(Config\Cache), false)
 5 FCPATH\index.php(87): CodeIgniter\CodeIgniter->run()
 6 SYSTEMPATH\Commands\Server\rewrite.php(46): require_once('FCPATH\\index.php')
CRITICAL - 2024-03-12 01:08:07 --> Trying to access array offset on value of type null
in APPPATH\Controllers\Home.php on line 1584.
 1 APPPATH\Controllers\Home.php(1584): CodeIgniter\Debug\Exceptions->errorHandler(2, 'Trying to access array offset on value of type null', 'APPPATH\\Controllers\\Home.php', 1584)
 2 SYSTEMPATH\CodeIgniter.php(927): App\Controllers\Home->get_agent_and_mouse_details()
 3 SYSTEMPATH\CodeIgniter.php(482): CodeIgniter\CodeIgniter->runController(Object(App\Controllers\Home))
 4 SYSTEMPATH\CodeIgniter.php(351): CodeIgniter\CodeIgniter->handleRequest(null, Object(Config\Cache), false)
 5 FCPATH\index.php(87): CodeIgniter\CodeIgniter->run()
 6 SYSTEMPATH\Commands\Server\rewrite.php(46): require_once('FCPATH\\index.php')
CRITICAL - 2024-03-12 01:08:09 --> Trying to access array offset on value of type null
in APPPATH\Controllers\Home.php on line 1584.
 1 APPPATH\Controllers\Home.php(1584): CodeIgniter\Debug\Exceptions->errorHandler(2, 'Trying to access array offset on value of type null', 'APPPATH\\Controllers\\Home.php', 1584)
 2 SYSTEMPATH\CodeIgniter.php(927): App\Controllers\Home->get_agent_and_mouse_details()
 3 SYSTEMPATH\CodeIgniter.php(482): CodeIgniter\CodeIgniter->runController(Object(App\Controllers\Home))
 4 SYSTEMPATH\CodeIgniter.php(351): CodeIgniter\CodeIgniter->handleRequest(null, Object(Config\Cache), false)
 5 FCPATH\index.php(87): CodeIgniter\CodeIgniter->run()
 6 SYSTEMPATH\Commands\Server\rewrite.php(46): require_once('FCPATH\\index.php')
CRITICAL - 2024-03-12 01:08:12 --> Trying to access array offset on value of type null
in APPPATH\Controllers\Home.php on line 1584.
 1 APPPATH\Controllers\Home.php(1584): CodeIgniter\Debug\Exceptions->errorHandler(2, 'Trying to access array offset on value of type null', 'APPPATH\\Controllers\\Home.php', 1584)
 2 SYSTEMPATH\CodeIgniter.php(927): App\Controllers\Home->get_agent_and_mouse_details()
 3 SYSTEMPATH\CodeIgniter.php(482): CodeIgniter\CodeIgniter->runController(Object(App\Controllers\Home))
 4 SYSTEMPATH\CodeIgniter.php(351): CodeIgniter\CodeIgniter->handleRequest(null, Object(Config\Cache), false)
 5 FCPATH\index.php(87): CodeIgniter\CodeIgniter->run()
 6 SYSTEMPATH\Commands\Server\rewrite.php(46): require_once('FCPATH\\index.php')
CRITICAL - 2024-03-12 01:09:06 --> Attempt to read property "monitor_one_fk" on array
in APPPATH\Controllers\Home.php on line 1584.
 1 APPPATH\Controllers\Home.php(1584): CodeIgniter\Debug\Exceptions->errorHandler(2, 'Attempt to read property "monitor_one_fk" on array', 'APPPATH\\Controllers\\Home.php', 1584)
 2 SYSTEMPATH\CodeIgniter.php(927): App\Controllers\Home->get_agent_and_mouse_details()
 3 SYSTEMPATH\CodeIgniter.php(482): CodeIgniter\CodeIgniter->runController(Object(App\Controllers\Home))
 4 SYSTEMPATH\CodeIgniter.php(351): CodeIgniter\CodeIgniter->handleRequest(null, Object(Config\Cache), false)
 5 FCPATH\index.php(87): CodeIgniter\CodeIgniter->run()
 6 SYSTEMPATH\Commands\Server\rewrite.php(46): require_once('FCPATH\\index.php')
CRITICAL - 2024-03-12 01:09:08 --> Attempt to read property "monitor_one_fk" on null
in APPPATH\Controllers\Home.php on line 1584.
 1 APPPATH\Controllers\Home.php(1584): CodeIgniter\Debug\Exceptions->errorHandler(2, 'Attempt to read property "monitor_one_fk" on null', 'APPPATH\\Controllers\\Home.php', 1584)
 2 SYSTEMPATH\CodeIgniter.php(927): App\Controllers\Home->get_agent_and_mouse_details()
 3 SYSTEMPATH\CodeIgniter.php(482): CodeIgniter\CodeIgniter->runController(Object(App\Controllers\Home))
 4 SYSTEMPATH\CodeIgniter.php(351): CodeIgniter\CodeIgniter->handleRequest(null, Object(Config\Cache), false)
 5 FCPATH\index.php(87): CodeIgniter\CodeIgniter->run()
 6 SYSTEMPATH\Commands\Server\rewrite.php(46): require_once('FCPATH\\index.php')
CRITICAL - 2024-03-12 01:09:09 --> Attempt to read property "monitor_one_fk" on null
in APPPATH\Controllers\Home.php on line 1584.
 1 APPPATH\Controllers\Home.php(1584): CodeIgniter\Debug\Exceptions->errorHandler(2, 'Attempt to read property "monitor_one_fk" on null', 'APPPATH\\Controllers\\Home.php', 1584)
 2 SYSTEMPATH\CodeIgniter.php(927): App\Controllers\Home->get_agent_and_mouse_details()
 3 SYSTEMPATH\CodeIgniter.php(482): CodeIgniter\CodeIgniter->runController(Object(App\Controllers\Home))
 4 SYSTEMPATH\CodeIgniter.php(351): CodeIgniter\CodeIgniter->handleRequest(null, Object(Config\Cache), false)
 5 FCPATH\index.php(87): CodeIgniter\CodeIgniter->run()
 6 SYSTEMPATH\Commands\Server\rewrite.php(46): require_once('FCPATH\\index.php')
CRITICAL - 2024-03-12 01:09:10 --> Attempt to read property "monitor_one_fk" on null
in APPPATH\Controllers\Home.php on line 1584.
 1 APPPATH\Controllers\Home.php(1584): CodeIgniter\Debug\Exceptions->errorHandler(2, 'Attempt to read property "monitor_one_fk" on null', 'APPPATH\\Controllers\\Home.php', 1584)
 2 SYSTEMPATH\CodeIgniter.php(927): App\Controllers\Home->get_agent_and_mouse_details()
 3 SYSTEMPATH\CodeIgniter.php(482): CodeIgniter\CodeIgniter->runController(Object(App\Controllers\Home))
 4 SYSTEMPATH\CodeIgniter.php(351): CodeIgniter\CodeIgniter->handleRequest(null, Object(Config\Cache), false)
 5 FCPATH\index.php(87): CodeIgniter\CodeIgniter->run()
 6 SYSTEMPATH\Commands\Server\rewrite.php(46): require_once('FCPATH\\index.php')
CRITICAL - 2024-03-12 01:10:58 --> Trying to access array offset on value of type null
in APPPATH\Controllers\Home.php on line 1584.
 1 APPPATH\Controllers\Home.php(1584): CodeIgniter\Debug\Exceptions->errorHandler(2, 'Trying to access array offset on value of type null', 'APPPATH\\Controllers\\Home.php', 1584)
 2 SYSTEMPATH\CodeIgniter.php(927): App\Controllers\Home->get_agent_and_mouse_details()
 3 SYSTEMPATH\CodeIgniter.php(482): CodeIgniter\CodeIgniter->runController(Object(App\Controllers\Home))
 4 SYSTEMPATH\CodeIgniter.php(351): CodeIgniter\CodeIgniter->handleRequest(null, Object(Config\Cache), false)
 5 FCPATH\index.php(87): CodeIgniter\CodeIgniter->run()
 6 SYSTEMPATH\Commands\Server\rewrite.php(46): require_once('FCPATH\\index.php')
CRITICAL - 2024-03-12 01:11:04 --> Trying to access array offset on value of type null
in APPPATH\Controllers\Home.php on line 1584.
 1 APPPATH\Controllers\Home.php(1584): CodeIgniter\Debug\Exceptions->errorHandler(2, 'Trying to access array offset on value of type null', 'APPPATH\\Controllers\\Home.php', 1584)
 2 SYSTEMPATH\CodeIgniter.php(927): App\Controllers\Home->get_agent_and_mouse_details()
 3 SYSTEMPATH\CodeIgniter.php(482): CodeIgniter\CodeIgniter->runController(Object(App\Controllers\Home))
 4 SYSTEMPATH\CodeIgniter.php(351): CodeIgniter\CodeIgniter->handleRequest(null, Object(Config\Cache), false)
 5 FCPATH\index.php(87): CodeIgniter\CodeIgniter->run()
 6 SYSTEMPATH\Commands\Server\rewrite.php(46): require_once('FCPATH\\index.php')
CRITICAL - 2024-03-12 01:11:08 --> Trying to access array offset on value of type null
in APPPATH\Controllers\Home.php on line 1584.
 1 APPPATH\Controllers\Home.php(1584): CodeIgniter\Debug\Exceptions->errorHandler(2, 'Trying to access array offset on value of type null', 'APPPATH\\Controllers\\Home.php', 1584)
 2 SYSTEMPATH\CodeIgniter.php(927): App\Controllers\Home->get_agent_and_mouse_details()
 3 SYSTEMPATH\CodeIgniter.php(482): CodeIgniter\CodeIgniter->runController(Object(App\Controllers\Home))
 4 SYSTEMPATH\CodeIgniter.php(351): CodeIgniter\CodeIgniter->handleRequest(null, Object(Config\Cache), false)
 5 FCPATH\index.php(87): CodeIgniter\CodeIgniter->run()
 6 SYSTEMPATH\Commands\Server\rewrite.php(46): require_once('FCPATH\\index.php')
CRITICAL - 2024-03-12 01:12:19 --> Trying to access array offset on value of type null
in APPPATH\Controllers\Home.php on line 1584.
 1 APPPATH\Controllers\Home.php(1584): CodeIgniter\Debug\Exceptions->errorHandler(2, 'Trying to access array offset on value of type null', 'APPPATH\\Controllers\\Home.php', 1584)
 2 SYSTEMPATH\CodeIgniter.php(927): App\Controllers\Home->get_agent_and_mouse_details()
 3 SYSTEMPATH\CodeIgniter.php(482): CodeIgniter\CodeIgniter->runController(Object(App\Controllers\Home))
 4 SYSTEMPATH\CodeIgniter.php(351): CodeIgniter\CodeIgniter->handleRequest(null, Object(Config\Cache), false)
 5 FCPATH\index.php(87): CodeIgniter\CodeIgniter->run()
 6 SYSTEMPATH\Commands\Server\rewrite.php(46): require_once('FCPATH\\index.php')
CRITICAL - 2024-03-12 01:12:38 --> Trying to access array offset on value of type null
in APPPATH\Controllers\Home.php on line 1584.
 1 APPPATH\Controllers\Home.php(1584): CodeIgniter\Debug\Exceptions->errorHandler(2, 'Trying to access array offset on value of type null', 'APPPATH\\Controllers\\Home.php', 1584)
 2 SYSTEMPATH\CodeIgniter.php(927): App\Controllers\Home->get_agent_and_mouse_details()
 3 SYSTEMPATH\CodeIgniter.php(482): CodeIgniter\CodeIgniter->runController(Object(App\Controllers\Home))
 4 SYSTEMPATH\CodeIgniter.php(351): CodeIgniter\CodeIgniter->handleRequest(null, Object(Config\Cache), false)
 5 FCPATH\index.php(87): CodeIgniter\CodeIgniter->run()
 6 SYSTEMPATH\Commands\Server\rewrite.php(46): require_once('FCPATH\\index.php')
CRITICAL - 2024-03-12 01:13:03 --> Trying to access array offset on value of type null
in APPPATH\Controllers\Home.php on line 1584.
 1 APPPATH\Controllers\Home.php(1584): CodeIgniter\Debug\Exceptions->errorHandler(2, 'Trying to access array offset on value of type null', 'APPPATH\\Controllers\\Home.php', 1584)
 2 SYSTEMPATH\CodeIgniter.php(927): App\Controllers\Home->get_agent_and_mouse_details()
 3 SYSTEMPATH\CodeIgniter.php(482): CodeIgniter\CodeIgniter->runController(Object(App\Controllers\Home))
 4 SYSTEMPATH\CodeIgniter.php(351): CodeIgniter\CodeIgniter->handleRequest(null, Object(Config\Cache), false)
 5 FCPATH\index.php(87): CodeIgniter\CodeIgniter->run()
 6 SYSTEMPATH\Commands\Server\rewrite.php(46): require_once('FCPATH\\index.php')
CRITICAL - 2024-03-12 01:13:08 --> Trying to access array offset on value of type null
in APPPATH\Controllers\Home.php on line 1584.
 1 APPPATH\Controllers\Home.php(1584): CodeIgniter\Debug\Exceptions->errorHandler(2, 'Trying to access array offset on value of type null', 'APPPATH\\Controllers\\Home.php', 1584)
 2 SYSTEMPATH\CodeIgniter.php(927): App\Controllers\Home->get_agent_and_mouse_details()
 3 SYSTEMPATH\CodeIgniter.php(482): CodeIgniter\CodeIgniter->runController(Object(App\Controllers\Home))
 4 SYSTEMPATH\CodeIgniter.php(351): CodeIgniter\CodeIgniter->handleRequest(null, Object(Config\Cache), false)
 5 FCPATH\index.php(87): CodeIgniter\CodeIgniter->run()
 6 SYSTEMPATH\Commands\Server\rewrite.php(46): require_once('FCPATH\\index.php')
CRITICAL - 2024-03-12 01:13:16 --> Trying to access array offset on value of type null
in APPPATH\Controllers\Home.php on line 1584.
 1 APPPATH\Controllers\Home.php(1584): CodeIgniter\Debug\Exceptions->errorHandler(2, 'Trying to access array offset on value of type null', 'APPPATH\\Controllers\\Home.php', 1584)
 2 SYSTEMPATH\CodeIgniter.php(927): App\Controllers\Home->get_agent_and_mouse_details()
 3 SYSTEMPATH\CodeIgniter.php(482): CodeIgniter\CodeIgniter->runController(Object(App\Controllers\Home))
 4 SYSTEMPATH\CodeIgniter.php(351): CodeIgniter\CodeIgniter->handleRequest(null, Object(Config\Cache), false)
 5 FCPATH\index.php(87): CodeIgniter\CodeIgniter->run()
 6 SYSTEMPATH\Commands\Server\rewrite.php(46): require_once('FCPATH\\index.php')
CRITICAL - 2024-03-12 01:13:18 --> Trying to access array offset on value of type null
in APPPATH\Controllers\Home.php on line 1584.
 1 APPPATH\Controllers\Home.php(1584): CodeIgniter\Debug\Exceptions->errorHandler(2, 'Trying to access array offset on value of type null', 'APPPATH\\Controllers\\Home.php', 1584)
 2 SYSTEMPATH\CodeIgniter.php(927): App\Controllers\Home->get_agent_and_mouse_details()
 3 SYSTEMPATH\CodeIgniter.php(482): CodeIgniter\CodeIgniter->runController(Object(App\Controllers\Home))
 4 SYSTEMPATH\CodeIgniter.php(351): CodeIgniter\CodeIgniter->handleRequest(null, Object(Config\Cache), false)
 5 FCPATH\index.php(87): CodeIgniter\CodeIgniter->run()
 6 SYSTEMPATH\Commands\Server\rewrite.php(46): require_once('FCPATH\\index.php')
CRITICAL - 2024-03-12 01:13:23 --> Trying to access array offset on value of type null
in APPPATH\Controllers\Home.php on line 1584.
 1 APPPATH\Controllers\Home.php(1584): CodeIgniter\Debug\Exceptions->errorHandler(2, 'Trying to access array offset on value of type null', 'APPPATH\\Controllers\\Home.php', 1584)
 2 SYSTEMPATH\CodeIgniter.php(927): App\Controllers\Home->get_agent_and_mouse_details()
 3 SYSTEMPATH\CodeIgniter.php(482): CodeIgniter\CodeIgniter->runController(Object(App\Controllers\Home))
 4 SYSTEMPATH\CodeIgniter.php(351): CodeIgniter\CodeIgniter->handleRequest(null, Object(Config\Cache), false)
 5 FCPATH\index.php(87): CodeIgniter\CodeIgniter->run()
 6 SYSTEMPATH\Commands\Server\rewrite.php(46): require_once('FCPATH\\index.php')
CRITICAL - 2024-03-12 01:13:41 --> Trying to access array offset on value of type null
in APPPATH\Controllers\Home.php on line 1584.
 1 APPPATH\Controllers\Home.php(1584): CodeIgniter\Debug\Exceptions->errorHandler(2, 'Trying to access array offset on value of type null', 'APPPATH\\Controllers\\Home.php', 1584)
 2 SYSTEMPATH\CodeIgniter.php(927): App\Controllers\Home->get_agent_and_mouse_details()
 3 SYSTEMPATH\CodeIgniter.php(482): CodeIgniter\CodeIgniter->runController(Object(App\Controllers\Home))
 4 SYSTEMPATH\CodeIgniter.php(351): CodeIgniter\CodeIgniter->handleRequest(null, Object(Config\Cache), false)
 5 FCPATH\index.php(87): CodeIgniter\CodeIgniter->run()
 6 SYSTEMPATH\Commands\Server\rewrite.php(46): require_once('FCPATH\\index.php')
CRITICAL - 2024-03-12 01:13:50 --> Trying to access array offset on value of type null
in APPPATH\Controllers\Home.php on line 1584.
 1 APPPATH\Controllers\Home.php(1584): CodeIgniter\Debug\Exceptions->errorHandler(2, 'Trying to access array offset on value of type null', 'APPPATH\\Controllers\\Home.php', 1584)
 2 SYSTEMPATH\CodeIgniter.php(927): App\Controllers\Home->get_agent_and_mouse_details()
 3 SYSTEMPATH\CodeIgniter.php(482): CodeIgniter\CodeIgniter->runController(Object(App\Controllers\Home))
 4 SYSTEMPATH\CodeIgniter.php(351): CodeIgniter\CodeIgniter->handleRequest(null, Object(Config\Cache), false)
 5 FCPATH\index.php(87): CodeIgniter\CodeIgniter->run()
 6 SYSTEMPATH\Commands\Server\rewrite.php(46): require_once('FCPATH\\index.php')
CRITICAL - 2024-03-12 01:13:56 --> Trying to access array offset on value of type null
in APPPATH\Controllers\Home.php on line 1584.
 1 APPPATH\Controllers\Home.php(1584): CodeIgniter\Debug\Exceptions->errorHandler(2, 'Trying to access array offset on value of type null', 'APPPATH\\Controllers\\Home.php', 1584)
 2 SYSTEMPATH\CodeIgniter.php(927): App\Controllers\Home->get_agent_and_mouse_details()
 3 SYSTEMPATH\CodeIgniter.php(482): CodeIgniter\CodeIgniter->runController(Object(App\Controllers\Home))
 4 SYSTEMPATH\CodeIgniter.php(351): CodeIgniter\CodeIgniter->handleRequest(null, Object(Config\Cache), false)
 5 FCPATH\index.php(87): CodeIgniter\CodeIgniter->run()
 6 SYSTEMPATH\Commands\Server\rewrite.php(46): require_once('FCPATH\\index.php')
CRITICAL - 2024-03-12 01:13:59 --> Trying to access array offset on value of type null
in APPPATH\Controllers\Home.php on line 1584.
 1 APPPATH\Controllers\Home.php(1584): CodeIgniter\Debug\Exceptions->errorHandler(2, 'Trying to access array offset on value of type null', 'APPPATH\\Controllers\\Home.php', 1584)
 2 SYSTEMPATH\CodeIgniter.php(927): App\Controllers\Home->get_agent_and_mouse_details()
 3 SYSTEMPATH\CodeIgniter.php(482): CodeIgniter\CodeIgniter->runController(Object(App\Controllers\Home))
 4 SYSTEMPATH\CodeIgniter.php(351): CodeIgniter\CodeIgniter->handleRequest(null, Object(Config\Cache), false)
 5 FCPATH\index.php(87): CodeIgniter\CodeIgniter->run()
 6 SYSTEMPATH\Commands\Server\rewrite.php(46): require_once('FCPATH\\index.php')
CRITICAL - 2024-03-12 01:18:13 --> Trying to access array offset on value of type null
in APPPATH\Controllers\Home.php on line 1584.
 1 APPPATH\Controllers\Home.php(1584): CodeIgniter\Debug\Exceptions->errorHandler(2, 'Trying to access array offset on value of type null', 'APPPATH\\Controllers\\Home.php', 1584)
 2 SYSTEMPATH\CodeIgniter.php(927): App\Controllers\Home->get_agent_and_mouse_details()
 3 SYSTEMPATH\CodeIgniter.php(482): CodeIgniter\CodeIgniter->runController(Object(App\Controllers\Home))
 4 SYSTEMPATH\CodeIgniter.php(351): CodeIgniter\CodeIgniter->handleRequest(null, Object(Config\Cache), false)
 5 FCPATH\index.php(87): CodeIgniter\CodeIgniter->run()
 6 SYSTEMPATH\Commands\Server\rewrite.php(46): require_once('FCPATH\\index.php')
CRITICAL - 2024-03-12 01:18:16 --> Trying to access array offset on value of type null
in APPPATH\Controllers\Home.php on line 1584.
 1 APPPATH\Controllers\Home.php(1584): CodeIgniter\Debug\Exceptions->errorHandler(2, 'Trying to access array offset on value of type null', 'APPPATH\\Controllers\\Home.php', 1584)
 2 SYSTEMPATH\CodeIgniter.php(927): App\Controllers\Home->get_agent_and_mouse_details()
 3 SYSTEMPATH\CodeIgniter.php(482): CodeIgniter\CodeIgniter->runController(Object(App\Controllers\Home))
 4 SYSTEMPATH\CodeIgniter.php(351): CodeIgniter\CodeIgniter->handleRequest(null, Object(Config\Cache), false)
 5 FCPATH\index.php(87): CodeIgniter\CodeIgniter->run()
 6 SYSTEMPATH\Commands\Server\rewrite.php(46): require_once('FCPATH\\index.php')
CRITICAL - 2024-03-12 01:18:34 --> Trying to access array offset on value of type null
in APPPATH\Controllers\Home.php on line 1584.
 1 APPPATH\Controllers\Home.php(1584): CodeIgniter\Debug\Exceptions->errorHandler(2, 'Trying to access array offset on value of type null', 'APPPATH\\Controllers\\Home.php', 1584)
 2 SYSTEMPATH\CodeIgniter.php(927): App\Controllers\Home->get_agent_and_mouse_details()
 3 SYSTEMPATH\CodeIgniter.php(482): CodeIgniter\CodeIgniter->runController(Object(App\Controllers\Home))
 4 SYSTEMPATH\CodeIgniter.php(351): CodeIgniter\CodeIgniter->handleRequest(null, Object(Config\Cache), false)
 5 FCPATH\index.php(87): CodeIgniter\CodeIgniter->run()
 6 SYSTEMPATH\Commands\Server\rewrite.php(46): require_once('FCPATH\\index.php')
CRITICAL - 2024-03-12 01:18:39 --> Trying to access array offset on value of type null
in APPPATH\Controllers\Home.php on line 1584.
 1 APPPATH\Controllers\Home.php(1584): CodeIgniter\Debug\Exceptions->errorHandler(2, 'Trying to access array offset on value of type null', 'APPPATH\\Controllers\\Home.php', 1584)
 2 SYSTEMPATH\CodeIgniter.php(927): App\Controllers\Home->get_agent_and_mouse_details()
 3 SYSTEMPATH\CodeIgniter.php(482): CodeIgniter\CodeIgniter->runController(Object(App\Controllers\Home))
 4 SYSTEMPATH\CodeIgniter.php(351): CodeIgniter\CodeIgniter->handleRequest(null, Object(Config\Cache), false)
 5 FCPATH\index.php(87): CodeIgniter\CodeIgniter->run()
 6 SYSTEMPATH\Commands\Server\rewrite.php(46): require_once('FCPATH\\index.php')
CRITICAL - 2024-03-12 01:18:40 --> Trying to access array offset on value of type null
in APPPATH\Controllers\Home.php on line 1584.
 1 APPPATH\Controllers\Home.php(1584): CodeIgniter\Debug\Exceptions->errorHandler(2, 'Trying to access array offset on value of type null', 'APPPATH\\Controllers\\Home.php', 1584)
 2 SYSTEMPATH\CodeIgniter.php(927): App\Controllers\Home->get_agent_and_mouse_details()
 3 SYSTEMPATH\CodeIgniter.php(482): CodeIgniter\CodeIgniter->runController(Object(App\Controllers\Home))
 4 SYSTEMPATH\CodeIgniter.php(351): CodeIgniter\CodeIgniter->handleRequest(null, Object(Config\Cache), false)
 5 FCPATH\index.php(87): CodeIgniter\CodeIgniter->run()
 6 SYSTEMPATH\Commands\Server\rewrite.php(46): require_once('FCPATH\\index.php')
CRITICAL - 2024-03-12 01:18:43 --> Trying to access array offset on value of type null
in APPPATH\Controllers\Home.php on line 1584.
 1 APPPATH\Controllers\Home.php(1584): CodeIgniter\Debug\Exceptions->errorHandler(2, 'Trying to access array offset on value of type null', 'APPPATH\\Controllers\\Home.php', 1584)
 2 SYSTEMPATH\CodeIgniter.php(927): App\Controllers\Home->get_agent_and_mouse_details()
 3 SYSTEMPATH\CodeIgniter.php(482): CodeIgniter\CodeIgniter->runController(Object(App\Controllers\Home))
 4 SYSTEMPATH\CodeIgniter.php(351): CodeIgniter\CodeIgniter->handleRequest(null, Object(Config\Cache), false)
 5 FCPATH\index.php(87): CodeIgniter\CodeIgniter->run()
 6 SYSTEMPATH\Commands\Server\rewrite.php(46): require_once('FCPATH\\index.php')
CRITICAL - 2024-03-12 01:19:01 --> Trying to access array offset on value of type null
in APPPATH\Controllers\Home.php on line 1584.
 1 APPPATH\Controllers\Home.php(1584): CodeIgniter\Debug\Exceptions->errorHandler(2, 'Trying to access array offset on value of type null', 'APPPATH\\Controllers\\Home.php', 1584)
 2 SYSTEMPATH\CodeIgniter.php(927): App\Controllers\Home->get_agent_and_mouse_details()
 3 SYSTEMPATH\CodeIgniter.php(482): CodeIgniter\CodeIgniter->runController(Object(App\Controllers\Home))
 4 SYSTEMPATH\CodeIgniter.php(351): CodeIgniter\CodeIgniter->handleRequest(null, Object(Config\Cache), false)
 5 FCPATH\index.php(87): CodeIgniter\CodeIgniter->run()
 6 SYSTEMPATH\Commands\Server\rewrite.php(46): require_once('FCPATH\\index.php')
CRITICAL - 2024-03-12 01:19:05 --> Trying to access array offset on value of type null
in APPPATH\Controllers\Home.php on line 1584.
 1 APPPATH\Controllers\Home.php(1584): CodeIgniter\Debug\Exceptions->errorHandler(2, 'Trying to access array offset on value of type null', 'APPPATH\\Controllers\\Home.php', 1584)
 2 SYSTEMPATH\CodeIgniter.php(927): App\Controllers\Home->get_agent_and_mouse_details()
 3 SYSTEMPATH\CodeIgniter.php(482): CodeIgniter\CodeIgniter->runController(Object(App\Controllers\Home))
 4 SYSTEMPATH\CodeIgniter.php(351): CodeIgniter\CodeIgniter->handleRequest(null, Object(Config\Cache), false)
 5 FCPATH\index.php(87): CodeIgniter\CodeIgniter->run()
 6 SYSTEMPATH\Commands\Server\rewrite.php(46): require_once('FCPATH\\index.php')
CRITICAL - 2024-03-12 01:20:06 --> Trying to access array offset on value of type null
in APPPATH\Controllers\Home.php on line 1584.
 1 APPPATH\Controllers\Home.php(1584): CodeIgniter\Debug\Exceptions->errorHandler(2, 'Trying to access array offset on value of type null', 'APPPATH\\Controllers\\Home.php', 1584)
 2 SYSTEMPATH\CodeIgniter.php(927): App\Controllers\Home->get_agent_and_mouse_details()
 3 SYSTEMPATH\CodeIgniter.php(482): CodeIgniter\CodeIgniter->runController(Object(App\Controllers\Home))
 4 SYSTEMPATH\CodeIgniter.php(351): CodeIgniter\CodeIgniter->handleRequest(null, Object(Config\Cache), false)
 5 FCPATH\index.php(87): CodeIgniter\CodeIgniter->run()
 6 SYSTEMPATH\Commands\Server\rewrite.php(46): require_once('FCPATH\\index.php')
CRITICAL - 2024-03-12 01:22:30 --> Call to a member function monitorOne() on array
in APPPATH\Controllers\Home.php on line 1583.
 1 SYSTEMPATH\CodeIgniter.php(927): App\Controllers\Home->get_agent_and_mouse_details()
 2 SYSTEMPATH\CodeIgniter.php(482): CodeIgniter\CodeIgniter->runController(Object(App\Controllers\Home))
 3 SYSTEMPATH\CodeIgniter.php(351): CodeIgniter\CodeIgniter->handleRequest(null, Object(Config\Cache), false)
 4 FCPATH\index.php(87): CodeIgniter\CodeIgniter->run()
 5 SYSTEMPATH\Commands\Server\rewrite.php(46): require_once('FCPATH\\index.php')
CRITICAL - 2024-03-12 01:22:31 --> Call to a member function monitorOne() on array
in APPPATH\Controllers\Home.php on line 1583.
 1 SYSTEMPATH\CodeIgniter.php(927): App\Controllers\Home->get_agent_and_mouse_details()
 2 SYSTEMPATH\CodeIgniter.php(482): CodeIgniter\CodeIgniter->runController(Object(App\Controllers\Home))
 3 SYSTEMPATH\CodeIgniter.php(351): CodeIgniter\CodeIgniter->handleRequest(null, Object(Config\Cache), false)
 4 FCPATH\index.php(87): CodeIgniter\CodeIgniter->run()
 5 SYSTEMPATH\Commands\Server\rewrite.php(46): require_once('FCPATH\\index.php')
CRITICAL - 2024-03-12 01:22:38 --> Call to a member function monitorOne() on array
in APPPATH\Controllers\Home.php on line 1583.
 1 SYSTEMPATH\CodeIgniter.php(927): App\Controllers\Home->get_agent_and_mouse_details()
 2 SYSTEMPATH\CodeIgniter.php(482): CodeIgniter\CodeIgniter->runController(Object(App\Controllers\Home))
 3 SYSTEMPATH\CodeIgniter.php(351): CodeIgniter\CodeIgniter->handleRequest(null, Object(Config\Cache), false)
 4 FCPATH\index.php(87): CodeIgniter\CodeIgniter->run()
 5 SYSTEMPATH\Commands\Server\rewrite.php(46): require_once('FCPATH\\index.php')
CRITICAL - 2024-03-12 01:24:15 --> Trying to access array offset on value of type null
in APPPATH\Controllers\Home.php on line 1584.
 1 APPPATH\Controllers\Home.php(1584): CodeIgniter\Debug\Exceptions->errorHandler(2, 'Trying to access array offset on value of type null', 'APPPATH\\Controllers\\Home.php', 1584)
 2 SYSTEMPATH\CodeIgniter.php(927): App\Controllers\Home->get_agent_and_mouse_details()
 3 SYSTEMPATH\CodeIgniter.php(482): CodeIgniter\CodeIgniter->runController(Object(App\Controllers\Home))
 4 SYSTEMPATH\CodeIgniter.php(351): CodeIgniter\CodeIgniter->handleRequest(null, Object(Config\Cache), false)
 5 FCPATH\index.php(87): CodeIgniter\CodeIgniter->run()
 6 SYSTEMPATH\Commands\Server\rewrite.php(46): require_once('FCPATH\\index.php')
CRITICAL - 2024-03-12 01:24:20 --> Trying to access array offset on value of type null
in APPPATH\Controllers\Home.php on line 1584.
 1 APPPATH\Controllers\Home.php(1584): CodeIgniter\Debug\Exceptions->errorHandler(2, 'Trying to access array offset on value of type null', 'APPPATH\\Controllers\\Home.php', 1584)
 2 SYSTEMPATH\CodeIgniter.php(927): App\Controllers\Home->get_agent_and_mouse_details()
 3 SYSTEMPATH\CodeIgniter.php(482): CodeIgniter\CodeIgniter->runController(Object(App\Controllers\Home))
 4 SYSTEMPATH\CodeIgniter.php(351): CodeIgniter\CodeIgniter->handleRequest(null, Object(Config\Cache), false)
 5 FCPATH\index.php(87): CodeIgniter\CodeIgniter->run()
 6 SYSTEMPATH\Commands\Server\rewrite.php(46): require_once('FCPATH\\index.php')
CRITICAL - 2024-03-12 01:24:35 --> Trying to access array offset on value of type null
in APPPATH\Controllers\Home.php on line 1584.
 1 APPPATH\Controllers\Home.php(1584): CodeIgniter\Debug\Exceptions->errorHandler(2, 'Trying to access array offset on value of type null', 'APPPATH\\Controllers\\Home.php', 1584)
 2 SYSTEMPATH\CodeIgniter.php(927): App\Controllers\Home->get_agent_and_mouse_details()
 3 SYSTEMPATH\CodeIgniter.php(482): CodeIgniter\CodeIgniter->runController(Object(App\Controllers\Home))
 4 SYSTEMPATH\CodeIgniter.php(351): CodeIgniter\CodeIgniter->handleRequest(null, Object(Config\Cache), false)
 5 FCPATH\index.php(87): CodeIgniter\CodeIgniter->run()
 6 SYSTEMPATH\Commands\Server\rewrite.php(46): require_once('FCPATH\\index.php')
CRITICAL - 2024-03-12 01:25:33 --> Trying to access array offset on value of type null
in APPPATH\Controllers\Home.php on line 1584.
 1 APPPATH\Controllers\Home.php(1584): CodeIgniter\Debug\Exceptions->errorHandler(2, 'Trying to access array offset on value of type null', 'APPPATH\\Controllers\\Home.php', 1584)
 2 SYSTEMPATH\CodeIgniter.php(927): App\Controllers\Home->get_agent_and_mouse_details()
 3 SYSTEMPATH\CodeIgniter.php(482): CodeIgniter\CodeIgniter->runController(Object(App\Controllers\Home))
 4 SYSTEMPATH\CodeIgniter.php(351): CodeIgniter\CodeIgniter->handleRequest(null, Object(Config\Cache), false)
 5 FCPATH\index.php(87): CodeIgniter\CodeIgniter->run()
 6 SYSTEMPATH\Commands\Server\rewrite.php(46): require_once('FCPATH\\index.php')
CRITICAL - 2024-03-12 01:25:36 --> Trying to access array offset on value of type null
in APPPATH\Controllers\Home.php on line 1584.
 1 APPPATH\Controllers\Home.php(1584): CodeIgniter\Debug\Exceptions->errorHandler(2, 'Trying to access array offset on value of type null', 'APPPATH\\Controllers\\Home.php', 1584)
 2 SYSTEMPATH\CodeIgniter.php(927): App\Controllers\Home->get_agent_and_mouse_details()
 3 SYSTEMPATH\CodeIgniter.php(482): CodeIgniter\CodeIgniter->runController(Object(App\Controllers\Home))
 4 SYSTEMPATH\CodeIgniter.php(351): CodeIgniter\CodeIgniter->handleRequest(null, Object(Config\Cache), false)
 5 FCPATH\index.php(87): CodeIgniter\CodeIgniter->run()
 6 SYSTEMPATH\Commands\Server\rewrite.php(46): require_once('FCPATH\\index.php')
CRITICAL - 2024-03-12 01:25:37 --> Trying to access array offset on value of type null
in APPPATH\Controllers\Home.php on line 1584.
 1 APPPATH\Controllers\Home.php(1584): CodeIgniter\Debug\Exceptions->errorHandler(2, 'Trying to access array offset on value of type null', 'APPPATH\\Controllers\\Home.php', 1584)
 2 SYSTEMPATH\CodeIgniter.php(927): App\Controllers\Home->get_agent_and_mouse_details()
 3 SYSTEMPATH\CodeIgniter.php(482): CodeIgniter\CodeIgniter->runController(Object(App\Controllers\Home))
 4 SYSTEMPATH\CodeIgniter.php(351): CodeIgniter\CodeIgniter->handleRequest(null, Object(Config\Cache), false)
 5 FCPATH\index.php(87): CodeIgniter\CodeIgniter->run()
 6 SYSTEMPATH\Commands\Server\rewrite.php(46): require_once('FCPATH\\index.php')
CRITICAL - 2024-03-12 01:28:33 --> Trying to access array offset on value of type null
in APPPATH\Controllers\Home.php on line 1585.
 1 APPPATH\Controllers\Home.php(1585): CodeIgniter\Debug\Exceptions->errorHandler(2, 'Trying to access array offset on value of type null', 'APPPATH\\Controllers\\Home.php', 1585)
 2 SYSTEMPATH\CodeIgniter.php(927): App\Controllers\Home->get_agent_and_mouse_details()
 3 SYSTEMPATH\CodeIgniter.php(482): CodeIgniter\CodeIgniter->runController(Object(App\Controllers\Home))
 4 SYSTEMPATH\CodeIgniter.php(351): CodeIgniter\CodeIgniter->handleRequest(null, Object(Config\Cache), false)
 5 FCPATH\index.php(87): CodeIgniter\CodeIgniter->run()
 6 SYSTEMPATH\Commands\Server\rewrite.php(46): require_once('FCPATH\\index.php')
CRITICAL - 2024-03-12 01:28:34 --> Trying to access array offset on value of type null
in APPPATH\Controllers\Home.php on line 1585.
 1 APPPATH\Controllers\Home.php(1585): CodeIgniter\Debug\Exceptions->errorHandler(2, 'Trying to access array offset on value of type null', 'APPPATH\\Controllers\\Home.php', 1585)
 2 SYSTEMPATH\CodeIgniter.php(927): App\Controllers\Home->get_agent_and_mouse_details()
 3 SYSTEMPATH\CodeIgniter.php(482): CodeIgniter\CodeIgniter->runController(Object(App\Controllers\Home))
 4 SYSTEMPATH\CodeIgniter.php(351): CodeIgniter\CodeIgniter->handleRequest(null, Object(Config\Cache), false)
 5 FCPATH\index.php(87): CodeIgniter\CodeIgniter->run()
 6 SYSTEMPATH\Commands\Server\rewrite.php(46): require_once('FCPATH\\index.php')
CRITICAL - 2024-03-12 01:28:39 --> Trying to access array offset on value of type null
in APPPATH\Controllers\Home.php on line 1585.
 1 APPPATH\Controllers\Home.php(1585): CodeIgniter\Debug\Exceptions->errorHandler(2, 'Trying to access array offset on value of type null', 'APPPATH\\Controllers\\Home.php', 1585)
 2 SYSTEMPATH\CodeIgniter.php(927): App\Controllers\Home->get_agent_and_mouse_details()
 3 SYSTEMPATH\CodeIgniter.php(482): CodeIgniter\CodeIgniter->runController(Object(App\Controllers\Home))
 4 SYSTEMPATH\CodeIgniter.php(351): CodeIgniter\CodeIgniter->handleRequest(null, Object(Config\Cache), false)
 5 FCPATH\index.php(87): CodeIgniter\CodeIgniter->run()
 6 SYSTEMPATH\Commands\Server\rewrite.php(46): require_once('FCPATH\\index.php')
CRITICAL - 2024-03-12 01:28:42 --> Trying to access array offset on value of type null
in APPPATH\Controllers\Home.php on line 1585.
 1 APPPATH\Controllers\Home.php(1585): CodeIgniter\Debug\Exceptions->errorHandler(2, 'Trying to access array offset on value of type null', 'APPPATH\\Controllers\\Home.php', 1585)
 2 SYSTEMPATH\CodeIgniter.php(927): App\Controllers\Home->get_agent_and_mouse_details()
 3 SYSTEMPATH\CodeIgniter.php(482): CodeIgniter\CodeIgniter->runController(Object(App\Controllers\Home))
 4 SYSTEMPATH\CodeIgniter.php(351): CodeIgniter\CodeIgniter->handleRequest(null, Object(Config\Cache), false)
 5 FCPATH\index.php(87): CodeIgniter\CodeIgniter->run()
 6 SYSTEMPATH\Commands\Server\rewrite.php(46): require_once('FCPATH\\index.php')
CRITICAL - 2024-03-12 01:28:48 --> Trying to access array offset on value of type null
in APPPATH\Controllers\Home.php on line 1585.
 1 APPPATH\Controllers\Home.php(1585): CodeIgniter\Debug\Exceptions->errorHandler(2, 'Trying to access array offset on value of type null', 'APPPATH\\Controllers\\Home.php', 1585)
 2 SYSTEMPATH\CodeIgniter.php(927): App\Controllers\Home->get_agent_and_mouse_details()
 3 SYSTEMPATH\CodeIgniter.php(482): CodeIgniter\CodeIgniter->runController(Object(App\Controllers\Home))
 4 SYSTEMPATH\CodeIgniter.php(351): CodeIgniter\CodeIgniter->handleRequest(null, Object(Config\Cache), false)
 5 FCPATH\index.php(87): CodeIgniter\CodeIgniter->run()
 6 SYSTEMPATH\Commands\Server\rewrite.php(46): require_once('FCPATH\\index.php')
CRITICAL - 2024-03-12 01:28:53 --> Trying to access array offset on value of type null
in APPPATH\Controllers\Home.php on line 1585.
 1 APPPATH\Controllers\Home.php(1585): CodeIgniter\Debug\Exceptions->errorHandler(2, 'Trying to access array offset on value of type null', 'APPPATH\\Controllers\\Home.php', 1585)
 2 SYSTEMPATH\CodeIgniter.php(927): App\Controllers\Home->get_agent_and_mouse_details()
 3 SYSTEMPATH\CodeIgniter.php(482): CodeIgniter\CodeIgniter->runController(Object(App\Controllers\Home))
 4 SYSTEMPATH\CodeIgniter.php(351): CodeIgniter\CodeIgniter->handleRequest(null, Object(Config\Cache), false)
 5 FCPATH\index.php(87): CodeIgniter\CodeIgniter->run()
 6 SYSTEMPATH\Commands\Server\rewrite.php(46): require_once('FCPATH\\index.php')
CRITICAL - 2024-03-12 01:39:23 --> Trying to access array offset on value of type null
in APPPATH\Controllers\Home.php on line 1584.
 1 APPPATH\Controllers\Home.php(1584): CodeIgniter\Debug\Exceptions->errorHandler(2, 'Trying to access array offset on value of type null', 'APPPATH\\Controllers\\Home.php', 1584)
 2 SYSTEMPATH\CodeIgniter.php(927): App\Controllers\Home->get_agent_and_mouse_details()
 3 SYSTEMPATH\CodeIgniter.php(482): CodeIgniter\CodeIgniter->runController(Object(App\Controllers\Home))
 4 SYSTEMPATH\CodeIgniter.php(351): CodeIgniter\CodeIgniter->handleRequest(null, Object(Config\Cache), false)
 5 FCPATH\index.php(87): CodeIgniter\CodeIgniter->run()
 6 SYSTEMPATH\Commands\Server\rewrite.php(46): require_once('FCPATH\\index.php')
CRITICAL - 2024-03-12 01:39:30 --> Trying to access array offset on value of type null
in APPPATH\Controllers\Home.php on line 1584.
 1 APPPATH\Controllers\Home.php(1584): CodeIgniter\Debug\Exceptions->errorHandler(2, 'Trying to access array offset on value of type null', 'APPPATH\\Controllers\\Home.php', 1584)
 2 SYSTEMPATH\CodeIgniter.php(927): App\Controllers\Home->get_agent_and_mouse_details()
 3 SYSTEMPATH\CodeIgniter.php(482): CodeIgniter\CodeIgniter->runController(Object(App\Controllers\Home))
 4 SYSTEMPATH\CodeIgniter.php(351): CodeIgniter\CodeIgniter->handleRequest(null, Object(Config\Cache), false)
 5 FCPATH\index.php(87): CodeIgniter\CodeIgniter->run()
 6 SYSTEMPATH\Commands\Server\rewrite.php(46): require_once('FCPATH\\index.php')
CRITICAL - 2024-03-12 01:39:33 --> Trying to access array offset on value of type null
in APPPATH\Controllers\Home.php on line 1584.
 1 APPPATH\Controllers\Home.php(1584): CodeIgniter\Debug\Exceptions->errorHandler(2, 'Trying to access array offset on value of type null', 'APPPATH\\Controllers\\Home.php', 1584)
 2 SYSTEMPATH\CodeIgniter.php(927): App\Controllers\Home->get_agent_and_mouse_details()
 3 SYSTEMPATH\CodeIgniter.php(482): CodeIgniter\CodeIgniter->runController(Object(App\Controllers\Home))
 4 SYSTEMPATH\CodeIgniter.php(351): CodeIgniter\CodeIgniter->handleRequest(null, Object(Config\Cache), false)
 5 FCPATH\index.php(87): CodeIgniter\CodeIgniter->run()
 6 SYSTEMPATH\Commands\Server\rewrite.php(46): require_once('FCPATH\\index.php')
CRITICAL - 2024-03-12 01:39:34 --> Trying to access array offset on value of type null
in APPPATH\Controllers\Home.php on line 1584.
 1 APPPATH\Controllers\Home.php(1584): CodeIgniter\Debug\Exceptions->errorHandler(2, 'Trying to access array offset on value of type null', 'APPPATH\\Controllers\\Home.php', 1584)
 2 SYSTEMPATH\CodeIgniter.php(927): App\Controllers\Home->get_agent_and_mouse_details()
 3 SYSTEMPATH\CodeIgniter.php(482): CodeIgniter\CodeIgniter->runController(Object(App\Controllers\Home))
 4 SYSTEMPATH\CodeIgniter.php(351): CodeIgniter\CodeIgniter->handleRequest(null, Object(Config\Cache), false)
 5 FCPATH\index.php(87): CodeIgniter\CodeIgniter->run()
 6 SYSTEMPATH\Commands\Server\rewrite.php(46): require_once('FCPATH\\index.php')
CRITICAL - 2024-03-12 02:25:47 --> Undefined variable $agent_item
in APPPATH\Views\admin\agent_monitor.php on line 196.
 1 APPPATH\Views\admin\agent_monitor.php(196): CodeIgniter\Debug\Exceptions->errorHandler(2, 'Undefined variable $agent_item', 'APPPATH\\Views\\admin\\agent_monitor.php', 196)
 2 SYSTEMPATH\View\View.php(213): include('APPPATH\\Views\\admin\\agent_monitor.php')
 3 SYSTEMPATH\View\View.php(216): CodeIgniter\View\View->CodeIgniter\View\{closure}()
 4 SYSTEMPATH\Common.php(1134): CodeIgniter\View\View->render('admin/agent_monitor', [], true)
 5 APPPATH\Controllers\Home.php(791): view('admin/agent_monitor', [...])
 6 SYSTEMPATH\CodeIgniter.php(927): App\Controllers\Home->agent_monitor()
 7 SYSTEMPATH\CodeIgniter.php(482): CodeIgniter\CodeIgniter->runController(Object(App\Controllers\Home))
 8 SYSTEMPATH\CodeIgniter.php(351): CodeIgniter\CodeIgniter->handleRequest(null, Object(Config\Cache), false)
 9 FCPATH\index.php(87): CodeIgniter\CodeIgniter->run()
10 SYSTEMPATH\Commands\Server\rewrite.php(46): require_once('FCPATH\\index.php')
ERROR - 2024-03-12 19:40:51 --> Error connecting to the database: mysqli_sql_exception: No connection could be made because the target machine actively refused it in C:\laragon\www\tamtechhub_inventory\system\Database\MySQLi\Connection.php:171
Stack trace:
#0 C:\laragon\www\tamtechhub_inventory\system\Database\MySQLi\Connection.php(171): mysqli->real_connect('localhost', 'root', '', 'tamtech_invento...', 3306, '', 0)
#1 C:\laragon\www\tamtechhub_inventory\system\Database\BaseConnection.php(382): CodeIgniter\Database\MySQLi\Connection->connect(false)
#2 C:\laragon\www\tamtechhub_inventory\system\Database\BaseConnection.php(561): CodeIgniter\Database\BaseConnection->initialize()
#3 C:\laragon\www\tamtechhub_inventory\system\Database\BaseBuilder.php(1585): CodeIgniter\Database\BaseConnection->query('SELECT 1\nFROM `...', Array, false)
#4 C:\laragon\www\tamtechhub_inventory\system\Validation\Rules.php(104): CodeIgniter\Database\BaseBuilder->get()
#5 C:\laragon\www\tamtechhub_inventory\system\Validation\Validation.php(315): CodeIgniter\Validation\Rules->is_not_unique('carlosbernales2...', 'email', Array, NULL, 'email')
#6 C:\laragon\www\tamtechhub_inventory\system\Validation\Validation.php(175): CodeIgniter\Validation\Validation->processRules('email', 'email', 'carlosbernales2...', Array, Array)
#7 C:\laragon\www\tamtechhub_inventory\system\Controller.php(140): CodeIgniter\Validation\Validation->run()
#8 C:\laragon\www\tamtechhub_inventory\app\Controllers\Account.php(124): CodeIgniter\Controller->validate(Array, Array)
#9 C:\laragon\www\tamtechhub_inventory\system\CodeIgniter.php(927): App\Controllers\Account->signin()
#10 C:\laragon\www\tamtechhub_inventory\system\CodeIgniter.php(482): CodeIgniter\CodeIgniter->runController(Object(App\Controllers\Account))
#11 C:\laragon\www\tamtechhub_inventory\system\CodeIgniter.php(351): CodeIgniter\CodeIgniter->handleRequest(NULL, Object(Config\Cache), false)
#12 C:\laragon\www\tamtechhub_inventory\public\index.php(87): CodeIgniter\CodeIgniter->run()
#13 C:\laragon\www\tamtechhub_inventory\system\Commands\Server\rewrite.php(46): require_once('C:\\laragon\\www\\...')
#14 {main}

Next CodeIgniter\Database\Exceptions\DatabaseException: No connection could be made because the target machine actively refused it in C:\laragon\www\tamtechhub_inventory\system\Database\MySQLi\Connection.php:215
Stack trace:
#0 C:\laragon\www\tamtechhub_inventory\system\Database\BaseConnection.php(382): CodeIgniter\Database\MySQLi\Connection->connect(false)
#1 C:\laragon\www\tamtechhub_inventory\system\Database\BaseConnection.php(561): CodeIgniter\Database\BaseConnection->initialize()
#2 C:\laragon\www\tamtechhub_inventory\system\Database\BaseBuilder.php(1585): CodeIgniter\Database\BaseConnection->query('SELECT 1\nFROM `...', Array, false)
#3 C:\laragon\www\tamtechhub_inventory\system\Validation\Rules.php(104): CodeIgniter\Database\BaseBuilder->get()
#4 C:\laragon\www\tamtechhub_inventory\system\Validation\Validation.php(315): CodeIgniter\Validation\Rules->is_not_unique('carlosbernales2...', 'email', Array, NULL, 'email')
#5 C:\laragon\www\tamtechhub_inventory\system\Validation\Validation.php(175): CodeIgniter\Validation\Validation->processRules('email', 'email', 'carlosbernales2...', Array, Array)
#6 C:\laragon\www\tamtechhub_inventory\system\Controller.php(140): CodeIgniter\Validation\Validation->run()
#7 C:\laragon\www\tamtechhub_inventory\app\Controllers\Account.php(124): CodeIgniter\Controller->validate(Array, Array)
#8 C:\laragon\www\tamtechhub_inventory\system\CodeIgniter.php(927): App\Controllers\Account->signin()
#9 C:\laragon\www\tamtechhub_inventory\system\CodeIgniter.php(482): CodeIgniter\CodeIgniter->runController(Object(App\Controllers\Account))
#10 C:\laragon\www\tamtechhub_inventory\system\CodeIgniter.php(351): CodeIgniter\CodeIgniter->handleRequest(NULL, Object(Config\Cache), false)
#11 C:\laragon\www\tamtechhub_inventory\public\index.php(87): CodeIgniter\CodeIgniter->run()
#12 C:\laragon\www\tamtechhub_inventory\system\Commands\Server\rewrite.php(46): require_once('C:\\laragon\\www\\...')
#13 {main}
CRITICAL - 2024-03-12 19:40:51 --> Unable to connect to the database.
Main connection [MySQLi]: No connection could be made because the target machine actively refused it
in SYSTEMPATH\Database\BaseConnection.php on line 418.
 1 SYSTEMPATH\Database\BaseConnection.php(561): CodeIgniter\Database\BaseConnection->initialize()
 2 SYSTEMPATH\Database\BaseBuilder.php(1585): CodeIgniter\Database\BaseConnection->query('SELECT 1
FROM `account`
WHERE `email` = :email:
 LIMIT 1', [...], false)
 3 SYSTEMPATH\Validation\Rules.php(104): CodeIgniter\Database\BaseBuilder->get()
 4 SYSTEMPATH\Validation\Validation.php(315): CodeIgniter\Validation\Rules->is_not_unique('carlosbernales24@gmail.com', 'email', [...], null, 'email')
 5 SYSTEMPATH\Validation\Validation.php(175): CodeIgniter\Validation\Validation->processRules('email', 'email', 'carlosbernales24@gmail.com', [...], [...])
 6 SYSTEMPATH\Controller.php(140): CodeIgniter\Validation\Validation->run()
 7 APPPATH\Controllers\Account.php(124): CodeIgniter\Controller->validate([...], [...])
 8 SYSTEMPATH\CodeIgniter.php(927): App\Controllers\Account->signin()
 9 SYSTEMPATH\CodeIgniter.php(482): CodeIgniter\CodeIgniter->runController(Object(App\Controllers\Account))
10 SYSTEMPATH\CodeIgniter.php(351): CodeIgniter\CodeIgniter->handleRequest(null, Object(Config\Cache), false)
11 FCPATH\index.php(87): CodeIgniter\CodeIgniter->run()
12 SYSTEMPATH\Commands\Server\rewrite.php(46): require_once('FCPATH\\index.php')
ERROR - 2024-03-12 19:41:26 --> Error connecting to the database: mysqli_sql_exception: No connection could be made because the target machine actively refused it in C:\laragon\www\tamtechhub_inventory\system\Database\MySQLi\Connection.php:171
Stack trace:
#0 C:\laragon\www\tamtechhub_inventory\system\Database\MySQLi\Connection.php(171): mysqli->real_connect('localhost', 'root', '', 'tamtech_invento...', 3306, '', 0)
#1 C:\laragon\www\tamtechhub_inventory\system\Database\BaseConnection.php(382): CodeIgniter\Database\MySQLi\Connection->connect(false)
#2 C:\laragon\www\tamtechhub_inventory\system\Database\BaseConnection.php(561): CodeIgniter\Database\BaseConnection->initialize()
#3 C:\laragon\www\tamtechhub_inventory\system\Database\BaseBuilder.php(1585): CodeIgniter\Database\BaseConnection->query('SELECT 1\nFROM `...', Array, false)
#4 C:\laragon\www\tamtechhub_inventory\system\Validation\Rules.php(104): CodeIgniter\Database\BaseBuilder->get()
#5 C:\laragon\www\tamtechhub_inventory\system\Validation\Validation.php(315): CodeIgniter\Validation\Rules->is_not_unique('carlosbernales2...', 'email', Array, NULL, 'email')
#6 C:\laragon\www\tamtechhub_inventory\system\Validation\Validation.php(175): CodeIgniter\Validation\Validation->processRules('email', 'email', 'carlosbernales2...', Array, Array)
#7 C:\laragon\www\tamtechhub_inventory\system\Controller.php(140): CodeIgniter\Validation\Validation->run()
#8 C:\laragon\www\tamtechhub_inventory\app\Controllers\Account.php(124): CodeIgniter\Controller->validate(Array, Array)
#9 C:\laragon\www\tamtechhub_inventory\system\CodeIgniter.php(927): App\Controllers\Account->signin()
#10 C:\laragon\www\tamtechhub_inventory\system\CodeIgniter.php(482): CodeIgniter\CodeIgniter->runController(Object(App\Controllers\Account))
#11 C:\laragon\www\tamtechhub_inventory\system\CodeIgniter.php(351): CodeIgniter\CodeIgniter->handleRequest(NULL, Object(Config\Cache), false)
#12 C:\laragon\www\tamtechhub_inventory\public\index.php(87): CodeIgniter\CodeIgniter->run()
#13 C:\laragon\www\tamtechhub_inventory\system\Commands\Server\rewrite.php(46): require_once('C:\\laragon\\www\\...')
#14 {main}

Next CodeIgniter\Database\Exceptions\DatabaseException: No connection could be made because the target machine actively refused it in C:\laragon\www\tamtechhub_inventory\system\Database\MySQLi\Connection.php:215
Stack trace:
#0 C:\laragon\www\tamtechhub_inventory\system\Database\BaseConnection.php(382): CodeIgniter\Database\MySQLi\Connection->connect(false)
#1 C:\laragon\www\tamtechhub_inventory\system\Database\BaseConnection.php(561): CodeIgniter\Database\BaseConnection->initialize()
#2 C:\laragon\www\tamtechhub_inventory\system\Database\BaseBuilder.php(1585): CodeIgniter\Database\BaseConnection->query('SELECT 1\nFROM `...', Array, false)
#3 C:\laragon\www\tamtechhub_inventory\system\Validation\Rules.php(104): CodeIgniter\Database\BaseBuilder->get()
#4 C:\laragon\www\tamtechhub_inventory\system\Validation\Validation.php(315): CodeIgniter\Validation\Rules->is_not_unique('carlosbernales2...', 'email', Array, NULL, 'email')
#5 C:\laragon\www\tamtechhub_inventory\system\Validation\Validation.php(175): CodeIgniter\Validation\Validation->processRules('email', 'email', 'carlosbernales2...', Array, Array)
#6 C:\laragon\www\tamtechhub_inventory\system\Controller.php(140): CodeIgniter\Validation\Validation->run()
#7 C:\laragon\www\tamtechhub_inventory\app\Controllers\Account.php(124): CodeIgniter\Controller->validate(Array, Array)
#8 C:\laragon\www\tamtechhub_inventory\system\CodeIgniter.php(927): App\Controllers\Account->signin()
#9 C:\laragon\www\tamtechhub_inventory\system\CodeIgniter.php(482): CodeIgniter\CodeIgniter->runController(Object(App\Controllers\Account))
#10 C:\laragon\www\tamtechhub_inventory\system\CodeIgniter.php(351): CodeIgniter\CodeIgniter->handleRequest(NULL, Object(Config\Cache), false)
#11 C:\laragon\www\tamtechhub_inventory\public\index.php(87): CodeIgniter\CodeIgniter->run()
#12 C:\laragon\www\tamtechhub_inventory\system\Commands\Server\rewrite.php(46): require_once('C:\\laragon\\www\\...')
#13 {main}
CRITICAL - 2024-03-12 19:41:26 --> Unable to connect to the database.
Main connection [MySQLi]: No connection could be made because the target machine actively refused it
in SYSTEMPATH\Database\BaseConnection.php on line 418.
 1 SYSTEMPATH\Database\BaseConnection.php(561): CodeIgniter\Database\BaseConnection->initialize()
 2 SYSTEMPATH\Database\BaseBuilder.php(1585): CodeIgniter\Database\BaseConnection->query('SELECT 1
FROM `account`
WHERE `email` = :email:
 LIMIT 1', [...], false)
 3 SYSTEMPATH\Validation\Rules.php(104): CodeIgniter\Database\BaseBuilder->get()
 4 SYSTEMPATH\Validation\Validation.php(315): CodeIgniter\Validation\Rules->is_not_unique('carlosbernales24@gmail.com', 'email', [...], null, 'email')
 5 SYSTEMPATH\Validation\Validation.php(175): CodeIgniter\Validation\Validation->processRules('email', 'email', 'carlosbernales24@gmail.com', [...], [...])
 6 SYSTEMPATH\Controller.php(140): CodeIgniter\Validation\Validation->run()
 7 APPPATH\Controllers\Account.php(124): CodeIgniter\Controller->validate([...], [...])
 8 SYSTEMPATH\CodeIgniter.php(927): App\Controllers\Account->signin()
 9 SYSTEMPATH\CodeIgniter.php(482): CodeIgniter\CodeIgniter->runController(Object(App\Controllers\Account))
10 SYSTEMPATH\CodeIgniter.php(351): CodeIgniter\CodeIgniter->handleRequest(null, Object(Config\Cache), false)
11 FCPATH\index.php(87): CodeIgniter\CodeIgniter->run()
12 SYSTEMPATH\Commands\Server\rewrite.php(46): require_once('FCPATH\\index.php')
