ERROR - 2022-12-03 02:07:17 --> The cart array must contain a product ID, quantity, price, and name.
ERROR - 2022-12-03 02:08:05 --> The cart array must contain a product ID, quantity, price, and name.
ERROR - 2022-12-03 02:15:46 --> The cart array must contain a product ID, quantity, price, and name.
ERROR - 2022-12-03 02:16:35 --> The cart array must contain a product ID, quantity, price, and name.
ERROR - 2022-12-03 02:16:50 --> The cart array must contain a product ID, quantity, price, and name.
ERROR - 2022-12-03 02:19:00 --> The cart array must contain a product ID, quantity, price, and name.
ERROR - 2022-12-03 02:22:13 --> The cart array must contain a product ID, quantity, price, and name.
ERROR - 2022-12-03 02:24:25 --> The cart array must contain a product ID, quantity, price, and name.
CRITICAL - 2022-12-03 02:25:26 --> Call to undefined method CodeIgniterCart\Cart::save()
in APPPATH\Controllers\Reservation.php on line 127.
 1 SYSTEMPATH\CodeIgniter.php(927): App\Controllers\Reservation->addtocart()
 2 SYSTEMPATH\CodeIgniter.php(482): CodeIgniter\CodeIgniter->runController(Object(App\Controllers\Reservation))
 3 SYSTEMPATH\CodeIgniter.php(351): CodeIgniter\CodeIgniter->handleRequest(null, Object(Config\Cache), false)
 4 FCPATH\index.php(67): CodeIgniter\CodeIgniter->run()
 5 SYSTEMPATH\Commands\Server\rewrite.php(46): require_once('FCPATH\\index.php')
ERROR - 2022-12-03 02:25:41 --> The cart array must contain a product ID, quantity, price, and name.
ERROR - 2022-12-03 02:25:57 --> The cart array must contain a product ID, quantity, price, and name.
CRITICAL - 2022-12-03 02:39:38 --> Undefined variable $cart
in APPPATH\Views\layout\products.php on line 44.
 1 APPPATH\Views\layout\products.php(44): CodeIgniter\Debug\Exceptions->errorHandler(2, 'Undefined variable $cart', 'APPPATH\\Views\\layout\\products.php', 44)
 2 SYSTEMPATH\View\View.php(213): include('APPPATH\\Views\\layout\\products.php')
 3 SYSTEMPATH\View\View.php(216): CodeIgniter\View\View->CodeIgniter\View\{closure}()
 4 SYSTEMPATH\Common.php(1134): CodeIgniter\View\View->render('layout/products', [], true)
 5 APPPATH\Controllers\Reservation.php(36): view('layout/products', [...])
 6 SYSTEMPATH\CodeIgniter.php(927): App\Controllers\Reservation->products()
 7 SYSTEMPATH\CodeIgniter.php(482): CodeIgniter\CodeIgniter->runController(Object(App\Controllers\Reservation))
 8 SYSTEMPATH\CodeIgniter.php(351): CodeIgniter\CodeIgniter->handleRequest(null, Object(Config\Cache), false)
 9 FCPATH\index.php(67): CodeIgniter\CodeIgniter->run()
10 SYSTEMPATH\Commands\Server\rewrite.php(46): require_once('FCPATH\\index.php')
CRITICAL - 2022-12-03 02:48:06 --> Undefined variable $cart
in APPPATH\Views\layout\products.php on line 44.
 1 APPPATH\Views\layout\products.php(44): CodeIgniter\Debug\Exceptions->errorHandler(2, 'Undefined variable $cart', 'APPPATH\\Views\\layout\\products.php', 44)
 2 SYSTEMPATH\View\View.php(213): include('APPPATH\\Views\\layout\\products.php')
 3 SYSTEMPATH\View\View.php(216): CodeIgniter\View\View->CodeIgniter\View\{closure}()
 4 SYSTEMPATH\Common.php(1134): CodeIgniter\View\View->render('layout/products', [], true)
 5 APPPATH\Controllers\Reservation.php(47): view('layout/products', [...])
 6 SYSTEMPATH\CodeIgniter.php(927): App\Controllers\Reservation->products()
 7 SYSTEMPATH\CodeIgniter.php(482): CodeIgniter\CodeIgniter->runController(Object(App\Controllers\Reservation))
 8 SYSTEMPATH\CodeIgniter.php(351): CodeIgniter\CodeIgniter->handleRequest(null, Object(Config\Cache), false)
 9 FCPATH\index.php(67): CodeIgniter\CodeIgniter->run()
10 SYSTEMPATH\Commands\Server\rewrite.php(46): require_once('FCPATH\\index.php')
CRITICAL - 2022-12-03 02:48:10 --> Undefined variable $cart
in APPPATH\Views\layout\products.php on line 44.
 1 APPPATH\Views\layout\products.php(44): CodeIgniter\Debug\Exceptions->errorHandler(2, 'Undefined variable $cart', 'APPPATH\\Views\\layout\\products.php', 44)
 2 SYSTEMPATH\View\View.php(213): include('APPPATH\\Views\\layout\\products.php')
 3 SYSTEMPATH\View\View.php(216): CodeIgniter\View\View->CodeIgniter\View\{closure}()
 4 SYSTEMPATH\Common.php(1134): CodeIgniter\View\View->render('layout/products', [], true)
 5 APPPATH\Controllers\Reservation.php(47): view('layout/products', [...])
 6 SYSTEMPATH\CodeIgniter.php(927): App\Controllers\Reservation->products()
 7 SYSTEMPATH\CodeIgniter.php(482): CodeIgniter\CodeIgniter->runController(Object(App\Controllers\Reservation))
 8 SYSTEMPATH\CodeIgniter.php(351): CodeIgniter\CodeIgniter->handleRequest(null, Object(Config\Cache), false)
 9 FCPATH\index.php(67): CodeIgniter\CodeIgniter->run()
10 SYSTEMPATH\Commands\Server\rewrite.php(46): require_once('FCPATH\\index.php')
CRITICAL - 2022-12-03 02:48:11 --> Undefined variable $cart
in APPPATH\Views\layout\products.php on line 44.
 1 APPPATH\Views\layout\products.php(44): CodeIgniter\Debug\Exceptions->errorHandler(2, 'Undefined variable $cart', 'APPPATH\\Views\\layout\\products.php', 44)
 2 SYSTEMPATH\View\View.php(213): include('APPPATH\\Views\\layout\\products.php')
 3 SYSTEMPATH\View\View.php(216): CodeIgniter\View\View->CodeIgniter\View\{closure}()
 4 SYSTEMPATH\Common.php(1134): CodeIgniter\View\View->render('layout/products', [], true)
 5 APPPATH\Controllers\Reservation.php(47): view('layout/products', [...])
 6 SYSTEMPATH\CodeIgniter.php(927): App\Controllers\Reservation->products()
 7 SYSTEMPATH\CodeIgniter.php(482): CodeIgniter\CodeIgniter->runController(Object(App\Controllers\Reservation))
 8 SYSTEMPATH\CodeIgniter.php(351): CodeIgniter\CodeIgniter->handleRequest(null, Object(Config\Cache), false)
 9 FCPATH\index.php(67): CodeIgniter\CodeIgniter->run()
10 SYSTEMPATH\Commands\Server\rewrite.php(46): require_once('FCPATH\\index.php')
CRITICAL - 2022-12-03 02:48:11 --> Undefined variable $cart
in APPPATH\Views\layout\products.php on line 44.
 1 APPPATH\Views\layout\products.php(44): CodeIgniter\Debug\Exceptions->errorHandler(2, 'Undefined variable $cart', 'APPPATH\\Views\\layout\\products.php', 44)
 2 SYSTEMPATH\View\View.php(213): include('APPPATH\\Views\\layout\\products.php')
 3 SYSTEMPATH\View\View.php(216): CodeIgniter\View\View->CodeIgniter\View\{closure}()
 4 SYSTEMPATH\Common.php(1134): CodeIgniter\View\View->render('layout/products', [], true)
 5 APPPATH\Controllers\Reservation.php(47): view('layout/products', [...])
 6 SYSTEMPATH\CodeIgniter.php(927): App\Controllers\Reservation->products()
 7 SYSTEMPATH\CodeIgniter.php(482): CodeIgniter\CodeIgniter->runController(Object(App\Controllers\Reservation))
 8 SYSTEMPATH\CodeIgniter.php(351): CodeIgniter\CodeIgniter->handleRequest(null, Object(Config\Cache), false)
 9 FCPATH\index.php(67): CodeIgniter\CodeIgniter->run()
10 SYSTEMPATH\Commands\Server\rewrite.php(46): require_once('FCPATH\\index.php')
CRITICAL - 2022-12-03 02:48:13 --> Undefined variable $cart
in APPPATH\Views\layout\products.php on line 44.
 1 APPPATH\Views\layout\products.php(44): CodeIgniter\Debug\Exceptions->errorHandler(2, 'Undefined variable $cart', 'APPPATH\\Views\\layout\\products.php', 44)
 2 SYSTEMPATH\View\View.php(213): include('APPPATH\\Views\\layout\\products.php')
 3 SYSTEMPATH\View\View.php(216): CodeIgniter\View\View->CodeIgniter\View\{closure}()
 4 SYSTEMPATH\Common.php(1134): CodeIgniter\View\View->render('layout/products', [], true)
 5 APPPATH\Controllers\Reservation.php(47): view('layout/products', [...])
 6 SYSTEMPATH\CodeIgniter.php(927): App\Controllers\Reservation->products()
 7 SYSTEMPATH\CodeIgniter.php(482): CodeIgniter\CodeIgniter->runController(Object(App\Controllers\Reservation))
 8 SYSTEMPATH\CodeIgniter.php(351): CodeIgniter\CodeIgniter->handleRequest(null, Object(Config\Cache), false)
 9 FCPATH\index.php(67): CodeIgniter\CodeIgniter->run()
10 SYSTEMPATH\Commands\Server\rewrite.php(46): require_once('FCPATH\\index.php')
CRITICAL - 2022-12-03 02:48:14 --> Undefined variable $cart
in APPPATH\Views\layout\products.php on line 44.
 1 APPPATH\Views\layout\products.php(44): CodeIgniter\Debug\Exceptions->errorHandler(2, 'Undefined variable $cart', 'APPPATH\\Views\\layout\\products.php', 44)
 2 SYSTEMPATH\View\View.php(213): include('APPPATH\\Views\\layout\\products.php')
 3 SYSTEMPATH\View\View.php(216): CodeIgniter\View\View->CodeIgniter\View\{closure}()
 4 SYSTEMPATH\Common.php(1134): CodeIgniter\View\View->render('layout/products', [], true)
 5 APPPATH\Controllers\Reservation.php(47): view('layout/products', [...])
 6 SYSTEMPATH\CodeIgniter.php(927): App\Controllers\Reservation->products()
 7 SYSTEMPATH\CodeIgniter.php(482): CodeIgniter\CodeIgniter->runController(Object(App\Controllers\Reservation))
 8 SYSTEMPATH\CodeIgniter.php(351): CodeIgniter\CodeIgniter->handleRequest(null, Object(Config\Cache), false)
 9 FCPATH\index.php(67): CodeIgniter\CodeIgniter->run()
10 SYSTEMPATH\Commands\Server\rewrite.php(46): require_once('FCPATH\\index.php')
CRITICAL - 2022-12-03 02:48:14 --> Undefined variable $cart
in APPPATH\Views\layout\products.php on line 44.
 1 APPPATH\Views\layout\products.php(44): CodeIgniter\Debug\Exceptions->errorHandler(2, 'Undefined variable $cart', 'APPPATH\\Views\\layout\\products.php', 44)
 2 SYSTEMPATH\View\View.php(213): include('APPPATH\\Views\\layout\\products.php')
 3 SYSTEMPATH\View\View.php(216): CodeIgniter\View\View->CodeIgniter\View\{closure}()
 4 SYSTEMPATH\Common.php(1134): CodeIgniter\View\View->render('layout/products', [], true)
 5 APPPATH\Controllers\Reservation.php(47): view('layout/products', [...])
 6 SYSTEMPATH\CodeIgniter.php(927): App\Controllers\Reservation->products()
 7 SYSTEMPATH\CodeIgniter.php(482): CodeIgniter\CodeIgniter->runController(Object(App\Controllers\Reservation))
 8 SYSTEMPATH\CodeIgniter.php(351): CodeIgniter\CodeIgniter->handleRequest(null, Object(Config\Cache), false)
 9 FCPATH\index.php(67): CodeIgniter\CodeIgniter->run()
10 SYSTEMPATH\Commands\Server\rewrite.php(46): require_once('FCPATH\\index.php')
CRITICAL - 2022-12-03 02:55:15 --> Undefined variable $cart
in APPPATH\Views\layout\products.php on line 44.
 1 APPPATH\Views\layout\products.php(44): CodeIgniter\Debug\Exceptions->errorHandler(2, 'Undefined variable $cart', 'APPPATH\\Views\\layout\\products.php', 44)
 2 SYSTEMPATH\View\View.php(213): include('APPPATH\\Views\\layout\\products.php')
 3 SYSTEMPATH\View\View.php(216): CodeIgniter\View\View->CodeIgniter\View\{closure}()
 4 SYSTEMPATH\Common.php(1134): CodeIgniter\View\View->render('layout/products', [], true)
 5 APPPATH\Controllers\Reservation.php(47): view('layout/products', [...])
 6 SYSTEMPATH\CodeIgniter.php(927): App\Controllers\Reservation->products()
 7 SYSTEMPATH\CodeIgniter.php(482): CodeIgniter\CodeIgniter->runController(Object(App\Controllers\Reservation))
 8 SYSTEMPATH\CodeIgniter.php(351): CodeIgniter\CodeIgniter->handleRequest(null, Object(Config\Cache), false)
 9 FCPATH\index.php(67): CodeIgniter\CodeIgniter->run()
10 SYSTEMPATH\Commands\Server\rewrite.php(46): require_once('FCPATH\\index.php')
CRITICAL - 2022-12-03 02:55:19 --> Undefined variable $cart
in APPPATH\Views\layout\products.php on line 44.
 1 APPPATH\Views\layout\products.php(44): CodeIgniter\Debug\Exceptions->errorHandler(2, 'Undefined variable $cart', 'APPPATH\\Views\\layout\\products.php', 44)
 2 SYSTEMPATH\View\View.php(213): include('APPPATH\\Views\\layout\\products.php')
 3 SYSTEMPATH\View\View.php(216): CodeIgniter\View\View->CodeIgniter\View\{closure}()
 4 SYSTEMPATH\Common.php(1134): CodeIgniter\View\View->render('layout/products', [], true)
 5 APPPATH\Controllers\Reservation.php(47): view('layout/products', [...])
 6 SYSTEMPATH\CodeIgniter.php(927): App\Controllers\Reservation->products()
 7 SYSTEMPATH\CodeIgniter.php(482): CodeIgniter\CodeIgniter->runController(Object(App\Controllers\Reservation))
 8 SYSTEMPATH\CodeIgniter.php(351): CodeIgniter\CodeIgniter->handleRequest(null, Object(Config\Cache), false)
 9 FCPATH\index.php(67): CodeIgniter\CodeIgniter->run()
10 SYSTEMPATH\Commands\Server\rewrite.php(46): require_once('FCPATH\\index.php')
CRITICAL - 2022-12-03 02:56:52 --> Undefined variable $cart
in APPPATH\Views\layout\products.php on line 44.
 1 APPPATH\Views\layout\products.php(44): CodeIgniter\Debug\Exceptions->errorHandler(2, 'Undefined variable $cart', 'APPPATH\\Views\\layout\\products.php', 44)
 2 SYSTEMPATH\View\View.php(213): include('APPPATH\\Views\\layout\\products.php')
 3 SYSTEMPATH\View\View.php(216): CodeIgniter\View\View->CodeIgniter\View\{closure}()
 4 SYSTEMPATH\Common.php(1134): CodeIgniter\View\View->render('layout/products', [], true)
 5 APPPATH\Controllers\Reservation.php(47): view('layout/products', [...])
 6 SYSTEMPATH\CodeIgniter.php(927): App\Controllers\Reservation->products()
 7 SYSTEMPATH\CodeIgniter.php(482): CodeIgniter\CodeIgniter->runController(Object(App\Controllers\Reservation))
 8 SYSTEMPATH\CodeIgniter.php(351): CodeIgniter\CodeIgniter->handleRequest(null, Object(Config\Cache), false)
 9 FCPATH\index.php(67): CodeIgniter\CodeIgniter->run()
10 SYSTEMPATH\Commands\Server\rewrite.php(46): require_once('FCPATH\\index.php')
CRITICAL - 2022-12-03 02:56:53 --> Undefined variable $cart
in APPPATH\Views\layout\products.php on line 44.
 1 APPPATH\Views\layout\products.php(44): CodeIgniter\Debug\Exceptions->errorHandler(2, 'Undefined variable $cart', 'APPPATH\\Views\\layout\\products.php', 44)
 2 SYSTEMPATH\View\View.php(213): include('APPPATH\\Views\\layout\\products.php')
 3 SYSTEMPATH\View\View.php(216): CodeIgniter\View\View->CodeIgniter\View\{closure}()
 4 SYSTEMPATH\Common.php(1134): CodeIgniter\View\View->render('layout/products', [], true)
 5 APPPATH\Controllers\Reservation.php(47): view('layout/products', [...])
 6 SYSTEMPATH\CodeIgniter.php(927): App\Controllers\Reservation->products()
 7 SYSTEMPATH\CodeIgniter.php(482): CodeIgniter\CodeIgniter->runController(Object(App\Controllers\Reservation))
 8 SYSTEMPATH\CodeIgniter.php(351): CodeIgniter\CodeIgniter->handleRequest(null, Object(Config\Cache), false)
 9 FCPATH\index.php(67): CodeIgniter\CodeIgniter->run()
10 SYSTEMPATH\Commands\Server\rewrite.php(46): require_once('FCPATH\\index.php')
CRITICAL - 2022-12-03 03:04:29 --> Undefined variable $cart
in APPPATH\Views\layout\products.php on line 44.
 1 APPPATH\Views\layout\products.php(44): CodeIgniter\Debug\Exceptions->errorHandler(2, 'Undefined variable $cart', 'APPPATH\\Views\\layout\\products.php', 44)
 2 SYSTEMPATH\View\View.php(213): include('APPPATH\\Views\\layout\\products.php')
 3 SYSTEMPATH\View\View.php(216): CodeIgniter\View\View->CodeIgniter\View\{closure}()
 4 SYSTEMPATH\Common.php(1134): CodeIgniter\View\View->render('layout/products', [], true)
 5 APPPATH\Controllers\Reservation.php(37): view('layout/products', [...])
 6 SYSTEMPATH\CodeIgniter.php(927): App\Controllers\Reservation->products()
 7 SYSTEMPATH\CodeIgniter.php(482): CodeIgniter\CodeIgniter->runController(Object(App\Controllers\Reservation))
 8 SYSTEMPATH\CodeIgniter.php(351): CodeIgniter\CodeIgniter->handleRequest(null, Object(Config\Cache), false)
 9 FCPATH\index.php(67): CodeIgniter\CodeIgniter->run()
10 SYSTEMPATH\Commands\Server\rewrite.php(46): require_once('FCPATH\\index.php')
CRITICAL - 2022-12-03 03:04:30 --> Undefined variable $cart
in APPPATH\Views\layout\products.php on line 44.
 1 APPPATH\Views\layout\products.php(44): CodeIgniter\Debug\Exceptions->errorHandler(2, 'Undefined variable $cart', 'APPPATH\\Views\\layout\\products.php', 44)
 2 SYSTEMPATH\View\View.php(213): include('APPPATH\\Views\\layout\\products.php')
 3 SYSTEMPATH\View\View.php(216): CodeIgniter\View\View->CodeIgniter\View\{closure}()
 4 SYSTEMPATH\Common.php(1134): CodeIgniter\View\View->render('layout/products', [], true)
 5 APPPATH\Controllers\Reservation.php(37): view('layout/products', [...])
 6 SYSTEMPATH\CodeIgniter.php(927): App\Controllers\Reservation->products()
 7 SYSTEMPATH\CodeIgniter.php(482): CodeIgniter\CodeIgniter->runController(Object(App\Controllers\Reservation))
 8 SYSTEMPATH\CodeIgniter.php(351): CodeIgniter\CodeIgniter->handleRequest(null, Object(Config\Cache), false)
 9 FCPATH\index.php(67): CodeIgniter\CodeIgniter->run()
10 SYSTEMPATH\Commands\Server\rewrite.php(46): require_once('FCPATH\\index.php')
CRITICAL - 2022-12-03 03:04:31 --> Undefined variable $cart
in APPPATH\Views\layout\products.php on line 44.
 1 APPPATH\Views\layout\products.php(44): CodeIgniter\Debug\Exceptions->errorHandler(2, 'Undefined variable $cart', 'APPPATH\\Views\\layout\\products.php', 44)
 2 SYSTEMPATH\View\View.php(213): include('APPPATH\\Views\\layout\\products.php')
 3 SYSTEMPATH\View\View.php(216): CodeIgniter\View\View->CodeIgniter\View\{closure}()
 4 SYSTEMPATH\Common.php(1134): CodeIgniter\View\View->render('layout/products', [], true)
 5 APPPATH\Controllers\Reservation.php(37): view('layout/products', [...])
 6 SYSTEMPATH\CodeIgniter.php(927): App\Controllers\Reservation->products()
 7 SYSTEMPATH\CodeIgniter.php(482): CodeIgniter\CodeIgniter->runController(Object(App\Controllers\Reservation))
 8 SYSTEMPATH\CodeIgniter.php(351): CodeIgniter\CodeIgniter->handleRequest(null, Object(Config\Cache), false)
 9 FCPATH\index.php(67): CodeIgniter\CodeIgniter->run()
10 SYSTEMPATH\Commands\Server\rewrite.php(46): require_once('FCPATH\\index.php')
CRITICAL - 2022-12-03 03:14:13 --> Undefined array key "id"
in APPPATH\Views\layout\products.php on line 81.
 1 APPPATH\Views\layout\products.php(81): CodeIgniter\Debug\Exceptions->errorHandler(2, 'Undefined array key "id"', 'APPPATH\\Views\\layout\\products.php', 81)
 2 SYSTEMPATH\View\View.php(213): include('APPPATH\\Views\\layout\\products.php')
 3 SYSTEMPATH\View\View.php(216): CodeIgniter\View\View->CodeIgniter\View\{closure}()
 4 SYSTEMPATH\Common.php(1134): CodeIgniter\View\View->render('layout/products', [], true)
 5 APPPATH\Controllers\Reservation.php(36): view('layout/products', [...])
 6 SYSTEMPATH\CodeIgniter.php(927): App\Controllers\Reservation->products()
 7 SYSTEMPATH\CodeIgniter.php(482): CodeIgniter\CodeIgniter->runController(Object(App\Controllers\Reservation))
 8 SYSTEMPATH\CodeIgniter.php(351): CodeIgniter\CodeIgniter->handleRequest(null, Object(Config\Cache), false)
 9 FCPATH\index.php(67): CodeIgniter\CodeIgniter->run()
10 SYSTEMPATH\Commands\Server\rewrite.php(46): require_once('FCPATH\\index.php')
CRITICAL - 2022-12-03 03:14:14 --> Undefined array key "id"
in APPPATH\Views\layout\products.php on line 81.
 1 APPPATH\Views\layout\products.php(81): CodeIgniter\Debug\Exceptions->errorHandler(2, 'Undefined array key "id"', 'APPPATH\\Views\\layout\\products.php', 81)
 2 SYSTEMPATH\View\View.php(213): include('APPPATH\\Views\\layout\\products.php')
 3 SYSTEMPATH\View\View.php(216): CodeIgniter\View\View->CodeIgniter\View\{closure}()
 4 SYSTEMPATH\Common.php(1134): CodeIgniter\View\View->render('layout/products', [], true)
 5 APPPATH\Controllers\Reservation.php(36): view('layout/products', [...])
 6 SYSTEMPATH\CodeIgniter.php(927): App\Controllers\Reservation->products()
 7 SYSTEMPATH\CodeIgniter.php(482): CodeIgniter\CodeIgniter->runController(Object(App\Controllers\Reservation))
 8 SYSTEMPATH\CodeIgniter.php(351): CodeIgniter\CodeIgniter->handleRequest(null, Object(Config\Cache), false)
 9 FCPATH\index.php(67): CodeIgniter\CodeIgniter->run()
10 SYSTEMPATH\Commands\Server\rewrite.php(46): require_once('FCPATH\\index.php')
CRITICAL - 2022-12-03 03:14:14 --> Undefined array key "id"
in APPPATH\Views\layout\products.php on line 81.
 1 APPPATH\Views\layout\products.php(81): CodeIgniter\Debug\Exceptions->errorHandler(2, 'Undefined array key "id"', 'APPPATH\\Views\\layout\\products.php', 81)
 2 SYSTEMPATH\View\View.php(213): include('APPPATH\\Views\\layout\\products.php')
 3 SYSTEMPATH\View\View.php(216): CodeIgniter\View\View->CodeIgniter\View\{closure}()
 4 SYSTEMPATH\Common.php(1134): CodeIgniter\View\View->render('layout/products', [], true)
 5 APPPATH\Controllers\Reservation.php(36): view('layout/products', [...])
 6 SYSTEMPATH\CodeIgniter.php(927): App\Controllers\Reservation->products()
 7 SYSTEMPATH\CodeIgniter.php(482): CodeIgniter\CodeIgniter->runController(Object(App\Controllers\Reservation))
 8 SYSTEMPATH\CodeIgniter.php(351): CodeIgniter\CodeIgniter->handleRequest(null, Object(Config\Cache), false)
 9 FCPATH\index.php(67): CodeIgniter\CodeIgniter->run()
10 SYSTEMPATH\Commands\Server\rewrite.php(46): require_once('FCPATH\\index.php')
CRITICAL - 2022-12-03 03:14:14 --> Undefined array key "id"
in APPPATH\Views\layout\products.php on line 81.
 1 APPPATH\Views\layout\products.php(81): CodeIgniter\Debug\Exceptions->errorHandler(2, 'Undefined array key "id"', 'APPPATH\\Views\\layout\\products.php', 81)
 2 SYSTEMPATH\View\View.php(213): include('APPPATH\\Views\\layout\\products.php')
 3 SYSTEMPATH\View\View.php(216): CodeIgniter\View\View->CodeIgniter\View\{closure}()
 4 SYSTEMPATH\Common.php(1134): CodeIgniter\View\View->render('layout/products', [], true)
 5 APPPATH\Controllers\Reservation.php(36): view('layout/products', [...])
 6 SYSTEMPATH\CodeIgniter.php(927): App\Controllers\Reservation->products()
 7 SYSTEMPATH\CodeIgniter.php(482): CodeIgniter\CodeIgniter->runController(Object(App\Controllers\Reservation))
 8 SYSTEMPATH\CodeIgniter.php(351): CodeIgniter\CodeIgniter->handleRequest(null, Object(Config\Cache), false)
 9 FCPATH\index.php(67): CodeIgniter\CodeIgniter->run()
10 SYSTEMPATH\Commands\Server\rewrite.php(46): require_once('FCPATH\\index.php')
CRITICAL - 2022-12-03 03:15:39 --> Undefined array key "id"
in APPPATH\Views\layout\products.php on line 82.
 1 APPPATH\Views\layout\products.php(82): CodeIgniter\Debug\Exceptions->errorHandler(2, 'Undefined array key "id"', 'APPPATH\\Views\\layout\\products.php', 82)
 2 SYSTEMPATH\View\View.php(213): include('APPPATH\\Views\\layout\\products.php')
 3 SYSTEMPATH\View\View.php(216): CodeIgniter\View\View->CodeIgniter\View\{closure}()
 4 SYSTEMPATH\Common.php(1134): CodeIgniter\View\View->render('layout/products', [], true)
 5 APPPATH\Controllers\Reservation.php(36): view('layout/products', [...])
 6 SYSTEMPATH\CodeIgniter.php(927): App\Controllers\Reservation->products()
 7 SYSTEMPATH\CodeIgniter.php(482): CodeIgniter\CodeIgniter->runController(Object(App\Controllers\Reservation))
 8 SYSTEMPATH\CodeIgniter.php(351): CodeIgniter\CodeIgniter->handleRequest(null, Object(Config\Cache), false)
 9 FCPATH\index.php(67): CodeIgniter\CodeIgniter->run()
10 SYSTEMPATH\Commands\Server\rewrite.php(46): require_once('FCPATH\\index.php')
CRITICAL - 2022-12-03 03:15:40 --> Undefined array key "id"
in APPPATH\Views\layout\products.php on line 82.
 1 APPPATH\Views\layout\products.php(82): CodeIgniter\Debug\Exceptions->errorHandler(2, 'Undefined array key "id"', 'APPPATH\\Views\\layout\\products.php', 82)
 2 SYSTEMPATH\View\View.php(213): include('APPPATH\\Views\\layout\\products.php')
 3 SYSTEMPATH\View\View.php(216): CodeIgniter\View\View->CodeIgniter\View\{closure}()
 4 SYSTEMPATH\Common.php(1134): CodeIgniter\View\View->render('layout/products', [], true)
 5 APPPATH\Controllers\Reservation.php(36): view('layout/products', [...])
 6 SYSTEMPATH\CodeIgniter.php(927): App\Controllers\Reservation->products()
 7 SYSTEMPATH\CodeIgniter.php(482): CodeIgniter\CodeIgniter->runController(Object(App\Controllers\Reservation))
 8 SYSTEMPATH\CodeIgniter.php(351): CodeIgniter\CodeIgniter->handleRequest(null, Object(Config\Cache), false)
 9 FCPATH\index.php(67): CodeIgniter\CodeIgniter->run()
10 SYSTEMPATH\Commands\Server\rewrite.php(46): require_once('FCPATH\\index.php')
CRITICAL - 2022-12-03 03:15:41 --> Undefined array key "id"
in APPPATH\Views\layout\products.php on line 82.
 1 APPPATH\Views\layout\products.php(82): CodeIgniter\Debug\Exceptions->errorHandler(2, 'Undefined array key "id"', 'APPPATH\\Views\\layout\\products.php', 82)
 2 SYSTEMPATH\View\View.php(213): include('APPPATH\\Views\\layout\\products.php')
 3 SYSTEMPATH\View\View.php(216): CodeIgniter\View\View->CodeIgniter\View\{closure}()
 4 SYSTEMPATH\Common.php(1134): CodeIgniter\View\View->render('layout/products', [], true)
 5 APPPATH\Controllers\Reservation.php(36): view('layout/products', [...])
 6 SYSTEMPATH\CodeIgniter.php(927): App\Controllers\Reservation->products()
 7 SYSTEMPATH\CodeIgniter.php(482): CodeIgniter\CodeIgniter->runController(Object(App\Controllers\Reservation))
 8 SYSTEMPATH\CodeIgniter.php(351): CodeIgniter\CodeIgniter->handleRequest(null, Object(Config\Cache), false)
 9 FCPATH\index.php(67): CodeIgniter\CodeIgniter->run()
10 SYSTEMPATH\Commands\Server\rewrite.php(46): require_once('FCPATH\\index.php')
CRITICAL - 2022-12-03 03:15:41 --> Undefined array key "id"
in APPPATH\Views\layout\products.php on line 82.
 1 APPPATH\Views\layout\products.php(82): CodeIgniter\Debug\Exceptions->errorHandler(2, 'Undefined array key "id"', 'APPPATH\\Views\\layout\\products.php', 82)
 2 SYSTEMPATH\View\View.php(213): include('APPPATH\\Views\\layout\\products.php')
 3 SYSTEMPATH\View\View.php(216): CodeIgniter\View\View->CodeIgniter\View\{closure}()
 4 SYSTEMPATH\Common.php(1134): CodeIgniter\View\View->render('layout/products', [], true)
 5 APPPATH\Controllers\Reservation.php(36): view('layout/products', [...])
 6 SYSTEMPATH\CodeIgniter.php(927): App\Controllers\Reservation->products()
 7 SYSTEMPATH\CodeIgniter.php(482): CodeIgniter\CodeIgniter->runController(Object(App\Controllers\Reservation))
 8 SYSTEMPATH\CodeIgniter.php(351): CodeIgniter\CodeIgniter->handleRequest(null, Object(Config\Cache), false)
 9 FCPATH\index.php(67): CodeIgniter\CodeIgniter->run()
10 SYSTEMPATH\Commands\Server\rewrite.php(46): require_once('FCPATH\\index.php')
CRITICAL - 2022-12-03 03:17:35 --> Undefined array key "id"
in APPPATH\Views\layout\products.php on line 82.
 1 APPPATH\Views\layout\products.php(82): CodeIgniter\Debug\Exceptions->errorHandler(2, 'Undefined array key "id"', 'APPPATH\\Views\\layout\\products.php', 82)
 2 SYSTEMPATH\View\View.php(213): include('APPPATH\\Views\\layout\\products.php')
 3 SYSTEMPATH\View\View.php(216): CodeIgniter\View\View->CodeIgniter\View\{closure}()
 4 SYSTEMPATH\Common.php(1134): CodeIgniter\View\View->render('layout/products', [], true)
 5 APPPATH\Controllers\Reservation.php(36): view('layout/products', [...])
 6 SYSTEMPATH\CodeIgniter.php(927): App\Controllers\Reservation->products()
 7 SYSTEMPATH\CodeIgniter.php(482): CodeIgniter\CodeIgniter->runController(Object(App\Controllers\Reservation))
 8 SYSTEMPATH\CodeIgniter.php(351): CodeIgniter\CodeIgniter->handleRequest(null, Object(Config\Cache), false)
 9 FCPATH\index.php(67): CodeIgniter\CodeIgniter->run()
10 SYSTEMPATH\Commands\Server\rewrite.php(46): require_once('FCPATH\\index.php')
CRITICAL - 2022-12-03 03:17:35 --> Undefined array key "id"
in APPPATH\Views\layout\products.php on line 82.
 1 APPPATH\Views\layout\products.php(82): CodeIgniter\Debug\Exceptions->errorHandler(2, 'Undefined array key "id"', 'APPPATH\\Views\\layout\\products.php', 82)
 2 SYSTEMPATH\View\View.php(213): include('APPPATH\\Views\\layout\\products.php')
 3 SYSTEMPATH\View\View.php(216): CodeIgniter\View\View->CodeIgniter\View\{closure}()
 4 SYSTEMPATH\Common.php(1134): CodeIgniter\View\View->render('layout/products', [], true)
 5 APPPATH\Controllers\Reservation.php(36): view('layout/products', [...])
 6 SYSTEMPATH\CodeIgniter.php(927): App\Controllers\Reservation->products()
 7 SYSTEMPATH\CodeIgniter.php(482): CodeIgniter\CodeIgniter->runController(Object(App\Controllers\Reservation))
 8 SYSTEMPATH\CodeIgniter.php(351): CodeIgniter\CodeIgniter->handleRequest(null, Object(Config\Cache), false)
 9 FCPATH\index.php(67): CodeIgniter\CodeIgniter->run()
10 SYSTEMPATH\Commands\Server\rewrite.php(46): require_once('FCPATH\\index.php')
CRITICAL - 2022-12-03 03:17:36 --> Undefined array key "id"
in APPPATH\Views\layout\products.php on line 82.
 1 APPPATH\Views\layout\products.php(82): CodeIgniter\Debug\Exceptions->errorHandler(2, 'Undefined array key "id"', 'APPPATH\\Views\\layout\\products.php', 82)
 2 SYSTEMPATH\View\View.php(213): include('APPPATH\\Views\\layout\\products.php')
 3 SYSTEMPATH\View\View.php(216): CodeIgniter\View\View->CodeIgniter\View\{closure}()
 4 SYSTEMPATH\Common.php(1134): CodeIgniter\View\View->render('layout/products', [], true)
 5 APPPATH\Controllers\Reservation.php(36): view('layout/products', [...])
 6 SYSTEMPATH\CodeIgniter.php(927): App\Controllers\Reservation->products()
 7 SYSTEMPATH\CodeIgniter.php(482): CodeIgniter\CodeIgniter->runController(Object(App\Controllers\Reservation))
 8 SYSTEMPATH\CodeIgniter.php(351): CodeIgniter\CodeIgniter->handleRequest(null, Object(Config\Cache), false)
 9 FCPATH\index.php(67): CodeIgniter\CodeIgniter->run()
10 SYSTEMPATH\Commands\Server\rewrite.php(46): require_once('FCPATH\\index.php')
CRITICAL - 2022-12-03 03:17:47 --> Undefined array key "id"
in APPPATH\Views\layout\products.php on line 82.
 1 APPPATH\Views\layout\products.php(82): CodeIgniter\Debug\Exceptions->errorHandler(2, 'Undefined array key "id"', 'APPPATH\\Views\\layout\\products.php', 82)
 2 SYSTEMPATH\View\View.php(213): include('APPPATH\\Views\\layout\\products.php')
 3 SYSTEMPATH\View\View.php(216): CodeIgniter\View\View->CodeIgniter\View\{closure}()
 4 SYSTEMPATH\Common.php(1134): CodeIgniter\View\View->render('layout/products', [], true)
 5 APPPATH\Controllers\Reservation.php(36): view('layout/products', [...])
 6 SYSTEMPATH\CodeIgniter.php(927): App\Controllers\Reservation->products()
 7 SYSTEMPATH\CodeIgniter.php(482): CodeIgniter\CodeIgniter->runController(Object(App\Controllers\Reservation))
 8 SYSTEMPATH\CodeIgniter.php(351): CodeIgniter\CodeIgniter->handleRequest(null, Object(Config\Cache), false)
 9 FCPATH\index.php(67): CodeIgniter\CodeIgniter->run()
10 SYSTEMPATH\Commands\Server\rewrite.php(46): require_once('FCPATH\\index.php')
CRITICAL - 2022-12-03 03:17:48 --> Undefined array key "id"
in APPPATH\Views\layout\products.php on line 82.
 1 APPPATH\Views\layout\products.php(82): CodeIgniter\Debug\Exceptions->errorHandler(2, 'Undefined array key "id"', 'APPPATH\\Views\\layout\\products.php', 82)
 2 SYSTEMPATH\View\View.php(213): include('APPPATH\\Views\\layout\\products.php')
 3 SYSTEMPATH\View\View.php(216): CodeIgniter\View\View->CodeIgniter\View\{closure}()
 4 SYSTEMPATH\Common.php(1134): CodeIgniter\View\View->render('layout/products', [], true)
 5 APPPATH\Controllers\Reservation.php(36): view('layout/products', [...])
 6 SYSTEMPATH\CodeIgniter.php(927): App\Controllers\Reservation->products()
 7 SYSTEMPATH\CodeIgniter.php(482): CodeIgniter\CodeIgniter->runController(Object(App\Controllers\Reservation))
 8 SYSTEMPATH\CodeIgniter.php(351): CodeIgniter\CodeIgniter->handleRequest(null, Object(Config\Cache), false)
 9 FCPATH\index.php(67): CodeIgniter\CodeIgniter->run()
10 SYSTEMPATH\Commands\Server\rewrite.php(46): require_once('FCPATH\\index.php')
CRITICAL - 2022-12-03 03:17:54 --> Undefined array key "id"
in APPPATH\Views\layout\products.php on line 82.
 1 APPPATH\Views\layout\products.php(82): CodeIgniter\Debug\Exceptions->errorHandler(2, 'Undefined array key "id"', 'APPPATH\\Views\\layout\\products.php', 82)
 2 SYSTEMPATH\View\View.php(213): include('APPPATH\\Views\\layout\\products.php')
 3 SYSTEMPATH\View\View.php(216): CodeIgniter\View\View->CodeIgniter\View\{closure}()
 4 SYSTEMPATH\Common.php(1134): CodeIgniter\View\View->render('layout/products', [], true)
 5 APPPATH\Controllers\Reservation.php(36): view('layout/products', [...])
 6 SYSTEMPATH\CodeIgniter.php(927): App\Controllers\Reservation->products()
 7 SYSTEMPATH\CodeIgniter.php(482): CodeIgniter\CodeIgniter->runController(Object(App\Controllers\Reservation))
 8 SYSTEMPATH\CodeIgniter.php(351): CodeIgniter\CodeIgniter->handleRequest(null, Object(Config\Cache), false)
 9 FCPATH\index.php(67): CodeIgniter\CodeIgniter->run()
10 SYSTEMPATH\Commands\Server\rewrite.php(46): require_once('FCPATH\\index.php')
CRITICAL - 2022-12-03 03:17:57 --> Undefined array key "id"
in APPPATH\Views\layout\products.php on line 82.
 1 APPPATH\Views\layout\products.php(82): CodeIgniter\Debug\Exceptions->errorHandler(2, 'Undefined array key "id"', 'APPPATH\\Views\\layout\\products.php', 82)
 2 SYSTEMPATH\View\View.php(213): include('APPPATH\\Views\\layout\\products.php')
 3 SYSTEMPATH\View\View.php(216): CodeIgniter\View\View->CodeIgniter\View\{closure}()
 4 SYSTEMPATH\Common.php(1134): CodeIgniter\View\View->render('layout/products', [], true)
 5 APPPATH\Controllers\Reservation.php(36): view('layout/products', [...])
 6 SYSTEMPATH\CodeIgniter.php(927): App\Controllers\Reservation->products()
 7 SYSTEMPATH\CodeIgniter.php(482): CodeIgniter\CodeIgniter->runController(Object(App\Controllers\Reservation))
 8 SYSTEMPATH\CodeIgniter.php(351): CodeIgniter\CodeIgniter->handleRequest(null, Object(Config\Cache), false)
 9 FCPATH\index.php(67): CodeIgniter\CodeIgniter->run()
10 SYSTEMPATH\Commands\Server\rewrite.php(46): require_once('FCPATH\\index.php')
CRITICAL - 2022-12-03 03:18:07 --> Undefined array key "product_name"
in APPPATH\Views\layout\products.php on line 82.
 1 APPPATH\Views\layout\products.php(82): CodeIgniter\Debug\Exceptions->errorHandler(2, 'Undefined array key "product_name"', 'APPPATH\\Views\\layout\\products.php', 82)
 2 SYSTEMPATH\View\View.php(213): include('APPPATH\\Views\\layout\\products.php')
 3 SYSTEMPATH\View\View.php(216): CodeIgniter\View\View->CodeIgniter\View\{closure}()
 4 SYSTEMPATH\Common.php(1134): CodeIgniter\View\View->render('layout/products', [], true)
 5 APPPATH\Controllers\Reservation.php(36): view('layout/products', [...])
 6 SYSTEMPATH\CodeIgniter.php(927): App\Controllers\Reservation->products()
 7 SYSTEMPATH\CodeIgniter.php(482): CodeIgniter\CodeIgniter->runController(Object(App\Controllers\Reservation))
 8 SYSTEMPATH\CodeIgniter.php(351): CodeIgniter\CodeIgniter->handleRequest(null, Object(Config\Cache), false)
 9 FCPATH\index.php(67): CodeIgniter\CodeIgniter->run()
10 SYSTEMPATH\Commands\Server\rewrite.php(46): require_once('FCPATH\\index.php')
CRITICAL - 2022-12-03 03:40:52 --> array_values(): Argument #1 ($array) must be of type array, null given
in APPPATH\Controllers\CartController.php on line 11.
 1 APPPATH\Controllers\CartController.php(11): array_values(null)
 2 SYSTEMPATH\CodeIgniter.php(927): App\Controllers\CartController->product_cart()
 3 SYSTEMPATH\CodeIgniter.php(482): CodeIgniter\CodeIgniter->runController(Object(App\Controllers\CartController))
 4 SYSTEMPATH\CodeIgniter.php(351): CodeIgniter\CodeIgniter->handleRequest(null, Object(Config\Cache), false)
 5 FCPATH\index.php(67): CodeIgniter\CodeIgniter->run()
 6 SYSTEMPATH\Commands\Server\rewrite.php(46): require_once('FCPATH\\index.php')
CRITICAL - 2022-12-03 03:53:31 --> array_values(): Argument #1 ($array) must be of type array, null given
in APPPATH\Controllers\CartController.php on line 11.
 1 APPPATH\Controllers\CartController.php(11): array_values(null)
 2 SYSTEMPATH\CodeIgniter.php(927): App\Controllers\CartController->product_cart()
 3 SYSTEMPATH\CodeIgniter.php(482): CodeIgniter\CodeIgniter->runController(Object(App\Controllers\CartController))
 4 SYSTEMPATH\CodeIgniter.php(351): CodeIgniter\CodeIgniter->handleRequest(null, Object(Config\Cache), false)
 5 FCPATH\index.php(67): CodeIgniter\CodeIgniter->run()
 6 SYSTEMPATH\Commands\Server\rewrite.php(46): require_once('FCPATH\\index.php')
CRITICAL - 2022-12-03 03:54:08 --> array_values(): Argument #1 ($array) must be of type array, null given
in APPPATH\Controllers\CartController.php on line 11.
 1 APPPATH\Controllers\CartController.php(11): array_values(null)
 2 SYSTEMPATH\CodeIgniter.php(927): App\Controllers\CartController->product_cart()
 3 SYSTEMPATH\CodeIgniter.php(482): CodeIgniter\CodeIgniter->runController(Object(App\Controllers\CartController))
 4 SYSTEMPATH\CodeIgniter.php(351): CodeIgniter\CodeIgniter->handleRequest(null, Object(Config\Cache), false)
 5 FCPATH\index.php(67): CodeIgniter\CodeIgniter->run()
 6 SYSTEMPATH\Commands\Server\rewrite.php(46): require_once('FCPATH\\index.php')
CRITICAL - 2022-12-03 03:54:10 --> array_values(): Argument #1 ($array) must be of type array, null given
in APPPATH\Controllers\CartController.php on line 11.
 1 APPPATH\Controllers\CartController.php(11): array_values(null)
 2 SYSTEMPATH\CodeIgniter.php(927): App\Controllers\CartController->product_cart()
 3 SYSTEMPATH\CodeIgniter.php(482): CodeIgniter\CodeIgniter->runController(Object(App\Controllers\CartController))
 4 SYSTEMPATH\CodeIgniter.php(351): CodeIgniter\CodeIgniter->handleRequest(null, Object(Config\Cache), false)
 5 FCPATH\index.php(67): CodeIgniter\CodeIgniter->run()
 6 SYSTEMPATH\Commands\Server\rewrite.php(46): require_once('FCPATH\\index.php')
CRITICAL - 2022-12-03 03:54:29 --> array_values(): Argument #1 ($array) must be of type array, null given
in APPPATH\Controllers\CartController.php on line 16.
 1 APPPATH\Controllers\CartController.php(16): array_values(null)
 2 SYSTEMPATH\CodeIgniter.php(927): App\Controllers\CartController->product_cart()
 3 SYSTEMPATH\CodeIgniter.php(482): CodeIgniter\CodeIgniter->runController(Object(App\Controllers\CartController))
 4 SYSTEMPATH\CodeIgniter.php(351): CodeIgniter\CodeIgniter->handleRequest(null, Object(Config\Cache), false)
 5 FCPATH\index.php(67): CodeIgniter\CodeIgniter->run()
 6 SYSTEMPATH\Commands\Server\rewrite.php(46): require_once('FCPATH\\index.php')
CRITICAL - 2022-12-03 06:02:13 --> Undefined variable $products
in APPPATH\Views\layout\booknow.php on line 65.
 1 APPPATH\Views\layout\booknow.php(65): CodeIgniter\Debug\Exceptions->errorHandler(2, 'Undefined variable $products', 'APPPATH\\Views\\layout\\booknow.php', 65)
 2 SYSTEMPATH\View\View.php(213): include('APPPATH\\Views\\layout\\booknow.php')
 3 SYSTEMPATH\View\View.php(216): CodeIgniter\View\View->CodeIgniter\View\{closure}()
 4 SYSTEMPATH\Common.php(1134): CodeIgniter\View\View->render('layout/booknow', [], true)
 5 APPPATH\Controllers\Reservation.php(28): view('layout/booknow')
 6 SYSTEMPATH\CodeIgniter.php(927): App\Controllers\Reservation->booknow()
 7 SYSTEMPATH\CodeIgniter.php(482): CodeIgniter\CodeIgniter->runController(Object(App\Controllers\Reservation))
 8 SYSTEMPATH\CodeIgniter.php(351): CodeIgniter\CodeIgniter->handleRequest(null, Object(Config\Cache), false)
 9 FCPATH\index.php(67): CodeIgniter\CodeIgniter->run()
10 SYSTEMPATH\Commands\Server\rewrite.php(46): require_once('FCPATH\\index.php')
CRITICAL - 2022-12-03 06:03:03 --> Undefined array key "category"
in APPPATH\Views\layout\booknow.php on line 72.
 1 APPPATH\Views\layout\booknow.php(72): CodeIgniter\Debug\Exceptions->errorHandler(2, 'Undefined array key "category"', 'APPPATH\\Views\\layout\\booknow.php', 72)
 2 SYSTEMPATH\View\View.php(213): include('APPPATH\\Views\\layout\\booknow.php')
 3 SYSTEMPATH\View\View.php(216): CodeIgniter\View\View->CodeIgniter\View\{closure}()
 4 SYSTEMPATH\Common.php(1134): CodeIgniter\View\View->render('layout/booknow', [], true)
 5 APPPATH\Controllers\Reservation.php(30): view('layout/booknow', [...])
 6 SYSTEMPATH\CodeIgniter.php(927): App\Controllers\Reservation->booknow()
 7 SYSTEMPATH\CodeIgniter.php(482): CodeIgniter\CodeIgniter->runController(Object(App\Controllers\Reservation))
 8 SYSTEMPATH\CodeIgniter.php(351): CodeIgniter\CodeIgniter->handleRequest(null, Object(Config\Cache), false)
 9 FCPATH\index.php(67): CodeIgniter\CodeIgniter->run()
10 SYSTEMPATH\Commands\Server\rewrite.php(46): require_once('FCPATH\\index.php')
CRITICAL - 2022-12-03 06:04:21 --> Undefined variable $booking
in APPPATH\Views\layout\booknow.php on line 65.
 1 APPPATH\Views\layout\booknow.php(65): CodeIgniter\Debug\Exceptions->errorHandler(2, 'Undefined variable $booking', 'APPPATH\\Views\\layout\\booknow.php', 65)
 2 SYSTEMPATH\View\View.php(213): include('APPPATH\\Views\\layout\\booknow.php')
 3 SYSTEMPATH\View\View.php(216): CodeIgniter\View\View->CodeIgniter\View\{closure}()
 4 SYSTEMPATH\Common.php(1134): CodeIgniter\View\View->render('layout/booknow', [], true)
 5 APPPATH\Controllers\Reservation.php(30): view('layout/booknow', [...])
 6 SYSTEMPATH\CodeIgniter.php(927): App\Controllers\Reservation->booknow()
 7 SYSTEMPATH\CodeIgniter.php(482): CodeIgniter\CodeIgniter->runController(Object(App\Controllers\Reservation))
 8 SYSTEMPATH\CodeIgniter.php(351): CodeIgniter\CodeIgniter->handleRequest(null, Object(Config\Cache), false)
 9 FCPATH\index.php(67): CodeIgniter\CodeIgniter->run()
10 SYSTEMPATH\Commands\Server\rewrite.php(46): require_once('FCPATH\\index.php')
CRITICAL - 2022-12-03 06:05:28 --> Undefined variable $booking
in APPPATH\Views\layout\booknow.php on line 65.
 1 APPPATH\Views\layout\booknow.php(65): CodeIgniter\Debug\Exceptions->errorHandler(2, 'Undefined variable $booking', 'APPPATH\\Views\\layout\\booknow.php', 65)
 2 SYSTEMPATH\View\View.php(213): include('APPPATH\\Views\\layout\\booknow.php')
 3 SYSTEMPATH\View\View.php(216): CodeIgniter\View\View->CodeIgniter\View\{closure}()
 4 SYSTEMPATH\Common.php(1134): CodeIgniter\View\View->render('layout/booknow', [], true)
 5 APPPATH\Controllers\Reservation.php(30): view('layout/booknow', [...])
 6 SYSTEMPATH\CodeIgniter.php(927): App\Controllers\Reservation->booknow()
 7 SYSTEMPATH\CodeIgniter.php(482): CodeIgniter\CodeIgniter->runController(Object(App\Controllers\Reservation))
 8 SYSTEMPATH\CodeIgniter.php(351): CodeIgniter\CodeIgniter->handleRequest(null, Object(Config\Cache), false)
 9 FCPATH\index.php(67): CodeIgniter\CodeIgniter->run()
10 SYSTEMPATH\Commands\Server\rewrite.php(46): require_once('FCPATH\\index.php')
CRITICAL - 2022-12-03 06:05:29 --> Undefined variable $booking
in APPPATH\Views\layout\booknow.php on line 65.
 1 APPPATH\Views\layout\booknow.php(65): CodeIgniter\Debug\Exceptions->errorHandler(2, 'Undefined variable $booking', 'APPPATH\\Views\\layout\\booknow.php', 65)
 2 SYSTEMPATH\View\View.php(213): include('APPPATH\\Views\\layout\\booknow.php')
 3 SYSTEMPATH\View\View.php(216): CodeIgniter\View\View->CodeIgniter\View\{closure}()
 4 SYSTEMPATH\Common.php(1134): CodeIgniter\View\View->render('layout/booknow', [], true)
 5 APPPATH\Controllers\Reservation.php(30): view('layout/booknow', [...])
 6 SYSTEMPATH\CodeIgniter.php(927): App\Controllers\Reservation->booknow()
 7 SYSTEMPATH\CodeIgniter.php(482): CodeIgniter\CodeIgniter->runController(Object(App\Controllers\Reservation))
 8 SYSTEMPATH\CodeIgniter.php(351): CodeIgniter\CodeIgniter->handleRequest(null, Object(Config\Cache), false)
 9 FCPATH\index.php(67): CodeIgniter\CodeIgniter->run()
10 SYSTEMPATH\Commands\Server\rewrite.php(46): require_once('FCPATH\\index.php')
CRITICAL - 2022-12-03 06:05:29 --> Undefined variable $booking
in APPPATH\Views\layout\booknow.php on line 65.
 1 APPPATH\Views\layout\booknow.php(65): CodeIgniter\Debug\Exceptions->errorHandler(2, 'Undefined variable $booking', 'APPPATH\\Views\\layout\\booknow.php', 65)
 2 SYSTEMPATH\View\View.php(213): include('APPPATH\\Views\\layout\\booknow.php')
 3 SYSTEMPATH\View\View.php(216): CodeIgniter\View\View->CodeIgniter\View\{closure}()
 4 SYSTEMPATH\Common.php(1134): CodeIgniter\View\View->render('layout/booknow', [], true)
 5 APPPATH\Controllers\Reservation.php(30): view('layout/booknow', [...])
 6 SYSTEMPATH\CodeIgniter.php(927): App\Controllers\Reservation->booknow()
 7 SYSTEMPATH\CodeIgniter.php(482): CodeIgniter\CodeIgniter->runController(Object(App\Controllers\Reservation))
 8 SYSTEMPATH\CodeIgniter.php(351): CodeIgniter\CodeIgniter->handleRequest(null, Object(Config\Cache), false)
 9 FCPATH\index.php(67): CodeIgniter\CodeIgniter->run()
10 SYSTEMPATH\Commands\Server\rewrite.php(46): require_once('FCPATH\\index.php')
CRITICAL - 2022-12-03 06:05:30 --> Undefined variable $booking
in APPPATH\Views\layout\booknow.php on line 65.
 1 APPPATH\Views\layout\booknow.php(65): CodeIgniter\Debug\Exceptions->errorHandler(2, 'Undefined variable $booking', 'APPPATH\\Views\\layout\\booknow.php', 65)
 2 SYSTEMPATH\View\View.php(213): include('APPPATH\\Views\\layout\\booknow.php')
 3 SYSTEMPATH\View\View.php(216): CodeIgniter\View\View->CodeIgniter\View\{closure}()
 4 SYSTEMPATH\Common.php(1134): CodeIgniter\View\View->render('layout/booknow', [], true)
 5 APPPATH\Controllers\Reservation.php(30): view('layout/booknow', [...])
 6 SYSTEMPATH\CodeIgniter.php(927): App\Controllers\Reservation->booknow()
 7 SYSTEMPATH\CodeIgniter.php(482): CodeIgniter\CodeIgniter->runController(Object(App\Controllers\Reservation))
 8 SYSTEMPATH\CodeIgniter.php(351): CodeIgniter\CodeIgniter->handleRequest(null, Object(Config\Cache), false)
 9 FCPATH\index.php(67): CodeIgniter\CodeIgniter->run()
10 SYSTEMPATH\Commands\Server\rewrite.php(46): require_once('FCPATH\\index.php')
CRITICAL - 2022-12-03 06:05:30 --> Undefined variable $booking
in APPPATH\Views\layout\booknow.php on line 65.
 1 APPPATH\Views\layout\booknow.php(65): CodeIgniter\Debug\Exceptions->errorHandler(2, 'Undefined variable $booking', 'APPPATH\\Views\\layout\\booknow.php', 65)
 2 SYSTEMPATH\View\View.php(213): include('APPPATH\\Views\\layout\\booknow.php')
 3 SYSTEMPATH\View\View.php(216): CodeIgniter\View\View->CodeIgniter\View\{closure}()
 4 SYSTEMPATH\Common.php(1134): CodeIgniter\View\View->render('layout/booknow', [], true)
 5 APPPATH\Controllers\Reservation.php(30): view('layout/booknow', [...])
 6 SYSTEMPATH\CodeIgniter.php(927): App\Controllers\Reservation->booknow()
 7 SYSTEMPATH\CodeIgniter.php(482): CodeIgniter\CodeIgniter->runController(Object(App\Controllers\Reservation))
 8 SYSTEMPATH\CodeIgniter.php(351): CodeIgniter\CodeIgniter->handleRequest(null, Object(Config\Cache), false)
 9 FCPATH\index.php(67): CodeIgniter\CodeIgniter->run()
10 SYSTEMPATH\Commands\Server\rewrite.php(46): require_once('FCPATH\\index.php')
CRITICAL - 2022-12-03 06:05:31 --> Undefined variable $booking
in APPPATH\Views\layout\booknow.php on line 65.
 1 APPPATH\Views\layout\booknow.php(65): CodeIgniter\Debug\Exceptions->errorHandler(2, 'Undefined variable $booking', 'APPPATH\\Views\\layout\\booknow.php', 65)
 2 SYSTEMPATH\View\View.php(213): include('APPPATH\\Views\\layout\\booknow.php')
 3 SYSTEMPATH\View\View.php(216): CodeIgniter\View\View->CodeIgniter\View\{closure}()
 4 SYSTEMPATH\Common.php(1134): CodeIgniter\View\View->render('layout/booknow', [], true)
 5 APPPATH\Controllers\Reservation.php(30): view('layout/booknow', [...])
 6 SYSTEMPATH\CodeIgniter.php(927): App\Controllers\Reservation->booknow()
 7 SYSTEMPATH\CodeIgniter.php(482): CodeIgniter\CodeIgniter->runController(Object(App\Controllers\Reservation))
 8 SYSTEMPATH\CodeIgniter.php(351): CodeIgniter\CodeIgniter->handleRequest(null, Object(Config\Cache), false)
 9 FCPATH\index.php(67): CodeIgniter\CodeIgniter->run()
10 SYSTEMPATH\Commands\Server\rewrite.php(46): require_once('FCPATH\\index.php')
CRITICAL - 2022-12-03 06:05:31 --> Undefined variable $booking
in APPPATH\Views\layout\booknow.php on line 65.
 1 APPPATH\Views\layout\booknow.php(65): CodeIgniter\Debug\Exceptions->errorHandler(2, 'Undefined variable $booking', 'APPPATH\\Views\\layout\\booknow.php', 65)
 2 SYSTEMPATH\View\View.php(213): include('APPPATH\\Views\\layout\\booknow.php')
 3 SYSTEMPATH\View\View.php(216): CodeIgniter\View\View->CodeIgniter\View\{closure}()
 4 SYSTEMPATH\Common.php(1134): CodeIgniter\View\View->render('layout/booknow', [], true)
 5 APPPATH\Controllers\Reservation.php(30): view('layout/booknow', [...])
 6 SYSTEMPATH\CodeIgniter.php(927): App\Controllers\Reservation->booknow()
 7 SYSTEMPATH\CodeIgniter.php(482): CodeIgniter\CodeIgniter->runController(Object(App\Controllers\Reservation))
 8 SYSTEMPATH\CodeIgniter.php(351): CodeIgniter\CodeIgniter->handleRequest(null, Object(Config\Cache), false)
 9 FCPATH\index.php(67): CodeIgniter\CodeIgniter->run()
10 SYSTEMPATH\Commands\Server\rewrite.php(46): require_once('FCPATH\\index.php')
CRITICAL - 2022-12-03 06:05:32 --> Undefined variable $booking
in APPPATH\Views\layout\booknow.php on line 65.
 1 APPPATH\Views\layout\booknow.php(65): CodeIgniter\Debug\Exceptions->errorHandler(2, 'Undefined variable $booking', 'APPPATH\\Views\\layout\\booknow.php', 65)
 2 SYSTEMPATH\View\View.php(213): include('APPPATH\\Views\\layout\\booknow.php')
 3 SYSTEMPATH\View\View.php(216): CodeIgniter\View\View->CodeIgniter\View\{closure}()
 4 SYSTEMPATH\Common.php(1134): CodeIgniter\View\View->render('layout/booknow', [], true)
 5 APPPATH\Controllers\Reservation.php(30): view('layout/booknow', [...])
 6 SYSTEMPATH\CodeIgniter.php(927): App\Controllers\Reservation->booknow()
 7 SYSTEMPATH\CodeIgniter.php(482): CodeIgniter\CodeIgniter->runController(Object(App\Controllers\Reservation))
 8 SYSTEMPATH\CodeIgniter.php(351): CodeIgniter\CodeIgniter->handleRequest(null, Object(Config\Cache), false)
 9 FCPATH\index.php(67): CodeIgniter\CodeIgniter->run()
10 SYSTEMPATH\Commands\Server\rewrite.php(46): require_once('FCPATH\\index.php')
CRITICAL - 2022-12-03 06:05:32 --> Undefined variable $booking
in APPPATH\Views\layout\booknow.php on line 65.
 1 APPPATH\Views\layout\booknow.php(65): CodeIgniter\Debug\Exceptions->errorHandler(2, 'Undefined variable $booking', 'APPPATH\\Views\\layout\\booknow.php', 65)
 2 SYSTEMPATH\View\View.php(213): include('APPPATH\\Views\\layout\\booknow.php')
 3 SYSTEMPATH\View\View.php(216): CodeIgniter\View\View->CodeIgniter\View\{closure}()
 4 SYSTEMPATH\Common.php(1134): CodeIgniter\View\View->render('layout/booknow', [], true)
 5 APPPATH\Controllers\Reservation.php(30): view('layout/booknow', [...])
 6 SYSTEMPATH\CodeIgniter.php(927): App\Controllers\Reservation->booknow()
 7 SYSTEMPATH\CodeIgniter.php(482): CodeIgniter\CodeIgniter->runController(Object(App\Controllers\Reservation))
 8 SYSTEMPATH\CodeIgniter.php(351): CodeIgniter\CodeIgniter->handleRequest(null, Object(Config\Cache), false)
 9 FCPATH\index.php(67): CodeIgniter\CodeIgniter->run()
10 SYSTEMPATH\Commands\Server\rewrite.php(46): require_once('FCPATH\\index.php')
CRITICAL - 2022-12-03 06:06:39 --> Undefined variable $booking
in APPPATH\Views\layout\booknow.php on line 70.
 1 APPPATH\Views\layout\booknow.php(70): CodeIgniter\Debug\Exceptions->errorHandler(2, 'Undefined variable $booking', 'APPPATH\\Views\\layout\\booknow.php', 70)
 2 SYSTEMPATH\View\View.php(213): include('APPPATH\\Views\\layout\\booknow.php')
 3 SYSTEMPATH\View\View.php(216): CodeIgniter\View\View->CodeIgniter\View\{closure}()
 4 SYSTEMPATH\Common.php(1134): CodeIgniter\View\View->render('layout/booknow', [], true)
 5 APPPATH\Controllers\Reservation.php(30): view('layout/booknow', [...])
 6 SYSTEMPATH\CodeIgniter.php(927): App\Controllers\Reservation->booknow()
 7 SYSTEMPATH\CodeIgniter.php(482): CodeIgniter\CodeIgniter->runController(Object(App\Controllers\Reservation))
 8 SYSTEMPATH\CodeIgniter.php(351): CodeIgniter\CodeIgniter->handleRequest(null, Object(Config\Cache), false)
 9 FCPATH\index.php(67): CodeIgniter\CodeIgniter->run()
10 SYSTEMPATH\Commands\Server\rewrite.php(46): require_once('FCPATH\\index.php')
CRITICAL - 2022-12-03 06:06:43 --> Undefined variable $booking
in APPPATH\Views\layout\booknow.php on line 70.
 1 APPPATH\Views\layout\booknow.php(70): CodeIgniter\Debug\Exceptions->errorHandler(2, 'Undefined variable $booking', 'APPPATH\\Views\\layout\\booknow.php', 70)
 2 SYSTEMPATH\View\View.php(213): include('APPPATH\\Views\\layout\\booknow.php')
 3 SYSTEMPATH\View\View.php(216): CodeIgniter\View\View->CodeIgniter\View\{closure}()
 4 SYSTEMPATH\Common.php(1134): CodeIgniter\View\View->render('layout/booknow', [], true)
 5 APPPATH\Controllers\Reservation.php(30): view('layout/booknow', [...])
 6 SYSTEMPATH\CodeIgniter.php(927): App\Controllers\Reservation->booknow()
 7 SYSTEMPATH\CodeIgniter.php(482): CodeIgniter\CodeIgniter->runController(Object(App\Controllers\Reservation))
 8 SYSTEMPATH\CodeIgniter.php(351): CodeIgniter\CodeIgniter->handleRequest(null, Object(Config\Cache), false)
 9 FCPATH\index.php(67): CodeIgniter\CodeIgniter->run()
10 SYSTEMPATH\Commands\Server\rewrite.php(46): require_once('FCPATH\\index.php')
CRITICAL - 2022-12-03 06:22:45 --> Class name must be a valid object or a string
in APPPATH\Views\layout\booknow.php on line 88.
 1 SYSTEMPATH\View\View.php(213): include()
 2 SYSTEMPATH\View\View.php(216): CodeIgniter\View\View->CodeIgniter\View\{closure}()
 3 SYSTEMPATH\Common.php(1134): CodeIgniter\View\View->render('layout/booknow', [], true)
 4 APPPATH\Controllers\Reservation.php(30): view('layout/booknow', [...])
 5 SYSTEMPATH\CodeIgniter.php(927): App\Controllers\Reservation->booknow()
 6 SYSTEMPATH\CodeIgniter.php(482): CodeIgniter\CodeIgniter->runController(Object(App\Controllers\Reservation))
 7 SYSTEMPATH\CodeIgniter.php(351): CodeIgniter\CodeIgniter->handleRequest(null, Object(Config\Cache), false)
 8 FCPATH\index.php(67): CodeIgniter\CodeIgniter->run()
 9 SYSTEMPATH\Commands\Server\rewrite.php(46): require_once('FCPATH\\index.php')
