CRITICAL - 2023-12-18 02:22:26 --> Invalid file: dashboard.php
in SYSTEMPATH\Exceptions\FrameworkException.php on line 33.
 1 SYSTEMPATH\View\View.php(201): CodeIgniter\Exceptions\FrameworkException::forInvalidFile('dashboard.php')
 2 SYSTEMPATH\Common.php(1134): CodeIgniter\View\View->render('dashboard', [], true)
 3 APPPATH\Controllers\Home.php(175): view('dashboard')
 4 SYSTEMPATH\CodeIgniter.php(927): App\Controllers\Home->dashboard()
 5 SYSTEMPATH\CodeIgniter.php(482): CodeIgniter\CodeIgniter->runController(Object(App\Controllers\Home))
 6 SYSTEMPATH\CodeIgniter.php(351): CodeIgniter\CodeIgniter->handleRequest(null, Object(Config\Cache), false)
 7 FCPATH\index.php(87): CodeIgniter\CodeIgniter->run()
 8 SYSTEMPATH\Commands\Server\rewrite.php(46): require_once('FCPATH\\index.php')
CRITICAL - 2023-12-18 02:22:40 --> Invalid file: dashboard.php
in SYSTEMPATH\Exceptions\FrameworkException.php on line 33.
 1 SYSTEMPATH\View\View.php(201): CodeIgniter\Exceptions\FrameworkException::forInvalidFile('dashboard.php')
 2 SYSTEMPATH\Common.php(1134): CodeIgniter\View\View->render('dashboard', [], true)
 3 APPPATH\Controllers\Home.php(175): view('dashboard')
 4 SYSTEMPATH\CodeIgniter.php(927): App\Controllers\Home->dashboard()
 5 SYSTEMPATH\CodeIgniter.php(482): CodeIgniter\CodeIgniter->runController(Object(App\Controllers\Home))
 6 SYSTEMPATH\CodeIgniter.php(351): CodeIgniter\CodeIgniter->handleRequest(null, Object(Config\Cache), false)
 7 FCPATH\index.php(87): CodeIgniter\CodeIgniter->run()
 8 SYSTEMPATH\Commands\Server\rewrite.php(46): require_once('FCPATH\\index.php')
CRITICAL - 2023-12-18 02:34:43 --> Undefined variable $first_layer_titles
in APPPATH\Views\layer1\titles.php on line 173.
 1 APPPATH\Views\layer1\titles.php(173): CodeIgniter\Debug\Exceptions->errorHandler(2, 'Undefined variable $first_layer_titles', 'APPPATH\\Views\\layer1\\titles.php', 173)
 2 SYSTEMPATH\View\View.php(213): include('APPPATH\\Views\\layer1\\titles.php')
 3 SYSTEMPATH\View\View.php(216): CodeIgniter\View\View->CodeIgniter\View\{closure}()
 4 SYSTEMPATH\Common.php(1134): CodeIgniter\View\View->render('layer1/titles', [], true)
 5 APPPATH\Controllers\Home.php(181): view('layer1/titles')
 6 SYSTEMPATH\CodeIgniter.php(927): App\Controllers\Home->layer1_titles()
 7 SYSTEMPATH\CodeIgniter.php(482): CodeIgniter\CodeIgniter->runController(Object(App\Controllers\Home))
 8 SYSTEMPATH\CodeIgniter.php(351): CodeIgniter\CodeIgniter->handleRequest(null, Object(Config\Cache), false)
 9 FCPATH\index.php(87): CodeIgniter\CodeIgniter->run()
10 SYSTEMPATH\Commands\Server\rewrite.php(46): require_once('FCPATH\\index.php')
CRITICAL - 2023-12-18 02:36:48 --> Undefined variable $first_layer_titles
in APPPATH\Views\layer1\titles.php on line 173.
 1 APPPATH\Views\layer1\titles.php(173): CodeIgniter\Debug\Exceptions->errorHandler(2, 'Undefined variable $first_layer_titles', 'APPPATH\\Views\\layer1\\titles.php', 173)
 2 SYSTEMPATH\View\View.php(213): include('APPPATH\\Views\\layer1\\titles.php')
 3 SYSTEMPATH\View\View.php(216): CodeIgniter\View\View->CodeIgniter\View\{closure}()
 4 SYSTEMPATH\Common.php(1134): CodeIgniter\View\View->render('layer1/titles', [], true)
 5 APPPATH\Controllers\Home.php(181): view('layer1/titles')
 6 SYSTEMPATH\CodeIgniter.php(927): App\Controllers\Home->layer1_titles()
 7 SYSTEMPATH\CodeIgniter.php(482): CodeIgniter\CodeIgniter->runController(Object(App\Controllers\Home))
 8 SYSTEMPATH\CodeIgniter.php(351): CodeIgniter\CodeIgniter->handleRequest(null, Object(Config\Cache), false)
 9 FCPATH\index.php(87): CodeIgniter\CodeIgniter->run()
10 SYSTEMPATH\Commands\Server\rewrite.php(46): require_once('FCPATH\\index.php')
CRITICAL - 2023-12-18 02:57:21 --> Undefined variable $data
in APPPATH\Controllers\Home.php on line 36.
 1 APPPATH\Controllers\Home.php(36): CodeIgniter\Debug\Exceptions->errorHandler(2, 'Undefined variable $data', 'APPPATH\\Controllers\\Home.php', 36)
 2 SYSTEMPATH\CodeIgniter.php(927): App\Controllers\Home->index()
 3 SYSTEMPATH\CodeIgniter.php(482): CodeIgniter\CodeIgniter->runController(Object(App\Controllers\Home))
 4 SYSTEMPATH\CodeIgniter.php(351): CodeIgniter\CodeIgniter->handleRequest(null, Object(Config\Cache), false)
 5 FCPATH\index.php(87): CodeIgniter\CodeIgniter->run()
 6 SYSTEMPATH\Commands\Server\rewrite.php(46): require_once('FCPATH\\index.php')
CRITICAL - 2023-12-18 03:03:13 --> Undefined array key "title1"
in APPPATH\Views\landingpage.php on line 50.
 1 APPPATH\Views\landingpage.php(50): CodeIgniter\Debug\Exceptions->errorHandler(2, 'Undefined array key "title1"', 'APPPATH\\Views\\landingpage.php', 50)
 2 SYSTEMPATH\View\View.php(213): include('APPPATH\\Views\\landingpage.php')
 3 SYSTEMPATH\View\View.php(216): CodeIgniter\View\View->CodeIgniter\View\{closure}()
 4 SYSTEMPATH\Common.php(1134): CodeIgniter\View\View->render('landingpage', [], true)
 5 APPPATH\Controllers\Home.php(36): view('landingpage', [...])
 6 SYSTEMPATH\CodeIgniter.php(927): App\Controllers\Home->index()
 7 SYSTEMPATH\CodeIgniter.php(482): CodeIgniter\CodeIgniter->runController(Object(App\Controllers\Home))
 8 SYSTEMPATH\CodeIgniter.php(351): CodeIgniter\CodeIgniter->handleRequest(null, Object(Config\Cache), false)
 9 FCPATH\index.php(87): CodeIgniter\CodeIgniter->run()
10 SYSTEMPATH\Commands\Server\rewrite.php(46): require_once('FCPATH\\index.php')
CRITICAL - 2023-12-18 03:10:35 --> Undefined variable $layer1_titles
in APPPATH\Views\landingpage.php on line 50.
 1 APPPATH\Views\landingpage.php(50): CodeIgniter\Debug\Exceptions->errorHandler(2, 'Undefined variable $layer1_titles', 'APPPATH\\Views\\landingpage.php', 50)
 2 SYSTEMPATH\View\View.php(213): include('APPPATH\\Views\\landingpage.php')
 3 SYSTEMPATH\View\View.php(216): CodeIgniter\View\View->CodeIgniter\View\{closure}()
 4 SYSTEMPATH\Common.php(1134): CodeIgniter\View\View->render('landingpage', [], true)
 5 APPPATH\Controllers\Home.php(31): view('landingpage', [...])
 6 SYSTEMPATH\CodeIgniter.php(927): App\Controllers\Home->index()
 7 SYSTEMPATH\CodeIgniter.php(482): CodeIgniter\CodeIgniter->runController(Object(App\Controllers\Home))
 8 SYSTEMPATH\CodeIgniter.php(351): CodeIgniter\CodeIgniter->handleRequest(null, Object(Config\Cache), false)
 9 FCPATH\index.php(87): CodeIgniter\CodeIgniter->run()
10 SYSTEMPATH\Commands\Server\rewrite.php(46): require_once('FCPATH\\index.php')
CRITICAL - 2023-12-18 03:10:37 --> Undefined variable $layer1_titles
in APPPATH\Views\landingpage.php on line 50.
 1 APPPATH\Views\landingpage.php(50): CodeIgniter\Debug\Exceptions->errorHandler(2, 'Undefined variable $layer1_titles', 'APPPATH\\Views\\landingpage.php', 50)
 2 SYSTEMPATH\View\View.php(213): include('APPPATH\\Views\\landingpage.php')
 3 SYSTEMPATH\View\View.php(216): CodeIgniter\View\View->CodeIgniter\View\{closure}()
 4 SYSTEMPATH\Common.php(1134): CodeIgniter\View\View->render('landingpage', [], true)
 5 APPPATH\Controllers\Home.php(31): view('landingpage', [...])
 6 SYSTEMPATH\CodeIgniter.php(927): App\Controllers\Home->index()
 7 SYSTEMPATH\CodeIgniter.php(482): CodeIgniter\CodeIgniter->runController(Object(App\Controllers\Home))
 8 SYSTEMPATH\CodeIgniter.php(351): CodeIgniter\CodeIgniter->handleRequest(null, Object(Config\Cache), false)
 9 FCPATH\index.php(87): CodeIgniter\CodeIgniter->run()
10 SYSTEMPATH\Commands\Server\rewrite.php(46): require_once('FCPATH\\index.php')
CRITICAL - 2023-12-18 03:19:44 --> Undefined variable $layer1_titles
in APPPATH\Views\layer1\images.php on line 171.
 1 APPPATH\Views\layer1\images.php(171): CodeIgniter\Debug\Exceptions->errorHandler(2, 'Undefined variable $layer1_titles', 'APPPATH\\Views\\layer1\\images.php', 171)
 2 SYSTEMPATH\View\View.php(213): include('APPPATH\\Views\\layer1\\images.php')
 3 SYSTEMPATH\View\View.php(216): CodeIgniter\View\View->CodeIgniter\View\{closure}()
 4 SYSTEMPATH\Common.php(1134): CodeIgniter\View\View->render('layer1/images', [], true)
 5 APPPATH\Controllers\Home.php(228): view('layer1/images', [...])
 6 SYSTEMPATH\CodeIgniter.php(927): App\Controllers\Home->layer1_images()
 7 SYSTEMPATH\CodeIgniter.php(482): CodeIgniter\CodeIgniter->runController(Object(App\Controllers\Home))
 8 SYSTEMPATH\CodeIgniter.php(351): CodeIgniter\CodeIgniter->handleRequest(null, Object(Config\Cache), false)
 9 FCPATH\index.php(87): CodeIgniter\CodeIgniter->run()
10 SYSTEMPATH\Commands\Server\rewrite.php(46): require_once('FCPATH\\index.php')
CRITICAL - 2023-12-18 03:28:48 --> Undefined array key "images"
in APPPATH\Views\layer1\images.php on line 198.
 1 APPPATH\Views\layer1\images.php(198): CodeIgniter\Debug\Exceptions->errorHandler(2, 'Undefined array key "images"', 'APPPATH\\Views\\layer1\\images.php', 198)
 2 SYSTEMPATH\View\View.php(213): include('APPPATH\\Views\\layer1\\images.php')
 3 SYSTEMPATH\View\View.php(216): CodeIgniter\View\View->CodeIgniter\View\{closure}()
 4 SYSTEMPATH\Common.php(1134): CodeIgniter\View\View->render('layer1/images', [], true)
 5 APPPATH\Controllers\Home.php(228): view('layer1/images', [...])
 6 SYSTEMPATH\CodeIgniter.php(927): App\Controllers\Home->layer1_images()
 7 SYSTEMPATH\CodeIgniter.php(482): CodeIgniter\CodeIgniter->runController(Object(App\Controllers\Home))
 8 SYSTEMPATH\CodeIgniter.php(351): CodeIgniter\CodeIgniter->handleRequest(null, Object(Config\Cache), false)
 9 FCPATH\index.php(87): CodeIgniter\CodeIgniter->run()
10 SYSTEMPATH\Commands\Server\rewrite.php(46): require_once('FCPATH\\index.php')
CRITICAL - 2023-12-18 03:29:03 --> Undefined array key "images"
in APPPATH\Views\layer1\images.php on line 198.
 1 APPPATH\Views\layer1\images.php(198): CodeIgniter\Debug\Exceptions->errorHandler(2, 'Undefined array key "images"', 'APPPATH\\Views\\layer1\\images.php', 198)
 2 SYSTEMPATH\View\View.php(213): include('APPPATH\\Views\\layer1\\images.php')
 3 SYSTEMPATH\View\View.php(216): CodeIgniter\View\View->CodeIgniter\View\{closure}()
 4 SYSTEMPATH\Common.php(1134): CodeIgniter\View\View->render('layer1/images', [], true)
 5 APPPATH\Controllers\Home.php(228): view('layer1/images', [...])
 6 SYSTEMPATH\CodeIgniter.php(927): App\Controllers\Home->layer1_images()
 7 SYSTEMPATH\CodeIgniter.php(482): CodeIgniter\CodeIgniter->runController(Object(App\Controllers\Home))
 8 SYSTEMPATH\CodeIgniter.php(351): CodeIgniter\CodeIgniter->handleRequest(null, Object(Config\Cache), false)
 9 FCPATH\index.php(87): CodeIgniter\CodeIgniter->run()
10 SYSTEMPATH\Commands\Server\rewrite.php(46): require_once('FCPATH\\index.php')
CRITICAL - 2023-12-18 03:29:07 --> Undefined array key "images"
in APPPATH\Views\layer1\images.php on line 198.
 1 APPPATH\Views\layer1\images.php(198): CodeIgniter\Debug\Exceptions->errorHandler(2, 'Undefined array key "images"', 'APPPATH\\Views\\layer1\\images.php', 198)
 2 SYSTEMPATH\View\View.php(213): include('APPPATH\\Views\\layer1\\images.php')
 3 SYSTEMPATH\View\View.php(216): CodeIgniter\View\View->CodeIgniter\View\{closure}()
 4 SYSTEMPATH\Common.php(1134): CodeIgniter\View\View->render('layer1/images', [], true)
 5 APPPATH\Controllers\Home.php(228): view('layer1/images', [...])
 6 SYSTEMPATH\CodeIgniter.php(927): App\Controllers\Home->layer1_images()
 7 SYSTEMPATH\CodeIgniter.php(482): CodeIgniter\CodeIgniter->runController(Object(App\Controllers\Home))
 8 SYSTEMPATH\CodeIgniter.php(351): CodeIgniter\CodeIgniter->handleRequest(null, Object(Config\Cache), false)
 9 FCPATH\index.php(87): CodeIgniter\CodeIgniter->run()
10 SYSTEMPATH\Commands\Server\rewrite.php(46): require_once('FCPATH\\index.php')
CRITICAL - 2023-12-18 03:29:09 --> Undefined array key "images"
in APPPATH\Views\layer1\images.php on line 198.
 1 APPPATH\Views\layer1\images.php(198): CodeIgniter\Debug\Exceptions->errorHandler(2, 'Undefined array key "images"', 'APPPATH\\Views\\layer1\\images.php', 198)
 2 SYSTEMPATH\View\View.php(213): include('APPPATH\\Views\\layer1\\images.php')
 3 SYSTEMPATH\View\View.php(216): CodeIgniter\View\View->CodeIgniter\View\{closure}()
 4 SYSTEMPATH\Common.php(1134): CodeIgniter\View\View->render('layer1/images', [], true)
 5 APPPATH\Controllers\Home.php(228): view('layer1/images', [...])
 6 SYSTEMPATH\CodeIgniter.php(927): App\Controllers\Home->layer1_images()
 7 SYSTEMPATH\CodeIgniter.php(482): CodeIgniter\CodeIgniter->runController(Object(App\Controllers\Home))
 8 SYSTEMPATH\CodeIgniter.php(351): CodeIgniter\CodeIgniter->handleRequest(null, Object(Config\Cache), false)
 9 FCPATH\index.php(87): CodeIgniter\CodeIgniter->run()
10 SYSTEMPATH\Commands\Server\rewrite.php(46): require_once('FCPATH\\index.php')
CRITICAL - 2023-12-18 03:47:35 --> Undefined variable $stocks_image
in APPPATH\Controllers\Home.php on line 285.
 1 APPPATH\Controllers\Home.php(285): CodeIgniter\Debug\Exceptions->errorHandler(2, 'Undefined variable $stocks_image', 'APPPATH\\Controllers\\Home.php', 285)
 2 SYSTEMPATH\CodeIgniter.php(927): App\Controllers\Home->edit_layer1_images('3')
 3 SYSTEMPATH\CodeIgniter.php(482): CodeIgniter\CodeIgniter->runController(Object(App\Controllers\Home))
 4 SYSTEMPATH\CodeIgniter.php(351): CodeIgniter\CodeIgniter->handleRequest(null, Object(Config\Cache), false)
 5 FCPATH\index.php(87): CodeIgniter\CodeIgniter->run()
 6 SYSTEMPATH\Commands\Server\rewrite.php(46): require_once('FCPATH\\index.php')
CRITICAL - 2023-12-18 03:48:29 --> Call to a member function update() on array
in APPPATH\Controllers\Home.php on line 301.
 1 SYSTEMPATH\CodeIgniter.php(927): App\Controllers\Home->edit_layer1_images('3')
 2 SYSTEMPATH\CodeIgniter.php(482): CodeIgniter\CodeIgniter->runController(Object(App\Controllers\Home))
 3 SYSTEMPATH\CodeIgniter.php(351): CodeIgniter\CodeIgniter->handleRequest(null, Object(Config\Cache), false)
 4 FCPATH\index.php(87): CodeIgniter\CodeIgniter->run()
 5 SYSTEMPATH\Commands\Server\rewrite.php(46): require_once('FCPATH\\index.php')
