CRITICAL - 2024-05-10 01:49:37 --> Undefined variable $count_cpu
in APPPATH/Views/admin/dashboard.php on line 195.
 1 APPPATH/Views/admin/dashboard.php(195): CodeIgniter\Debug\Exceptions->errorHandler(2, 'Undefined variable $count_cpu', 'APPPATH/Views/admin/dashboard.php', 195)
 2 SYSTEMPATH/View/View.php(213): include('APPPATH/Views/admin/dashboard.php')
 3 SYSTEMPATH/View/View.php(216): CodeIgniter\View\View->CodeIgniter\View\{closure}()
 4 SYSTEMPATH/Common.php(1134): CodeIgniter\View\View->render('admin/dashboard', [], true)
 5 APPPATH/Controllers/Home.php(136): view('admin/dashboard', [...])
 6 SYSTEMPATH/CodeIgniter.php(927): App\Controllers\Home->dashboard()
 7 SYSTEMPATH/CodeIgniter.php(482): CodeIgniter\CodeIgniter->runController(Object(App\Controllers\Home))
 8 SYSTEMPATH/CodeIgniter.php(351): CodeIgniter\CodeIgniter->handleRequest(null, Object(Config\Cache), false)
 9 FCPATH/index.php(87): CodeIgniter\CodeIgniter->run()
ERROR - 2024-05-10 02:49:52 --> mysqli_sql_exception: Unknown column 'monitor_equip_id' in 'order clause' in /home1/tamtechh/public_html/inventory/system/Database/MySQLi/Connection.php:292
Stack trace:
#0 /home1/tamtechh/public_html/inventory/system/Database/MySQLi/Connection.php(292): mysqli->query('SELECT *\nFROM `...', 0)
#1 /home1/tamtechh/public_html/inventory/system/Database/BaseConnection.php(666): CodeIgniter\Database\MySQLi\Connection->execute('SELECT *\nFROM `...')
#2 /home1/tamtechh/public_html/inventory/system/Database/BaseConnection.php(593): CodeIgniter\Database\BaseConnection->simpleQuery('SELECT *\nFROM `...')
#3 /home1/tamtechh/public_html/inventory/system/Database/BaseBuilder.php(1585): CodeIgniter\Database\BaseConnection->query('SELECT *\nFROM `...', Array, false)
#4 /home1/tamtechh/public_html/inventory/system/Model.php(223): CodeIgniter\Database\BaseBuilder->get()
#5 /home1/tamtechh/public_html/inventory/system/BaseModel.php(585): CodeIgniter\Model->doFindAll(0, 0)
#6 /home1/tamtechh/public_html/inventory/app/Controllers/Home.php(351): CodeIgniter\BaseModel->findAll()
#7 /home1/tamtechh/public_html/inventory/system/CodeIgniter.php(927): App\Controllers\Home->machine_list()
#8 /home1/tamtechh/public_html/inventory/system/CodeIgniter.php(482): CodeIgniter\CodeIgniter->runController(Object(App\Controllers\Home))
#9 /home1/tamtechh/public_html/inventory/system/CodeIgniter.php(351): CodeIgniter\CodeIgniter->handleRequest(NULL, Object(Config\Cache), false)
#10 /home1/tamtechh/public_html/inventory/public/index.php(87): CodeIgniter\CodeIgniter->run()
#11 {main}
CRITICAL - 2024-05-10 02:49:52 --> Unknown column 'monitor_equip_id' in 'order clause'
in SYSTEMPATH/Database/MySQLi/Connection.php on line 292.
 1 SYSTEMPATH/Database/MySQLi/Connection.php(292): mysqli->query('SELECT *
FROM `agent_list`
WHERE `status` = \'Active\'
ORDER BY `monitor_equip_id` ASC', 0)
 2 SYSTEMPATH/Database/BaseConnection.php(666): CodeIgniter\Database\MySQLi\Connection->execute('SELECT *
FROM `agent_list`
WHERE `status` = \'Active\'
ORDER BY `monitor_equip_id` ASC')
 3 SYSTEMPATH/Database/BaseConnection.php(593): CodeIgniter\Database\BaseConnection->simpleQuery('SELECT *
FROM `agent_list`
WHERE `status` = \'Active\'
ORDER BY `monitor_equip_id` ASC')
 4 SYSTEMPATH/Database/BaseBuilder.php(1585): CodeIgniter\Database\BaseConnection->query('SELECT *
FROM `agent_list`
WHERE `status` = :status:
ORDER BY `monitor_equip_id` ASC', [...], false)
 5 SYSTEMPATH/Model.php(223): CodeIgniter\Database\BaseBuilder->get()
 6 SYSTEMPATH/BaseModel.php(585): CodeIgniter\Model->doFindAll(0, 0)
 7 APPPATH/Controllers/Home.php(351): CodeIgniter\BaseModel->findAll()
 8 SYSTEMPATH/CodeIgniter.php(927): App\Controllers\Home->machine_list()
 9 SYSTEMPATH/CodeIgniter.php(482): CodeIgniter\CodeIgniter->runController(Object(App\Controllers\Home))
10 SYSTEMPATH/CodeIgniter.php(351): CodeIgniter\CodeIgniter->handleRequest(null, Object(Config\Cache), false)
11 FCPATH/index.php(87): CodeIgniter\CodeIgniter->run()
CRITICAL - 2024-05-10 02:57:16 --> Array to string conversion
in APPPATH/Controllers/Home.php on line 1502.
 1 APPPATH/Controllers/Home.php(1502): CodeIgniter\Debug\Exceptions->errorHandler(2, 'Array to string conversion', 'APPPATH/Controllers/Home.php', 1502)
 2 SYSTEMPATH/CodeIgniter.php(927): App\Controllers\Home->phone_list()
 3 SYSTEMPATH/CodeIgniter.php(482): CodeIgniter\CodeIgniter->runController(Object(App\Controllers\Home))
 4 SYSTEMPATH/CodeIgniter.php(351): CodeIgniter\CodeIgniter->handleRequest(null, Object(Config\Cache), false)
 5 FCPATH/index.php(87): CodeIgniter\CodeIgniter->run()
ERROR - 2024-05-10 20:50:42 --> mysqli_sql_exception: Column 'agent_fk_id' cannot be null in /home1/tamtechh/public_html/inventory/system/Database/MySQLi/Connection.php:292
Stack trace:
#0 /home1/tamtechh/public_html/inventory/system/Database/MySQLi/Connection.php(292): mysqli->query('INSERT INTO `ag...', 0)
#1 /home1/tamtechh/public_html/inventory/system/Database/BaseConnection.php(666): CodeIgniter\Database\MySQLi\Connection->execute('INSERT INTO `ag...')
#2 /home1/tamtechh/public_html/inventory/system/Database/BaseConnection.php(593): CodeIgniter\Database\BaseConnection->simpleQuery('INSERT INTO `ag...')
#3 /home1/tamtechh/public_html/inventory/system/Database/BaseBuilder.php(1916): CodeIgniter\Database\BaseConnection->query('INSERT INTO `ag...', Array, false)
#4 /home1/tamtechh/public_html/inventory/system/Model.php(279): CodeIgniter\Database\BaseBuilder->insert()
#5 /home1/tamtechh/public_html/inventory/system/BaseModel.php(749): CodeIgniter\Model->doInsert(Array)
#6 /home1/tamtechh/public_html/inventory/system/Model.php(667): CodeIgniter\BaseModel->insert(Array, true)
#7 /home1/tamtechh/public_html/inventory/app/Controllers/Home.php(2832): CodeIgniter\Model->insert(Array)
#8 /home1/tamtechh/public_html/inventory/system/CodeIgniter.php(927): App\Controllers\Home->fileUpload()
#9 /home1/tamtechh/public_html/inventory/system/CodeIgniter.php(482): CodeIgniter\CodeIgniter->runController(Object(App\Controllers\Home))
#10 /home1/tamtechh/public_html/inventory/system/CodeIgniter.php(351): CodeIgniter\CodeIgniter->handleRequest(NULL, Object(Config\Cache), false)
#11 /home1/tamtechh/public_html/inventory/public/index.php(87): CodeIgniter\CodeIgniter->run()
#12 {main}
CRITICAL - 2024-05-10 20:50:42 --> Column 'agent_fk_id' cannot be null
in SYSTEMPATH/Database/MySQLi/Connection.php on line 292.
 1 SYSTEMPATH/Database/MySQLi/Connection.php(292): mysqli->query('INSERT INTO `agent_documents` (`upload_files`, `agent_fk_id`) VALUES (\'EBITUINS.pdf\', NULL)', 0)
 2 SYSTEMPATH/Database/BaseConnection.php(666): CodeIgniter\Database\MySQLi\Connection->execute('INSERT INTO `agent_documents` (`upload_files`, `agent_fk_id`) VALUES (\'EBITUINS.pdf\', NULL)')
 3 SYSTEMPATH/Database/BaseConnection.php(593): CodeIgniter\Database\BaseConnection->simpleQuery('INSERT INTO `agent_documents` (`upload_files`, `agent_fk_id`) VALUES (\'EBITUINS.pdf\', NULL)')
 4 SYSTEMPATH/Database/BaseBuilder.php(1916): CodeIgniter\Database\BaseConnection->query('INSERT INTO `agent_documents` (`upload_files`, `agent_fk_id`) VALUES (:upload_files:, :agent_fk_id:)', [...], false)
 5 SYSTEMPATH/Model.php(279): CodeIgniter\Database\BaseBuilder->insert()
 6 SYSTEMPATH/BaseModel.php(749): CodeIgniter\Model->doInsert([...])
 7 SYSTEMPATH/Model.php(667): CodeIgniter\BaseModel->insert([...], true)
 8 APPPATH/Controllers/Home.php(2832): CodeIgniter\Model->insert([...])
 9 SYSTEMPATH/CodeIgniter.php(927): App\Controllers\Home->fileUpload()
10 SYSTEMPATH/CodeIgniter.php(482): CodeIgniter\CodeIgniter->runController(Object(App\Controllers\Home))
11 SYSTEMPATH/CodeIgniter.php(351): CodeIgniter\CodeIgniter->handleRequest(null, Object(Config\Cache), false)
12 FCPATH/index.php(87): CodeIgniter\CodeIgniter->run()
CRITICAL - 2024-05-10 21:17:28 --> Call to undefined function App\Controllers\delete_files()
in APPPATH/Controllers/Home.php on line 263.
 1 SYSTEMPATH/CodeIgniter.php(927): App\Controllers\Home->delete_agents('66')
 2 SYSTEMPATH/CodeIgniter.php(482): CodeIgniter\CodeIgniter->runController(Object(App\Controllers\Home))
 3 SYSTEMPATH/CodeIgniter.php(351): CodeIgniter\CodeIgniter->handleRequest(null, Object(Config\Cache), false)
 4 FCPATH/index.php(87): CodeIgniter\CodeIgniter->run()
CRITICAL - 2024-05-10 21:19:15 --> Class "App\Controllers\AgentModel" not found
in APPPATH/Controllers/Home.php on line 252.
 1 SYSTEMPATH/CodeIgniter.php(927): App\Controllers\Home->delete_agents('66')
 2 SYSTEMPATH/CodeIgniter.php(482): CodeIgniter\CodeIgniter->runController(Object(App\Controllers\Home))
 3 SYSTEMPATH/CodeIgniter.php(351): CodeIgniter\CodeIgniter->handleRequest(null, Object(Config\Cache), false)
 4 FCPATH/index.php(87): CodeIgniter\CodeIgniter->run()
CRITICAL - 2024-05-10 21:22:12 --> Class "App\Controllers\File" not found
in APPPATH/Controllers/Home.php on line 265.
 1 SYSTEMPATH/CodeIgniter.php(927): App\Controllers\Home->delete_agents('67')
 2 SYSTEMPATH/CodeIgniter.php(482): CodeIgniter\CodeIgniter->runController(Object(App\Controllers\Home))
 3 SYSTEMPATH/CodeIgniter.php(351): CodeIgniter\CodeIgniter->handleRequest(null, Object(Config\Cache), false)
 4 FCPATH/index.php(87): CodeIgniter\CodeIgniter->run()
CRITICAL - 2024-05-10 21:23:50 --> Call to undefined method CodeIgniter\Files\File::deleteDirectory()
in APPPATH/Controllers/Home.php on line 267.
 1 SYSTEMPATH/CodeIgniter.php(927): App\Controllers\Home->delete_agents('67')
 2 SYSTEMPATH/CodeIgniter.php(482): CodeIgniter\CodeIgniter->runController(Object(App\Controllers\Home))
 3 SYSTEMPATH/CodeIgniter.php(351): CodeIgniter\CodeIgniter->handleRequest(null, Object(Config\Cache), false)
 4 FCPATH/index.php(87): CodeIgniter\CodeIgniter->run()
CRITICAL - 2024-05-10 21:24:47 --> Call to undefined function App\Controllers\delete_directory()
in APPPATH/Controllers/Home.php on line 269.
 1 SYSTEMPATH/CodeIgniter.php(927): App\Controllers\Home->delete_agents('67')
 2 SYSTEMPATH/CodeIgniter.php(482): CodeIgniter\CodeIgniter->runController(Object(App\Controllers\Home))
 3 SYSTEMPATH/CodeIgniter.php(351): CodeIgniter\CodeIgniter->handleRequest(null, Object(Config\Cache), false)
 4 FCPATH/index.php(87): CodeIgniter\CodeIgniter->run()
CRITICAL - 2024-05-10 21:26:19 --> Call to undefined function App\Controllers\delete_files()
in APPPATH/Controllers/Home.php on line 269.
 1 SYSTEMPATH/CodeIgniter.php(927): App\Controllers\Home->delete_agents('67')
 2 SYSTEMPATH/CodeIgniter.php(482): CodeIgniter\CodeIgniter->runController(Object(App\Controllers\Home))
 3 SYSTEMPATH/CodeIgniter.php(351): CodeIgniter\CodeIgniter->handleRequest(null, Object(Config\Cache), false)
 4 FCPATH/index.php(87): CodeIgniter\CodeIgniter->run()
CRITICAL - 2024-05-10 21:28:04 --> unlink(/home1/tamtechh/public_html/inventory/public/userFiles/67): Is a directory
in APPPATH/Controllers/Home.php on line 267.
 1 [internal function]: CodeIgniter\Debug\Exceptions->errorHandler(2, 'unlink(/home1/tamtechh/public_html/inventory/public/userFiles/67): Is a directory', 'APPPATH/Controllers/Home.php', 267)
 2 APPPATH/Controllers/Home.php(267): unlink('FCPATH/userFiles/67')
 3 SYSTEMPATH/CodeIgniter.php(927): App\Controllers\Home->delete_agents('67')
 4 SYSTEMPATH/CodeIgniter.php(482): CodeIgniter\CodeIgniter->runController(Object(App\Controllers\Home))
 5 SYSTEMPATH/CodeIgniter.php(351): CodeIgniter\CodeIgniter->handleRequest(null, Object(Config\Cache), false)
 6 FCPATH/index.php(87): CodeIgniter\CodeIgniter->run()
CRITICAL - 2024-05-10 21:29:18 --> Call to undefined function App\Controllers\delete_files()
in APPPATH/Controllers/Home.php on line 269.
 1 SYSTEMPATH/CodeIgniter.php(927): App\Controllers\Home->delete_agents('67')
 2 SYSTEMPATH/CodeIgniter.php(482): CodeIgniter\CodeIgniter->runController(Object(App\Controllers\Home))
 3 SYSTEMPATH/CodeIgniter.php(351): CodeIgniter\CodeIgniter->handleRequest(null, Object(Config\Cache), false)
 4 FCPATH/index.php(87): CodeIgniter\CodeIgniter->run()
