CRITICAL - 2024-05-03 00:09:12 --> Undefined array key "totalngovertimePay"
in APPPATH\Views\payroll\payslip.php on line 284.
 1 APPPATH\Views\payroll\payslip.php(284): CodeIgniter\Debug\Exceptions->errorHandler(2, 'Undefined array key "totalngovertimePay"', 'APPPATH\\Views\\payroll\\payslip.php', 284)
 2 SYSTEMPATH\View\View.php(213): include('APPPATH\\Views\\payroll\\payslip.php')
 3 SYSTEMPATH\View\View.php(216): CodeIgniter\View\View->CodeIgniter\View\{closure}()
 4 SYSTEMPATH\Common.php(1134): CodeIgniter\View\View->render('payroll/payslip', [], true)
 5 APPPATH\Controllers\Payroll.php(613): view('payroll/payslip', [...])
 6 SYSTEMPATH\CodeIgniter.php(927): App\Controllers\Payroll->generatePayslip()
 7 SYSTEMPATH\CodeIgniter.php(482): CodeIgniter\CodeIgniter->runController(Object(App\Controllers\Payroll))
 8 SYSTEMPATH\CodeIgniter.php(351): CodeIgniter\CodeIgniter->handleRequest(null, Object(Config\Cache), false)
 9 FCPATH\index.php(87): CodeIgniter\CodeIgniter->run()
10 SYSTEMPATH\Commands\Server\rewrite.php(46): require_once('FCPATH\\index.php')
CRITICAL - 2024-05-03 00:11:13 --> Undefined variable $row
in APPPATH\Views\payroll\payslip.php on line 284.
 1 APPPATH\Views\payroll\payslip.php(284): CodeIgniter\Debug\Exceptions->errorHandler(2, 'Undefined variable $row', 'APPPATH\\Views\\payroll\\payslip.php', 284)
 2 SYSTEMPATH\View\View.php(213): include('APPPATH\\Views\\payroll\\payslip.php')
 3 SYSTEMPATH\View\View.php(216): CodeIgniter\View\View->CodeIgniter\View\{closure}()
 4 SYSTEMPATH\Common.php(1134): CodeIgniter\View\View->render('payroll/payslip', [], true)
 5 APPPATH\Controllers\Payroll.php(613): view('payroll/payslip', [...])
 6 SYSTEMPATH\CodeIgniter.php(927): App\Controllers\Payroll->generatePayslip()
 7 SYSTEMPATH\CodeIgniter.php(482): CodeIgniter\CodeIgniter->runController(Object(App\Controllers\Payroll))
 8 SYSTEMPATH\CodeIgniter.php(351): CodeIgniter\CodeIgniter->handleRequest(null, Object(Config\Cache), false)
 9 FCPATH\index.php(87): CodeIgniter\CodeIgniter->run()
10 SYSTEMPATH\Commands\Server\rewrite.php(46): require_once('FCPATH\\index.php')
CRITICAL - 2024-05-03 00:12:29 --> Undefined variable $row
in APPPATH\Views\payroll\payslip.php on line 284.
 1 APPPATH\Views\payroll\payslip.php(284): CodeIgniter\Debug\Exceptions->errorHandler(2, 'Undefined variable $row', 'APPPATH\\Views\\payroll\\payslip.php', 284)
 2 SYSTEMPATH\View\View.php(213): include('APPPATH\\Views\\payroll\\payslip.php')
 3 SYSTEMPATH\View\View.php(216): CodeIgniter\View\View->CodeIgniter\View\{closure}()
 4 SYSTEMPATH\Common.php(1134): CodeIgniter\View\View->render('payroll/payslip', [], true)
 5 APPPATH\Controllers\Payroll.php(613): view('payroll/payslip', [...])
 6 SYSTEMPATH\CodeIgniter.php(927): App\Controllers\Payroll->generatePayslip()
 7 SYSTEMPATH\CodeIgniter.php(482): CodeIgniter\CodeIgniter->runController(Object(App\Controllers\Payroll))
 8 SYSTEMPATH\CodeIgniter.php(351): CodeIgniter\CodeIgniter->handleRequest(null, Object(Config\Cache), false)
 9 FCPATH\index.php(87): CodeIgniter\CodeIgniter->run()
10 SYSTEMPATH\Commands\Server\rewrite.php(46): require_once('FCPATH\\index.php')
CRITICAL - 2024-05-03 00:12:31 --> Undefined variable $row
in APPPATH\Views\payroll\payslip.php on line 284.
 1 APPPATH\Views\payroll\payslip.php(284): CodeIgniter\Debug\Exceptions->errorHandler(2, 'Undefined variable $row', 'APPPATH\\Views\\payroll\\payslip.php', 284)
 2 SYSTEMPATH\View\View.php(213): include('APPPATH\\Views\\payroll\\payslip.php')
 3 SYSTEMPATH\View\View.php(216): CodeIgniter\View\View->CodeIgniter\View\{closure}()
 4 SYSTEMPATH\Common.php(1134): CodeIgniter\View\View->render('payroll/payslip', [], true)
 5 APPPATH\Controllers\Payroll.php(613): view('payroll/payslip', [...])
 6 SYSTEMPATH\CodeIgniter.php(927): App\Controllers\Payroll->generatePayslip()
 7 SYSTEMPATH\CodeIgniter.php(482): CodeIgniter\CodeIgniter->runController(Object(App\Controllers\Payroll))
 8 SYSTEMPATH\CodeIgniter.php(351): CodeIgniter\CodeIgniter->handleRequest(null, Object(Config\Cache), false)
 9 FCPATH\index.php(87): CodeIgniter\CodeIgniter->run()
10 SYSTEMPATH\Commands\Server\rewrite.php(46): require_once('FCPATH\\index.php')
CRITICAL - 2024-05-03 00:13:35 --> Undefined variable $row
in APPPATH\Views\payroll\payslip.php on line 284.
 1 APPPATH\Views\payroll\payslip.php(284): CodeIgniter\Debug\Exceptions->errorHandler(2, 'Undefined variable $row', 'APPPATH\\Views\\payroll\\payslip.php', 284)
 2 SYSTEMPATH\View\View.php(213): include('APPPATH\\Views\\payroll\\payslip.php')
 3 SYSTEMPATH\View\View.php(216): CodeIgniter\View\View->CodeIgniter\View\{closure}()
 4 SYSTEMPATH\Common.php(1134): CodeIgniter\View\View->render('payroll/payslip', [], true)
 5 APPPATH\Controllers\Payroll.php(613): view('payroll/payslip', [...])
 6 SYSTEMPATH\CodeIgniter.php(927): App\Controllers\Payroll->generatePayslip()
 7 SYSTEMPATH\CodeIgniter.php(482): CodeIgniter\CodeIgniter->runController(Object(App\Controllers\Payroll))
 8 SYSTEMPATH\CodeIgniter.php(351): CodeIgniter\CodeIgniter->handleRequest(null, Object(Config\Cache), false)
 9 FCPATH\index.php(87): CodeIgniter\CodeIgniter->run()
10 SYSTEMPATH\Commands\Server\rewrite.php(46): require_once('FCPATH\\index.php')
CRITICAL - 2024-05-03 00:13:43 --> Undefined array key "date_of_leave"
in APPPATH\Views\payroll\payslip.php on line 316.
 1 APPPATH\Views\payroll\payslip.php(316): CodeIgniter\Debug\Exceptions->errorHandler(2, 'Undefined array key "date_of_leave"', 'APPPATH\\Views\\payroll\\payslip.php', 316)
 2 [internal function]: CodeIgniter\View\View->{closure}([...], [...])
 3 APPPATH\Views\payroll\payslip.php(317): usort([...], Object(Closure))
 4 SYSTEMPATH\View\View.php(213): include('APPPATH\\Views\\payroll\\payslip.php')
 5 SYSTEMPATH\View\View.php(216): CodeIgniter\View\View->CodeIgniter\View\{closure}()
 6 SYSTEMPATH\Common.php(1134): CodeIgniter\View\View->render('payroll/payslip', [], true)
 7 APPPATH\Controllers\Payroll.php(613): view('payroll/payslip', [...])
 8 SYSTEMPATH\CodeIgniter.php(927): App\Controllers\Payroll->generatePayslip()
 9 SYSTEMPATH\CodeIgniter.php(482): CodeIgniter\CodeIgniter->runController(Object(App\Controllers\Payroll))
10 SYSTEMPATH\CodeIgniter.php(351): CodeIgniter\CodeIgniter->handleRequest(null, Object(Config\Cache), false)
11 FCPATH\index.php(87): CodeIgniter\CodeIgniter->run()
12 SYSTEMPATH\Commands\Server\rewrite.php(46): require_once('FCPATH\\index.php')
CRITICAL - 2024-05-03 00:24:40 --> Trying to access array offset on value of type int
in APPPATH\Views\payroll\payslip.php on line 270.
 1 APPPATH\Views\payroll\payslip.php(270): CodeIgniter\Debug\Exceptions->errorHandler(2, 'Trying to access array offset on value of type int', 'APPPATH\\Views\\payroll\\payslip.php', 270)
 2 [internal function]: CodeIgniter\View\View->{closure}(500, 310)
 3 APPPATH\Views\payroll\payslip.php(271): usort([...], Object(Closure))
 4 SYSTEMPATH\View\View.php(213): include('APPPATH\\Views\\payroll\\payslip.php')
 5 SYSTEMPATH\View\View.php(216): CodeIgniter\View\View->CodeIgniter\View\{closure}()
 6 SYSTEMPATH\Common.php(1134): CodeIgniter\View\View->render('payroll/payslip', [], true)
 7 APPPATH\Controllers\Payroll.php(613): view('payroll/payslip', [...])
 8 SYSTEMPATH\CodeIgniter.php(927): App\Controllers\Payroll->generatePayslip()
 9 SYSTEMPATH\CodeIgniter.php(482): CodeIgniter\CodeIgniter->runController(Object(App\Controllers\Payroll))
10 SYSTEMPATH\CodeIgniter.php(351): CodeIgniter\CodeIgniter->handleRequest(null, Object(Config\Cache), false)
11 FCPATH\index.php(87): CodeIgniter\CodeIgniter->run()
12 SYSTEMPATH\Commands\Server\rewrite.php(46): require_once('FCPATH\\index.php')
CRITICAL - 2024-05-03 00:25:27 --> Trying to access array offset on value of type int
in APPPATH\Views\payroll\payslip.php on line 270.
 1 APPPATH\Views\payroll\payslip.php(270): CodeIgniter\Debug\Exceptions->errorHandler(2, 'Trying to access array offset on value of type int', 'APPPATH\\Views\\payroll\\payslip.php', 270)
 2 [internal function]: CodeIgniter\View\View->{closure}(500, 310)
 3 APPPATH\Views\payroll\payslip.php(271): usort([...], Object(Closure))
 4 SYSTEMPATH\View\View.php(213): include('APPPATH\\Views\\payroll\\payslip.php')
 5 SYSTEMPATH\View\View.php(216): CodeIgniter\View\View->CodeIgniter\View\{closure}()
 6 SYSTEMPATH\Common.php(1134): CodeIgniter\View\View->render('payroll/payslip', [], true)
 7 APPPATH\Controllers\Payroll.php(613): view('payroll/payslip', [...])
 8 SYSTEMPATH\CodeIgniter.php(927): App\Controllers\Payroll->generatePayslip()
 9 SYSTEMPATH\CodeIgniter.php(482): CodeIgniter\CodeIgniter->runController(Object(App\Controllers\Payroll))
10 SYSTEMPATH\CodeIgniter.php(351): CodeIgniter\CodeIgniter->handleRequest(null, Object(Config\Cache), false)
11 FCPATH\index.php(87): CodeIgniter\CodeIgniter->run()
12 SYSTEMPATH\Commands\Server\rewrite.php(46): require_once('FCPATH\\index.php')
CRITICAL - 2024-05-03 01:17:55 --> Undefined array key "updatedOvertimePay"
in APPPATH\Views\payroll\payslip.php on line 287.
 1 APPPATH\Views\payroll\payslip.php(287): CodeIgniter\Debug\Exceptions->errorHandler(2, 'Undefined array key "updatedOvertimePay"', 'APPPATH\\Views\\payroll\\payslip.php', 287)
 2 SYSTEMPATH\View\View.php(213): include('APPPATH\\Views\\payroll\\payslip.php')
 3 SYSTEMPATH\View\View.php(216): CodeIgniter\View\View->CodeIgniter\View\{closure}()
 4 SYSTEMPATH\Common.php(1134): CodeIgniter\View\View->render('payroll/payslip', [], true)
 5 APPPATH\Controllers\Payroll.php(613): view('payroll/payslip', [...])
 6 SYSTEMPATH\CodeIgniter.php(927): App\Controllers\Payroll->generatePayslip()
 7 SYSTEMPATH\CodeIgniter.php(482): CodeIgniter\CodeIgniter->runController(Object(App\Controllers\Payroll))
 8 SYSTEMPATH\CodeIgniter.php(351): CodeIgniter\CodeIgniter->handleRequest(null, Object(Config\Cache), false)
 9 FCPATH\index.php(87): CodeIgniter\CodeIgniter->run()
10 SYSTEMPATH\Commands\Server\rewrite.php(46): require_once('FCPATH\\index.php')
CRITICAL - 2024-05-03 01:18:36 --> Undefined array key "updatedOvertimePay"
in APPPATH\Views\payroll\payslip.php on line 287.
 1 APPPATH\Views\payroll\payslip.php(287): CodeIgniter\Debug\Exceptions->errorHandler(2, 'Undefined array key "updatedOvertimePay"', 'APPPATH\\Views\\payroll\\payslip.php', 287)
 2 SYSTEMPATH\View\View.php(213): include('APPPATH\\Views\\payroll\\payslip.php')
 3 SYSTEMPATH\View\View.php(216): CodeIgniter\View\View->CodeIgniter\View\{closure}()
 4 SYSTEMPATH\Common.php(1134): CodeIgniter\View\View->render('payroll/payslip', [], true)
 5 APPPATH\Controllers\Payroll.php(613): view('payroll/payslip', [...])
 6 SYSTEMPATH\CodeIgniter.php(927): App\Controllers\Payroll->generatePayslip()
 7 SYSTEMPATH\CodeIgniter.php(482): CodeIgniter\CodeIgniter->runController(Object(App\Controllers\Payroll))
 8 SYSTEMPATH\CodeIgniter.php(351): CodeIgniter\CodeIgniter->handleRequest(null, Object(Config\Cache), false)
 9 FCPATH\index.php(87): CodeIgniter\CodeIgniter->run()
10 SYSTEMPATH\Commands\Server\rewrite.php(46): require_once('FCPATH\\index.php')
CRITICAL - 2024-05-03 01:20:18 --> Undefined array key "date"
in APPPATH\Views\payroll\payslip.php on line 273.
 1 APPPATH\Views\payroll\payslip.php(273): CodeIgniter\Debug\Exceptions->errorHandler(2, 'Undefined array key "date"', 'APPPATH\\Views\\payroll\\payslip.php', 273)
 2 [internal function]: CodeIgniter\View\View->{closure}([...], [...])
 3 APPPATH\Views\payroll\payslip.php(274): usort([...], Object(Closure))
 4 SYSTEMPATH\View\View.php(213): include('APPPATH\\Views\\payroll\\payslip.php')
 5 SYSTEMPATH\View\View.php(216): CodeIgniter\View\View->CodeIgniter\View\{closure}()
 6 SYSTEMPATH\Common.php(1134): CodeIgniter\View\View->render('payroll/payslip', [], true)
 7 APPPATH\Controllers\Payroll.php(613): view('payroll/payslip', [...])
 8 SYSTEMPATH\CodeIgniter.php(927): App\Controllers\Payroll->generatePayslip()
 9 SYSTEMPATH\CodeIgniter.php(482): CodeIgniter\CodeIgniter->runController(Object(App\Controllers\Payroll))
10 SYSTEMPATH\CodeIgniter.php(351): CodeIgniter\CodeIgniter->handleRequest(null, Object(Config\Cache), false)
11 FCPATH\index.php(87): CodeIgniter\CodeIgniter->run()
12 SYSTEMPATH\Commands\Server\rewrite.php(46): require_once('FCPATH\\index.php')
CRITICAL - 2024-05-03 01:21:06 --> Undefined array key "updatedOvertimePay"
in APPPATH\Views\payroll\payslip.php on line 279.
 1 APPPATH\Views\payroll\payslip.php(279): CodeIgniter\Debug\Exceptions->errorHandler(2, 'Undefined array key "updatedOvertimePay"', 'APPPATH\\Views\\payroll\\payslip.php', 279)
 2 SYSTEMPATH\View\View.php(213): include('APPPATH\\Views\\payroll\\payslip.php')
 3 SYSTEMPATH\View\View.php(216): CodeIgniter\View\View->CodeIgniter\View\{closure}()
 4 SYSTEMPATH\Common.php(1134): CodeIgniter\View\View->render('payroll/payslip', [], true)
 5 APPPATH\Controllers\Payroll.php(613): view('payroll/payslip', [...])
 6 SYSTEMPATH\CodeIgniter.php(927): App\Controllers\Payroll->generatePayslip()
 7 SYSTEMPATH\CodeIgniter.php(482): CodeIgniter\CodeIgniter->runController(Object(App\Controllers\Payroll))
 8 SYSTEMPATH\CodeIgniter.php(351): CodeIgniter\CodeIgniter->handleRequest(null, Object(Config\Cache), false)
 9 FCPATH\index.php(87): CodeIgniter\CodeIgniter->run()
10 SYSTEMPATH\Commands\Server\rewrite.php(46): require_once('FCPATH\\index.php')
CRITICAL - 2024-05-03 01:30:04 --> Undefined array key "updated_overtime_pay"
in APPPATH\Views\payroll\payslip.php on line 279.
 1 APPPATH\Views\payroll\payslip.php(279): CodeIgniter\Debug\Exceptions->errorHandler(2, 'Undefined array key "updated_overtime_pay"', 'APPPATH\\Views\\payroll\\payslip.php', 279)
 2 SYSTEMPATH\View\View.php(213): include('APPPATH\\Views\\payroll\\payslip.php')
 3 SYSTEMPATH\View\View.php(216): CodeIgniter\View\View->CodeIgniter\View\{closure}()
 4 SYSTEMPATH\Common.php(1134): CodeIgniter\View\View->render('payroll/payslip', [], true)
 5 APPPATH\Controllers\Payroll.php(613): view('payroll/payslip', [...])
 6 SYSTEMPATH\CodeIgniter.php(927): App\Controllers\Payroll->generatePayslip()
 7 SYSTEMPATH\CodeIgniter.php(482): CodeIgniter\CodeIgniter->runController(Object(App\Controllers\Payroll))
 8 SYSTEMPATH\CodeIgniter.php(351): CodeIgniter\CodeIgniter->handleRequest(null, Object(Config\Cache), false)
 9 FCPATH\index.php(87): CodeIgniter\CodeIgniter->run()
10 SYSTEMPATH\Commands\Server\rewrite.php(46): require_once('FCPATH\\index.php')
CRITICAL - 2024-05-03 01:37:35 --> Undefined array key "status"
in APPPATH\Views\payroll\payslip.php on line 279.
 1 APPPATH\Views\payroll\payslip.php(279): CodeIgniter\Debug\Exceptions->errorHandler(2, 'Undefined array key "status"', 'APPPATH\\Views\\payroll\\payslip.php', 279)
 2 SYSTEMPATH\View\View.php(213): include('APPPATH\\Views\\payroll\\payslip.php')
 3 SYSTEMPATH\View\View.php(216): CodeIgniter\View\View->CodeIgniter\View\{closure}()
 4 SYSTEMPATH\Common.php(1134): CodeIgniter\View\View->render('payroll/payslip', [], true)
 5 APPPATH\Controllers\Payroll.php(613): view('payroll/payslip', [...])
 6 SYSTEMPATH\CodeIgniter.php(927): App\Controllers\Payroll->generatePayslip()
 7 SYSTEMPATH\CodeIgniter.php(482): CodeIgniter\CodeIgniter->runController(Object(App\Controllers\Payroll))
 8 SYSTEMPATH\CodeIgniter.php(351): CodeIgniter\CodeIgniter->handleRequest(null, Object(Config\Cache), false)
 9 FCPATH\index.php(87): CodeIgniter\CodeIgniter->run()
10 SYSTEMPATH\Commands\Server\rewrite.php(46): require_once('FCPATH\\index.php')
CRITICAL - 2024-05-03 01:38:51 --> Undefined array key "date"
in APPPATH\Views\payroll\payslip.php on line 273.
 1 APPPATH\Views\payroll\payslip.php(273): CodeIgniter\Debug\Exceptions->errorHandler(2, 'Undefined array key "date"', 'APPPATH\\Views\\payroll\\payslip.php', 273)
 2 [internal function]: CodeIgniter\View\View->{closure}([...], [...])
 3 APPPATH\Views\payroll\payslip.php(274): usort([...], Object(Closure))
 4 SYSTEMPATH\View\View.php(213): include('APPPATH\\Views\\payroll\\payslip.php')
 5 SYSTEMPATH\View\View.php(216): CodeIgniter\View\View->CodeIgniter\View\{closure}()
 6 SYSTEMPATH\Common.php(1134): CodeIgniter\View\View->render('payroll/payslip', [], true)
 7 APPPATH\Controllers\Payroll.php(613): view('payroll/payslip', [...])
 8 SYSTEMPATH\CodeIgniter.php(927): App\Controllers\Payroll->generatePayslip()
 9 SYSTEMPATH\CodeIgniter.php(482): CodeIgniter\CodeIgniter->runController(Object(App\Controllers\Payroll))
10 SYSTEMPATH\CodeIgniter.php(351): CodeIgniter\CodeIgniter->handleRequest(null, Object(Config\Cache), false)
11 FCPATH\index.php(87): CodeIgniter\CodeIgniter->run()
12 SYSTEMPATH\Commands\Server\rewrite.php(46): require_once('FCPATH\\index.php')
CRITICAL - 2024-05-03 01:44:44 --> Undefined array key "ovetimePay"
in APPPATH\Views\payroll\payslip.php on line 287.
 1 APPPATH\Views\payroll\payslip.php(287): CodeIgniter\Debug\Exceptions->errorHandler(2, 'Undefined array key "ovetimePay"', 'APPPATH\\Views\\payroll\\payslip.php', 287)
 2 SYSTEMPATH\View\View.php(213): include('APPPATH\\Views\\payroll\\payslip.php')
 3 SYSTEMPATH\View\View.php(216): CodeIgniter\View\View->CodeIgniter\View\{closure}()
 4 SYSTEMPATH\Common.php(1134): CodeIgniter\View\View->render('payroll/payslip', [], true)
 5 APPPATH\Controllers\Payroll.php(613): view('payroll/payslip', [...])
 6 SYSTEMPATH\CodeIgniter.php(927): App\Controllers\Payroll->generatePayslip()
 7 SYSTEMPATH\CodeIgniter.php(482): CodeIgniter\CodeIgniter->runController(Object(App\Controllers\Payroll))
 8 SYSTEMPATH\CodeIgniter.php(351): CodeIgniter\CodeIgniter->handleRequest(null, Object(Config\Cache), false)
 9 FCPATH\index.php(87): CodeIgniter\CodeIgniter->run()
10 SYSTEMPATH\Commands\Server\rewrite.php(46): require_once('FCPATH\\index.php')
CRITICAL - 2024-05-03 01:55:57 --> Undefined array key "overtimePay"
in APPPATH\Views\payroll\payslip.php on line 287.
 1 APPPATH\Views\payroll\payslip.php(287): CodeIgniter\Debug\Exceptions->errorHandler(2, 'Undefined array key "overtimePay"', 'APPPATH\\Views\\payroll\\payslip.php', 287)
 2 SYSTEMPATH\View\View.php(213): include('APPPATH\\Views\\payroll\\payslip.php')
 3 SYSTEMPATH\View\View.php(216): CodeIgniter\View\View->CodeIgniter\View\{closure}()
 4 SYSTEMPATH\Common.php(1134): CodeIgniter\View\View->render('payroll/payslip', [], true)
 5 APPPATH\Controllers\Payroll.php(613): view('payroll/payslip', [...])
 6 SYSTEMPATH\CodeIgniter.php(927): App\Controllers\Payroll->generatePayslip()
 7 SYSTEMPATH\CodeIgniter.php(482): CodeIgniter\CodeIgniter->runController(Object(App\Controllers\Payroll))
 8 SYSTEMPATH\CodeIgniter.php(351): CodeIgniter\CodeIgniter->handleRequest(null, Object(Config\Cache), false)
 9 FCPATH\index.php(87): CodeIgniter\CodeIgniter->run()
10 SYSTEMPATH\Commands\Server\rewrite.php(46): require_once('FCPATH\\index.php')
CRITICAL - 2024-05-03 05:14:41 --> Undefined array key "chosenDropdown"
in APPPATH\Views\payroll\payslip.php on line 330.
 1 APPPATH\Views\payroll\payslip.php(330): CodeIgniter\Debug\Exceptions->errorHandler(2, 'Undefined array key "chosenDropdown"', 'APPPATH\\Views\\payroll\\payslip.php', 330)
 2 SYSTEMPATH\View\View.php(213): include('APPPATH\\Views\\payroll\\payslip.php')
 3 SYSTEMPATH\View\View.php(216): CodeIgniter\View\View->CodeIgniter\View\{closure}()
 4 SYSTEMPATH\Common.php(1134): CodeIgniter\View\View->render('payroll/payslip', [], true)
 5 APPPATH\Controllers\Payroll.php(613): view('payroll/payslip', [...])
 6 SYSTEMPATH\CodeIgniter.php(927): App\Controllers\Payroll->generatePayslip()
 7 SYSTEMPATH\CodeIgniter.php(482): CodeIgniter\CodeIgniter->runController(Object(App\Controllers\Payroll))
 8 SYSTEMPATH\CodeIgniter.php(351): CodeIgniter\CodeIgniter->handleRequest(null, Object(Config\Cache), false)
 9 FCPATH\index.php(87): CodeIgniter\CodeIgniter->run()
10 SYSTEMPATH\Commands\Server\rewrite.php(46): require_once('FCPATH\\index.php')
CRITICAL - 2024-05-03 05:15:47 --> Undefined array key "chosenDropdown"
in APPPATH\Views\payroll\payslip.php on line 330.
 1 APPPATH\Views\payroll\payslip.php(330): CodeIgniter\Debug\Exceptions->errorHandler(2, 'Undefined array key "chosenDropdown"', 'APPPATH\\Views\\payroll\\payslip.php', 330)
 2 SYSTEMPATH\View\View.php(213): include('APPPATH\\Views\\payroll\\payslip.php')
 3 SYSTEMPATH\View\View.php(216): CodeIgniter\View\View->CodeIgniter\View\{closure}()
 4 SYSTEMPATH\Common.php(1134): CodeIgniter\View\View->render('payroll/payslip', [], true)
 5 APPPATH\Controllers\Payroll.php(613): view('payroll/payslip', [...])
 6 SYSTEMPATH\CodeIgniter.php(927): App\Controllers\Payroll->generatePayslip()
 7 SYSTEMPATH\CodeIgniter.php(482): CodeIgniter\CodeIgniter->runController(Object(App\Controllers\Payroll))
 8 SYSTEMPATH\CodeIgniter.php(351): CodeIgniter\CodeIgniter->handleRequest(null, Object(Config\Cache), false)
 9 FCPATH\index.php(87): CodeIgniter\CodeIgniter->run()
10 SYSTEMPATH\Commands\Server\rewrite.php(46): require_once('FCPATH\\index.php')
CRITICAL - 2024-05-03 05:18:17 --> Undefined array key "totalPay"
in APPPATH\Views\payroll\payslip.php on line 330.
 1 APPPATH\Views\payroll\payslip.php(330): CodeIgniter\Debug\Exceptions->errorHandler(2, 'Undefined array key "totalPay"', 'APPPATH\\Views\\payroll\\payslip.php', 330)
 2 SYSTEMPATH\View\View.php(213): include('APPPATH\\Views\\payroll\\payslip.php')
 3 SYSTEMPATH\View\View.php(216): CodeIgniter\View\View->CodeIgniter\View\{closure}()
 4 SYSTEMPATH\Common.php(1134): CodeIgniter\View\View->render('payroll/payslip', [], true)
 5 APPPATH\Controllers\Payroll.php(613): view('payroll/payslip', [...])
 6 SYSTEMPATH\CodeIgniter.php(927): App\Controllers\Payroll->generatePayslip()
 7 SYSTEMPATH\CodeIgniter.php(482): CodeIgniter\CodeIgniter->runController(Object(App\Controllers\Payroll))
 8 SYSTEMPATH\CodeIgniter.php(351): CodeIgniter\CodeIgniter->handleRequest(null, Object(Config\Cache), false)
 9 FCPATH\index.php(87): CodeIgniter\CodeIgniter->run()
10 SYSTEMPATH\Commands\Server\rewrite.php(46): require_once('FCPATH\\index.php')
CRITICAL - 2024-05-03 05:19:00 --> Undefined array key "totalPay"
in APPPATH\Views\payroll\payslip.php on line 330.
 1 APPPATH\Views\payroll\payslip.php(330): CodeIgniter\Debug\Exceptions->errorHandler(2, 'Undefined array key "totalPay"', 'APPPATH\\Views\\payroll\\payslip.php', 330)
 2 SYSTEMPATH\View\View.php(213): include('APPPATH\\Views\\payroll\\payslip.php')
 3 SYSTEMPATH\View\View.php(216): CodeIgniter\View\View->CodeIgniter\View\{closure}()
 4 SYSTEMPATH\Common.php(1134): CodeIgniter\View\View->render('payroll/payslip', [], true)
 5 APPPATH\Controllers\Payroll.php(613): view('payroll/payslip', [...])
 6 SYSTEMPATH\CodeIgniter.php(927): App\Controllers\Payroll->generatePayslip()
 7 SYSTEMPATH\CodeIgniter.php(482): CodeIgniter\CodeIgniter->runController(Object(App\Controllers\Payroll))
 8 SYSTEMPATH\CodeIgniter.php(351): CodeIgniter\CodeIgniter->handleRequest(null, Object(Config\Cache), false)
 9 FCPATH\index.php(87): CodeIgniter\CodeIgniter->run()
10 SYSTEMPATH\Commands\Server\rewrite.php(46): require_once('FCPATH\\index.php')
CRITICAL - 2024-05-03 05:19:29 --> Undefined array key "totalPay"
in APPPATH\Views\payroll\payslip.php on line 330.
 1 APPPATH\Views\payroll\payslip.php(330): CodeIgniter\Debug\Exceptions->errorHandler(2, 'Undefined array key "totalPay"', 'APPPATH\\Views\\payroll\\payslip.php', 330)
 2 SYSTEMPATH\View\View.php(213): include('APPPATH\\Views\\payroll\\payslip.php')
 3 SYSTEMPATH\View\View.php(216): CodeIgniter\View\View->CodeIgniter\View\{closure}()
 4 SYSTEMPATH\Common.php(1134): CodeIgniter\View\View->render('payroll/payslip', [], true)
 5 APPPATH\Controllers\Payroll.php(613): view('payroll/payslip', [...])
 6 SYSTEMPATH\CodeIgniter.php(927): App\Controllers\Payroll->generatePayslip()
 7 SYSTEMPATH\CodeIgniter.php(482): CodeIgniter\CodeIgniter->runController(Object(App\Controllers\Payroll))
 8 SYSTEMPATH\CodeIgniter.php(351): CodeIgniter\CodeIgniter->handleRequest(null, Object(Config\Cache), false)
 9 FCPATH\index.php(87): CodeIgniter\CodeIgniter->run()
10 SYSTEMPATH\Commands\Server\rewrite.php(46): require_once('FCPATH\\index.php')
CRITICAL - 2024-05-03 05:21:04 --> Undefined array key "leavedaySalary"
in APPPATH\Views\payroll\payslip.php on line 330.
 1 APPPATH\Views\payroll\payslip.php(330): CodeIgniter\Debug\Exceptions->errorHandler(2, 'Undefined array key "leavedaySalary"', 'APPPATH\\Views\\payroll\\payslip.php', 330)
 2 SYSTEMPATH\View\View.php(213): include('APPPATH\\Views\\payroll\\payslip.php')
 3 SYSTEMPATH\View\View.php(216): CodeIgniter\View\View->CodeIgniter\View\{closure}()
 4 SYSTEMPATH\Common.php(1134): CodeIgniter\View\View->render('payroll/payslip', [], true)
 5 APPPATH\Controllers\Payroll.php(613): view('payroll/payslip', [...])
 6 SYSTEMPATH\CodeIgniter.php(927): App\Controllers\Payroll->generatePayslip()
 7 SYSTEMPATH\CodeIgniter.php(482): CodeIgniter\CodeIgniter->runController(Object(App\Controllers\Payroll))
 8 SYSTEMPATH\CodeIgniter.php(351): CodeIgniter\CodeIgniter->handleRequest(null, Object(Config\Cache), false)
 9 FCPATH\index.php(87): CodeIgniter\CodeIgniter->run()
10 SYSTEMPATH\Commands\Server\rewrite.php(46): require_once('FCPATH\\index.php')
CRITICAL - 2024-05-03 20:30:02 --> Undefined array key "dropdownValue"
in APPPATH\Views\payroll\payslip.php on line 287.
 1 APPPATH\Views\payroll\payslip.php(287): CodeIgniter\Debug\Exceptions->errorHandler(2, 'Undefined array key "dropdownValue"', 'APPPATH\\Views\\payroll\\payslip.php', 287)
 2 SYSTEMPATH\View\View.php(213): include('APPPATH\\Views\\payroll\\payslip.php')
 3 SYSTEMPATH\View\View.php(216): CodeIgniter\View\View->CodeIgniter\View\{closure}()
 4 SYSTEMPATH\Common.php(1134): CodeIgniter\View\View->render('payroll/payslip', [], true)
 5 APPPATH\Controllers\Payroll.php(613): view('payroll/payslip', [...])
 6 SYSTEMPATH\CodeIgniter.php(927): App\Controllers\Payroll->generatePayslip()
 7 SYSTEMPATH\CodeIgniter.php(482): CodeIgniter\CodeIgniter->runController(Object(App\Controllers\Payroll))
 8 SYSTEMPATH\CodeIgniter.php(351): CodeIgniter\CodeIgniter->handleRequest(null, Object(Config\Cache), false)
 9 FCPATH\index.php(87): CodeIgniter\CodeIgniter->run()
10 SYSTEMPATH\Commands\Server\rewrite.php(46): require_once('FCPATH\\index.php')
CRITICAL - 2024-05-03 20:30:52 --> Undefined array key "dropdownValue"
in APPPATH\Views\payroll\payslip.php on line 287.
 1 APPPATH\Views\payroll\payslip.php(287): CodeIgniter\Debug\Exceptions->errorHandler(2, 'Undefined array key "dropdownValue"', 'APPPATH\\Views\\payroll\\payslip.php', 287)
 2 SYSTEMPATH\View\View.php(213): include('APPPATH\\Views\\payroll\\payslip.php')
 3 SYSTEMPATH\View\View.php(216): CodeIgniter\View\View->CodeIgniter\View\{closure}()
 4 SYSTEMPATH\Common.php(1134): CodeIgniter\View\View->render('payroll/payslip', [], true)
 5 APPPATH\Controllers\Payroll.php(613): view('payroll/payslip', [...])
 6 SYSTEMPATH\CodeIgniter.php(927): App\Controllers\Payroll->generatePayslip()
 7 SYSTEMPATH\CodeIgniter.php(482): CodeIgniter\CodeIgniter->runController(Object(App\Controllers\Payroll))
 8 SYSTEMPATH\CodeIgniter.php(351): CodeIgniter\CodeIgniter->handleRequest(null, Object(Config\Cache), false)
 9 FCPATH\index.php(87): CodeIgniter\CodeIgniter->run()
10 SYSTEMPATH\Commands\Server\rewrite.php(46): require_once('FCPATH\\index.php')
CRITICAL - 2024-05-03 20:31:27 --> Undefined array key "dropdownValue"
in APPPATH\Views\payroll\payslip.php on line 287.
 1 APPPATH\Views\payroll\payslip.php(287): CodeIgniter\Debug\Exceptions->errorHandler(2, 'Undefined array key "dropdownValue"', 'APPPATH\\Views\\payroll\\payslip.php', 287)
 2 SYSTEMPATH\View\View.php(213): include('APPPATH\\Views\\payroll\\payslip.php')
 3 SYSTEMPATH\View\View.php(216): CodeIgniter\View\View->CodeIgniter\View\{closure}()
 4 SYSTEMPATH\Common.php(1134): CodeIgniter\View\View->render('payroll/payslip', [], true)
 5 APPPATH\Controllers\Payroll.php(613): view('payroll/payslip', [...])
 6 SYSTEMPATH\CodeIgniter.php(927): App\Controllers\Payroll->generatePayslip()
 7 SYSTEMPATH\CodeIgniter.php(482): CodeIgniter\CodeIgniter->runController(Object(App\Controllers\Payroll))
 8 SYSTEMPATH\CodeIgniter.php(351): CodeIgniter\CodeIgniter->handleRequest(null, Object(Config\Cache), false)
 9 FCPATH\index.php(87): CodeIgniter\CodeIgniter->run()
10 SYSTEMPATH\Commands\Server\rewrite.php(46): require_once('FCPATH\\index.php')
CRITICAL - 2024-05-03 20:31:33 --> Undefined array key "dropdownValue"
in APPPATH\Views\payroll\payslip.php on line 287.
 1 APPPATH\Views\payroll\payslip.php(287): CodeIgniter\Debug\Exceptions->errorHandler(2, 'Undefined array key "dropdownValue"', 'APPPATH\\Views\\payroll\\payslip.php', 287)
 2 SYSTEMPATH\View\View.php(213): include('APPPATH\\Views\\payroll\\payslip.php')
 3 SYSTEMPATH\View\View.php(216): CodeIgniter\View\View->CodeIgniter\View\{closure}()
 4 SYSTEMPATH\Common.php(1134): CodeIgniter\View\View->render('payroll/payslip', [], true)
 5 APPPATH\Controllers\Payroll.php(613): view('payroll/payslip', [...])
 6 SYSTEMPATH\CodeIgniter.php(927): App\Controllers\Payroll->generatePayslip()
 7 SYSTEMPATH\CodeIgniter.php(482): CodeIgniter\CodeIgniter->runController(Object(App\Controllers\Payroll))
 8 SYSTEMPATH\CodeIgniter.php(351): CodeIgniter\CodeIgniter->handleRequest(null, Object(Config\Cache), false)
 9 FCPATH\index.php(87): CodeIgniter\CodeIgniter->run()
10 SYSTEMPATH\Commands\Server\rewrite.php(46): require_once('FCPATH\\index.php')
CRITICAL - 2024-05-03 20:42:16 --> Undefined array key "dropdownValue"
in APPPATH\Views\payroll\payslip.php on line 287.
 1 APPPATH\Views\payroll\payslip.php(287): CodeIgniter\Debug\Exceptions->errorHandler(2, 'Undefined array key "dropdownValue"', 'APPPATH\\Views\\payroll\\payslip.php', 287)
 2 SYSTEMPATH\View\View.php(213): include('APPPATH\\Views\\payroll\\payslip.php')
 3 SYSTEMPATH\View\View.php(216): CodeIgniter\View\View->CodeIgniter\View\{closure}()
 4 SYSTEMPATH\Common.php(1134): CodeIgniter\View\View->render('payroll/payslip', [], true)
 5 APPPATH\Controllers\Payroll.php(613): view('payroll/payslip', [...])
 6 SYSTEMPATH\CodeIgniter.php(927): App\Controllers\Payroll->generatePayslip()
 7 SYSTEMPATH\CodeIgniter.php(482): CodeIgniter\CodeIgniter->runController(Object(App\Controllers\Payroll))
 8 SYSTEMPATH\CodeIgniter.php(351): CodeIgniter\CodeIgniter->handleRequest(null, Object(Config\Cache), false)
 9 FCPATH\index.php(87): CodeIgniter\CodeIgniter->run()
10 SYSTEMPATH\Commands\Server\rewrite.php(46): require_once('FCPATH\\index.php')
CRITICAL - 2024-05-03 20:43:15 --> Undefined array key "dropdownValue"
in APPPATH\Views\payroll\payslip.php on line 287.
 1 APPPATH\Views\payroll\payslip.php(287): CodeIgniter\Debug\Exceptions->errorHandler(2, 'Undefined array key "dropdownValue"', 'APPPATH\\Views\\payroll\\payslip.php', 287)
 2 SYSTEMPATH\View\View.php(213): include('APPPATH\\Views\\payroll\\payslip.php')
 3 SYSTEMPATH\View\View.php(216): CodeIgniter\View\View->CodeIgniter\View\{closure}()
 4 SYSTEMPATH\Common.php(1134): CodeIgniter\View\View->render('payroll/payslip', [], true)
 5 APPPATH\Controllers\Payroll.php(613): view('payroll/payslip', [...])
 6 SYSTEMPATH\CodeIgniter.php(927): App\Controllers\Payroll->generatePayslip()
 7 SYSTEMPATH\CodeIgniter.php(482): CodeIgniter\CodeIgniter->runController(Object(App\Controllers\Payroll))
 8 SYSTEMPATH\CodeIgniter.php(351): CodeIgniter\CodeIgniter->handleRequest(null, Object(Config\Cache), false)
 9 FCPATH\index.php(87): CodeIgniter\CodeIgniter->run()
10 SYSTEMPATH\Commands\Server\rewrite.php(46): require_once('FCPATH\\index.php')
CRITICAL - 2024-05-03 20:44:19 --> Undefined array key "dropdownValue"
in APPPATH\Views\payroll\payslip.php on line 287.
 1 APPPATH\Views\payroll\payslip.php(287): CodeIgniter\Debug\Exceptions->errorHandler(2, 'Undefined array key "dropdownValue"', 'APPPATH\\Views\\payroll\\payslip.php', 287)
 2 SYSTEMPATH\View\View.php(213): include('APPPATH\\Views\\payroll\\payslip.php')
 3 SYSTEMPATH\View\View.php(216): CodeIgniter\View\View->CodeIgniter\View\{closure}()
 4 SYSTEMPATH\Common.php(1134): CodeIgniter\View\View->render('payroll/payslip', [], true)
 5 APPPATH\Controllers\Payroll.php(613): view('payroll/payslip', [...])
 6 SYSTEMPATH\CodeIgniter.php(927): App\Controllers\Payroll->generatePayslip()
 7 SYSTEMPATH\CodeIgniter.php(482): CodeIgniter\CodeIgniter->runController(Object(App\Controllers\Payroll))
 8 SYSTEMPATH\CodeIgniter.php(351): CodeIgniter\CodeIgniter->handleRequest(null, Object(Config\Cache), false)
 9 FCPATH\index.php(87): CodeIgniter\CodeIgniter->run()
10 SYSTEMPATH\Commands\Server\rewrite.php(46): require_once('FCPATH\\index.php')
CRITICAL - 2024-05-03 20:46:51 --> Undefined array key "dropdownValue"
in APPPATH\Views\payroll\payslip.php on line 287.
 1 APPPATH\Views\payroll\payslip.php(287): CodeIgniter\Debug\Exceptions->errorHandler(2, 'Undefined array key "dropdownValue"', 'APPPATH\\Views\\payroll\\payslip.php', 287)
 2 SYSTEMPATH\View\View.php(213): include('APPPATH\\Views\\payroll\\payslip.php')
 3 SYSTEMPATH\View\View.php(216): CodeIgniter\View\View->CodeIgniter\View\{closure}()
 4 SYSTEMPATH\Common.php(1134): CodeIgniter\View\View->render('payroll/payslip', [], true)
 5 APPPATH\Controllers\Payroll.php(613): view('payroll/payslip', [...])
 6 SYSTEMPATH\CodeIgniter.php(927): App\Controllers\Payroll->generatePayslip()
 7 SYSTEMPATH\CodeIgniter.php(482): CodeIgniter\CodeIgniter->runController(Object(App\Controllers\Payroll))
 8 SYSTEMPATH\CodeIgniter.php(351): CodeIgniter\CodeIgniter->handleRequest(null, Object(Config\Cache), false)
 9 FCPATH\index.php(87): CodeIgniter\CodeIgniter->run()
10 SYSTEMPATH\Commands\Server\rewrite.php(46): require_once('FCPATH\\index.php')
CRITICAL - 2024-05-03 23:43:32 --> Undefined array key "dropdownValue"
in APPPATH\Views\payroll\payslip.php on line 290.
 1 APPPATH\Views\payroll\payslip.php(290): CodeIgniter\Debug\Exceptions->errorHandler(2, 'Undefined array key "dropdownValue"', 'APPPATH\\Views\\payroll\\payslip.php', 290)
 2 SYSTEMPATH\View\View.php(213): include('APPPATH\\Views\\payroll\\payslip.php')
 3 SYSTEMPATH\View\View.php(216): CodeIgniter\View\View->CodeIgniter\View\{closure}()
 4 SYSTEMPATH\Common.php(1134): CodeIgniter\View\View->render('payroll/payslip', [], true)
 5 APPPATH\Controllers\Payroll.php(616): view('payroll/payslip', [...])
 6 SYSTEMPATH\CodeIgniter.php(927): App\Controllers\Payroll->generatePayslip()
 7 SYSTEMPATH\CodeIgniter.php(482): CodeIgniter\CodeIgniter->runController(Object(App\Controllers\Payroll))
 8 SYSTEMPATH\CodeIgniter.php(351): CodeIgniter\CodeIgniter->handleRequest(null, Object(Config\Cache), false)
 9 FCPATH\index.php(87): CodeIgniter\CodeIgniter->run()
10 SYSTEMPATH\Commands\Server\rewrite.php(46): require_once('FCPATH\\index.php')
