CRITICAL - 2023-01-13 01:15:06 --> Trying to access array offset on value of type null
in APPPATH\Views\admin_login\edituser.php on line 37.
 1 APPPATH\Views\admin_login\edituser.php(37): CodeIgniter\Debug\Exceptions->errorHandler(2, 'Trying to access array offset on value of type null', 'APPPATH\\Views\\admin_login\\edituser.php', 37)
 2 SYSTEMPATH\View\View.php(213): include('APPPATH\\Views\\admin_login\\edituser.php')
 3 SYSTEMPATH\View\View.php(216): CodeIgniter\View\View->CodeIgniter\View\{closure}()
 4 SYSTEMPATH\Common.php(1134): CodeIgniter\View\View->render('admin_login/edituser', [], true)
 5 APPPATH\Controllers\Admin.php(128): view('admin_login/edituser', [...])
 6 SYSTEMPATH\CodeIgniter.php(927): App\Controllers\Admin->edituser('path', 'to', 'font-awesome', 'FCPATH\\css', 'font-awesome.min.css')
 7 SYSTEMPATH\CodeIgniter.php(482): CodeIgniter\CodeIgniter->runController(Object(App\Controllers\Admin))
 8 SYSTEMPATH\CodeIgniter.php(351): CodeIgniter\CodeIgniter->handleRequest(null, Object(Config\Cache), false)
 9 FCPATH\index.php(67): CodeIgniter\CodeIgniter->run()
10 SYSTEMPATH\Commands\Server\rewrite.php(46): require_once('FCPATH\\index.php')
CRITICAL - 2023-01-13 01:33:07 --> Trying to access array offset on value of type null
in APPPATH\Views\admin_login\edituser.php on line 37.
 1 APPPATH\Views\admin_login\edituser.php(37): CodeIgniter\Debug\Exceptions->errorHandler(2, 'Trying to access array offset on value of type null', 'APPPATH\\Views\\admin_login\\edituser.php', 37)
 2 SYSTEMPATH\View\View.php(213): include('APPPATH\\Views\\admin_login\\edituser.php')
 3 SYSTEMPATH\View\View.php(216): CodeIgniter\View\View->CodeIgniter\View\{closure}()
 4 SYSTEMPATH\Common.php(1134): CodeIgniter\View\View->render('admin_login/edituser', [], true)
 5 APPPATH\Controllers\Admin.php(128): view('admin_login/edituser', [...])
 6 SYSTEMPATH\CodeIgniter.php(927): App\Controllers\Admin->edituser('path', 'to', 'font-awesome', 'FCPATH\\css', 'font-awesome.min.css')
 7 SYSTEMPATH\CodeIgniter.php(482): CodeIgniter\CodeIgniter->runController(Object(App\Controllers\Admin))
 8 SYSTEMPATH\CodeIgniter.php(351): CodeIgniter\CodeIgniter->handleRequest(null, Object(Config\Cache), false)
 9 FCPATH\index.php(67): CodeIgniter\CodeIgniter->run()
10 SYSTEMPATH\Commands\Server\rewrite.php(46): require_once('FCPATH\\index.php')
CRITICAL - 2023-01-13 08:20:19 --> Call to undefined method App\Models\Admin_model::getResultArray
in SYSTEMPATH\Model.php on line 774.
 1 APPPATH\Controllers\Admin.php(107): CodeIgniter\Model->__call('getResultArray', [])
 2 SYSTEMPATH\CodeIgniter.php(927): App\Controllers\Admin->admindashboard()
 3 SYSTEMPATH\CodeIgniter.php(482): CodeIgniter\CodeIgniter->runController(Object(App\Controllers\Admin))
 4 SYSTEMPATH\CodeIgniter.php(351): CodeIgniter\CodeIgniter->handleRequest(null, Object(Config\Cache), false)
 5 FCPATH\index.php(67): CodeIgniter\CodeIgniter->run()
 6 SYSTEMPATH\Commands\Server\rewrite.php(46): require_once('FCPATH\\index.php')
CRITICAL - 2023-01-13 08:20:32 --> Call to undefined method App\Models\Admin_model::getResultArray
in SYSTEMPATH\Model.php on line 774.
 1 APPPATH\Controllers\Admin.php(107): CodeIgniter\Model->__call('getResultArray', [])
 2 SYSTEMPATH\CodeIgniter.php(927): App\Controllers\Admin->admindashboard()
 3 SYSTEMPATH\CodeIgniter.php(482): CodeIgniter\CodeIgniter->runController(Object(App\Controllers\Admin))
 4 SYSTEMPATH\CodeIgniter.php(351): CodeIgniter\CodeIgniter->handleRequest(null, Object(Config\Cache), false)
 5 FCPATH\index.php(67): CodeIgniter\CodeIgniter->run()
 6 SYSTEMPATH\Commands\Server\rewrite.php(46): require_once('FCPATH\\index.php')
CRITICAL - 2023-01-13 08:20:34 --> Call to undefined method App\Models\Admin_model::getResultArray
in SYSTEMPATH\Model.php on line 774.
 1 APPPATH\Controllers\Admin.php(107): CodeIgniter\Model->__call('getResultArray', [])
 2 SYSTEMPATH\CodeIgniter.php(927): App\Controllers\Admin->admindashboard()
 3 SYSTEMPATH\CodeIgniter.php(482): CodeIgniter\CodeIgniter->runController(Object(App\Controllers\Admin))
 4 SYSTEMPATH\CodeIgniter.php(351): CodeIgniter\CodeIgniter->handleRequest(null, Object(Config\Cache), false)
 5 FCPATH\index.php(67): CodeIgniter\CodeIgniter->run()
 6 SYSTEMPATH\Commands\Server\rewrite.php(46): require_once('FCPATH\\index.php')
CRITICAL - 2023-01-13 08:20:35 --> Call to undefined method App\Models\Admin_model::getResultArray
in SYSTEMPATH\Model.php on line 774.
 1 APPPATH\Controllers\Admin.php(107): CodeIgniter\Model->__call('getResultArray', [])
 2 SYSTEMPATH\CodeIgniter.php(927): App\Controllers\Admin->admindashboard()
 3 SYSTEMPATH\CodeIgniter.php(482): CodeIgniter\CodeIgniter->runController(Object(App\Controllers\Admin))
 4 SYSTEMPATH\CodeIgniter.php(351): CodeIgniter\CodeIgniter->handleRequest(null, Object(Config\Cache), false)
 5 FCPATH\index.php(67): CodeIgniter\CodeIgniter->run()
 6 SYSTEMPATH\Commands\Server\rewrite.php(46): require_once('FCPATH\\index.php')
CRITICAL - 2023-01-13 08:38:10 --> Trying to access array offset on value of type null
in APPPATH\Views\admin_login\edituser.php on line 37.
 1 APPPATH\Views\admin_login\edituser.php(37): CodeIgniter\Debug\Exceptions->errorHandler(2, 'Trying to access array offset on value of type null', 'APPPATH\\Views\\admin_login\\edituser.php', 37)
 2 SYSTEMPATH\View\View.php(213): include('APPPATH\\Views\\admin_login\\edituser.php')
 3 SYSTEMPATH\View\View.php(216): CodeIgniter\View\View->CodeIgniter\View\{closure}()
 4 SYSTEMPATH\Common.php(1134): CodeIgniter\View\View->render('admin_login/edituser', [], true)
 5 APPPATH\Controllers\Admin.php(134): view('admin_login/edituser', [...])
 6 SYSTEMPATH\CodeIgniter.php(927): App\Controllers\Admin->edituser('path', 'to', 'font-awesome', 'FCPATH\\css', 'font-awesome.min.css')
 7 SYSTEMPATH\CodeIgniter.php(482): CodeIgniter\CodeIgniter->runController(Object(App\Controllers\Admin))
 8 SYSTEMPATH\CodeIgniter.php(351): CodeIgniter\CodeIgniter->handleRequest(null, Object(Config\Cache), false)
 9 FCPATH\index.php(67): CodeIgniter\CodeIgniter->run()
10 SYSTEMPATH\Commands\Server\rewrite.php(46): require_once('FCPATH\\index.php')
CRITICAL - 2023-01-13 08:38:14 --> Trying to access array offset on value of type null
in APPPATH\Views\admin_login\edituser.php on line 37.
 1 APPPATH\Views\admin_login\edituser.php(37): CodeIgniter\Debug\Exceptions->errorHandler(2, 'Trying to access array offset on value of type null', 'APPPATH\\Views\\admin_login\\edituser.php', 37)
 2 SYSTEMPATH\View\View.php(213): include('APPPATH\\Views\\admin_login\\edituser.php')
 3 SYSTEMPATH\View\View.php(216): CodeIgniter\View\View->CodeIgniter\View\{closure}()
 4 SYSTEMPATH\Common.php(1134): CodeIgniter\View\View->render('admin_login/edituser', [], true)
 5 APPPATH\Controllers\Admin.php(134): view('admin_login/edituser', [...])
 6 SYSTEMPATH\CodeIgniter.php(927): App\Controllers\Admin->edituser('path', 'to', 'font-awesome', 'FCPATH\\css', 'font-awesome.min.css')
 7 SYSTEMPATH\CodeIgniter.php(482): CodeIgniter\CodeIgniter->runController(Object(App\Controllers\Admin))
 8 SYSTEMPATH\CodeIgniter.php(351): CodeIgniter\CodeIgniter->handleRequest(null, Object(Config\Cache), false)
 9 FCPATH\index.php(67): CodeIgniter\CodeIgniter->run()
10 SYSTEMPATH\Commands\Server\rewrite.php(46): require_once('FCPATH\\index.php')
CRITICAL - 2023-01-13 08:38:20 --> Trying to access array offset on value of type null
in APPPATH\Views\admin_login\edituser.php on line 37.
 1 APPPATH\Views\admin_login\edituser.php(37): CodeIgniter\Debug\Exceptions->errorHandler(2, 'Trying to access array offset on value of type null', 'APPPATH\\Views\\admin_login\\edituser.php', 37)
 2 SYSTEMPATH\View\View.php(213): include('APPPATH\\Views\\admin_login\\edituser.php')
 3 SYSTEMPATH\View\View.php(216): CodeIgniter\View\View->CodeIgniter\View\{closure}()
 4 SYSTEMPATH\Common.php(1134): CodeIgniter\View\View->render('admin_login/edituser', [], true)
 5 APPPATH\Controllers\Admin.php(134): view('admin_login/edituser', [...])
 6 SYSTEMPATH\CodeIgniter.php(927): App\Controllers\Admin->edituser('path', 'to', 'font-awesome', 'FCPATH\\css', 'font-awesome.min.css')
 7 SYSTEMPATH\CodeIgniter.php(482): CodeIgniter\CodeIgniter->runController(Object(App\Controllers\Admin))
 8 SYSTEMPATH\CodeIgniter.php(351): CodeIgniter\CodeIgniter->handleRequest(null, Object(Config\Cache), false)
 9 FCPATH\index.php(67): CodeIgniter\CodeIgniter->run()
10 SYSTEMPATH\Commands\Server\rewrite.php(46): require_once('FCPATH\\index.php')
CRITICAL - 2023-01-13 08:39:18 --> Trying to access array offset on value of type null
in APPPATH\Views\admin_login\edituser.php on line 37.
 1 APPPATH\Views\admin_login\edituser.php(37): CodeIgniter\Debug\Exceptions->errorHandler(2, 'Trying to access array offset on value of type null', 'APPPATH\\Views\\admin_login\\edituser.php', 37)
 2 SYSTEMPATH\View\View.php(213): include('APPPATH\\Views\\admin_login\\edituser.php')
 3 SYSTEMPATH\View\View.php(216): CodeIgniter\View\View->CodeIgniter\View\{closure}()
 4 SYSTEMPATH\Common.php(1134): CodeIgniter\View\View->render('admin_login/edituser', [], true)
 5 APPPATH\Controllers\Admin.php(134): view('admin_login/edituser', [...])
 6 SYSTEMPATH\CodeIgniter.php(927): App\Controllers\Admin->edituser('path', 'to', 'font-awesome', 'FCPATH\\css', 'font-awesome.min.css')
 7 SYSTEMPATH\CodeIgniter.php(482): CodeIgniter\CodeIgniter->runController(Object(App\Controllers\Admin))
 8 SYSTEMPATH\CodeIgniter.php(351): CodeIgniter\CodeIgniter->handleRequest(null, Object(Config\Cache), false)
 9 FCPATH\index.php(67): CodeIgniter\CodeIgniter->run()
10 SYSTEMPATH\Commands\Server\rewrite.php(46): require_once('FCPATH\\index.php')
CRITICAL - 2023-01-13 08:39:29 --> Trying to access array offset on value of type null
in APPPATH\Views\admin_login\edituser.php on line 37.
 1 APPPATH\Views\admin_login\edituser.php(37): CodeIgniter\Debug\Exceptions->errorHandler(2, 'Trying to access array offset on value of type null', 'APPPATH\\Views\\admin_login\\edituser.php', 37)
 2 SYSTEMPATH\View\View.php(213): include('APPPATH\\Views\\admin_login\\edituser.php')
 3 SYSTEMPATH\View\View.php(216): CodeIgniter\View\View->CodeIgniter\View\{closure}()
 4 SYSTEMPATH\Common.php(1134): CodeIgniter\View\View->render('admin_login/edituser', [], true)
 5 APPPATH\Controllers\Admin.php(134): view('admin_login/edituser', [...])
 6 SYSTEMPATH\CodeIgniter.php(927): App\Controllers\Admin->edituser('path', 'to', 'font-awesome', 'FCPATH\\css', 'font-awesome.min.css')
 7 SYSTEMPATH\CodeIgniter.php(482): CodeIgniter\CodeIgniter->runController(Object(App\Controllers\Admin))
 8 SYSTEMPATH\CodeIgniter.php(351): CodeIgniter\CodeIgniter->handleRequest(null, Object(Config\Cache), false)
 9 FCPATH\index.php(67): CodeIgniter\CodeIgniter->run()
10 SYSTEMPATH\Commands\Server\rewrite.php(46): require_once('FCPATH\\index.php')
CRITICAL - 2023-01-13 08:39:56 --> Trying to access array offset on value of type null
in APPPATH\Views\admin_login\edituser.php on line 37.
 1 APPPATH\Views\admin_login\edituser.php(37): CodeIgniter\Debug\Exceptions->errorHandler(2, 'Trying to access array offset on value of type null', 'APPPATH\\Views\\admin_login\\edituser.php', 37)
 2 SYSTEMPATH\View\View.php(213): include('APPPATH\\Views\\admin_login\\edituser.php')
 3 SYSTEMPATH\View\View.php(216): CodeIgniter\View\View->CodeIgniter\View\{closure}()
 4 SYSTEMPATH\Common.php(1134): CodeIgniter\View\View->render('admin_login/edituser', [], true)
 5 APPPATH\Controllers\Admin.php(134): view('admin_login/edituser', [...])
 6 SYSTEMPATH\CodeIgniter.php(927): App\Controllers\Admin->edituser('path', 'to', 'font-awesome', 'FCPATH\\css', 'font-awesome.min.css')
 7 SYSTEMPATH\CodeIgniter.php(482): CodeIgniter\CodeIgniter->runController(Object(App\Controllers\Admin))
 8 SYSTEMPATH\CodeIgniter.php(351): CodeIgniter\CodeIgniter->handleRequest(null, Object(Config\Cache), false)
 9 FCPATH\index.php(67): CodeIgniter\CodeIgniter->run()
10 SYSTEMPATH\Commands\Server\rewrite.php(46): require_once('FCPATH\\index.php')
CRITICAL - 2023-01-13 08:40:08 --> Trying to access array offset on value of type null
in APPPATH\Views\admin_login\edituser.php on line 37.
 1 APPPATH\Views\admin_login\edituser.php(37): CodeIgniter\Debug\Exceptions->errorHandler(2, 'Trying to access array offset on value of type null', 'APPPATH\\Views\\admin_login\\edituser.php', 37)
 2 SYSTEMPATH\View\View.php(213): include('APPPATH\\Views\\admin_login\\edituser.php')
 3 SYSTEMPATH\View\View.php(216): CodeIgniter\View\View->CodeIgniter\View\{closure}()
 4 SYSTEMPATH\Common.php(1134): CodeIgniter\View\View->render('admin_login/edituser', [], true)
 5 APPPATH\Controllers\Admin.php(134): view('admin_login/edituser', [...])
 6 SYSTEMPATH\CodeIgniter.php(927): App\Controllers\Admin->edituser('path', 'to', 'font-awesome', 'FCPATH\\css', 'font-awesome.min.css')
 7 SYSTEMPATH\CodeIgniter.php(482): CodeIgniter\CodeIgniter->runController(Object(App\Controllers\Admin))
 8 SYSTEMPATH\CodeIgniter.php(351): CodeIgniter\CodeIgniter->handleRequest(null, Object(Config\Cache), false)
 9 FCPATH\index.php(67): CodeIgniter\CodeIgniter->run()
10 SYSTEMPATH\Commands\Server\rewrite.php(46): require_once('FCPATH\\index.php')
CRITICAL - 2023-01-13 09:31:05 --> Invalid file: home.php
in SYSTEMPATH\Exceptions\FrameworkException.php on line 33.
 1 SYSTEMPATH\View\View.php(201): CodeIgniter\Exceptions\FrameworkException::forInvalidFile('home.php')
 2 SYSTEMPATH\Common.php(1134): CodeIgniter\View\View->render('home', [], true)
 3 APPPATH\Views\includes\template.php(2): view('home')
 4 SYSTEMPATH\View\View.php(213): include('APPPATH\\Views\\includes\\template.php')
 5 SYSTEMPATH\View\View.php(216): CodeIgniter\View\View->CodeIgniter\View\{closure}()
 6 SYSTEMPATH\Common.php(1134): CodeIgniter\View\View->render('includes/template', [], true)
 7 APPPATH\Controllers\Admin.php(44): view('includes/template', [...])
 8 SYSTEMPATH\CodeIgniter.php(927): App\Controllers\Admin->index()
 9 SYSTEMPATH\CodeIgniter.php(482): CodeIgniter\CodeIgniter->runController(Object(App\Controllers\Admin))
10 SYSTEMPATH\CodeIgniter.php(351): CodeIgniter\CodeIgniter->handleRequest(null, Object(Config\Cache), false)
11 FCPATH\index.php(67): CodeIgniter\CodeIgniter->run()
12 SYSTEMPATH\Commands\Server\rewrite.php(46): require_once('FCPATH\\index.php')
CRITICAL - 2023-01-13 10:55:11 --> Undefined array key "isLoggedIn"
in APPPATH\Views\includes\header.php on line 66.
 1 APPPATH\Views\includes\header.php(66): CodeIgniter\Debug\Exceptions->errorHandler(2, 'Undefined array key "isLoggedIn"', 'APPPATH\\Views\\includes\\header.php', 66)
 2 SYSTEMPATH\View\View.php(213): include('APPPATH\\Views\\includes\\header.php')
 3 SYSTEMPATH\View\View.php(216): CodeIgniter\View\View->CodeIgniter\View\{closure}()
 4 SYSTEMPATH\Common.php(1134): CodeIgniter\View\View->render('includes/header', [], true)
 5 APPPATH\Views\includes\template.php(1): view('includes/header')
 6 SYSTEMPATH\View\View.php(213): include('APPPATH\\Views\\includes\\template.php')
 7 SYSTEMPATH\View\View.php(216): CodeIgniter\View\View->CodeIgniter\View\{closure}()
 8 SYSTEMPATH\Common.php(1134): CodeIgniter\View\View->render('includes/template', [], true)
 9 APPPATH\Controllers\Admin.php(15): view('includes/template', [...])
10 SYSTEMPATH\CodeIgniter.php(927): App\Controllers\Admin->index()
11 SYSTEMPATH\CodeIgniter.php(482): CodeIgniter\CodeIgniter->runController(Object(App\Controllers\Admin))
12 SYSTEMPATH\CodeIgniter.php(351): CodeIgniter\CodeIgniter->handleRequest(null, Object(Config\Cache), false)
13 FCPATH\index.php(67): CodeIgniter\CodeIgniter->run()
14 SYSTEMPATH\Commands\Server\rewrite.php(46): require_once('FCPATH\\index.php')
CRITICAL - 2023-01-13 10:55:19 --> Undefined array key "isLoggedIn"
in APPPATH\Views\includes\header.php on line 66.
 1 APPPATH\Views\includes\header.php(66): CodeIgniter\Debug\Exceptions->errorHandler(2, 'Undefined array key "isLoggedIn"', 'APPPATH\\Views\\includes\\header.php', 66)
 2 SYSTEMPATH\View\View.php(213): include('APPPATH\\Views\\includes\\header.php')
 3 SYSTEMPATH\View\View.php(216): CodeIgniter\View\View->CodeIgniter\View\{closure}()
 4 SYSTEMPATH\Common.php(1134): CodeIgniter\View\View->render('includes/header', [], true)
 5 APPPATH\Views\includes\template.php(1): view('includes/header')
 6 SYSTEMPATH\View\View.php(213): include('APPPATH\\Views\\includes\\template.php')
 7 SYSTEMPATH\View\View.php(216): CodeIgniter\View\View->CodeIgniter\View\{closure}()
 8 SYSTEMPATH\Common.php(1134): CodeIgniter\View\View->render('includes/template', [], true)
 9 APPPATH\Controllers\Admin.php(15): view('includes/template', [...])
10 SYSTEMPATH\CodeIgniter.php(927): App\Controllers\Admin->index()
11 SYSTEMPATH\CodeIgniter.php(482): CodeIgniter\CodeIgniter->runController(Object(App\Controllers\Admin))
12 SYSTEMPATH\CodeIgniter.php(351): CodeIgniter\CodeIgniter->handleRequest(null, Object(Config\Cache), false)
13 FCPATH\index.php(67): CodeIgniter\CodeIgniter->run()
14 SYSTEMPATH\Commands\Server\rewrite.php(46): require_once('FCPATH\\index.php')
