ERROR - 2022-12-17 00:27:37 --> mysqli_sql_exception: Not unique table/alias: 'booking' in C:\xampp\htdocs\finalproject\system\Database\MySQLi\Connection.php:292
Stack trace:
#0 C:\xampp\htdocs\finalproject\system\Database\MySQLi\Connection.php(292): mysqli->query('SELECT *\nFROM `...', 0)
#1 C:\xampp\htdocs\finalproject\system\Database\BaseConnection.php(666): CodeIgniter\Database\MySQLi\Connection->execute('SELECT *\nFROM `...')
#2 C:\xampp\htdocs\finalproject\system\Database\BaseConnection.php(593): CodeIgniter\Database\BaseConnection->simpleQuery('SELECT *\nFROM `...')
#3 C:\xampp\htdocs\finalproject\system\Database\BaseBuilder.php(1585): CodeIgniter\Database\BaseConnection->query('SELECT *\nFROM `...', Array, false)
#4 C:\xampp\htdocs\finalproject\system\Model.php(185): CodeIgniter\Database\BaseBuilder->get()
#5 C:\xampp\htdocs\finalproject\system\BaseModel.php(524): CodeIgniter\Model->doFind(false, NULL)
#6 C:\xampp\htdocs\finalproject\app\Controllers\Reservation.php(49): CodeIgniter\BaseModel->find()
#7 C:\xampp\htdocs\finalproject\system\CodeIgniter.php(927): App\Controllers\Reservation->bookoverview()
#8 C:\xampp\htdocs\finalproject\system\CodeIgniter.php(482): CodeIgniter\CodeIgniter->runController(Object(App\Controllers\Reservation))
#9 C:\xampp\htdocs\finalproject\system\CodeIgniter.php(351): CodeIgniter\CodeIgniter->handleRequest(NULL, Object(Config\Cache), false)
#10 C:\xampp\htdocs\finalproject\public\index.php(67): CodeIgniter\CodeIgniter->run()
#11 C:\xampp\htdocs\finalproject\system\Commands\Server\rewrite.php(46): require_once('C:\\xampp\\htdocs...')
#12 {main}
CRITICAL - 2022-12-17 00:27:37 --> Not unique table/alias: 'booking'
in SYSTEMPATH\Database\MySQLi\Connection.php on line 292.
 1 SYSTEMPATH\Database\MySQLi\Connection.php(292): mysqli->query('SELECT *
FROM `booking`
JOIN `booking` ON `book_overview`.`id` = `booking`.`id`', 0)
 2 SYSTEMPATH\Database\BaseConnection.php(666): CodeIgniter\Database\MySQLi\Connection->execute('SELECT *
FROM `booking`
JOIN `booking` ON `book_overview`.`id` = `booking`.`id`')
 3 SYSTEMPATH\Database\BaseConnection.php(593): CodeIgniter\Database\BaseConnection->simpleQuery('SELECT *
FROM `booking`
JOIN `booking` ON `book_overview`.`id` = `booking`.`id`')
 4 SYSTEMPATH\Database\BaseBuilder.php(1585): CodeIgniter\Database\BaseConnection->query('SELECT *
FROM `booking`
JOIN `booking` ON `book_overview`.`id` = `booking`.`id`', [], false)
 5 SYSTEMPATH\Model.php(185): CodeIgniter\Database\BaseBuilder->get()
 6 SYSTEMPATH\BaseModel.php(524): CodeIgniter\Model->doFind(false, null)
 7 APPPATH\Controllers\Reservation.php(49): CodeIgniter\BaseModel->find()
 8 SYSTEMPATH\CodeIgniter.php(927): App\Controllers\Reservation->bookoverview()
 9 SYSTEMPATH\CodeIgniter.php(482): CodeIgniter\CodeIgniter->runController(Object(App\Controllers\Reservation))
10 SYSTEMPATH\CodeIgniter.php(351): CodeIgniter\CodeIgniter->handleRequest(null, Object(Config\Cache), false)
11 FCPATH\index.php(67): CodeIgniter\CodeIgniter->run()
12 SYSTEMPATH\Commands\Server\rewrite.php(46): require_once('FCPATH\\index.php')
CRITICAL - 2022-12-17 00:28:41 --> Cannot use object of type mysqli as array
in APPPATH\Views\layout\bookoverview.php on line 79.
 1 SYSTEMPATH\View\View.php(213): include()
 2 SYSTEMPATH\View\View.php(216): CodeIgniter\View\View->CodeIgniter\View\{closure}()
 3 SYSTEMPATH\Common.php(1134): CodeIgniter\View\View->render('layout/bookoverview', [], true)
 4 APPPATH\Controllers\Reservation.php(50): view('layout/bookoverview', [...])
 5 SYSTEMPATH\CodeIgniter.php(927): App\Controllers\Reservation->bookoverview()
 6 SYSTEMPATH\CodeIgniter.php(482): CodeIgniter\CodeIgniter->runController(Object(App\Controllers\Reservation))
 7 SYSTEMPATH\CodeIgniter.php(351): CodeIgniter\CodeIgniter->handleRequest(null, Object(Config\Cache), false)
 8 FCPATH\index.php(67): CodeIgniter\CodeIgniter->run()
 9 SYSTEMPATH\Commands\Server\rewrite.php(46): require_once('FCPATH\\index.php')
CRITICAL - 2022-12-17 00:29:16 --> Cannot use object of type mysqli as array
in APPPATH\Views\layout\bookoverview.php on line 78.
 1 SYSTEMPATH\View\View.php(213): include()
 2 SYSTEMPATH\View\View.php(216): CodeIgniter\View\View->CodeIgniter\View\{closure}()
 3 SYSTEMPATH\Common.php(1134): CodeIgniter\View\View->render('layout/bookoverview', [], true)
 4 APPPATH\Controllers\Reservation.php(50): view('layout/bookoverview', [...])
 5 SYSTEMPATH\CodeIgniter.php(927): App\Controllers\Reservation->bookoverview()
 6 SYSTEMPATH\CodeIgniter.php(482): CodeIgniter\CodeIgniter->runController(Object(App\Controllers\Reservation))
 7 SYSTEMPATH\CodeIgniter.php(351): CodeIgniter\CodeIgniter->handleRequest(null, Object(Config\Cache), false)
 8 FCPATH\index.php(67): CodeIgniter\CodeIgniter->run()
 9 SYSTEMPATH\Commands\Server\rewrite.php(46): require_once('FCPATH\\index.php')
CRITICAL - 2022-12-17 00:29:33 --> Cannot use object of type mysqli as array
in APPPATH\Views\layout\bookoverview.php on line 78.
 1 SYSTEMPATH\View\View.php(213): include()
 2 SYSTEMPATH\View\View.php(216): CodeIgniter\View\View->CodeIgniter\View\{closure}()
 3 SYSTEMPATH\Common.php(1134): CodeIgniter\View\View->render('layout/bookoverview', [], true)
 4 APPPATH\Controllers\Reservation.php(50): view('layout/bookoverview', [...])
 5 SYSTEMPATH\CodeIgniter.php(927): App\Controllers\Reservation->bookoverview()
 6 SYSTEMPATH\CodeIgniter.php(482): CodeIgniter\CodeIgniter->runController(Object(App\Controllers\Reservation))
 7 SYSTEMPATH\CodeIgniter.php(351): CodeIgniter\CodeIgniter->handleRequest(null, Object(Config\Cache), false)
 8 FCPATH\index.php(67): CodeIgniter\CodeIgniter->run()
 9 SYSTEMPATH\Commands\Server\rewrite.php(46): require_once('FCPATH\\index.php')
CRITICAL - 2022-12-17 00:29:34 --> Cannot use object of type mysqli as array
in APPPATH\Views\layout\bookoverview.php on line 78.
 1 SYSTEMPATH\View\View.php(213): include()
 2 SYSTEMPATH\View\View.php(216): CodeIgniter\View\View->CodeIgniter\View\{closure}()
 3 SYSTEMPATH\Common.php(1134): CodeIgniter\View\View->render('layout/bookoverview', [], true)
 4 APPPATH\Controllers\Reservation.php(50): view('layout/bookoverview', [...])
 5 SYSTEMPATH\CodeIgniter.php(927): App\Controllers\Reservation->bookoverview()
 6 SYSTEMPATH\CodeIgniter.php(482): CodeIgniter\CodeIgniter->runController(Object(App\Controllers\Reservation))
 7 SYSTEMPATH\CodeIgniter.php(351): CodeIgniter\CodeIgniter->handleRequest(null, Object(Config\Cache), false)
 8 FCPATH\index.php(67): CodeIgniter\CodeIgniter->run()
 9 SYSTEMPATH\Commands\Server\rewrite.php(46): require_once('FCPATH\\index.php')
CRITICAL - 2022-12-17 00:29:43 --> Cannot use object of type mysqli as array
in APPPATH\Views\layout\bookoverview.php on line 78.
 1 SYSTEMPATH\View\View.php(213): include()
 2 SYSTEMPATH\View\View.php(216): CodeIgniter\View\View->CodeIgniter\View\{closure}()
 3 SYSTEMPATH\Common.php(1134): CodeIgniter\View\View->render('layout/bookoverview', [], true)
 4 APPPATH\Controllers\Reservation.php(50): view('layout/bookoverview', [...])
 5 SYSTEMPATH\CodeIgniter.php(927): App\Controllers\Reservation->bookoverview()
 6 SYSTEMPATH\CodeIgniter.php(482): CodeIgniter\CodeIgniter->runController(Object(App\Controllers\Reservation))
 7 SYSTEMPATH\CodeIgniter.php(351): CodeIgniter\CodeIgniter->handleRequest(null, Object(Config\Cache), false)
 8 FCPATH\index.php(67): CodeIgniter\CodeIgniter->run()
 9 SYSTEMPATH\Commands\Server\rewrite.php(46): require_once('FCPATH\\index.php')
CRITICAL - 2022-12-17 00:29:44 --> Cannot use object of type mysqli as array
in APPPATH\Views\layout\bookoverview.php on line 78.
 1 SYSTEMPATH\View\View.php(213): include()
 2 SYSTEMPATH\View\View.php(216): CodeIgniter\View\View->CodeIgniter\View\{closure}()
 3 SYSTEMPATH\Common.php(1134): CodeIgniter\View\View->render('layout/bookoverview', [], true)
 4 APPPATH\Controllers\Reservation.php(50): view('layout/bookoverview', [...])
 5 SYSTEMPATH\CodeIgniter.php(927): App\Controllers\Reservation->bookoverview()
 6 SYSTEMPATH\CodeIgniter.php(482): CodeIgniter\CodeIgniter->runController(Object(App\Controllers\Reservation))
 7 SYSTEMPATH\CodeIgniter.php(351): CodeIgniter\CodeIgniter->handleRequest(null, Object(Config\Cache), false)
 8 FCPATH\index.php(67): CodeIgniter\CodeIgniter->run()
 9 SYSTEMPATH\Commands\Server\rewrite.php(46): require_once('FCPATH\\index.php')
CRITICAL - 2022-12-17 00:29:45 --> Cannot use object of type mysqli as array
in APPPATH\Views\layout\bookoverview.php on line 78.
 1 SYSTEMPATH\View\View.php(213): include()
 2 SYSTEMPATH\View\View.php(216): CodeIgniter\View\View->CodeIgniter\View\{closure}()
 3 SYSTEMPATH\Common.php(1134): CodeIgniter\View\View->render('layout/bookoverview', [], true)
 4 APPPATH\Controllers\Reservation.php(50): view('layout/bookoverview', [...])
 5 SYSTEMPATH\CodeIgniter.php(927): App\Controllers\Reservation->bookoverview()
 6 SYSTEMPATH\CodeIgniter.php(482): CodeIgniter\CodeIgniter->runController(Object(App\Controllers\Reservation))
 7 SYSTEMPATH\CodeIgniter.php(351): CodeIgniter\CodeIgniter->handleRequest(null, Object(Config\Cache), false)
 8 FCPATH\index.php(67): CodeIgniter\CodeIgniter->run()
 9 SYSTEMPATH\Commands\Server\rewrite.php(46): require_once('FCPATH\\index.php')
CRITICAL - 2022-12-17 00:29:51 --> Cannot use object of type mysqli as array
in APPPATH\Views\layout\bookoverview.php on line 78.
 1 SYSTEMPATH\View\View.php(213): include()
 2 SYSTEMPATH\View\View.php(216): CodeIgniter\View\View->CodeIgniter\View\{closure}()
 3 SYSTEMPATH\Common.php(1134): CodeIgniter\View\View->render('layout/bookoverview', [], true)
 4 APPPATH\Controllers\Reservation.php(50): view('layout/bookoverview', [...])
 5 SYSTEMPATH\CodeIgniter.php(927): App\Controllers\Reservation->bookoverview()
 6 SYSTEMPATH\CodeIgniter.php(482): CodeIgniter\CodeIgniter->runController(Object(App\Controllers\Reservation))
 7 SYSTEMPATH\CodeIgniter.php(351): CodeIgniter\CodeIgniter->handleRequest(null, Object(Config\Cache), false)
 8 FCPATH\index.php(67): CodeIgniter\CodeIgniter->run()
 9 SYSTEMPATH\Commands\Server\rewrite.php(46): require_once('FCPATH\\index.php')
CRITICAL - 2022-12-17 00:29:52 --> Cannot use object of type mysqli as array
in APPPATH\Views\layout\bookoverview.php on line 78.
 1 SYSTEMPATH\View\View.php(213): include()
 2 SYSTEMPATH\View\View.php(216): CodeIgniter\View\View->CodeIgniter\View\{closure}()
 3 SYSTEMPATH\Common.php(1134): CodeIgniter\View\View->render('layout/bookoverview', [], true)
 4 APPPATH\Controllers\Reservation.php(50): view('layout/bookoverview', [...])
 5 SYSTEMPATH\CodeIgniter.php(927): App\Controllers\Reservation->bookoverview()
 6 SYSTEMPATH\CodeIgniter.php(482): CodeIgniter\CodeIgniter->runController(Object(App\Controllers\Reservation))
 7 SYSTEMPATH\CodeIgniter.php(351): CodeIgniter\CodeIgniter->handleRequest(null, Object(Config\Cache), false)
 8 FCPATH\index.php(67): CodeIgniter\CodeIgniter->run()
 9 SYSTEMPATH\Commands\Server\rewrite.php(46): require_once('FCPATH\\index.php')
CRITICAL - 2022-12-17 00:30:06 --> Cannot use object of type mysqli as array
in APPPATH\Views\layout\bookoverview.php on line 78.
 1 SYSTEMPATH\View\View.php(213): include()
 2 SYSTEMPATH\View\View.php(216): CodeIgniter\View\View->CodeIgniter\View\{closure}()
 3 SYSTEMPATH\Common.php(1134): CodeIgniter\View\View->render('layout/bookoverview', [], true)
 4 APPPATH\Controllers\Reservation.php(50): view('layout/bookoverview', [...])
 5 SYSTEMPATH\CodeIgniter.php(927): App\Controllers\Reservation->bookoverview()
 6 SYSTEMPATH\CodeIgniter.php(482): CodeIgniter\CodeIgniter->runController(Object(App\Controllers\Reservation))
 7 SYSTEMPATH\CodeIgniter.php(351): CodeIgniter\CodeIgniter->handleRequest(null, Object(Config\Cache), false)
 8 FCPATH\index.php(67): CodeIgniter\CodeIgniter->run()
 9 SYSTEMPATH\Commands\Server\rewrite.php(46): require_once('FCPATH\\index.php')
ERROR - 2022-12-17 00:36:22 --> mysqli_sql_exception: Not unique table/alias: 'book_overview' in C:\xampp\htdocs\finalproject\system\Database\MySQLi\Connection.php:292
Stack trace:
#0 C:\xampp\htdocs\finalproject\system\Database\MySQLi\Connection.php(292): mysqli->query('SELECT *\nFROM `...', 0)
#1 C:\xampp\htdocs\finalproject\system\Database\BaseConnection.php(666): CodeIgniter\Database\MySQLi\Connection->execute('SELECT *\nFROM `...')
#2 C:\xampp\htdocs\finalproject\system\Database\BaseConnection.php(593): CodeIgniter\Database\BaseConnection->simpleQuery('SELECT *\nFROM `...')
#3 C:\xampp\htdocs\finalproject\system\Database\BaseBuilder.php(1585): CodeIgniter\Database\BaseConnection->query('SELECT *\nFROM `...', Array, false)
#4 C:\xampp\htdocs\finalproject\system\Model.php(772): CodeIgniter\Database\BaseBuilder->get()
#5 C:\xampp\htdocs\finalproject\app\Controllers\Reservation.php(49): CodeIgniter\Model->__call('get', Array)
#6 C:\xampp\htdocs\finalproject\system\CodeIgniter.php(927): App\Controllers\Reservation->bookoverview()
#7 C:\xampp\htdocs\finalproject\system\CodeIgniter.php(482): CodeIgniter\CodeIgniter->runController(Object(App\Controllers\Reservation))
#8 C:\xampp\htdocs\finalproject\system\CodeIgniter.php(351): CodeIgniter\CodeIgniter->handleRequest(NULL, Object(Config\Cache), false)
#9 C:\xampp\htdocs\finalproject\public\index.php(67): CodeIgniter\CodeIgniter->run()
#10 C:\xampp\htdocs\finalproject\system\Commands\Server\rewrite.php(46): require_once('C:\\xampp\\htdocs...')
#11 {main}
CRITICAL - 2022-12-17 00:36:22 --> Not unique table/alias: 'book_overview'
in SYSTEMPATH\Database\MySQLi\Connection.php on line 292.
 1 SYSTEMPATH\Database\MySQLi\Connection.php(292): mysqli->query('SELECT *
FROM `book_overview`
JOIN `book_overview` ON `booking`.`id` = `book_overview`.`id`', 0)
 2 SYSTEMPATH\Database\BaseConnection.php(666): CodeIgniter\Database\MySQLi\Connection->execute('SELECT *
FROM `book_overview`
JOIN `book_overview` ON `booking`.`id` = `book_overview`.`id`')
 3 SYSTEMPATH\Database\BaseConnection.php(593): CodeIgniter\Database\BaseConnection->simpleQuery('SELECT *
FROM `book_overview`
JOIN `book_overview` ON `booking`.`id` = `book_overview`.`id`')
 4 SYSTEMPATH\Database\BaseBuilder.php(1585): CodeIgniter\Database\BaseConnection->query('SELECT *
FROM `book_overview`
JOIN `book_overview` ON `booking`.`id` = `book_overview`.`id`', [], false)
 5 SYSTEMPATH\Model.php(772): CodeIgniter\Database\BaseBuilder->get()
 6 APPPATH\Controllers\Reservation.php(49): CodeIgniter\Model->__call('get', [])
 7 SYSTEMPATH\CodeIgniter.php(927): App\Controllers\Reservation->bookoverview()
 8 SYSTEMPATH\CodeIgniter.php(482): CodeIgniter\CodeIgniter->runController(Object(App\Controllers\Reservation))
 9 SYSTEMPATH\CodeIgniter.php(351): CodeIgniter\CodeIgniter->handleRequest(null, Object(Config\Cache), false)
10 FCPATH\index.php(67): CodeIgniter\CodeIgniter->run()
11 SYSTEMPATH\Commands\Server\rewrite.php(46): require_once('FCPATH\\index.php')
CRITICAL - 2022-12-17 00:37:35 --> Cannot use object of type mysqli as array
in APPPATH\Views\layout\bookoverview.php on line 78.
 1 SYSTEMPATH\View\View.php(213): include()
 2 SYSTEMPATH\View\View.php(216): CodeIgniter\View\View->CodeIgniter\View\{closure}()
 3 SYSTEMPATH\Common.php(1134): CodeIgniter\View\View->render('layout/bookoverview', [], true)
 4 APPPATH\Controllers\Reservation.php(50): view('layout/bookoverview', [...])
 5 SYSTEMPATH\CodeIgniter.php(927): App\Controllers\Reservation->bookoverview()
 6 SYSTEMPATH\CodeIgniter.php(482): CodeIgniter\CodeIgniter->runController(Object(App\Controllers\Reservation))
 7 SYSTEMPATH\CodeIgniter.php(351): CodeIgniter\CodeIgniter->handleRequest(null, Object(Config\Cache), false)
 8 FCPATH\index.php(67): CodeIgniter\CodeIgniter->run()
 9 SYSTEMPATH\Commands\Server\rewrite.php(46): require_once('FCPATH\\index.php')
CRITICAL - 2022-12-17 00:37:47 --> Undefined variable $bookingoverview
in APPPATH\Views\layout\bookoverview.php on line 75.
 1 APPPATH\Views\layout\bookoverview.php(75): CodeIgniter\Debug\Exceptions->errorHandler(2, 'Undefined variable $bookingoverview', 'APPPATH\\Views\\layout\\bookoverview.php', 75)
 2 SYSTEMPATH\View\View.php(213): include('APPPATH\\Views\\layout\\bookoverview.php')
 3 SYSTEMPATH\View\View.php(216): CodeIgniter\View\View->CodeIgniter\View\{closure}()
 4 SYSTEMPATH\Common.php(1134): CodeIgniter\View\View->render('layout/bookoverview', [], true)
 5 APPPATH\Controllers\Reservation.php(50): view('layout/bookoverview', [...])
 6 SYSTEMPATH\CodeIgniter.php(927): App\Controllers\Reservation->bookoverview()
 7 SYSTEMPATH\CodeIgniter.php(482): CodeIgniter\CodeIgniter->runController(Object(App\Controllers\Reservation))
 8 SYSTEMPATH\CodeIgniter.php(351): CodeIgniter\CodeIgniter->handleRequest(null, Object(Config\Cache), false)
 9 FCPATH\index.php(67): CodeIgniter\CodeIgniter->run()
10 SYSTEMPATH\Commands\Server\rewrite.php(46): require_once('FCPATH\\index.php')
CRITICAL - 2022-12-17 00:37:50 --> Undefined variable $bookingoverview
in APPPATH\Views\layout\bookoverview.php on line 75.
 1 APPPATH\Views\layout\bookoverview.php(75): CodeIgniter\Debug\Exceptions->errorHandler(2, 'Undefined variable $bookingoverview', 'APPPATH\\Views\\layout\\bookoverview.php', 75)
 2 SYSTEMPATH\View\View.php(213): include('APPPATH\\Views\\layout\\bookoverview.php')
 3 SYSTEMPATH\View\View.php(216): CodeIgniter\View\View->CodeIgniter\View\{closure}()
 4 SYSTEMPATH\Common.php(1134): CodeIgniter\View\View->render('layout/bookoverview', [], true)
 5 APPPATH\Controllers\Reservation.php(50): view('layout/bookoverview', [...])
 6 SYSTEMPATH\CodeIgniter.php(927): App\Controllers\Reservation->bookoverview()
 7 SYSTEMPATH\CodeIgniter.php(482): CodeIgniter\CodeIgniter->runController(Object(App\Controllers\Reservation))
 8 SYSTEMPATH\CodeIgniter.php(351): CodeIgniter\CodeIgniter->handleRequest(null, Object(Config\Cache), false)
 9 FCPATH\index.php(67): CodeIgniter\CodeIgniter->run()
10 SYSTEMPATH\Commands\Server\rewrite.php(46): require_once('FCPATH\\index.php')
CRITICAL - 2022-12-17 00:38:46 --> Undefined variable $bookingoverview
in APPPATH\Views\layout\bookoverview.php on line 75.
 1 APPPATH\Views\layout\bookoverview.php(75): CodeIgniter\Debug\Exceptions->errorHandler(2, 'Undefined variable $bookingoverview', 'APPPATH\\Views\\layout\\bookoverview.php', 75)
 2 SYSTEMPATH\View\View.php(213): include('APPPATH\\Views\\layout\\bookoverview.php')
 3 SYSTEMPATH\View\View.php(216): CodeIgniter\View\View->CodeIgniter\View\{closure}()
 4 SYSTEMPATH\Common.php(1134): CodeIgniter\View\View->render('layout/bookoverview', [], true)
 5 APPPATH\Controllers\Reservation.php(50): view('layout/bookoverview', [...])
 6 SYSTEMPATH\CodeIgniter.php(927): App\Controllers\Reservation->bookoverview()
 7 SYSTEMPATH\CodeIgniter.php(482): CodeIgniter\CodeIgniter->runController(Object(App\Controllers\Reservation))
 8 SYSTEMPATH\CodeIgniter.php(351): CodeIgniter\CodeIgniter->handleRequest(null, Object(Config\Cache), false)
 9 FCPATH\index.php(67): CodeIgniter\CodeIgniter->run()
10 SYSTEMPATH\Commands\Server\rewrite.php(46): require_once('FCPATH\\index.php')
ERROR - 2022-12-17 00:39:12 --> mysqli_sql_exception: Not unique table/alias: 'booking' in C:\xampp\htdocs\finalproject\system\Database\MySQLi\Connection.php:292
Stack trace:
#0 C:\xampp\htdocs\finalproject\system\Database\MySQLi\Connection.php(292): mysqli->query('SELECT *\nFROM `...', 0)
#1 C:\xampp\htdocs\finalproject\system\Database\BaseConnection.php(666): CodeIgniter\Database\MySQLi\Connection->execute('SELECT *\nFROM `...')
#2 C:\xampp\htdocs\finalproject\system\Database\BaseConnection.php(593): CodeIgniter\Database\BaseConnection->simpleQuery('SELECT *\nFROM `...')
#3 C:\xampp\htdocs\finalproject\system\Database\BaseBuilder.php(1585): CodeIgniter\Database\BaseConnection->query('SELECT *\nFROM `...', Array, false)
#4 C:\xampp\htdocs\finalproject\system\Model.php(772): CodeIgniter\Database\BaseBuilder->get()
#5 C:\xampp\htdocs\finalproject\app\Controllers\Reservation.php(49): CodeIgniter\Model->__call('get', Array)
#6 C:\xampp\htdocs\finalproject\system\CodeIgniter.php(927): App\Controllers\Reservation->bookoverview()
#7 C:\xampp\htdocs\finalproject\system\CodeIgniter.php(482): CodeIgniter\CodeIgniter->runController(Object(App\Controllers\Reservation))
#8 C:\xampp\htdocs\finalproject\system\CodeIgniter.php(351): CodeIgniter\CodeIgniter->handleRequest(NULL, Object(Config\Cache), false)
#9 C:\xampp\htdocs\finalproject\public\index.php(67): CodeIgniter\CodeIgniter->run()
#10 C:\xampp\htdocs\finalproject\system\Commands\Server\rewrite.php(46): require_once('C:\\xampp\\htdocs...')
#11 {main}
CRITICAL - 2022-12-17 00:39:12 --> Not unique table/alias: 'booking'
in SYSTEMPATH\Database\MySQLi\Connection.php on line 292.
 1 SYSTEMPATH\Database\MySQLi\Connection.php(292): mysqli->query('SELECT *
FROM `booking`
JOIN `booking` ON `booking`.`id` = `book_overview`.`id`', 0)
 2 SYSTEMPATH\Database\BaseConnection.php(666): CodeIgniter\Database\MySQLi\Connection->execute('SELECT *
FROM `booking`
JOIN `booking` ON `booking`.`id` = `book_overview`.`id`')
 3 SYSTEMPATH\Database\BaseConnection.php(593): CodeIgniter\Database\BaseConnection->simpleQuery('SELECT *
FROM `booking`
JOIN `booking` ON `booking`.`id` = `book_overview`.`id`')
 4 SYSTEMPATH\Database\BaseBuilder.php(1585): CodeIgniter\Database\BaseConnection->query('SELECT *
FROM `booking`
JOIN `booking` ON `booking`.`id` = `book_overview`.`id`', [], false)
 5 SYSTEMPATH\Model.php(772): CodeIgniter\Database\BaseBuilder->get()
 6 APPPATH\Controllers\Reservation.php(49): CodeIgniter\Model->__call('get', [])
 7 SYSTEMPATH\CodeIgniter.php(927): App\Controllers\Reservation->bookoverview()
 8 SYSTEMPATH\CodeIgniter.php(482): CodeIgniter\CodeIgniter->runController(Object(App\Controllers\Reservation))
 9 SYSTEMPATH\CodeIgniter.php(351): CodeIgniter\CodeIgniter->handleRequest(null, Object(Config\Cache), false)
10 FCPATH\index.php(67): CodeIgniter\CodeIgniter->run()
11 SYSTEMPATH\Commands\Server\rewrite.php(46): require_once('FCPATH\\index.php')
ERROR - 2022-12-17 00:46:07 --> mysqli_sql_exception: Not unique table/alias: 'booking' in C:\xampp\htdocs\finalproject\system\Database\MySQLi\Connection.php:292
Stack trace:
#0 C:\xampp\htdocs\finalproject\system\Database\MySQLi\Connection.php(292): mysqli->query('SELECT *\nFROM `...', 0)
#1 C:\xampp\htdocs\finalproject\system\Database\BaseConnection.php(666): CodeIgniter\Database\MySQLi\Connection->execute('SELECT *\nFROM `...')
#2 C:\xampp\htdocs\finalproject\system\Database\BaseConnection.php(593): CodeIgniter\Database\BaseConnection->simpleQuery('SELECT *\nFROM `...')
#3 C:\xampp\htdocs\finalproject\system\Database\BaseBuilder.php(1585): CodeIgniter\Database\BaseConnection->query('SELECT *\nFROM `...', Array, false)
#4 C:\xampp\htdocs\finalproject\system\Model.php(772): CodeIgniter\Database\BaseBuilder->get()
#5 C:\xampp\htdocs\finalproject\app\Controllers\Reservation.php(49): CodeIgniter\Model->__call('get', Array)
#6 C:\xampp\htdocs\finalproject\system\CodeIgniter.php(927): App\Controllers\Reservation->bookoverview()
#7 C:\xampp\htdocs\finalproject\system\CodeIgniter.php(482): CodeIgniter\CodeIgniter->runController(Object(App\Controllers\Reservation))
#8 C:\xampp\htdocs\finalproject\system\CodeIgniter.php(351): CodeIgniter\CodeIgniter->handleRequest(NULL, Object(Config\Cache), false)
#9 C:\xampp\htdocs\finalproject\public\index.php(67): CodeIgniter\CodeIgniter->run()
#10 C:\xampp\htdocs\finalproject\system\Commands\Server\rewrite.php(46): require_once('C:\\xampp\\htdocs...')
#11 {main}
CRITICAL - 2022-12-17 00:46:07 --> Not unique table/alias: 'booking'
in SYSTEMPATH\Database\MySQLi\Connection.php on line 292.
 1 SYSTEMPATH\Database\MySQLi\Connection.php(292): mysqli->query('SELECT *
FROM `booking`
JOIN `booking` ON `booking`.`id` = `book_overview`.`id`', 0)
 2 SYSTEMPATH\Database\BaseConnection.php(666): CodeIgniter\Database\MySQLi\Connection->execute('SELECT *
FROM `booking`
JOIN `booking` ON `booking`.`id` = `book_overview`.`id`')
 3 SYSTEMPATH\Database\BaseConnection.php(593): CodeIgniter\Database\BaseConnection->simpleQuery('SELECT *
FROM `booking`
JOIN `booking` ON `booking`.`id` = `book_overview`.`id`')
 4 SYSTEMPATH\Database\BaseBuilder.php(1585): CodeIgniter\Database\BaseConnection->query('SELECT *
FROM `booking`
JOIN `booking` ON `booking`.`id` = `book_overview`.`id`', [], false)
 5 SYSTEMPATH\Model.php(772): CodeIgniter\Database\BaseBuilder->get()
 6 APPPATH\Controllers\Reservation.php(49): CodeIgniter\Model->__call('get', [])
 7 SYSTEMPATH\CodeIgniter.php(927): App\Controllers\Reservation->bookoverview()
 8 SYSTEMPATH\CodeIgniter.php(482): CodeIgniter\CodeIgniter->runController(Object(App\Controllers\Reservation))
 9 SYSTEMPATH\CodeIgniter.php(351): CodeIgniter\CodeIgniter->handleRequest(null, Object(Config\Cache), false)
10 FCPATH\index.php(67): CodeIgniter\CodeIgniter->run()
11 SYSTEMPATH\Commands\Server\rewrite.php(46): require_once('FCPATH\\index.php')
