CRITICAL - 2022-12-04 20:47:37 --> Too few arguments to function App\Controllers\Reservation::approved(), 0 passed in C:\xampp\htdocs\finalproject\system\CodeIgniter.php on line 927 and exactly 1 expected
in APPPATH\Controllers\Reservation.php on line 106.
 1 SYSTEMPATH\CodeIgniter.php(927): App\Controllers\Reservation->approved()
 2 SYSTEMPATH\CodeIgniter.php(482): CodeIgniter\CodeIgniter->runController(Object(App\Controllers\Reservation))
 3 SYSTEMPATH\CodeIgniter.php(351): CodeIgniter\CodeIgniter->handleRequest(null, Object(Config\Cache), false)
 4 FCPATH\index.php(67): CodeIgniter\CodeIgniter->run()
 5 SYSTEMPATH\Commands\Server\rewrite.php(46): require_once('FCPATH\\index.php')
CRITICAL - 2022-12-04 20:48:59 --> Too few arguments to function App\Controllers\Reservation::approved(), 0 passed in C:\xampp\htdocs\finalproject\system\CodeIgniter.php on line 927 and exactly 1 expected
in APPPATH\Controllers\Reservation.php on line 106.
 1 SYSTEMPATH\CodeIgniter.php(927): App\Controllers\Reservation->approved()
 2 SYSTEMPATH\CodeIgniter.php(482): CodeIgniter\CodeIgniter->runController(Object(App\Controllers\Reservation))
 3 SYSTEMPATH\CodeIgniter.php(351): CodeIgniter\CodeIgniter->handleRequest(null, Object(Config\Cache), false)
 4 FCPATH\index.php(67): CodeIgniter\CodeIgniter->run()
 5 SYSTEMPATH\Commands\Server\rewrite.php(46): require_once('FCPATH\\index.php')
CRITICAL - 2022-12-04 20:51:47 --> Too few arguments to function App\Controllers\Reservation::approved(), 0 passed in C:\xampp\htdocs\finalproject\system\CodeIgniter.php on line 927 and exactly 1 expected
in APPPATH\Controllers\Reservation.php on line 106.
 1 SYSTEMPATH\CodeIgniter.php(927): App\Controllers\Reservation->approved()
 2 SYSTEMPATH\CodeIgniter.php(482): CodeIgniter\CodeIgniter->runController(Object(App\Controllers\Reservation))
 3 SYSTEMPATH\CodeIgniter.php(351): CodeIgniter\CodeIgniter->handleRequest(null, Object(Config\Cache), false)
 4 FCPATH\index.php(67): CodeIgniter\CodeIgniter->run()
 5 SYSTEMPATH\Commands\Server\rewrite.php(46): require_once('FCPATH\\index.php')
CRITICAL - 2022-12-04 21:17:42 --> Too few arguments to function App\Controllers\Reservation::approved(), 0 passed in C:\xampp\htdocs\finalproject\system\CodeIgniter.php on line 927 and exactly 1 expected
in APPPATH\Controllers\Reservation.php on line 106.
 1 SYSTEMPATH\CodeIgniter.php(927): App\Controllers\Reservation->approved()
 2 SYSTEMPATH\CodeIgniter.php(482): CodeIgniter\CodeIgniter->runController(Object(App\Controllers\Reservation))
 3 SYSTEMPATH\CodeIgniter.php(351): CodeIgniter\CodeIgniter->handleRequest(null, Object(Config\Cache), false)
 4 FCPATH\index.php(67): CodeIgniter\CodeIgniter->run()
 5 SYSTEMPATH\Commands\Server\rewrite.php(46): require_once('FCPATH\\index.php')
CRITICAL - 2022-12-04 21:18:09 --> Too few arguments to function App\Controllers\Reservation::approved(), 0 passed in C:\xampp\htdocs\finalproject\system\CodeIgniter.php on line 927 and exactly 1 expected
in APPPATH\Controllers\Reservation.php on line 106.
 1 SYSTEMPATH\CodeIgniter.php(927): App\Controllers\Reservation->approved()
 2 SYSTEMPATH\CodeIgniter.php(482): CodeIgniter\CodeIgniter->runController(Object(App\Controllers\Reservation))
 3 SYSTEMPATH\CodeIgniter.php(351): CodeIgniter\CodeIgniter->handleRequest(null, Object(Config\Cache), false)
 4 FCPATH\index.php(67): CodeIgniter\CodeIgniter->run()
 5 SYSTEMPATH\Commands\Server\rewrite.php(46): require_once('FCPATH\\index.php')
CRITICAL - 2022-12-04 21:34:53 --> Too few arguments to function App\Controllers\Reservation::approved(), 0 passed in C:\xampp\htdocs\finalproject\system\CodeIgniter.php on line 927 and exactly 1 expected
in APPPATH\Controllers\Reservation.php on line 106.
 1 SYSTEMPATH\CodeIgniter.php(927): App\Controllers\Reservation->approved()
 2 SYSTEMPATH\CodeIgniter.php(482): CodeIgniter\CodeIgniter->runController(Object(App\Controllers\Reservation))
 3 SYSTEMPATH\CodeIgniter.php(351): CodeIgniter\CodeIgniter->handleRequest(null, Object(Config\Cache), false)
 4 FCPATH\index.php(67): CodeIgniter\CodeIgniter->run()
 5 SYSTEMPATH\Commands\Server\rewrite.php(46): require_once('FCPATH\\index.php')
CRITICAL - 2022-12-04 21:35:08 --> Too few arguments to function App\Controllers\Reservation::approved(), 0 passed in C:\xampp\htdocs\finalproject\system\CodeIgniter.php on line 927 and exactly 1 expected
in APPPATH\Controllers\Reservation.php on line 106.
 1 SYSTEMPATH\CodeIgniter.php(927): App\Controllers\Reservation->approved()
 2 SYSTEMPATH\CodeIgniter.php(482): CodeIgniter\CodeIgniter->runController(Object(App\Controllers\Reservation))
 3 SYSTEMPATH\CodeIgniter.php(351): CodeIgniter\CodeIgniter->handleRequest(null, Object(Config\Cache), false)
 4 FCPATH\index.php(67): CodeIgniter\CodeIgniter->run()
 5 SYSTEMPATH\Commands\Server\rewrite.php(46): require_once('FCPATH\\index.php')
CRITICAL - 2022-12-04 21:38:02 --> Too few arguments to function App\Controllers\Reservation::approved(), 0 passed in C:\xampp\htdocs\finalproject\system\CodeIgniter.php on line 927 and exactly 1 expected
in APPPATH\Controllers\Reservation.php on line 106.
 1 SYSTEMPATH\CodeIgniter.php(927): App\Controllers\Reservation->approved()
 2 SYSTEMPATH\CodeIgniter.php(482): CodeIgniter\CodeIgniter->runController(Object(App\Controllers\Reservation))
 3 SYSTEMPATH\CodeIgniter.php(351): CodeIgniter\CodeIgniter->handleRequest(null, Object(Config\Cache), false)
 4 FCPATH\index.php(67): CodeIgniter\CodeIgniter->run()
 5 SYSTEMPATH\Commands\Server\rewrite.php(46): require_once('FCPATH\\index.php')
CRITICAL - 2022-12-04 21:46:40 --> syntax error, unexpected token ";", expecting "]"
in APPPATH\Controllers\Reservation.php on line 124.
 1 SYSTEMPATH\Autoloader\Autoloader.php(259): CodeIgniter\Autoloader\Autoloader->includeFile('APPPATH\\Controllers\\Reservation.php')
 2 SYSTEMPATH\Autoloader\Autoloader.php(237): CodeIgniter\Autoloader\Autoloader->loadInNamespace('App\\Controllers\\Reservation')
 3 [internal function]: CodeIgniter\Autoloader\Autoloader->loadClass('App\\Controllers\\Reservation')
 4 SYSTEMPATH\CodeIgniter.php(877): class_exists('\\App\\Controllers\\Reservation', true)
 5 SYSTEMPATH\CodeIgniter.php(469): CodeIgniter\CodeIgniter->startController()
 6 SYSTEMPATH\CodeIgniter.php(351): CodeIgniter\CodeIgniter->handleRequest(null, Object(Config\Cache), false)
 7 FCPATH\index.php(67): CodeIgniter\CodeIgniter->run()
 8 SYSTEMPATH\Commands\Server\rewrite.php(46): require_once('FCPATH\\index.php')
CRITICAL - 2022-12-04 21:46:42 --> syntax error, unexpected token ";", expecting "]"
in APPPATH\Controllers\Reservation.php on line 124.
 1 SYSTEMPATH\Autoloader\Autoloader.php(259): CodeIgniter\Autoloader\Autoloader->includeFile('APPPATH\\Controllers\\Reservation.php')
 2 SYSTEMPATH\Autoloader\Autoloader.php(237): CodeIgniter\Autoloader\Autoloader->loadInNamespace('App\\Controllers\\Reservation')
 3 [internal function]: CodeIgniter\Autoloader\Autoloader->loadClass('App\\Controllers\\Reservation')
 4 SYSTEMPATH\CodeIgniter.php(877): class_exists('\\App\\Controllers\\Reservation', true)
 5 SYSTEMPATH\CodeIgniter.php(469): CodeIgniter\CodeIgniter->startController()
 6 SYSTEMPATH\CodeIgniter.php(351): CodeIgniter\CodeIgniter->handleRequest(null, Object(Config\Cache), false)
 7 FCPATH\index.php(67): CodeIgniter\CodeIgniter->run()
 8 SYSTEMPATH\Commands\Server\rewrite.php(46): require_once('FCPATH\\index.php')
CRITICAL - 2022-12-04 21:48:43 --> CodeIgniter\BaseModel::transformDataToArray(): Return value must be of type array, string returned
in SYSTEMPATH\BaseModel.php on line 1624.
 1 SYSTEMPATH\BaseModel.php(709): CodeIgniter\BaseModel->transformDataToArray('7', 'insert')
 2 SYSTEMPATH\Model.php(667): CodeIgniter\BaseModel->insert('7', false)
 3 SYSTEMPATH\BaseModel.php(659): CodeIgniter\Model->insert('7', false)
 4 APPPATH\Controllers\Reservation.php(125): CodeIgniter\BaseModel->save('7', [...])
 5 SYSTEMPATH\CodeIgniter.php(927): App\Controllers\Reservation->approved('7')
 6 SYSTEMPATH\CodeIgniter.php(482): CodeIgniter\CodeIgniter->runController(Object(App\Controllers\Reservation))
 7 SYSTEMPATH\CodeIgniter.php(351): CodeIgniter\CodeIgniter->handleRequest(null, Object(Config\Cache), false)
 8 FCPATH\index.php(67): CodeIgniter\CodeIgniter->run()
 9 SYSTEMPATH\Commands\Server\rewrite.php(46): require_once('FCPATH\\index.php')
CRITICAL - 2022-12-04 22:35:35 --> Undefined array key ""
in APPPATH\Views\admin_dashboard\dashboard.php on line 22.
 1 APPPATH\Views\admin_dashboard\dashboard.php(22): CodeIgniter\Debug\Exceptions->errorHandler(2, 'Undefined array key ""', 'APPPATH\\Views\\admin_dashboard\\dashboard.php', 22)
 2 SYSTEMPATH\View\View.php(213): include('APPPATH\\Views\\admin_dashboard\\dashboard.php')
 3 SYSTEMPATH\View\View.php(216): CodeIgniter\View\View->CodeIgniter\View\{closure}()
 4 SYSTEMPATH\Common.php(1134): CodeIgniter\View\View->render('admin_dashboard/dashboard', [], true)
 5 APPPATH\Controllers\AdminController.php(17): view('admin_dashboard/dashboard', [...])
 6 SYSTEMPATH\CodeIgniter.php(927): App\Controllers\AdminController->dashboard()
 7 SYSTEMPATH\CodeIgniter.php(482): CodeIgniter\CodeIgniter->runController(Object(App\Controllers\AdminController))
 8 SYSTEMPATH\CodeIgniter.php(351): CodeIgniter\CodeIgniter->handleRequest(null, Object(Config\Cache), false)
 9 FCPATH\index.php(67): CodeIgniter\CodeIgniter->run()
10 SYSTEMPATH\Commands\Server\rewrite.php(46): require_once('FCPATH\\index.php')
CRITICAL - 2022-12-04 22:38:22 --> Undefined array key ""
in APPPATH\Views\admin_dashboard\dashboard.php on line 22.
 1 APPPATH\Views\admin_dashboard\dashboard.php(22): CodeIgniter\Debug\Exceptions->errorHandler(2, 'Undefined array key ""', 'APPPATH\\Views\\admin_dashboard\\dashboard.php', 22)
 2 SYSTEMPATH\View\View.php(213): include('APPPATH\\Views\\admin_dashboard\\dashboard.php')
 3 SYSTEMPATH\View\View.php(216): CodeIgniter\View\View->CodeIgniter\View\{closure}()
 4 SYSTEMPATH\Common.php(1134): CodeIgniter\View\View->render('admin_dashboard/dashboard', [], true)
 5 APPPATH\Controllers\AdminController.php(17): view('admin_dashboard/dashboard', [...])
 6 SYSTEMPATH\CodeIgniter.php(927): App\Controllers\AdminController->dashboard()
 7 SYSTEMPATH\CodeIgniter.php(482): CodeIgniter\CodeIgniter->runController(Object(App\Controllers\AdminController))
 8 SYSTEMPATH\CodeIgniter.php(351): CodeIgniter\CodeIgniter->handleRequest(null, Object(Config\Cache), false)
 9 FCPATH\index.php(67): CodeIgniter\CodeIgniter->run()
10 SYSTEMPATH\Commands\Server\rewrite.php(46): require_once('FCPATH\\index.php')
CRITICAL - 2022-12-04 22:40:52 --> Undefined variable $booking
in APPPATH\Views\admin_dashboard\dashboard.php on line 16.
 1 APPPATH\Views\admin_dashboard\dashboard.php(16): CodeIgniter\Debug\Exceptions->errorHandler(2, 'Undefined variable $booking', 'APPPATH\\Views\\admin_dashboard\\dashboard.php', 16)
 2 SYSTEMPATH\View\View.php(213): include('APPPATH\\Views\\admin_dashboard\\dashboard.php')
 3 SYSTEMPATH\View\View.php(216): CodeIgniter\View\View->CodeIgniter\View\{closure}()
 4 SYSTEMPATH\Common.php(1134): CodeIgniter\View\View->render('admin_dashboard/dashboard', [], true)
 5 APPPATH\Controllers\AdminController.php(17): view('admin_dashboard/dashboard', [...])
 6 SYSTEMPATH\CodeIgniter.php(927): App\Controllers\AdminController->dashboard()
 7 SYSTEMPATH\CodeIgniter.php(482): CodeIgniter\CodeIgniter->runController(Object(App\Controllers\AdminController))
 8 SYSTEMPATH\CodeIgniter.php(351): CodeIgniter\CodeIgniter->handleRequest(null, Object(Config\Cache), false)
 9 FCPATH\index.php(67): CodeIgniter\CodeIgniter->run()
10 SYSTEMPATH\Commands\Server\rewrite.php(46): require_once('FCPATH\\index.php')
