CRITICAL - 2024-02-21 21:10:01 --> Invalid file: signin.php
in SYSTEMPATH\Exceptions\FrameworkException.php on line 33.
 1 SYSTEMPATH\View\View.php(201): CodeIgniter\Exceptions\FrameworkException::forInvalidFile('signin.php')
 2 SYSTEMPATH\Common.php(1134): CodeIgniter\View\View->render('signin', [], true)
 3 APPPATH\Controllers\Home.php(85): view('signin', [])
 4 SYSTEMPATH\CodeIgniter.php(927): App\Controllers\Home->signin()
 5 SYSTEMPATH\CodeIgniter.php(482): CodeIgniter\CodeIgniter->runController(Object(App\Controllers\Home))
 6 SYSTEMPATH\CodeIgniter.php(351): CodeIgniter\CodeIgniter->handleRequest(null, Object(Config\Cache), false)
 7 FCPATH\index.php(87): CodeIgniter\CodeIgniter->run()
 8 SYSTEMPATH\Commands\Server\rewrite.php(46): require_once('FCPATH\\index.php')
CRITICAL - 2024-02-21 21:10:12 --> Invalid file: signin.php
in SYSTEMPATH\Exceptions\FrameworkException.php on line 33.
 1 SYSTEMPATH\View\View.php(201): CodeIgniter\Exceptions\FrameworkException::forInvalidFile('signin.php')
 2 SYSTEMPATH\Common.php(1134): CodeIgniter\View\View->render('signin', [], true)
 3 APPPATH\Controllers\Home.php(85): view('signin', [])
 4 SYSTEMPATH\CodeIgniter.php(927): App\Controllers\Home->signin()
 5 SYSTEMPATH\CodeIgniter.php(482): CodeIgniter\CodeIgniter->runController(Object(App\Controllers\Home))
 6 SYSTEMPATH\CodeIgniter.php(351): CodeIgniter\CodeIgniter->handleRequest(null, Object(Config\Cache), false)
 7 FCPATH\index.php(87): CodeIgniter\CodeIgniter->run()
 8 SYSTEMPATH\Commands\Server\rewrite.php(46): require_once('FCPATH\\index.php')
CRITICAL - 2024-02-21 21:25:17 --> Class "App\Controllers\Account_model" not found
in APPPATH\Controllers\Account.php on line 67.
 1 SYSTEMPATH\CodeIgniter.php(927): App\Controllers\Account->register()
 2 SYSTEMPATH\CodeIgniter.php(482): CodeIgniter\CodeIgniter->runController(Object(App\Controllers\Account))
 3 SYSTEMPATH\CodeIgniter.php(351): CodeIgniter\CodeIgniter->handleRequest(null, Object(Config\Cache), false)
 4 FCPATH\index.php(87): CodeIgniter\CodeIgniter->run()
 5 SYSTEMPATH\Commands\Server\rewrite.php(46): require_once('FCPATH\\index.php')
ERROR - 2024-02-21 21:59:32 --> mysqli_sql_exception: Table 'tamtech_inventory.user' doesn't exist in C:\xampp\htdocs\tamtechhub_inventory\system\Database\MySQLi\Connection.php:292
Stack trace:
#0 C:\xampp\htdocs\tamtechhub_inventory\system\Database\MySQLi\Connection.php(292): mysqli->query('SELECT 1\nFROM `...', 0)
#1 C:\xampp\htdocs\tamtechhub_inventory\system\Database\BaseConnection.php(666): CodeIgniter\Database\MySQLi\Connection->execute('SELECT 1\nFROM `...')
#2 C:\xampp\htdocs\tamtechhub_inventory\system\Database\BaseConnection.php(593): CodeIgniter\Database\BaseConnection->simpleQuery('SELECT 1\nFROM `...')
#3 C:\xampp\htdocs\tamtechhub_inventory\system\Database\BaseBuilder.php(1585): CodeIgniter\Database\BaseConnection->query('SELECT 1\nFROM `...', Array, false)
#4 C:\xampp\htdocs\tamtechhub_inventory\system\Validation\Rules.php(142): CodeIgniter\Database\BaseBuilder->get()
#5 C:\xampp\htdocs\tamtechhub_inventory\system\Validation\Validation.php(315): CodeIgniter\Validation\Rules->is_unique('carlosbernales', 'email', Array, NULL, 'username')
#6 C:\xampp\htdocs\tamtechhub_inventory\system\Validation\Validation.php(175): CodeIgniter\Validation\Validation->processRules('username', 'username', 'carlosbernales', Array, Array)
#7 C:\xampp\htdocs\tamtechhub_inventory\system\Controller.php(140): CodeIgniter\Validation\Validation->run()
#8 C:\xampp\htdocs\tamtechhub_inventory\app\Controllers\Account.php(67): CodeIgniter\Controller->validate(Array)
#9 C:\xampp\htdocs\tamtechhub_inventory\system\CodeIgniter.php(927): App\Controllers\Account->register()
#10 C:\xampp\htdocs\tamtechhub_inventory\system\CodeIgniter.php(482): CodeIgniter\CodeIgniter->runController(Object(App\Controllers\Account))
#11 C:\xampp\htdocs\tamtechhub_inventory\system\CodeIgniter.php(351): CodeIgniter\CodeIgniter->handleRequest(NULL, Object(Config\Cache), false)
#12 C:\xampp\htdocs\tamtechhub_inventory\public\index.php(87): CodeIgniter\CodeIgniter->run()
#13 C:\xampp\htdocs\tamtechhub_inventory\system\Commands\Server\rewrite.php(46): require_once('C:\\xampp\\htdocs...')
#14 {main}
CRITICAL - 2024-02-21 21:59:32 --> Table 'tamtech_inventory.user' doesn't exist
in SYSTEMPATH\Database\MySQLi\Connection.php on line 292.
 1 SYSTEMPATH\Database\MySQLi\Connection.php(292): mysqli->query('SELECT 1
FROM `user`
WHERE `email` = \'carlosbernales\'
 LIMIT 1', 0)
 2 SYSTEMPATH\Database\BaseConnection.php(666): CodeIgniter\Database\MySQLi\Connection->execute('SELECT 1
FROM `user`
WHERE `email` = \'carlosbernales\'
 LIMIT 1')
 3 SYSTEMPATH\Database\BaseConnection.php(593): CodeIgniter\Database\BaseConnection->simpleQuery('SELECT 1
FROM `user`
WHERE `email` = \'carlosbernales\'
 LIMIT 1')
 4 SYSTEMPATH\Database\BaseBuilder.php(1585): CodeIgniter\Database\BaseConnection->query('SELECT 1
FROM `user`
WHERE `email` = :email:
 LIMIT 1', [...], false)
 5 SYSTEMPATH\Validation\Rules.php(142): CodeIgniter\Database\BaseBuilder->get()
 6 SYSTEMPATH\Validation\Validation.php(315): CodeIgniter\Validation\Rules->is_unique('carlosbernales', 'email', [...], null, 'username')
 7 SYSTEMPATH\Validation\Validation.php(175): CodeIgniter\Validation\Validation->processRules('username', 'username', 'carlosbernales', [...], [...])
 8 SYSTEMPATH\Controller.php(140): CodeIgniter\Validation\Validation->run()
 9 APPPATH\Controllers\Account.php(67): CodeIgniter\Controller->validate([...])
10 SYSTEMPATH\CodeIgniter.php(927): App\Controllers\Account->register()
11 SYSTEMPATH\CodeIgniter.php(482): CodeIgniter\CodeIgniter->runController(Object(App\Controllers\Account))
12 SYSTEMPATH\CodeIgniter.php(351): CodeIgniter\CodeIgniter->handleRequest(null, Object(Config\Cache), false)
13 FCPATH\index.php(87): CodeIgniter\CodeIgniter->run()
14 SYSTEMPATH\Commands\Server\rewrite.php(46): require_once('FCPATH\\index.php')
CRITICAL - 2024-02-21 23:43:22 --> Invalid file: signin.php
in SYSTEMPATH\Exceptions\FrameworkException.php on line 33.
 1 SYSTEMPATH\View\View.php(201): CodeIgniter\Exceptions\FrameworkException::forInvalidFile('signin.php')
 2 SYSTEMPATH\Common.php(1134): CodeIgniter\View\View->render('signin', [], true)
 3 APPPATH\Controllers\Account.php(148): view('signin', [...])
 4 SYSTEMPATH\CodeIgniter.php(927): App\Controllers\Account->signin()
 5 SYSTEMPATH\CodeIgniter.php(482): CodeIgniter\CodeIgniter->runController(Object(App\Controllers\Account))
 6 SYSTEMPATH\CodeIgniter.php(351): CodeIgniter\CodeIgniter->handleRequest(null, Object(Config\Cache), false)
 7 FCPATH\index.php(87): CodeIgniter\CodeIgniter->run()
 8 SYSTEMPATH\Commands\Server\rewrite.php(46): require_once('FCPATH\\index.php')
CRITICAL - 2024-02-21 23:57:09 --> Invalid file: dashboard.php
in SYSTEMPATH\Exceptions\FrameworkException.php on line 33.
 1 SYSTEMPATH\View\View.php(201): CodeIgniter\Exceptions\FrameworkException::forInvalidFile('dashboard.php')
 2 SYSTEMPATH\Common.php(1134): CodeIgniter\View\View->render('dashboard', [], true)
 3 APPPATH\Controllers\Home.php(53): view('dashboard')
 4 SYSTEMPATH\CodeIgniter.php(927): App\Controllers\Home->dashboard()
 5 SYSTEMPATH\CodeIgniter.php(482): CodeIgniter\CodeIgniter->runController(Object(App\Controllers\Home))
 6 SYSTEMPATH\CodeIgniter.php(351): CodeIgniter\CodeIgniter->handleRequest(null, Object(Config\Cache), false)
 7 FCPATH\index.php(87): CodeIgniter\CodeIgniter->run()
 8 SYSTEMPATH\Commands\Server\rewrite.php(46): require_once('FCPATH\\index.php')
CRITICAL - 2024-02-21 23:57:12 --> Invalid file: dashboard.php
in SYSTEMPATH\Exceptions\FrameworkException.php on line 33.
 1 SYSTEMPATH\View\View.php(201): CodeIgniter\Exceptions\FrameworkException::forInvalidFile('dashboard.php')
 2 SYSTEMPATH\Common.php(1134): CodeIgniter\View\View->render('dashboard', [], true)
 3 APPPATH\Controllers\Home.php(53): view('dashboard')
 4 SYSTEMPATH\CodeIgniter.php(927): App\Controllers\Home->dashboard()
 5 SYSTEMPATH\CodeIgniter.php(482): CodeIgniter\CodeIgniter->runController(Object(App\Controllers\Home))
 6 SYSTEMPATH\CodeIgniter.php(351): CodeIgniter\CodeIgniter->handleRequest(null, Object(Config\Cache), false)
 7 FCPATH\index.php(87): CodeIgniter\CodeIgniter->run()
 8 SYSTEMPATH\Commands\Server\rewrite.php(46): require_once('FCPATH\\index.php')
