ERROR - 2023-05-28 04:37:33 --> mysqli_sql_exception: Table 'finalproject.product' doesn't exist in C:\xampp\htdocs\Florist-Event-Reservation-Ordering\system\Database\MySQLi\Connection.php:292
Stack trace:
#0 C:\xampp\htdocs\Florist-Event-Reservation-Ordering\system\Database\MySQLi\Connection.php(292): mysqli->query('SELECT *\nFROM `...', 0)
#1 C:\xampp\htdocs\Florist-Event-Reservation-Ordering\system\Database\BaseConnection.php(666): CodeIgniter\Database\MySQLi\Connection->execute('SELECT *\nFROM `...')
#2 C:\xampp\htdocs\Florist-Event-Reservation-Ordering\system\Database\BaseConnection.php(593): CodeIgniter\Database\BaseConnection->simpleQuery('SELECT *\nFROM `...')
#3 C:\xampp\htdocs\Florist-Event-Reservation-Ordering\system\Database\BaseBuilder.php(1585): CodeIgniter\Database\BaseConnection->query('SELECT *\nFROM `...', Array, false)
#4 C:\xampp\htdocs\Florist-Event-Reservation-Ordering\system\Model.php(223): CodeIgniter\Database\BaseBuilder->get()
#5 C:\xampp\htdocs\Florist-Event-Reservation-Ordering\system\BaseModel.php(585): CodeIgniter\Model->doFindAll(0, 0)
#6 C:\xampp\htdocs\Florist-Event-Reservation-Ordering\app\Controllers\Booking.php(32): CodeIgniter\BaseModel->findAll()
#7 C:\xampp\htdocs\Florist-Event-Reservation-Ordering\system\CodeIgniter.php(927): App\Controllers\Booking->book_now()
#8 C:\xampp\htdocs\Florist-Event-Reservation-Ordering\system\CodeIgniter.php(482): CodeIgniter\CodeIgniter->runController(Object(App\Controllers\Booking))
#9 C:\xampp\htdocs\Florist-Event-Reservation-Ordering\system\CodeIgniter.php(351): CodeIgniter\CodeIgniter->handleRequest(NULL, Object(Config\Cache), false)
#10 C:\xampp\htdocs\Florist-Event-Reservation-Ordering\public\index.php(67): CodeIgniter\CodeIgniter->run()
#11 C:\xampp\htdocs\Florist-Event-Reservation-Ordering\system\Commands\Server\rewrite.php(46): require_once('C:\\xampp\\htdocs...')
#12 {main}
CRITICAL - 2023-05-28 04:37:33 --> Table 'finalproject.product' doesn't exist
in SYSTEMPATH\Database\MySQLi\Connection.php on line 292.
 1 SYSTEMPATH\Database\MySQLi\Connection.php(292): mysqli->query('SELECT *
FROM `product`
JOIN `cart` ON `cart`.`fk_product_id` = `product`.`id`
WHERE `cart`.`fk_user_id` = \'1\'', 0)
 2 SYSTEMPATH\Database\BaseConnection.php(666): CodeIgniter\Database\MySQLi\Connection->execute('SELECT *
FROM `product`
JOIN `cart` ON `cart`.`fk_product_id` = `product`.`id`
WHERE `cart`.`fk_user_id` = \'1\'')
 3 SYSTEMPATH\Database\BaseConnection.php(593): CodeIgniter\Database\BaseConnection->simpleQuery('SELECT *
FROM `product`
JOIN `cart` ON `cart`.`fk_product_id` = `product`.`id`
WHERE `cart`.`fk_user_id` = \'1\'')
 4 SYSTEMPATH\Database\BaseBuilder.php(1585): CodeIgniter\Database\BaseConnection->query('SELECT *
FROM `product`
JOIN `cart` ON `cart`.`fk_product_id` = `product`.`id`
WHERE `cart`.`fk_user_id` = :cart.fk_user_id:', [...], false)
 5 SYSTEMPATH\Model.php(223): CodeIgniter\Database\BaseBuilder->get()
 6 SYSTEMPATH\BaseModel.php(585): CodeIgniter\Model->doFindAll(0, 0)
 7 APPPATH\Controllers\Booking.php(32): CodeIgniter\BaseModel->findAll()
 8 SYSTEMPATH\CodeIgniter.php(927): App\Controllers\Booking->book_now()
 9 SYSTEMPATH\CodeIgniter.php(482): CodeIgniter\CodeIgniter->runController(Object(App\Controllers\Booking))
10 SYSTEMPATH\CodeIgniter.php(351): CodeIgniter\CodeIgniter->handleRequest(null, Object(Config\Cache), false)
11 FCPATH\index.php(67): CodeIgniter\CodeIgniter->run()
12 SYSTEMPATH\Commands\Server\rewrite.php(46): require_once('FCPATH\\index.php')
CRITICAL - 2023-05-28 05:45:54 --> Undefined array key "username"
in APPPATH\Views\admin\adminlte3\index.php on line 84.
 1 APPPATH\Views\admin\adminlte3\index.php(84): CodeIgniter\Debug\Exceptions->errorHandler(2, 'Undefined array key "username"', 'APPPATH\\Views\\admin\\adminlte3\\index.php', 84)
 2 SYSTEMPATH\View\View.php(213): include('APPPATH\\Views\\admin\\adminlte3\\index.php')
 3 SYSTEMPATH\View\View.php(216): CodeIgniter\View\View->CodeIgniter\View\{closure}()
 4 SYSTEMPATH\View\View.php(229): CodeIgniter\View\View->render('admin/adminlte3/index', [], true)
 5 SYSTEMPATH\Common.php(1134): CodeIgniter\View\View->render('admin/orders/ordersedit', [], true)
 6 APPPATH\Controllers\Orders.php(19): view('admin/orders/ordersedit', [...])
 7 SYSTEMPATH\CodeIgniter.php(927): App\Controllers\Orders->ordersedit('9')
 8 SYSTEMPATH\CodeIgniter.php(482): CodeIgniter\CodeIgniter->runController(Object(App\Controllers\Orders))
 9 SYSTEMPATH\CodeIgniter.php(351): CodeIgniter\CodeIgniter->handleRequest(null, Object(Config\Cache), false)
10 FCPATH\index.php(67): CodeIgniter\CodeIgniter->run()
11 SYSTEMPATH\Commands\Server\rewrite.php(46): require_once('FCPATH\\index.php')
CRITICAL - 2023-05-28 06:10:31 --> Undefined array key "category"
in APPPATH\Views\home\bookings\my_booking.php on line 70.
 1 APPPATH\Views\home\bookings\my_booking.php(70): CodeIgniter\Debug\Exceptions->errorHandler(2, 'Undefined array key "category"', 'APPPATH\\Views\\home\\bookings\\my_booking.php', 70)
 2 SYSTEMPATH\View\View.php(213): include('APPPATH\\Views\\home\\bookings\\my_booking.php')
 3 SYSTEMPATH\View\View.php(216): CodeIgniter\View\View->CodeIgniter\View\{closure}()
 4 SYSTEMPATH\Common.php(1134): CodeIgniter\View\View->render('home/bookings/my_booking', [], true)
 5 APPPATH\Views\includes\template.php(2): view('home/bookings/my_booking')
 6 SYSTEMPATH\View\View.php(213): include('APPPATH\\Views\\includes\\template.php')
 7 SYSTEMPATH\View\View.php(216): CodeIgniter\View\View->CodeIgniter\View\{closure}()
 8 SYSTEMPATH\Common.php(1134): CodeIgniter\View\View->render('includes/template', [], true)
 9 APPPATH\Controllers\Booking.php(220): view('includes/template', [...])
10 SYSTEMPATH\CodeIgniter.php(927): App\Controllers\Booking->my_booking()
11 SYSTEMPATH\CodeIgniter.php(482): CodeIgniter\CodeIgniter->runController(Object(App\Controllers\Booking))
12 SYSTEMPATH\CodeIgniter.php(351): CodeIgniter\CodeIgniter->handleRequest(null, Object(Config\Cache), false)
13 FCPATH\index.php(67): CodeIgniter\CodeIgniter->run()
14 SYSTEMPATH\Commands\Server\rewrite.php(46): require_once('FCPATH\\index.php')
CRITICAL - 2023-05-28 06:10:59 --> Undefined array key "grooms_name"
in APPPATH\Views\home\bookings\my_booking.php on line 104.
 1 APPPATH\Views\home\bookings\my_booking.php(104): CodeIgniter\Debug\Exceptions->errorHandler(2, 'Undefined array key "grooms_name"', 'APPPATH\\Views\\home\\bookings\\my_booking.php', 104)
 2 SYSTEMPATH\View\View.php(213): include('APPPATH\\Views\\home\\bookings\\my_booking.php')
 3 SYSTEMPATH\View\View.php(216): CodeIgniter\View\View->CodeIgniter\View\{closure}()
 4 SYSTEMPATH\Common.php(1134): CodeIgniter\View\View->render('home/bookings/my_booking', [], true)
 5 APPPATH\Views\includes\template.php(2): view('home/bookings/my_booking')
 6 SYSTEMPATH\View\View.php(213): include('APPPATH\\Views\\includes\\template.php')
 7 SYSTEMPATH\View\View.php(216): CodeIgniter\View\View->CodeIgniter\View\{closure}()
 8 SYSTEMPATH\Common.php(1134): CodeIgniter\View\View->render('includes/template', [], true)
 9 APPPATH\Controllers\Booking.php(220): view('includes/template', [...])
10 SYSTEMPATH\CodeIgniter.php(927): App\Controllers\Booking->my_booking()
11 SYSTEMPATH\CodeIgniter.php(482): CodeIgniter\CodeIgniter->runController(Object(App\Controllers\Booking))
12 SYSTEMPATH\CodeIgniter.php(351): CodeIgniter\CodeIgniter->handleRequest(null, Object(Config\Cache), false)
13 FCPATH\index.php(67): CodeIgniter\CodeIgniter->run()
14 SYSTEMPATH\Commands\Server\rewrite.php(46): require_once('FCPATH\\index.php')
CRITICAL - 2023-05-28 06:11:25 --> Undefined array key "grooms_name"
in APPPATH\Views\home\bookings\my_booking.php on line 104.
 1 APPPATH\Views\home\bookings\my_booking.php(104): CodeIgniter\Debug\Exceptions->errorHandler(2, 'Undefined array key "grooms_name"', 'APPPATH\\Views\\home\\bookings\\my_booking.php', 104)
 2 SYSTEMPATH\View\View.php(213): include('APPPATH\\Views\\home\\bookings\\my_booking.php')
 3 SYSTEMPATH\View\View.php(216): CodeIgniter\View\View->CodeIgniter\View\{closure}()
 4 SYSTEMPATH\Common.php(1134): CodeIgniter\View\View->render('home/bookings/my_booking', [], true)
 5 APPPATH\Views\includes\template.php(2): view('home/bookings/my_booking')
 6 SYSTEMPATH\View\View.php(213): include('APPPATH\\Views\\includes\\template.php')
 7 SYSTEMPATH\View\View.php(216): CodeIgniter\View\View->CodeIgniter\View\{closure}()
 8 SYSTEMPATH\Common.php(1134): CodeIgniter\View\View->render('includes/template', [], true)
 9 APPPATH\Controllers\Booking.php(220): view('includes/template', [...])
10 SYSTEMPATH\CodeIgniter.php(927): App\Controllers\Booking->my_booking()
11 SYSTEMPATH\CodeIgniter.php(482): CodeIgniter\CodeIgniter->runController(Object(App\Controllers\Booking))
12 SYSTEMPATH\CodeIgniter.php(351): CodeIgniter\CodeIgniter->handleRequest(null, Object(Config\Cache), false)
13 FCPATH\index.php(67): CodeIgniter\CodeIgniter->run()
14 SYSTEMPATH\Commands\Server\rewrite.php(46): require_once('FCPATH\\index.php')
CRITICAL - 2023-05-28 09:04:36 --> Undefined variable $data_time
in APPPATH\Controllers\Booking.php on line 196.
 1 APPPATH\Controllers\Booking.php(196): CodeIgniter\Debug\Exceptions->errorHandler(2, 'Undefined variable $data_time', 'APPPATH\\Controllers\\Booking.php', 196)
 2 SYSTEMPATH\CodeIgniter.php(927): App\Controllers\Booking->book_now()
 3 SYSTEMPATH\CodeIgniter.php(482): CodeIgniter\CodeIgniter->runController(Object(App\Controllers\Booking))
 4 SYSTEMPATH\CodeIgniter.php(351): CodeIgniter\CodeIgniter->handleRequest(null, Object(Config\Cache), false)
 5 FCPATH\index.php(67): CodeIgniter\CodeIgniter->run()
 6 SYSTEMPATH\Commands\Server\rewrite.php(46): require_once('FCPATH\\index.php')
CRITICAL - 2023-05-28 09:18:12 --> Call to a member function getPost() on null
in APPPATH\Models\Booking_model.php on line 27.
 1 APPPATH\Controllers\Booking.php(194): App\Models\Booking_model->time_availability()
 2 SYSTEMPATH\CodeIgniter.php(927): App\Controllers\Booking->book_now()
 3 SYSTEMPATH\CodeIgniter.php(482): CodeIgniter\CodeIgniter->runController(Object(App\Controllers\Booking))
 4 SYSTEMPATH\CodeIgniter.php(351): CodeIgniter\CodeIgniter->handleRequest(null, Object(Config\Cache), false)
 5 FCPATH\index.php(67): CodeIgniter\CodeIgniter->run()
 6 SYSTEMPATH\Commands\Server\rewrite.php(46): require_once('FCPATH\\index.php')
CRITICAL - 2023-05-28 09:18:37 --> Undefined variable $userTime
in APPPATH\Models\Booking_model.php on line 27.
 1 APPPATH\Models\Booking_model.php(27): CodeIgniter\Debug\Exceptions->errorHandler(2, 'Undefined variable $userTime', 'APPPATH\\Models\\Booking_model.php', 27)
 2 APPPATH\Controllers\Booking.php(196): App\Models\Booking_model->time_availability('11:19')
 3 SYSTEMPATH\CodeIgniter.php(927): App\Controllers\Booking->book_now()
 4 SYSTEMPATH\CodeIgniter.php(482): CodeIgniter\CodeIgniter->runController(Object(App\Controllers\Booking))
 5 SYSTEMPATH\CodeIgniter.php(351): CodeIgniter\CodeIgniter->handleRequest(null, Object(Config\Cache), false)
 6 FCPATH\index.php(67): CodeIgniter\CodeIgniter->run()
 7 SYSTEMPATH\Commands\Server\rewrite.php(46): require_once('FCPATH\\index.php')
CRITICAL - 2023-05-28 09:19:00 --> Undefined variable $userTime
in APPPATH\Models\Booking_model.php on line 30.
 1 APPPATH\Models\Booking_model.php(30): CodeIgniter\Debug\Exceptions->errorHandler(2, 'Undefined variable $userTime', 'APPPATH\\Models\\Booking_model.php', 30)
 2 APPPATH\Controllers\Booking.php(196): App\Models\Booking_model->time_availability('15:19')
 3 SYSTEMPATH\CodeIgniter.php(927): App\Controllers\Booking->book_now()
 4 SYSTEMPATH\CodeIgniter.php(482): CodeIgniter\CodeIgniter->runController(Object(App\Controllers\Booking))
 5 SYSTEMPATH\CodeIgniter.php(351): CodeIgniter\CodeIgniter->handleRequest(null, Object(Config\Cache), false)
 6 FCPATH\index.php(67): CodeIgniter\CodeIgniter->run()
 7 SYSTEMPATH\Commands\Server\rewrite.php(46): require_once('FCPATH\\index.php')
CRITICAL - 2023-05-28 09:21:58 --> Undefined variable $userTime
in APPPATH\Models\Booking_model.php on line 30.
 1 APPPATH\Models\Booking_model.php(30): CodeIgniter\Debug\Exceptions->errorHandler(2, 'Undefined variable $userTime', 'APPPATH\\Models\\Booking_model.php', 30)
 2 APPPATH\Controllers\Booking.php(196): App\Models\Booking_model->time_availability('15:19')
 3 SYSTEMPATH\CodeIgniter.php(927): App\Controllers\Booking->book_now()
 4 SYSTEMPATH\CodeIgniter.php(482): CodeIgniter\CodeIgniter->runController(Object(App\Controllers\Booking))
 5 SYSTEMPATH\CodeIgniter.php(351): CodeIgniter\CodeIgniter->handleRequest(null, Object(Config\Cache), false)
 6 FCPATH\index.php(67): CodeIgniter\CodeIgniter->run()
 7 SYSTEMPATH\Commands\Server\rewrite.php(46): require_once('FCPATH\\index.php')
CRITICAL - 2023-05-28 09:22:19 --> Undefined variable $userTime
in APPPATH\Models\Booking_model.php on line 30.
 1 APPPATH\Models\Booking_model.php(30): CodeIgniter\Debug\Exceptions->errorHandler(2, 'Undefined variable $userTime', 'APPPATH\\Models\\Booking_model.php', 30)
 2 APPPATH\Controllers\Booking.php(196): App\Models\Booking_model->time_availability('15:19')
 3 SYSTEMPATH\CodeIgniter.php(927): App\Controllers\Booking->book_now()
 4 SYSTEMPATH\CodeIgniter.php(482): CodeIgniter\CodeIgniter->runController(Object(App\Controllers\Booking))
 5 SYSTEMPATH\CodeIgniter.php(351): CodeIgniter\CodeIgniter->handleRequest(null, Object(Config\Cache), false)
 6 FCPATH\index.php(67): CodeIgniter\CodeIgniter->run()
 7 SYSTEMPATH\Commands\Server\rewrite.php(46): require_once('FCPATH\\index.php')
CRITICAL - 2023-05-28 09:23:08 --> Undefined property: App\Controllers\Booking::$db
in APPPATH\Controllers\Booking.php on line 197.
 1 APPPATH\Controllers\Booking.php(197): CodeIgniter\Debug\Exceptions->errorHandler(2, 'Undefined property: App\\Controllers\\Booking::$db', 'APPPATH\\Controllers\\Booking.php', 197)
 2 SYSTEMPATH\CodeIgniter.php(927): App\Controllers\Booking->book_now()
 3 SYSTEMPATH\CodeIgniter.php(482): CodeIgniter\CodeIgniter->runController(Object(App\Controllers\Booking))
 4 SYSTEMPATH\CodeIgniter.php(351): CodeIgniter\CodeIgniter->handleRequest(null, Object(Config\Cache), false)
 5 FCPATH\index.php(67): CodeIgniter\CodeIgniter->run()
 6 SYSTEMPATH\Commands\Server\rewrite.php(46): require_once('FCPATH\\index.php')
CRITICAL - 2023-05-28 09:44:03 --> Undefined variable $bookingModel
in APPPATH\Controllers\Booking.php on line 202.
 1 APPPATH\Controllers\Booking.php(202): CodeIgniter\Debug\Exceptions->errorHandler(2, 'Undefined variable $bookingModel', 'APPPATH\\Controllers\\Booking.php', 202)
 2 SYSTEMPATH\CodeIgniter.php(927): App\Controllers\Booking->book_now()
 3 SYSTEMPATH\CodeIgniter.php(482): CodeIgniter\CodeIgniter->runController(Object(App\Controllers\Booking))
 4 SYSTEMPATH\CodeIgniter.php(351): CodeIgniter\CodeIgniter->handleRequest(null, Object(Config\Cache), false)
 5 FCPATH\index.php(67): CodeIgniter\CodeIgniter->run()
 6 SYSTEMPATH\Commands\Server\rewrite.php(46): require_once('FCPATH\\index.php')
CRITICAL - 2023-05-28 09:58:52 --> Undefined variable $bookingModel
in APPPATH\Controllers\Booking.php on line 199.
 1 APPPATH\Controllers\Booking.php(199): CodeIgniter\Debug\Exceptions->errorHandler(2, 'Undefined variable $bookingModel', 'APPPATH\\Controllers\\Booking.php', 199)
 2 SYSTEMPATH\CodeIgniter.php(927): App\Controllers\Booking->book_now()
 3 SYSTEMPATH\CodeIgniter.php(482): CodeIgniter\CodeIgniter->runController(Object(App\Controllers\Booking))
 4 SYSTEMPATH\CodeIgniter.php(351): CodeIgniter\CodeIgniter->handleRequest(null, Object(Config\Cache), false)
 5 FCPATH\index.php(67): CodeIgniter\CodeIgniter->run()
 6 SYSTEMPATH\Commands\Server\rewrite.php(46): require_once('FCPATH\\index.php')
CRITICAL - 2023-05-28 10:34:59 --> Undefined variable $date
in APPPATH\Controllers\Booking.php on line 197.
 1 APPPATH\Controllers\Booking.php(197): CodeIgniter\Debug\Exceptions->errorHandler(2, 'Undefined variable $date', 'APPPATH\\Controllers\\Booking.php', 197)
 2 SYSTEMPATH\CodeIgniter.php(927): App\Controllers\Booking->book_now()
 3 SYSTEMPATH\CodeIgniter.php(482): CodeIgniter\CodeIgniter->runController(Object(App\Controllers\Booking))
 4 SYSTEMPATH\CodeIgniter.php(351): CodeIgniter\CodeIgniter->handleRequest(null, Object(Config\Cache), false)
 5 FCPATH\index.php(67): CodeIgniter\CodeIgniter->run()
 6 SYSTEMPATH\Commands\Server\rewrite.php(46): require_once('FCPATH\\index.php')
CRITICAL - 2023-05-28 11:10:06 --> Undefined variable $bookingModel
in APPPATH\Controllers\Booking.php on line 196.
 1 APPPATH\Controllers\Booking.php(196): CodeIgniter\Debug\Exceptions->errorHandler(2, 'Undefined variable $bookingModel', 'APPPATH\\Controllers\\Booking.php', 196)
 2 SYSTEMPATH\CodeIgniter.php(927): App\Controllers\Booking->book_now()
 3 SYSTEMPATH\CodeIgniter.php(482): CodeIgniter\CodeIgniter->runController(Object(App\Controllers\Booking))
 4 SYSTEMPATH\CodeIgniter.php(351): CodeIgniter\CodeIgniter->handleRequest(null, Object(Config\Cache), false)
 5 FCPATH\index.php(67): CodeIgniter\CodeIgniter->run()
 6 SYSTEMPATH\Commands\Server\rewrite.php(46): require_once('FCPATH\\index.php')
CRITICAL - 2023-05-28 11:15:38 --> Undefined variable $bookingModel
in APPPATH\Controllers\Booking.php on line 204.
 1 APPPATH\Controllers\Booking.php(204): CodeIgniter\Debug\Exceptions->errorHandler(2, 'Undefined variable $bookingModel', 'APPPATH\\Controllers\\Booking.php', 204)
 2 SYSTEMPATH\CodeIgniter.php(927): App\Controllers\Booking->book_now()
 3 SYSTEMPATH\CodeIgniter.php(482): CodeIgniter\CodeIgniter->runController(Object(App\Controllers\Booking))
 4 SYSTEMPATH\CodeIgniter.php(351): CodeIgniter\CodeIgniter->handleRequest(null, Object(Config\Cache), false)
 5 FCPATH\index.php(67): CodeIgniter\CodeIgniter->run()
 6 SYSTEMPATH\Commands\Server\rewrite.php(46): require_once('FCPATH\\index.php')
CRITICAL - 2023-05-28 11:17:26 --> Undefined variable $nextTimeSlot
in APPPATH\Controllers\Booking.php on line 198.
 1 APPPATH\Controllers\Booking.php(198): CodeIgniter\Debug\Exceptions->errorHandler(2, 'Undefined variable $nextTimeSlot', 'APPPATH\\Controllers\\Booking.php', 198)
 2 SYSTEMPATH\CodeIgniter.php(927): App\Controllers\Booking->book_now()
 3 SYSTEMPATH\CodeIgniter.php(482): CodeIgniter\CodeIgniter->runController(Object(App\Controllers\Booking))
 4 SYSTEMPATH\CodeIgniter.php(351): CodeIgniter\CodeIgniter->handleRequest(null, Object(Config\Cache), false)
 5 FCPATH\index.php(67): CodeIgniter\CodeIgniter->run()
 6 SYSTEMPATH\Commands\Server\rewrite.php(46): require_once('FCPATH\\index.php')
CRITICAL - 2023-05-28 11:18:10 --> Undefined variable $bookingModel
in APPPATH\Controllers\Booking.php on line 198.
 1 APPPATH\Controllers\Booking.php(198): CodeIgniter\Debug\Exceptions->errorHandler(2, 'Undefined variable $bookingModel', 'APPPATH\\Controllers\\Booking.php', 198)
 2 SYSTEMPATH\CodeIgniter.php(927): App\Controllers\Booking->book_now()
 3 SYSTEMPATH\CodeIgniter.php(482): CodeIgniter\CodeIgniter->runController(Object(App\Controllers\Booking))
 4 SYSTEMPATH\CodeIgniter.php(351): CodeIgniter\CodeIgniter->handleRequest(null, Object(Config\Cache), false)
 5 FCPATH\index.php(67): CodeIgniter\CodeIgniter->run()
 6 SYSTEMPATH\Commands\Server\rewrite.php(46): require_once('FCPATH\\index.php')
CRITICAL - 2023-05-28 11:29:21 --> Undefined array key "phone"
in APPPATH\Views\home\bookings\my_booking.php on line 73.
 1 APPPATH\Views\home\bookings\my_booking.php(73): CodeIgniter\Debug\Exceptions->errorHandler(2, 'Undefined array key "phone"', 'APPPATH\\Views\\home\\bookings\\my_booking.php', 73)
 2 SYSTEMPATH\View\View.php(213): include('APPPATH\\Views\\home\\bookings\\my_booking.php')
 3 SYSTEMPATH\View\View.php(216): CodeIgniter\View\View->CodeIgniter\View\{closure}()
 4 SYSTEMPATH\Common.php(1134): CodeIgniter\View\View->render('home/bookings/my_booking', [], true)
 5 APPPATH\Views\includes\template.php(2): view('home/bookings/my_booking')
 6 SYSTEMPATH\View\View.php(213): include('APPPATH\\Views\\includes\\template.php')
 7 SYSTEMPATH\View\View.php(216): CodeIgniter\View\View->CodeIgniter\View\{closure}()
 8 SYSTEMPATH\Common.php(1134): CodeIgniter\View\View->render('includes/template', [], true)
 9 APPPATH\Controllers\Booking.php(243): view('includes/template', [...])
10 SYSTEMPATH\CodeIgniter.php(927): App\Controllers\Booking->my_booking()
11 SYSTEMPATH\CodeIgniter.php(482): CodeIgniter\CodeIgniter->runController(Object(App\Controllers\Booking))
12 SYSTEMPATH\CodeIgniter.php(351): CodeIgniter\CodeIgniter->handleRequest(null, Object(Config\Cache), false)
13 FCPATH\index.php(67): CodeIgniter\CodeIgniter->run()
14 SYSTEMPATH\Commands\Server\rewrite.php(46): require_once('FCPATH\\index.php')
CRITICAL - 2023-05-28 11:32:10 --> Undefined array key "phone"
in APPPATH\Views\home\bookings\my_booking.php on line 75.
 1 APPPATH\Views\home\bookings\my_booking.php(75): CodeIgniter\Debug\Exceptions->errorHandler(2, 'Undefined array key "phone"', 'APPPATH\\Views\\home\\bookings\\my_booking.php', 75)
 2 SYSTEMPATH\View\View.php(213): include('APPPATH\\Views\\home\\bookings\\my_booking.php')
 3 SYSTEMPATH\View\View.php(216): CodeIgniter\View\View->CodeIgniter\View\{closure}()
 4 SYSTEMPATH\Common.php(1134): CodeIgniter\View\View->render('home/bookings/my_booking', [], true)
 5 APPPATH\Views\includes\template.php(2): view('home/bookings/my_booking')
 6 SYSTEMPATH\View\View.php(213): include('APPPATH\\Views\\includes\\template.php')
 7 SYSTEMPATH\View\View.php(216): CodeIgniter\View\View->CodeIgniter\View\{closure}()
 8 SYSTEMPATH\Common.php(1134): CodeIgniter\View\View->render('includes/template', [], true)
 9 APPPATH\Controllers\Booking.php(243): view('includes/template', [...])
10 SYSTEMPATH\CodeIgniter.php(927): App\Controllers\Booking->my_booking()
11 SYSTEMPATH\CodeIgniter.php(482): CodeIgniter\CodeIgniter->runController(Object(App\Controllers\Booking))
12 SYSTEMPATH\CodeIgniter.php(351): CodeIgniter\CodeIgniter->handleRequest(null, Object(Config\Cache), false)
13 FCPATH\index.php(67): CodeIgniter\CodeIgniter->run()
14 SYSTEMPATH\Commands\Server\rewrite.php(46): require_once('FCPATH\\index.php')
CRITICAL - 2023-05-28 11:32:16 --> Cannot access offset of type string on string
in APPPATH\Views\home\bookings\my_booking.php on line 100.
 1 SYSTEMPATH\View\View.php(213): include()
 2 SYSTEMPATH\View\View.php(216): CodeIgniter\View\View->CodeIgniter\View\{closure}()
 3 SYSTEMPATH\Common.php(1134): CodeIgniter\View\View->render('home/bookings/my_booking', [], true)
 4 APPPATH\Views\includes\template.php(2): view('home/bookings/my_booking')
 5 SYSTEMPATH\View\View.php(213): include('APPPATH\\Views\\includes\\template.php')
 6 SYSTEMPATH\View\View.php(216): CodeIgniter\View\View->CodeIgniter\View\{closure}()
 7 SYSTEMPATH\Common.php(1134): CodeIgniter\View\View->render('includes/template', [], true)
 8 APPPATH\Controllers\Booking.php(243): view('includes/template', [...])
 9 SYSTEMPATH\CodeIgniter.php(927): App\Controllers\Booking->my_booking()
10 SYSTEMPATH\CodeIgniter.php(482): CodeIgniter\CodeIgniter->runController(Object(App\Controllers\Booking))
11 SYSTEMPATH\CodeIgniter.php(351): CodeIgniter\CodeIgniter->handleRequest(null, Object(Config\Cache), false)
12 FCPATH\index.php(67): CodeIgniter\CodeIgniter->run()
13 SYSTEMPATH\Commands\Server\rewrite.php(46): require_once('FCPATH\\index.php')
CRITICAL - 2023-05-28 12:48:12 --> Too few arguments to function App\Controllers\Product::editproduct(), 0 passed in C:\xampp\htdocs\Florist-Event-Reservation-Ordering\system\CodeIgniter.php on line 927 and exactly 1 expected
in APPPATH\Controllers\Product.php on line 62.
 1 SYSTEMPATH\CodeIgniter.php(927): App\Controllers\Product->editproduct()
 2 SYSTEMPATH\CodeIgniter.php(482): CodeIgniter\CodeIgniter->runController(Object(App\Controllers\Product))
 3 SYSTEMPATH\CodeIgniter.php(351): CodeIgniter\CodeIgniter->handleRequest(null, Object(Config\Cache), false)
 4 FCPATH\index.php(67): CodeIgniter\CodeIgniter->run()
 5 SYSTEMPATH\Commands\Server\rewrite.php(46): require_once('FCPATH\\index.php')
CRITICAL - 2023-05-28 21:46:11 --> Undefined variable $saleschart
in APPPATH\Views\admin\dashboard.php on line 155.
 1 APPPATH\Views\admin\dashboard.php(155): CodeIgniter\Debug\Exceptions->errorHandler(2, 'Undefined variable $saleschart', 'APPPATH\\Views\\admin\\dashboard.php', 155)
 2 SYSTEMPATH\View\View.php(213): include('APPPATH\\Views\\admin\\dashboard.php')
 3 SYSTEMPATH\View\View.php(216): CodeIgniter\View\View->CodeIgniter\View\{closure}()
 4 SYSTEMPATH\Common.php(1134): CodeIgniter\View\View->render('admin/dashboard', [], true)
 5 APPPATH\Controllers\Admin.php(198): view('admin/dashboard', [...])
 6 SYSTEMPATH\CodeIgniter.php(927): App\Controllers\Admin->dashboard()
 7 SYSTEMPATH\CodeIgniter.php(482): CodeIgniter\CodeIgniter->runController(Object(App\Controllers\Admin))
 8 SYSTEMPATH\CodeIgniter.php(351): CodeIgniter\CodeIgniter->handleRequest(null, Object(Config\Cache), false)
 9 FCPATH\index.php(67): CodeIgniter\CodeIgniter->run()
10 SYSTEMPATH\Commands\Server\rewrite.php(46): require_once('FCPATH\\index.php')
CRITICAL - 2023-05-28 21:48:09 --> Undefined variable $saleschart
in APPPATH\Views\admin\dashboard.php on line 155.
 1 APPPATH\Views\admin\dashboard.php(155): CodeIgniter\Debug\Exceptions->errorHandler(2, 'Undefined variable $saleschart', 'APPPATH\\Views\\admin\\dashboard.php', 155)
 2 SYSTEMPATH\View\View.php(213): include('APPPATH\\Views\\admin\\dashboard.php')
 3 SYSTEMPATH\View\View.php(216): CodeIgniter\View\View->CodeIgniter\View\{closure}()
 4 SYSTEMPATH\Common.php(1134): CodeIgniter\View\View->render('admin/dashboard', [], true)
 5 APPPATH\Controllers\Admin.php(198): view('admin/dashboard', [...])
 6 SYSTEMPATH\CodeIgniter.php(927): App\Controllers\Admin->dashboard()
 7 SYSTEMPATH\CodeIgniter.php(482): CodeIgniter\CodeIgniter->runController(Object(App\Controllers\Admin))
 8 SYSTEMPATH\CodeIgniter.php(351): CodeIgniter\CodeIgniter->handleRequest(null, Object(Config\Cache), false)
 9 FCPATH\index.php(67): CodeIgniter\CodeIgniter->run()
10 SYSTEMPATH\Commands\Server\rewrite.php(46): require_once('FCPATH\\index.php')
CRITICAL - 2023-05-28 21:48:10 --> Undefined variable $saleschart
in APPPATH\Views\admin\dashboard.php on line 155.
 1 APPPATH\Views\admin\dashboard.php(155): CodeIgniter\Debug\Exceptions->errorHandler(2, 'Undefined variable $saleschart', 'APPPATH\\Views\\admin\\dashboard.php', 155)
 2 SYSTEMPATH\View\View.php(213): include('APPPATH\\Views\\admin\\dashboard.php')
 3 SYSTEMPATH\View\View.php(216): CodeIgniter\View\View->CodeIgniter\View\{closure}()
 4 SYSTEMPATH\Common.php(1134): CodeIgniter\View\View->render('admin/dashboard', [], true)
 5 APPPATH\Controllers\Admin.php(198): view('admin/dashboard', [...])
 6 SYSTEMPATH\CodeIgniter.php(927): App\Controllers\Admin->dashboard()
 7 SYSTEMPATH\CodeIgniter.php(482): CodeIgniter\CodeIgniter->runController(Object(App\Controllers\Admin))
 8 SYSTEMPATH\CodeIgniter.php(351): CodeIgniter\CodeIgniter->handleRequest(null, Object(Config\Cache), false)
 9 FCPATH\index.php(67): CodeIgniter\CodeIgniter->run()
10 SYSTEMPATH\Commands\Server\rewrite.php(46): require_once('FCPATH\\index.php')
CRITICAL - 2023-05-28 21:48:11 --> Undefined variable $saleschart
in APPPATH\Views\admin\dashboard.php on line 155.
 1 APPPATH\Views\admin\dashboard.php(155): CodeIgniter\Debug\Exceptions->errorHandler(2, 'Undefined variable $saleschart', 'APPPATH\\Views\\admin\\dashboard.php', 155)
 2 SYSTEMPATH\View\View.php(213): include('APPPATH\\Views\\admin\\dashboard.php')
 3 SYSTEMPATH\View\View.php(216): CodeIgniter\View\View->CodeIgniter\View\{closure}()
 4 SYSTEMPATH\Common.php(1134): CodeIgniter\View\View->render('admin/dashboard', [], true)
 5 APPPATH\Controllers\Admin.php(198): view('admin/dashboard', [...])
 6 SYSTEMPATH\CodeIgniter.php(927): App\Controllers\Admin->dashboard()
 7 SYSTEMPATH\CodeIgniter.php(482): CodeIgniter\CodeIgniter->runController(Object(App\Controllers\Admin))
 8 SYSTEMPATH\CodeIgniter.php(351): CodeIgniter\CodeIgniter->handleRequest(null, Object(Config\Cache), false)
 9 FCPATH\index.php(67): CodeIgniter\CodeIgniter->run()
10 SYSTEMPATH\Commands\Server\rewrite.php(46): require_once('FCPATH\\index.php')
CRITICAL - 2023-05-28 21:48:47 --> Undefined variable $saleschart
in APPPATH\Views\admin\dashboard.php on line 155.
 1 APPPATH\Views\admin\dashboard.php(155): CodeIgniter\Debug\Exceptions->errorHandler(2, 'Undefined variable $saleschart', 'APPPATH\\Views\\admin\\dashboard.php', 155)
 2 SYSTEMPATH\View\View.php(213): include('APPPATH\\Views\\admin\\dashboard.php')
 3 SYSTEMPATH\View\View.php(216): CodeIgniter\View\View->CodeIgniter\View\{closure}()
 4 SYSTEMPATH\Common.php(1134): CodeIgniter\View\View->render('admin/dashboard', [], true)
 5 APPPATH\Controllers\Admin.php(198): view('admin/dashboard', [...])
 6 SYSTEMPATH\CodeIgniter.php(927): App\Controllers\Admin->dashboard()
 7 SYSTEMPATH\CodeIgniter.php(482): CodeIgniter\CodeIgniter->runController(Object(App\Controllers\Admin))
 8 SYSTEMPATH\CodeIgniter.php(351): CodeIgniter\CodeIgniter->handleRequest(null, Object(Config\Cache), false)
 9 FCPATH\index.php(67): CodeIgniter\CodeIgniter->run()
10 SYSTEMPATH\Commands\Server\rewrite.php(46): require_once('FCPATH\\index.php')
CRITICAL - 2023-05-28 21:49:02 --> Undefined variable $saleschart
in APPPATH\Views\admin\dashboard.php on line 155.
 1 APPPATH\Views\admin\dashboard.php(155): CodeIgniter\Debug\Exceptions->errorHandler(2, 'Undefined variable $saleschart', 'APPPATH\\Views\\admin\\dashboard.php', 155)
 2 SYSTEMPATH\View\View.php(213): include('APPPATH\\Views\\admin\\dashboard.php')
 3 SYSTEMPATH\View\View.php(216): CodeIgniter\View\View->CodeIgniter\View\{closure}()
 4 SYSTEMPATH\Common.php(1134): CodeIgniter\View\View->render('admin/dashboard', [], true)
 5 APPPATH\Controllers\Admin.php(198): view('admin/dashboard', [...])
 6 SYSTEMPATH\CodeIgniter.php(927): App\Controllers\Admin->dashboard()
 7 SYSTEMPATH\CodeIgniter.php(482): CodeIgniter\CodeIgniter->runController(Object(App\Controllers\Admin))
 8 SYSTEMPATH\CodeIgniter.php(351): CodeIgniter\CodeIgniter->handleRequest(null, Object(Config\Cache), false)
 9 FCPATH\index.php(67): CodeIgniter\CodeIgniter->run()
10 SYSTEMPATH\Commands\Server\rewrite.php(46): require_once('FCPATH\\index.php')
CRITICAL - 2023-05-28 21:49:06 --> Undefined variable $saleschart
in APPPATH\Views\admin\dashboard.php on line 155.
 1 APPPATH\Views\admin\dashboard.php(155): CodeIgniter\Debug\Exceptions->errorHandler(2, 'Undefined variable $saleschart', 'APPPATH\\Views\\admin\\dashboard.php', 155)
 2 SYSTEMPATH\View\View.php(213): include('APPPATH\\Views\\admin\\dashboard.php')
 3 SYSTEMPATH\View\View.php(216): CodeIgniter\View\View->CodeIgniter\View\{closure}()
 4 SYSTEMPATH\Common.php(1134): CodeIgniter\View\View->render('admin/dashboard', [], true)
 5 APPPATH\Controllers\Admin.php(198): view('admin/dashboard', [...])
 6 SYSTEMPATH\CodeIgniter.php(927): App\Controllers\Admin->dashboard()
 7 SYSTEMPATH\CodeIgniter.php(482): CodeIgniter\CodeIgniter->runController(Object(App\Controllers\Admin))
 8 SYSTEMPATH\CodeIgniter.php(351): CodeIgniter\CodeIgniter->handleRequest(null, Object(Config\Cache), false)
 9 FCPATH\index.php(67): CodeIgniter\CodeIgniter->run()
10 SYSTEMPATH\Commands\Server\rewrite.php(46): require_once('FCPATH\\index.php')
CRITICAL - 2023-05-28 21:49:29 --> Undefined variable $saleschart
in APPPATH\Views\admin\dashboard.php on line 155.
 1 APPPATH\Views\admin\dashboard.php(155): CodeIgniter\Debug\Exceptions->errorHandler(2, 'Undefined variable $saleschart', 'APPPATH\\Views\\admin\\dashboard.php', 155)
 2 SYSTEMPATH\View\View.php(213): include('APPPATH\\Views\\admin\\dashboard.php')
 3 SYSTEMPATH\View\View.php(216): CodeIgniter\View\View->CodeIgniter\View\{closure}()
 4 SYSTEMPATH\Common.php(1134): CodeIgniter\View\View->render('admin/dashboard', [], true)
 5 APPPATH\Controllers\Admin.php(198): view('admin/dashboard', [...])
 6 SYSTEMPATH\CodeIgniter.php(927): App\Controllers\Admin->dashboard()
 7 SYSTEMPATH\CodeIgniter.php(482): CodeIgniter\CodeIgniter->runController(Object(App\Controllers\Admin))
 8 SYSTEMPATH\CodeIgniter.php(351): CodeIgniter\CodeIgniter->handleRequest(null, Object(Config\Cache), false)
 9 FCPATH\index.php(67): CodeIgniter\CodeIgniter->run()
10 SYSTEMPATH\Commands\Server\rewrite.php(46): require_once('FCPATH\\index.php')
CRITICAL - 2023-05-28 21:49:30 --> Undefined variable $saleschart
in APPPATH\Views\admin\dashboard.php on line 155.
 1 APPPATH\Views\admin\dashboard.php(155): CodeIgniter\Debug\Exceptions->errorHandler(2, 'Undefined variable $saleschart', 'APPPATH\\Views\\admin\\dashboard.php', 155)
 2 SYSTEMPATH\View\View.php(213): include('APPPATH\\Views\\admin\\dashboard.php')
 3 SYSTEMPATH\View\View.php(216): CodeIgniter\View\View->CodeIgniter\View\{closure}()
 4 SYSTEMPATH\Common.php(1134): CodeIgniter\View\View->render('admin/dashboard', [], true)
 5 APPPATH\Controllers\Admin.php(198): view('admin/dashboard', [...])
 6 SYSTEMPATH\CodeIgniter.php(927): App\Controllers\Admin->dashboard()
 7 SYSTEMPATH\CodeIgniter.php(482): CodeIgniter\CodeIgniter->runController(Object(App\Controllers\Admin))
 8 SYSTEMPATH\CodeIgniter.php(351): CodeIgniter\CodeIgniter->handleRequest(null, Object(Config\Cache), false)
 9 FCPATH\index.php(67): CodeIgniter\CodeIgniter->run()
10 SYSTEMPATH\Commands\Server\rewrite.php(46): require_once('FCPATH\\index.php')
CRITICAL - 2023-05-28 21:49:31 --> Undefined variable $saleschart
in APPPATH\Views\admin\dashboard.php on line 155.
 1 APPPATH\Views\admin\dashboard.php(155): CodeIgniter\Debug\Exceptions->errorHandler(2, 'Undefined variable $saleschart', 'APPPATH\\Views\\admin\\dashboard.php', 155)
 2 SYSTEMPATH\View\View.php(213): include('APPPATH\\Views\\admin\\dashboard.php')
 3 SYSTEMPATH\View\View.php(216): CodeIgniter\View\View->CodeIgniter\View\{closure}()
 4 SYSTEMPATH\Common.php(1134): CodeIgniter\View\View->render('admin/dashboard', [], true)
 5 APPPATH\Controllers\Admin.php(198): view('admin/dashboard', [...])
 6 SYSTEMPATH\CodeIgniter.php(927): App\Controllers\Admin->dashboard()
 7 SYSTEMPATH\CodeIgniter.php(482): CodeIgniter\CodeIgniter->runController(Object(App\Controllers\Admin))
 8 SYSTEMPATH\CodeIgniter.php(351): CodeIgniter\CodeIgniter->handleRequest(null, Object(Config\Cache), false)
 9 FCPATH\index.php(67): CodeIgniter\CodeIgniter->run()
10 SYSTEMPATH\Commands\Server\rewrite.php(46): require_once('FCPATH\\index.php')
CRITICAL - 2023-05-28 21:49:31 --> Undefined variable $saleschart
in APPPATH\Views\admin\dashboard.php on line 155.
 1 APPPATH\Views\admin\dashboard.php(155): CodeIgniter\Debug\Exceptions->errorHandler(2, 'Undefined variable $saleschart', 'APPPATH\\Views\\admin\\dashboard.php', 155)
 2 SYSTEMPATH\View\View.php(213): include('APPPATH\\Views\\admin\\dashboard.php')
 3 SYSTEMPATH\View\View.php(216): CodeIgniter\View\View->CodeIgniter\View\{closure}()
 4 SYSTEMPATH\Common.php(1134): CodeIgniter\View\View->render('admin/dashboard', [], true)
 5 APPPATH\Controllers\Admin.php(198): view('admin/dashboard', [...])
 6 SYSTEMPATH\CodeIgniter.php(927): App\Controllers\Admin->dashboard()
 7 SYSTEMPATH\CodeIgniter.php(482): CodeIgniter\CodeIgniter->runController(Object(App\Controllers\Admin))
 8 SYSTEMPATH\CodeIgniter.php(351): CodeIgniter\CodeIgniter->handleRequest(null, Object(Config\Cache), false)
 9 FCPATH\index.php(67): CodeIgniter\CodeIgniter->run()
10 SYSTEMPATH\Commands\Server\rewrite.php(46): require_once('FCPATH\\index.php')
CRITICAL - 2023-05-28 21:49:32 --> Undefined variable $saleschart
in APPPATH\Views\admin\dashboard.php on line 155.
 1 APPPATH\Views\admin\dashboard.php(155): CodeIgniter\Debug\Exceptions->errorHandler(2, 'Undefined variable $saleschart', 'APPPATH\\Views\\admin\\dashboard.php', 155)
 2 SYSTEMPATH\View\View.php(213): include('APPPATH\\Views\\admin\\dashboard.php')
 3 SYSTEMPATH\View\View.php(216): CodeIgniter\View\View->CodeIgniter\View\{closure}()
 4 SYSTEMPATH\Common.php(1134): CodeIgniter\View\View->render('admin/dashboard', [], true)
 5 APPPATH\Controllers\Admin.php(198): view('admin/dashboard', [...])
 6 SYSTEMPATH\CodeIgniter.php(927): App\Controllers\Admin->dashboard()
 7 SYSTEMPATH\CodeIgniter.php(482): CodeIgniter\CodeIgniter->runController(Object(App\Controllers\Admin))
 8 SYSTEMPATH\CodeIgniter.php(351): CodeIgniter\CodeIgniter->handleRequest(null, Object(Config\Cache), false)
 9 FCPATH\index.php(67): CodeIgniter\CodeIgniter->run()
10 SYSTEMPATH\Commands\Server\rewrite.php(46): require_once('FCPATH\\index.php')
CRITICAL - 2023-05-28 21:52:48 --> count(): Argument #1 ($value) must be of type Countable|array, null given
in APPPATH\Views\admin\dashboard.php on line 32.
 1 SYSTEMPATH\View\View.php(213): include()
 2 SYSTEMPATH\View\View.php(216): CodeIgniter\View\View->CodeIgniter\View\{closure}()
 3 SYSTEMPATH\Common.php(1134): CodeIgniter\View\View->render('admin/dashboard', [], true)
 4 APPPATH\Controllers\Admin.php(216): view('admin/dashboard', [...])
 5 SYSTEMPATH\CodeIgniter.php(927): App\Controllers\Admin->dashboard()
 6 SYSTEMPATH\CodeIgniter.php(482): CodeIgniter\CodeIgniter->runController(Object(App\Controllers\Admin))
 7 SYSTEMPATH\CodeIgniter.php(351): CodeIgniter\CodeIgniter->handleRequest(null, Object(Config\Cache), false)
 8 FCPATH\index.php(67): CodeIgniter\CodeIgniter->run()
 9 SYSTEMPATH\Commands\Server\rewrite.php(46): require_once('FCPATH\\index.php')
CRITICAL - 2023-05-28 21:52:49 --> count(): Argument #1 ($value) must be of type Countable|array, null given
in APPPATH\Views\admin\dashboard.php on line 32.
 1 SYSTEMPATH\View\View.php(213): include()
 2 SYSTEMPATH\View\View.php(216): CodeIgniter\View\View->CodeIgniter\View\{closure}()
 3 SYSTEMPATH\Common.php(1134): CodeIgniter\View\View->render('admin/dashboard', [], true)
 4 APPPATH\Controllers\Admin.php(216): view('admin/dashboard', [...])
 5 SYSTEMPATH\CodeIgniter.php(927): App\Controllers\Admin->dashboard()
 6 SYSTEMPATH\CodeIgniter.php(482): CodeIgniter\CodeIgniter->runController(Object(App\Controllers\Admin))
 7 SYSTEMPATH\CodeIgniter.php(351): CodeIgniter\CodeIgniter->handleRequest(null, Object(Config\Cache), false)
 8 FCPATH\index.php(67): CodeIgniter\CodeIgniter->run()
 9 SYSTEMPATH\Commands\Server\rewrite.php(46): require_once('FCPATH\\index.php')
CRITICAL - 2023-05-28 21:53:49 --> Undefined variable $month
in APPPATH\Views\admin\adminlte3\index.php on line 303.
 1 APPPATH\Views\admin\adminlte3\index.php(303): CodeIgniter\Debug\Exceptions->errorHandler(2, 'Undefined variable $month', 'APPPATH\\Views\\admin\\adminlte3\\index.php', 303)
 2 SYSTEMPATH\View\View.php(213): include('APPPATH\\Views\\admin\\adminlte3\\index.php')
 3 SYSTEMPATH\View\View.php(216): CodeIgniter\View\View->CodeIgniter\View\{closure}()
 4 SYSTEMPATH\View\View.php(229): CodeIgniter\View\View->render('admin/adminlte3/index', [], true)
 5 SYSTEMPATH\Common.php(1134): CodeIgniter\View\View->render('admin/dashboard', [], true)
 6 APPPATH\Controllers\Admin.php(214): view('admin/dashboard', [...])
 7 SYSTEMPATH\CodeIgniter.php(927): App\Controllers\Admin->dashboard()
 8 SYSTEMPATH\CodeIgniter.php(482): CodeIgniter\CodeIgniter->runController(Object(App\Controllers\Admin))
 9 SYSTEMPATH\CodeIgniter.php(351): CodeIgniter\CodeIgniter->handleRequest(null, Object(Config\Cache), false)
10 FCPATH\index.php(67): CodeIgniter\CodeIgniter->run()
11 SYSTEMPATH\Commands\Server\rewrite.php(46): require_once('FCPATH\\index.php')
CRITICAL - 2023-05-28 21:55:58 --> Undefined variable $month
in APPPATH\Views\admin\adminlte3\index.php on line 303.
 1 APPPATH\Views\admin\adminlte3\index.php(303): CodeIgniter\Debug\Exceptions->errorHandler(2, 'Undefined variable $month', 'APPPATH\\Views\\admin\\adminlte3\\index.php', 303)
 2 SYSTEMPATH\View\View.php(213): include('APPPATH\\Views\\admin\\adminlte3\\index.php')
 3 SYSTEMPATH\View\View.php(216): CodeIgniter\View\View->CodeIgniter\View\{closure}()
 4 SYSTEMPATH\View\View.php(229): CodeIgniter\View\View->render('admin/adminlte3/index', [], true)
 5 SYSTEMPATH\Common.php(1134): CodeIgniter\View\View->render('admin/dashboard', [], true)
 6 APPPATH\Controllers\Admin.php(214): view('admin/dashboard', [...])
 7 SYSTEMPATH\CodeIgniter.php(927): App\Controllers\Admin->dashboard()
 8 SYSTEMPATH\CodeIgniter.php(482): CodeIgniter\CodeIgniter->runController(Object(App\Controllers\Admin))
 9 SYSTEMPATH\CodeIgniter.php(351): CodeIgniter\CodeIgniter->handleRequest(null, Object(Config\Cache), false)
10 FCPATH\index.php(67): CodeIgniter\CodeIgniter->run()
11 SYSTEMPATH\Commands\Server\rewrite.php(46): require_once('FCPATH\\index.php')
CRITICAL - 2023-05-28 21:57:05 --> Undefined variable $month
in APPPATH\Views\admin\adminlte3\index.php on line 306.
 1 APPPATH\Views\admin\adminlte3\index.php(306): CodeIgniter\Debug\Exceptions->errorHandler(2, 'Undefined variable $month', 'APPPATH\\Views\\admin\\adminlte3\\index.php', 306)
 2 SYSTEMPATH\View\View.php(213): include('APPPATH\\Views\\admin\\adminlte3\\index.php')
 3 SYSTEMPATH\View\View.php(216): CodeIgniter\View\View->CodeIgniter\View\{closure}()
 4 SYSTEMPATH\View\View.php(229): CodeIgniter\View\View->render('admin/adminlte3/index', [], true)
 5 SYSTEMPATH\Common.php(1134): CodeIgniter\View\View->render('admin/dashboard', [], true)
 6 APPPATH\Controllers\Admin.php(212): view('admin/dashboard', [...])
 7 SYSTEMPATH\CodeIgniter.php(927): App\Controllers\Admin->dashboard()
 8 SYSTEMPATH\CodeIgniter.php(482): CodeIgniter\CodeIgniter->runController(Object(App\Controllers\Admin))
 9 SYSTEMPATH\CodeIgniter.php(351): CodeIgniter\CodeIgniter->handleRequest(null, Object(Config\Cache), false)
10 FCPATH\index.php(67): CodeIgniter\CodeIgniter->run()
11 SYSTEMPATH\Commands\Server\rewrite.php(46): require_once('FCPATH\\index.php')
CRITICAL - 2023-05-28 21:59:43 --> Undefined variable $month
in APPPATH\Views\admin\adminlte3\index.php on line 306.
 1 APPPATH\Views\admin\adminlte3\index.php(306): CodeIgniter\Debug\Exceptions->errorHandler(2, 'Undefined variable $month', 'APPPATH\\Views\\admin\\adminlte3\\index.php', 306)
 2 SYSTEMPATH\View\View.php(213): include('APPPATH\\Views\\admin\\adminlte3\\index.php')
 3 SYSTEMPATH\View\View.php(216): CodeIgniter\View\View->CodeIgniter\View\{closure}()
 4 SYSTEMPATH\View\View.php(229): CodeIgniter\View\View->render('admin/adminlte3/index', [], true)
 5 SYSTEMPATH\Common.php(1134): CodeIgniter\View\View->render('admin/dashboard', [], true)
 6 APPPATH\Controllers\Admin.php(212): view('admin/dashboard', [...])
 7 SYSTEMPATH\CodeIgniter.php(927): App\Controllers\Admin->dashboard()
 8 SYSTEMPATH\CodeIgniter.php(482): CodeIgniter\CodeIgniter->runController(Object(App\Controllers\Admin))
 9 SYSTEMPATH\CodeIgniter.php(351): CodeIgniter\CodeIgniter->handleRequest(null, Object(Config\Cache), false)
10 FCPATH\index.php(67): CodeIgniter\CodeIgniter->run()
11 SYSTEMPATH\Commands\Server\rewrite.php(46): require_once('FCPATH\\index.php')
CRITICAL - 2023-05-28 22:17:03 --> Undefined variable $monthname
in APPPATH\Views\admin\dashboard.php on line 252.
 1 APPPATH\Views\admin\dashboard.php(252): CodeIgniter\Debug\Exceptions->errorHandler(2, 'Undefined variable $monthname', 'APPPATH\\Views\\admin\\dashboard.php', 252)
 2 SYSTEMPATH\View\View.php(213): include('APPPATH\\Views\\admin\\dashboard.php')
 3 SYSTEMPATH\View\View.php(216): CodeIgniter\View\View->CodeIgniter\View\{closure}()
 4 SYSTEMPATH\Common.php(1134): CodeIgniter\View\View->render('admin/dashboard', [], true)
 5 APPPATH\Controllers\Admin.php(232): view('admin/dashboard', [...])
 6 SYSTEMPATH\CodeIgniter.php(927): App\Controllers\Admin->dashboard()
 7 SYSTEMPATH\CodeIgniter.php(482): CodeIgniter\CodeIgniter->runController(Object(App\Controllers\Admin))
 8 SYSTEMPATH\CodeIgniter.php(351): CodeIgniter\CodeIgniter->handleRequest(null, Object(Config\Cache), false)
 9 FCPATH\index.php(67): CodeIgniter\CodeIgniter->run()
10 SYSTEMPATH\Commands\Server\rewrite.php(46): require_once('FCPATH\\index.php')
