CRITICAL - 2023-07-05 09:44:28 --> Undefined array key "id"
in APPPATH\Controllers\Home.php on line 114.
 1 APPPATH\Controllers\Home.php(114): CodeIgniter\Debug\Exceptions->errorHandler(2, 'Undefined array key "id"', 'APPPATH\\Controllers\\Home.php', 114)
 2 SYSTEMPATH\CodeIgniter.php(927): App\Controllers\Home->productdetails('11')
 3 SYSTEMPATH\CodeIgniter.php(482): CodeIgniter\CodeIgniter->runController(Object(App\Controllers\Home))
 4 SYSTEMPATH\CodeIgniter.php(351): CodeIgniter\CodeIgniter->handleRequest(null, Object(Config\Cache), false)
 5 FCPATH\index.php(67): CodeIgniter\CodeIgniter->run()
 6 SYSTEMPATH\Commands\Server\rewrite.php(46): require_once('FCPATH\\index.php')
CRITICAL - 2023-07-05 09:44:43 --> Undefined array key "id"
in APPPATH\Controllers\Home.php on line 64.
 1 APPPATH\Controllers\Home.php(64): CodeIgniter\Debug\Exceptions->errorHandler(2, 'Undefined array key "id"', 'APPPATH\\Controllers\\Home.php', 64)
 2 SYSTEMPATH\CodeIgniter.php(927): App\Controllers\Home->home()
 3 SYSTEMPATH\CodeIgniter.php(482): CodeIgniter\CodeIgniter->runController(Object(App\Controllers\Home))
 4 SYSTEMPATH\CodeIgniter.php(351): CodeIgniter\CodeIgniter->handleRequest(null, Object(Config\Cache), false)
 5 FCPATH\index.php(67): CodeIgniter\CodeIgniter->run()
 6 SYSTEMPATH\Commands\Server\rewrite.php(46): require_once('FCPATH\\index.php')
CRITICAL - 2023-07-05 11:44:23 --> Class "App\Models\Customize_model" not found
in APPPATH\Controllers\Customize.php on line 25.
 1 SYSTEMPATH\CodeIgniter.php(927): App\Controllers\Customize->customize()
 2 SYSTEMPATH\CodeIgniter.php(482): CodeIgniter\CodeIgniter->runController(Object(App\Controllers\Customize))
 3 SYSTEMPATH\CodeIgniter.php(351): CodeIgniter\CodeIgniter->handleRequest(null, Object(Config\Cache), false)
 4 FCPATH\index.php(67): CodeIgniter\CodeIgniter->run()
 5 SYSTEMPATH\Commands\Server\rewrite.php(46): require_once('FCPATH\\index.php')
CRITICAL - 2023-07-05 11:46:34 --> Class "App\Models\Customize_model" not found
in APPPATH\Controllers\Customize.php on line 25.
 1 SYSTEMPATH\CodeIgniter.php(927): App\Controllers\Customize->customize()
 2 SYSTEMPATH\CodeIgniter.php(482): CodeIgniter\CodeIgniter->runController(Object(App\Controllers\Customize))
 3 SYSTEMPATH\CodeIgniter.php(351): CodeIgniter\CodeIgniter->handleRequest(null, Object(Config\Cache), false)
 4 FCPATH\index.php(67): CodeIgniter\CodeIgniter->run()
 5 SYSTEMPATH\Commands\Server\rewrite.php(46): require_once('FCPATH\\index.php')
CRITICAL - 2023-07-05 11:47:14 --> Class "App\Models\Customize_model" not found
in APPPATH\Controllers\Customize.php on line 24.
 1 SYSTEMPATH\CodeIgniter.php(927): App\Controllers\Customize->customize()
 2 SYSTEMPATH\CodeIgniter.php(482): CodeIgniter\CodeIgniter->runController(Object(App\Controllers\Customize))
 3 SYSTEMPATH\CodeIgniter.php(351): CodeIgniter\CodeIgniter->handleRequest(null, Object(Config\Cache), false)
 4 FCPATH\index.php(67): CodeIgniter\CodeIgniter->run()
 5 SYSTEMPATH\Commands\Server\rewrite.php(46): require_once('FCPATH\\index.php')
CRITICAL - 2023-07-05 11:47:22 --> Class "App\Models\Customize_model" not found
in APPPATH\Controllers\Customize.php on line 24.
 1 SYSTEMPATH\CodeIgniter.php(927): App\Controllers\Customize->customize()
 2 SYSTEMPATH\CodeIgniter.php(482): CodeIgniter\CodeIgniter->runController(Object(App\Controllers\Customize))
 3 SYSTEMPATH\CodeIgniter.php(351): CodeIgniter\CodeIgniter->handleRequest(null, Object(Config\Cache), false)
 4 FCPATH\index.php(67): CodeIgniter\CodeIgniter->run()
 5 SYSTEMPATH\Commands\Server\rewrite.php(46): require_once('FCPATH\\index.php')
CRITICAL - 2023-07-05 11:47:39 --> count(): Argument #1 ($value) must be of type Countable|array, null given
in APPPATH\Views\includes\header.php on line 131.
 1 SYSTEMPATH\View\View.php(213): include()
 2 SYSTEMPATH\View\View.php(216): CodeIgniter\View\View->CodeIgniter\View\{closure}()
 3 SYSTEMPATH\Common.php(1134): CodeIgniter\View\View->render('includes/header', [], true)
 4 APPPATH\Views\includes\template.php(1): view('includes/header')
 5 SYSTEMPATH\View\View.php(213): include('APPPATH\\Views\\includes\\template.php')
 6 SYSTEMPATH\View\View.php(216): CodeIgniter\View\View->CodeIgniter\View\{closure}()
 7 SYSTEMPATH\Common.php(1134): CodeIgniter\View\View->render('includes/template', [], true)
 8 APPPATH\Controllers\Customize.php(65): view('includes/template', [...])
 9 SYSTEMPATH\CodeIgniter.php(927): App\Controllers\Customize->customize()
10 SYSTEMPATH\CodeIgniter.php(482): CodeIgniter\CodeIgniter->runController(Object(App\Controllers\Customize))
11 SYSTEMPATH\CodeIgniter.php(351): CodeIgniter\CodeIgniter->handleRequest(null, Object(Config\Cache), false)
12 FCPATH\index.php(67): CodeIgniter\CodeIgniter->run()
13 SYSTEMPATH\Commands\Server\rewrite.php(46): require_once('FCPATH\\index.php')
CRITICAL - 2023-07-05 11:54:31 --> beforeInsert is not a valid Model Event callback.
in SYSTEMPATH\BaseModel.php on line 1477.
 1 SYSTEMPATH\BaseModel.php(1477): CodeIgniter\Database\Exceptions\DataException::forInvalidMethodTriggered('beforeInsert')
 2 SYSTEMPATH\BaseModel.php(746): CodeIgniter\BaseModel->trigger('beforeInsert', [...])
 3 SYSTEMPATH\Model.php(667): CodeIgniter\BaseModel->insert([...], false)
 4 SYSTEMPATH\BaseModel.php(659): CodeIgniter\Model->insert([...], false)
 5 APPPATH\Controllers\Customize.php(75): CodeIgniter\BaseModel->save([...])
 6 SYSTEMPATH\CodeIgniter.php(927): App\Controllers\Customize->customize()
 7 SYSTEMPATH\CodeIgniter.php(482): CodeIgniter\CodeIgniter->runController(Object(App\Controllers\Customize))
 8 SYSTEMPATH\CodeIgniter.php(351): CodeIgniter\CodeIgniter->handleRequest(null, Object(Config\Cache), false)
 9 FCPATH\index.php(67): CodeIgniter\CodeIgniter->run()
10 SYSTEMPATH\Commands\Server\rewrite.php(46): require_once('FCPATH\\index.php')
ERROR - 2023-07-05 11:54:46 --> mysqli_sql_exception: Unknown column 'fkuser_id' in 'field list' in C:\xampp\htdocs\Florist-Event-Reservation-Ordering\system\Database\MySQLi\Connection.php:292
Stack trace:
#0 C:\xampp\htdocs\Florist-Event-Reservation-Ordering\system\Database\MySQLi\Connection.php(292): mysqli->query('INSERT INTO `cu...', 0)
#1 C:\xampp\htdocs\Florist-Event-Reservation-Ordering\system\Database\BaseConnection.php(666): CodeIgniter\Database\MySQLi\Connection->execute('INSERT INTO `cu...')
#2 C:\xampp\htdocs\Florist-Event-Reservation-Ordering\system\Database\BaseConnection.php(593): CodeIgniter\Database\BaseConnection->simpleQuery('INSERT INTO `cu...')
#3 C:\xampp\htdocs\Florist-Event-Reservation-Ordering\system\Database\BaseBuilder.php(1916): CodeIgniter\Database\BaseConnection->query('INSERT INTO `cu...', Array, false)
#4 C:\xampp\htdocs\Florist-Event-Reservation-Ordering\system\Model.php(279): CodeIgniter\Database\BaseBuilder->insert()
#5 C:\xampp\htdocs\Florist-Event-Reservation-Ordering\system\BaseModel.php(749): CodeIgniter\Model->doInsert(Array)
#6 C:\xampp\htdocs\Florist-Event-Reservation-Ordering\system\Model.php(667): CodeIgniter\BaseModel->insert(Array, false)
#7 C:\xampp\htdocs\Florist-Event-Reservation-Ordering\system\BaseModel.php(659): CodeIgniter\Model->insert(Array, false)
#8 C:\xampp\htdocs\Florist-Event-Reservation-Ordering\app\Controllers\Customize.php(75): CodeIgniter\BaseModel->save(Array)
#9 C:\xampp\htdocs\Florist-Event-Reservation-Ordering\system\CodeIgniter.php(927): App\Controllers\Customize->customize()
#10 C:\xampp\htdocs\Florist-Event-Reservation-Ordering\system\CodeIgniter.php(482): CodeIgniter\CodeIgniter->runController(Object(App\Controllers\Customize))
#11 C:\xampp\htdocs\Florist-Event-Reservation-Ordering\system\CodeIgniter.php(351): CodeIgniter\CodeIgniter->handleRequest(NULL, Object(Config\Cache), false)
#12 C:\xampp\htdocs\Florist-Event-Reservation-Ordering\public\index.php(67): CodeIgniter\CodeIgniter->run()
#13 C:\xampp\htdocs\Florist-Event-Reservation-Ordering\system\Commands\Server\rewrite.php(46): require_once('C:\\xampp\\htdocs...')
#14 {main}
CRITICAL - 2023-07-05 11:54:46 --> Unknown column 'fkuser_id' in 'field list'
in SYSTEMPATH\Database\MySQLi\Connection.php on line 292.
 1 SYSTEMPATH\Database\MySQLi\Connection.php(292): mysqli->query('INSERT INTO `customize` (`fkuser_id`, `name`, `email`, `phone`, `budget`, `details`, `status`, `image`, `created_at`) VALUES (\'5\', \'reybenz orops\', \'dyanreyben01@gmail.com\', \'09508474699\', \'1000\', \'i want red colors\', \'Pending\', \'1688576086_6626ded05394634991e0.png\', \'2023-07-05 11:54:46\')', 0)
 2 SYSTEMPATH\Database\BaseConnection.php(666): CodeIgniter\Database\MySQLi\Connection->execute('INSERT INTO `customize` (`fkuser_id`, `name`, `email`, `phone`, `budget`, `details`, `status`, `image`, `created_at`) VALUES (\'5\', \'reybenz orops\', \'dyanreyben01@gmail.com\', \'09508474699\', \'1000\', \'i want red colors\', \'Pending\', \'1688576086_6626ded05394634991e0.png\', \'2023-07-05 11:54:46\')')
 3 SYSTEMPATH\Database\BaseConnection.php(593): CodeIgniter\Database\BaseConnection->simpleQuery('INSERT INTO `customize` (`fkuser_id`, `name`, `email`, `phone`, `budget`, `details`, `status`, `image`, `created_at`) VALUES (\'5\', \'reybenz orops\', \'dyanreyben01@gmail.com\', \'09508474699\', \'1000\', \'i want red colors\', \'Pending\', \'1688576086_6626ded05394634991e0.png\', \'2023-07-05 11:54:46\')')
 4 SYSTEMPATH\Database\BaseBuilder.php(1916): CodeIgniter\Database\BaseConnection->query('INSERT INTO `customize` (`fkuser_id`, `name`, `email`, `phone`, `budget`, `details`, `status`, `image`, `created_at`) VALUES (:fkuser_id:, :name:, :email:, :phone:, :budget:, :details:, :status:, :image:, :created_at:)', [...], false)
 5 SYSTEMPATH\Model.php(279): CodeIgniter\Database\BaseBuilder->insert()
 6 SYSTEMPATH\BaseModel.php(749): CodeIgniter\Model->doInsert([...])
 7 SYSTEMPATH\Model.php(667): CodeIgniter\BaseModel->insert([...], false)
 8 SYSTEMPATH\BaseModel.php(659): CodeIgniter\Model->insert([...], false)
 9 APPPATH\Controllers\Customize.php(75): CodeIgniter\BaseModel->save([...])
10 SYSTEMPATH\CodeIgniter.php(927): App\Controllers\Customize->customize()
11 SYSTEMPATH\CodeIgniter.php(482): CodeIgniter\CodeIgniter->runController(Object(App\Controllers\Customize))
12 SYSTEMPATH\CodeIgniter.php(351): CodeIgniter\CodeIgniter->handleRequest(null, Object(Config\Cache), false)
13 FCPATH\index.php(67): CodeIgniter\CodeIgniter->run()
14 SYSTEMPATH\Commands\Server\rewrite.php(46): require_once('FCPATH\\index.php')
CRITICAL - 2023-07-05 11:55:41 --> Undefined array key "fk_user_id"
in APPPATH\Controllers\Customize.php on line 66.
 1 APPPATH\Controllers\Customize.php(66): CodeIgniter\Debug\Exceptions->errorHandler(2, 'Undefined array key "fk_user_id"', 'APPPATH\\Controllers\\Customize.php', 66)
 2 SYSTEMPATH\CodeIgniter.php(927): App\Controllers\Customize->customize()
 3 SYSTEMPATH\CodeIgniter.php(482): CodeIgniter\CodeIgniter->runController(Object(App\Controllers\Customize))
 4 SYSTEMPATH\CodeIgniter.php(351): CodeIgniter\CodeIgniter->handleRequest(null, Object(Config\Cache), false)
 5 FCPATH\index.php(67): CodeIgniter\CodeIgniter->run()
 6 SYSTEMPATH\Commands\Server\rewrite.php(46): require_once('FCPATH\\index.php')
CRITICAL - 2023-07-05 20:13:44 --> Undefined array key "CartQty"
in APPPATH\Views\includes\header.php on line 148.
 1 APPPATH\Views\includes\header.php(148): CodeIgniter\Debug\Exceptions->errorHandler(2, 'Undefined array key "CartQty"', 'APPPATH\\Views\\includes\\header.php', 148)
 2 SYSTEMPATH\View\View.php(213): include('APPPATH\\Views\\includes\\header.php')
 3 SYSTEMPATH\View\View.php(216): CodeIgniter\View\View->CodeIgniter\View\{closure}()
 4 SYSTEMPATH\Common.php(1134): CodeIgniter\View\View->render('includes/header', [], true)
 5 APPPATH\Views\includes\template.php(1): view('includes/header')
 6 SYSTEMPATH\View\View.php(213): include('APPPATH\\Views\\includes\\template.php')
 7 SYSTEMPATH\View\View.php(216): CodeIgniter\View\View->CodeIgniter\View\{closure}()
 8 SYSTEMPATH\Common.php(1134): CodeIgniter\View\View->render('includes/template', [], true)
 9 APPPATH\Controllers\Address.php(216): view('includes/template', [...])
10 SYSTEMPATH\CodeIgniter.php(927): App\Controllers\Address->edit_shipping_address()
11 SYSTEMPATH\CodeIgniter.php(482): CodeIgniter\CodeIgniter->runController(Object(App\Controllers\Address))
12 SYSTEMPATH\CodeIgniter.php(351): CodeIgniter\CodeIgniter->handleRequest(null, Object(Config\Cache), false)
13 FCPATH\index.php(67): CodeIgniter\CodeIgniter->run()
14 SYSTEMPATH\Commands\Server\rewrite.php(46): require_once('FCPATH\\index.php')
CRITICAL - 2023-07-05 20:13:53 --> Undefined array key "CartQty"
in APPPATH\Views\includes\header.php on line 148.
 1 APPPATH\Views\includes\header.php(148): CodeIgniter\Debug\Exceptions->errorHandler(2, 'Undefined array key "CartQty"', 'APPPATH\\Views\\includes\\header.php', 148)
 2 SYSTEMPATH\View\View.php(213): include('APPPATH\\Views\\includes\\header.php')
 3 SYSTEMPATH\View\View.php(216): CodeIgniter\View\View->CodeIgniter\View\{closure}()
 4 SYSTEMPATH\Common.php(1134): CodeIgniter\View\View->render('includes/header', [], true)
 5 APPPATH\Views\includes\template.php(1): view('includes/header')
 6 SYSTEMPATH\View\View.php(213): include('APPPATH\\Views\\includes\\template.php')
 7 SYSTEMPATH\View\View.php(216): CodeIgniter\View\View->CodeIgniter\View\{closure}()
 8 SYSTEMPATH\Common.php(1134): CodeIgniter\View\View->render('includes/template', [], true)
 9 APPPATH\Controllers\Address.php(216): view('includes/template', [...])
10 SYSTEMPATH\CodeIgniter.php(927): App\Controllers\Address->edit_shipping_address()
11 SYSTEMPATH\CodeIgniter.php(482): CodeIgniter\CodeIgniter->runController(Object(App\Controllers\Address))
12 SYSTEMPATH\CodeIgniter.php(351): CodeIgniter\CodeIgniter->handleRequest(null, Object(Config\Cache), false)
13 FCPATH\index.php(67): CodeIgniter\CodeIgniter->run()
14 SYSTEMPATH\Commands\Server\rewrite.php(46): require_once('FCPATH\\index.php')
CRITICAL - 2023-07-05 20:14:18 --> Undefined array key "CartQty"
in APPPATH\Views\includes\header.php on line 148.
 1 APPPATH\Views\includes\header.php(148): CodeIgniter\Debug\Exceptions->errorHandler(2, 'Undefined array key "CartQty"', 'APPPATH\\Views\\includes\\header.php', 148)
 2 SYSTEMPATH\View\View.php(213): include('APPPATH\\Views\\includes\\header.php')
 3 SYSTEMPATH\View\View.php(216): CodeIgniter\View\View->CodeIgniter\View\{closure}()
 4 SYSTEMPATH\Common.php(1134): CodeIgniter\View\View->render('includes/header', [], true)
 5 APPPATH\Views\includes\template.php(1): view('includes/header')
 6 SYSTEMPATH\View\View.php(213): include('APPPATH\\Views\\includes\\template.php')
 7 SYSTEMPATH\View\View.php(216): CodeIgniter\View\View->CodeIgniter\View\{closure}()
 8 SYSTEMPATH\Common.php(1134): CodeIgniter\View\View->render('includes/template', [], true)
 9 APPPATH\Controllers\Address.php(216): view('includes/template', [...])
10 SYSTEMPATH\CodeIgniter.php(927): App\Controllers\Address->edit_shipping_address()
11 SYSTEMPATH\CodeIgniter.php(482): CodeIgniter\CodeIgniter->runController(Object(App\Controllers\Address))
12 SYSTEMPATH\CodeIgniter.php(351): CodeIgniter\CodeIgniter->handleRequest(null, Object(Config\Cache), false)
13 FCPATH\index.php(67): CodeIgniter\CodeIgniter->run()
14 SYSTEMPATH\Commands\Server\rewrite.php(46): require_once('FCPATH\\index.php')
CRITICAL - 2023-07-05 20:15:15 --> Undefined array key "CartQty"
in APPPATH\Views\includes\header.php on line 148.
 1 APPPATH\Views\includes\header.php(148): CodeIgniter\Debug\Exceptions->errorHandler(2, 'Undefined array key "CartQty"', 'APPPATH\\Views\\includes\\header.php', 148)
 2 SYSTEMPATH\View\View.php(213): include('APPPATH\\Views\\includes\\header.php')
 3 SYSTEMPATH\View\View.php(216): CodeIgniter\View\View->CodeIgniter\View\{closure}()
 4 SYSTEMPATH\Common.php(1134): CodeIgniter\View\View->render('includes/header', [], true)
 5 APPPATH\Views\includes\template.php(1): view('includes/header')
 6 SYSTEMPATH\View\View.php(213): include('APPPATH\\Views\\includes\\template.php')
 7 SYSTEMPATH\View\View.php(216): CodeIgniter\View\View->CodeIgniter\View\{closure}()
 8 SYSTEMPATH\Common.php(1134): CodeIgniter\View\View->render('includes/template', [], true)
 9 APPPATH\Controllers\Address.php(216): view('includes/template', [...])
10 SYSTEMPATH\CodeIgniter.php(927): App\Controllers\Address->edit_shipping_address()
11 SYSTEMPATH\CodeIgniter.php(482): CodeIgniter\CodeIgniter->runController(Object(App\Controllers\Address))
12 SYSTEMPATH\CodeIgniter.php(351): CodeIgniter\CodeIgniter->handleRequest(null, Object(Config\Cache), false)
13 FCPATH\index.php(67): CodeIgniter\CodeIgniter->run()
14 SYSTEMPATH\Commands\Server\rewrite.php(46): require_once('FCPATH\\index.php')
CRITICAL - 2023-07-05 20:16:22 --> Undefined array key "CartQty"
in APPPATH\Views\includes\header.php on line 148.
 1 APPPATH\Views\includes\header.php(148): CodeIgniter\Debug\Exceptions->errorHandler(2, 'Undefined array key "CartQty"', 'APPPATH\\Views\\includes\\header.php', 148)
 2 SYSTEMPATH\View\View.php(213): include('APPPATH\\Views\\includes\\header.php')
 3 SYSTEMPATH\View\View.php(216): CodeIgniter\View\View->CodeIgniter\View\{closure}()
 4 SYSTEMPATH\Common.php(1134): CodeIgniter\View\View->render('includes/header', [], true)
 5 APPPATH\Views\includes\template.php(1): view('includes/header')
 6 SYSTEMPATH\View\View.php(213): include('APPPATH\\Views\\includes\\template.php')
 7 SYSTEMPATH\View\View.php(216): CodeIgniter\View\View->CodeIgniter\View\{closure}()
 8 SYSTEMPATH\Common.php(1134): CodeIgniter\View\View->render('includes/template', [], true)
 9 APPPATH\Controllers\Address.php(216): view('includes/template', [...])
10 SYSTEMPATH\CodeIgniter.php(927): App\Controllers\Address->edit_shipping_address()
11 SYSTEMPATH\CodeIgniter.php(482): CodeIgniter\CodeIgniter->runController(Object(App\Controllers\Address))
12 SYSTEMPATH\CodeIgniter.php(351): CodeIgniter\CodeIgniter->handleRequest(null, Object(Config\Cache), false)
13 FCPATH\index.php(67): CodeIgniter\CodeIgniter->run()
14 SYSTEMPATH\Commands\Server\rewrite.php(46): require_once('FCPATH\\index.php')
CRITICAL - 2023-07-05 21:42:40 --> Undefined array key "fk_order_id"
in APPPATH\Views\home\orders.php on line 137.
 1 APPPATH\Views\home\orders.php(137): CodeIgniter\Debug\Exceptions->errorHandler(2, 'Undefined array key "fk_order_id"', 'APPPATH\\Views\\home\\orders.php', 137)
 2 SYSTEMPATH\View\View.php(213): include('APPPATH\\Views\\home\\orders.php')
 3 SYSTEMPATH\View\View.php(216): CodeIgniter\View\View->CodeIgniter\View\{closure}()
 4 SYSTEMPATH\Common.php(1134): CodeIgniter\View\View->render('home/orders', [], true)
 5 APPPATH\Views\includes\template.php(2): view('home/orders')
 6 SYSTEMPATH\View\View.php(213): include('APPPATH\\Views\\includes\\template.php')
 7 SYSTEMPATH\View\View.php(216): CodeIgniter\View\View->CodeIgniter\View\{closure}()
 8 SYSTEMPATH\Common.php(1134): CodeIgniter\View\View->render('includes/template', [], true)
 9 APPPATH\Controllers\Home.php(384): view('includes/template', [...])
10 SYSTEMPATH\CodeIgniter.php(927): App\Controllers\Home->orders()
11 SYSTEMPATH\CodeIgniter.php(482): CodeIgniter\CodeIgniter->runController(Object(App\Controllers\Home))
12 SYSTEMPATH\CodeIgniter.php(351): CodeIgniter\CodeIgniter->handleRequest(null, Object(Config\Cache), false)
13 FCPATH\index.php(67): CodeIgniter\CodeIgniter->run()
14 SYSTEMPATH\Commands\Server\rewrite.php(46): require_once('FCPATH\\index.php')
CRITICAL - 2023-07-05 21:43:01 --> Undefined array key "fk_order_id"
in APPPATH\Views\home\orders.php on line 141.
 1 APPPATH\Views\home\orders.php(141): CodeIgniter\Debug\Exceptions->errorHandler(2, 'Undefined array key "fk_order_id"', 'APPPATH\\Views\\home\\orders.php', 141)
 2 SYSTEMPATH\View\View.php(213): include('APPPATH\\Views\\home\\orders.php')
 3 SYSTEMPATH\View\View.php(216): CodeIgniter\View\View->CodeIgniter\View\{closure}()
 4 SYSTEMPATH\Common.php(1134): CodeIgniter\View\View->render('home/orders', [], true)
 5 APPPATH\Views\includes\template.php(2): view('home/orders')
 6 SYSTEMPATH\View\View.php(213): include('APPPATH\\Views\\includes\\template.php')
 7 SYSTEMPATH\View\View.php(216): CodeIgniter\View\View->CodeIgniter\View\{closure}()
 8 SYSTEMPATH\Common.php(1134): CodeIgniter\View\View->render('includes/template', [], true)
 9 APPPATH\Controllers\Home.php(384): view('includes/template', [...])
10 SYSTEMPATH\CodeIgniter.php(927): App\Controllers\Home->orders()
11 SYSTEMPATH\CodeIgniter.php(482): CodeIgniter\CodeIgniter->runController(Object(App\Controllers\Home))
12 SYSTEMPATH\CodeIgniter.php(351): CodeIgniter\CodeIgniter->handleRequest(null, Object(Config\Cache), false)
13 FCPATH\index.php(67): CodeIgniter\CodeIgniter->run()
14 SYSTEMPATH\Commands\Server\rewrite.php(46): require_once('FCPATH\\index.php')
CRITICAL - 2023-07-05 23:44:48 --> count(): Argument #1 ($value) must be of type Countable|array, null given
in APPPATH\Views\home\orders.php on line 370.
 1 SYSTEMPATH\View\View.php(213): include()
 2 SYSTEMPATH\View\View.php(216): CodeIgniter\View\View->CodeIgniter\View\{closure}()
 3 SYSTEMPATH\Common.php(1134): CodeIgniter\View\View->render('home/orders', [], true)
 4 APPPATH\Views\includes\template.php(2): view('home/orders')
 5 SYSTEMPATH\View\View.php(213): include('APPPATH\\Views\\includes\\template.php')
 6 SYSTEMPATH\View\View.php(216): CodeIgniter\View\View->CodeIgniter\View\{closure}()
 7 SYSTEMPATH\Common.php(1134): CodeIgniter\View\View->render('includes/template', [], true)
 8 APPPATH\Controllers\Home.php(386): view('includes/template', [...])
 9 SYSTEMPATH\CodeIgniter.php(927): App\Controllers\Home->orders()
10 SYSTEMPATH\CodeIgniter.php(482): CodeIgniter\CodeIgniter->runController(Object(App\Controllers\Home))
11 SYSTEMPATH\CodeIgniter.php(351): CodeIgniter\CodeIgniter->handleRequest(null, Object(Config\Cache), false)
12 FCPATH\index.php(67): CodeIgniter\CodeIgniter->run()
13 SYSTEMPATH\Commands\Server\rewrite.php(46): require_once('FCPATH\\index.php')
CRITICAL - 2023-07-05 23:45:10 --> count(): Argument #1 ($value) must be of type Countable|array, null given
in APPPATH\Views\home\orders.php on line 370.
 1 SYSTEMPATH\View\View.php(213): include()
 2 SYSTEMPATH\View\View.php(216): CodeIgniter\View\View->CodeIgniter\View\{closure}()
 3 SYSTEMPATH\Common.php(1134): CodeIgniter\View\View->render('home/orders', [], true)
 4 APPPATH\Views\includes\template.php(2): view('home/orders')
 5 SYSTEMPATH\View\View.php(213): include('APPPATH\\Views\\includes\\template.php')
 6 SYSTEMPATH\View\View.php(216): CodeIgniter\View\View->CodeIgniter\View\{closure}()
 7 SYSTEMPATH\Common.php(1134): CodeIgniter\View\View->render('includes/template', [], true)
 8 APPPATH\Controllers\Home.php(389): view('includes/template', [...])
 9 SYSTEMPATH\CodeIgniter.php(927): App\Controllers\Home->orders()
10 SYSTEMPATH\CodeIgniter.php(482): CodeIgniter\CodeIgniter->runController(Object(App\Controllers\Home))
11 SYSTEMPATH\CodeIgniter.php(351): CodeIgniter\CodeIgniter->handleRequest(null, Object(Config\Cache), false)
12 FCPATH\index.php(67): CodeIgniter\CodeIgniter->run()
13 SYSTEMPATH\Commands\Server\rewrite.php(46): require_once('FCPATH\\index.php')
CRITICAL - 2023-07-05 23:45:14 --> count(): Argument #1 ($value) must be of type Countable|array, null given
in APPPATH\Views\home\orders.php on line 370.
 1 SYSTEMPATH\View\View.php(213): include()
 2 SYSTEMPATH\View\View.php(216): CodeIgniter\View\View->CodeIgniter\View\{closure}()
 3 SYSTEMPATH\Common.php(1134): CodeIgniter\View\View->render('home/orders', [], true)
 4 APPPATH\Views\includes\template.php(2): view('home/orders')
 5 SYSTEMPATH\View\View.php(213): include('APPPATH\\Views\\includes\\template.php')
 6 SYSTEMPATH\View\View.php(216): CodeIgniter\View\View->CodeIgniter\View\{closure}()
 7 SYSTEMPATH\Common.php(1134): CodeIgniter\View\View->render('includes/template', [], true)
 8 APPPATH\Controllers\Home.php(389): view('includes/template', [...])
 9 SYSTEMPATH\CodeIgniter.php(927): App\Controllers\Home->orders()
10 SYSTEMPATH\CodeIgniter.php(482): CodeIgniter\CodeIgniter->runController(Object(App\Controllers\Home))
11 SYSTEMPATH\CodeIgniter.php(351): CodeIgniter\CodeIgniter->handleRequest(null, Object(Config\Cache), false)
12 FCPATH\index.php(67): CodeIgniter\CodeIgniter->run()
13 SYSTEMPATH\Commands\Server\rewrite.php(46): require_once('FCPATH\\index.php')
CRITICAL - 2023-07-05 23:46:31 --> whereIn() expects $values to be of type array or closure
in SYSTEMPATH\Database\BaseBuilder.php on line 907.
 1 SYSTEMPATH\Database\BaseBuilder.php(789): CodeIgniter\Database\BaseBuilder->_whereIn('order_status', 'Ready', false, 'AND ', null)
 2 SYSTEMPATH\Model.php(772): CodeIgniter\Database\BaseBuilder->whereIn('order_status', 'Ready')
 3 APPPATH\Controllers\Home.php(379): CodeIgniter\Model->__call('whereIn', [...])
 4 SYSTEMPATH\CodeIgniter.php(927): App\Controllers\Home->orders()
 5 SYSTEMPATH\CodeIgniter.php(482): CodeIgniter\CodeIgniter->runController(Object(App\Controllers\Home))
 6 SYSTEMPATH\CodeIgniter.php(351): CodeIgniter\CodeIgniter->handleRequest(null, Object(Config\Cache), false)
 7 FCPATH\index.php(67): CodeIgniter\CodeIgniter->run()
 8 SYSTEMPATH\Commands\Server\rewrite.php(46): require_once('FCPATH\\index.php')
