ERROR - 2024-05-13 02:21:09 --> mysqli_sql_exception: Column 'comment' cannot be null in /home1/tamtechh/public_html/inventory/system/Database/MySQLi/Connection.php:292
Stack trace:
#0 /home1/tamtechh/public_html/inventory/system/Database/MySQLi/Connection.php(292): mysqli->query('INSERT INTO `re...', 0)
#1 /home1/tamtechh/public_html/inventory/system/Database/BaseConnection.php(666): CodeIgniter\Database\MySQLi\Connection->execute('INSERT INTO `re...')
#2 /home1/tamtechh/public_html/inventory/system/Database/BaseConnection.php(593): CodeIgniter\Database\BaseConnection->simpleQuery('INSERT INTO `re...')
#3 /home1/tamtechh/public_html/inventory/system/Database/BaseBuilder.php(1916): CodeIgniter\Database\BaseConnection->query('INSERT INTO `re...', Array, false)
#4 /home1/tamtechh/public_html/inventory/system/Model.php(279): CodeIgniter\Database\BaseBuilder->insert()
#5 /home1/tamtechh/public_html/inventory/system/BaseModel.php(749): CodeIgniter\Model->doInsert(Array)
#6 /home1/tamtechh/public_html/inventory/system/Model.php(667): CodeIgniter\BaseModel->insert(Array, true)
#7 /home1/tamtechh/public_html/inventory/app/Controllers/Payroll.php(1225): CodeIgniter\Model->insert(Array)
#8 /home1/tamtechh/public_html/inventory/system/CodeIgniter.php(927): App\Controllers\Payroll->resigned('11')
#9 /home1/tamtechh/public_html/inventory/system/CodeIgniter.php(482): CodeIgniter\CodeIgniter->runController(Object(App\Controllers\Payroll))
#10 /home1/tamtechh/public_html/inventory/system/CodeIgniter.php(351): CodeIgniter\CodeIgniter->handleRequest(NULL, Object(Config\Cache), false)
#11 /home1/tamtechh/public_html/inventory/public/index.php(87): CodeIgniter\CodeIgniter->run()
#12 {main}
CRITICAL - 2024-05-13 02:21:09 --> Column 'comment' cannot be null
in SYSTEMPATH/Database/MySQLi/Connection.php on line 292.
 1 SYSTEMPATH/Database/MySQLi/Connection.php(292): mysqli->query('INSERT INTO `resigned_details` (`comment`, `agent_id`, `status`) VALUES (NULL, NULL, \'Active\')', 0)
 2 SYSTEMPATH/Database/BaseConnection.php(666): CodeIgniter\Database\MySQLi\Connection->execute('INSERT INTO `resigned_details` (`comment`, `agent_id`, `status`) VALUES (NULL, NULL, \'Active\')')
 3 SYSTEMPATH/Database/BaseConnection.php(593): CodeIgniter\Database\BaseConnection->simpleQuery('INSERT INTO `resigned_details` (`comment`, `agent_id`, `status`) VALUES (NULL, NULL, \'Active\')')
 4 SYSTEMPATH/Database/BaseBuilder.php(1916): CodeIgniter\Database\BaseConnection->query('INSERT INTO `resigned_details` (`comment`, `agent_id`, `status`) VALUES (:comment:, :agent_id:, :status:)', [...], false)
 5 SYSTEMPATH/Model.php(279): CodeIgniter\Database\BaseBuilder->insert()
 6 SYSTEMPATH/BaseModel.php(749): CodeIgniter\Model->doInsert([...])
 7 SYSTEMPATH/Model.php(667): CodeIgniter\BaseModel->insert([...], true)
 8 APPPATH/Controllers/Payroll.php(1225): CodeIgniter\Model->insert([...])
 9 SYSTEMPATH/CodeIgniter.php(927): App\Controllers\Payroll->resigned('11')
10 SYSTEMPATH/CodeIgniter.php(482): CodeIgniter\CodeIgniter->runController(Object(App\Controllers\Payroll))
11 SYSTEMPATH/CodeIgniter.php(351): CodeIgniter\CodeIgniter->handleRequest(null, Object(Config\Cache), false)
12 FCPATH/index.php(87): CodeIgniter\CodeIgniter->run()
ERROR - 2024-05-13 02:22:32 --> mysqli_sql_exception: Column 'comment' cannot be null in /home1/tamtechh/public_html/inventory/system/Database/MySQLi/Connection.php:292
Stack trace:
#0 /home1/tamtechh/public_html/inventory/system/Database/MySQLi/Connection.php(292): mysqli->query('INSERT INTO `re...', 0)
#1 /home1/tamtechh/public_html/inventory/system/Database/BaseConnection.php(666): CodeIgniter\Database\MySQLi\Connection->execute('INSERT INTO `re...')
#2 /home1/tamtechh/public_html/inventory/system/Database/BaseConnection.php(593): CodeIgniter\Database\BaseConnection->simpleQuery('INSERT INTO `re...')
#3 /home1/tamtechh/public_html/inventory/system/Database/BaseBuilder.php(1916): CodeIgniter\Database\BaseConnection->query('INSERT INTO `re...', Array, false)
#4 /home1/tamtechh/public_html/inventory/system/Model.php(279): CodeIgniter\Database\BaseBuilder->insert()
#5 /home1/tamtechh/public_html/inventory/system/BaseModel.php(749): CodeIgniter\Model->doInsert(Array)
#6 /home1/tamtechh/public_html/inventory/system/Model.php(667): CodeIgniter\BaseModel->insert(Array, true)
#7 /home1/tamtechh/public_html/inventory/app/Controllers/Payroll.php(1225): CodeIgniter\Model->insert(Array)
#8 /home1/tamtechh/public_html/inventory/system/CodeIgniter.php(927): App\Controllers\Payroll->resigned('11')
#9 /home1/tamtechh/public_html/inventory/system/CodeIgniter.php(482): CodeIgniter\CodeIgniter->runController(Object(App\Controllers\Payroll))
#10 /home1/tamtechh/public_html/inventory/system/CodeIgniter.php(351): CodeIgniter\CodeIgniter->handleRequest(NULL, Object(Config\Cache), false)
#11 /home1/tamtechh/public_html/inventory/public/index.php(87): CodeIgniter\CodeIgniter->run()
#12 {main}
CRITICAL - 2024-05-13 02:22:32 --> Column 'comment' cannot be null
in SYSTEMPATH/Database/MySQLi/Connection.php on line 292.
 1 SYSTEMPATH/Database/MySQLi/Connection.php(292): mysqli->query('INSERT INTO `resigned_details` (`comment`, `agent_id`, `status`) VALUES (NULL, NULL, \'Active\')', 0)
 2 SYSTEMPATH/Database/BaseConnection.php(666): CodeIgniter\Database\MySQLi\Connection->execute('INSERT INTO `resigned_details` (`comment`, `agent_id`, `status`) VALUES (NULL, NULL, \'Active\')')
 3 SYSTEMPATH/Database/BaseConnection.php(593): CodeIgniter\Database\BaseConnection->simpleQuery('INSERT INTO `resigned_details` (`comment`, `agent_id`, `status`) VALUES (NULL, NULL, \'Active\')')
 4 SYSTEMPATH/Database/BaseBuilder.php(1916): CodeIgniter\Database\BaseConnection->query('INSERT INTO `resigned_details` (`comment`, `agent_id`, `status`) VALUES (:comment:, :agent_id:, :status:)', [...], false)
 5 SYSTEMPATH/Model.php(279): CodeIgniter\Database\BaseBuilder->insert()
 6 SYSTEMPATH/BaseModel.php(749): CodeIgniter\Model->doInsert([...])
 7 SYSTEMPATH/Model.php(667): CodeIgniter\BaseModel->insert([...], true)
 8 APPPATH/Controllers/Payroll.php(1225): CodeIgniter\Model->insert([...])
 9 SYSTEMPATH/CodeIgniter.php(927): App\Controllers\Payroll->resigned('11')
10 SYSTEMPATH/CodeIgniter.php(482): CodeIgniter\CodeIgniter->runController(Object(App\Controllers\Payroll))
11 SYSTEMPATH/CodeIgniter.php(351): CodeIgniter\CodeIgniter->handleRequest(null, Object(Config\Cache), false)
12 FCPATH/index.php(87): CodeIgniter\CodeIgniter->run()
ERROR - 2024-05-13 03:01:25 --> mysqli_sql_exception: Column 'date' cannot be null in /home1/tamtechh/public_html/inventory/system/Database/MySQLi/Connection.php:292
Stack trace:
#0 /home1/tamtechh/public_html/inventory/system/Database/MySQLi/Connection.php(292): mysqli->query('INSERT INTO `re...', 0)
#1 /home1/tamtechh/public_html/inventory/system/Database/BaseConnection.php(666): CodeIgniter\Database\MySQLi\Connection->execute('INSERT INTO `re...')
#2 /home1/tamtechh/public_html/inventory/system/Database/BaseConnection.php(593): CodeIgniter\Database\BaseConnection->simpleQuery('INSERT INTO `re...')
#3 /home1/tamtechh/public_html/inventory/system/Database/BaseBuilder.php(1916): CodeIgniter\Database\BaseConnection->query('INSERT INTO `re...', Array, false)
#4 /home1/tamtechh/public_html/inventory/system/Model.php(279): CodeIgniter\Database\BaseBuilder->insert()
#5 /home1/tamtechh/public_html/inventory/system/BaseModel.php(749): CodeIgniter\Model->doInsert(Array)
#6 /home1/tamtechh/public_html/inventory/system/Model.php(667): CodeIgniter\BaseModel->insert(Array, true)
#7 /home1/tamtechh/public_html/inventory/app/Controllers/Payroll.php(1235): CodeIgniter\Model->insert(Array)
#8 /home1/tamtechh/public_html/inventory/system/CodeIgniter.php(927): App\Controllers\Payroll->resigned('11')
#9 /home1/tamtechh/public_html/inventory/system/CodeIgniter.php(482): CodeIgniter\CodeIgniter->runController(Object(App\Controllers\Payroll))
#10 /home1/tamtechh/public_html/inventory/system/CodeIgniter.php(351): CodeIgniter\CodeIgniter->handleRequest(NULL, Object(Config\Cache), false)
#11 /home1/tamtechh/public_html/inventory/public/index.php(87): CodeIgniter\CodeIgniter->run()
#12 {main}
CRITICAL - 2024-05-13 03:01:25 --> Column 'date' cannot be null
in SYSTEMPATH/Database/MySQLi/Connection.php on line 292.
 1 SYSTEMPATH/Database/MySQLi/Connection.php(292): mysqli->query('INSERT INTO `resigned_details` (`comment`, `agent_id`, `status`, `date`) VALUES (\'Sickness\', \'TAM116\', \'Resigned\', NULL)', 0)
 2 SYSTEMPATH/Database/BaseConnection.php(666): CodeIgniter\Database\MySQLi\Connection->execute('INSERT INTO `resigned_details` (`comment`, `agent_id`, `status`, `date`) VALUES (\'Sickness\', \'TAM116\', \'Resigned\', NULL)')
 3 SYSTEMPATH/Database/BaseConnection.php(593): CodeIgniter\Database\BaseConnection->simpleQuery('INSERT INTO `resigned_details` (`comment`, `agent_id`, `status`, `date`) VALUES (\'Sickness\', \'TAM116\', \'Resigned\', NULL)')
 4 SYSTEMPATH/Database/BaseBuilder.php(1916): CodeIgniter\Database\BaseConnection->query('INSERT INTO `resigned_details` (`comment`, `agent_id`, `status`, `date`) VALUES (:comment:, :agent_id:, :status:, :date:)', [...], false)
 5 SYSTEMPATH/Model.php(279): CodeIgniter\Database\BaseBuilder->insert()
 6 SYSTEMPATH/BaseModel.php(749): CodeIgniter\Model->doInsert([...])
 7 SYSTEMPATH/Model.php(667): CodeIgniter\BaseModel->insert([...], true)
 8 APPPATH/Controllers/Payroll.php(1235): CodeIgniter\Model->insert([...])
 9 SYSTEMPATH/CodeIgniter.php(927): App\Controllers\Payroll->resigned('11')
10 SYSTEMPATH/CodeIgniter.php(482): CodeIgniter\CodeIgniter->runController(Object(App\Controllers\Payroll))
11 SYSTEMPATH/CodeIgniter.php(351): CodeIgniter\CodeIgniter->handleRequest(null, Object(Config\Cache), false)
12 FCPATH/index.php(87): CodeIgniter\CodeIgniter->run()
