CRITICAL - 2024-04-15 20:30:50 --> Undefined variable $new
in FCPATH\template\system_scripts.php on line 1360.
 1 FCPATH\template\system_scripts.php(1360): CodeIgniter\Debug\Exceptions->errorHandler(2, 'Undefined variable $new', 'FCPATH\\template\\system_scripts.php', 1360)
 2 APPPATH\Views\admin\agent_files.php(418): include_once('FCPATH\\template\\system_scripts.php')
 3 SYSTEMPATH\View\View.php(213): include('APPPATH\\Views\\admin\\agent_files.php')
 4 SYSTEMPATH\View\View.php(216): CodeIgniter\View\View->CodeIgniter\View\{closure}()
 5 SYSTEMPATH\Common.php(1134): CodeIgniter\View\View->render('admin/agent_files', [], true)
 6 APPPATH\Controllers\Home.php(2658): view('admin/agent_files', [...])
 7 SYSTEMPATH\CodeIgniter.php(927): App\Controllers\Home->filesVIew('52')
 8 SYSTEMPATH\CodeIgniter.php(482): CodeIgniter\CodeIgniter->runController(Object(App\Controllers\Home))
 9 SYSTEMPATH\CodeIgniter.php(351): CodeIgniter\CodeIgniter->handleRequest(null, Object(Config\Cache), false)
10 FCPATH\index.php(87): CodeIgniter\CodeIgniter->run()
11 SYSTEMPATH\Commands\Server\rewrite.php(46): require_once('FCPATH\\index.php')
CRITICAL - 2024-04-15 20:38:56 --> Call to a member function update() on null
in APPPATH\Controllers\Home.php on line 211.
 1 SYSTEMPATH\CodeIgniter.php(927): App\Controllers\Home->agents_update('52')
 2 SYSTEMPATH\CodeIgniter.php(482): CodeIgniter\CodeIgniter->runController(Object(App\Controllers\Home))
 3 SYSTEMPATH\CodeIgniter.php(351): CodeIgniter\CodeIgniter->handleRequest(null, Object(Config\Cache), false)
 4 FCPATH\index.php(87): CodeIgniter\CodeIgniter->run()
 5 SYSTEMPATH\Commands\Server\rewrite.php(46): require_once('FCPATH\\index.php')
CRITICAL - 2024-04-15 20:39:22 --> Call to a member function update() on null
in APPPATH\Controllers\Home.php on line 211.
 1 SYSTEMPATH\CodeIgniter.php(927): App\Controllers\Home->agents_update('52')
 2 SYSTEMPATH\CodeIgniter.php(482): CodeIgniter\CodeIgniter->runController(Object(App\Controllers\Home))
 3 SYSTEMPATH\CodeIgniter.php(351): CodeIgniter\CodeIgniter->handleRequest(null, Object(Config\Cache), false)
 4 FCPATH\index.php(87): CodeIgniter\CodeIgniter->run()
 5 SYSTEMPATH\Commands\Server\rewrite.php(46): require_once('FCPATH\\index.php')
CRITICAL - 2024-04-15 22:06:13 --> There is no data to update.
in SYSTEMPATH\BaseModel.php on line 867.
 1 SYSTEMPATH\BaseModel.php(867): CodeIgniter\Database\Exceptions\DataException::forEmptyDataset('update')
 2 SYSTEMPATH\Model.php(693): CodeIgniter\BaseModel->update([...], [])
 3 APPPATH\Controllers\Home.php(266): CodeIgniter\Model->update('47', [...])
 4 SYSTEMPATH\CodeIgniter.php(927): App\Controllers\Home->resigned('47')
 5 SYSTEMPATH\CodeIgniter.php(482): CodeIgniter\CodeIgniter->runController(Object(App\Controllers\Home))
 6 SYSTEMPATH\CodeIgniter.php(351): CodeIgniter\CodeIgniter->handleRequest(null, Object(Config\Cache), false)
 7 FCPATH\index.php(87): CodeIgniter\CodeIgniter->run()
 8 SYSTEMPATH\Commands\Server\rewrite.php(46): require_once('FCPATH\\index.php')
ERROR - 2024-04-15 22:52:22 --> mysqli_sql_exception: Operand should contain 1 column(s) in C:\laragon\www\tamtechhub_inventory\system\Database\MySQLi\Connection.php:292
Stack trace:
#0 C:\laragon\www\tamtechhub_inventory\system\Database\MySQLi\Connection.php(292): mysqli->query('SELECT *\nFROM `...', 0)
#1 C:\laragon\www\tamtechhub_inventory\system\Database\BaseConnection.php(666): CodeIgniter\Database\MySQLi\Connection->execute('SELECT *\nFROM `...')
#2 C:\laragon\www\tamtechhub_inventory\system\Database\BaseConnection.php(593): CodeIgniter\Database\BaseConnection->simpleQuery('SELECT *\nFROM `...')
#3 C:\laragon\www\tamtechhub_inventory\system\Database\BaseBuilder.php(1585): CodeIgniter\Database\BaseConnection->query('SELECT *\nFROM `...', Array, false)
#4 C:\laragon\www\tamtechhub_inventory\system\Model.php(223): CodeIgniter\Database\BaseBuilder->get()
#5 C:\laragon\www\tamtechhub_inventory\system\BaseModel.php(585): CodeIgniter\Model->doFindAll(0, 0)
#6 C:\laragon\www\tamtechhub_inventory\app\Controllers\Home.php(251): CodeIgniter\BaseModel->findAll()
#7 C:\laragon\www\tamtechhub_inventory\system\CodeIgniter.php(927): App\Controllers\Home->agentAgent_list()
#8 C:\laragon\www\tamtechhub_inventory\system\CodeIgniter.php(482): CodeIgniter\CodeIgniter->runController(Object(App\Controllers\Home))
#9 C:\laragon\www\tamtechhub_inventory\system\CodeIgniter.php(351): CodeIgniter\CodeIgniter->handleRequest(NULL, Object(Config\Cache), false)
#10 C:\laragon\www\tamtechhub_inventory\public\index.php(87): CodeIgniter\CodeIgniter->run()
#11 C:\laragon\www\tamtechhub_inventory\system\Commands\Server\rewrite.php(46): require_once('C:\\laragon\\www\\...')
#12 {main}
CRITICAL - 2024-04-15 22:52:22 --> Operand should contain 1 column(s)
in SYSTEMPATH\Database\MySQLi\Connection.php on line 292.
 1 SYSTEMPATH\Database\MySQLi\Connection.php(292): mysqli->query('SELECT *
FROM `agent_list`
WHERE `status` = (\'Resigned\',\'Terminated\')', 0)
 2 SYSTEMPATH\Database\BaseConnection.php(666): CodeIgniter\Database\MySQLi\Connection->execute('SELECT *
FROM `agent_list`
WHERE `status` = (\'Resigned\',\'Terminated\')')
 3 SYSTEMPATH\Database\BaseConnection.php(593): CodeIgniter\Database\BaseConnection->simpleQuery('SELECT *
FROM `agent_list`
WHERE `status` = (\'Resigned\',\'Terminated\')')
 4 SYSTEMPATH\Database\BaseBuilder.php(1585): CodeIgniter\Database\BaseConnection->query('SELECT *
FROM `agent_list`
WHERE `status` = :status:', [...], false)
 5 SYSTEMPATH\Model.php(223): CodeIgniter\Database\BaseBuilder->get()
 6 SYSTEMPATH\BaseModel.php(585): CodeIgniter\Model->doFindAll(0, 0)
 7 APPPATH\Controllers\Home.php(251): CodeIgniter\BaseModel->findAll()
 8 SYSTEMPATH\CodeIgniter.php(927): App\Controllers\Home->agentAgent_list()
 9 SYSTEMPATH\CodeIgniter.php(482): CodeIgniter\CodeIgniter->runController(Object(App\Controllers\Home))
10 SYSTEMPATH\CodeIgniter.php(351): CodeIgniter\CodeIgniter->handleRequest(null, Object(Config\Cache), false)
11 FCPATH\index.php(87): CodeIgniter\CodeIgniter->run()
12 SYSTEMPATH\Commands\Server\rewrite.php(46): require_once('FCPATH\\index.php')
