CRITICAL - 2023-05-30 00:07:15 --> Call to undefined method App\Models\Order_model::getUserOrders
in SYSTEMPATH\Model.php on line 774.
 1 APPPATH\Controllers\Orders.php(29): CodeIgniter\Model->__call('getUserOrders', [...])
 2 SYSTEMPATH\CodeIgniter.php(927): App\Controllers\Orders->ordersupdate('5')
 3 SYSTEMPATH\CodeIgniter.php(482): CodeIgniter\CodeIgniter->runController(Object(App\Controllers\Orders))
 4 SYSTEMPATH\CodeIgniter.php(351): CodeIgniter\CodeIgniter->handleRequest(null, Object(Config\Cache), false)
 5 FCPATH\index.php(67): CodeIgniter\CodeIgniter->run()
 6 SYSTEMPATH\Commands\Server\rewrite.php(46): require_once('FCPATH\\index.php')
CRITICAL - 2023-05-30 00:13:00 --> strpos(): Passing null to parameter #1 ($haystack) of type string is deprecated
in SYSTEMPATH\Email\Email.php on line 736.
 1 [internal function]: CodeIgniter\Debug\Exceptions->errorHandler(8192, 'strpos(): Passing null to parameter #1 ($haystack) of type string is deprecated', 'SYSTEMPATH\\Email\\Email.php', 736)
 2 SYSTEMPATH\Email\Email.php(736): strpos(null, ',')
 3 SYSTEMPATH\Email\Email.php(549): CodeIgniter\Email\Email->stringToArray(null)
 4 APPPATH\Controllers\Orders.php(35): CodeIgniter\Email\Email->setTo(null)
 5 SYSTEMPATH\CodeIgniter.php(927): App\Controllers\Orders->ordersupdate('7')
 6 SYSTEMPATH\CodeIgniter.php(482): CodeIgniter\CodeIgniter->runController(Object(App\Controllers\Orders))
 7 SYSTEMPATH\CodeIgniter.php(351): CodeIgniter\CodeIgniter->handleRequest(null, Object(Config\Cache), false)
 8 FCPATH\index.php(67): CodeIgniter\CodeIgniter->run()
 9 SYSTEMPATH\Commands\Server\rewrite.php(46): require_once('FCPATH\\index.php')
CRITICAL - 2023-05-30 00:13:58 --> strpos(): Passing null to parameter #1 ($haystack) of type string is deprecated
in SYSTEMPATH\Email\Email.php on line 736.
 1 [internal function]: CodeIgniter\Debug\Exceptions->errorHandler(8192, 'strpos(): Passing null to parameter #1 ($haystack) of type string is deprecated', 'SYSTEMPATH\\Email\\Email.php', 736)
 2 SYSTEMPATH\Email\Email.php(736): strpos(null, ',')
 3 SYSTEMPATH\Email\Email.php(549): CodeIgniter\Email\Email->stringToArray(null)
 4 APPPATH\Controllers\Orders.php(34): CodeIgniter\Email\Email->setTo(null)
 5 SYSTEMPATH\CodeIgniter.php(927): App\Controllers\Orders->ordersupdate('7')
 6 SYSTEMPATH\CodeIgniter.php(482): CodeIgniter\CodeIgniter->runController(Object(App\Controllers\Orders))
 7 SYSTEMPATH\CodeIgniter.php(351): CodeIgniter\CodeIgniter->handleRequest(null, Object(Config\Cache), false)
 8 FCPATH\index.php(67): CodeIgniter\CodeIgniter->run()
 9 SYSTEMPATH\Commands\Server\rewrite.php(46): require_once('FCPATH\\index.php')
CRITICAL - 2023-05-30 00:14:24 --> strpos(): Passing null to parameter #1 ($haystack) of type string is deprecated
in SYSTEMPATH\Email\Email.php on line 736.
 1 [internal function]: CodeIgniter\Debug\Exceptions->errorHandler(8192, 'strpos(): Passing null to parameter #1 ($haystack) of type string is deprecated', 'SYSTEMPATH\\Email\\Email.php', 736)
 2 SYSTEMPATH\Email\Email.php(736): strpos(null, ',')
 3 SYSTEMPATH\Email\Email.php(549): CodeIgniter\Email\Email->stringToArray(null)
 4 APPPATH\Controllers\Orders.php(34): CodeIgniter\Email\Email->setTo(null)
 5 SYSTEMPATH\CodeIgniter.php(927): App\Controllers\Orders->ordersupdate('7')
 6 SYSTEMPATH\CodeIgniter.php(482): CodeIgniter\CodeIgniter->runController(Object(App\Controllers\Orders))
 7 SYSTEMPATH\CodeIgniter.php(351): CodeIgniter\CodeIgniter->handleRequest(null, Object(Config\Cache), false)
 8 FCPATH\index.php(67): CodeIgniter\CodeIgniter->run()
 9 SYSTEMPATH\Commands\Server\rewrite.php(46): require_once('FCPATH\\index.php')
CRITICAL - 2023-05-30 00:15:20 --> Undefined variable $booking
in APPPATH\Views\admin\orders\ordersedit.php on line 54.
 1 APPPATH\Views\admin\orders\ordersedit.php(54): CodeIgniter\Debug\Exceptions->errorHandler(2, 'Undefined variable $booking', 'APPPATH\\Views\\admin\\orders\\ordersedit.php', 54)
 2 SYSTEMPATH\View\View.php(213): include('APPPATH\\Views\\admin\\orders\\ordersedit.php')
 3 SYSTEMPATH\View\View.php(216): CodeIgniter\View\View->CodeIgniter\View\{closure}()
 4 SYSTEMPATH\Common.php(1134): CodeIgniter\View\View->render('admin/orders/ordersedit', [], true)
 5 APPPATH\Controllers\Orders.php(16): view('admin/orders/ordersedit', [...])
 6 SYSTEMPATH\CodeIgniter.php(927): App\Controllers\Orders->ordersedit('7')
 7 SYSTEMPATH\CodeIgniter.php(482): CodeIgniter\CodeIgniter->runController(Object(App\Controllers\Orders))
 8 SYSTEMPATH\CodeIgniter.php(351): CodeIgniter\CodeIgniter->handleRequest(null, Object(Config\Cache), false)
 9 FCPATH\index.php(67): CodeIgniter\CodeIgniter->run()
10 SYSTEMPATH\Commands\Server\rewrite.php(46): require_once('FCPATH\\index.php')
CRITICAL - 2023-05-30 00:15:33 --> strpos(): Passing null to parameter #1 ($haystack) of type string is deprecated
in SYSTEMPATH\Email\Email.php on line 736.
 1 [internal function]: CodeIgniter\Debug\Exceptions->errorHandler(8192, 'strpos(): Passing null to parameter #1 ($haystack) of type string is deprecated', 'SYSTEMPATH\\Email\\Email.php', 736)
 2 SYSTEMPATH\Email\Email.php(736): strpos(null, ',')
 3 SYSTEMPATH\Email\Email.php(549): CodeIgniter\Email\Email->stringToArray(null)
 4 APPPATH\Controllers\Orders.php(33): CodeIgniter\Email\Email->setTo(null)
 5 SYSTEMPATH\CodeIgniter.php(927): App\Controllers\Orders->ordersupdate('7')
 6 SYSTEMPATH\CodeIgniter.php(482): CodeIgniter\CodeIgniter->runController(Object(App\Controllers\Orders))
 7 SYSTEMPATH\CodeIgniter.php(351): CodeIgniter\CodeIgniter->handleRequest(null, Object(Config\Cache), false)
 8 FCPATH\index.php(67): CodeIgniter\CodeIgniter->run()
 9 SYSTEMPATH\Commands\Server\rewrite.php(46): require_once('FCPATH\\index.php')
CRITICAL - 2023-05-30 00:17:06 --> strpos(): Passing null to parameter #1 ($haystack) of type string is deprecated
in SYSTEMPATH\Email\Email.php on line 736.
 1 [internal function]: CodeIgniter\Debug\Exceptions->errorHandler(8192, 'strpos(): Passing null to parameter #1 ($haystack) of type string is deprecated', 'SYSTEMPATH\\Email\\Email.php', 736)
 2 SYSTEMPATH\Email\Email.php(736): strpos(null, ',')
 3 SYSTEMPATH\Email\Email.php(549): CodeIgniter\Email\Email->stringToArray(null)
 4 APPPATH\Controllers\Orders.php(33): CodeIgniter\Email\Email->setTo(null)
 5 SYSTEMPATH\CodeIgniter.php(927): App\Controllers\Orders->ordersupdate('5')
 6 SYSTEMPATH\CodeIgniter.php(482): CodeIgniter\CodeIgniter->runController(Object(App\Controllers\Orders))
 7 SYSTEMPATH\CodeIgniter.php(351): CodeIgniter\CodeIgniter->handleRequest(null, Object(Config\Cache), false)
 8 FCPATH\index.php(67): CodeIgniter\CodeIgniter->run()
 9 SYSTEMPATH\Commands\Server\rewrite.php(46): require_once('FCPATH\\index.php')
CRITICAL - 2023-05-30 00:18:23 --> strpos(): Passing null to parameter #1 ($haystack) of type string is deprecated
in SYSTEMPATH\Email\Email.php on line 736.
 1 [internal function]: CodeIgniter\Debug\Exceptions->errorHandler(8192, 'strpos(): Passing null to parameter #1 ($haystack) of type string is deprecated', 'SYSTEMPATH\\Email\\Email.php', 736)
 2 SYSTEMPATH\Email\Email.php(736): strpos(null, ',')
 3 SYSTEMPATH\Email\Email.php(549): CodeIgniter\Email\Email->stringToArray(null)
 4 APPPATH\Controllers\Orders.php(33): CodeIgniter\Email\Email->setTo(null)
 5 SYSTEMPATH\CodeIgniter.php(927): App\Controllers\Orders->ordersupdate('2')
 6 SYSTEMPATH\CodeIgniter.php(482): CodeIgniter\CodeIgniter->runController(Object(App\Controllers\Orders))
 7 SYSTEMPATH\CodeIgniter.php(351): CodeIgniter\CodeIgniter->handleRequest(null, Object(Config\Cache), false)
 8 FCPATH\index.php(67): CodeIgniter\CodeIgniter->run()
 9 SYSTEMPATH\Commands\Server\rewrite.php(46): require_once('FCPATH\\index.php')
CRITICAL - 2023-05-30 00:21:55 --> strpos(): Passing null to parameter #1 ($haystack) of type string is deprecated
in SYSTEMPATH\Email\Email.php on line 736.
 1 [internal function]: CodeIgniter\Debug\Exceptions->errorHandler(8192, 'strpos(): Passing null to parameter #1 ($haystack) of type string is deprecated', 'SYSTEMPATH\\Email\\Email.php', 736)
 2 SYSTEMPATH\Email\Email.php(736): strpos(null, ',')
 3 SYSTEMPATH\Email\Email.php(549): CodeIgniter\Email\Email->stringToArray(null)
 4 APPPATH\Controllers\Orders.php(89): CodeIgniter\Email\Email->setTo(null)
 5 SYSTEMPATH\CodeIgniter.php(927): App\Controllers\Orders->ordersupdate('5')
 6 SYSTEMPATH\CodeIgniter.php(482): CodeIgniter\CodeIgniter->runController(Object(App\Controllers\Orders))
 7 SYSTEMPATH\CodeIgniter.php(351): CodeIgniter\CodeIgniter->handleRequest(null, Object(Config\Cache), false)
 8 FCPATH\index.php(67): CodeIgniter\CodeIgniter->run()
 9 SYSTEMPATH\Commands\Server\rewrite.php(46): require_once('FCPATH\\index.php')
CRITICAL - 2023-05-30 00:22:54 --> syntax error, unexpected token "public", expecting end of file
in APPPATH\Controllers\Orders.php on line 133.
 1 SYSTEMPATH\Autoloader\Autoloader.php(259): CodeIgniter\Autoloader\Autoloader->includeFile('APPPATH\\Controllers\\Orders.php')
 2 SYSTEMPATH\Autoloader\Autoloader.php(237): CodeIgniter\Autoloader\Autoloader->loadInNamespace('App\\Controllers\\Orders')
 3 [internal function]: CodeIgniter\Autoloader\Autoloader->loadClass('App\\Controllers\\Orders')
 4 SYSTEMPATH\CodeIgniter.php(877): class_exists('\\App\\Controllers\\Orders', true)
 5 SYSTEMPATH\CodeIgniter.php(469): CodeIgniter\CodeIgniter->startController()
 6 SYSTEMPATH\CodeIgniter.php(351): CodeIgniter\CodeIgniter->handleRequest(null, Object(Config\Cache), false)
 7 FCPATH\index.php(67): CodeIgniter\CodeIgniter->run()
 8 SYSTEMPATH\Commands\Server\rewrite.php(46): require_once('FCPATH\\index.php')
CRITICAL - 2023-05-30 00:23:18 --> strpos(): Passing null to parameter #1 ($haystack) of type string is deprecated
in SYSTEMPATH\Email\Email.php on line 736.
 1 [internal function]: CodeIgniter\Debug\Exceptions->errorHandler(8192, 'strpos(): Passing null to parameter #1 ($haystack) of type string is deprecated', 'SYSTEMPATH\\Email\\Email.php', 736)
 2 SYSTEMPATH\Email\Email.php(736): strpos(null, ',')
 3 SYSTEMPATH\Email\Email.php(549): CodeIgniter\Email\Email->stringToArray(null)
 4 APPPATH\Controllers\Orders.php(60): CodeIgniter\Email\Email->setTo(null)
 5 SYSTEMPATH\CodeIgniter.php(927): App\Controllers\Orders->ordersupdate('5')
 6 SYSTEMPATH\CodeIgniter.php(482): CodeIgniter\CodeIgniter->runController(Object(App\Controllers\Orders))
 7 SYSTEMPATH\CodeIgniter.php(351): CodeIgniter\CodeIgniter->handleRequest(null, Object(Config\Cache), false)
 8 FCPATH\index.php(67): CodeIgniter\CodeIgniter->run()
 9 SYSTEMPATH\Commands\Server\rewrite.php(46): require_once('FCPATH\\index.php')
CRITICAL - 2023-05-30 00:25:18 --> strpos(): Passing null to parameter #1 ($haystack) of type string is deprecated
in SYSTEMPATH\Email\Email.php on line 736.
 1 [internal function]: CodeIgniter\Debug\Exceptions->errorHandler(8192, 'strpos(): Passing null to parameter #1 ($haystack) of type string is deprecated', 'SYSTEMPATH\\Email\\Email.php', 736)
 2 SYSTEMPATH\Email\Email.php(736): strpos(null, ',')
 3 SYSTEMPATH\Email\Email.php(549): CodeIgniter\Email\Email->stringToArray(null)
 4 APPPATH\Controllers\Orders.php(35): CodeIgniter\Email\Email->setTo(null)
 5 SYSTEMPATH\CodeIgniter.php(927): App\Controllers\Orders->ordersupdate('5')
 6 SYSTEMPATH\CodeIgniter.php(482): CodeIgniter\CodeIgniter->runController(Object(App\Controllers\Orders))
 7 SYSTEMPATH\CodeIgniter.php(351): CodeIgniter\CodeIgniter->handleRequest(null, Object(Config\Cache), false)
 8 FCPATH\index.php(67): CodeIgniter\CodeIgniter->run()
 9 SYSTEMPATH\Commands\Server\rewrite.php(46): require_once('FCPATH\\index.php')
CRITICAL - 2023-05-30 00:30:15 --> strpos(): Passing null to parameter #1 ($haystack) of type string is deprecated
in SYSTEMPATH\Email\Email.php on line 736.
 1 [internal function]: CodeIgniter\Debug\Exceptions->errorHandler(8192, 'strpos(): Passing null to parameter #1 ($haystack) of type string is deprecated', 'SYSTEMPATH\\Email\\Email.php', 736)
 2 SYSTEMPATH\Email\Email.php(736): strpos(null, ',')
 3 SYSTEMPATH\Email\Email.php(549): CodeIgniter\Email\Email->stringToArray(null)
 4 APPPATH\Controllers\Orders.php(60): CodeIgniter\Email\Email->setTo(null)
 5 SYSTEMPATH\CodeIgniter.php(927): App\Controllers\Orders->ordersupdate('5')
 6 SYSTEMPATH\CodeIgniter.php(482): CodeIgniter\CodeIgniter->runController(Object(App\Controllers\Orders))
 7 SYSTEMPATH\CodeIgniter.php(351): CodeIgniter\CodeIgniter->handleRequest(null, Object(Config\Cache), false)
 8 FCPATH\index.php(67): CodeIgniter\CodeIgniter->run()
 9 SYSTEMPATH\Commands\Server\rewrite.php(46): require_once('FCPATH\\index.php')
CRITICAL - 2023-05-30 00:32:02 --> strpos(): Passing null to parameter #1 ($haystack) of type string is deprecated
in SYSTEMPATH\Email\Email.php on line 736.
 1 [internal function]: CodeIgniter\Debug\Exceptions->errorHandler(8192, 'strpos(): Passing null to parameter #1 ($haystack) of type string is deprecated', 'SYSTEMPATH\\Email\\Email.php', 736)
 2 SYSTEMPATH\Email\Email.php(736): strpos(null, ',')
 3 SYSTEMPATH\Email\Email.php(549): CodeIgniter\Email\Email->stringToArray(null)
 4 APPPATH\Controllers\Orders.php(47): CodeIgniter\Email\Email->setTo(null)
 5 SYSTEMPATH\CodeIgniter.php(927): App\Controllers\Orders->ordersupdate('5')
 6 SYSTEMPATH\CodeIgniter.php(482): CodeIgniter\CodeIgniter->runController(Object(App\Controllers\Orders))
 7 SYSTEMPATH\CodeIgniter.php(351): CodeIgniter\CodeIgniter->handleRequest(null, Object(Config\Cache), false)
 8 FCPATH\index.php(67): CodeIgniter\CodeIgniter->run()
 9 SYSTEMPATH\Commands\Server\rewrite.php(46): require_once('FCPATH\\index.php')
CRITICAL - 2023-05-30 00:33:28 --> strpos(): Passing null to parameter #1 ($haystack) of type string is deprecated
in SYSTEMPATH\Email\Email.php on line 736.
 1 [internal function]: CodeIgniter\Debug\Exceptions->errorHandler(8192, 'strpos(): Passing null to parameter #1 ($haystack) of type string is deprecated', 'SYSTEMPATH\\Email\\Email.php', 736)
 2 SYSTEMPATH\Email\Email.php(736): strpos(null, ',')
 3 SYSTEMPATH\Email\Email.php(549): CodeIgniter\Email\Email->stringToArray(null)
 4 APPPATH\Controllers\Orders.php(47): CodeIgniter\Email\Email->setTo(null)
 5 SYSTEMPATH\CodeIgniter.php(927): App\Controllers\Orders->ordersupdate('5')
 6 SYSTEMPATH\CodeIgniter.php(482): CodeIgniter\CodeIgniter->runController(Object(App\Controllers\Orders))
 7 SYSTEMPATH\CodeIgniter.php(351): CodeIgniter\CodeIgniter->handleRequest(null, Object(Config\Cache), false)
 8 FCPATH\index.php(67): CodeIgniter\CodeIgniter->run()
 9 SYSTEMPATH\Commands\Server\rewrite.php(46): require_once('FCPATH\\index.php')
CRITICAL - 2023-05-30 00:36:15 --> strpos(): Passing null to parameter #1 ($haystack) of type string is deprecated
in SYSTEMPATH\Email\Email.php on line 736.
 1 [internal function]: CodeIgniter\Debug\Exceptions->errorHandler(8192, 'strpos(): Passing null to parameter #1 ($haystack) of type string is deprecated', 'SYSTEMPATH\\Email\\Email.php', 736)
 2 SYSTEMPATH\Email\Email.php(736): strpos(null, ',')
 3 SYSTEMPATH\Email\Email.php(549): CodeIgniter\Email\Email->stringToArray(null)
 4 APPPATH\Controllers\Orders.php(47): CodeIgniter\Email\Email->setTo(null)
 5 SYSTEMPATH\CodeIgniter.php(927): App\Controllers\Orders->ordersupdate('5')
 6 SYSTEMPATH\CodeIgniter.php(482): CodeIgniter\CodeIgniter->runController(Object(App\Controllers\Orders))
 7 SYSTEMPATH\CodeIgniter.php(351): CodeIgniter\CodeIgniter->handleRequest(null, Object(Config\Cache), false)
 8 FCPATH\index.php(67): CodeIgniter\CodeIgniter->run()
 9 SYSTEMPATH\Commands\Server\rewrite.php(46): require_once('FCPATH\\index.php')
CRITICAL - 2023-05-30 00:38:41 --> strpos(): Passing null to parameter #1 ($haystack) of type string is deprecated
in SYSTEMPATH\Email\Email.php on line 736.
 1 [internal function]: CodeIgniter\Debug\Exceptions->errorHandler(8192, 'strpos(): Passing null to parameter #1 ($haystack) of type string is deprecated', 'SYSTEMPATH\\Email\\Email.php', 736)
 2 SYSTEMPATH\Email\Email.php(736): strpos(null, ',')
 3 SYSTEMPATH\Email\Email.php(549): CodeIgniter\Email\Email->stringToArray(null)
 4 APPPATH\Controllers\Orders.php(60): CodeIgniter\Email\Email->setTo(null)
 5 SYSTEMPATH\CodeIgniter.php(927): App\Controllers\Orders->ordersupdate('5')
 6 SYSTEMPATH\CodeIgniter.php(482): CodeIgniter\CodeIgniter->runController(Object(App\Controllers\Orders))
 7 SYSTEMPATH\CodeIgniter.php(351): CodeIgniter\CodeIgniter->handleRequest(null, Object(Config\Cache), false)
 8 FCPATH\index.php(67): CodeIgniter\CodeIgniter->run()
 9 SYSTEMPATH\Commands\Server\rewrite.php(46): require_once('FCPATH\\index.php')
CRITICAL - 2023-05-30 01:25:28 --> strpos(): Passing null to parameter #1 ($haystack) of type string is deprecated
in SYSTEMPATH\Email\Email.php on line 736.
 1 [internal function]: CodeIgniter\Debug\Exceptions->errorHandler(8192, 'strpos(): Passing null to parameter #1 ($haystack) of type string is deprecated', 'SYSTEMPATH\\Email\\Email.php', 736)
 2 SYSTEMPATH\Email\Email.php(736): strpos(null, ',')
 3 SYSTEMPATH\Email\Email.php(549): CodeIgniter\Email\Email->stringToArray(null)
 4 APPPATH\Controllers\Employee.php(224): CodeIgniter\Email\Email->setTo(null)
 5 SYSTEMPATH\CodeIgniter.php(927): App\Controllers\Employee->employee_orders_update('2')
 6 SYSTEMPATH\CodeIgniter.php(482): CodeIgniter\CodeIgniter->runController(Object(App\Controllers\Employee))
 7 SYSTEMPATH\CodeIgniter.php(351): CodeIgniter\CodeIgniter->handleRequest(null, Object(Config\Cache), false)
 8 FCPATH\index.php(67): CodeIgniter\CodeIgniter->run()
 9 SYSTEMPATH\Commands\Server\rewrite.php(46): require_once('FCPATH\\index.php')
CRITICAL - 2023-05-30 01:25:49 --> strpos(): Passing null to parameter #1 ($haystack) of type string is deprecated
in SYSTEMPATH\Email\Email.php on line 736.
 1 [internal function]: CodeIgniter\Debug\Exceptions->errorHandler(8192, 'strpos(): Passing null to parameter #1 ($haystack) of type string is deprecated', 'SYSTEMPATH\\Email\\Email.php', 736)
 2 SYSTEMPATH\Email\Email.php(736): strpos(null, ',')
 3 SYSTEMPATH\Email\Email.php(549): CodeIgniter\Email\Email->stringToArray(null)
 4 APPPATH\Controllers\Employee.php(212): CodeIgniter\Email\Email->setTo(null)
 5 SYSTEMPATH\CodeIgniter.php(927): App\Controllers\Employee->employee_orders_update('8')
 6 SYSTEMPATH\CodeIgniter.php(482): CodeIgniter\CodeIgniter->runController(Object(App\Controllers\Employee))
 7 SYSTEMPATH\CodeIgniter.php(351): CodeIgniter\CodeIgniter->handleRequest(null, Object(Config\Cache), false)
 8 FCPATH\index.php(67): CodeIgniter\CodeIgniter->run()
 9 SYSTEMPATH\Commands\Server\rewrite.php(46): require_once('FCPATH\\index.php')
