CRITICAL - 2022-12-13 02:55:56 --> array_values(): Argument #1 ($array) must be of type array, null given
in APPPATH\Controllers\CartController.php on line 16.
 1 APPPATH\Controllers\CartController.php(16): array_values(null)
 2 SYSTEMPATH\CodeIgniter.php(927): App\Controllers\CartController->product_cart()
 3 SYSTEMPATH\CodeIgniter.php(482): CodeIgniter\CodeIgniter->runController(Object(App\Controllers\CartController))
 4 SYSTEMPATH\CodeIgniter.php(351): CodeIgniter\CodeIgniter->handleRequest(null, Object(Config\Cache), false)
 5 FCPATH\index.php(67): CodeIgniter\CodeIgniter->run()
 6 SYSTEMPATH\Commands\Server\rewrite.php(46): require_once('FCPATH\\index.php')
CRITICAL - 2022-12-13 06:44:55 --> Call to undefined function number_to_currency()
in APPPATH\Views\layout\products.php on line 78.
 1 SYSTEMPATH\View\View.php(213): include()
 2 SYSTEMPATH\View\View.php(216): CodeIgniter\View\View->CodeIgniter\View\{closure}()
 3 SYSTEMPATH\Common.php(1134): CodeIgniter\View\View->render('layout/products', [], true)
 4 APPPATH\Controllers\CartController.php(14): view('layout/products', [...])
 5 SYSTEMPATH\CodeIgniter.php(927): App\Controllers\CartController->products()
 6 SYSTEMPATH\CodeIgniter.php(482): CodeIgniter\CodeIgniter->runController(Object(App\Controllers\CartController))
 7 SYSTEMPATH\CodeIgniter.php(351): CodeIgniter\CodeIgniter->handleRequest(null, Object(Config\Cache), false)
 8 FCPATH\index.php(67): CodeIgniter\CodeIgniter->run()
 9 SYSTEMPATH\Commands\Server\rewrite.php(46): require_once('FCPATH\\index.php')
CRITICAL - 2022-12-13 06:47:15 --> Call to undefined function number_to_currency()
in APPPATH\Views\layout\products.php on line 75.
 1 SYSTEMPATH\View\View.php(213): include()
 2 SYSTEMPATH\View\View.php(216): CodeIgniter\View\View->CodeIgniter\View\{closure}()
 3 SYSTEMPATH\Common.php(1134): CodeIgniter\View\View->render('layout/products', [], true)
 4 APPPATH\Controllers\CartController.php(14): view('layout/products', [...])
 5 SYSTEMPATH\CodeIgniter.php(927): App\Controllers\CartController->products()
 6 SYSTEMPATH\CodeIgniter.php(482): CodeIgniter\CodeIgniter->runController(Object(App\Controllers\CartController))
 7 SYSTEMPATH\CodeIgniter.php(351): CodeIgniter\CodeIgniter->handleRequest(null, Object(Config\Cache), false)
 8 FCPATH\index.php(67): CodeIgniter\CodeIgniter->run()
 9 SYSTEMPATH\Commands\Server\rewrite.php(46): require_once('FCPATH\\index.php')
CRITICAL - 2022-12-13 07:03:40 --> Call to undefined function number_to_currency()
in APPPATH\Views\layout\products.php on line 75.
 1 SYSTEMPATH\View\View.php(213): include()
 2 SYSTEMPATH\View\View.php(216): CodeIgniter\View\View->CodeIgniter\View\{closure}()
 3 SYSTEMPATH\Common.php(1134): CodeIgniter\View\View->render('layout/products', [], true)
 4 APPPATH\Controllers\CartController.php(18): view('layout/products', [...])
 5 SYSTEMPATH\CodeIgniter.php(927): App\Controllers\CartController->products()
 6 SYSTEMPATH\CodeIgniter.php(482): CodeIgniter\CodeIgniter->runController(Object(App\Controllers\CartController))
 7 SYSTEMPATH\CodeIgniter.php(351): CodeIgniter\CodeIgniter->handleRequest(null, Object(Config\Cache), false)
 8 FCPATH\index.php(67): CodeIgniter\CodeIgniter->run()
 9 SYSTEMPATH\Commands\Server\rewrite.php(46): require_once('FCPATH\\index.php')
CRITICAL - 2022-12-13 07:03:41 --> Call to undefined function number_to_currency()
in APPPATH\Views\layout\products.php on line 75.
 1 SYSTEMPATH\View\View.php(213): include()
 2 SYSTEMPATH\View\View.php(216): CodeIgniter\View\View->CodeIgniter\View\{closure}()
 3 SYSTEMPATH\Common.php(1134): CodeIgniter\View\View->render('layout/products', [], true)
 4 APPPATH\Controllers\CartController.php(18): view('layout/products', [...])
 5 SYSTEMPATH\CodeIgniter.php(927): App\Controllers\CartController->products()
 6 SYSTEMPATH\CodeIgniter.php(482): CodeIgniter\CodeIgniter->runController(Object(App\Controllers\CartController))
 7 SYSTEMPATH\CodeIgniter.php(351): CodeIgniter\CodeIgniter->handleRequest(null, Object(Config\Cache), false)
 8 FCPATH\index.php(67): CodeIgniter\CodeIgniter->run()
 9 SYSTEMPATH\Commands\Server\rewrite.php(46): require_once('FCPATH\\index.php')
CRITICAL - 2022-12-13 07:08:48 --> Call to undefined function number_to_currency()
in APPPATH\Views\layout\products.php on line 75.
 1 SYSTEMPATH\View\View.php(213): include()
 2 SYSTEMPATH\View\View.php(216): CodeIgniter\View\View->CodeIgniter\View\{closure}()
 3 SYSTEMPATH\Common.php(1134): CodeIgniter\View\View->render('layout/products', [], true)
 4 APPPATH\Controllers\CartController.php(18): view('layout/products', [...])
 5 SYSTEMPATH\CodeIgniter.php(927): App\Controllers\CartController->products()
 6 SYSTEMPATH\CodeIgniter.php(482): CodeIgniter\CodeIgniter->runController(Object(App\Controllers\CartController))
 7 SYSTEMPATH\CodeIgniter.php(351): CodeIgniter\CodeIgniter->handleRequest(null, Object(Config\Cache), false)
 8 FCPATH\index.php(67): CodeIgniter\CodeIgniter->run()
 9 SYSTEMPATH\Commands\Server\rewrite.php(46): require_once('FCPATH\\index.php')
CRITICAL - 2022-12-13 07:08:49 --> Call to undefined function number_to_currency()
in APPPATH\Views\layout\products.php on line 75.
 1 SYSTEMPATH\View\View.php(213): include()
 2 SYSTEMPATH\View\View.php(216): CodeIgniter\View\View->CodeIgniter\View\{closure}()
 3 SYSTEMPATH\Common.php(1134): CodeIgniter\View\View->render('layout/products', [], true)
 4 APPPATH\Controllers\CartController.php(18): view('layout/products', [...])
 5 SYSTEMPATH\CodeIgniter.php(927): App\Controllers\CartController->products()
 6 SYSTEMPATH\CodeIgniter.php(482): CodeIgniter\CodeIgniter->runController(Object(App\Controllers\CartController))
 7 SYSTEMPATH\CodeIgniter.php(351): CodeIgniter\CodeIgniter->handleRequest(null, Object(Config\Cache), false)
 8 FCPATH\index.php(67): CodeIgniter\CodeIgniter->run()
 9 SYSTEMPATH\Commands\Server\rewrite.php(46): require_once('FCPATH\\index.php')
CRITICAL - 2022-12-13 07:08:50 --> Call to undefined function number_to_currency()
in APPPATH\Views\layout\products.php on line 75.
 1 SYSTEMPATH\View\View.php(213): include()
 2 SYSTEMPATH\View\View.php(216): CodeIgniter\View\View->CodeIgniter\View\{closure}()
 3 SYSTEMPATH\Common.php(1134): CodeIgniter\View\View->render('layout/products', [], true)
 4 APPPATH\Controllers\CartController.php(18): view('layout/products', [...])
 5 SYSTEMPATH\CodeIgniter.php(927): App\Controllers\CartController->products()
 6 SYSTEMPATH\CodeIgniter.php(482): CodeIgniter\CodeIgniter->runController(Object(App\Controllers\CartController))
 7 SYSTEMPATH\CodeIgniter.php(351): CodeIgniter\CodeIgniter->handleRequest(null, Object(Config\Cache), false)
 8 FCPATH\index.php(67): CodeIgniter\CodeIgniter->run()
 9 SYSTEMPATH\Commands\Server\rewrite.php(46): require_once('FCPATH\\index.php')
CRITICAL - 2022-12-13 07:09:52 --> Call to undefined function number_to_currency()
in APPPATH\Views\layout\products.php on line 75.
 1 SYSTEMPATH\View\View.php(213): include()
 2 SYSTEMPATH\View\View.php(216): CodeIgniter\View\View->CodeIgniter\View\{closure}()
 3 SYSTEMPATH\Common.php(1134): CodeIgniter\View\View->render('layout/products', [], true)
 4 APPPATH\Controllers\CartController.php(18): view('layout/products', [...])
 5 SYSTEMPATH\CodeIgniter.php(927): App\Controllers\CartController->products()
 6 SYSTEMPATH\CodeIgniter.php(482): CodeIgniter\CodeIgniter->runController(Object(App\Controllers\CartController))
 7 SYSTEMPATH\CodeIgniter.php(351): CodeIgniter\CodeIgniter->handleRequest(null, Object(Config\Cache), false)
 8 FCPATH\index.php(67): CodeIgniter\CodeIgniter->run()
 9 SYSTEMPATH\Commands\Server\rewrite.php(46): require_once('FCPATH\\index.php')
CRITICAL - 2022-12-13 07:09:53 --> Call to undefined function number_to_currency()
in APPPATH\Views\layout\products.php on line 75.
 1 SYSTEMPATH\View\View.php(213): include()
 2 SYSTEMPATH\View\View.php(216): CodeIgniter\View\View->CodeIgniter\View\{closure}()
 3 SYSTEMPATH\Common.php(1134): CodeIgniter\View\View->render('layout/products', [], true)
 4 APPPATH\Controllers\CartController.php(18): view('layout/products', [...])
 5 SYSTEMPATH\CodeIgniter.php(927): App\Controllers\CartController->products()
 6 SYSTEMPATH\CodeIgniter.php(482): CodeIgniter\CodeIgniter->runController(Object(App\Controllers\CartController))
 7 SYSTEMPATH\CodeIgniter.php(351): CodeIgniter\CodeIgniter->handleRequest(null, Object(Config\Cache), false)
 8 FCPATH\index.php(67): CodeIgniter\CodeIgniter->run()
 9 SYSTEMPATH\Commands\Server\rewrite.php(46): require_once('FCPATH\\index.php')
CRITICAL - 2022-12-13 07:09:53 --> Call to undefined function number_to_currency()
in APPPATH\Views\layout\products.php on line 75.
 1 SYSTEMPATH\View\View.php(213): include()
 2 SYSTEMPATH\View\View.php(216): CodeIgniter\View\View->CodeIgniter\View\{closure}()
 3 SYSTEMPATH\Common.php(1134): CodeIgniter\View\View->render('layout/products', [], true)
 4 APPPATH\Controllers\CartController.php(18): view('layout/products', [...])
 5 SYSTEMPATH\CodeIgniter.php(927): App\Controllers\CartController->products()
 6 SYSTEMPATH\CodeIgniter.php(482): CodeIgniter\CodeIgniter->runController(Object(App\Controllers\CartController))
 7 SYSTEMPATH\CodeIgniter.php(351): CodeIgniter\CodeIgniter->handleRequest(null, Object(Config\Cache), false)
 8 FCPATH\index.php(67): CodeIgniter\CodeIgniter->run()
 9 SYSTEMPATH\Commands\Server\rewrite.php(46): require_once('FCPATH\\index.php')
CRITICAL - 2022-12-13 07:09:54 --> Call to undefined function number_to_currency()
in APPPATH\Views\layout\products.php on line 75.
 1 SYSTEMPATH\View\View.php(213): include()
 2 SYSTEMPATH\View\View.php(216): CodeIgniter\View\View->CodeIgniter\View\{closure}()
 3 SYSTEMPATH\Common.php(1134): CodeIgniter\View\View->render('layout/products', [], true)
 4 APPPATH\Controllers\CartController.php(18): view('layout/products', [...])
 5 SYSTEMPATH\CodeIgniter.php(927): App\Controllers\CartController->products()
 6 SYSTEMPATH\CodeIgniter.php(482): CodeIgniter\CodeIgniter->runController(Object(App\Controllers\CartController))
 7 SYSTEMPATH\CodeIgniter.php(351): CodeIgniter\CodeIgniter->handleRequest(null, Object(Config\Cache), false)
 8 FCPATH\index.php(67): CodeIgniter\CodeIgniter->run()
 9 SYSTEMPATH\Commands\Server\rewrite.php(46): require_once('FCPATH\\index.php')
CRITICAL - 2022-12-13 07:09:54 --> Call to undefined function number_to_currency()
in APPPATH\Views\layout\products.php on line 75.
 1 SYSTEMPATH\View\View.php(213): include()
 2 SYSTEMPATH\View\View.php(216): CodeIgniter\View\View->CodeIgniter\View\{closure}()
 3 SYSTEMPATH\Common.php(1134): CodeIgniter\View\View->render('layout/products', [], true)
 4 APPPATH\Controllers\CartController.php(18): view('layout/products', [...])
 5 SYSTEMPATH\CodeIgniter.php(927): App\Controllers\CartController->products()
 6 SYSTEMPATH\CodeIgniter.php(482): CodeIgniter\CodeIgniter->runController(Object(App\Controllers\CartController))
 7 SYSTEMPATH\CodeIgniter.php(351): CodeIgniter\CodeIgniter->handleRequest(null, Object(Config\Cache), false)
 8 FCPATH\index.php(67): CodeIgniter\CodeIgniter->run()
 9 SYSTEMPATH\Commands\Server\rewrite.php(46): require_once('FCPATH\\index.php')
CRITICAL - 2022-12-13 07:10:55 --> Call to a member function insert() on null
in APPPATH\Controllers\CartController.php on line 42.
 1 SYSTEMPATH\CodeIgniter.php(927): App\Controllers\CartController->addtocart()
 2 SYSTEMPATH\CodeIgniter.php(482): CodeIgniter\CodeIgniter->runController(Object(App\Controllers\CartController))
 3 SYSTEMPATH\CodeIgniter.php(351): CodeIgniter\CodeIgniter->handleRequest(null, Object(Config\Cache), false)
 4 FCPATH\index.php(67): CodeIgniter\CodeIgniter->run()
 5 SYSTEMPATH\Commands\Server\rewrite.php(46): require_once('FCPATH\\index.php')
CRITICAL - 2022-12-13 07:10:56 --> Call to a member function insert() on null
in APPPATH\Controllers\CartController.php on line 42.
 1 SYSTEMPATH\CodeIgniter.php(927): App\Controllers\CartController->addtocart()
 2 SYSTEMPATH\CodeIgniter.php(482): CodeIgniter\CodeIgniter->runController(Object(App\Controllers\CartController))
 3 SYSTEMPATH\CodeIgniter.php(351): CodeIgniter\CodeIgniter->handleRequest(null, Object(Config\Cache), false)
 4 FCPATH\index.php(67): CodeIgniter\CodeIgniter->run()
 5 SYSTEMPATH\Commands\Server\rewrite.php(46): require_once('FCPATH\\index.php')
CRITICAL - 2022-12-13 07:10:57 --> Call to a member function insert() on null
in APPPATH\Controllers\CartController.php on line 42.
 1 SYSTEMPATH\CodeIgniter.php(927): App\Controllers\CartController->addtocart()
 2 SYSTEMPATH\CodeIgniter.php(482): CodeIgniter\CodeIgniter->runController(Object(App\Controllers\CartController))
 3 SYSTEMPATH\CodeIgniter.php(351): CodeIgniter\CodeIgniter->handleRequest(null, Object(Config\Cache), false)
 4 FCPATH\index.php(67): CodeIgniter\CodeIgniter->run()
 5 SYSTEMPATH\Commands\Server\rewrite.php(46): require_once('FCPATH\\index.php')
CRITICAL - 2022-12-13 07:10:57 --> Call to a member function insert() on null
in APPPATH\Controllers\CartController.php on line 42.
 1 SYSTEMPATH\CodeIgniter.php(927): App\Controllers\CartController->addtocart()
 2 SYSTEMPATH\CodeIgniter.php(482): CodeIgniter\CodeIgniter->runController(Object(App\Controllers\CartController))
 3 SYSTEMPATH\CodeIgniter.php(351): CodeIgniter\CodeIgniter->handleRequest(null, Object(Config\Cache), false)
 4 FCPATH\index.php(67): CodeIgniter\CodeIgniter->run()
 5 SYSTEMPATH\Commands\Server\rewrite.php(46): require_once('FCPATH\\index.php')
CRITICAL - 2022-12-13 07:10:58 --> Call to a member function insert() on null
in APPPATH\Controllers\CartController.php on line 42.
 1 SYSTEMPATH\CodeIgniter.php(927): App\Controllers\CartController->addtocart()
 2 SYSTEMPATH\CodeIgniter.php(482): CodeIgniter\CodeIgniter->runController(Object(App\Controllers\CartController))
 3 SYSTEMPATH\CodeIgniter.php(351): CodeIgniter\CodeIgniter->handleRequest(null, Object(Config\Cache), false)
 4 FCPATH\index.php(67): CodeIgniter\CodeIgniter->run()
 5 SYSTEMPATH\Commands\Server\rewrite.php(46): require_once('FCPATH\\index.php')
CRITICAL - 2022-12-13 07:10:58 --> Call to a member function insert() on null
in APPPATH\Controllers\CartController.php on line 42.
 1 SYSTEMPATH\CodeIgniter.php(927): App\Controllers\CartController->addtocart()
 2 SYSTEMPATH\CodeIgniter.php(482): CodeIgniter\CodeIgniter->runController(Object(App\Controllers\CartController))
 3 SYSTEMPATH\CodeIgniter.php(351): CodeIgniter\CodeIgniter->handleRequest(null, Object(Config\Cache), false)
 4 FCPATH\index.php(67): CodeIgniter\CodeIgniter->run()
 5 SYSTEMPATH\Commands\Server\rewrite.php(46): require_once('FCPATH\\index.php')
CRITICAL - 2022-12-13 07:10:59 --> Call to a member function insert() on null
in APPPATH\Controllers\CartController.php on line 42.
 1 SYSTEMPATH\CodeIgniter.php(927): App\Controllers\CartController->addtocart()
 2 SYSTEMPATH\CodeIgniter.php(482): CodeIgniter\CodeIgniter->runController(Object(App\Controllers\CartController))
 3 SYSTEMPATH\CodeIgniter.php(351): CodeIgniter\CodeIgniter->handleRequest(null, Object(Config\Cache), false)
 4 FCPATH\index.php(67): CodeIgniter\CodeIgniter->run()
 5 SYSTEMPATH\Commands\Server\rewrite.php(46): require_once('FCPATH\\index.php')
CRITICAL - 2022-12-13 07:11:00 --> Call to a member function insert() on null
in APPPATH\Controllers\CartController.php on line 42.
 1 SYSTEMPATH\CodeIgniter.php(927): App\Controllers\CartController->addtocart()
 2 SYSTEMPATH\CodeIgniter.php(482): CodeIgniter\CodeIgniter->runController(Object(App\Controllers\CartController))
 3 SYSTEMPATH\CodeIgniter.php(351): CodeIgniter\CodeIgniter->handleRequest(null, Object(Config\Cache), false)
 4 FCPATH\index.php(67): CodeIgniter\CodeIgniter->run()
 5 SYSTEMPATH\Commands\Server\rewrite.php(46): require_once('FCPATH\\index.php')
CRITICAL - 2022-12-13 07:11:00 --> Call to a member function insert() on null
in APPPATH\Controllers\CartController.php on line 42.
 1 SYSTEMPATH\CodeIgniter.php(927): App\Controllers\CartController->addtocart()
 2 SYSTEMPATH\CodeIgniter.php(482): CodeIgniter\CodeIgniter->runController(Object(App\Controllers\CartController))
 3 SYSTEMPATH\CodeIgniter.php(351): CodeIgniter\CodeIgniter->handleRequest(null, Object(Config\Cache), false)
 4 FCPATH\index.php(67): CodeIgniter\CodeIgniter->run()
 5 SYSTEMPATH\Commands\Server\rewrite.php(46): require_once('FCPATH\\index.php')
CRITICAL - 2022-12-13 07:11:01 --> Call to a member function insert() on null
in APPPATH\Controllers\CartController.php on line 42.
 1 SYSTEMPATH\CodeIgniter.php(927): App\Controllers\CartController->addtocart()
 2 SYSTEMPATH\CodeIgniter.php(482): CodeIgniter\CodeIgniter->runController(Object(App\Controllers\CartController))
 3 SYSTEMPATH\CodeIgniter.php(351): CodeIgniter\CodeIgniter->handleRequest(null, Object(Config\Cache), false)
 4 FCPATH\index.php(67): CodeIgniter\CodeIgniter->run()
 5 SYSTEMPATH\Commands\Server\rewrite.php(46): require_once('FCPATH\\index.php')
CRITICAL - 2022-12-13 07:11:01 --> Call to a member function insert() on null
in APPPATH\Controllers\CartController.php on line 42.
 1 SYSTEMPATH\CodeIgniter.php(927): App\Controllers\CartController->addtocart()
 2 SYSTEMPATH\CodeIgniter.php(482): CodeIgniter\CodeIgniter->runController(Object(App\Controllers\CartController))
 3 SYSTEMPATH\CodeIgniter.php(351): CodeIgniter\CodeIgniter->handleRequest(null, Object(Config\Cache), false)
 4 FCPATH\index.php(67): CodeIgniter\CodeIgniter->run()
 5 SYSTEMPATH\Commands\Server\rewrite.php(46): require_once('FCPATH\\index.php')
CRITICAL - 2022-12-13 07:32:18 --> Call to a member function insert() on null
in APPPATH\Controllers\CartController.php on line 42.
 1 SYSTEMPATH\CodeIgniter.php(927): App\Controllers\CartController->addtocart()
 2 SYSTEMPATH\CodeIgniter.php(482): CodeIgniter\CodeIgniter->runController(Object(App\Controllers\CartController))
 3 SYSTEMPATH\CodeIgniter.php(351): CodeIgniter\CodeIgniter->handleRequest(null, Object(Config\Cache), false)
 4 FCPATH\index.php(67): CodeIgniter\CodeIgniter->run()
 5 SYSTEMPATH\Commands\Server\rewrite.php(46): require_once('FCPATH\\index.php')
CRITICAL - 2022-12-13 07:32:18 --> Call to a member function insert() on null
in APPPATH\Controllers\CartController.php on line 42.
 1 SYSTEMPATH\CodeIgniter.php(927): App\Controllers\CartController->addtocart()
 2 SYSTEMPATH\CodeIgniter.php(482): CodeIgniter\CodeIgniter->runController(Object(App\Controllers\CartController))
 3 SYSTEMPATH\CodeIgniter.php(351): CodeIgniter\CodeIgniter->handleRequest(null, Object(Config\Cache), false)
 4 FCPATH\index.php(67): CodeIgniter\CodeIgniter->run()
 5 SYSTEMPATH\Commands\Server\rewrite.php(46): require_once('FCPATH\\index.php')
CRITICAL - 2022-12-13 07:32:19 --> Call to a member function insert() on null
in APPPATH\Controllers\CartController.php on line 42.
 1 SYSTEMPATH\CodeIgniter.php(927): App\Controllers\CartController->addtocart()
 2 SYSTEMPATH\CodeIgniter.php(482): CodeIgniter\CodeIgniter->runController(Object(App\Controllers\CartController))
 3 SYSTEMPATH\CodeIgniter.php(351): CodeIgniter\CodeIgniter->handleRequest(null, Object(Config\Cache), false)
 4 FCPATH\index.php(67): CodeIgniter\CodeIgniter->run()
 5 SYSTEMPATH\Commands\Server\rewrite.php(46): require_once('FCPATH\\index.php')
CRITICAL - 2022-12-13 07:32:19 --> Call to a member function insert() on null
in APPPATH\Controllers\CartController.php on line 42.
 1 SYSTEMPATH\CodeIgniter.php(927): App\Controllers\CartController->addtocart()
 2 SYSTEMPATH\CodeIgniter.php(482): CodeIgniter\CodeIgniter->runController(Object(App\Controllers\CartController))
 3 SYSTEMPATH\CodeIgniter.php(351): CodeIgniter\CodeIgniter->handleRequest(null, Object(Config\Cache), false)
 4 FCPATH\index.php(67): CodeIgniter\CodeIgniter->run()
 5 SYSTEMPATH\Commands\Server\rewrite.php(46): require_once('FCPATH\\index.php')
CRITICAL - 2022-12-13 07:43:05 --> Call to a member function insert() on null
in APPPATH\Controllers\CartController.php on line 42.
 1 SYSTEMPATH\CodeIgniter.php(927): App\Controllers\CartController->addtocart()
 2 SYSTEMPATH\CodeIgniter.php(482): CodeIgniter\CodeIgniter->runController(Object(App\Controllers\CartController))
 3 SYSTEMPATH\CodeIgniter.php(351): CodeIgniter\CodeIgniter->handleRequest(null, Object(Config\Cache), false)
 4 FCPATH\index.php(67): CodeIgniter\CodeIgniter->run()
 5 SYSTEMPATH\Commands\Server\rewrite.php(46): require_once('FCPATH\\index.php')
CRITICAL - 2022-12-13 07:43:07 --> Call to a member function insert() on null
in APPPATH\Controllers\CartController.php on line 42.
 1 SYSTEMPATH\CodeIgniter.php(927): App\Controllers\CartController->addtocart()
 2 SYSTEMPATH\CodeIgniter.php(482): CodeIgniter\CodeIgniter->runController(Object(App\Controllers\CartController))
 3 SYSTEMPATH\CodeIgniter.php(351): CodeIgniter\CodeIgniter->handleRequest(null, Object(Config\Cache), false)
 4 FCPATH\index.php(67): CodeIgniter\CodeIgniter->run()
 5 SYSTEMPATH\Commands\Server\rewrite.php(46): require_once('FCPATH\\index.php')
CRITICAL - 2022-12-13 07:43:08 --> Call to a member function insert() on null
in APPPATH\Controllers\CartController.php on line 42.
 1 SYSTEMPATH\CodeIgniter.php(927): App\Controllers\CartController->addtocart()
 2 SYSTEMPATH\CodeIgniter.php(482): CodeIgniter\CodeIgniter->runController(Object(App\Controllers\CartController))
 3 SYSTEMPATH\CodeIgniter.php(351): CodeIgniter\CodeIgniter->handleRequest(null, Object(Config\Cache), false)
 4 FCPATH\index.php(67): CodeIgniter\CodeIgniter->run()
 5 SYSTEMPATH\Commands\Server\rewrite.php(46): require_once('FCPATH\\index.php')
CRITICAL - 2022-12-13 07:43:39 --> Call to a member function insert() on null
in APPPATH\Controllers\CartController.php on line 42.
 1 SYSTEMPATH\CodeIgniter.php(927): App\Controllers\CartController->addtocart()
 2 SYSTEMPATH\CodeIgniter.php(482): CodeIgniter\CodeIgniter->runController(Object(App\Controllers\CartController))
 3 SYSTEMPATH\CodeIgniter.php(351): CodeIgniter\CodeIgniter->handleRequest(null, Object(Config\Cache), false)
 4 FCPATH\index.php(67): CodeIgniter\CodeIgniter->run()
 5 SYSTEMPATH\Commands\Server\rewrite.php(46): require_once('FCPATH\\index.php')
CRITICAL - 2022-12-13 07:43:41 --> Call to a member function insert() on null
in APPPATH\Controllers\CartController.php on line 42.
 1 SYSTEMPATH\CodeIgniter.php(927): App\Controllers\CartController->addtocart()
 2 SYSTEMPATH\CodeIgniter.php(482): CodeIgniter\CodeIgniter->runController(Object(App\Controllers\CartController))
 3 SYSTEMPATH\CodeIgniter.php(351): CodeIgniter\CodeIgniter->handleRequest(null, Object(Config\Cache), false)
 4 FCPATH\index.php(67): CodeIgniter\CodeIgniter->run()
 5 SYSTEMPATH\Commands\Server\rewrite.php(46): require_once('FCPATH\\index.php')
CRITICAL - 2022-12-13 07:45:37 --> Call to a member function insert() on null
in APPPATH\Controllers\CartController.php on line 42.
 1 SYSTEMPATH\CodeIgniter.php(927): App\Controllers\CartController->addtocart()
 2 SYSTEMPATH\CodeIgniter.php(482): CodeIgniter\CodeIgniter->runController(Object(App\Controllers\CartController))
 3 SYSTEMPATH\CodeIgniter.php(351): CodeIgniter\CodeIgniter->handleRequest(null, Object(Config\Cache), false)
 4 FCPATH\index.php(67): CodeIgniter\CodeIgniter->run()
 5 SYSTEMPATH\Commands\Server\rewrite.php(46): require_once('FCPATH\\index.php')
CRITICAL - 2022-12-13 07:45:38 --> Call to a member function insert() on null
in APPPATH\Controllers\CartController.php on line 42.
 1 SYSTEMPATH\CodeIgniter.php(927): App\Controllers\CartController->addtocart()
 2 SYSTEMPATH\CodeIgniter.php(482): CodeIgniter\CodeIgniter->runController(Object(App\Controllers\CartController))
 3 SYSTEMPATH\CodeIgniter.php(351): CodeIgniter\CodeIgniter->handleRequest(null, Object(Config\Cache), false)
 4 FCPATH\index.php(67): CodeIgniter\CodeIgniter->run()
 5 SYSTEMPATH\Commands\Server\rewrite.php(46): require_once('FCPATH\\index.php')
CRITICAL - 2022-12-13 07:45:39 --> Call to a member function insert() on null
in APPPATH\Controllers\CartController.php on line 42.
 1 SYSTEMPATH\CodeIgniter.php(927): App\Controllers\CartController->addtocart()
 2 SYSTEMPATH\CodeIgniter.php(482): CodeIgniter\CodeIgniter->runController(Object(App\Controllers\CartController))
 3 SYSTEMPATH\CodeIgniter.php(351): CodeIgniter\CodeIgniter->handleRequest(null, Object(Config\Cache), false)
 4 FCPATH\index.php(67): CodeIgniter\CodeIgniter->run()
 5 SYSTEMPATH\Commands\Server\rewrite.php(46): require_once('FCPATH\\index.php')
CRITICAL - 2022-12-13 07:45:40 --> Call to a member function insert() on null
in APPPATH\Controllers\CartController.php on line 42.
 1 SYSTEMPATH\CodeIgniter.php(927): App\Controllers\CartController->addtocart()
 2 SYSTEMPATH\CodeIgniter.php(482): CodeIgniter\CodeIgniter->runController(Object(App\Controllers\CartController))
 3 SYSTEMPATH\CodeIgniter.php(351): CodeIgniter\CodeIgniter->handleRequest(null, Object(Config\Cache), false)
 4 FCPATH\index.php(67): CodeIgniter\CodeIgniter->run()
 5 SYSTEMPATH\Commands\Server\rewrite.php(46): require_once('FCPATH\\index.php')
CRITICAL - 2022-12-13 07:45:41 --> Call to a member function insert() on null
in APPPATH\Controllers\CartController.php on line 42.
 1 SYSTEMPATH\CodeIgniter.php(927): App\Controllers\CartController->addtocart()
 2 SYSTEMPATH\CodeIgniter.php(482): CodeIgniter\CodeIgniter->runController(Object(App\Controllers\CartController))
 3 SYSTEMPATH\CodeIgniter.php(351): CodeIgniter\CodeIgniter->handleRequest(null, Object(Config\Cache), false)
 4 FCPATH\index.php(67): CodeIgniter\CodeIgniter->run()
 5 SYSTEMPATH\Commands\Server\rewrite.php(46): require_once('FCPATH\\index.php')
CRITICAL - 2022-12-13 07:45:48 --> Call to a member function insert() on null
in APPPATH\Controllers\CartController.php on line 42.
 1 SYSTEMPATH\CodeIgniter.php(927): App\Controllers\CartController->addtocart()
 2 SYSTEMPATH\CodeIgniter.php(482): CodeIgniter\CodeIgniter->runController(Object(App\Controllers\CartController))
 3 SYSTEMPATH\CodeIgniter.php(351): CodeIgniter\CodeIgniter->handleRequest(null, Object(Config\Cache), false)
 4 FCPATH\index.php(67): CodeIgniter\CodeIgniter->run()
 5 SYSTEMPATH\Commands\Server\rewrite.php(46): require_once('FCPATH\\index.php')
CRITICAL - 2022-12-13 07:45:59 --> Call to a member function insert() on null
in APPPATH\Controllers\CartController.php on line 42.
 1 SYSTEMPATH\CodeIgniter.php(927): App\Controllers\CartController->addtocart()
 2 SYSTEMPATH\CodeIgniter.php(482): CodeIgniter\CodeIgniter->runController(Object(App\Controllers\CartController))
 3 SYSTEMPATH\CodeIgniter.php(351): CodeIgniter\CodeIgniter->handleRequest(null, Object(Config\Cache), false)
 4 FCPATH\index.php(67): CodeIgniter\CodeIgniter->run()
 5 SYSTEMPATH\Commands\Server\rewrite.php(46): require_once('FCPATH\\index.php')
CRITICAL - 2022-12-13 07:46:12 --> Call to a member function insert() on null
in APPPATH\Controllers\CartController.php on line 42.
 1 SYSTEMPATH\CodeIgniter.php(927): App\Controllers\CartController->addtocart()
 2 SYSTEMPATH\CodeIgniter.php(482): CodeIgniter\CodeIgniter->runController(Object(App\Controllers\CartController))
 3 SYSTEMPATH\CodeIgniter.php(351): CodeIgniter\CodeIgniter->handleRequest(null, Object(Config\Cache), false)
 4 FCPATH\index.php(67): CodeIgniter\CodeIgniter->run()
 5 SYSTEMPATH\Commands\Server\rewrite.php(46): require_once('FCPATH\\index.php')
CRITICAL - 2022-12-13 07:46:52 --> Call to a member function insert() on null
in APPPATH\Controllers\CartController.php on line 42.
 1 SYSTEMPATH\CodeIgniter.php(927): App\Controllers\CartController->addtocart()
 2 SYSTEMPATH\CodeIgniter.php(482): CodeIgniter\CodeIgniter->runController(Object(App\Controllers\CartController))
 3 SYSTEMPATH\CodeIgniter.php(351): CodeIgniter\CodeIgniter->handleRequest(null, Object(Config\Cache), false)
 4 FCPATH\index.php(67): CodeIgniter\CodeIgniter->run()
 5 SYSTEMPATH\Commands\Server\rewrite.php(46): require_once('FCPATH\\index.php')
CRITICAL - 2022-12-13 07:47:06 --> Call to a member function insert() on null
in APPPATH\Controllers\CartController.php on line 42.
 1 SYSTEMPATH\CodeIgniter.php(927): App\Controllers\CartController->addtocart()
 2 SYSTEMPATH\CodeIgniter.php(482): CodeIgniter\CodeIgniter->runController(Object(App\Controllers\CartController))
 3 SYSTEMPATH\CodeIgniter.php(351): CodeIgniter\CodeIgniter->handleRequest(null, Object(Config\Cache), false)
 4 FCPATH\index.php(67): CodeIgniter\CodeIgniter->run()
 5 SYSTEMPATH\Commands\Server\rewrite.php(46): require_once('FCPATH\\index.php')
CRITICAL - 2022-12-13 07:48:16 --> Call to a member function insert() on null
in APPPATH\Controllers\CartController.php on line 42.
 1 SYSTEMPATH\CodeIgniter.php(927): App\Controllers\CartController->addtocart()
 2 SYSTEMPATH\CodeIgniter.php(482): CodeIgniter\CodeIgniter->runController(Object(App\Controllers\CartController))
 3 SYSTEMPATH\CodeIgniter.php(351): CodeIgniter\CodeIgniter->handleRequest(null, Object(Config\Cache), false)
 4 FCPATH\index.php(67): CodeIgniter\CodeIgniter->run()
 5 SYSTEMPATH\Commands\Server\rewrite.php(46): require_once('FCPATH\\index.php')
CRITICAL - 2022-12-13 07:48:19 --> Call to a member function insert() on null
in APPPATH\Controllers\CartController.php on line 42.
 1 SYSTEMPATH\CodeIgniter.php(927): App\Controllers\CartController->addtocart()
 2 SYSTEMPATH\CodeIgniter.php(482): CodeIgniter\CodeIgniter->runController(Object(App\Controllers\CartController))
 3 SYSTEMPATH\CodeIgniter.php(351): CodeIgniter\CodeIgniter->handleRequest(null, Object(Config\Cache), false)
 4 FCPATH\index.php(67): CodeIgniter\CodeIgniter->run()
 5 SYSTEMPATH\Commands\Server\rewrite.php(46): require_once('FCPATH\\index.php')
CRITICAL - 2022-12-13 07:50:29 --> Call to a member function insert() on null
in APPPATH\Controllers\CartController.php on line 42.
 1 SYSTEMPATH\CodeIgniter.php(927): App\Controllers\CartController->addtocart()
 2 SYSTEMPATH\CodeIgniter.php(482): CodeIgniter\CodeIgniter->runController(Object(App\Controllers\CartController))
 3 SYSTEMPATH\CodeIgniter.php(351): CodeIgniter\CodeIgniter->handleRequest(null, Object(Config\Cache), false)
 4 FCPATH\index.php(67): CodeIgniter\CodeIgniter->run()
 5 SYSTEMPATH\Commands\Server\rewrite.php(46): require_once('FCPATH\\index.php')
CRITICAL - 2022-12-13 07:52:06 --> Undefined property: App\Controllers\CartController::$cart
in APPPATH\Controllers\CartController.php on line 49.
 1 APPPATH\Controllers\CartController.php(49): CodeIgniter\Debug\Exceptions->errorHandler(2, 'Undefined property: App\\Controllers\\CartController::$cart', 'APPPATH\\Controllers\\CartController.php', 49)
 2 SYSTEMPATH\CodeIgniter.php(927): App\Controllers\CartController->viewcart()
 3 SYSTEMPATH\CodeIgniter.php(482): CodeIgniter\CodeIgniter->runController(Object(App\Controllers\CartController))
 4 SYSTEMPATH\CodeIgniter.php(351): CodeIgniter\CodeIgniter->handleRequest(null, Object(Config\Cache), false)
 5 FCPATH\index.php(67): CodeIgniter\CodeIgniter->run()
 6 SYSTEMPATH\Commands\Server\rewrite.php(46): require_once('FCPATH\\index.php')
CRITICAL - 2022-12-13 08:19:31 --> Undefined property: App\Controllers\CartController::$cart
in APPPATH\Controllers\CartController.php on line 49.
 1 APPPATH\Controllers\CartController.php(49): CodeIgniter\Debug\Exceptions->errorHandler(2, 'Undefined property: App\\Controllers\\CartController::$cart', 'APPPATH\\Controllers\\CartController.php', 49)
 2 SYSTEMPATH\CodeIgniter.php(927): App\Controllers\CartController->viewcart()
 3 SYSTEMPATH\CodeIgniter.php(482): CodeIgniter\CodeIgniter->runController(Object(App\Controllers\CartController))
 4 SYSTEMPATH\CodeIgniter.php(351): CodeIgniter\CodeIgniter->handleRequest(null, Object(Config\Cache), false)
 5 FCPATH\index.php(67): CodeIgniter\CodeIgniter->run()
 6 SYSTEMPATH\Commands\Server\rewrite.php(46): require_once('FCPATH\\index.php')
CRITICAL - 2022-12-13 08:28:04 --> Undefined property: App\Controllers\CartController::$cart
in APPPATH\Controllers\CartController.php on line 49.
 1 APPPATH\Controllers\CartController.php(49): CodeIgniter\Debug\Exceptions->errorHandler(2, 'Undefined property: App\\Controllers\\CartController::$cart', 'APPPATH\\Controllers\\CartController.php', 49)
 2 SYSTEMPATH\CodeIgniter.php(927): App\Controllers\CartController->viewcart()
 3 SYSTEMPATH\CodeIgniter.php(482): CodeIgniter\CodeIgniter->runController(Object(App\Controllers\CartController))
 4 SYSTEMPATH\CodeIgniter.php(351): CodeIgniter\CodeIgniter->handleRequest(null, Object(Config\Cache), false)
 5 FCPATH\index.php(67): CodeIgniter\CodeIgniter->run()
 6 SYSTEMPATH\Commands\Server\rewrite.php(46): require_once('FCPATH\\index.php')
CRITICAL - 2022-12-13 08:28:06 --> Call to a member function insert() on null
in APPPATH\Controllers\CartController.php on line 42.
 1 SYSTEMPATH\CodeIgniter.php(927): App\Controllers\CartController->addtocart()
 2 SYSTEMPATH\CodeIgniter.php(482): CodeIgniter\CodeIgniter->runController(Object(App\Controllers\CartController))
 3 SYSTEMPATH\CodeIgniter.php(351): CodeIgniter\CodeIgniter->handleRequest(null, Object(Config\Cache), false)
 4 FCPATH\index.php(67): CodeIgniter\CodeIgniter->run()
 5 SYSTEMPATH\Commands\Server\rewrite.php(46): require_once('FCPATH\\index.php')
CRITICAL - 2022-12-13 08:31:50 --> Undefined property: App\Controllers\CartController::$cart
in APPPATH\Controllers\CartController.php on line 49.
 1 APPPATH\Controllers\CartController.php(49): CodeIgniter\Debug\Exceptions->errorHandler(2, 'Undefined property: App\\Controllers\\CartController::$cart', 'APPPATH\\Controllers\\CartController.php', 49)
 2 SYSTEMPATH\CodeIgniter.php(927): App\Controllers\CartController->viewcart()
 3 SYSTEMPATH\CodeIgniter.php(482): CodeIgniter\CodeIgniter->runController(Object(App\Controllers\CartController))
 4 SYSTEMPATH\CodeIgniter.php(351): CodeIgniter\CodeIgniter->handleRequest(null, Object(Config\Cache), false)
 5 FCPATH\index.php(67): CodeIgniter\CodeIgniter->run()
 6 SYSTEMPATH\Commands\Server\rewrite.php(46): require_once('FCPATH\\index.php')
CRITICAL - 2022-12-13 08:32:04 --> Undefined property: App\Controllers\CartController::$cart
in APPPATH\Controllers\CartController.php on line 49.
 1 APPPATH\Controllers\CartController.php(49): CodeIgniter\Debug\Exceptions->errorHandler(2, 'Undefined property: App\\Controllers\\CartController::$cart', 'APPPATH\\Controllers\\CartController.php', 49)
 2 SYSTEMPATH\CodeIgniter.php(927): App\Controllers\CartController->viewcart()
 3 SYSTEMPATH\CodeIgniter.php(482): CodeIgniter\CodeIgniter->runController(Object(App\Controllers\CartController))
 4 SYSTEMPATH\CodeIgniter.php(351): CodeIgniter\CodeIgniter->handleRequest(null, Object(Config\Cache), false)
 5 FCPATH\index.php(67): CodeIgniter\CodeIgniter->run()
 6 SYSTEMPATH\Commands\Server\rewrite.php(46): require_once('FCPATH\\index.php')
CRITICAL - 2022-12-13 08:32:15 --> Call to a member function insert() on null
in APPPATH\Controllers\CartController.php on line 42.
 1 SYSTEMPATH\CodeIgniter.php(927): App\Controllers\CartController->addtocart()
 2 SYSTEMPATH\CodeIgniter.php(482): CodeIgniter\CodeIgniter->runController(Object(App\Controllers\CartController))
 3 SYSTEMPATH\CodeIgniter.php(351): CodeIgniter\CodeIgniter->handleRequest(null, Object(Config\Cache), false)
 4 FCPATH\index.php(67): CodeIgniter\CodeIgniter->run()
 5 SYSTEMPATH\Commands\Server\rewrite.php(46): require_once('FCPATH\\index.php')
CRITICAL - 2022-12-13 08:32:34 --> Call to a member function insert() on null
in APPPATH\Controllers\CartController.php on line 42.
 1 SYSTEMPATH\CodeIgniter.php(927): App\Controllers\CartController->addtocart()
 2 SYSTEMPATH\CodeIgniter.php(482): CodeIgniter\CodeIgniter->runController(Object(App\Controllers\CartController))
 3 SYSTEMPATH\CodeIgniter.php(351): CodeIgniter\CodeIgniter->handleRequest(null, Object(Config\Cache), false)
 4 FCPATH\index.php(67): CodeIgniter\CodeIgniter->run()
 5 SYSTEMPATH\Commands\Server\rewrite.php(46): require_once('FCPATH\\index.php')
CRITICAL - 2022-12-13 08:32:39 --> Call to a member function insert() on null
in APPPATH\Controllers\CartController.php on line 42.
 1 SYSTEMPATH\CodeIgniter.php(927): App\Controllers\CartController->addtocart()
 2 SYSTEMPATH\CodeIgniter.php(482): CodeIgniter\CodeIgniter->runController(Object(App\Controllers\CartController))
 3 SYSTEMPATH\CodeIgniter.php(351): CodeIgniter\CodeIgniter->handleRequest(null, Object(Config\Cache), false)
 4 FCPATH\index.php(67): CodeIgniter\CodeIgniter->run()
 5 SYSTEMPATH\Commands\Server\rewrite.php(46): require_once('FCPATH\\index.php')
CRITICAL - 2022-12-13 08:33:07 --> Undefined property: App\Controllers\CartController::$cart
in APPPATH\Controllers\CartController.php on line 49.
 1 APPPATH\Controllers\CartController.php(49): CodeIgniter\Debug\Exceptions->errorHandler(2, 'Undefined property: App\\Controllers\\CartController::$cart', 'APPPATH\\Controllers\\CartController.php', 49)
 2 SYSTEMPATH\CodeIgniter.php(927): App\Controllers\CartController->viewcart()
 3 SYSTEMPATH\CodeIgniter.php(482): CodeIgniter\CodeIgniter->runController(Object(App\Controllers\CartController))
 4 SYSTEMPATH\CodeIgniter.php(351): CodeIgniter\CodeIgniter->handleRequest(null, Object(Config\Cache), false)
 5 FCPATH\index.php(67): CodeIgniter\CodeIgniter->run()
 6 SYSTEMPATH\Commands\Server\rewrite.php(46): require_once('FCPATH\\index.php')
CRITICAL - 2022-12-13 08:33:09 --> Undefined property: App\Controllers\CartController::$input
in APPPATH\Controllers\CartController.php on line 37.
 1 APPPATH\Controllers\CartController.php(37): CodeIgniter\Debug\Exceptions->errorHandler(2, 'Undefined property: App\\Controllers\\CartController::$input', 'APPPATH\\Controllers\\CartController.php', 37)
 2 SYSTEMPATH\CodeIgniter.php(927): App\Controllers\CartController->addtocart()
 3 SYSTEMPATH\CodeIgniter.php(482): CodeIgniter\CodeIgniter->runController(Object(App\Controllers\CartController))
 4 SYSTEMPATH\CodeIgniter.php(351): CodeIgniter\CodeIgniter->handleRequest(null, Object(Config\Cache), false)
 5 FCPATH\index.php(67): CodeIgniter\CodeIgniter->run()
 6 SYSTEMPATH\Commands\Server\rewrite.php(46): require_once('FCPATH\\index.php')
CRITICAL - 2022-12-13 08:33:22 --> Undefined property: App\Controllers\CartController::$cart
in APPPATH\Controllers\CartController.php on line 49.
 1 APPPATH\Controllers\CartController.php(49): CodeIgniter\Debug\Exceptions->errorHandler(2, 'Undefined property: App\\Controllers\\CartController::$cart', 'APPPATH\\Controllers\\CartController.php', 49)
 2 SYSTEMPATH\CodeIgniter.php(927): App\Controllers\CartController->viewcart()
 3 SYSTEMPATH\CodeIgniter.php(482): CodeIgniter\CodeIgniter->runController(Object(App\Controllers\CartController))
 4 SYSTEMPATH\CodeIgniter.php(351): CodeIgniter\CodeIgniter->handleRequest(null, Object(Config\Cache), false)
 5 FCPATH\index.php(67): CodeIgniter\CodeIgniter->run()
 6 SYSTEMPATH\Commands\Server\rewrite.php(46): require_once('FCPATH\\index.php')
CRITICAL - 2022-12-13 08:33:23 --> Undefined property: App\Controllers\CartController::$cart
in APPPATH\Controllers\CartController.php on line 42.
 1 APPPATH\Controllers\CartController.php(42): CodeIgniter\Debug\Exceptions->errorHandler(2, 'Undefined property: App\\Controllers\\CartController::$cart', 'APPPATH\\Controllers\\CartController.php', 42)
 2 SYSTEMPATH\CodeIgniter.php(927): App\Controllers\CartController->addtocart()
 3 SYSTEMPATH\CodeIgniter.php(482): CodeIgniter\CodeIgniter->runController(Object(App\Controllers\CartController))
 4 SYSTEMPATH\CodeIgniter.php(351): CodeIgniter\CodeIgniter->handleRequest(null, Object(Config\Cache), false)
 5 FCPATH\index.php(67): CodeIgniter\CodeIgniter->run()
 6 SYSTEMPATH\Commands\Server\rewrite.php(46): require_once('FCPATH\\index.php')
CRITICAL - 2022-12-13 08:34:22 --> Undefined property: App\Controllers\CartController::$cart
in APPPATH\Controllers\CartController.php on line 49.
 1 APPPATH\Controllers\CartController.php(49): CodeIgniter\Debug\Exceptions->errorHandler(2, 'Undefined property: App\\Controllers\\CartController::$cart', 'APPPATH\\Controllers\\CartController.php', 49)
 2 SYSTEMPATH\CodeIgniter.php(927): App\Controllers\CartController->viewcart()
 3 SYSTEMPATH\CodeIgniter.php(482): CodeIgniter\CodeIgniter->runController(Object(App\Controllers\CartController))
 4 SYSTEMPATH\CodeIgniter.php(351): CodeIgniter\CodeIgniter->handleRequest(null, Object(Config\Cache), false)
 5 FCPATH\index.php(67): CodeIgniter\CodeIgniter->run()
 6 SYSTEMPATH\Commands\Server\rewrite.php(46): require_once('FCPATH\\index.php')
CRITICAL - 2022-12-13 08:34:37 --> Undefined property: App\Controllers\CartController::$cart
in APPPATH\Controllers\CartController.php on line 49.
 1 APPPATH\Controllers\CartController.php(49): CodeIgniter\Debug\Exceptions->errorHandler(2, 'Undefined property: App\\Controllers\\CartController::$cart', 'APPPATH\\Controllers\\CartController.php', 49)
 2 SYSTEMPATH\CodeIgniter.php(927): App\Controllers\CartController->viewcart()
 3 SYSTEMPATH\CodeIgniter.php(482): CodeIgniter\CodeIgniter->runController(Object(App\Controllers\CartController))
 4 SYSTEMPATH\CodeIgniter.php(351): CodeIgniter\CodeIgniter->handleRequest(null, Object(Config\Cache), false)
 5 FCPATH\index.php(67): CodeIgniter\CodeIgniter->run()
 6 SYSTEMPATH\Commands\Server\rewrite.php(46): require_once('FCPATH\\index.php')
CRITICAL - 2022-12-13 08:35:32 --> Undefined property: App\Controllers\CartController::$cart
in APPPATH\Controllers\CartController.php on line 49.
 1 APPPATH\Controllers\CartController.php(49): CodeIgniter\Debug\Exceptions->errorHandler(2, 'Undefined property: App\\Controllers\\CartController::$cart', 'APPPATH\\Controllers\\CartController.php', 49)
 2 SYSTEMPATH\CodeIgniter.php(927): App\Controllers\CartController->viewcart()
 3 SYSTEMPATH\CodeIgniter.php(482): CodeIgniter\CodeIgniter->runController(Object(App\Controllers\CartController))
 4 SYSTEMPATH\CodeIgniter.php(351): CodeIgniter\CodeIgniter->handleRequest(null, Object(Config\Cache), false)
 5 FCPATH\index.php(67): CodeIgniter\CodeIgniter->run()
 6 SYSTEMPATH\Commands\Server\rewrite.php(46): require_once('FCPATH\\index.php')
CRITICAL - 2022-12-13 08:48:09 --> Call to undefined function number_to_currency()
in APPPATH\Views\layout\products.php on line 75.
 1 SYSTEMPATH\View\View.php(213): include()
 2 SYSTEMPATH\View\View.php(216): CodeIgniter\View\View->CodeIgniter\View\{closure}()
 3 SYSTEMPATH\Common.php(1134): CodeIgniter\View\View->render('layout/products', [], true)
 4 APPPATH\Controllers\CartController.php(18): view('layout/products', [...])
 5 SYSTEMPATH\CodeIgniter.php(927): App\Controllers\CartController->products()
 6 SYSTEMPATH\CodeIgniter.php(482): CodeIgniter\CodeIgniter->runController(Object(App\Controllers\CartController))
 7 SYSTEMPATH\CodeIgniter.php(351): CodeIgniter\CodeIgniter->handleRequest(null, Object(Config\Cache), false)
 8 FCPATH\index.php(67): CodeIgniter\CodeIgniter->run()
 9 SYSTEMPATH\Commands\Server\rewrite.php(46): require_once('FCPATH\\index.php')
ERROR - 2022-12-13 09:06:50 --> mysqli_sql_exception: Unknown column 'status' in 'field list' in C:\xampp\htdocs\finalproject\system\Database\MySQLi\Connection.php:292
Stack trace:
#0 C:\xampp\htdocs\finalproject\system\Database\MySQLi\Connection.php(292): mysqli->query('INSERT INTO `ca...', 0)
#1 C:\xampp\htdocs\finalproject\system\Database\BaseConnection.php(666): CodeIgniter\Database\MySQLi\Connection->execute('INSERT INTO `ca...')
#2 C:\xampp\htdocs\finalproject\system\Database\BaseConnection.php(593): CodeIgniter\Database\BaseConnection->simpleQuery('INSERT INTO `ca...')
#3 C:\xampp\htdocs\finalproject\system\Database\BaseBuilder.php(1916): CodeIgniter\Database\BaseConnection->query('INSERT INTO `ca...', Array, false)
#4 C:\xampp\htdocs\finalproject\system\Model.php(279): CodeIgniter\Database\BaseBuilder->insert()
#5 C:\xampp\htdocs\finalproject\system\BaseModel.php(749): CodeIgniter\Model->doInsert(Array)
#6 C:\xampp\htdocs\finalproject\system\Model.php(667): CodeIgniter\BaseModel->insert(Array, true)
#7 C:\xampp\htdocs\finalproject\app\Controllers\CartController.php(35): CodeIgniter\Model->insert(Array)
#8 C:\xampp\htdocs\finalproject\system\CodeIgniter.php(927): App\Controllers\CartController->addtocart()
#9 C:\xampp\htdocs\finalproject\system\CodeIgniter.php(482): CodeIgniter\CodeIgniter->runController(Object(App\Controllers\CartController))
#10 C:\xampp\htdocs\finalproject\system\CodeIgniter.php(351): CodeIgniter\CodeIgniter->handleRequest(NULL, Object(Config\Cache), false)
#11 C:\xampp\htdocs\finalproject\public\index.php(67): CodeIgniter\CodeIgniter->run()
#12 C:\xampp\htdocs\finalproject\system\Commands\Server\rewrite.php(46): require_once('C:\\xampp\\htdocs...')
#13 {main}
CRITICAL - 2022-12-13 09:06:50 --> Unknown column 'status' in 'field list'
in SYSTEMPATH\Database\MySQLi\Connection.php on line 292.
 1 SYSTEMPATH\Database\MySQLi\Connection.php(292): mysqli->query('INSERT INTO `cart` (`price`, `status`) VALUES (\'600\', \'added\')', 0)
 2 SYSTEMPATH\Database\BaseConnection.php(666): CodeIgniter\Database\MySQLi\Connection->execute('INSERT INTO `cart` (`price`, `status`) VALUES (\'600\', \'added\')')
 3 SYSTEMPATH\Database\BaseConnection.php(593): CodeIgniter\Database\BaseConnection->simpleQuery('INSERT INTO `cart` (`price`, `status`) VALUES (\'600\', \'added\')')
 4 SYSTEMPATH\Database\BaseBuilder.php(1916): CodeIgniter\Database\BaseConnection->query('INSERT INTO `cart` (`price`, `status`) VALUES (:price:, :status:)', [...], false)
 5 SYSTEMPATH\Model.php(279): CodeIgniter\Database\BaseBuilder->insert()
 6 SYSTEMPATH\BaseModel.php(749): CodeIgniter\Model->doInsert([...])
 7 SYSTEMPATH\Model.php(667): CodeIgniter\BaseModel->insert([...], true)
 8 APPPATH\Controllers\CartController.php(35): CodeIgniter\Model->insert([...])
 9 SYSTEMPATH\CodeIgniter.php(927): App\Controllers\CartController->addtocart()
10 SYSTEMPATH\CodeIgniter.php(482): CodeIgniter\CodeIgniter->runController(Object(App\Controllers\CartController))
11 SYSTEMPATH\CodeIgniter.php(351): CodeIgniter\CodeIgniter->handleRequest(null, Object(Config\Cache), false)
12 FCPATH\index.php(67): CodeIgniter\CodeIgniter->run()
13 SYSTEMPATH\Commands\Server\rewrite.php(46): require_once('FCPATH\\index.php')
ERROR - 2022-12-13 09:06:53 --> mysqli_sql_exception: Unknown column 'status' in 'field list' in C:\xampp\htdocs\finalproject\system\Database\MySQLi\Connection.php:292
Stack trace:
#0 C:\xampp\htdocs\finalproject\system\Database\MySQLi\Connection.php(292): mysqli->query('INSERT INTO `ca...', 0)
#1 C:\xampp\htdocs\finalproject\system\Database\BaseConnection.php(666): CodeIgniter\Database\MySQLi\Connection->execute('INSERT INTO `ca...')
#2 C:\xampp\htdocs\finalproject\system\Database\BaseConnection.php(593): CodeIgniter\Database\BaseConnection->simpleQuery('INSERT INTO `ca...')
#3 C:\xampp\htdocs\finalproject\system\Database\BaseBuilder.php(1916): CodeIgniter\Database\BaseConnection->query('INSERT INTO `ca...', Array, false)
#4 C:\xampp\htdocs\finalproject\system\Model.php(279): CodeIgniter\Database\BaseBuilder->insert()
#5 C:\xampp\htdocs\finalproject\system\BaseModel.php(749): CodeIgniter\Model->doInsert(Array)
#6 C:\xampp\htdocs\finalproject\system\Model.php(667): CodeIgniter\BaseModel->insert(Array, true)
#7 C:\xampp\htdocs\finalproject\app\Controllers\CartController.php(35): CodeIgniter\Model->insert(Array)
#8 C:\xampp\htdocs\finalproject\system\CodeIgniter.php(927): App\Controllers\CartController->addtocart()
#9 C:\xampp\htdocs\finalproject\system\CodeIgniter.php(482): CodeIgniter\CodeIgniter->runController(Object(App\Controllers\CartController))
#10 C:\xampp\htdocs\finalproject\system\CodeIgniter.php(351): CodeIgniter\CodeIgniter->handleRequest(NULL, Object(Config\Cache), false)
#11 C:\xampp\htdocs\finalproject\public\index.php(67): CodeIgniter\CodeIgniter->run()
#12 C:\xampp\htdocs\finalproject\system\Commands\Server\rewrite.php(46): require_once('C:\\xampp\\htdocs...')
#13 {main}
CRITICAL - 2022-12-13 09:06:53 --> Unknown column 'status' in 'field list'
in SYSTEMPATH\Database\MySQLi\Connection.php on line 292.
 1 SYSTEMPATH\Database\MySQLi\Connection.php(292): mysqli->query('INSERT INTO `cart` (`price`, `status`) VALUES (\'900\', \'added\')', 0)
 2 SYSTEMPATH\Database\BaseConnection.php(666): CodeIgniter\Database\MySQLi\Connection->execute('INSERT INTO `cart` (`price`, `status`) VALUES (\'900\', \'added\')')
 3 SYSTEMPATH\Database\BaseConnection.php(593): CodeIgniter\Database\BaseConnection->simpleQuery('INSERT INTO `cart` (`price`, `status`) VALUES (\'900\', \'added\')')
 4 SYSTEMPATH\Database\BaseBuilder.php(1916): CodeIgniter\Database\BaseConnection->query('INSERT INTO `cart` (`price`, `status`) VALUES (:price:, :status:)', [...], false)
 5 SYSTEMPATH\Model.php(279): CodeIgniter\Database\BaseBuilder->insert()
 6 SYSTEMPATH\BaseModel.php(749): CodeIgniter\Model->doInsert([...])
 7 SYSTEMPATH\Model.php(667): CodeIgniter\BaseModel->insert([...], true)
 8 APPPATH\Controllers\CartController.php(35): CodeIgniter\Model->insert([...])
 9 SYSTEMPATH\CodeIgniter.php(927): App\Controllers\CartController->addtocart()
10 SYSTEMPATH\CodeIgniter.php(482): CodeIgniter\CodeIgniter->runController(Object(App\Controllers\CartController))
11 SYSTEMPATH\CodeIgniter.php(351): CodeIgniter\CodeIgniter->handleRequest(null, Object(Config\Cache), false)
12 FCPATH\index.php(67): CodeIgniter\CodeIgniter->run()
13 SYSTEMPATH\Commands\Server\rewrite.php(46): require_once('FCPATH\\index.php')
ERROR - 2022-12-13 09:07:21 --> mysqli_sql_exception: Unknown column 'status' in 'field list' in C:\xampp\htdocs\finalproject\system\Database\MySQLi\Connection.php:292
Stack trace:
#0 C:\xampp\htdocs\finalproject\system\Database\MySQLi\Connection.php(292): mysqli->query('UPDATE `cart` S...', 0)
#1 C:\xampp\htdocs\finalproject\system\Database\BaseConnection.php(666): CodeIgniter\Database\MySQLi\Connection->execute('UPDATE `cart` S...')
#2 C:\xampp\htdocs\finalproject\system\Database\BaseConnection.php(593): CodeIgniter\Database\BaseConnection->simpleQuery('UPDATE `cart` S...')
#3 C:\xampp\htdocs\finalproject\system\Database\BaseBuilder.php(2079): CodeIgniter\Database\BaseConnection->query('UPDATE `cart` S...', Array, false)
#4 C:\xampp\htdocs\finalproject\system\Model.php(338): CodeIgniter\Database\BaseBuilder->update()
#5 C:\xampp\htdocs\finalproject\system\BaseModel.php(886): CodeIgniter\Model->doUpdate(Array, Array)
#6 C:\xampp\htdocs\finalproject\system\Model.php(693): CodeIgniter\BaseModel->update(Array, Array)
#7 C:\xampp\htdocs\finalproject\system\BaseModel.php(657): CodeIgniter\Model->update('3', Array)
#8 C:\xampp\htdocs\finalproject\app\Controllers\CartController.php(26): CodeIgniter\BaseModel->save(Array)
#9 C:\xampp\htdocs\finalproject\system\CodeIgniter.php(927): App\Controllers\CartController->addtocart()
#10 C:\xampp\htdocs\finalproject\system\CodeIgniter.php(482): CodeIgniter\CodeIgniter->runController(Object(App\Controllers\CartController))
#11 C:\xampp\htdocs\finalproject\system\CodeIgniter.php(351): CodeIgniter\CodeIgniter->handleRequest(NULL, Object(Config\Cache), false)
#12 C:\xampp\htdocs\finalproject\public\index.php(67): CodeIgniter\CodeIgniter->run()
#13 C:\xampp\htdocs\finalproject\system\Commands\Server\rewrite.php(46): require_once('C:\\xampp\\htdocs...')
#14 {main}
CRITICAL - 2022-12-13 09:07:21 --> Unknown column 'status' in 'field list'
in SYSTEMPATH\Database\MySQLi\Connection.php on line 292.
 1 SYSTEMPATH\Database\MySQLi\Connection.php(292): mysqli->query('UPDATE `cart` SET `price` = \'600\', `status` = \'added\'
WHERE `cart`.`id` IN (\'3\')', 0)
 2 SYSTEMPATH\Database\BaseConnection.php(666): CodeIgniter\Database\MySQLi\Connection->execute('UPDATE `cart` SET `price` = \'600\', `status` = \'added\'
WHERE `cart`.`id` IN (\'3\')')
 3 SYSTEMPATH\Database\BaseConnection.php(593): CodeIgniter\Database\BaseConnection->simpleQuery('UPDATE `cart` SET `price` = \'600\', `status` = \'added\'
WHERE `cart`.`id` IN (\'3\')')
 4 SYSTEMPATH\Database\BaseBuilder.php(2079): CodeIgniter\Database\BaseConnection->query('UPDATE `cart` SET `price` = :price:, `status` = :status:
WHERE `cart`.`id` IN :cart.id:', [...], false)
 5 SYSTEMPATH\Model.php(338): CodeIgniter\Database\BaseBuilder->update()
 6 SYSTEMPATH\BaseModel.php(886): CodeIgniter\Model->doUpdate([...], [...])
 7 SYSTEMPATH\Model.php(693): CodeIgniter\BaseModel->update([...], [...])
 8 SYSTEMPATH\BaseModel.php(657): CodeIgniter\Model->update('3', [...])
 9 APPPATH\Controllers\CartController.php(26): CodeIgniter\BaseModel->save([...])
10 SYSTEMPATH\CodeIgniter.php(927): App\Controllers\CartController->addtocart()
11 SYSTEMPATH\CodeIgniter.php(482): CodeIgniter\CodeIgniter->runController(Object(App\Controllers\CartController))
12 SYSTEMPATH\CodeIgniter.php(351): CodeIgniter\CodeIgniter->handleRequest(null, Object(Config\Cache), false)
13 FCPATH\index.php(67): CodeIgniter\CodeIgniter->run()
14 SYSTEMPATH\Commands\Server\rewrite.php(46): require_once('FCPATH\\index.php')
ERROR - 2022-12-13 09:07:31 --> mysqli_sql_exception: Unknown column 'status' in 'field list' in C:\xampp\htdocs\finalproject\system\Database\MySQLi\Connection.php:292
Stack trace:
#0 C:\xampp\htdocs\finalproject\system\Database\MySQLi\Connection.php(292): mysqli->query('INSERT INTO `ca...', 0)
#1 C:\xampp\htdocs\finalproject\system\Database\BaseConnection.php(666): CodeIgniter\Database\MySQLi\Connection->execute('INSERT INTO `ca...')
#2 C:\xampp\htdocs\finalproject\system\Database\BaseConnection.php(593): CodeIgniter\Database\BaseConnection->simpleQuery('INSERT INTO `ca...')
#3 C:\xampp\htdocs\finalproject\system\Database\BaseBuilder.php(1916): CodeIgniter\Database\BaseConnection->query('INSERT INTO `ca...', Array, false)
#4 C:\xampp\htdocs\finalproject\system\Model.php(279): CodeIgniter\Database\BaseBuilder->insert()
#5 C:\xampp\htdocs\finalproject\system\BaseModel.php(749): CodeIgniter\Model->doInsert(Array)
#6 C:\xampp\htdocs\finalproject\system\Model.php(667): CodeIgniter\BaseModel->insert(Array, true)
#7 C:\xampp\htdocs\finalproject\app\Controllers\CartController.php(26): CodeIgniter\Model->insert(Array)
#8 C:\xampp\htdocs\finalproject\system\CodeIgniter.php(927): App\Controllers\CartController->addtocart()
#9 C:\xampp\htdocs\finalproject\system\CodeIgniter.php(482): CodeIgniter\CodeIgniter->runController(Object(App\Controllers\CartController))
#10 C:\xampp\htdocs\finalproject\system\CodeIgniter.php(351): CodeIgniter\CodeIgniter->handleRequest(NULL, Object(Config\Cache), false)
#11 C:\xampp\htdocs\finalproject\public\index.php(67): CodeIgniter\CodeIgniter->run()
#12 C:\xampp\htdocs\finalproject\system\Commands\Server\rewrite.php(46): require_once('C:\\xampp\\htdocs...')
#13 {main}
CRITICAL - 2022-12-13 09:07:31 --> Unknown column 'status' in 'field list'
in SYSTEMPATH\Database\MySQLi\Connection.php on line 292.
 1 SYSTEMPATH\Database\MySQLi\Connection.php(292): mysqli->query('INSERT INTO `cart` (`price`, `status`) VALUES (\'600\', \'added\')', 0)
 2 SYSTEMPATH\Database\BaseConnection.php(666): CodeIgniter\Database\MySQLi\Connection->execute('INSERT INTO `cart` (`price`, `status`) VALUES (\'600\', \'added\')')
 3 SYSTEMPATH\Database\BaseConnection.php(593): CodeIgniter\Database\BaseConnection->simpleQuery('INSERT INTO `cart` (`price`, `status`) VALUES (\'600\', \'added\')')
 4 SYSTEMPATH\Database\BaseBuilder.php(1916): CodeIgniter\Database\BaseConnection->query('INSERT INTO `cart` (`price`, `status`) VALUES (:price:, :status:)', [...], false)
 5 SYSTEMPATH\Model.php(279): CodeIgniter\Database\BaseBuilder->insert()
 6 SYSTEMPATH\BaseModel.php(749): CodeIgniter\Model->doInsert([...])
 7 SYSTEMPATH\Model.php(667): CodeIgniter\BaseModel->insert([...], true)
 8 APPPATH\Controllers\CartController.php(26): CodeIgniter\Model->insert([...])
 9 SYSTEMPATH\CodeIgniter.php(927): App\Controllers\CartController->addtocart()
10 SYSTEMPATH\CodeIgniter.php(482): CodeIgniter\CodeIgniter->runController(Object(App\Controllers\CartController))
11 SYSTEMPATH\CodeIgniter.php(351): CodeIgniter\CodeIgniter->handleRequest(null, Object(Config\Cache), false)
12 FCPATH\index.php(67): CodeIgniter\CodeIgniter->run()
13 SYSTEMPATH\Commands\Server\rewrite.php(46): require_once('FCPATH\\index.php')
ERROR - 2022-12-13 09:07:45 --> mysqli_sql_exception: Unknown column 'status' in 'field list' in C:\xampp\htdocs\finalproject\system\Database\MySQLi\Connection.php:292
Stack trace:
#0 C:\xampp\htdocs\finalproject\system\Database\MySQLi\Connection.php(292): mysqli->query('INSERT INTO `pr...', 0)
#1 C:\xampp\htdocs\finalproject\system\Database\BaseConnection.php(666): CodeIgniter\Database\MySQLi\Connection->execute('INSERT INTO `pr...')
#2 C:\xampp\htdocs\finalproject\system\Database\BaseConnection.php(593): CodeIgniter\Database\BaseConnection->simpleQuery('INSERT INTO `pr...')
#3 C:\xampp\htdocs\finalproject\system\Database\BaseBuilder.php(1916): CodeIgniter\Database\BaseConnection->query('INSERT INTO `pr...', Array, false)
#4 C:\xampp\htdocs\finalproject\system\Model.php(279): CodeIgniter\Database\BaseBuilder->insert()
#5 C:\xampp\htdocs\finalproject\system\BaseModel.php(749): CodeIgniter\Model->doInsert(Array)
#6 C:\xampp\htdocs\finalproject\system\Model.php(667): CodeIgniter\BaseModel->insert(Array, true)
#7 C:\xampp\htdocs\finalproject\app\Controllers\CartController.php(26): CodeIgniter\Model->insert(Array)
#8 C:\xampp\htdocs\finalproject\system\CodeIgniter.php(927): App\Controllers\CartController->addtocart()
#9 C:\xampp\htdocs\finalproject\system\CodeIgniter.php(482): CodeIgniter\CodeIgniter->runController(Object(App\Controllers\CartController))
#10 C:\xampp\htdocs\finalproject\system\CodeIgniter.php(351): CodeIgniter\CodeIgniter->handleRequest(NULL, Object(Config\Cache), false)
#11 C:\xampp\htdocs\finalproject\public\index.php(67): CodeIgniter\CodeIgniter->run()
#12 C:\xampp\htdocs\finalproject\system\Commands\Server\rewrite.php(46): require_once('C:\\xampp\\htdocs...')
#13 {main}
CRITICAL - 2022-12-13 09:07:45 --> Unknown column 'status' in 'field list'
in SYSTEMPATH\Database\MySQLi\Connection.php on line 292.
 1 SYSTEMPATH\Database\MySQLi\Connection.php(292): mysqli->query('INSERT INTO `products` (`price`, `status`) VALUES (\'900\', \'added\')', 0)
 2 SYSTEMPATH\Database\BaseConnection.php(666): CodeIgniter\Database\MySQLi\Connection->execute('INSERT INTO `products` (`price`, `status`) VALUES (\'900\', \'added\')')
 3 SYSTEMPATH\Database\BaseConnection.php(593): CodeIgniter\Database\BaseConnection->simpleQuery('INSERT INTO `products` (`price`, `status`) VALUES (\'900\', \'added\')')
 4 SYSTEMPATH\Database\BaseBuilder.php(1916): CodeIgniter\Database\BaseConnection->query('INSERT INTO `products` (`price`, `status`) VALUES (:price:, :status:)', [...], false)
 5 SYSTEMPATH\Model.php(279): CodeIgniter\Database\BaseBuilder->insert()
 6 SYSTEMPATH\BaseModel.php(749): CodeIgniter\Model->doInsert([...])
 7 SYSTEMPATH\Model.php(667): CodeIgniter\BaseModel->insert([...], true)
 8 APPPATH\Controllers\CartController.php(26): CodeIgniter\Model->insert([...])
 9 SYSTEMPATH\CodeIgniter.php(927): App\Controllers\CartController->addtocart()
10 SYSTEMPATH\CodeIgniter.php(482): CodeIgniter\CodeIgniter->runController(Object(App\Controllers\CartController))
11 SYSTEMPATH\CodeIgniter.php(351): CodeIgniter\CodeIgniter->handleRequest(null, Object(Config\Cache), false)
12 FCPATH\index.php(67): CodeIgniter\CodeIgniter->run()
13 SYSTEMPATH\Commands\Server\rewrite.php(46): require_once('FCPATH\\index.php')
ERROR - 2022-12-13 09:08:03 --> mysqli_sql_exception: Unknown column 'status' in 'field list' in C:\xampp\htdocs\finalproject\system\Database\MySQLi\Connection.php:292
Stack trace:
#0 C:\xampp\htdocs\finalproject\system\Database\MySQLi\Connection.php(292): mysqli->query('INSERT INTO `ca...', 0)
#1 C:\xampp\htdocs\finalproject\system\Database\BaseConnection.php(666): CodeIgniter\Database\MySQLi\Connection->execute('INSERT INTO `ca...')
#2 C:\xampp\htdocs\finalproject\system\Database\BaseConnection.php(593): CodeIgniter\Database\BaseConnection->simpleQuery('INSERT INTO `ca...')
#3 C:\xampp\htdocs\finalproject\system\Database\BaseBuilder.php(1916): CodeIgniter\Database\BaseConnection->query('INSERT INTO `ca...', Array, false)
#4 C:\xampp\htdocs\finalproject\system\Model.php(279): CodeIgniter\Database\BaseBuilder->insert()
#5 C:\xampp\htdocs\finalproject\system\BaseModel.php(749): CodeIgniter\Model->doInsert(Array)
#6 C:\xampp\htdocs\finalproject\system\Model.php(667): CodeIgniter\BaseModel->insert(Array, true)
#7 C:\xampp\htdocs\finalproject\app\Controllers\CartController.php(26): CodeIgniter\Model->insert(Array)
#8 C:\xampp\htdocs\finalproject\system\CodeIgniter.php(927): App\Controllers\CartController->addtocart()
#9 C:\xampp\htdocs\finalproject\system\CodeIgniter.php(482): CodeIgniter\CodeIgniter->runController(Object(App\Controllers\CartController))
#10 C:\xampp\htdocs\finalproject\system\CodeIgniter.php(351): CodeIgniter\CodeIgniter->handleRequest(NULL, Object(Config\Cache), false)
#11 C:\xampp\htdocs\finalproject\public\index.php(67): CodeIgniter\CodeIgniter->run()
#12 C:\xampp\htdocs\finalproject\system\Commands\Server\rewrite.php(46): require_once('C:\\xampp\\htdocs...')
#13 {main}
CRITICAL - 2022-12-13 09:08:03 --> Unknown column 'status' in 'field list'
in SYSTEMPATH\Database\MySQLi\Connection.php on line 292.
 1 SYSTEMPATH\Database\MySQLi\Connection.php(292): mysqli->query('INSERT INTO `cart` (`price`, `status`) VALUES (\'600\', \'added\')', 0)
 2 SYSTEMPATH\Database\BaseConnection.php(666): CodeIgniter\Database\MySQLi\Connection->execute('INSERT INTO `cart` (`price`, `status`) VALUES (\'600\', \'added\')')
 3 SYSTEMPATH\Database\BaseConnection.php(593): CodeIgniter\Database\BaseConnection->simpleQuery('INSERT INTO `cart` (`price`, `status`) VALUES (\'600\', \'added\')')
 4 SYSTEMPATH\Database\BaseBuilder.php(1916): CodeIgniter\Database\BaseConnection->query('INSERT INTO `cart` (`price`, `status`) VALUES (:price:, :status:)', [...], false)
 5 SYSTEMPATH\Model.php(279): CodeIgniter\Database\BaseBuilder->insert()
 6 SYSTEMPATH\BaseModel.php(749): CodeIgniter\Model->doInsert([...])
 7 SYSTEMPATH\Model.php(667): CodeIgniter\BaseModel->insert([...], true)
 8 APPPATH\Controllers\CartController.php(26): CodeIgniter\Model->insert([...])
 9 SYSTEMPATH\CodeIgniter.php(927): App\Controllers\CartController->addtocart()
10 SYSTEMPATH\CodeIgniter.php(482): CodeIgniter\CodeIgniter->runController(Object(App\Controllers\CartController))
11 SYSTEMPATH\CodeIgniter.php(351): CodeIgniter\CodeIgniter->handleRequest(null, Object(Config\Cache), false)
12 FCPATH\index.php(67): CodeIgniter\CodeIgniter->run()
13 SYSTEMPATH\Commands\Server\rewrite.php(46): require_once('FCPATH\\index.php')
ERROR - 2022-12-13 09:10:05 --> mysqli_sql_exception: Unknown column 'status' in 'field list' in C:\xampp\htdocs\finalproject\system\Database\MySQLi\Connection.php:292
Stack trace:
#0 C:\xampp\htdocs\finalproject\system\Database\MySQLi\Connection.php(292): mysqli->query('INSERT INTO `ca...', 0)
#1 C:\xampp\htdocs\finalproject\system\Database\BaseConnection.php(666): CodeIgniter\Database\MySQLi\Connection->execute('INSERT INTO `ca...')
#2 C:\xampp\htdocs\finalproject\system\Database\BaseConnection.php(593): CodeIgniter\Database\BaseConnection->simpleQuery('INSERT INTO `ca...')
#3 C:\xampp\htdocs\finalproject\system\Database\BaseBuilder.php(1916): CodeIgniter\Database\BaseConnection->query('INSERT INTO `ca...', Array, false)
#4 C:\xampp\htdocs\finalproject\system\Model.php(279): CodeIgniter\Database\BaseBuilder->insert()
#5 C:\xampp\htdocs\finalproject\system\BaseModel.php(749): CodeIgniter\Model->doInsert(Array)
#6 C:\xampp\htdocs\finalproject\system\Model.php(667): CodeIgniter\BaseModel->insert(Array, true)
#7 C:\xampp\htdocs\finalproject\app\Controllers\CartController.php(28): CodeIgniter\Model->insert(Array)
#8 C:\xampp\htdocs\finalproject\system\CodeIgniter.php(927): App\Controllers\CartController->addtocart()
#9 C:\xampp\htdocs\finalproject\system\CodeIgniter.php(482): CodeIgniter\CodeIgniter->runController(Object(App\Controllers\CartController))
#10 C:\xampp\htdocs\finalproject\system\CodeIgniter.php(351): CodeIgniter\CodeIgniter->handleRequest(NULL, Object(Config\Cache), false)
#11 C:\xampp\htdocs\finalproject\public\index.php(67): CodeIgniter\CodeIgniter->run()
#12 C:\xampp\htdocs\finalproject\system\Commands\Server\rewrite.php(46): require_once('C:\\xampp\\htdocs...')
#13 {main}
CRITICAL - 2022-12-13 09:10:05 --> Unknown column 'status' in 'field list'
in SYSTEMPATH\Database\MySQLi\Connection.php on line 292.
 1 SYSTEMPATH\Database\MySQLi\Connection.php(292): mysqli->query('INSERT INTO `cart` (`product_name`, `price`, `status`) VALUES (\'Rainbow style\', \'900\', \'added\')', 0)
 2 SYSTEMPATH\Database\BaseConnection.php(666): CodeIgniter\Database\MySQLi\Connection->execute('INSERT INTO `cart` (`product_name`, `price`, `status`) VALUES (\'Rainbow style\', \'900\', \'added\')')
 3 SYSTEMPATH\Database\BaseConnection.php(593): CodeIgniter\Database\BaseConnection->simpleQuery('INSERT INTO `cart` (`product_name`, `price`, `status`) VALUES (\'Rainbow style\', \'900\', \'added\')')
 4 SYSTEMPATH\Database\BaseBuilder.php(1916): CodeIgniter\Database\BaseConnection->query('INSERT INTO `cart` (`product_name`, `price`, `status`) VALUES (:product_name:, :price:, :status:)', [...], false)
 5 SYSTEMPATH\Model.php(279): CodeIgniter\Database\BaseBuilder->insert()
 6 SYSTEMPATH\BaseModel.php(749): CodeIgniter\Model->doInsert([...])
 7 SYSTEMPATH\Model.php(667): CodeIgniter\BaseModel->insert([...], true)
 8 APPPATH\Controllers\CartController.php(28): CodeIgniter\Model->insert([...])
 9 SYSTEMPATH\CodeIgniter.php(927): App\Controllers\CartController->addtocart()
10 SYSTEMPATH\CodeIgniter.php(482): CodeIgniter\CodeIgniter->runController(Object(App\Controllers\CartController))
11 SYSTEMPATH\CodeIgniter.php(351): CodeIgniter\CodeIgniter->handleRequest(null, Object(Config\Cache), false)
12 FCPATH\index.php(67): CodeIgniter\CodeIgniter->run()
13 SYSTEMPATH\Commands\Server\rewrite.php(46): require_once('FCPATH\\index.php')
ERROR - 2022-12-13 09:10:19 --> mysqli_sql_exception: Unknown column 'status' in 'field list' in C:\xampp\htdocs\finalproject\system\Database\MySQLi\Connection.php:292
Stack trace:
#0 C:\xampp\htdocs\finalproject\system\Database\MySQLi\Connection.php(292): mysqli->query('INSERT INTO `ca...', 0)
#1 C:\xampp\htdocs\finalproject\system\Database\BaseConnection.php(666): CodeIgniter\Database\MySQLi\Connection->execute('INSERT INTO `ca...')
#2 C:\xampp\htdocs\finalproject\system\Database\BaseConnection.php(593): CodeIgniter\Database\BaseConnection->simpleQuery('INSERT INTO `ca...')
#3 C:\xampp\htdocs\finalproject\system\Database\BaseBuilder.php(1916): CodeIgniter\Database\BaseConnection->query('INSERT INTO `ca...', Array, false)
#4 C:\xampp\htdocs\finalproject\system\Model.php(279): CodeIgniter\Database\BaseBuilder->insert()
#5 C:\xampp\htdocs\finalproject\system\BaseModel.php(749): CodeIgniter\Model->doInsert(Array)
#6 C:\xampp\htdocs\finalproject\system\Model.php(667): CodeIgniter\BaseModel->insert(Array, true)
#7 C:\xampp\htdocs\finalproject\app\Controllers\CartController.php(28): CodeIgniter\Model->insert(Array)
#8 C:\xampp\htdocs\finalproject\system\CodeIgniter.php(927): App\Controllers\CartController->addtocart()
#9 C:\xampp\htdocs\finalproject\system\CodeIgniter.php(482): CodeIgniter\CodeIgniter->runController(Object(App\Controllers\CartController))
#10 C:\xampp\htdocs\finalproject\system\CodeIgniter.php(351): CodeIgniter\CodeIgniter->handleRequest(NULL, Object(Config\Cache), false)
#11 C:\xampp\htdocs\finalproject\public\index.php(67): CodeIgniter\CodeIgniter->run()
#12 C:\xampp\htdocs\finalproject\system\Commands\Server\rewrite.php(46): require_once('C:\\xampp\\htdocs...')
#13 {main}
CRITICAL - 2022-12-13 09:10:19 --> Unknown column 'status' in 'field list'
in SYSTEMPATH\Database\MySQLi\Connection.php on line 292.
 1 SYSTEMPATH\Database\MySQLi\Connection.php(292): mysqli->query('INSERT INTO `cart` (`product_name`, `price`, `status`) VALUES (\'Old Style\', \'600\', \'added\')', 0)
 2 SYSTEMPATH\Database\BaseConnection.php(666): CodeIgniter\Database\MySQLi\Connection->execute('INSERT INTO `cart` (`product_name`, `price`, `status`) VALUES (\'Old Style\', \'600\', \'added\')')
 3 SYSTEMPATH\Database\BaseConnection.php(593): CodeIgniter\Database\BaseConnection->simpleQuery('INSERT INTO `cart` (`product_name`, `price`, `status`) VALUES (\'Old Style\', \'600\', \'added\')')
 4 SYSTEMPATH\Database\BaseBuilder.php(1916): CodeIgniter\Database\BaseConnection->query('INSERT INTO `cart` (`product_name`, `price`, `status`) VALUES (:product_name:, :price:, :status:)', [...], false)
 5 SYSTEMPATH\Model.php(279): CodeIgniter\Database\BaseBuilder->insert()
 6 SYSTEMPATH\BaseModel.php(749): CodeIgniter\Model->doInsert([...])
 7 SYSTEMPATH\Model.php(667): CodeIgniter\BaseModel->insert([...], true)
 8 APPPATH\Controllers\CartController.php(28): CodeIgniter\Model->insert([...])
 9 SYSTEMPATH\CodeIgniter.php(927): App\Controllers\CartController->addtocart()
10 SYSTEMPATH\CodeIgniter.php(482): CodeIgniter\CodeIgniter->runController(Object(App\Controllers\CartController))
11 SYSTEMPATH\CodeIgniter.php(351): CodeIgniter\CodeIgniter->handleRequest(null, Object(Config\Cache), false)
12 FCPATH\index.php(67): CodeIgniter\CodeIgniter->run()
13 SYSTEMPATH\Commands\Server\rewrite.php(46): require_once('FCPATH\\index.php')
ERROR - 2022-12-13 09:13:02 --> mysqli_sql_exception: Unknown column 'status' in 'field list' in C:\xampp\htdocs\finalproject\system\Database\MySQLi\Connection.php:292
Stack trace:
#0 C:\xampp\htdocs\finalproject\system\Database\MySQLi\Connection.php(292): mysqli->query('UPDATE `cart` S...', 0)
#1 C:\xampp\htdocs\finalproject\system\Database\BaseConnection.php(666): CodeIgniter\Database\MySQLi\Connection->execute('UPDATE `cart` S...')
#2 C:\xampp\htdocs\finalproject\system\Database\BaseConnection.php(593): CodeIgniter\Database\BaseConnection->simpleQuery('UPDATE `cart` S...')
#3 C:\xampp\htdocs\finalproject\system\Database\BaseBuilder.php(2079): CodeIgniter\Database\BaseConnection->query('UPDATE `cart` S...', Array, false)
#4 C:\xampp\htdocs\finalproject\system\Model.php(338): CodeIgniter\Database\BaseBuilder->update()
#5 C:\xampp\htdocs\finalproject\system\BaseModel.php(886): CodeIgniter\Model->doUpdate(Array, Array)
#6 C:\xampp\htdocs\finalproject\system\Model.php(693): CodeIgniter\BaseModel->update(Array, Array)
#7 C:\xampp\htdocs\finalproject\system\BaseModel.php(657): CodeIgniter\Model->update('4', Array)
#8 C:\xampp\htdocs\finalproject\app\Controllers\CartController.php(28): CodeIgniter\BaseModel->save(Array)
#9 C:\xampp\htdocs\finalproject\system\CodeIgniter.php(927): App\Controllers\CartController->addtocart()
#10 C:\xampp\htdocs\finalproject\system\CodeIgniter.php(482): CodeIgniter\CodeIgniter->runController(Object(App\Controllers\CartController))
#11 C:\xampp\htdocs\finalproject\system\CodeIgniter.php(351): CodeIgniter\CodeIgniter->handleRequest(NULL, Object(Config\Cache), false)
#12 C:\xampp\htdocs\finalproject\public\index.php(67): CodeIgniter\CodeIgniter->run()
#13 C:\xampp\htdocs\finalproject\system\Commands\Server\rewrite.php(46): require_once('C:\\xampp\\htdocs...')
#14 {main}
CRITICAL - 2022-12-13 09:13:02 --> Unknown column 'status' in 'field list'
in SYSTEMPATH\Database\MySQLi\Connection.php on line 292.
 1 SYSTEMPATH\Database\MySQLi\Connection.php(292): mysqli->query('UPDATE `cart` SET `product_name` = \'Simple Boquet\', `price` = \'500\', `status` = \'added\'
WHERE `cart`.`id` IN (\'4\')', 0)
 2 SYSTEMPATH\Database\BaseConnection.php(666): CodeIgniter\Database\MySQLi\Connection->execute('UPDATE `cart` SET `product_name` = \'Simple Boquet\', `price` = \'500\', `status` = \'added\'
WHERE `cart`.`id` IN (\'4\')')
 3 SYSTEMPATH\Database\BaseConnection.php(593): CodeIgniter\Database\BaseConnection->simpleQuery('UPDATE `cart` SET `product_name` = \'Simple Boquet\', `price` = \'500\', `status` = \'added\'
WHERE `cart`.`id` IN (\'4\')')
 4 SYSTEMPATH\Database\BaseBuilder.php(2079): CodeIgniter\Database\BaseConnection->query('UPDATE `cart` SET `product_name` = :product_name:, `price` = :price:, `status` = :status:
WHERE `cart`.`id` IN :cart.id:', [...], false)
 5 SYSTEMPATH\Model.php(338): CodeIgniter\Database\BaseBuilder->update()
 6 SYSTEMPATH\BaseModel.php(886): CodeIgniter\Model->doUpdate([...], [...])
 7 SYSTEMPATH\Model.php(693): CodeIgniter\BaseModel->update([...], [...])
 8 SYSTEMPATH\BaseModel.php(657): CodeIgniter\Model->update('4', [...])
 9 APPPATH\Controllers\CartController.php(28): CodeIgniter\BaseModel->save([...])
10 SYSTEMPATH\CodeIgniter.php(927): App\Controllers\CartController->addtocart()
11 SYSTEMPATH\CodeIgniter.php(482): CodeIgniter\CodeIgniter->runController(Object(App\Controllers\CartController))
12 SYSTEMPATH\CodeIgniter.php(351): CodeIgniter\CodeIgniter->handleRequest(null, Object(Config\Cache), false)
13 FCPATH\index.php(67): CodeIgniter\CodeIgniter->run()
14 SYSTEMPATH\Commands\Server\rewrite.php(46): require_once('FCPATH\\index.php')
ERROR - 2022-12-13 09:14:49 --> mysqli_sql_exception: Unknown column 'status' in 'field list' in C:\xampp\htdocs\finalproject\system\Database\MySQLi\Connection.php:292
Stack trace:
#0 C:\xampp\htdocs\finalproject\system\Database\MySQLi\Connection.php(292): mysqli->query('UPDATE `cart` S...', 0)
#1 C:\xampp\htdocs\finalproject\system\Database\BaseConnection.php(666): CodeIgniter\Database\MySQLi\Connection->execute('UPDATE `cart` S...')
#2 C:\xampp\htdocs\finalproject\system\Database\BaseConnection.php(593): CodeIgniter\Database\BaseConnection->simpleQuery('UPDATE `cart` S...')
#3 C:\xampp\htdocs\finalproject\system\Database\BaseBuilder.php(2079): CodeIgniter\Database\BaseConnection->query('UPDATE `cart` S...', Array, false)
#4 C:\xampp\htdocs\finalproject\system\Model.php(338): CodeIgniter\Database\BaseBuilder->update()
#5 C:\xampp\htdocs\finalproject\system\BaseModel.php(886): CodeIgniter\Model->doUpdate(Array, Array)
#6 C:\xampp\htdocs\finalproject\system\Model.php(693): CodeIgniter\BaseModel->update(Array, Array)
#7 C:\xampp\htdocs\finalproject\system\BaseModel.php(657): CodeIgniter\Model->update('3', Array)
#8 C:\xampp\htdocs\finalproject\app\Controllers\CartController.php(28): CodeIgniter\BaseModel->save(Array)
#9 C:\xampp\htdocs\finalproject\system\CodeIgniter.php(927): App\Controllers\CartController->addtocart()
#10 C:\xampp\htdocs\finalproject\system\CodeIgniter.php(482): CodeIgniter\CodeIgniter->runController(Object(App\Controllers\CartController))
#11 C:\xampp\htdocs\finalproject\system\CodeIgniter.php(351): CodeIgniter\CodeIgniter->handleRequest(NULL, Object(Config\Cache), false)
#12 C:\xampp\htdocs\finalproject\public\index.php(67): CodeIgniter\CodeIgniter->run()
#13 C:\xampp\htdocs\finalproject\system\Commands\Server\rewrite.php(46): require_once('C:\\xampp\\htdocs...')
#14 {main}
CRITICAL - 2022-12-13 09:14:49 --> Unknown column 'status' in 'field list'
in SYSTEMPATH\Database\MySQLi\Connection.php on line 292.
 1 SYSTEMPATH\Database\MySQLi\Connection.php(292): mysqli->query('UPDATE `cart` SET `product_name` = \'Red and white roses\', `price` = \'600\', `status` = \'added\'
WHERE `cart`.`id` IN (\'3\')', 0)
 2 SYSTEMPATH\Database\BaseConnection.php(666): CodeIgniter\Database\MySQLi\Connection->execute('UPDATE `cart` SET `product_name` = \'Red and white roses\', `price` = \'600\', `status` = \'added\'
WHERE `cart`.`id` IN (\'3\')')
 3 SYSTEMPATH\Database\BaseConnection.php(593): CodeIgniter\Database\BaseConnection->simpleQuery('UPDATE `cart` SET `product_name` = \'Red and white roses\', `price` = \'600\', `status` = \'added\'
WHERE `cart`.`id` IN (\'3\')')
 4 SYSTEMPATH\Database\BaseBuilder.php(2079): CodeIgniter\Database\BaseConnection->query('UPDATE `cart` SET `product_name` = :product_name:, `price` = :price:, `status` = :status:
WHERE `cart`.`id` IN :cart.id:', [...], false)
 5 SYSTEMPATH\Model.php(338): CodeIgniter\Database\BaseBuilder->update()
 6 SYSTEMPATH\BaseModel.php(886): CodeIgniter\Model->doUpdate([...], [...])
 7 SYSTEMPATH\Model.php(693): CodeIgniter\BaseModel->update([...], [...])
 8 SYSTEMPATH\BaseModel.php(657): CodeIgniter\Model->update('3', [...])
 9 APPPATH\Controllers\CartController.php(28): CodeIgniter\BaseModel->save([...])
10 SYSTEMPATH\CodeIgniter.php(927): App\Controllers\CartController->addtocart()
11 SYSTEMPATH\CodeIgniter.php(482): CodeIgniter\CodeIgniter->runController(Object(App\Controllers\CartController))
12 SYSTEMPATH\CodeIgniter.php(351): CodeIgniter\CodeIgniter->handleRequest(null, Object(Config\Cache), false)
13 FCPATH\index.php(67): CodeIgniter\CodeIgniter->run()
14 SYSTEMPATH\Commands\Server\rewrite.php(46): require_once('FCPATH\\index.php')
ERROR - 2022-12-13 09:16:57 --> mysqli_sql_exception: Unknown column 'status' in 'field list' in C:\xampp\htdocs\finalproject\system\Database\MySQLi\Connection.php:292
Stack trace:
#0 C:\xampp\htdocs\finalproject\system\Database\MySQLi\Connection.php(292): mysqli->query('UPDATE `cart` S...', 0)
#1 C:\xampp\htdocs\finalproject\system\Database\BaseConnection.php(666): CodeIgniter\Database\MySQLi\Connection->execute('UPDATE `cart` S...')
#2 C:\xampp\htdocs\finalproject\system\Database\BaseConnection.php(593): CodeIgniter\Database\BaseConnection->simpleQuery('UPDATE `cart` S...')
#3 C:\xampp\htdocs\finalproject\system\Database\BaseBuilder.php(2079): CodeIgniter\Database\BaseConnection->query('UPDATE `cart` S...', Array, false)
#4 C:\xampp\htdocs\finalproject\system\Model.php(338): CodeIgniter\Database\BaseBuilder->update()
#5 C:\xampp\htdocs\finalproject\system\BaseModel.php(886): CodeIgniter\Model->doUpdate(Array, Array)
#6 C:\xampp\htdocs\finalproject\system\Model.php(693): CodeIgniter\BaseModel->update(Array, Array)
#7 C:\xampp\htdocs\finalproject\system\BaseModel.php(657): CodeIgniter\Model->update('4', Array)
#8 C:\xampp\htdocs\finalproject\app\Controllers\CartController.php(28): CodeIgniter\BaseModel->save(Array)
#9 C:\xampp\htdocs\finalproject\system\CodeIgniter.php(927): App\Controllers\CartController->addtocart()
#10 C:\xampp\htdocs\finalproject\system\CodeIgniter.php(482): CodeIgniter\CodeIgniter->runController(Object(App\Controllers\CartController))
#11 C:\xampp\htdocs\finalproject\system\CodeIgniter.php(351): CodeIgniter\CodeIgniter->handleRequest(NULL, Object(Config\Cache), false)
#12 C:\xampp\htdocs\finalproject\public\index.php(67): CodeIgniter\CodeIgniter->run()
#13 C:\xampp\htdocs\finalproject\system\Commands\Server\rewrite.php(46): require_once('C:\\xampp\\htdocs...')
#14 {main}
CRITICAL - 2022-12-13 09:16:57 --> Unknown column 'status' in 'field list'
in SYSTEMPATH\Database\MySQLi\Connection.php on line 292.
 1 SYSTEMPATH\Database\MySQLi\Connection.php(292): mysqli->query('UPDATE `cart` SET `product_name` = \'Simple Boquet\', `price` = \'500\', `status` = \'added\'
WHERE `cart`.`id` IN (\'4\')', 0)
 2 SYSTEMPATH\Database\BaseConnection.php(666): CodeIgniter\Database\MySQLi\Connection->execute('UPDATE `cart` SET `product_name` = \'Simple Boquet\', `price` = \'500\', `status` = \'added\'
WHERE `cart`.`id` IN (\'4\')')
 3 SYSTEMPATH\Database\BaseConnection.php(593): CodeIgniter\Database\BaseConnection->simpleQuery('UPDATE `cart` SET `product_name` = \'Simple Boquet\', `price` = \'500\', `status` = \'added\'
WHERE `cart`.`id` IN (\'4\')')
 4 SYSTEMPATH\Database\BaseBuilder.php(2079): CodeIgniter\Database\BaseConnection->query('UPDATE `cart` SET `product_name` = :product_name:, `price` = :price:, `status` = :status:
WHERE `cart`.`id` IN :cart.id:', [...], false)
 5 SYSTEMPATH\Model.php(338): CodeIgniter\Database\BaseBuilder->update()
 6 SYSTEMPATH\BaseModel.php(886): CodeIgniter\Model->doUpdate([...], [...])
 7 SYSTEMPATH\Model.php(693): CodeIgniter\BaseModel->update([...], [...])
 8 SYSTEMPATH\BaseModel.php(657): CodeIgniter\Model->update('4', [...])
 9 APPPATH\Controllers\CartController.php(28): CodeIgniter\BaseModel->save([...])
10 SYSTEMPATH\CodeIgniter.php(927): App\Controllers\CartController->addtocart()
11 SYSTEMPATH\CodeIgniter.php(482): CodeIgniter\CodeIgniter->runController(Object(App\Controllers\CartController))
12 SYSTEMPATH\CodeIgniter.php(351): CodeIgniter\CodeIgniter->handleRequest(null, Object(Config\Cache), false)
13 FCPATH\index.php(67): CodeIgniter\CodeIgniter->run()
14 SYSTEMPATH\Commands\Server\rewrite.php(46): require_once('FCPATH\\index.php')
ERROR - 2022-12-13 09:21:54 --> mysqli_sql_exception: Unknown column 'status' in 'field list' in C:\xampp\htdocs\finalproject\system\Database\MySQLi\Connection.php:292
Stack trace:
#0 C:\xampp\htdocs\finalproject\system\Database\MySQLi\Connection.php(292): mysqli->query('UPDATE `cart` S...', 0)
#1 C:\xampp\htdocs\finalproject\system\Database\BaseConnection.php(666): CodeIgniter\Database\MySQLi\Connection->execute('UPDATE `cart` S...')
#2 C:\xampp\htdocs\finalproject\system\Database\BaseConnection.php(593): CodeIgniter\Database\BaseConnection->simpleQuery('UPDATE `cart` S...')
#3 C:\xampp\htdocs\finalproject\system\Database\BaseBuilder.php(2079): CodeIgniter\Database\BaseConnection->query('UPDATE `cart` S...', Array, false)
#4 C:\xampp\htdocs\finalproject\system\Model.php(338): CodeIgniter\Database\BaseBuilder->update()
#5 C:\xampp\htdocs\finalproject\system\BaseModel.php(886): CodeIgniter\Model->doUpdate(Array, Array)
#6 C:\xampp\htdocs\finalproject\system\Model.php(693): CodeIgniter\BaseModel->update(Array, Array)
#7 C:\xampp\htdocs\finalproject\system\BaseModel.php(657): CodeIgniter\Model->update('4', Array)
#8 C:\xampp\htdocs\finalproject\app\Controllers\CartController.php(28): CodeIgniter\BaseModel->save(Array)
#9 C:\xampp\htdocs\finalproject\system\CodeIgniter.php(927): App\Controllers\CartController->addtocart()
#10 C:\xampp\htdocs\finalproject\system\CodeIgniter.php(482): CodeIgniter\CodeIgniter->runController(Object(App\Controllers\CartController))
#11 C:\xampp\htdocs\finalproject\system\CodeIgniter.php(351): CodeIgniter\CodeIgniter->handleRequest(NULL, Object(Config\Cache), false)
#12 C:\xampp\htdocs\finalproject\public\index.php(67): CodeIgniter\CodeIgniter->run()
#13 C:\xampp\htdocs\finalproject\system\Commands\Server\rewrite.php(46): require_once('C:\\xampp\\htdocs...')
#14 {main}
CRITICAL - 2022-12-13 09:21:54 --> Unknown column 'status' in 'field list'
in SYSTEMPATH\Database\MySQLi\Connection.php on line 292.
 1 SYSTEMPATH\Database\MySQLi\Connection.php(292): mysqli->query('UPDATE `cart` SET `product_name` = \'Simple Boquet\', `price` = \'500\', `status` = \'added\'
WHERE `cart`.`id` IN (\'4\')', 0)
 2 SYSTEMPATH\Database\BaseConnection.php(666): CodeIgniter\Database\MySQLi\Connection->execute('UPDATE `cart` SET `product_name` = \'Simple Boquet\', `price` = \'500\', `status` = \'added\'
WHERE `cart`.`id` IN (\'4\')')
 3 SYSTEMPATH\Database\BaseConnection.php(593): CodeIgniter\Database\BaseConnection->simpleQuery('UPDATE `cart` SET `product_name` = \'Simple Boquet\', `price` = \'500\', `status` = \'added\'
WHERE `cart`.`id` IN (\'4\')')
 4 SYSTEMPATH\Database\BaseBuilder.php(2079): CodeIgniter\Database\BaseConnection->query('UPDATE `cart` SET `product_name` = :product_name:, `price` = :price:, `status` = :status:
WHERE `cart`.`id` IN :cart.id:', [...], false)
 5 SYSTEMPATH\Model.php(338): CodeIgniter\Database\BaseBuilder->update()
 6 SYSTEMPATH\BaseModel.php(886): CodeIgniter\Model->doUpdate([...], [...])
 7 SYSTEMPATH\Model.php(693): CodeIgniter\BaseModel->update([...], [...])
 8 SYSTEMPATH\BaseModel.php(657): CodeIgniter\Model->update('4', [...])
 9 APPPATH\Controllers\CartController.php(28): CodeIgniter\BaseModel->save([...])
10 SYSTEMPATH\CodeIgniter.php(927): App\Controllers\CartController->addtocart()
11 SYSTEMPATH\CodeIgniter.php(482): CodeIgniter\CodeIgniter->runController(Object(App\Controllers\CartController))
12 SYSTEMPATH\CodeIgniter.php(351): CodeIgniter\CodeIgniter->handleRequest(null, Object(Config\Cache), false)
13 FCPATH\index.php(67): CodeIgniter\CodeIgniter->run()
14 SYSTEMPATH\Commands\Server\rewrite.php(46): require_once('FCPATH\\index.php')
ERROR - 2022-12-13 09:23:30 --> mysqli_sql_exception: Unknown column 'status' in 'field list' in C:\xampp\htdocs\finalproject\system\Database\MySQLi\Connection.php:292
Stack trace:
#0 C:\xampp\htdocs\finalproject\system\Database\MySQLi\Connection.php(292): mysqli->query('UPDATE `cart` S...', 0)
#1 C:\xampp\htdocs\finalproject\system\Database\BaseConnection.php(666): CodeIgniter\Database\MySQLi\Connection->execute('UPDATE `cart` S...')
#2 C:\xampp\htdocs\finalproject\system\Database\BaseConnection.php(593): CodeIgniter\Database\BaseConnection->simpleQuery('UPDATE `cart` S...')
#3 C:\xampp\htdocs\finalproject\system\Database\BaseBuilder.php(2079): CodeIgniter\Database\BaseConnection->query('UPDATE `cart` S...', Array, false)
#4 C:\xampp\htdocs\finalproject\system\Model.php(338): CodeIgniter\Database\BaseBuilder->update()
#5 C:\xampp\htdocs\finalproject\system\BaseModel.php(886): CodeIgniter\Model->doUpdate(Array, Array)
#6 C:\xampp\htdocs\finalproject\system\Model.php(693): CodeIgniter\BaseModel->update(Array, Array)
#7 C:\xampp\htdocs\finalproject\system\BaseModel.php(657): CodeIgniter\Model->update('4', Array)
#8 C:\xampp\htdocs\finalproject\app\Controllers\CartController.php(29): CodeIgniter\BaseModel->save(Array)
#9 C:\xampp\htdocs\finalproject\system\CodeIgniter.php(927): App\Controllers\CartController->addtocart()
#10 C:\xampp\htdocs\finalproject\system\CodeIgniter.php(482): CodeIgniter\CodeIgniter->runController(Object(App\Controllers\CartController))
#11 C:\xampp\htdocs\finalproject\system\CodeIgniter.php(351): CodeIgniter\CodeIgniter->handleRequest(NULL, Object(Config\Cache), false)
#12 C:\xampp\htdocs\finalproject\public\index.php(67): CodeIgniter\CodeIgniter->run()
#13 C:\xampp\htdocs\finalproject\system\Commands\Server\rewrite.php(46): require_once('C:\\xampp\\htdocs...')
#14 {main}
CRITICAL - 2022-12-13 09:23:30 --> Unknown column 'status' in 'field list'
in SYSTEMPATH\Database\MySQLi\Connection.php on line 292.
 1 SYSTEMPATH\Database\MySQLi\Connection.php(292): mysqli->query('UPDATE `cart` SET `product_name` = \'Simple Boquet\', `price` = \'500\', `status` = \'added\'
WHERE `cart`.`id` IN (\'4\')', 0)
 2 SYSTEMPATH\Database\BaseConnection.php(666): CodeIgniter\Database\MySQLi\Connection->execute('UPDATE `cart` SET `product_name` = \'Simple Boquet\', `price` = \'500\', `status` = \'added\'
WHERE `cart`.`id` IN (\'4\')')
 3 SYSTEMPATH\Database\BaseConnection.php(593): CodeIgniter\Database\BaseConnection->simpleQuery('UPDATE `cart` SET `product_name` = \'Simple Boquet\', `price` = \'500\', `status` = \'added\'
WHERE `cart`.`id` IN (\'4\')')
 4 SYSTEMPATH\Database\BaseBuilder.php(2079): CodeIgniter\Database\BaseConnection->query('UPDATE `cart` SET `product_name` = :product_name:, `price` = :price:, `status` = :status:
WHERE `cart`.`id` IN :cart.id:', [...], false)
 5 SYSTEMPATH\Model.php(338): CodeIgniter\Database\BaseBuilder->update()
 6 SYSTEMPATH\BaseModel.php(886): CodeIgniter\Model->doUpdate([...], [...])
 7 SYSTEMPATH\Model.php(693): CodeIgniter\BaseModel->update([...], [...])
 8 SYSTEMPATH\BaseModel.php(657): CodeIgniter\Model->update('4', [...])
 9 APPPATH\Controllers\CartController.php(29): CodeIgniter\BaseModel->save([...])
10 SYSTEMPATH\CodeIgniter.php(927): App\Controllers\CartController->addtocart()
11 SYSTEMPATH\CodeIgniter.php(482): CodeIgniter\CodeIgniter->runController(Object(App\Controllers\CartController))
12 SYSTEMPATH\CodeIgniter.php(351): CodeIgniter\CodeIgniter->handleRequest(null, Object(Config\Cache), false)
13 FCPATH\index.php(67): CodeIgniter\CodeIgniter->run()
14 SYSTEMPATH\Commands\Server\rewrite.php(46): require_once('FCPATH\\index.php')
