CRITICAL - 2023-08-27 21:15:35 --> Undefined variable $lastname
in APPPATH\Controllers\Orders.php on line 178.
 1 APPPATH\Controllers\Orders.php(178): CodeIgniter\Debug\Exceptions->errorHandler(2, 'Undefined variable $lastname', 'APPPATH\\Controllers\\Orders.php', 178)
 2 SYSTEMPATH\CodeIgniter.php(927): App\Controllers\Orders->ordersupdate('2')
 3 SYSTEMPATH\CodeIgniter.php(482): CodeIgniter\CodeIgniter->runController(Object(App\Controllers\Orders))
 4 SYSTEMPATH\CodeIgniter.php(351): CodeIgniter\CodeIgniter->handleRequest(null, Object(Config\Cache), false)
 5 FCPATH\index.php(67): CodeIgniter\CodeIgniter->run()
 6 SYSTEMPATH\Commands\Server\rewrite.php(46): require_once('FCPATH\\index.php')
CRITICAL - 2023-08-27 22:50:46 --> Undefined variable $orderItems
in APPPATH\Views\admin\orders\pending_orders.php on line 289.
 1 APPPATH\Views\admin\orders\pending_orders.php(289): CodeIgniter\Debug\Exceptions->errorHandler(2, 'Undefined variable $orderItems', 'APPPATH\\Views\\admin\\orders\\pending_orders.php', 289)
 2 SYSTEMPATH\View\View.php(213): include('APPPATH\\Views\\admin\\orders\\pending_orders.php')
 3 SYSTEMPATH\View\View.php(216): CodeIgniter\View\View->CodeIgniter\View\{closure}()
 4 SYSTEMPATH\Common.php(1134): CodeIgniter\View\View->render('admin/orders/pending_orders', [], true)
 5 APPPATH\Controllers\Orders.php(696): view('admin/orders/pending_orders', [...])
 6 SYSTEMPATH\CodeIgniter.php(927): App\Controllers\Orders->pending_orders()
 7 SYSTEMPATH\CodeIgniter.php(482): CodeIgniter\CodeIgniter->runController(Object(App\Controllers\Orders))
 8 SYSTEMPATH\CodeIgniter.php(351): CodeIgniter\CodeIgniter->handleRequest(null, Object(Config\Cache), false)
 9 FCPATH\index.php(67): CodeIgniter\CodeIgniter->run()
10 SYSTEMPATH\Commands\Server\rewrite.php(46): require_once('FCPATH\\index.php')
CRITICAL - 2023-08-27 22:56:55 --> Undefined variable $itemQty
in APPPATH\Views\admin\orders\pending_orders.php on line 293.
 1 APPPATH\Views\admin\orders\pending_orders.php(293): CodeIgniter\Debug\Exceptions->errorHandler(2, 'Undefined variable $itemQty', 'APPPATH\\Views\\admin\\orders\\pending_orders.php', 293)
 2 SYSTEMPATH\View\View.php(213): include('APPPATH\\Views\\admin\\orders\\pending_orders.php')
 3 SYSTEMPATH\View\View.php(216): CodeIgniter\View\View->CodeIgniter\View\{closure}()
 4 SYSTEMPATH\Common.php(1134): CodeIgniter\View\View->render('admin/orders/pending_orders', [], true)
 5 APPPATH\Controllers\Orders.php(696): view('admin/orders/pending_orders', [...])
 6 SYSTEMPATH\CodeIgniter.php(927): App\Controllers\Orders->pending_orders()
 7 SYSTEMPATH\CodeIgniter.php(482): CodeIgniter\CodeIgniter->runController(Object(App\Controllers\Orders))
 8 SYSTEMPATH\CodeIgniter.php(351): CodeIgniter\CodeIgniter->handleRequest(null, Object(Config\Cache), false)
 9 FCPATH\index.php(67): CodeIgniter\CodeIgniter->run()
10 SYSTEMPATH\Commands\Server\rewrite.php(46): require_once('FCPATH\\index.php')
CRITICAL - 2023-08-27 22:57:32 --> Unmatched '}'
in APPPATH\Views\admin\orders\pending_orders.php on line 354.
 1 SYSTEMPATH\View\View.php(216): CodeIgniter\View\View->CodeIgniter\View\{closure}()
 2 SYSTEMPATH\Common.php(1134): CodeIgniter\View\View->render('admin/orders/pending_orders', [], true)
 3 APPPATH\Controllers\Orders.php(696): view('admin/orders/pending_orders', [...])
 4 SYSTEMPATH\CodeIgniter.php(927): App\Controllers\Orders->pending_orders()
 5 SYSTEMPATH\CodeIgniter.php(482): CodeIgniter\CodeIgniter->runController(Object(App\Controllers\Orders))
 6 SYSTEMPATH\CodeIgniter.php(351): CodeIgniter\CodeIgniter->handleRequest(null, Object(Config\Cache), false)
 7 FCPATH\index.php(67): CodeIgniter\CodeIgniter->run()
 8 SYSTEMPATH\Commands\Server\rewrite.php(46): require_once('FCPATH\\index.php')
CRITICAL - 2023-08-27 23:05:01 --> Undefined array key "order_amount"
in APPPATH\Views\admin\orders\pending_orders.php on line 298.
 1 APPPATH\Views\admin\orders\pending_orders.php(298): CodeIgniter\Debug\Exceptions->errorHandler(2, 'Undefined array key "order_amount"', 'APPPATH\\Views\\admin\\orders\\pending_orders.php', 298)
 2 SYSTEMPATH\View\View.php(213): include('APPPATH\\Views\\admin\\orders\\pending_orders.php')
 3 SYSTEMPATH\View\View.php(216): CodeIgniter\View\View->CodeIgniter\View\{closure}()
 4 SYSTEMPATH\Common.php(1134): CodeIgniter\View\View->render('admin/orders/pending_orders', [], true)
 5 APPPATH\Controllers\Orders.php(696): view('admin/orders/pending_orders', [...])
 6 SYSTEMPATH\CodeIgniter.php(927): App\Controllers\Orders->pending_orders()
 7 SYSTEMPATH\CodeIgniter.php(482): CodeIgniter\CodeIgniter->runController(Object(App\Controllers\Orders))
 8 SYSTEMPATH\CodeIgniter.php(351): CodeIgniter\CodeIgniter->handleRequest(null, Object(Config\Cache), false)
 9 FCPATH\index.php(67): CodeIgniter\CodeIgniter->run()
10 SYSTEMPATH\Commands\Server\rewrite.php(46): require_once('FCPATH\\index.php')
CRITICAL - 2023-08-27 23:24:47 --> Undefined variable $Order_Item_model
in APPPATH\Controllers\Orders.php on line 40.
 1 APPPATH\Controllers\Orders.php(40): CodeIgniter\Debug\Exceptions->errorHandler(2, 'Undefined variable $Order_Item_model', 'APPPATH\\Controllers\\Orders.php', 40)
 2 SYSTEMPATH\CodeIgniter.php(927): App\Controllers\Orders->ordersupdate('3')
 3 SYSTEMPATH\CodeIgniter.php(482): CodeIgniter\CodeIgniter->runController(Object(App\Controllers\Orders))
 4 SYSTEMPATH\CodeIgniter.php(351): CodeIgniter\CodeIgniter->handleRequest(null, Object(Config\Cache), false)
 5 FCPATH\index.php(67): CodeIgniter\CodeIgniter->run()
 6 SYSTEMPATH\Commands\Server\rewrite.php(46): require_once('FCPATH\\index.php')
CRITICAL - 2023-08-27 23:25:39 --> Undefined variable $order
in APPPATH\Controllers\Orders.php on line 42.
 1 APPPATH\Controllers\Orders.php(42): CodeIgniter\Debug\Exceptions->errorHandler(2, 'Undefined variable $order', 'APPPATH\\Controllers\\Orders.php', 42)
 2 SYSTEMPATH\CodeIgniter.php(927): App\Controllers\Orders->ordersupdate('3')
 3 SYSTEMPATH\CodeIgniter.php(482): CodeIgniter\CodeIgniter->runController(Object(App\Controllers\Orders))
 4 SYSTEMPATH\CodeIgniter.php(351): CodeIgniter\CodeIgniter->handleRequest(null, Object(Config\Cache), false)
 5 FCPATH\index.php(67): CodeIgniter\CodeIgniter->run()
 6 SYSTEMPATH\Commands\Server\rewrite.php(46): require_once('FCPATH\\index.php')
CRITICAL - 2023-08-27 23:30:42 --> Undefined variable $orderItem
in APPPATH\Views\admin\orders\pending_orders.php on line 295.
 1 APPPATH\Views\admin\orders\pending_orders.php(295): CodeIgniter\Debug\Exceptions->errorHandler(2, 'Undefined variable $orderItem', 'APPPATH\\Views\\admin\\orders\\pending_orders.php', 295)
 2 SYSTEMPATH\View\View.php(213): include('APPPATH\\Views\\admin\\orders\\pending_orders.php')
 3 SYSTEMPATH\View\View.php(216): CodeIgniter\View\View->CodeIgniter\View\{closure}()
 4 SYSTEMPATH\Common.php(1134): CodeIgniter\View\View->render('admin/orders/pending_orders', [], true)
 5 APPPATH\Controllers\Orders.php(706): view('admin/orders/pending_orders', [...])
 6 SYSTEMPATH\CodeIgniter.php(927): App\Controllers\Orders->pending_orders()
 7 SYSTEMPATH\CodeIgniter.php(482): CodeIgniter\CodeIgniter->runController(Object(App\Controllers\Orders))
 8 SYSTEMPATH\CodeIgniter.php(351): CodeIgniter\CodeIgniter->handleRequest(null, Object(Config\Cache), false)
 9 FCPATH\index.php(67): CodeIgniter\CodeIgniter->run()
10 SYSTEMPATH\Commands\Server\rewrite.php(46): require_once('FCPATH\\index.php')
CRITICAL - 2023-08-27 23:30:43 --> Undefined variable $orderItem
in APPPATH\Views\admin\orders\pending_orders.php on line 295.
 1 APPPATH\Views\admin\orders\pending_orders.php(295): CodeIgniter\Debug\Exceptions->errorHandler(2, 'Undefined variable $orderItem', 'APPPATH\\Views\\admin\\orders\\pending_orders.php', 295)
 2 SYSTEMPATH\View\View.php(213): include('APPPATH\\Views\\admin\\orders\\pending_orders.php')
 3 SYSTEMPATH\View\View.php(216): CodeIgniter\View\View->CodeIgniter\View\{closure}()
 4 SYSTEMPATH\Common.php(1134): CodeIgniter\View\View->render('admin/orders/pending_orders', [], true)
 5 APPPATH\Controllers\Orders.php(706): view('admin/orders/pending_orders', [...])
 6 SYSTEMPATH\CodeIgniter.php(927): App\Controllers\Orders->pending_orders()
 7 SYSTEMPATH\CodeIgniter.php(482): CodeIgniter\CodeIgniter->runController(Object(App\Controllers\Orders))
 8 SYSTEMPATH\CodeIgniter.php(351): CodeIgniter\CodeIgniter->handleRequest(null, Object(Config\Cache), false)
 9 FCPATH\index.php(67): CodeIgniter\CodeIgniter->run()
10 SYSTEMPATH\Commands\Server\rewrite.php(46): require_once('FCPATH\\index.php')
CRITICAL - 2023-08-27 23:30:45 --> Undefined variable $orderItem
in APPPATH\Views\admin\orders\pending_orders.php on line 295.
 1 APPPATH\Views\admin\orders\pending_orders.php(295): CodeIgniter\Debug\Exceptions->errorHandler(2, 'Undefined variable $orderItem', 'APPPATH\\Views\\admin\\orders\\pending_orders.php', 295)
 2 SYSTEMPATH\View\View.php(213): include('APPPATH\\Views\\admin\\orders\\pending_orders.php')
 3 SYSTEMPATH\View\View.php(216): CodeIgniter\View\View->CodeIgniter\View\{closure}()
 4 SYSTEMPATH\Common.php(1134): CodeIgniter\View\View->render('admin/orders/pending_orders', [], true)
 5 APPPATH\Controllers\Orders.php(706): view('admin/orders/pending_orders', [...])
 6 SYSTEMPATH\CodeIgniter.php(927): App\Controllers\Orders->pending_orders()
 7 SYSTEMPATH\CodeIgniter.php(482): CodeIgniter\CodeIgniter->runController(Object(App\Controllers\Orders))
 8 SYSTEMPATH\CodeIgniter.php(351): CodeIgniter\CodeIgniter->handleRequest(null, Object(Config\Cache), false)
 9 FCPATH\index.php(67): CodeIgniter\CodeIgniter->run()
10 SYSTEMPATH\Commands\Server\rewrite.php(46): require_once('FCPATH\\index.php')
CRITICAL - 2023-08-27 23:31:05 --> Undefined variable $orderItem
in APPPATH\Views\admin\orders\pending_orders.php on line 295.
 1 APPPATH\Views\admin\orders\pending_orders.php(295): CodeIgniter\Debug\Exceptions->errorHandler(2, 'Undefined variable $orderItem', 'APPPATH\\Views\\admin\\orders\\pending_orders.php', 295)
 2 SYSTEMPATH\View\View.php(213): include('APPPATH\\Views\\admin\\orders\\pending_orders.php')
 3 SYSTEMPATH\View\View.php(216): CodeIgniter\View\View->CodeIgniter\View\{closure}()
 4 SYSTEMPATH\Common.php(1134): CodeIgniter\View\View->render('admin/orders/pending_orders', [], true)
 5 APPPATH\Controllers\Orders.php(706): view('admin/orders/pending_orders', [...])
 6 SYSTEMPATH\CodeIgniter.php(927): App\Controllers\Orders->pending_orders()
 7 SYSTEMPATH\CodeIgniter.php(482): CodeIgniter\CodeIgniter->runController(Object(App\Controllers\Orders))
 8 SYSTEMPATH\CodeIgniter.php(351): CodeIgniter\CodeIgniter->handleRequest(null, Object(Config\Cache), false)
 9 FCPATH\index.php(67): CodeIgniter\CodeIgniter->run()
10 SYSTEMPATH\Commands\Server\rewrite.php(46): require_once('FCPATH\\index.php')
CRITICAL - 2023-08-27 23:31:12 --> Array to string conversion
in APPPATH\Views\admin\orders\pending_orders.php on line 298.
 1 APPPATH\Views\admin\orders\pending_orders.php(298): CodeIgniter\Debug\Exceptions->errorHandler(2, 'Array to string conversion', 'APPPATH\\Views\\admin\\orders\\pending_orders.php', 298)
 2 SYSTEMPATH\View\View.php(213): include('APPPATH\\Views\\admin\\orders\\pending_orders.php')
 3 SYSTEMPATH\View\View.php(216): CodeIgniter\View\View->CodeIgniter\View\{closure}()
 4 SYSTEMPATH\Common.php(1134): CodeIgniter\View\View->render('admin/orders/pending_orders', [], true)
 5 APPPATH\Controllers\Orders.php(706): view('admin/orders/pending_orders', [...])
 6 SYSTEMPATH\CodeIgniter.php(927): App\Controllers\Orders->pending_orders()
 7 SYSTEMPATH\CodeIgniter.php(482): CodeIgniter\CodeIgniter->runController(Object(App\Controllers\Orders))
 8 SYSTEMPATH\CodeIgniter.php(351): CodeIgniter\CodeIgniter->handleRequest(null, Object(Config\Cache), false)
 9 FCPATH\index.php(67): CodeIgniter\CodeIgniter->run()
10 SYSTEMPATH\Commands\Server\rewrite.php(46): require_once('FCPATH\\index.php')
ERROR - 2023-08-27 23:31:43 --> mysqli_sql_exception: Operand should contain 1 column(s) in C:\xampp\htdocs\Florist-Event-Reservation-Ordering\system\Database\MySQLi\Connection.php:292
Stack trace:
#0 C:\xampp\htdocs\Florist-Event-Reservation-Ordering\system\Database\MySQLi\Connection.php(292): mysqli->query('UPDATE `orderda...', 0)
#1 C:\xampp\htdocs\Florist-Event-Reservation-Ordering\system\Database\BaseConnection.php(666): CodeIgniter\Database\MySQLi\Connection->execute('UPDATE `orderda...')
#2 C:\xampp\htdocs\Florist-Event-Reservation-Ordering\system\Database\BaseConnection.php(593): CodeIgniter\Database\BaseConnection->simpleQuery('UPDATE `orderda...')
#3 C:\xampp\htdocs\Florist-Event-Reservation-Ordering\system\Database\BaseBuilder.php(2079): CodeIgniter\Database\BaseConnection->query('UPDATE `orderda...', Array, false)
#4 C:\xampp\htdocs\Florist-Event-Reservation-Ordering\system\Model.php(338): CodeIgniter\Database\BaseBuilder->update()
#5 C:\xampp\htdocs\Florist-Event-Reservation-Ordering\system\BaseModel.php(886): CodeIgniter\Model->doUpdate(Array, Array)
#6 C:\xampp\htdocs\Florist-Event-Reservation-Ordering\system\Model.php(693): CodeIgniter\BaseModel->update(Array, Array)
#7 C:\xampp\htdocs\Florist-Event-Reservation-Ordering\app\Controllers\Orders.php(61): CodeIgniter\Model->update('3', Array)
#8 C:\xampp\htdocs\Florist-Event-Reservation-Ordering\system\CodeIgniter.php(927): App\Controllers\Orders->ordersupdate('3')
#9 C:\xampp\htdocs\Florist-Event-Reservation-Ordering\system\CodeIgniter.php(482): CodeIgniter\CodeIgniter->runController(Object(App\Controllers\Orders))
#10 C:\xampp\htdocs\Florist-Event-Reservation-Ordering\system\CodeIgniter.php(351): CodeIgniter\CodeIgniter->handleRequest(NULL, Object(Config\Cache), false)
#11 C:\xampp\htdocs\Florist-Event-Reservation-Ordering\public\index.php(67): CodeIgniter\CodeIgniter->run()
#12 C:\xampp\htdocs\Florist-Event-Reservation-Ordering\system\Commands\Server\rewrite.php(46): require_once('C:\\xampp\\htdocs...')
#13 {main}
CRITICAL - 2023-08-27 23:31:43 --> Operand should contain 1 column(s)
in SYSTEMPATH\Database\MySQLi\Connection.php on line 292.
 1 SYSTEMPATH\Database\MySQLi\Connection.php(292): mysqli->query('UPDATE `orderdata` SET `order_status` = \'To Pay\', `order_amount` = (\'2250\',\'2250\')
WHERE `orderdata`.`id` IN (\'3\')', 0)
 2 SYSTEMPATH\Database\BaseConnection.php(666): CodeIgniter\Database\MySQLi\Connection->execute('UPDATE `orderdata` SET `order_status` = \'To Pay\', `order_amount` = (\'2250\',\'2250\')
WHERE `orderdata`.`id` IN (\'3\')')
 3 SYSTEMPATH\Database\BaseConnection.php(593): CodeIgniter\Database\BaseConnection->simpleQuery('UPDATE `orderdata` SET `order_status` = \'To Pay\', `order_amount` = (\'2250\',\'2250\')
WHERE `orderdata`.`id` IN (\'3\')')
 4 SYSTEMPATH\Database\BaseBuilder.php(2079): CodeIgniter\Database\BaseConnection->query('UPDATE `orderdata` SET `order_status` = :order_status:, `order_amount` = :order_amount:
WHERE `orderdata`.`id` IN :orderdata.id:', [...], false)
 5 SYSTEMPATH\Model.php(338): CodeIgniter\Database\BaseBuilder->update()
 6 SYSTEMPATH\BaseModel.php(886): CodeIgniter\Model->doUpdate([...], [...])
 7 SYSTEMPATH\Model.php(693): CodeIgniter\BaseModel->update([...], [...])
 8 APPPATH\Controllers\Orders.php(61): CodeIgniter\Model->update('3', [...])
 9 SYSTEMPATH\CodeIgniter.php(927): App\Controllers\Orders->ordersupdate('3')
10 SYSTEMPATH\CodeIgniter.php(482): CodeIgniter\CodeIgniter->runController(Object(App\Controllers\Orders))
11 SYSTEMPATH\CodeIgniter.php(351): CodeIgniter\CodeIgniter->handleRequest(null, Object(Config\Cache), false)
12 FCPATH\index.php(67): CodeIgniter\CodeIgniter->run()
13 SYSTEMPATH\Commands\Server\rewrite.php(46): require_once('FCPATH\\index.php')
ERROR - 2023-08-27 23:32:35 --> mysqli_sql_exception: Operand should contain 1 column(s) in C:\xampp\htdocs\Florist-Event-Reservation-Ordering\system\Database\MySQLi\Connection.php:292
Stack trace:
#0 C:\xampp\htdocs\Florist-Event-Reservation-Ordering\system\Database\MySQLi\Connection.php(292): mysqli->query('UPDATE `orderda...', 0)
#1 C:\xampp\htdocs\Florist-Event-Reservation-Ordering\system\Database\BaseConnection.php(666): CodeIgniter\Database\MySQLi\Connection->execute('UPDATE `orderda...')
#2 C:\xampp\htdocs\Florist-Event-Reservation-Ordering\system\Database\BaseConnection.php(593): CodeIgniter\Database\BaseConnection->simpleQuery('UPDATE `orderda...')
#3 C:\xampp\htdocs\Florist-Event-Reservation-Ordering\system\Database\BaseBuilder.php(2079): CodeIgniter\Database\BaseConnection->query('UPDATE `orderda...', Array, false)
#4 C:\xampp\htdocs\Florist-Event-Reservation-Ordering\system\Model.php(338): CodeIgniter\Database\BaseBuilder->update()
#5 C:\xampp\htdocs\Florist-Event-Reservation-Ordering\system\BaseModel.php(886): CodeIgniter\Model->doUpdate(Array, Array)
#6 C:\xampp\htdocs\Florist-Event-Reservation-Ordering\system\Model.php(693): CodeIgniter\BaseModel->update(Array, Array)
#7 C:\xampp\htdocs\Florist-Event-Reservation-Ordering\app\Controllers\Orders.php(61): CodeIgniter\Model->update('3', Array)
#8 C:\xampp\htdocs\Florist-Event-Reservation-Ordering\system\CodeIgniter.php(927): App\Controllers\Orders->ordersupdate('3')
#9 C:\xampp\htdocs\Florist-Event-Reservation-Ordering\system\CodeIgniter.php(482): CodeIgniter\CodeIgniter->runController(Object(App\Controllers\Orders))
#10 C:\xampp\htdocs\Florist-Event-Reservation-Ordering\system\CodeIgniter.php(351): CodeIgniter\CodeIgniter->handleRequest(NULL, Object(Config\Cache), false)
#11 C:\xampp\htdocs\Florist-Event-Reservation-Ordering\public\index.php(67): CodeIgniter\CodeIgniter->run()
#12 C:\xampp\htdocs\Florist-Event-Reservation-Ordering\system\Commands\Server\rewrite.php(46): require_once('C:\\xampp\\htdocs...')
#13 {main}
CRITICAL - 2023-08-27 23:32:35 --> Operand should contain 1 column(s)
in SYSTEMPATH\Database\MySQLi\Connection.php on line 292.
 1 SYSTEMPATH\Database\MySQLi\Connection.php(292): mysqli->query('UPDATE `orderdata` SET `order_status` = \'To Pay\', `order_amount` = (\'2250\',\'2250\')
WHERE `orderdata`.`id` IN (\'3\')', 0)
 2 SYSTEMPATH\Database\BaseConnection.php(666): CodeIgniter\Database\MySQLi\Connection->execute('UPDATE `orderdata` SET `order_status` = \'To Pay\', `order_amount` = (\'2250\',\'2250\')
WHERE `orderdata`.`id` IN (\'3\')')
 3 SYSTEMPATH\Database\BaseConnection.php(593): CodeIgniter\Database\BaseConnection->simpleQuery('UPDATE `orderdata` SET `order_status` = \'To Pay\', `order_amount` = (\'2250\',\'2250\')
WHERE `orderdata`.`id` IN (\'3\')')
 4 SYSTEMPATH\Database\BaseBuilder.php(2079): CodeIgniter\Database\BaseConnection->query('UPDATE `orderdata` SET `order_status` = :order_status:, `order_amount` = :order_amount:
WHERE `orderdata`.`id` IN :orderdata.id:', [...], false)
 5 SYSTEMPATH\Model.php(338): CodeIgniter\Database\BaseBuilder->update()
 6 SYSTEMPATH\BaseModel.php(886): CodeIgniter\Model->doUpdate([...], [...])
 7 SYSTEMPATH\Model.php(693): CodeIgniter\BaseModel->update([...], [...])
 8 APPPATH\Controllers\Orders.php(61): CodeIgniter\Model->update('3', [...])
 9 SYSTEMPATH\CodeIgniter.php(927): App\Controllers\Orders->ordersupdate('3')
10 SYSTEMPATH\CodeIgniter.php(482): CodeIgniter\CodeIgniter->runController(Object(App\Controllers\Orders))
11 SYSTEMPATH\CodeIgniter.php(351): CodeIgniter\CodeIgniter->handleRequest(null, Object(Config\Cache), false)
12 FCPATH\index.php(67): CodeIgniter\CodeIgniter->run()
13 SYSTEMPATH\Commands\Server\rewrite.php(46): require_once('FCPATH\\index.php')
ERROR - 2023-08-27 23:33:01 --> mysqli_sql_exception: Operand should contain 1 column(s) in C:\xampp\htdocs\Florist-Event-Reservation-Ordering\system\Database\MySQLi\Connection.php:292
Stack trace:
#0 C:\xampp\htdocs\Florist-Event-Reservation-Ordering\system\Database\MySQLi\Connection.php(292): mysqli->query('UPDATE `orderda...', 0)
#1 C:\xampp\htdocs\Florist-Event-Reservation-Ordering\system\Database\BaseConnection.php(666): CodeIgniter\Database\MySQLi\Connection->execute('UPDATE `orderda...')
#2 C:\xampp\htdocs\Florist-Event-Reservation-Ordering\system\Database\BaseConnection.php(593): CodeIgniter\Database\BaseConnection->simpleQuery('UPDATE `orderda...')
#3 C:\xampp\htdocs\Florist-Event-Reservation-Ordering\system\Database\BaseBuilder.php(2079): CodeIgniter\Database\BaseConnection->query('UPDATE `orderda...', Array, false)
#4 C:\xampp\htdocs\Florist-Event-Reservation-Ordering\system\Model.php(338): CodeIgniter\Database\BaseBuilder->update()
#5 C:\xampp\htdocs\Florist-Event-Reservation-Ordering\system\BaseModel.php(886): CodeIgniter\Model->doUpdate(Array, Array)
#6 C:\xampp\htdocs\Florist-Event-Reservation-Ordering\system\Model.php(693): CodeIgniter\BaseModel->update(Array, Array)
#7 C:\xampp\htdocs\Florist-Event-Reservation-Ordering\app\Controllers\Orders.php(60): CodeIgniter\Model->update('3', Array)
#8 C:\xampp\htdocs\Florist-Event-Reservation-Ordering\system\CodeIgniter.php(927): App\Controllers\Orders->ordersupdate('3')
#9 C:\xampp\htdocs\Florist-Event-Reservation-Ordering\system\CodeIgniter.php(482): CodeIgniter\CodeIgniter->runController(Object(App\Controllers\Orders))
#10 C:\xampp\htdocs\Florist-Event-Reservation-Ordering\system\CodeIgniter.php(351): CodeIgniter\CodeIgniter->handleRequest(NULL, Object(Config\Cache), false)
#11 C:\xampp\htdocs\Florist-Event-Reservation-Ordering\public\index.php(67): CodeIgniter\CodeIgniter->run()
#12 C:\xampp\htdocs\Florist-Event-Reservation-Ordering\system\Commands\Server\rewrite.php(46): require_once('C:\\xampp\\htdocs...')
#13 {main}
CRITICAL - 2023-08-27 23:33:01 --> Operand should contain 1 column(s)
in SYSTEMPATH\Database\MySQLi\Connection.php on line 292.
 1 SYSTEMPATH\Database\MySQLi\Connection.php(292): mysqli->query('UPDATE `orderdata` SET `order_status` = \'To Pay\', `order_amount` = (\'2250\',\'2250\')
WHERE `orderdata`.`id` IN (\'3\')', 0)
 2 SYSTEMPATH\Database\BaseConnection.php(666): CodeIgniter\Database\MySQLi\Connection->execute('UPDATE `orderdata` SET `order_status` = \'To Pay\', `order_amount` = (\'2250\',\'2250\')
WHERE `orderdata`.`id` IN (\'3\')')
 3 SYSTEMPATH\Database\BaseConnection.php(593): CodeIgniter\Database\BaseConnection->simpleQuery('UPDATE `orderdata` SET `order_status` = \'To Pay\', `order_amount` = (\'2250\',\'2250\')
WHERE `orderdata`.`id` IN (\'3\')')
 4 SYSTEMPATH\Database\BaseBuilder.php(2079): CodeIgniter\Database\BaseConnection->query('UPDATE `orderdata` SET `order_status` = :order_status:, `order_amount` = :order_amount:
WHERE `orderdata`.`id` IN :orderdata.id:', [...], false)
 5 SYSTEMPATH\Model.php(338): CodeIgniter\Database\BaseBuilder->update()
 6 SYSTEMPATH\BaseModel.php(886): CodeIgniter\Model->doUpdate([...], [...])
 7 SYSTEMPATH\Model.php(693): CodeIgniter\BaseModel->update([...], [...])
 8 APPPATH\Controllers\Orders.php(60): CodeIgniter\Model->update('3', [...])
 9 SYSTEMPATH\CodeIgniter.php(927): App\Controllers\Orders->ordersupdate('3')
10 SYSTEMPATH\CodeIgniter.php(482): CodeIgniter\CodeIgniter->runController(Object(App\Controllers\Orders))
11 SYSTEMPATH\CodeIgniter.php(351): CodeIgniter\CodeIgniter->handleRequest(null, Object(Config\Cache), false)
12 FCPATH\index.php(67): CodeIgniter\CodeIgniter->run()
13 SYSTEMPATH\Commands\Server\rewrite.php(46): require_once('FCPATH\\index.php')
CRITICAL - 2023-08-27 23:35:34 --> Undefined variable $order
in APPPATH\Controllers\Orders.php on line 41.
 1 APPPATH\Controllers\Orders.php(41): CodeIgniter\Debug\Exceptions->errorHandler(2, 'Undefined variable $order', 'APPPATH\\Controllers\\Orders.php', 41)
 2 SYSTEMPATH\CodeIgniter.php(927): App\Controllers\Orders->ordersupdate('3')
 3 SYSTEMPATH\CodeIgniter.php(482): CodeIgniter\CodeIgniter->runController(Object(App\Controllers\Orders))
 4 SYSTEMPATH\CodeIgniter.php(351): CodeIgniter\CodeIgniter->handleRequest(null, Object(Config\Cache), false)
 5 FCPATH\index.php(67): CodeIgniter\CodeIgniter->run()
 6 SYSTEMPATH\Commands\Server\rewrite.php(46): require_once('FCPATH\\index.php')
ERROR - 2023-08-27 23:36:35 --> mysqli_sql_exception: Operand should contain 1 column(s) in C:\xampp\htdocs\Florist-Event-Reservation-Ordering\system\Database\MySQLi\Connection.php:292
Stack trace:
#0 C:\xampp\htdocs\Florist-Event-Reservation-Ordering\system\Database\MySQLi\Connection.php(292): mysqli->query('UPDATE `orderda...', 0)
#1 C:\xampp\htdocs\Florist-Event-Reservation-Ordering\system\Database\BaseConnection.php(666): CodeIgniter\Database\MySQLi\Connection->execute('UPDATE `orderda...')
#2 C:\xampp\htdocs\Florist-Event-Reservation-Ordering\system\Database\BaseConnection.php(593): CodeIgniter\Database\BaseConnection->simpleQuery('UPDATE `orderda...')
#3 C:\xampp\htdocs\Florist-Event-Reservation-Ordering\system\Database\BaseBuilder.php(2079): CodeIgniter\Database\BaseConnection->query('UPDATE `orderda...', Array, false)
#4 C:\xampp\htdocs\Florist-Event-Reservation-Ordering\system\Model.php(338): CodeIgniter\Database\BaseBuilder->update()
#5 C:\xampp\htdocs\Florist-Event-Reservation-Ordering\system\BaseModel.php(886): CodeIgniter\Model->doUpdate(Array, Array)
#6 C:\xampp\htdocs\Florist-Event-Reservation-Ordering\system\Model.php(693): CodeIgniter\BaseModel->update(Array, Array)
#7 C:\xampp\htdocs\Florist-Event-Reservation-Ordering\app\Controllers\Orders.php(61): CodeIgniter\Model->update('3', Array)
#8 C:\xampp\htdocs\Florist-Event-Reservation-Ordering\system\CodeIgniter.php(927): App\Controllers\Orders->ordersupdate('3')
#9 C:\xampp\htdocs\Florist-Event-Reservation-Ordering\system\CodeIgniter.php(482): CodeIgniter\CodeIgniter->runController(Object(App\Controllers\Orders))
#10 C:\xampp\htdocs\Florist-Event-Reservation-Ordering\system\CodeIgniter.php(351): CodeIgniter\CodeIgniter->handleRequest(NULL, Object(Config\Cache), false)
#11 C:\xampp\htdocs\Florist-Event-Reservation-Ordering\public\index.php(67): CodeIgniter\CodeIgniter->run()
#12 C:\xampp\htdocs\Florist-Event-Reservation-Ordering\system\Commands\Server\rewrite.php(46): require_once('C:\\xampp\\htdocs...')
#13 {main}
CRITICAL - 2023-08-27 23:36:35 --> Operand should contain 1 column(s)
in SYSTEMPATH\Database\MySQLi\Connection.php on line 292.
 1 SYSTEMPATH\Database\MySQLi\Connection.php(292): mysqli->query('UPDATE `orderdata` SET `order_status` = \'To Pay\', `order_amount` = (\'2250\',\'2250\')
WHERE `orderdata`.`id` IN (\'3\')', 0)
 2 SYSTEMPATH\Database\BaseConnection.php(666): CodeIgniter\Database\MySQLi\Connection->execute('UPDATE `orderdata` SET `order_status` = \'To Pay\', `order_amount` = (\'2250\',\'2250\')
WHERE `orderdata`.`id` IN (\'3\')')
 3 SYSTEMPATH\Database\BaseConnection.php(593): CodeIgniter\Database\BaseConnection->simpleQuery('UPDATE `orderdata` SET `order_status` = \'To Pay\', `order_amount` = (\'2250\',\'2250\')
WHERE `orderdata`.`id` IN (\'3\')')
 4 SYSTEMPATH\Database\BaseBuilder.php(2079): CodeIgniter\Database\BaseConnection->query('UPDATE `orderdata` SET `order_status` = :order_status:, `order_amount` = :order_amount:
WHERE `orderdata`.`id` IN :orderdata.id:', [...], false)
 5 SYSTEMPATH\Model.php(338): CodeIgniter\Database\BaseBuilder->update()
 6 SYSTEMPATH\BaseModel.php(886): CodeIgniter\Model->doUpdate([...], [...])
 7 SYSTEMPATH\Model.php(693): CodeIgniter\BaseModel->update([...], [...])
 8 APPPATH\Controllers\Orders.php(61): CodeIgniter\Model->update('3', [...])
 9 SYSTEMPATH\CodeIgniter.php(927): App\Controllers\Orders->ordersupdate('3')
10 SYSTEMPATH\CodeIgniter.php(482): CodeIgniter\CodeIgniter->runController(Object(App\Controllers\Orders))
11 SYSTEMPATH\CodeIgniter.php(351): CodeIgniter\CodeIgniter->handleRequest(null, Object(Config\Cache), false)
12 FCPATH\index.php(67): CodeIgniter\CodeIgniter->run()
13 SYSTEMPATH\Commands\Server\rewrite.php(46): require_once('FCPATH\\index.php')
CRITICAL - 2023-08-27 23:42:09 --> Undefined variable $orderItems
in APPPATH\Controllers\Orders.php on line 50.
 1 APPPATH\Controllers\Orders.php(50): CodeIgniter\Debug\Exceptions->errorHandler(2, 'Undefined variable $orderItems', 'APPPATH\\Controllers\\Orders.php', 50)
 2 SYSTEMPATH\CodeIgniter.php(927): App\Controllers\Orders->ordersupdate('3')
 3 SYSTEMPATH\CodeIgniter.php(482): CodeIgniter\CodeIgniter->runController(Object(App\Controllers\Orders))
 4 SYSTEMPATH\CodeIgniter.php(351): CodeIgniter\CodeIgniter->handleRequest(null, Object(Config\Cache), false)
 5 FCPATH\index.php(67): CodeIgniter\CodeIgniter->run()
 6 SYSTEMPATH\Commands\Server\rewrite.php(46): require_once('FCPATH\\index.php')
CRITICAL - 2023-08-27 23:43:14 --> Undefined variable $order
in APPPATH\Controllers\Orders.php on line 49.
 1 APPPATH\Controllers\Orders.php(49): CodeIgniter\Debug\Exceptions->errorHandler(2, 'Undefined variable $order', 'APPPATH\\Controllers\\Orders.php', 49)
 2 SYSTEMPATH\CodeIgniter.php(927): App\Controllers\Orders->ordersupdate('3')
 3 SYSTEMPATH\CodeIgniter.php(482): CodeIgniter\CodeIgniter->runController(Object(App\Controllers\Orders))
 4 SYSTEMPATH\CodeIgniter.php(351): CodeIgniter\CodeIgniter->handleRequest(null, Object(Config\Cache), false)
 5 FCPATH\index.php(67): CodeIgniter\CodeIgniter->run()
 6 SYSTEMPATH\Commands\Server\rewrite.php(46): require_once('FCPATH\\index.php')
CRITICAL - 2023-08-27 23:49:26 --> Undefined array key "item_total"
in APPPATH\Controllers\Orders.php on line 60.
 1 APPPATH\Controllers\Orders.php(60): CodeIgniter\Debug\Exceptions->errorHandler(2, 'Undefined array key "item_total"', 'APPPATH\\Controllers\\Orders.php', 60)
 2 SYSTEMPATH\CodeIgniter.php(927): App\Controllers\Orders->ordersupdate('3')
 3 SYSTEMPATH\CodeIgniter.php(482): CodeIgniter\CodeIgniter->runController(Object(App\Controllers\Orders))
 4 SYSTEMPATH\CodeIgniter.php(351): CodeIgniter\CodeIgniter->handleRequest(null, Object(Config\Cache), false)
 5 FCPATH\index.php(67): CodeIgniter\CodeIgniter->run()
 6 SYSTEMPATH\Commands\Server\rewrite.php(46): require_once('FCPATH\\index.php')
CRITICAL - 2023-08-27 23:51:45 --> Undefined variable $item_amounts
in APPPATH\Controllers\Orders.php on line 60.
 1 APPPATH\Controllers\Orders.php(60): CodeIgniter\Debug\Exceptions->errorHandler(2, 'Undefined variable $item_amounts', 'APPPATH\\Controllers\\Orders.php', 60)
 2 SYSTEMPATH\CodeIgniter.php(927): App\Controllers\Orders->ordersupdate('3')
 3 SYSTEMPATH\CodeIgniter.php(482): CodeIgniter\CodeIgniter->runController(Object(App\Controllers\Orders))
 4 SYSTEMPATH\CodeIgniter.php(351): CodeIgniter\CodeIgniter->handleRequest(null, Object(Config\Cache), false)
 5 FCPATH\index.php(67): CodeIgniter\CodeIgniter->run()
 6 SYSTEMPATH\Commands\Server\rewrite.php(46): require_once('FCPATH\\index.php')
CRITICAL - 2023-08-27 23:53:18 --> rtrim() expects at most 2 arguments, 4 given
in APPPATH\Controllers\Orders.php on line 65.
 1 APPPATH\Controllers\Orders.php(65): rtrim('BFS_26511300BFS_6201130011300900', '1130011300900', '1300900', ', ')
 2 SYSTEMPATH\CodeIgniter.php(927): App\Controllers\Orders->ordersupdate('3')
 3 SYSTEMPATH\CodeIgniter.php(482): CodeIgniter\CodeIgniter->runController(Object(App\Controllers\Orders))
 4 SYSTEMPATH\CodeIgniter.php(351): CodeIgniter\CodeIgniter->handleRequest(null, Object(Config\Cache), false)
 5 FCPATH\index.php(67): CodeIgniter\CodeIgniter->run()
 6 SYSTEMPATH\Commands\Server\rewrite.php(46): require_once('FCPATH\\index.php')
