CRITICAL - 2023-07-02 10:33:53 --> Undefined array key "CartQty"
in APPPATH\Views\home\homes.php on line 115.
 1 APPPATH\Views\home\homes.php(115): CodeIgniter\Debug\Exceptions->errorHandler(2, 'Undefined array key "CartQty"', 'APPPATH\\Views\\home\\homes.php', 115)
 2 SYSTEMPATH\View\View.php(213): include('APPPATH\\Views\\home\\homes.php')
 3 SYSTEMPATH\View\View.php(216): CodeIgniter\View\View->CodeIgniter\View\{closure}()
 4 SYSTEMPATH\Common.php(1134): CodeIgniter\View\View->render('home/homes', [], true)
 5 APPPATH\Controllers\Home.php(70): view('home/homes', [...])
 6 SYSTEMPATH\CodeIgniter.php(927): App\Controllers\Home->home()
 7 SYSTEMPATH\CodeIgniter.php(482): CodeIgniter\CodeIgniter->runController(Object(App\Controllers\Home))
 8 SYSTEMPATH\CodeIgniter.php(351): CodeIgniter\CodeIgniter->handleRequest(null, Object(Config\Cache), false)
 9 FCPATH\index.php(67): CodeIgniter\CodeIgniter->run()
10 SYSTEMPATH\Commands\Server\rewrite.php(46): require_once('FCPATH\\index.php')
CRITICAL - 2023-07-02 10:37:12 --> Undefined variable $product
in APPPATH\Controllers\Home.php on line 59.
 1 APPPATH\Controllers\Home.php(59): CodeIgniter\Debug\Exceptions->errorHandler(2, 'Undefined variable $product', 'APPPATH\\Controllers\\Home.php', 59)
 2 SYSTEMPATH\CodeIgniter.php(927): App\Controllers\Home->home()
 3 SYSTEMPATH\CodeIgniter.php(482): CodeIgniter\CodeIgniter->runController(Object(App\Controllers\Home))
 4 SYSTEMPATH\CodeIgniter.php(351): CodeIgniter\CodeIgniter->handleRequest(null, Object(Config\Cache), false)
 5 FCPATH\index.php(67): CodeIgniter\CodeIgniter->run()
 6 SYSTEMPATH\Commands\Server\rewrite.php(46): require_once('FCPATH\\index.php')
CRITICAL - 2023-07-02 10:37:22 --> Undefined array key "cart_cost"
in APPPATH\Views\home\homes.php on line 115.
 1 APPPATH\Views\home\homes.php(115): CodeIgniter\Debug\Exceptions->errorHandler(2, 'Undefined array key "cart_cost"', 'APPPATH\\Views\\home\\homes.php', 115)
 2 SYSTEMPATH\View\View.php(213): include('APPPATH\\Views\\home\\homes.php')
 3 SYSTEMPATH\View\View.php(216): CodeIgniter\View\View->CodeIgniter\View\{closure}()
 4 SYSTEMPATH\Common.php(1134): CodeIgniter\View\View->render('home/homes', [], true)
 5 APPPATH\Controllers\Home.php(70): view('home/homes', [...])
 6 SYSTEMPATH\CodeIgniter.php(927): App\Controllers\Home->home()
 7 SYSTEMPATH\CodeIgniter.php(482): CodeIgniter\CodeIgniter->runController(Object(App\Controllers\Home))
 8 SYSTEMPATH\CodeIgniter.php(351): CodeIgniter\CodeIgniter->handleRequest(null, Object(Config\Cache), false)
 9 FCPATH\index.php(67): CodeIgniter\CodeIgniter->run()
10 SYSTEMPATH\Commands\Server\rewrite.php(46): require_once('FCPATH\\index.php')
ERROR - 2023-07-02 10:38:15 --> mysqli_sql_exception: You have an error in your SQL syntax; check the manual that corresponds to your MariaDB server version for the right syntax to use near '*
FROM `product`
JOIN `cart` ON `cart`.`fk_product_id`= `product`.`id`
JOIN `...' at line 1 in C:\xampp\htdocs\Florist-Event-Reservation-Ordering\system\Database\MySQLi\Connection.php:292
Stack trace:
#0 C:\xampp\htdocs\Florist-Event-Reservation-Ordering\system\Database\MySQLi\Connection.php(292): mysqli->query('SELECT `product...', 0)
#1 C:\xampp\htdocs\Florist-Event-Reservation-Ordering\system\Database\BaseConnection.php(666): CodeIgniter\Database\MySQLi\Connection->execute('SELECT `product...')
#2 C:\xampp\htdocs\Florist-Event-Reservation-Ordering\system\Database\BaseConnection.php(593): CodeIgniter\Database\BaseConnection->simpleQuery('SELECT `product...')
#3 C:\xampp\htdocs\Florist-Event-Reservation-Ordering\system\Database\BaseBuilder.php(1585): CodeIgniter\Database\BaseConnection->query('SELECT `product...', Array, false)
#4 C:\xampp\htdocs\Florist-Event-Reservation-Ordering\system\Model.php(223): CodeIgniter\Database\BaseBuilder->get()
#5 C:\xampp\htdocs\Florist-Event-Reservation-Ordering\system\BaseModel.php(585): CodeIgniter\Model->doFindAll(0, 0)
#6 C:\xampp\htdocs\Florist-Event-Reservation-Ordering\app\Controllers\Home.php(72): CodeIgniter\BaseModel->findAll()
#7 C:\xampp\htdocs\Florist-Event-Reservation-Ordering\system\CodeIgniter.php(927): App\Controllers\Home->home()
#8 C:\xampp\htdocs\Florist-Event-Reservation-Ordering\system\CodeIgniter.php(482): CodeIgniter\CodeIgniter->runController(Object(App\Controllers\Home))
#9 C:\xampp\htdocs\Florist-Event-Reservation-Ordering\system\CodeIgniter.php(351): CodeIgniter\CodeIgniter->handleRequest(NULL, Object(Config\Cache), false)
#10 C:\xampp\htdocs\Florist-Event-Reservation-Ordering\public\index.php(67): CodeIgniter\CodeIgniter->run()
#11 C:\xampp\htdocs\Florist-Event-Reservation-Ordering\system\Commands\Server\rewrite.php(46): require_once('C:\\xampp\\htdocs...')
#12 {main}
CRITICAL - 2023-07-02 10:38:15 --> You have an error in your SQL syntax; check the manual that corresponds to your MariaDB server version for the right syntax to use near '*
FROM `product`
JOIN `cart` ON `cart`.`fk_product_id`= `product`.`id`
JOIN `...' at line 1
in SYSTEMPATH\Database\MySQLi\Connection.php on line 292.
 1 SYSTEMPATH\Database\MySQLi\Connection.php(292): mysqli->query('SELECT `product`.`id`, `product`.`product_name`, `product`.`product_des`, `product`.`product_qty` as `productquantity`, `product`.`product_image`, `product`.`product_price`, `cart`.`id` as `Cartid`, `cart`.`fk_product_id`, `cart`.`fk_user_id`, `cart`.`cart_qty` as `CartQty`, `cart`.`cart_cost`, *
FROM `product`
JOIN `cart` ON `cart`.`fk_product_id`= `product`.`id`
JOIN `cart` ON `cart`.`fk_product_id` = `product`.`id`
WHERE `cart`.`fk_user_id` = \'1\'
AND `cart`.`fk_user_id` = \'1\'', 0)
 2 SYSTEMPATH\Database\BaseConnection.php(666): CodeIgniter\Database\MySQLi\Connection->execute('SELECT `product`.`id`, `product`.`product_name`, `product`.`product_des`, `product`.`product_qty` as `productquantity`, `product`.`product_image`, `product`.`product_price`, `cart`.`id` as `Cartid`, `cart`.`fk_product_id`, `cart`.`fk_user_id`, `cart`.`cart_qty` as `CartQty`, `cart`.`cart_cost`, *
FROM `product`
JOIN `cart` ON `cart`.`fk_product_id`= `product`.`id`
JOIN `cart` ON `cart`.`fk_product_id` = `product`.`id`
WHERE `cart`.`fk_user_id` = \'1\'
AND `cart`.`fk_user_id` = \'1\'')
 3 SYSTEMPATH\Database\BaseConnection.php(593): CodeIgniter\Database\BaseConnection->simpleQuery('SELECT `product`.`id`, `product`.`product_name`, `product`.`product_des`, `product`.`product_qty` as `productquantity`, `product`.`product_image`, `product`.`product_price`, `cart`.`id` as `Cartid`, `cart`.`fk_product_id`, `cart`.`fk_user_id`, `cart`.`cart_qty` as `CartQty`, `cart`.`cart_cost`, *
FROM `product`
JOIN `cart` ON `cart`.`fk_product_id`= `product`.`id`
JOIN `cart` ON `cart`.`fk_product_id` = `product`.`id`
WHERE `cart`.`fk_user_id` = \'1\'
AND `cart`.`fk_user_id` = \'1\'')
 4 SYSTEMPATH\Database\BaseBuilder.php(1585): CodeIgniter\Database\BaseConnection->query('SELECT `product`.`id`, `product`.`product_name`, `product`.`product_des`, `product`.`product_qty` as `productquantity`, `product`.`product_image`, `product`.`product_price`, `cart`.`id` as `Cartid`, `cart`.`fk_product_id`, `cart`.`fk_user_id`, `cart`.`cart_qty` as `CartQty`, `cart`.`cart_cost`, *
FROM `product`
JOIN `cart` ON `cart`.`fk_product_id`= `product`.`id`
JOIN `cart` ON `cart`.`fk_product_id` = `product`.`id`
WHERE `cart`.`fk_user_id` = :cart.fk_user_id:
AND `cart`.`fk_user_id` = :cart.fk_user_id.1:', [...], false)
 5 SYSTEMPATH\Model.php(223): CodeIgniter\Database\BaseBuilder->get()
 6 SYSTEMPATH\BaseModel.php(585): CodeIgniter\Model->doFindAll(0, 0)
 7 APPPATH\Controllers\Home.php(72): CodeIgniter\BaseModel->findAll()
 8 SYSTEMPATH\CodeIgniter.php(927): App\Controllers\Home->home()
 9 SYSTEMPATH\CodeIgniter.php(482): CodeIgniter\CodeIgniter->runController(Object(App\Controllers\Home))
10 SYSTEMPATH\CodeIgniter.php(351): CodeIgniter\CodeIgniter->handleRequest(null, Object(Config\Cache), false)
11 FCPATH\index.php(67): CodeIgniter\CodeIgniter->run()
12 SYSTEMPATH\Commands\Server\rewrite.php(46): require_once('FCPATH\\index.php')
CRITICAL - 2023-07-02 10:38:40 --> count(): Argument #1 ($value) must be of type Countable|array, null given
in APPPATH\Views\home\homes.php on line 97.
 1 SYSTEMPATH\View\View.php(213): include()
 2 SYSTEMPATH\View\View.php(216): CodeIgniter\View\View->CodeIgniter\View\{closure}()
 3 SYSTEMPATH\Common.php(1134): CodeIgniter\View\View->render('home/homes', [], true)
 4 APPPATH\Controllers\Home.php(82): view('home/homes', [...])
 5 SYSTEMPATH\CodeIgniter.php(927): App\Controllers\Home->home()
 6 SYSTEMPATH\CodeIgniter.php(482): CodeIgniter\CodeIgniter->runController(Object(App\Controllers\Home))
 7 SYSTEMPATH\CodeIgniter.php(351): CodeIgniter\CodeIgniter->handleRequest(null, Object(Config\Cache), false)
 8 FCPATH\index.php(67): CodeIgniter\CodeIgniter->run()
 9 SYSTEMPATH\Commands\Server\rewrite.php(46): require_once('FCPATH\\index.php')
CRITICAL - 2023-07-02 11:28:31 --> Undefined array key "CartQty"
in APPPATH\Views\includes\header.php on line 114.
 1 APPPATH\Views\includes\header.php(114): CodeIgniter\Debug\Exceptions->errorHandler(2, 'Undefined array key "CartQty"', 'APPPATH\\Views\\includes\\header.php', 114)
 2 SYSTEMPATH\View\View.php(213): include('APPPATH\\Views\\includes\\header.php')
 3 SYSTEMPATH\View\View.php(216): CodeIgniter\View\View->CodeIgniter\View\{closure}()
 4 SYSTEMPATH\Common.php(1134): CodeIgniter\View\View->render('includes/header', [], true)
 5 APPPATH\Views\includes\template.php(1): view('includes/header')
 6 SYSTEMPATH\View\View.php(213): include('APPPATH\\Views\\includes\\template.php')
 7 SYSTEMPATH\View\View.php(216): CodeIgniter\View\View->CodeIgniter\View\{closure}()
 8 SYSTEMPATH\Common.php(1134): CodeIgniter\View\View->render('includes/template', [], true)
 9 APPPATH\Controllers\Booking.php(110): view('includes/template', [...])
10 SYSTEMPATH\CodeIgniter.php(927): App\Controllers\Booking->book_now()
11 SYSTEMPATH\CodeIgniter.php(482): CodeIgniter\CodeIgniter->runController(Object(App\Controllers\Booking))
12 SYSTEMPATH\CodeIgniter.php(351): CodeIgniter\CodeIgniter->handleRequest(null, Object(Config\Cache), false)
13 FCPATH\index.php(67): CodeIgniter\CodeIgniter->run()
14 SYSTEMPATH\Commands\Server\rewrite.php(46): require_once('FCPATH\\index.php')
CRITICAL - 2023-07-02 11:28:51 --> Undefined array key "CartQty"
in APPPATH\Views\includes\header.php on line 114.
 1 APPPATH\Views\includes\header.php(114): CodeIgniter\Debug\Exceptions->errorHandler(2, 'Undefined array key "CartQty"', 'APPPATH\\Views\\includes\\header.php', 114)
 2 SYSTEMPATH\View\View.php(213): include('APPPATH\\Views\\includes\\header.php')
 3 SYSTEMPATH\View\View.php(216): CodeIgniter\View\View->CodeIgniter\View\{closure}()
 4 SYSTEMPATH\Common.php(1134): CodeIgniter\View\View->render('includes/header', [], true)
 5 APPPATH\Views\includes\template.php(1): view('includes/header')
 6 SYSTEMPATH\View\View.php(213): include('APPPATH\\Views\\includes\\template.php')
 7 SYSTEMPATH\View\View.php(216): CodeIgniter\View\View->CodeIgniter\View\{closure}()
 8 SYSTEMPATH\Common.php(1134): CodeIgniter\View\View->render('includes/template', [], true)
 9 APPPATH\Controllers\Booking.php(129): view('includes/template', [...])
10 SYSTEMPATH\CodeIgniter.php(927): App\Controllers\Booking->my_booking()
11 SYSTEMPATH\CodeIgniter.php(482): CodeIgniter\CodeIgniter->runController(Object(App\Controllers\Booking))
12 SYSTEMPATH\CodeIgniter.php(351): CodeIgniter\CodeIgniter->handleRequest(null, Object(Config\Cache), false)
13 FCPATH\index.php(67): CodeIgniter\CodeIgniter->run()
14 SYSTEMPATH\Commands\Server\rewrite.php(46): require_once('FCPATH\\index.php')
CRITICAL - 2023-07-02 11:28:55 --> Undefined array key "CartQty"
in APPPATH\Views\includes\header.php on line 114.
 1 APPPATH\Views\includes\header.php(114): CodeIgniter\Debug\Exceptions->errorHandler(2, 'Undefined array key "CartQty"', 'APPPATH\\Views\\includes\\header.php', 114)
 2 SYSTEMPATH\View\View.php(213): include('APPPATH\\Views\\includes\\header.php')
 3 SYSTEMPATH\View\View.php(216): CodeIgniter\View\View->CodeIgniter\View\{closure}()
 4 SYSTEMPATH\Common.php(1134): CodeIgniter\View\View->render('includes/header', [], true)
 5 APPPATH\Views\includes\template.php(1): view('includes/header')
 6 SYSTEMPATH\View\View.php(213): include('APPPATH\\Views\\includes\\template.php')
 7 SYSTEMPATH\View\View.php(216): CodeIgniter\View\View->CodeIgniter\View\{closure}()
 8 SYSTEMPATH\Common.php(1134): CodeIgniter\View\View->render('includes/template', [], true)
 9 APPPATH\Controllers\Home.php(368): view('includes/template', [...])
10 SYSTEMPATH\CodeIgniter.php(927): App\Controllers\Home->orders()
11 SYSTEMPATH\CodeIgniter.php(482): CodeIgniter\CodeIgniter->runController(Object(App\Controllers\Home))
12 SYSTEMPATH\CodeIgniter.php(351): CodeIgniter\CodeIgniter->handleRequest(null, Object(Config\Cache), false)
13 FCPATH\index.php(67): CodeIgniter\CodeIgniter->run()
14 SYSTEMPATH\Commands\Server\rewrite.php(46): require_once('FCPATH\\index.php')
