CRITICAL - 2024-02-23 00:21:40 --> Undefined variable $headset
in APPPATH\Views\admin\headset.php on line 68.
 1 APPPATH\Views\admin\headset.php(68): CodeIgniter\Debug\Exceptions->errorHandler(2, 'Undefined variable $headset', 'APPPATH\\Views\\admin\\headset.php', 68)
 2 SYSTEMPATH\View\View.php(213): include('APPPATH\\Views\\admin\\headset.php')
 3 SYSTEMPATH\View\View.php(216): CodeIgniter\View\View->CodeIgniter\View\{closure}()
 4 SYSTEMPATH\Common.php(1134): CodeIgniter\View\View->render('admin/headset', [], true)
 5 APPPATH\Controllers\Home.php(269): view('admin/headset', [])
 6 SYSTEMPATH\CodeIgniter.php(927): App\Controllers\Home->add_headset()
 7 SYSTEMPATH\CodeIgniter.php(482): CodeIgniter\CodeIgniter->runController(Object(App\Controllers\Home))
 8 SYSTEMPATH\CodeIgniter.php(351): CodeIgniter\CodeIgniter->handleRequest(null, Object(Config\Cache), false)
 9 FCPATH\index.php(87): CodeIgniter\CodeIgniter->run()
10 SYSTEMPATH\Commands\Server\rewrite.php(46): require_once('FCPATH\\index.php')
CRITICAL - 2024-02-23 00:24:02 --> Undefined variable $headset
in APPPATH\Views\admin\headset.php on line 68.
 1 APPPATH\Views\admin\headset.php(68): CodeIgniter\Debug\Exceptions->errorHandler(2, 'Undefined variable $headset', 'APPPATH\\Views\\admin\\headset.php', 68)
 2 SYSTEMPATH\View\View.php(213): include('APPPATH\\Views\\admin\\headset.php')
 3 SYSTEMPATH\View\View.php(216): CodeIgniter\View\View->CodeIgniter\View\{closure}()
 4 SYSTEMPATH\Common.php(1134): CodeIgniter\View\View->render('admin/headset', [], true)
 5 APPPATH\Controllers\Home.php(269): view('admin/headset', [])
 6 SYSTEMPATH\CodeIgniter.php(927): App\Controllers\Home->add_headset()
 7 SYSTEMPATH\CodeIgniter.php(482): CodeIgniter\CodeIgniter->runController(Object(App\Controllers\Home))
 8 SYSTEMPATH\CodeIgniter.php(351): CodeIgniter\CodeIgniter->handleRequest(null, Object(Config\Cache), false)
 9 FCPATH\index.php(87): CodeIgniter\CodeIgniter->run()
10 SYSTEMPATH\Commands\Server\rewrite.php(46): require_once('FCPATH\\index.php')
CRITICAL - 2024-02-23 00:24:14 --> Undefined variable $headset
in APPPATH\Views\admin\headset.php on line 68.
 1 APPPATH\Views\admin\headset.php(68): CodeIgniter\Debug\Exceptions->errorHandler(2, 'Undefined variable $headset', 'APPPATH\\Views\\admin\\headset.php', 68)
 2 SYSTEMPATH\View\View.php(213): include('APPPATH\\Views\\admin\\headset.php')
 3 SYSTEMPATH\View\View.php(216): CodeIgniter\View\View->CodeIgniter\View\{closure}()
 4 SYSTEMPATH\Common.php(1134): CodeIgniter\View\View->render('admin/headset', [], true)
 5 APPPATH\Controllers\Home.php(269): view('admin/headset', [])
 6 SYSTEMPATH\CodeIgniter.php(927): App\Controllers\Home->add_headset()
 7 SYSTEMPATH\CodeIgniter.php(482): CodeIgniter\CodeIgniter->runController(Object(App\Controllers\Home))
 8 SYSTEMPATH\CodeIgniter.php(351): CodeIgniter\CodeIgniter->handleRequest(null, Object(Config\Cache), false)
 9 FCPATH\index.php(87): CodeIgniter\CodeIgniter->run()
10 SYSTEMPATH\Commands\Server\rewrite.php(46): require_once('FCPATH\\index.php')
CRITICAL - 2024-02-23 01:03:05 --> Undefined variable $Machine_model
in APPPATH\Controllers\Home.php on line 308.
 1 APPPATH\Controllers\Home.php(308): CodeIgniter\Debug\Exceptions->errorHandler(2, 'Undefined variable $Machine_model', 'APPPATH\\Controllers\\Home.php', 308)
 2 SYSTEMPATH\CodeIgniter.php(927): App\Controllers\Home->update_headset()
 3 SYSTEMPATH\CodeIgniter.php(482): CodeIgniter\CodeIgniter->runController(Object(App\Controllers\Home))
 4 SYSTEMPATH\CodeIgniter.php(351): CodeIgniter\CodeIgniter->handleRequest(null, Object(Config\Cache), false)
 5 FCPATH\index.php(87): CodeIgniter\CodeIgniter->run()
 6 SYSTEMPATH\Commands\Server\rewrite.php(46): require_once('FCPATH\\index.php')
CRITICAL - 2024-02-23 01:09:25 --> Undefined variable $Machine_model
in APPPATH\Controllers\Home.php on line 308.
 1 APPPATH\Controllers\Home.php(308): CodeIgniter\Debug\Exceptions->errorHandler(2, 'Undefined variable $Machine_model', 'APPPATH\\Controllers\\Home.php', 308)
 2 SYSTEMPATH\CodeIgniter.php(927): App\Controllers\Home->update_headset()
 3 SYSTEMPATH\CodeIgniter.php(482): CodeIgniter\CodeIgniter->runController(Object(App\Controllers\Home))
 4 SYSTEMPATH\CodeIgniter.php(351): CodeIgniter\CodeIgniter->handleRequest(null, Object(Config\Cache), false)
 5 FCPATH\index.php(87): CodeIgniter\CodeIgniter->run()
 6 SYSTEMPATH\Commands\Server\rewrite.php(46): require_once('FCPATH\\index.php')
CRITICAL - 2024-02-23 01:11:49 --> Undefined variable $Machine_model
in APPPATH\Controllers\Home.php on line 308.
 1 APPPATH\Controllers\Home.php(308): CodeIgniter\Debug\Exceptions->errorHandler(2, 'Undefined variable $Machine_model', 'APPPATH\\Controllers\\Home.php', 308)
 2 SYSTEMPATH\CodeIgniter.php(927): App\Controllers\Home->update_headset()
 3 SYSTEMPATH\CodeIgniter.php(482): CodeIgniter\CodeIgniter->runController(Object(App\Controllers\Home))
 4 SYSTEMPATH\CodeIgniter.php(351): CodeIgniter\CodeIgniter->handleRequest(null, Object(Config\Cache), false)
 5 FCPATH\index.php(87): CodeIgniter\CodeIgniter->run()
 6 SYSTEMPATH\Commands\Server\rewrite.php(46): require_once('FCPATH\\index.php')
CRITICAL - 2024-02-23 02:35:32 --> Undefined variable $headset
in APPPATH\Views\admin\mouse.php on line 68.
 1 APPPATH\Views\admin\mouse.php(68): CodeIgniter\Debug\Exceptions->errorHandler(2, 'Undefined variable $headset', 'APPPATH\\Views\\admin\\mouse.php', 68)
 2 SYSTEMPATH\View\View.php(213): include('APPPATH\\Views\\admin\\mouse.php')
 3 SYSTEMPATH\View\View.php(216): CodeIgniter\View\View->CodeIgniter\View\{closure}()
 4 SYSTEMPATH\Common.php(1134): CodeIgniter\View\View->render('admin/mouse', [], true)
 5 APPPATH\Controllers\Home.php(343): view('admin/mouse', [...])
 6 SYSTEMPATH\CodeIgniter.php(927): App\Controllers\Home->mouse_list()
 7 SYSTEMPATH\CodeIgniter.php(482): CodeIgniter\CodeIgniter->runController(Object(App\Controllers\Home))
 8 SYSTEMPATH\CodeIgniter.php(351): CodeIgniter\CodeIgniter->handleRequest(null, Object(Config\Cache), false)
 9 FCPATH\index.php(87): CodeIgniter\CodeIgniter->run()
10 SYSTEMPATH\Commands\Server\rewrite.php(46): require_once('FCPATH\\index.php')
