CRITICAL - 2023-12-19 23:55:32 --> Undefined variable $announcements
in APPPATH\Views\landingpage.php on line 71.
 1 APPPATH\Views\landingpage.php(71): CodeIgniter\Debug\Exceptions->errorHandler(2, 'Undefined variable $announcements', 'APPPATH\\Views\\landingpage.php', 71)
 2 SYSTEMPATH\View\View.php(213): include('APPPATH\\Views\\landingpage.php')
 3 SYSTEMPATH\View\View.php(216): CodeIgniter\View\View->CodeIgniter\View\{closure}()
 4 SYSTEMPATH\Common.php(1134): CodeIgniter\View\View->render('landingpage', [], true)
 5 APPPATH\Controllers\Home.php(32): view('landingpage', [...])
 6 SYSTEMPATH\CodeIgniter.php(927): App\Controllers\Home->index()
 7 SYSTEMPATH\CodeIgniter.php(482): CodeIgniter\CodeIgniter->runController(Object(App\Controllers\Home))
 8 SYSTEMPATH\CodeIgniter.php(351): CodeIgniter\CodeIgniter->handleRequest(null, Object(Config\Cache), false)
 9 FCPATH\index.php(87): CodeIgniter\CodeIgniter->run()
10 SYSTEMPATH\Commands\Server\rewrite.php(46): require_once('FCPATH\\index.php')
CRITICAL - 2023-12-19 23:56:28 --> Undefined variable $conn
in APPPATH\Views\landingpage.php on line 74.
 1 APPPATH\Views\landingpage.php(74): CodeIgniter\Debug\Exceptions->errorHandler(2, 'Undefined variable $conn', 'APPPATH\\Views\\landingpage.php', 74)
 2 SYSTEMPATH\View\View.php(213): include('APPPATH\\Views\\landingpage.php')
 3 SYSTEMPATH\View\View.php(216): CodeIgniter\View\View->CodeIgniter\View\{closure}()
 4 SYSTEMPATH\Common.php(1134): CodeIgniter\View\View->render('landingpage', [], true)
 5 APPPATH\Controllers\Home.php(32): view('landingpage', [...])
 6 SYSTEMPATH\CodeIgniter.php(927): App\Controllers\Home->index()
 7 SYSTEMPATH\CodeIgniter.php(482): CodeIgniter\CodeIgniter->runController(Object(App\Controllers\Home))
 8 SYSTEMPATH\CodeIgniter.php(351): CodeIgniter\CodeIgniter->handleRequest(null, Object(Config\Cache), false)
 9 FCPATH\index.php(87): CodeIgniter\CodeIgniter->run()
10 SYSTEMPATH\Commands\Server\rewrite.php(46): require_once('FCPATH\\index.php')
CRITICAL - 2023-12-19 23:57:16 --> Undefined variable $conn
in APPPATH\Views\landingpage.php on line 74.
 1 APPPATH\Views\landingpage.php(74): CodeIgniter\Debug\Exceptions->errorHandler(2, 'Undefined variable $conn', 'APPPATH\\Views\\landingpage.php', 74)
 2 SYSTEMPATH\View\View.php(213): include('APPPATH\\Views\\landingpage.php')
 3 SYSTEMPATH\View\View.php(216): CodeIgniter\View\View->CodeIgniter\View\{closure}()
 4 SYSTEMPATH\Common.php(1134): CodeIgniter\View\View->render('landingpage', [], true)
 5 APPPATH\Controllers\Home.php(32): view('landingpage', [...])
 6 SYSTEMPATH\CodeIgniter.php(927): App\Controllers\Home->index()
 7 SYSTEMPATH\CodeIgniter.php(482): CodeIgniter\CodeIgniter->runController(Object(App\Controllers\Home))
 8 SYSTEMPATH\CodeIgniter.php(351): CodeIgniter\CodeIgniter->handleRequest(null, Object(Config\Cache), false)
 9 FCPATH\index.php(87): CodeIgniter\CodeIgniter->run()
10 SYSTEMPATH\Commands\Server\rewrite.php(46): require_once('FCPATH\\index.php')
CRITICAL - 2023-12-19 23:57:18 --> Undefined variable $conn
in APPPATH\Views\landingpage.php on line 74.
 1 APPPATH\Views\landingpage.php(74): CodeIgniter\Debug\Exceptions->errorHandler(2, 'Undefined variable $conn', 'APPPATH\\Views\\landingpage.php', 74)
 2 SYSTEMPATH\View\View.php(213): include('APPPATH\\Views\\landingpage.php')
 3 SYSTEMPATH\View\View.php(216): CodeIgniter\View\View->CodeIgniter\View\{closure}()
 4 SYSTEMPATH\Common.php(1134): CodeIgniter\View\View->render('landingpage', [], true)
 5 APPPATH\Controllers\Home.php(32): view('landingpage', [...])
 6 SYSTEMPATH\CodeIgniter.php(927): App\Controllers\Home->index()
 7 SYSTEMPATH\CodeIgniter.php(482): CodeIgniter\CodeIgniter->runController(Object(App\Controllers\Home))
 8 SYSTEMPATH\CodeIgniter.php(351): CodeIgniter\CodeIgniter->handleRequest(null, Object(Config\Cache), false)
 9 FCPATH\index.php(87): CodeIgniter\CodeIgniter->run()
10 SYSTEMPATH\Commands\Server\rewrite.php(46): require_once('FCPATH\\index.php')
CRITICAL - 2023-12-19 23:57:28 --> Undefined variable $conn
in APPPATH\Views\landingpage.php on line 74.
 1 APPPATH\Views\landingpage.php(74): CodeIgniter\Debug\Exceptions->errorHandler(2, 'Undefined variable $conn', 'APPPATH\\Views\\landingpage.php', 74)
 2 SYSTEMPATH\View\View.php(213): include('APPPATH\\Views\\landingpage.php')
 3 SYSTEMPATH\View\View.php(216): CodeIgniter\View\View->CodeIgniter\View\{closure}()
 4 SYSTEMPATH\Common.php(1134): CodeIgniter\View\View->render('landingpage', [], true)
 5 APPPATH\Controllers\Home.php(32): view('landingpage', [...])
 6 SYSTEMPATH\CodeIgniter.php(927): App\Controllers\Home->index()
 7 SYSTEMPATH\CodeIgniter.php(482): CodeIgniter\CodeIgniter->runController(Object(App\Controllers\Home))
 8 SYSTEMPATH\CodeIgniter.php(351): CodeIgniter\CodeIgniter->handleRequest(null, Object(Config\Cache), false)
 9 FCPATH\index.php(87): CodeIgniter\CodeIgniter->run()
10 SYSTEMPATH\Commands\Server\rewrite.php(46): require_once('FCPATH\\index.php')
CRITICAL - 2023-12-19 23:58:12 --> Undefined variable $announcements
in APPPATH\Views\landingpage.php on line 79.
 1 APPPATH\Views\landingpage.php(79): CodeIgniter\Debug\Exceptions->errorHandler(2, 'Undefined variable $announcements', 'APPPATH\\Views\\landingpage.php', 79)
 2 SYSTEMPATH\View\View.php(213): include('APPPATH\\Views\\landingpage.php')
 3 SYSTEMPATH\View\View.php(216): CodeIgniter\View\View->CodeIgniter\View\{closure}()
 4 SYSTEMPATH\Common.php(1134): CodeIgniter\View\View->render('landingpage', [], true)
 5 APPPATH\Controllers\Home.php(32): view('landingpage', [...])
 6 SYSTEMPATH\CodeIgniter.php(927): App\Controllers\Home->index()
 7 SYSTEMPATH\CodeIgniter.php(482): CodeIgniter\CodeIgniter->runController(Object(App\Controllers\Home))
 8 SYSTEMPATH\CodeIgniter.php(351): CodeIgniter\CodeIgniter->handleRequest(null, Object(Config\Cache), false)
 9 FCPATH\index.php(87): CodeIgniter\CodeIgniter->run()
10 SYSTEMPATH\Commands\Server\rewrite.php(46): require_once('FCPATH\\index.php')
