ERROR - 2023-08-29 23:39:16 --> Email: sendWithSmtp throwed ErrorException: fsockopen(): php_network_getaddresses: getaddrinfo for smtp.googlemail.com failed: This is usually a temporary error during hostname resolution and means that the local server did not receive a response from an authoritative server.  in C:\xampp\htdocs\Florist-Event-Reservation-Ordering\system\Email\Email.php:1863
Stack trace:
#0 [internal function]: CodeIgniter\Debug\Exceptions->errorHandler(2, 'fsockopen(): ph...', 'C:\\xampp\\htdocs...', 1863)
#1 C:\xampp\htdocs\Florist-Event-Reservation-Ordering\system\Email\Email.php(1863): fsockopen('tls://smtp.goog...', 465, NULL, NULL, 60)
#2 C:\xampp\htdocs\Florist-Event-Reservation-Ordering\system\Email\Email.php(1777): CodeIgniter\Email\Email->SMTPConnect()
#3 C:\xampp\htdocs\Florist-Event-Reservation-Ordering\system\Email\Email.php(1662): CodeIgniter\Email\Email->sendWithSmtp()
#4 C:\xampp\htdocs\Florist-Event-Reservation-Ordering\system\Email\Email.php(1560): CodeIgniter\Email\Email->spoolEmail()
#5 C:\xampp\htdocs\Florist-Event-Reservation-Ordering\app\Controllers\Orders.php(93): CodeIgniter\Email\Email->send()
#6 C:\xampp\htdocs\Florist-Event-Reservation-Ordering\system\CodeIgniter.php(927): App\Controllers\Orders->ordersupdate('3', '3')
#7 C:\xampp\htdocs\Florist-Event-Reservation-Ordering\system\CodeIgniter.php(482): CodeIgniter\CodeIgniter->runController(Object(App\Controllers\Orders))
#8 C:\xampp\htdocs\Florist-Event-Reservation-Ordering\system\CodeIgniter.php(351): CodeIgniter\CodeIgniter->handleRequest(NULL, Object(Config\Cache), false)
#9 C:\xampp\htdocs\Florist-Event-Reservation-Ordering\public\index.php(67): CodeIgniter\CodeIgniter->run()
#10 C:\xampp\htdocs\Florist-Event-Reservation-Ordering\system\Commands\Server\rewrite.php(46): require_once('C:\\xampp\\htdocs...')
#11 {main}
ERROR - 2023-08-29 23:39:16 --> Email: Unable to send email using SMTP. Your server might not be configured to send mail using this method.
ERROR - 2023-08-29 23:39:16 --> 
CRITICAL - 2023-08-29 23:44:50 --> Undefined variable $totals
in APPPATH\Views\admin\emails\topay_cod.php on line 83.
 1 APPPATH\Views\admin\emails\topay_cod.php(83): CodeIgniter\Debug\Exceptions->errorHandler(2, 'Undefined variable $totals', 'APPPATH\\Views\\admin\\emails\\topay_cod.php', 83)
 2 SYSTEMPATH\View\View.php(213): include('APPPATH\\Views\\admin\\emails\\topay_cod.php')
 3 SYSTEMPATH\View\View.php(216): CodeIgniter\View\View->CodeIgniter\View\{closure}()
 4 SYSTEMPATH\Common.php(1134): CodeIgniter\View\View->render('admin/emails/topay_cod', [], true)
 5 APPPATH\Controllers\Orders.php(88): view('admin/emails/topay_cod', [...])
 6 SYSTEMPATH\CodeIgniter.php(927): App\Controllers\Orders->ordersupdate('7', '7')
 7 SYSTEMPATH\CodeIgniter.php(482): CodeIgniter\CodeIgniter->runController(Object(App\Controllers\Orders))
 8 SYSTEMPATH\CodeIgniter.php(351): CodeIgniter\CodeIgniter->handleRequest(null, Object(Config\Cache), false)
 9 FCPATH\index.php(67): CodeIgniter\CodeIgniter->run()
10 SYSTEMPATH\Commands\Server\rewrite.php(46): require_once('FCPATH\\index.php')
