ERROR - 2023-05-08 04:39:21 --> mysqli_sql_exception: Column 'product_qty' cannot be null in C:\xampp\htdocs\Florist-Event-Reservation-Ordering\system\Database\MySQLi\Connection.php:292
Stack trace:
#0 C:\xampp\htdocs\Florist-Event-Reservation-Ordering\system\Database\MySQLi\Connection.php(292): mysqli->query('INSERT INTO `pr...', 0)
#1 C:\xampp\htdocs\Florist-Event-Reservation-Ordering\system\Database\BaseConnection.php(666): CodeIgniter\Database\MySQLi\Connection->execute('INSERT INTO `pr...')
#2 C:\xampp\htdocs\Florist-Event-Reservation-Ordering\system\Database\BaseConnection.php(593): CodeIgniter\Database\BaseConnection->simpleQuery('INSERT INTO `pr...')
#3 C:\xampp\htdocs\Florist-Event-Reservation-Ordering\system\Database\BaseBuilder.php(1916): CodeIgniter\Database\BaseConnection->query('INSERT INTO `pr...', Array, false)
#4 C:\xampp\htdocs\Florist-Event-Reservation-Ordering\system\Model.php(279): CodeIgniter\Database\BaseBuilder->insert()
#5 C:\xampp\htdocs\Florist-Event-Reservation-Ordering\system\BaseModel.php(749): CodeIgniter\Model->doInsert(Array)
#6 C:\xampp\htdocs\Florist-Event-Reservation-Ordering\system\Model.php(667): CodeIgniter\BaseModel->insert(Array, false)
#7 C:\xampp\htdocs\Florist-Event-Reservation-Ordering\system\BaseModel.php(659): CodeIgniter\Model->insert(Array, false)
#8 C:\xampp\htdocs\Florist-Event-Reservation-Ordering\app\Controllers\Product.php(51): CodeIgniter\BaseModel->save(Array)
#9 C:\xampp\htdocs\Florist-Event-Reservation-Ordering\system\CodeIgniter.php(927): App\Controllers\Product->addproduct()
#10 C:\xampp\htdocs\Florist-Event-Reservation-Ordering\system\CodeIgniter.php(482): CodeIgniter\CodeIgniter->runController(Object(App\Controllers\Product))
#11 C:\xampp\htdocs\Florist-Event-Reservation-Ordering\system\CodeIgniter.php(351): CodeIgniter\CodeIgniter->handleRequest(NULL, Object(Config\Cache), false)
#12 C:\xampp\htdocs\Florist-Event-Reservation-Ordering\public\index.php(67): CodeIgniter\CodeIgniter->run()
#13 C:\xampp\htdocs\Florist-Event-Reservation-Ordering\system\Commands\Server\rewrite.php(46): require_once('C:\\xampp\\htdocs...')
#14 {main}
CRITICAL - 2023-05-08 04:39:21 --> Column 'product_qty' cannot be null
in SYSTEMPATH\Database\MySQLi\Connection.php on line 292.
 1 SYSTEMPATH\Database\MySQLi\Connection.php(292): mysqli->query('INSERT INTO `product` (`product_name`, `product_des`, `cat_name`, `product_qty`, `availability`, `product_price`, `product_image`, `created_at`) VALUES (\'BFS_398\', \'This money bouquet is composed of rounded design money that depends on customers design.\', \'Money Bouquet\', NULL, \'Available\', \'1000\', \'1683538761_aa9b9f23aec9ec252ac7.jpg\', \'2023-05-08 04:39:21\')', 0)
 2 SYSTEMPATH\Database\BaseConnection.php(666): CodeIgniter\Database\MySQLi\Connection->execute('INSERT INTO `product` (`product_name`, `product_des`, `cat_name`, `product_qty`, `availability`, `product_price`, `product_image`, `created_at`) VALUES (\'BFS_398\', \'This money bouquet is composed of rounded design money that depends on customers design.\', \'Money Bouquet\', NULL, \'Available\', \'1000\', \'1683538761_aa9b9f23aec9ec252ac7.jpg\', \'2023-05-08 04:39:21\')')
 3 SYSTEMPATH\Database\BaseConnection.php(593): CodeIgniter\Database\BaseConnection->simpleQuery('INSERT INTO `product` (`product_name`, `product_des`, `cat_name`, `product_qty`, `availability`, `product_price`, `product_image`, `created_at`) VALUES (\'BFS_398\', \'This money bouquet is composed of rounded design money that depends on customers design.\', \'Money Bouquet\', NULL, \'Available\', \'1000\', \'1683538761_aa9b9f23aec9ec252ac7.jpg\', \'2023-05-08 04:39:21\')')
 4 SYSTEMPATH\Database\BaseBuilder.php(1916): CodeIgniter\Database\BaseConnection->query('INSERT INTO `product` (`product_name`, `product_des`, `cat_name`, `product_qty`, `availability`, `product_price`, `product_image`, `created_at`) VALUES (:product_name:, :product_des:, :cat_name:, :product_qty:, :availability:, :product_price:, :product_image:, :created_at:)', [...], false)
 5 SYSTEMPATH\Model.php(279): CodeIgniter\Database\BaseBuilder->insert()
 6 SYSTEMPATH\BaseModel.php(749): CodeIgniter\Model->doInsert([...])
 7 SYSTEMPATH\Model.php(667): CodeIgniter\BaseModel->insert([...], false)
 8 SYSTEMPATH\BaseModel.php(659): CodeIgniter\Model->insert([...], false)
 9 APPPATH\Controllers\Product.php(51): CodeIgniter\BaseModel->save([...])
10 SYSTEMPATH\CodeIgniter.php(927): App\Controllers\Product->addproduct()
11 SYSTEMPATH\CodeIgniter.php(482): CodeIgniter\CodeIgniter->runController(Object(App\Controllers\Product))
12 SYSTEMPATH\CodeIgniter.php(351): CodeIgniter\CodeIgniter->handleRequest(null, Object(Config\Cache), false)
13 FCPATH\index.php(67): CodeIgniter\CodeIgniter->run()
14 SYSTEMPATH\Commands\Server\rewrite.php(46): require_once('FCPATH\\index.php')
ERROR - 2023-05-08 04:39:48 --> mysqli_sql_exception: Column 'product_qty' cannot be null in C:\xampp\htdocs\Florist-Event-Reservation-Ordering\system\Database\MySQLi\Connection.php:292
Stack trace:
#0 C:\xampp\htdocs\Florist-Event-Reservation-Ordering\system\Database\MySQLi\Connection.php(292): mysqli->query('INSERT INTO `pr...', 0)
#1 C:\xampp\htdocs\Florist-Event-Reservation-Ordering\system\Database\BaseConnection.php(666): CodeIgniter\Database\MySQLi\Connection->execute('INSERT INTO `pr...')
#2 C:\xampp\htdocs\Florist-Event-Reservation-Ordering\system\Database\BaseConnection.php(593): CodeIgniter\Database\BaseConnection->simpleQuery('INSERT INTO `pr...')
#3 C:\xampp\htdocs\Florist-Event-Reservation-Ordering\system\Database\BaseBuilder.php(1916): CodeIgniter\Database\BaseConnection->query('INSERT INTO `pr...', Array, false)
#4 C:\xampp\htdocs\Florist-Event-Reservation-Ordering\system\Model.php(279): CodeIgniter\Database\BaseBuilder->insert()
#5 C:\xampp\htdocs\Florist-Event-Reservation-Ordering\system\BaseModel.php(749): CodeIgniter\Model->doInsert(Array)
#6 C:\xampp\htdocs\Florist-Event-Reservation-Ordering\system\Model.php(667): CodeIgniter\BaseModel->insert(Array, false)
#7 C:\xampp\htdocs\Florist-Event-Reservation-Ordering\system\BaseModel.php(659): CodeIgniter\Model->insert(Array, false)
#8 C:\xampp\htdocs\Florist-Event-Reservation-Ordering\app\Controllers\Product.php(51): CodeIgniter\BaseModel->save(Array)
#9 C:\xampp\htdocs\Florist-Event-Reservation-Ordering\system\CodeIgniter.php(927): App\Controllers\Product->addproduct()
#10 C:\xampp\htdocs\Florist-Event-Reservation-Ordering\system\CodeIgniter.php(482): CodeIgniter\CodeIgniter->runController(Object(App\Controllers\Product))
#11 C:\xampp\htdocs\Florist-Event-Reservation-Ordering\system\CodeIgniter.php(351): CodeIgniter\CodeIgniter->handleRequest(NULL, Object(Config\Cache), false)
#12 C:\xampp\htdocs\Florist-Event-Reservation-Ordering\public\index.php(67): CodeIgniter\CodeIgniter->run()
#13 C:\xampp\htdocs\Florist-Event-Reservation-Ordering\system\Commands\Server\rewrite.php(46): require_once('C:\\xampp\\htdocs...')
#14 {main}
CRITICAL - 2023-05-08 04:39:48 --> Column 'product_qty' cannot be null
in SYSTEMPATH\Database\MySQLi\Connection.php on line 292.
 1 SYSTEMPATH\Database\MySQLi\Connection.php(292): mysqli->query('INSERT INTO `product` (`product_name`, `product_des`, `cat_name`, `product_qty`, `availability`, `product_price`, `product_image`, `created_at`) VALUES (\'BFS_92\', \'This money bouquet is composed of rounded design money that depends on customers design.\', \'Money Bouquet\', NULL, \'Available\', \'1000\', \'1683538788_6c517ee7c5906c166758.jpg\', \'2023-05-08 04:39:48\')', 0)
 2 SYSTEMPATH\Database\BaseConnection.php(666): CodeIgniter\Database\MySQLi\Connection->execute('INSERT INTO `product` (`product_name`, `product_des`, `cat_name`, `product_qty`, `availability`, `product_price`, `product_image`, `created_at`) VALUES (\'BFS_92\', \'This money bouquet is composed of rounded design money that depends on customers design.\', \'Money Bouquet\', NULL, \'Available\', \'1000\', \'1683538788_6c517ee7c5906c166758.jpg\', \'2023-05-08 04:39:48\')')
 3 SYSTEMPATH\Database\BaseConnection.php(593): CodeIgniter\Database\BaseConnection->simpleQuery('INSERT INTO `product` (`product_name`, `product_des`, `cat_name`, `product_qty`, `availability`, `product_price`, `product_image`, `created_at`) VALUES (\'BFS_92\', \'This money bouquet is composed of rounded design money that depends on customers design.\', \'Money Bouquet\', NULL, \'Available\', \'1000\', \'1683538788_6c517ee7c5906c166758.jpg\', \'2023-05-08 04:39:48\')')
 4 SYSTEMPATH\Database\BaseBuilder.php(1916): CodeIgniter\Database\BaseConnection->query('INSERT INTO `product` (`product_name`, `product_des`, `cat_name`, `product_qty`, `availability`, `product_price`, `product_image`, `created_at`) VALUES (:product_name:, :product_des:, :cat_name:, :product_qty:, :availability:, :product_price:, :product_image:, :created_at:)', [...], false)
 5 SYSTEMPATH\Model.php(279): CodeIgniter\Database\BaseBuilder->insert()
 6 SYSTEMPATH\BaseModel.php(749): CodeIgniter\Model->doInsert([...])
 7 SYSTEMPATH\Model.php(667): CodeIgniter\BaseModel->insert([...], false)
 8 SYSTEMPATH\BaseModel.php(659): CodeIgniter\Model->insert([...], false)
 9 APPPATH\Controllers\Product.php(51): CodeIgniter\BaseModel->save([...])
10 SYSTEMPATH\CodeIgniter.php(927): App\Controllers\Product->addproduct()
11 SYSTEMPATH\CodeIgniter.php(482): CodeIgniter\CodeIgniter->runController(Object(App\Controllers\Product))
12 SYSTEMPATH\CodeIgniter.php(351): CodeIgniter\CodeIgniter->handleRequest(null, Object(Config\Cache), false)
13 FCPATH\index.php(67): CodeIgniter\CodeIgniter->run()
14 SYSTEMPATH\Commands\Server\rewrite.php(46): require_once('FCPATH\\index.php')
ERROR - 2023-05-08 04:40:29 --> mysqli_sql_exception: Unknown column 'product.product_qty' in 'field list' in C:\xampp\htdocs\Florist-Event-Reservation-Ordering\system\Database\MySQLi\Connection.php:292
Stack trace:
#0 C:\xampp\htdocs\Florist-Event-Reservation-Ordering\system\Database\MySQLi\Connection.php(292): mysqli->query('SELECT `product...', 0)
#1 C:\xampp\htdocs\Florist-Event-Reservation-Ordering\system\Database\BaseConnection.php(666): CodeIgniter\Database\MySQLi\Connection->execute('SELECT `product...')
#2 C:\xampp\htdocs\Florist-Event-Reservation-Ordering\system\Database\BaseConnection.php(593): CodeIgniter\Database\BaseConnection->simpleQuery('SELECT `product...')
#3 C:\xampp\htdocs\Florist-Event-Reservation-Ordering\system\Database\BaseBuilder.php(1585): CodeIgniter\Database\BaseConnection->query('SELECT `product...', Array, false)
#4 C:\xampp\htdocs\Florist-Event-Reservation-Ordering\system\Model.php(223): CodeIgniter\Database\BaseBuilder->get()
#5 C:\xampp\htdocs\Florist-Event-Reservation-Ordering\system\BaseModel.php(585): CodeIgniter\Model->doFindAll(0, 0)
#6 C:\xampp\htdocs\Florist-Event-Reservation-Ordering\app\Controllers\Home.php(536): CodeIgniter\BaseModel->findAll()
#7 C:\xampp\htdocs\Florist-Event-Reservation-Ordering\system\CodeIgniter.php(927): App\Controllers\Home->cart()
#8 C:\xampp\htdocs\Florist-Event-Reservation-Ordering\system\CodeIgniter.php(482): CodeIgniter\CodeIgniter->runController(Object(App\Controllers\Home))
#9 C:\xampp\htdocs\Florist-Event-Reservation-Ordering\system\CodeIgniter.php(351): CodeIgniter\CodeIgniter->handleRequest(NULL, Object(Config\Cache), false)
#10 C:\xampp\htdocs\Florist-Event-Reservation-Ordering\public\index.php(67): CodeIgniter\CodeIgniter->run()
#11 C:\xampp\htdocs\Florist-Event-Reservation-Ordering\system\Commands\Server\rewrite.php(46): require_once('C:\\xampp\\htdocs...')
#12 {main}
CRITICAL - 2023-05-08 04:40:29 --> Unknown column 'product.product_qty' in 'field list'
in SYSTEMPATH\Database\MySQLi\Connection.php on line 292.
 1 SYSTEMPATH\Database\MySQLi\Connection.php(292): mysqli->query('SELECT `product`.`id`, `product`.`product_name`, `product`.`product_des`, `product`.`product_qty` as `productquantity`, `product`.`product_image`, `product`.`product_price`, `cart`.`id` as `Cartid`, `cart`.`fk_product_id`, `cart`.`fk_user_id`, `cart`.`cart_qty` as `CartQty`, `cart`.`cart_cost`
FROM `product`
JOIN `cart` ON `cart`.`fk_product_id`= `product`.`id`
WHERE `cart`.`fk_user_id` = \'1\'', 0)
 2 SYSTEMPATH\Database\BaseConnection.php(666): CodeIgniter\Database\MySQLi\Connection->execute('SELECT `product`.`id`, `product`.`product_name`, `product`.`product_des`, `product`.`product_qty` as `productquantity`, `product`.`product_image`, `product`.`product_price`, `cart`.`id` as `Cartid`, `cart`.`fk_product_id`, `cart`.`fk_user_id`, `cart`.`cart_qty` as `CartQty`, `cart`.`cart_cost`
FROM `product`
JOIN `cart` ON `cart`.`fk_product_id`= `product`.`id`
WHERE `cart`.`fk_user_id` = \'1\'')
 3 SYSTEMPATH\Database\BaseConnection.php(593): CodeIgniter\Database\BaseConnection->simpleQuery('SELECT `product`.`id`, `product`.`product_name`, `product`.`product_des`, `product`.`product_qty` as `productquantity`, `product`.`product_image`, `product`.`product_price`, `cart`.`id` as `Cartid`, `cart`.`fk_product_id`, `cart`.`fk_user_id`, `cart`.`cart_qty` as `CartQty`, `cart`.`cart_cost`
FROM `product`
JOIN `cart` ON `cart`.`fk_product_id`= `product`.`id`
WHERE `cart`.`fk_user_id` = \'1\'')
 4 SYSTEMPATH\Database\BaseBuilder.php(1585): CodeIgniter\Database\BaseConnection->query('SELECT `product`.`id`, `product`.`product_name`, `product`.`product_des`, `product`.`product_qty` as `productquantity`, `product`.`product_image`, `product`.`product_price`, `cart`.`id` as `Cartid`, `cart`.`fk_product_id`, `cart`.`fk_user_id`, `cart`.`cart_qty` as `CartQty`, `cart`.`cart_cost`
FROM `product`
JOIN `cart` ON `cart`.`fk_product_id`= `product`.`id`
WHERE `cart`.`fk_user_id` = :cart.fk_user_id:', [...], false)
 5 SYSTEMPATH\Model.php(223): CodeIgniter\Database\BaseBuilder->get()
 6 SYSTEMPATH\BaseModel.php(585): CodeIgniter\Model->doFindAll(0, 0)
 7 APPPATH\Controllers\Home.php(536): CodeIgniter\BaseModel->findAll()
 8 SYSTEMPATH\CodeIgniter.php(927): App\Controllers\Home->cart()
 9 SYSTEMPATH\CodeIgniter.php(482): CodeIgniter\CodeIgniter->runController(Object(App\Controllers\Home))
10 SYSTEMPATH\CodeIgniter.php(351): CodeIgniter\CodeIgniter->handleRequest(null, Object(Config\Cache), false)
11 FCPATH\index.php(67): CodeIgniter\CodeIgniter->run()
12 SYSTEMPATH\Commands\Server\rewrite.php(46): require_once('FCPATH\\index.php')
ERROR - 2023-05-08 04:41:14 --> mysqli_sql_exception: Column 'product_qty' cannot be null in C:\xampp\htdocs\Florist-Event-Reservation-Ordering\system\Database\MySQLi\Connection.php:292
Stack trace:
#0 C:\xampp\htdocs\Florist-Event-Reservation-Ordering\system\Database\MySQLi\Connection.php(292): mysqli->query('INSERT INTO `pr...', 0)
#1 C:\xampp\htdocs\Florist-Event-Reservation-Ordering\system\Database\BaseConnection.php(666): CodeIgniter\Database\MySQLi\Connection->execute('INSERT INTO `pr...')
#2 C:\xampp\htdocs\Florist-Event-Reservation-Ordering\system\Database\BaseConnection.php(593): CodeIgniter\Database\BaseConnection->simpleQuery('INSERT INTO `pr...')
#3 C:\xampp\htdocs\Florist-Event-Reservation-Ordering\system\Database\BaseBuilder.php(1916): CodeIgniter\Database\BaseConnection->query('INSERT INTO `pr...', Array, false)
#4 C:\xampp\htdocs\Florist-Event-Reservation-Ordering\system\Model.php(279): CodeIgniter\Database\BaseBuilder->insert()
#5 C:\xampp\htdocs\Florist-Event-Reservation-Ordering\system\BaseModel.php(749): CodeIgniter\Model->doInsert(Array)
#6 C:\xampp\htdocs\Florist-Event-Reservation-Ordering\system\Model.php(667): CodeIgniter\BaseModel->insert(Array, false)
#7 C:\xampp\htdocs\Florist-Event-Reservation-Ordering\system\BaseModel.php(659): CodeIgniter\Model->insert(Array, false)
#8 C:\xampp\htdocs\Florist-Event-Reservation-Ordering\app\Controllers\Product.php(51): CodeIgniter\BaseModel->save(Array)
#9 C:\xampp\htdocs\Florist-Event-Reservation-Ordering\system\CodeIgniter.php(927): App\Controllers\Product->addproduct()
#10 C:\xampp\htdocs\Florist-Event-Reservation-Ordering\system\CodeIgniter.php(482): CodeIgniter\CodeIgniter->runController(Object(App\Controllers\Product))
#11 C:\xampp\htdocs\Florist-Event-Reservation-Ordering\system\CodeIgniter.php(351): CodeIgniter\CodeIgniter->handleRequest(NULL, Object(Config\Cache), false)
#12 C:\xampp\htdocs\Florist-Event-Reservation-Ordering\public\index.php(67): CodeIgniter\CodeIgniter->run()
#13 C:\xampp\htdocs\Florist-Event-Reservation-Ordering\system\Commands\Server\rewrite.php(46): require_once('C:\\xampp\\htdocs...')
#14 {main}
CRITICAL - 2023-05-08 04:41:14 --> Column 'product_qty' cannot be null
in SYSTEMPATH\Database\MySQLi\Connection.php on line 292.
 1 SYSTEMPATH\Database\MySQLi\Connection.php(292): mysqli->query('INSERT INTO `product` (`product_name`, `product_des`, `cat_name`, `product_qty`, `availability`, `product_price`, `product_image`, `created_at`) VALUES (\'BFS_569\', \'This money bouquet is composed of rounded design money that depends on customers design.\', \'Money Bouquet\', NULL, \'Available\', \'1000\', \'1683538874_918040ba37223fe11f4c.jpg\', \'2023-05-08 04:41:14\')', 0)
 2 SYSTEMPATH\Database\BaseConnection.php(666): CodeIgniter\Database\MySQLi\Connection->execute('INSERT INTO `product` (`product_name`, `product_des`, `cat_name`, `product_qty`, `availability`, `product_price`, `product_image`, `created_at`) VALUES (\'BFS_569\', \'This money bouquet is composed of rounded design money that depends on customers design.\', \'Money Bouquet\', NULL, \'Available\', \'1000\', \'1683538874_918040ba37223fe11f4c.jpg\', \'2023-05-08 04:41:14\')')
 3 SYSTEMPATH\Database\BaseConnection.php(593): CodeIgniter\Database\BaseConnection->simpleQuery('INSERT INTO `product` (`product_name`, `product_des`, `cat_name`, `product_qty`, `availability`, `product_price`, `product_image`, `created_at`) VALUES (\'BFS_569\', \'This money bouquet is composed of rounded design money that depends on customers design.\', \'Money Bouquet\', NULL, \'Available\', \'1000\', \'1683538874_918040ba37223fe11f4c.jpg\', \'2023-05-08 04:41:14\')')
 4 SYSTEMPATH\Database\BaseBuilder.php(1916): CodeIgniter\Database\BaseConnection->query('INSERT INTO `product` (`product_name`, `product_des`, `cat_name`, `product_qty`, `availability`, `product_price`, `product_image`, `created_at`) VALUES (:product_name:, :product_des:, :cat_name:, :product_qty:, :availability:, :product_price:, :product_image:, :created_at:)', [...], false)
 5 SYSTEMPATH\Model.php(279): CodeIgniter\Database\BaseBuilder->insert()
 6 SYSTEMPATH\BaseModel.php(749): CodeIgniter\Model->doInsert([...])
 7 SYSTEMPATH\Model.php(667): CodeIgniter\BaseModel->insert([...], false)
 8 SYSTEMPATH\BaseModel.php(659): CodeIgniter\Model->insert([...], false)
 9 APPPATH\Controllers\Product.php(51): CodeIgniter\BaseModel->save([...])
10 SYSTEMPATH\CodeIgniter.php(927): App\Controllers\Product->addproduct()
11 SYSTEMPATH\CodeIgniter.php(482): CodeIgniter\CodeIgniter->runController(Object(App\Controllers\Product))
12 SYSTEMPATH\CodeIgniter.php(351): CodeIgniter\CodeIgniter->handleRequest(null, Object(Config\Cache), false)
13 FCPATH\index.php(67): CodeIgniter\CodeIgniter->run()
14 SYSTEMPATH\Commands\Server\rewrite.php(46): require_once('FCPATH\\index.php')
CRITICAL - 2023-05-08 05:20:25 --> Invalid file: home/flowers/wedding.php
in SYSTEMPATH\Exceptions\FrameworkException.php on line 33.
 1 SYSTEMPATH\View\View.php(201): CodeIgniter\Exceptions\FrameworkException::forInvalidFile('home/flowers/wedding.php')
 2 SYSTEMPATH\Common.php(1134): CodeIgniter\View\View->render('home/flowers/wedding', [], true)
 3 APPPATH\Views\includes\template.php(2): view('home/flowers/wedding')
 4 SYSTEMPATH\View\View.php(213): include('APPPATH\\Views\\includes\\template.php')
 5 SYSTEMPATH\View\View.php(216): CodeIgniter\View\View->CodeIgniter\View\{closure}()
 6 SYSTEMPATH\Common.php(1134): CodeIgniter\View\View->render('includes/template', [], true)
 7 APPPATH\Controllers\Home.php(115): view('includes/template', [...])
 8 SYSTEMPATH\CodeIgniter.php(927): App\Controllers\Home->dried_bouquet_list()
 9 SYSTEMPATH\CodeIgniter.php(482): CodeIgniter\CodeIgniter->runController(Object(App\Controllers\Home))
10 SYSTEMPATH\CodeIgniter.php(351): CodeIgniter\CodeIgniter->handleRequest(null, Object(Config\Cache), false)
11 FCPATH\index.php(67): CodeIgniter\CodeIgniter->run()
12 SYSTEMPATH\Commands\Server\rewrite.php(46): require_once('FCPATH\\index.php')
CRITICAL - 2023-05-08 06:11:59 --> count(): Argument #1 ($value) must be of type Countable|array, null given
in APPPATH\Views\includes\header.php on line 78.
 1 SYSTEMPATH\View\View.php(213): include()
 2 SYSTEMPATH\View\View.php(216): CodeIgniter\View\View->CodeIgniter\View\{closure}()
 3 SYSTEMPATH\Common.php(1134): CodeIgniter\View\View->render('includes/header', [], true)
 4 APPPATH\Views\includes\template.php(1): view('includes/header')
 5 SYSTEMPATH\View\View.php(213): include('APPPATH\\Views\\includes\\template.php')
 6 SYSTEMPATH\View\View.php(216): CodeIgniter\View\View->CodeIgniter\View\{closure}()
 7 SYSTEMPATH\Common.php(1134): CodeIgniter\View\View->render('includes/template', [], true)
 8 APPPATH\Controllers\Booking.php(166): view('includes/template', [...])
 9 SYSTEMPATH\CodeIgniter.php(927): App\Controllers\Booking->pax_designed_details()
10 SYSTEMPATH\CodeIgniter.php(482): CodeIgniter\CodeIgniter->runController(Object(App\Controllers\Booking))
11 SYSTEMPATH\CodeIgniter.php(351): CodeIgniter\CodeIgniter->handleRequest(null, Object(Config\Cache), false)
12 FCPATH\index.php(67): CodeIgniter\CodeIgniter->run()
13 SYSTEMPATH\Commands\Server\rewrite.php(46): require_once('FCPATH\\index.php')
CRITICAL - 2023-05-08 09:44:47 --> Invalid file: home/bookings/wedding_roles.php
in SYSTEMPATH\Exceptions\FrameworkException.php on line 33.
 1 SYSTEMPATH\View\View.php(201): CodeIgniter\Exceptions\FrameworkException::forInvalidFile('home/bookings/wedding_roles.php')
 2 SYSTEMPATH\Common.php(1134): CodeIgniter\View\View->render('home/bookings/wedding_roles', [], true)
 3 APPPATH\Views\includes\template.php(2): view('home/bookings/wedding_roles')
 4 SYSTEMPATH\View\View.php(213): include('APPPATH\\Views\\includes\\template.php')
 5 SYSTEMPATH\View\View.php(216): CodeIgniter\View\View->CodeIgniter\View\{closure}()
 6 SYSTEMPATH\Common.php(1134): CodeIgniter\View\View->render('includes/template', [], true)
 7 APPPATH\Controllers\Booking.php(175): view('includes/template', [...])
 8 SYSTEMPATH\CodeIgniter.php(927): App\Controllers\Booking->wedding_roles()
 9 SYSTEMPATH\CodeIgniter.php(482): CodeIgniter\CodeIgniter->runController(Object(App\Controllers\Booking))
10 SYSTEMPATH\CodeIgniter.php(351): CodeIgniter\CodeIgniter->handleRequest(null, Object(Config\Cache), false)
11 FCPATH\index.php(67): CodeIgniter\CodeIgniter->run()
12 SYSTEMPATH\Commands\Server\rewrite.php(46): require_once('FCPATH\\index.php')
CRITICAL - 2023-05-08 10:18:08 --> Class "App\Models\Weddingroles_model" not found
in APPPATH\Controllers\Booking.php on line 168.
 1 SYSTEMPATH\CodeIgniter.php(927): App\Controllers\Booking->wedding_roles()
 2 SYSTEMPATH\CodeIgniter.php(482): CodeIgniter\CodeIgniter->runController(Object(App\Controllers\Booking))
 3 SYSTEMPATH\CodeIgniter.php(351): CodeIgniter\CodeIgniter->handleRequest(null, Object(Config\Cache), false)
 4 FCPATH\index.php(67): CodeIgniter\CodeIgniter->run()
 5 SYSTEMPATH\Commands\Server\rewrite.php(46): require_once('FCPATH\\index.php')
CRITICAL - 2023-05-08 10:18:27 --> Class "App\Models\Weddingroles_model" not found
in APPPATH\Controllers\Booking.php on line 168.
 1 SYSTEMPATH\CodeIgniter.php(927): App\Controllers\Booking->wedding_roles()
 2 SYSTEMPATH\CodeIgniter.php(482): CodeIgniter\CodeIgniter->runController(Object(App\Controllers\Booking))
 3 SYSTEMPATH\CodeIgniter.php(351): CodeIgniter\CodeIgniter->handleRequest(null, Object(Config\Cache), false)
 4 FCPATH\index.php(67): CodeIgniter\CodeIgniter->run()
 5 SYSTEMPATH\Commands\Server\rewrite.php(46): require_once('FCPATH\\index.php')
CRITICAL - 2023-05-08 10:19:36 --> Class "App\Models\Weddingroles_model" not found
in APPPATH\Controllers\Booking.php on line 169.
 1 SYSTEMPATH\CodeIgniter.php(927): App\Controllers\Booking->wedding_roles()
 2 SYSTEMPATH\CodeIgniter.php(482): CodeIgniter\CodeIgniter->runController(Object(App\Controllers\Booking))
 3 SYSTEMPATH\CodeIgniter.php(351): CodeIgniter\CodeIgniter->handleRequest(null, Object(Config\Cache), false)
 4 FCPATH\index.php(67): CodeIgniter\CodeIgniter->run()
 5 SYSTEMPATH\Commands\Server\rewrite.php(46): require_once('FCPATH\\index.php')
CRITICAL - 2023-05-08 10:19:38 --> Class "App\Models\Weddingroles_model" not found
in APPPATH\Controllers\Booking.php on line 169.
 1 SYSTEMPATH\CodeIgniter.php(927): App\Controllers\Booking->wedding_roles()
 2 SYSTEMPATH\CodeIgniter.php(482): CodeIgniter\CodeIgniter->runController(Object(App\Controllers\Booking))
 3 SYSTEMPATH\CodeIgniter.php(351): CodeIgniter\CodeIgniter->handleRequest(null, Object(Config\Cache), false)
 4 FCPATH\index.php(67): CodeIgniter\CodeIgniter->run()
 5 SYSTEMPATH\Commands\Server\rewrite.php(46): require_once('FCPATH\\index.php')
CRITICAL - 2023-05-08 10:19:51 --> Class "App\Models\Weddingroles_model" not found
in APPPATH\Controllers\Booking.php on line 166.
 1 SYSTEMPATH\CodeIgniter.php(927): App\Controllers\Booking->wedding_roles()
 2 SYSTEMPATH\CodeIgniter.php(482): CodeIgniter\CodeIgniter->runController(Object(App\Controllers\Booking))
 3 SYSTEMPATH\CodeIgniter.php(351): CodeIgniter\CodeIgniter->handleRequest(null, Object(Config\Cache), false)
 4 FCPATH\index.php(67): CodeIgniter\CodeIgniter->run()
 5 SYSTEMPATH\Commands\Server\rewrite.php(46): require_once('FCPATH\\index.php')
CRITICAL - 2023-05-08 10:51:23 --> Undefined variable $imageName
in APPPATH\Controllers\Booking.php on line 202.
 1 APPPATH\Controllers\Booking.php(202): CodeIgniter\Debug\Exceptions->errorHandler(2, 'Undefined variable $imageName', 'APPPATH\\Controllers\\Booking.php', 202)
 2 SYSTEMPATH\CodeIgniter.php(927): App\Controllers\Booking->wedding_roles()
 3 SYSTEMPATH\CodeIgniter.php(482): CodeIgniter\CodeIgniter->runController(Object(App\Controllers\Booking))
 4 SYSTEMPATH\CodeIgniter.php(351): CodeIgniter\CodeIgniter->handleRequest(null, Object(Config\Cache), false)
 5 FCPATH\index.php(67): CodeIgniter\CodeIgniter->run()
 6 SYSTEMPATH\Commands\Server\rewrite.php(46): require_once('FCPATH\\index.php')
ERROR - 2023-05-08 10:51:42 --> mysqli_sql_exception: Column 'bride_bouqet' cannot be null in C:\xampp\htdocs\Florist-Event-Reservation-Ordering\system\Database\MySQLi\Connection.php:292
Stack trace:
#0 C:\xampp\htdocs\Florist-Event-Reservation-Ordering\system\Database\MySQLi\Connection.php(292): mysqli->query('INSERT INTO `we...', 0)
#1 C:\xampp\htdocs\Florist-Event-Reservation-Ordering\system\Database\BaseConnection.php(666): CodeIgniter\Database\MySQLi\Connection->execute('INSERT INTO `we...')
#2 C:\xampp\htdocs\Florist-Event-Reservation-Ordering\system\Database\BaseConnection.php(593): CodeIgniter\Database\BaseConnection->simpleQuery('INSERT INTO `we...')
#3 C:\xampp\htdocs\Florist-Event-Reservation-Ordering\system\Database\BaseBuilder.php(1916): CodeIgniter\Database\BaseConnection->query('INSERT INTO `we...', Array, false)
#4 C:\xampp\htdocs\Florist-Event-Reservation-Ordering\system\Model.php(279): CodeIgniter\Database\BaseBuilder->insert()
#5 C:\xampp\htdocs\Florist-Event-Reservation-Ordering\system\BaseModel.php(749): CodeIgniter\Model->doInsert(Array)
#6 C:\xampp\htdocs\Florist-Event-Reservation-Ordering\system\Model.php(667): CodeIgniter\BaseModel->insert(Array, true)
#7 C:\xampp\htdocs\Florist-Event-Reservation-Ordering\app\Controllers\Booking.php(203): CodeIgniter\Model->insert(Array)
#8 C:\xampp\htdocs\Florist-Event-Reservation-Ordering\system\CodeIgniter.php(927): App\Controllers\Booking->wedding_roles()
#9 C:\xampp\htdocs\Florist-Event-Reservation-Ordering\system\CodeIgniter.php(482): CodeIgniter\CodeIgniter->runController(Object(App\Controllers\Booking))
#10 C:\xampp\htdocs\Florist-Event-Reservation-Ordering\system\CodeIgniter.php(351): CodeIgniter\CodeIgniter->handleRequest(NULL, Object(Config\Cache), false)
#11 C:\xampp\htdocs\Florist-Event-Reservation-Ordering\public\index.php(67): CodeIgniter\CodeIgniter->run()
#12 C:\xampp\htdocs\Florist-Event-Reservation-Ordering\system\Commands\Server\rewrite.php(46): require_once('C:\\xampp\\htdocs...')
#13 {main}
CRITICAL - 2023-05-08 10:51:42 --> Column 'bride_bouqet' cannot be null
in SYSTEMPATH\Database\MySQLi\Connection.php on line 292.
 1 SYSTEMPATH\Database\MySQLi\Connection.php(292): mysqli->query('INSERT INTO `wedding_roles` (`grooms_name`, `brides_name`, `grooms_father`, `grooms_mother`, `brides_father`, `brides_mother`, `principal_sponsor`, `best_man`, `maid_honor`, `groomsmen`, `bridemaid`, `candle`, `veil`, `cord`, `little_groombride`, `ring_bearer`, `coin_bearer`, `bible_bearer`, `flower_girls`, `bride_bouqet`, `note_for_bouquet`, `church_setup`, `note_for_setup`, `other_specify`, `created_at`) VALUES (\'Crisostomo\', \'MariaClara\', \'Juan Carlito\', \'Josephine Braquen\', \'Juanito Pomoy\', \'Saksi Niyan\', \'Juan Manuel\\r\\nJames Yap\\r\\nStephen Curry\\r\\nLebron James\\r\\nSaint benedict\\r\\nLiam Manroz\\r\\nSteve Kerr\\r\\n\', \'James Bond\', \'Kristine Barte\', \'Paul George\\r\\nTristan Cabrera\\r\\nPoland Since\', \'Wang Wang\\r\\nJairah Magnaye\\r\\nYlaine Vra\', \'Shane Supsup\\r\\nSarah Heronimo\\r\\n\', \'Vilma Santut\\r\\nLucky Manzagas\', \'Sam Milby\\r\\nBea Alonzo\', \'Princess Joy\\r\\nKevin Hart\', \'Loyd Cabangon\', \'Princess King\', \'Jose Palito\', \'Shane Cruz\\r\\nJenifer Ylan\\r\\nSanta Monica\', NULL, \'na\', NULL, \'na\', \'na\', \'2023-05-08 10:51:42\')', 0)
 2 SYSTEMPATH\Database\BaseConnection.php(666): CodeIgniter\Database\MySQLi\Connection->execute('INSERT INTO `wedding_roles` (`grooms_name`, `brides_name`, `grooms_father`, `grooms_mother`, `brides_father`, `brides_mother`, `principal_sponsor`, `best_man`, `maid_honor`, `groomsmen`, `bridemaid`, `candle`, `veil`, `cord`, `little_groombride`, `ring_bearer`, `coin_bearer`, `bible_bearer`, `flower_girls`, `bride_bouqet`, `note_for_bouquet`, `church_setup`, `note_for_setup`, `other_specify`, `created_at`) VALUES (\'Crisostomo\', \'MariaClara\', \'Juan Carlito\', \'Josephine Braquen\', \'Juanito Pomoy\', \'Saksi Niyan\', \'Juan Manuel\\r\\nJames Yap\\r\\nStephen Curry\\r\\nLebron James\\r\\nSaint benedict\\r\\nLiam Manroz\\r\\nSteve Kerr\\r\\n\', \'James Bond\', \'Kristine Barte\', \'Paul George\\r\\nTristan Cabrera\\r\\nPoland Since\', \'Wang Wang\\r\\nJairah Magnaye\\r\\nYlaine Vra\', \'Shane Supsup\\r\\nSarah Heronimo\\r\\n\', \'Vilma Santut\\r\\nLucky Manzagas\', \'Sam Milby\\r\\nBea Alonzo\', \'Princess Joy\\r\\nKevin Hart\', \'Loyd Cabangon\', \'Princess King\', \'Jose Palito\', \'Shane Cruz\\r\\nJenifer Ylan\\r\\nSanta Monica\', NULL, \'na\', NULL, \'na\', \'na\', \'2023-05-08 10:51:42\')')
 3 SYSTEMPATH\Database\BaseConnection.php(593): CodeIgniter\Database\BaseConnection->simpleQuery('INSERT INTO `wedding_roles` (`grooms_name`, `brides_name`, `grooms_father`, `grooms_mother`, `brides_father`, `brides_mother`, `principal_sponsor`, `best_man`, `maid_honor`, `groomsmen`, `bridemaid`, `candle`, `veil`, `cord`, `little_groombride`, `ring_bearer`, `coin_bearer`, `bible_bearer`, `flower_girls`, `bride_bouqet`, `note_for_bouquet`, `church_setup`, `note_for_setup`, `other_specify`, `created_at`) VALUES (\'Crisostomo\', \'MariaClara\', \'Juan Carlito\', \'Josephine Braquen\', \'Juanito Pomoy\', \'Saksi Niyan\', \'Juan Manuel\\r\\nJames Yap\\r\\nStephen Curry\\r\\nLebron James\\r\\nSaint benedict\\r\\nLiam Manroz\\r\\nSteve Kerr\\r\\n\', \'James Bond\', \'Kristine Barte\', \'Paul George\\r\\nTristan Cabrera\\r\\nPoland Since\', \'Wang Wang\\r\\nJairah Magnaye\\r\\nYlaine Vra\', \'Shane Supsup\\r\\nSarah Heronimo\\r\\n\', \'Vilma Santut\\r\\nLucky Manzagas\', \'Sam Milby\\r\\nBea Alonzo\', \'Princess Joy\\r\\nKevin Hart\', \'Loyd Cabangon\', \'Princess King\', \'Jose Palito\', \'Shane Cruz\\r\\nJenifer Ylan\\r\\nSanta Monica\', NULL, \'na\', NULL, \'na\', \'na\', \'2023-05-08 10:51:42\')')
 4 SYSTEMPATH\Database\BaseBuilder.php(1916): CodeIgniter\Database\BaseConnection->query('INSERT INTO `wedding_roles` (`grooms_name`, `brides_name`, `grooms_father`, `grooms_mother`, `brides_father`, `brides_mother`, `principal_sponsor`, `best_man`, `maid_honor`, `groomsmen`, `bridemaid`, `candle`, `veil`, `cord`, `little_groombride`, `ring_bearer`, `coin_bearer`, `bible_bearer`, `flower_girls`, `bride_bouqet`, `note_for_bouquet`, `church_setup`, `note_for_setup`, `other_specify`, `created_at`) VALUES (:grooms_name:, :brides_name:, :grooms_father:, :grooms_mother:, :brides_father:, :brides_mother:, :principal_sponsor:, :best_man:, :maid_honor:, :groomsmen:, :bridemaid:, :candle:, :veil:, :cord:, :little_groombride:, :ring_bearer:, :coin_bearer:, :bible_bearer:, :flower_girls:, :bride_bouqet:, :note_for_bouquet:, :church_setup:, :note_for_setup:, :other_specify:, :created_at:)', [...], false)
 5 SYSTEMPATH\Model.php(279): CodeIgniter\Database\BaseBuilder->insert()
 6 SYSTEMPATH\BaseModel.php(749): CodeIgniter\Model->doInsert([...])
 7 SYSTEMPATH\Model.php(667): CodeIgniter\BaseModel->insert([...], true)
 8 APPPATH\Controllers\Booking.php(203): CodeIgniter\Model->insert([...])
 9 SYSTEMPATH\CodeIgniter.php(927): App\Controllers\Booking->wedding_roles()
10 SYSTEMPATH\CodeIgniter.php(482): CodeIgniter\CodeIgniter->runController(Object(App\Controllers\Booking))
11 SYSTEMPATH\CodeIgniter.php(351): CodeIgniter\CodeIgniter->handleRequest(null, Object(Config\Cache), false)
12 FCPATH\index.php(67): CodeIgniter\CodeIgniter->run()
13 SYSTEMPATH\Commands\Server\rewrite.php(46): require_once('FCPATH\\index.php')
ERROR - 2023-05-08 10:52:00 --> mysqli_sql_exception: Column 'church_setup' cannot be null in C:\xampp\htdocs\Florist-Event-Reservation-Ordering\system\Database\MySQLi\Connection.php:292
Stack trace:
#0 C:\xampp\htdocs\Florist-Event-Reservation-Ordering\system\Database\MySQLi\Connection.php(292): mysqli->query('INSERT INTO `we...', 0)
#1 C:\xampp\htdocs\Florist-Event-Reservation-Ordering\system\Database\BaseConnection.php(666): CodeIgniter\Database\MySQLi\Connection->execute('INSERT INTO `we...')
#2 C:\xampp\htdocs\Florist-Event-Reservation-Ordering\system\Database\BaseConnection.php(593): CodeIgniter\Database\BaseConnection->simpleQuery('INSERT INTO `we...')
#3 C:\xampp\htdocs\Florist-Event-Reservation-Ordering\system\Database\BaseBuilder.php(1916): CodeIgniter\Database\BaseConnection->query('INSERT INTO `we...', Array, false)
#4 C:\xampp\htdocs\Florist-Event-Reservation-Ordering\system\Model.php(279): CodeIgniter\Database\BaseBuilder->insert()
#5 C:\xampp\htdocs\Florist-Event-Reservation-Ordering\system\BaseModel.php(749): CodeIgniter\Model->doInsert(Array)
#6 C:\xampp\htdocs\Florist-Event-Reservation-Ordering\system\Model.php(667): CodeIgniter\BaseModel->insert(Array, true)
#7 C:\xampp\htdocs\Florist-Event-Reservation-Ordering\app\Controllers\Booking.php(203): CodeIgniter\Model->insert(Array)
#8 C:\xampp\htdocs\Florist-Event-Reservation-Ordering\system\CodeIgniter.php(927): App\Controllers\Booking->wedding_roles()
#9 C:\xampp\htdocs\Florist-Event-Reservation-Ordering\system\CodeIgniter.php(482): CodeIgniter\CodeIgniter->runController(Object(App\Controllers\Booking))
#10 C:\xampp\htdocs\Florist-Event-Reservation-Ordering\system\CodeIgniter.php(351): CodeIgniter\CodeIgniter->handleRequest(NULL, Object(Config\Cache), false)
#11 C:\xampp\htdocs\Florist-Event-Reservation-Ordering\public\index.php(67): CodeIgniter\CodeIgniter->run()
#12 C:\xampp\htdocs\Florist-Event-Reservation-Ordering\system\Commands\Server\rewrite.php(46): require_once('C:\\xampp\\htdocs...')
#13 {main}
CRITICAL - 2023-05-08 10:52:00 --> Column 'church_setup' cannot be null
in SYSTEMPATH\Database\MySQLi\Connection.php on line 292.
 1 SYSTEMPATH\Database\MySQLi\Connection.php(292): mysqli->query('INSERT INTO `wedding_roles` (`grooms_name`, `brides_name`, `grooms_father`, `grooms_mother`, `brides_father`, `brides_mother`, `principal_sponsor`, `best_man`, `maid_honor`, `groomsmen`, `bridemaid`, `candle`, `veil`, `cord`, `little_groombride`, `ring_bearer`, `coin_bearer`, `bible_bearer`, `flower_girls`, `note_for_bouquet`, `church_setup`, `note_for_setup`, `other_specify`, `created_at`) VALUES (\'Crisostomo\', \'MariaClara\', \'Juan Carlito\', \'Josephine Braquen\', \'Juanito Pomoy\', \'Saksi Niyan\', \'Juan Manuel\\r\\nJames Yap\\r\\nStephen Curry\\r\\nLebron James\\r\\nSaint benedict\\r\\nLiam Manroz\\r\\nSteve Kerr\\r\\n\', \'James Bond\', \'Kristine Barte\', \'Paul George\\r\\nTristan Cabrera\\r\\nPoland Since\', \'Wang Wang\\r\\nJairah Magnaye\\r\\nYlaine Vra\', \'Shane Supsup\\r\\nSarah Heronimo\\r\\n\', \'Vilma Santut\\r\\nLucky Manzagas\', \'Sam Milby\\r\\nBea Alonzo\', \'Princess Joy\\r\\nKevin Hart\', \'Loyd Cabangon\', \'Princess King\', \'Jose Palito\', \'Shane Cruz\\r\\nJenifer Ylan\\r\\nSanta Monica\', \'na\', NULL, \'na\', \'na\', \'2023-05-08 10:52:00\')', 0)
 2 SYSTEMPATH\Database\BaseConnection.php(666): CodeIgniter\Database\MySQLi\Connection->execute('INSERT INTO `wedding_roles` (`grooms_name`, `brides_name`, `grooms_father`, `grooms_mother`, `brides_father`, `brides_mother`, `principal_sponsor`, `best_man`, `maid_honor`, `groomsmen`, `bridemaid`, `candle`, `veil`, `cord`, `little_groombride`, `ring_bearer`, `coin_bearer`, `bible_bearer`, `flower_girls`, `note_for_bouquet`, `church_setup`, `note_for_setup`, `other_specify`, `created_at`) VALUES (\'Crisostomo\', \'MariaClara\', \'Juan Carlito\', \'Josephine Braquen\', \'Juanito Pomoy\', \'Saksi Niyan\', \'Juan Manuel\\r\\nJames Yap\\r\\nStephen Curry\\r\\nLebron James\\r\\nSaint benedict\\r\\nLiam Manroz\\r\\nSteve Kerr\\r\\n\', \'James Bond\', \'Kristine Barte\', \'Paul George\\r\\nTristan Cabrera\\r\\nPoland Since\', \'Wang Wang\\r\\nJairah Magnaye\\r\\nYlaine Vra\', \'Shane Supsup\\r\\nSarah Heronimo\\r\\n\', \'Vilma Santut\\r\\nLucky Manzagas\', \'Sam Milby\\r\\nBea Alonzo\', \'Princess Joy\\r\\nKevin Hart\', \'Loyd Cabangon\', \'Princess King\', \'Jose Palito\', \'Shane Cruz\\r\\nJenifer Ylan\\r\\nSanta Monica\', \'na\', NULL, \'na\', \'na\', \'2023-05-08 10:52:00\')')
 3 SYSTEMPATH\Database\BaseConnection.php(593): CodeIgniter\Database\BaseConnection->simpleQuery('INSERT INTO `wedding_roles` (`grooms_name`, `brides_name`, `grooms_father`, `grooms_mother`, `brides_father`, `brides_mother`, `principal_sponsor`, `best_man`, `maid_honor`, `groomsmen`, `bridemaid`, `candle`, `veil`, `cord`, `little_groombride`, `ring_bearer`, `coin_bearer`, `bible_bearer`, `flower_girls`, `note_for_bouquet`, `church_setup`, `note_for_setup`, `other_specify`, `created_at`) VALUES (\'Crisostomo\', \'MariaClara\', \'Juan Carlito\', \'Josephine Braquen\', \'Juanito Pomoy\', \'Saksi Niyan\', \'Juan Manuel\\r\\nJames Yap\\r\\nStephen Curry\\r\\nLebron James\\r\\nSaint benedict\\r\\nLiam Manroz\\r\\nSteve Kerr\\r\\n\', \'James Bond\', \'Kristine Barte\', \'Paul George\\r\\nTristan Cabrera\\r\\nPoland Since\', \'Wang Wang\\r\\nJairah Magnaye\\r\\nYlaine Vra\', \'Shane Supsup\\r\\nSarah Heronimo\\r\\n\', \'Vilma Santut\\r\\nLucky Manzagas\', \'Sam Milby\\r\\nBea Alonzo\', \'Princess Joy\\r\\nKevin Hart\', \'Loyd Cabangon\', \'Princess King\', \'Jose Palito\', \'Shane Cruz\\r\\nJenifer Ylan\\r\\nSanta Monica\', \'na\', NULL, \'na\', \'na\', \'2023-05-08 10:52:00\')')
 4 SYSTEMPATH\Database\BaseBuilder.php(1916): CodeIgniter\Database\BaseConnection->query('INSERT INTO `wedding_roles` (`grooms_name`, `brides_name`, `grooms_father`, `grooms_mother`, `brides_father`, `brides_mother`, `principal_sponsor`, `best_man`, `maid_honor`, `groomsmen`, `bridemaid`, `candle`, `veil`, `cord`, `little_groombride`, `ring_bearer`, `coin_bearer`, `bible_bearer`, `flower_girls`, `note_for_bouquet`, `church_setup`, `note_for_setup`, `other_specify`, `created_at`) VALUES (:grooms_name:, :brides_name:, :grooms_father:, :grooms_mother:, :brides_father:, :brides_mother:, :principal_sponsor:, :best_man:, :maid_honor:, :groomsmen:, :bridemaid:, :candle:, :veil:, :cord:, :little_groombride:, :ring_bearer:, :coin_bearer:, :bible_bearer:, :flower_girls:, :note_for_bouquet:, :church_setup:, :note_for_setup:, :other_specify:, :created_at:)', [...], false)
 5 SYSTEMPATH\Model.php(279): CodeIgniter\Database\BaseBuilder->insert()
 6 SYSTEMPATH\BaseModel.php(749): CodeIgniter\Model->doInsert([...])
 7 SYSTEMPATH\Model.php(667): CodeIgniter\BaseModel->insert([...], true)
 8 APPPATH\Controllers\Booking.php(203): CodeIgniter\Model->insert([...])
 9 SYSTEMPATH\CodeIgniter.php(927): App\Controllers\Booking->wedding_roles()
10 SYSTEMPATH\CodeIgniter.php(482): CodeIgniter\CodeIgniter->runController(Object(App\Controllers\Booking))
11 SYSTEMPATH\CodeIgniter.php(351): CodeIgniter\CodeIgniter->handleRequest(null, Object(Config\Cache), false)
12 FCPATH\index.php(67): CodeIgniter\CodeIgniter->run()
13 SYSTEMPATH\Commands\Server\rewrite.php(46): require_once('FCPATH\\index.php')
CRITICAL - 2023-05-08 10:57:43 --> CodeIgniter\HTTP\IncomingRequest::getFile(): Argument #1 ($fileID) must be of type string, array given, called in C:\xampp\htdocs\Florist-Event-Reservation-Ordering\app\Controllers\Booking.php on line 193
in SYSTEMPATH\HTTP\IncomingRequest.php on line 750.
 1 APPPATH\Controllers\Booking.php(193): CodeIgniter\HTTP\IncomingRequest->getFile([...])
 2 SYSTEMPATH\CodeIgniter.php(927): App\Controllers\Booking->wedding_roles()
 3 SYSTEMPATH\CodeIgniter.php(482): CodeIgniter\CodeIgniter->runController(Object(App\Controllers\Booking))
 4 SYSTEMPATH\CodeIgniter.php(351): CodeIgniter\CodeIgniter->handleRequest(null, Object(Config\Cache), false)
 5 FCPATH\index.php(67): CodeIgniter\CodeIgniter->run()
 6 SYSTEMPATH\Commands\Server\rewrite.php(46): require_once('FCPATH\\index.php')
CRITICAL - 2023-05-08 10:59:41 --> Call to a member function isValid() on array
in APPPATH\Controllers\Booking.php on line 200.
 1 SYSTEMPATH\CodeIgniter.php(927): App\Controllers\Booking->wedding_roles()
 2 SYSTEMPATH\CodeIgniter.php(482): CodeIgniter\CodeIgniter->runController(Object(App\Controllers\Booking))
 3 SYSTEMPATH\CodeIgniter.php(351): CodeIgniter\CodeIgniter->handleRequest(null, Object(Config\Cache), false)
 4 FCPATH\index.php(67): CodeIgniter\CodeIgniter->run()
 5 SYSTEMPATH\Commands\Server\rewrite.php(46): require_once('FCPATH\\index.php')
CRITICAL - 2023-05-08 11:01:31 --> Call to a member function isValid() on array
in APPPATH\Controllers\Booking.php on line 200.
 1 SYSTEMPATH\CodeIgniter.php(927): App\Controllers\Booking->wedding_roles()
 2 SYSTEMPATH\CodeIgniter.php(482): CodeIgniter\CodeIgniter->runController(Object(App\Controllers\Booking))
 3 SYSTEMPATH\CodeIgniter.php(351): CodeIgniter\CodeIgniter->handleRequest(null, Object(Config\Cache), false)
 4 FCPATH\index.php(67): CodeIgniter\CodeIgniter->run()
 5 SYSTEMPATH\Commands\Server\rewrite.php(46): require_once('FCPATH\\index.php')
CRITICAL - 2023-05-08 11:02:40 --> Call to a member function isValid() on array
in APPPATH\Controllers\Booking.php on line 200.
 1 SYSTEMPATH\CodeIgniter.php(927): App\Controllers\Booking->wedding_roles()
 2 SYSTEMPATH\CodeIgniter.php(482): CodeIgniter\CodeIgniter->runController(Object(App\Controllers\Booking))
 3 SYSTEMPATH\CodeIgniter.php(351): CodeIgniter\CodeIgniter->handleRequest(null, Object(Config\Cache), false)
 4 FCPATH\index.php(67): CodeIgniter\CodeIgniter->run()
 5 SYSTEMPATH\Commands\Server\rewrite.php(46): require_once('FCPATH\\index.php')
