CRITICAL - 2023-09-18 07:08:26 --> Class "App\Controllers\Stocks_model" not found
in APPPATH\Controllers\POS.php on line 22.
 1 SYSTEMPATH\CodeIgniter.php(927): App\Controllers\POS->postview()
 2 SYSTEMPATH\CodeIgniter.php(482): CodeIgniter\CodeIgniter->runController(Object(App\Controllers\POS))
 3 SYSTEMPATH\CodeIgniter.php(351): CodeIgniter\CodeIgniter->handleRequest(null, Object(Config\Cache), false)
 4 FCPATH\index.php(67): CodeIgniter\CodeIgniter->run()
 5 SYSTEMPATH\Commands\Server\rewrite.php(46): require_once('FCPATH\\index.php')
CRITICAL - 2023-09-18 07:17:02 --> Undefined array key "cat_name"
in APPPATH\Views\pos\pos.php on line 287.
 1 APPPATH\Views\pos\pos.php(287): CodeIgniter\Debug\Exceptions->errorHandler(2, 'Undefined array key "cat_name"', 'APPPATH\\Views\\pos\\pos.php', 287)
 2 SYSTEMPATH\View\View.php(213): include('APPPATH\\Views\\pos\\pos.php')
 3 SYSTEMPATH\View\View.php(216): CodeIgniter\View\View->CodeIgniter\View\{closure}()
 4 SYSTEMPATH\Common.php(1134): CodeIgniter\View\View->render('pos/pos', [], true)
 5 APPPATH\Controllers\POS.php(47): view('pos/pos', [...])
 6 SYSTEMPATH\CodeIgniter.php(927): App\Controllers\POS->postview()
 7 SYSTEMPATH\CodeIgniter.php(482): CodeIgniter\CodeIgniter->runController(Object(App\Controllers\POS))
 8 SYSTEMPATH\CodeIgniter.php(351): CodeIgniter\CodeIgniter->handleRequest(null, Object(Config\Cache), false)
 9 FCPATH\index.php(67): CodeIgniter\CodeIgniter->run()
10 SYSTEMPATH\Commands\Server\rewrite.php(46): require_once('FCPATH\\index.php')
CRITICAL - 2023-09-18 07:19:53 --> Undefined variable $categories
in APPPATH\Controllers\POS.php on line 31.
 1 APPPATH\Controllers\POS.php(31): CodeIgniter\Debug\Exceptions->errorHandler(2, 'Undefined variable $categories', 'APPPATH\\Controllers\\POS.php', 31)
 2 SYSTEMPATH\CodeIgniter.php(927): App\Controllers\POS->postview()
 3 SYSTEMPATH\CodeIgniter.php(482): CodeIgniter\CodeIgniter->runController(Object(App\Controllers\POS))
 4 SYSTEMPATH\CodeIgniter.php(351): CodeIgniter\CodeIgniter->handleRequest(null, Object(Config\Cache), false)
 5 FCPATH\index.php(67): CodeIgniter\CodeIgniter->run()
 6 SYSTEMPATH\Commands\Server\rewrite.php(46): require_once('FCPATH\\index.php')
CRITICAL - 2023-09-18 07:24:24 --> Undefined array key "category_id"
in APPPATH\Controllers\POS.php on line 35.
 1 APPPATH\Controllers\POS.php(35): CodeIgniter\Debug\Exceptions->errorHandler(2, 'Undefined array key "category_id"', 'APPPATH\\Controllers\\POS.php', 35)
 2 SYSTEMPATH\CodeIgniter.php(927): App\Controllers\POS->postview()
 3 SYSTEMPATH\CodeIgniter.php(482): CodeIgniter\CodeIgniter->runController(Object(App\Controllers\POS))
 4 SYSTEMPATH\CodeIgniter.php(351): CodeIgniter\CodeIgniter->handleRequest(null, Object(Config\Cache), false)
 5 FCPATH\index.php(67): CodeIgniter\CodeIgniter->run()
 6 SYSTEMPATH\Commands\Server\rewrite.php(46): require_once('FCPATH\\index.php')
CRITICAL - 2023-09-18 07:34:23 --> Undefined array key "cat_name"
in APPPATH\Views\pos\pos.php on line 287.
 1 APPPATH\Views\pos\pos.php(287): CodeIgniter\Debug\Exceptions->errorHandler(2, 'Undefined array key "cat_name"', 'APPPATH\\Views\\pos\\pos.php', 287)
 2 SYSTEMPATH\View\View.php(213): include('APPPATH\\Views\\pos\\pos.php')
 3 SYSTEMPATH\View\View.php(216): CodeIgniter\View\View->CodeIgniter\View\{closure}()
 4 SYSTEMPATH\Common.php(1134): CodeIgniter\View\View->render('pos/pos', [], true)
 5 APPPATH\Controllers\POS.php(42): view('pos/pos', [...])
 6 SYSTEMPATH\CodeIgniter.php(927): App\Controllers\POS->postview()
 7 SYSTEMPATH\CodeIgniter.php(482): CodeIgniter\CodeIgniter->runController(Object(App\Controllers\POS))
 8 SYSTEMPATH\CodeIgniter.php(351): CodeIgniter\CodeIgniter->handleRequest(null, Object(Config\Cache), false)
 9 FCPATH\index.php(67): CodeIgniter\CodeIgniter->run()
10 SYSTEMPATH\Commands\Server\rewrite.php(46): require_once('FCPATH\\index.php')
CRITICAL - 2023-09-18 07:34:41 --> Undefined variable $stocks_categories
in APPPATH\Views\pos\pos.php on line 286.
 1 APPPATH\Views\pos\pos.php(286): CodeIgniter\Debug\Exceptions->errorHandler(2, 'Undefined variable $stocks_categories', 'APPPATH\\Views\\pos\\pos.php', 286)
 2 SYSTEMPATH\View\View.php(213): include('APPPATH\\Views\\pos\\pos.php')
 3 SYSTEMPATH\View\View.php(216): CodeIgniter\View\View->CodeIgniter\View\{closure}()
 4 SYSTEMPATH\Common.php(1134): CodeIgniter\View\View->render('pos/pos', [], true)
 5 APPPATH\Controllers\POS.php(42): view('pos/pos', [...])
 6 SYSTEMPATH\CodeIgniter.php(927): App\Controllers\POS->postview()
 7 SYSTEMPATH\CodeIgniter.php(482): CodeIgniter\CodeIgniter->runController(Object(App\Controllers\POS))
 8 SYSTEMPATH\CodeIgniter.php(351): CodeIgniter\CodeIgniter->handleRequest(null, Object(Config\Cache), false)
 9 FCPATH\index.php(67): CodeIgniter\CodeIgniter->run()
10 SYSTEMPATH\Commands\Server\rewrite.php(46): require_once('FCPATH\\index.php')
CRITICAL - 2023-09-18 07:34:43 --> Undefined variable $stocks_categories
in APPPATH\Views\pos\pos.php on line 286.
 1 APPPATH\Views\pos\pos.php(286): CodeIgniter\Debug\Exceptions->errorHandler(2, 'Undefined variable $stocks_categories', 'APPPATH\\Views\\pos\\pos.php', 286)
 2 SYSTEMPATH\View\View.php(213): include('APPPATH\\Views\\pos\\pos.php')
 3 SYSTEMPATH\View\View.php(216): CodeIgniter\View\View->CodeIgniter\View\{closure}()
 4 SYSTEMPATH\Common.php(1134): CodeIgniter\View\View->render('pos/pos', [], true)
 5 APPPATH\Controllers\POS.php(42): view('pos/pos', [...])
 6 SYSTEMPATH\CodeIgniter.php(927): App\Controllers\POS->postview()
 7 SYSTEMPATH\CodeIgniter.php(482): CodeIgniter\CodeIgniter->runController(Object(App\Controllers\POS))
 8 SYSTEMPATH\CodeIgniter.php(351): CodeIgniter\CodeIgniter->handleRequest(null, Object(Config\Cache), false)
 9 FCPATH\index.php(67): CodeIgniter\CodeIgniter->run()
10 SYSTEMPATH\Commands\Server\rewrite.php(46): require_once('FCPATH\\index.php')
CRITICAL - 2023-09-18 07:41:06 --> Undefined array key "category_id"
in APPPATH\Views\pos\pos.php on line 290.
 1 APPPATH\Views\pos\pos.php(290): CodeIgniter\Debug\Exceptions->errorHandler(2, 'Undefined array key "category_id"', 'APPPATH\\Views\\pos\\pos.php', 290)
 2 SYSTEMPATH\View\View.php(213): include('APPPATH\\Views\\pos\\pos.php')
 3 SYSTEMPATH\View\View.php(216): CodeIgniter\View\View->CodeIgniter\View\{closure}()
 4 SYSTEMPATH\Common.php(1134): CodeIgniter\View\View->render('pos/pos', [], true)
 5 APPPATH\Controllers\POS.php(42): view('pos/pos', [...])
 6 SYSTEMPATH\CodeIgniter.php(927): App\Controllers\POS->postview()
 7 SYSTEMPATH\CodeIgniter.php(482): CodeIgniter\CodeIgniter->runController(Object(App\Controllers\POS))
 8 SYSTEMPATH\CodeIgniter.php(351): CodeIgniter\CodeIgniter->handleRequest(null, Object(Config\Cache), false)
 9 FCPATH\index.php(67): CodeIgniter\CodeIgniter->run()
10 SYSTEMPATH\Commands\Server\rewrite.php(46): require_once('FCPATH\\index.php')
CRITICAL - 2023-09-18 07:44:29 --> Undefined array key "category_id"
in APPPATH\Views\pos\pos.php on line 290.
 1 APPPATH\Views\pos\pos.php(290): CodeIgniter\Debug\Exceptions->errorHandler(2, 'Undefined array key "category_id"', 'APPPATH\\Views\\pos\\pos.php', 290)
 2 SYSTEMPATH\View\View.php(213): include('APPPATH\\Views\\pos\\pos.php')
 3 SYSTEMPATH\View\View.php(216): CodeIgniter\View\View->CodeIgniter\View\{closure}()
 4 SYSTEMPATH\Common.php(1134): CodeIgniter\View\View->render('pos/pos', [], true)
 5 APPPATH\Controllers\POS.php(42): view('pos/pos', [...])
 6 SYSTEMPATH\CodeIgniter.php(927): App\Controllers\POS->postview()
 7 SYSTEMPATH\CodeIgniter.php(482): CodeIgniter\CodeIgniter->runController(Object(App\Controllers\POS))
 8 SYSTEMPATH\CodeIgniter.php(351): CodeIgniter\CodeIgniter->handleRequest(null, Object(Config\Cache), false)
 9 FCPATH\index.php(67): CodeIgniter\CodeIgniter->run()
10 SYSTEMPATH\Commands\Server\rewrite.php(46): require_once('FCPATH\\index.php')
CRITICAL - 2023-09-18 07:44:54 --> Undefined array key "category_id"
in APPPATH\Views\pos\pos.php on line 290.
 1 APPPATH\Views\pos\pos.php(290): CodeIgniter\Debug\Exceptions->errorHandler(2, 'Undefined array key "category_id"', 'APPPATH\\Views\\pos\\pos.php', 290)
 2 SYSTEMPATH\View\View.php(213): include('APPPATH\\Views\\pos\\pos.php')
 3 SYSTEMPATH\View\View.php(216): CodeIgniter\View\View->CodeIgniter\View\{closure}()
 4 SYSTEMPATH\Common.php(1134): CodeIgniter\View\View->render('pos/pos', [], true)
 5 APPPATH\Controllers\POS.php(42): view('pos/pos', [...])
 6 SYSTEMPATH\CodeIgniter.php(927): App\Controllers\POS->postview()
 7 SYSTEMPATH\CodeIgniter.php(482): CodeIgniter\CodeIgniter->runController(Object(App\Controllers\POS))
 8 SYSTEMPATH\CodeIgniter.php(351): CodeIgniter\CodeIgniter->handleRequest(null, Object(Config\Cache), false)
 9 FCPATH\index.php(67): CodeIgniter\CodeIgniter->run()
10 SYSTEMPATH\Commands\Server\rewrite.php(46): require_once('FCPATH\\index.php')
CRITICAL - 2023-09-18 07:49:56 --> Undefined array key "product_name"
in APPPATH\Views\pos\pos.php on line 304.
 1 APPPATH\Views\pos\pos.php(304): CodeIgniter\Debug\Exceptions->errorHandler(2, 'Undefined array key "product_name"', 'APPPATH\\Views\\pos\\pos.php', 304)
 2 SYSTEMPATH\View\View.php(213): include('APPPATH\\Views\\pos\\pos.php')
 3 SYSTEMPATH\View\View.php(216): CodeIgniter\View\View->CodeIgniter\View\{closure}()
 4 SYSTEMPATH\Common.php(1134): CodeIgniter\View\View->render('pos/pos', [], true)
 5 APPPATH\Controllers\POS.php(42): view('pos/pos', [...])
 6 SYSTEMPATH\CodeIgniter.php(927): App\Controllers\POS->postview()
 7 SYSTEMPATH\CodeIgniter.php(482): CodeIgniter\CodeIgniter->runController(Object(App\Controllers\POS))
 8 SYSTEMPATH\CodeIgniter.php(351): CodeIgniter\CodeIgniter->handleRequest(null, Object(Config\Cache), false)
 9 FCPATH\index.php(67): CodeIgniter\CodeIgniter->run()
10 SYSTEMPATH\Commands\Server\rewrite.php(46): require_once('FCPATH\\index.php')
CRITICAL - 2023-09-18 08:16:23 --> Undefined array key "stocks_category_id"
in APPPATH\Views\pos\pos.php on line 305.
 1 APPPATH\Views\pos\pos.php(305): CodeIgniter\Debug\Exceptions->errorHandler(2, 'Undefined array key "stocks_category_id"', 'APPPATH\\Views\\pos\\pos.php', 305)
 2 SYSTEMPATH\View\View.php(213): include('APPPATH\\Views\\pos\\pos.php')
 3 SYSTEMPATH\View\View.php(216): CodeIgniter\View\View->CodeIgniter\View\{closure}()
 4 SYSTEMPATH\Common.php(1134): CodeIgniter\View\View->render('pos/pos', [], true)
 5 APPPATH\Controllers\POS.php(42): view('pos/pos', [...])
 6 SYSTEMPATH\CodeIgniter.php(927): App\Controllers\POS->postview()
 7 SYSTEMPATH\CodeIgniter.php(482): CodeIgniter\CodeIgniter->runController(Object(App\Controllers\POS))
 8 SYSTEMPATH\CodeIgniter.php(351): CodeIgniter\CodeIgniter->handleRequest(null, Object(Config\Cache), false)
 9 FCPATH\index.php(67): CodeIgniter\CodeIgniter->run()
10 SYSTEMPATH\Commands\Server\rewrite.php(46): require_once('FCPATH\\index.php')
CRITICAL - 2023-09-18 22:36:05 --> Undefined variable $product
in APPPATH\Views\pos\pos_custom.php on line 517.
 1 APPPATH\Views\pos\pos_custom.php(517): CodeIgniter\Debug\Exceptions->errorHandler(2, 'Undefined variable $product', 'APPPATH\\Views\\pos\\pos_custom.php', 517)
 2 SYSTEMPATH\View\View.php(213): include('APPPATH\\Views\\pos\\pos_custom.php')
 3 SYSTEMPATH\View\View.php(216): CodeIgniter\View\View->CodeIgniter\View\{closure}()
 4 SYSTEMPATH\Common.php(1134): CodeIgniter\View\View->render('pos/pos_custom', [], true)
 5 APPPATH\Controllers\POS.php(173): view('pos/pos_custom', [...])
 6 SYSTEMPATH\CodeIgniter.php(927): App\Controllers\POS->postview_custom()
 7 SYSTEMPATH\CodeIgniter.php(482): CodeIgniter\CodeIgniter->runController(Object(App\Controllers\POS))
 8 SYSTEMPATH\CodeIgniter.php(351): CodeIgniter\CodeIgniter->handleRequest(null, Object(Config\Cache), false)
 9 FCPATH\index.php(67): CodeIgniter\CodeIgniter->run()
10 SYSTEMPATH\Commands\Server\rewrite.php(46): require_once('FCPATH\\index.php')
