CRITICAL - 2023-09-13 03:13:34 --> Call to undefined method App\Controllers\Account::verifyMyPassword()
in APPPATH\Controllers\Account.php on line 46.
 1 SYSTEMPATH\CodeIgniter.php(927): App\Controllers\Account->signin()
 2 SYSTEMPATH\CodeIgniter.php(482): CodeIgniter\CodeIgniter->runController(Object(App\Controllers\Account))
 3 SYSTEMPATH\CodeIgniter.php(351): CodeIgniter\CodeIgniter->handleRequest(null, Object(Config\Cache), false)
 4 FCPATH\index.php(67): CodeIgniter\CodeIgniter->run()
 5 SYSTEMPATH\Commands\Server\rewrite.php(46): require_once('FCPATH\\index.php')
CRITICAL - 2023-09-13 03:17:56 --> Call to undefined method App\Controllers\Account::verifyMyPassword()
in APPPATH\Controllers\Account.php on line 46.
 1 SYSTEMPATH\CodeIgniter.php(927): App\Controllers\Account->signin()
 2 SYSTEMPATH\CodeIgniter.php(482): CodeIgniter\CodeIgniter->runController(Object(App\Controllers\Account))
 3 SYSTEMPATH\CodeIgniter.php(351): CodeIgniter\CodeIgniter->handleRequest(null, Object(Config\Cache), false)
 4 FCPATH\index.php(67): CodeIgniter\CodeIgniter->run()
 5 SYSTEMPATH\Commands\Server\rewrite.php(46): require_once('FCPATH\\index.php')
CRITICAL - 2023-09-13 03:18:02 --> Call to undefined method App\Controllers\Account::verifyMyPassword()
in APPPATH\Controllers\Account.php on line 46.
 1 SYSTEMPATH\CodeIgniter.php(927): App\Controllers\Account->signin()
 2 SYSTEMPATH\CodeIgniter.php(482): CodeIgniter\CodeIgniter->runController(Object(App\Controllers\Account))
 3 SYSTEMPATH\CodeIgniter.php(351): CodeIgniter\CodeIgniter->handleRequest(null, Object(Config\Cache), false)
 4 FCPATH\index.php(67): CodeIgniter\CodeIgniter->run()
 5 SYSTEMPATH\Commands\Server\rewrite.php(46): require_once('FCPATH\\index.php')
CRITICAL - 2023-09-13 03:18:09 --> Call to undefined method App\Controllers\Account::verifyMyPassword()
in APPPATH\Controllers\Account.php on line 46.
 1 SYSTEMPATH\CodeIgniter.php(927): App\Controllers\Account->signin()
 2 SYSTEMPATH\CodeIgniter.php(482): CodeIgniter\CodeIgniter->runController(Object(App\Controllers\Account))
 3 SYSTEMPATH\CodeIgniter.php(351): CodeIgniter\CodeIgniter->handleRequest(null, Object(Config\Cache), false)
 4 FCPATH\index.php(67): CodeIgniter\CodeIgniter->run()
 5 SYSTEMPATH\Commands\Server\rewrite.php(46): require_once('FCPATH\\index.php')
