CRITICAL - 2023-04-12 07:36:57 --> Trying to access array offset on value of type null
in APPPATH\Views\home\productdetails.php on line 31.
 1 APPPATH\Views\home\productdetails.php(31): CodeIgniter\Debug\Exceptions->errorHandler(2, 'Trying to access array offset on value of type null', 'APPPATH\\Views\\home\\productdetails.php', 31)
 2 SYSTEMPATH\View\View.php(213): include('APPPATH\\Views\\home\\productdetails.php')
 3 SYSTEMPATH\View\View.php(216): CodeIgniter\View\View->CodeIgniter\View\{closure}()
 4 SYSTEMPATH\Common.php(1134): CodeIgniter\View\View->render('home/productdetails', [], true)
 5 APPPATH\Views\includes\template.php(2): view('home/productdetails')
 6 SYSTEMPATH\View\View.php(213): include('APPPATH\\Views\\includes\\template.php')
 7 SYSTEMPATH\View\View.php(216): CodeIgniter\View\View->CodeIgniter\View\{closure}()
 8 SYSTEMPATH\Common.php(1134): CodeIgniter\View\View->render('includes/template', [], true)
 9 APPPATH\Controllers\Home.php(125): view('includes/template', [...])
10 SYSTEMPATH\CodeIgniter.php(927): App\Controllers\Home->productdetails('FCPATH\\template', 'assets', 'img', 'bg4.jpg')
11 SYSTEMPATH\CodeIgniter.php(482): CodeIgniter\CodeIgniter->runController(Object(App\Controllers\Home))
12 SYSTEMPATH\CodeIgniter.php(351): CodeIgniter\CodeIgniter->handleRequest(null, Object(Config\Cache), false)
13 FCPATH\index.php(67): CodeIgniter\CodeIgniter->run()
14 SYSTEMPATH\Commands\Server\rewrite.php(46): require_once('FCPATH\\index.php')
ERROR - 2023-04-12 21:35:44 --> mysqli_sql_exception: Operand should contain 1 column(s) in C:\xampp\htdocs\Florist-Event-Reservation-Ordering\system\Database\MySQLi\Connection.php:292
Stack trace:
#0 C:\xampp\htdocs\Florist-Event-Reservation-Ordering\system\Database\MySQLi\Connection.php(292): mysqli->query('INSERT INTO `pr...', 0)
#1 C:\xampp\htdocs\Florist-Event-Reservation-Ordering\system\Database\BaseConnection.php(666): CodeIgniter\Database\MySQLi\Connection->execute('INSERT INTO `pr...')
#2 C:\xampp\htdocs\Florist-Event-Reservation-Ordering\system\Database\BaseConnection.php(593): CodeIgniter\Database\BaseConnection->simpleQuery('INSERT INTO `pr...')
#3 C:\xampp\htdocs\Florist-Event-Reservation-Ordering\system\Database\BaseBuilder.php(1916): CodeIgniter\Database\BaseConnection->query('INSERT INTO `pr...', Array, false)
#4 C:\xampp\htdocs\Florist-Event-Reservation-Ordering\system\Model.php(279): CodeIgniter\Database\BaseBuilder->insert()
#5 C:\xampp\htdocs\Florist-Event-Reservation-Ordering\system\BaseModel.php(749): CodeIgniter\Model->doInsert(Array)
#6 C:\xampp\htdocs\Florist-Event-Reservation-Ordering\system\Model.php(667): CodeIgniter\BaseModel->insert(Array, false)
#7 C:\xampp\htdocs\Florist-Event-Reservation-Ordering\system\BaseModel.php(659): CodeIgniter\Model->insert(Array, false)
#8 C:\xampp\htdocs\Florist-Event-Reservation-Ordering\app\Controllers\Booking.php(91): CodeIgniter\BaseModel->save(Array)
#9 C:\xampp\htdocs\Florist-Event-Reservation-Ordering\system\CodeIgniter.php(927): App\Controllers\Booking->my_booking()
#10 C:\xampp\htdocs\Florist-Event-Reservation-Ordering\system\CodeIgniter.php(482): CodeIgniter\CodeIgniter->runController(Object(App\Controllers\Booking))
#11 C:\xampp\htdocs\Florist-Event-Reservation-Ordering\system\CodeIgniter.php(351): CodeIgniter\CodeIgniter->handleRequest(NULL, Object(Config\Cache), false)
#12 C:\xampp\htdocs\Florist-Event-Reservation-Ordering\public\index.php(67): CodeIgniter\CodeIgniter->run()
#13 C:\xampp\htdocs\Florist-Event-Reservation-Ordering\system\Commands\Server\rewrite.php(46): require_once('C:\\xampp\\htdocs...')
#14 {main}
CRITICAL - 2023-04-12 21:35:44 --> Operand should contain 1 column(s)
in SYSTEMPATH\Database\MySQLi\Connection.php on line 292.
 1 SYSTEMPATH\Database\MySQLi\Connection.php(292): mysqli->query('INSERT INTO `proof_of_payment` (`user_id`, `proof_payment`) VALUES ((1681353343,\'http://localhost:8080/my_booking\',\'1\',\'raven\',\'poro\',\'johnravenporo01@gmail.com\',\'09518696193\',1), \'1681353344_005e5f16d23d3a6aac6f.jpg\')', 0)
 2 SYSTEMPATH\Database\BaseConnection.php(666): CodeIgniter\Database\MySQLi\Connection->execute('INSERT INTO `proof_of_payment` (`user_id`, `proof_payment`) VALUES ((1681353343,\'http://localhost:8080/my_booking\',\'1\',\'raven\',\'poro\',\'johnravenporo01@gmail.com\',\'09518696193\',1), \'1681353344_005e5f16d23d3a6aac6f.jpg\')')
 3 SYSTEMPATH\Database\BaseConnection.php(593): CodeIgniter\Database\BaseConnection->simpleQuery('INSERT INTO `proof_of_payment` (`user_id`, `proof_payment`) VALUES ((1681353343,\'http://localhost:8080/my_booking\',\'1\',\'raven\',\'poro\',\'johnravenporo01@gmail.com\',\'09518696193\',1), \'1681353344_005e5f16d23d3a6aac6f.jpg\')')
 4 SYSTEMPATH\Database\BaseBuilder.php(1916): CodeIgniter\Database\BaseConnection->query('INSERT INTO `proof_of_payment` (`user_id`, `proof_payment`) VALUES (:user_id:, :proof_payment:)', [...], false)
 5 SYSTEMPATH\Model.php(279): CodeIgniter\Database\BaseBuilder->insert()
 6 SYSTEMPATH\BaseModel.php(749): CodeIgniter\Model->doInsert([...])
 7 SYSTEMPATH\Model.php(667): CodeIgniter\BaseModel->insert([...], false)
 8 SYSTEMPATH\BaseModel.php(659): CodeIgniter\Model->insert([...], false)
 9 APPPATH\Controllers\Booking.php(91): CodeIgniter\BaseModel->save([...])
10 SYSTEMPATH\CodeIgniter.php(927): App\Controllers\Booking->my_booking()
11 SYSTEMPATH\CodeIgniter.php(482): CodeIgniter\CodeIgniter->runController(Object(App\Controllers\Booking))
12 SYSTEMPATH\CodeIgniter.php(351): CodeIgniter\CodeIgniter->handleRequest(null, Object(Config\Cache), false)
13 FCPATH\index.php(67): CodeIgniter\CodeIgniter->run()
14 SYSTEMPATH\Commands\Server\rewrite.php(46): require_once('FCPATH\\index.php')
ERROR - 2023-04-12 21:36:28 --> mysqli_sql_exception: Operand should contain 1 column(s) in C:\xampp\htdocs\Florist-Event-Reservation-Ordering\system\Database\MySQLi\Connection.php:292
Stack trace:
#0 C:\xampp\htdocs\Florist-Event-Reservation-Ordering\system\Database\MySQLi\Connection.php(292): mysqli->query('INSERT INTO `pr...', 0)
#1 C:\xampp\htdocs\Florist-Event-Reservation-Ordering\system\Database\BaseConnection.php(666): CodeIgniter\Database\MySQLi\Connection->execute('INSERT INTO `pr...')
#2 C:\xampp\htdocs\Florist-Event-Reservation-Ordering\system\Database\BaseConnection.php(593): CodeIgniter\Database\BaseConnection->simpleQuery('INSERT INTO `pr...')
#3 C:\xampp\htdocs\Florist-Event-Reservation-Ordering\system\Database\BaseBuilder.php(1916): CodeIgniter\Database\BaseConnection->query('INSERT INTO `pr...', Array, false)
#4 C:\xampp\htdocs\Florist-Event-Reservation-Ordering\system\Model.php(279): CodeIgniter\Database\BaseBuilder->insert()
#5 C:\xampp\htdocs\Florist-Event-Reservation-Ordering\system\BaseModel.php(749): CodeIgniter\Model->doInsert(Array)
#6 C:\xampp\htdocs\Florist-Event-Reservation-Ordering\system\Model.php(667): CodeIgniter\BaseModel->insert(Array, false)
#7 C:\xampp\htdocs\Florist-Event-Reservation-Ordering\system\BaseModel.php(659): CodeIgniter\Model->insert(Array, false)
#8 C:\xampp\htdocs\Florist-Event-Reservation-Ordering\app\Controllers\Booking.php(115): CodeIgniter\BaseModel->save(Array)
#9 C:\xampp\htdocs\Florist-Event-Reservation-Ordering\system\CodeIgniter.php(927): App\Controllers\Booking->my_booking()
#10 C:\xampp\htdocs\Florist-Event-Reservation-Ordering\system\CodeIgniter.php(482): CodeIgniter\CodeIgniter->runController(Object(App\Controllers\Booking))
#11 C:\xampp\htdocs\Florist-Event-Reservation-Ordering\system\CodeIgniter.php(351): CodeIgniter\CodeIgniter->handleRequest(NULL, Object(Config\Cache), false)
#12 C:\xampp\htdocs\Florist-Event-Reservation-Ordering\public\index.php(67): CodeIgniter\CodeIgniter->run()
#13 C:\xampp\htdocs\Florist-Event-Reservation-Ordering\system\Commands\Server\rewrite.php(46): require_once('C:\\xampp\\htdocs...')
#14 {main}
CRITICAL - 2023-04-12 21:36:28 --> Operand should contain 1 column(s)
in SYSTEMPATH\Database\MySQLi\Connection.php on line 292.
 1 SYSTEMPATH\Database\MySQLi\Connection.php(292): mysqli->query('INSERT INTO `proof_of_payment` (`user_id`, `proof_payment`) VALUES ((1681353343,\'http://localhost:8080/my_booking\',\'1\',\'raven\',\'poro\',\'johnravenporo01@gmail.com\',\'09518696193\',1), \'1681353388_5d69a2fff17cd859510f.jpg\')', 0)
 2 SYSTEMPATH\Database\BaseConnection.php(666): CodeIgniter\Database\MySQLi\Connection->execute('INSERT INTO `proof_of_payment` (`user_id`, `proof_payment`) VALUES ((1681353343,\'http://localhost:8080/my_booking\',\'1\',\'raven\',\'poro\',\'johnravenporo01@gmail.com\',\'09518696193\',1), \'1681353388_5d69a2fff17cd859510f.jpg\')')
 3 SYSTEMPATH\Database\BaseConnection.php(593): CodeIgniter\Database\BaseConnection->simpleQuery('INSERT INTO `proof_of_payment` (`user_id`, `proof_payment`) VALUES ((1681353343,\'http://localhost:8080/my_booking\',\'1\',\'raven\',\'poro\',\'johnravenporo01@gmail.com\',\'09518696193\',1), \'1681353388_5d69a2fff17cd859510f.jpg\')')
 4 SYSTEMPATH\Database\BaseBuilder.php(1916): CodeIgniter\Database\BaseConnection->query('INSERT INTO `proof_of_payment` (`user_id`, `proof_payment`) VALUES (:user_id:, :proof_payment:)', [...], false)
 5 SYSTEMPATH\Model.php(279): CodeIgniter\Database\BaseBuilder->insert()
 6 SYSTEMPATH\BaseModel.php(749): CodeIgniter\Model->doInsert([...])
 7 SYSTEMPATH\Model.php(667): CodeIgniter\BaseModel->insert([...], false)
 8 SYSTEMPATH\BaseModel.php(659): CodeIgniter\Model->insert([...], false)
 9 APPPATH\Controllers\Booking.php(115): CodeIgniter\BaseModel->save([...])
10 SYSTEMPATH\CodeIgniter.php(927): App\Controllers\Booking->my_booking()
11 SYSTEMPATH\CodeIgniter.php(482): CodeIgniter\CodeIgniter->runController(Object(App\Controllers\Booking))
12 SYSTEMPATH\CodeIgniter.php(351): CodeIgniter\CodeIgniter->handleRequest(null, Object(Config\Cache), false)
13 FCPATH\index.php(67): CodeIgniter\CodeIgniter->run()
14 SYSTEMPATH\Commands\Server\rewrite.php(46): require_once('FCPATH\\index.php')
ERROR - 2023-04-12 21:36:33 --> mysqli_sql_exception: Operand should contain 1 column(s) in C:\xampp\htdocs\Florist-Event-Reservation-Ordering\system\Database\MySQLi\Connection.php:292
Stack trace:
#0 C:\xampp\htdocs\Florist-Event-Reservation-Ordering\system\Database\MySQLi\Connection.php(292): mysqli->query('INSERT INTO `pr...', 0)
#1 C:\xampp\htdocs\Florist-Event-Reservation-Ordering\system\Database\BaseConnection.php(666): CodeIgniter\Database\MySQLi\Connection->execute('INSERT INTO `pr...')
#2 C:\xampp\htdocs\Florist-Event-Reservation-Ordering\system\Database\BaseConnection.php(593): CodeIgniter\Database\BaseConnection->simpleQuery('INSERT INTO `pr...')
#3 C:\xampp\htdocs\Florist-Event-Reservation-Ordering\system\Database\BaseBuilder.php(1916): CodeIgniter\Database\BaseConnection->query('INSERT INTO `pr...', Array, false)
#4 C:\xampp\htdocs\Florist-Event-Reservation-Ordering\system\Model.php(279): CodeIgniter\Database\BaseBuilder->insert()
#5 C:\xampp\htdocs\Florist-Event-Reservation-Ordering\system\BaseModel.php(749): CodeIgniter\Model->doInsert(Array)
#6 C:\xampp\htdocs\Florist-Event-Reservation-Ordering\system\Model.php(667): CodeIgniter\BaseModel->insert(Array, false)
#7 C:\xampp\htdocs\Florist-Event-Reservation-Ordering\system\BaseModel.php(659): CodeIgniter\Model->insert(Array, false)
#8 C:\xampp\htdocs\Florist-Event-Reservation-Ordering\app\Controllers\Booking.php(115): CodeIgniter\BaseModel->save(Array)
#9 C:\xampp\htdocs\Florist-Event-Reservation-Ordering\system\CodeIgniter.php(927): App\Controllers\Booking->my_booking()
#10 C:\xampp\htdocs\Florist-Event-Reservation-Ordering\system\CodeIgniter.php(482): CodeIgniter\CodeIgniter->runController(Object(App\Controllers\Booking))
#11 C:\xampp\htdocs\Florist-Event-Reservation-Ordering\system\CodeIgniter.php(351): CodeIgniter\CodeIgniter->handleRequest(NULL, Object(Config\Cache), false)
#12 C:\xampp\htdocs\Florist-Event-Reservation-Ordering\public\index.php(67): CodeIgniter\CodeIgniter->run()
#13 C:\xampp\htdocs\Florist-Event-Reservation-Ordering\system\Commands\Server\rewrite.php(46): require_once('C:\\xampp\\htdocs...')
#14 {main}
CRITICAL - 2023-04-12 21:36:33 --> Operand should contain 1 column(s)
in SYSTEMPATH\Database\MySQLi\Connection.php on line 292.
 1 SYSTEMPATH\Database\MySQLi\Connection.php(292): mysqli->query('INSERT INTO `proof_of_payment` (`user_id`, `proof_payment`) VALUES ((1681353343,\'http://localhost:8080/my_booking\',\'1\',\'raven\',\'poro\',\'johnravenporo01@gmail.com\',\'09518696193\',1), \'1681353393_e1602b2628320612a677.jpg\')', 0)
 2 SYSTEMPATH\Database\BaseConnection.php(666): CodeIgniter\Database\MySQLi\Connection->execute('INSERT INTO `proof_of_payment` (`user_id`, `proof_payment`) VALUES ((1681353343,\'http://localhost:8080/my_booking\',\'1\',\'raven\',\'poro\',\'johnravenporo01@gmail.com\',\'09518696193\',1), \'1681353393_e1602b2628320612a677.jpg\')')
 3 SYSTEMPATH\Database\BaseConnection.php(593): CodeIgniter\Database\BaseConnection->simpleQuery('INSERT INTO `proof_of_payment` (`user_id`, `proof_payment`) VALUES ((1681353343,\'http://localhost:8080/my_booking\',\'1\',\'raven\',\'poro\',\'johnravenporo01@gmail.com\',\'09518696193\',1), \'1681353393_e1602b2628320612a677.jpg\')')
 4 SYSTEMPATH\Database\BaseBuilder.php(1916): CodeIgniter\Database\BaseConnection->query('INSERT INTO `proof_of_payment` (`user_id`, `proof_payment`) VALUES (:user_id:, :proof_payment:)', [...], false)
 5 SYSTEMPATH\Model.php(279): CodeIgniter\Database\BaseBuilder->insert()
 6 SYSTEMPATH\BaseModel.php(749): CodeIgniter\Model->doInsert([...])
 7 SYSTEMPATH\Model.php(667): CodeIgniter\BaseModel->insert([...], false)
 8 SYSTEMPATH\BaseModel.php(659): CodeIgniter\Model->insert([...], false)
 9 APPPATH\Controllers\Booking.php(115): CodeIgniter\BaseModel->save([...])
10 SYSTEMPATH\CodeIgniter.php(927): App\Controllers\Booking->my_booking()
11 SYSTEMPATH\CodeIgniter.php(482): CodeIgniter\CodeIgniter->runController(Object(App\Controllers\Booking))
12 SYSTEMPATH\CodeIgniter.php(351): CodeIgniter\CodeIgniter->handleRequest(null, Object(Config\Cache), false)
13 FCPATH\index.php(67): CodeIgniter\CodeIgniter->run()
14 SYSTEMPATH\Commands\Server\rewrite.php(46): require_once('FCPATH\\index.php')
CRITICAL - 2023-04-12 21:43:48 --> Trying to access array offset on value of type null
in APPPATH\Views\home\productdetails.php on line 31.
 1 APPPATH\Views\home\productdetails.php(31): CodeIgniter\Debug\Exceptions->errorHandler(2, 'Trying to access array offset on value of type null', 'APPPATH\\Views\\home\\productdetails.php', 31)
 2 SYSTEMPATH\View\View.php(213): include('APPPATH\\Views\\home\\productdetails.php')
 3 SYSTEMPATH\View\View.php(216): CodeIgniter\View\View->CodeIgniter\View\{closure}()
 4 SYSTEMPATH\Common.php(1134): CodeIgniter\View\View->render('home/productdetails', [], true)
 5 APPPATH\Views\includes\template.php(2): view('home/productdetails')
 6 SYSTEMPATH\View\View.php(213): include('APPPATH\\Views\\includes\\template.php')
 7 SYSTEMPATH\View\View.php(216): CodeIgniter\View\View->CodeIgniter\View\{closure}()
 8 SYSTEMPATH\Common.php(1134): CodeIgniter\View\View->render('includes/template', [], true)
 9 APPPATH\Controllers\Home.php(125): view('includes/template', [...])
10 SYSTEMPATH\CodeIgniter.php(927): App\Controllers\Home->productdetails('FCPATH\\template', 'assets', 'img', 'bg4.jpg')
11 SYSTEMPATH\CodeIgniter.php(482): CodeIgniter\CodeIgniter->runController(Object(App\Controllers\Home))
12 SYSTEMPATH\CodeIgniter.php(351): CodeIgniter\CodeIgniter->handleRequest(null, Object(Config\Cache), false)
13 FCPATH\index.php(67): CodeIgniter\CodeIgniter->run()
14 SYSTEMPATH\Commands\Server\rewrite.php(46): require_once('FCPATH\\index.php')
CRITICAL - 2023-04-12 21:48:00 --> Trying to access array offset on value of type null
in APPPATH\Views\home\productdetails.php on line 31.
 1 APPPATH\Views\home\productdetails.php(31): CodeIgniter\Debug\Exceptions->errorHandler(2, 'Trying to access array offset on value of type null', 'APPPATH\\Views\\home\\productdetails.php', 31)
 2 SYSTEMPATH\View\View.php(213): include('APPPATH\\Views\\home\\productdetails.php')
 3 SYSTEMPATH\View\View.php(216): CodeIgniter\View\View->CodeIgniter\View\{closure}()
 4 SYSTEMPATH\Common.php(1134): CodeIgniter\View\View->render('home/productdetails', [], true)
 5 APPPATH\Views\includes\template.php(2): view('home/productdetails')
 6 SYSTEMPATH\View\View.php(213): include('APPPATH\\Views\\includes\\template.php')
 7 SYSTEMPATH\View\View.php(216): CodeIgniter\View\View->CodeIgniter\View\{closure}()
 8 SYSTEMPATH\Common.php(1134): CodeIgniter\View\View->render('includes/template', [], true)
 9 APPPATH\Controllers\Home.php(125): view('includes/template', [...])
10 SYSTEMPATH\CodeIgniter.php(927): App\Controllers\Home->productdetails('FCPATH\\template', 'assets', 'img', 'bg4.jpg')
11 SYSTEMPATH\CodeIgniter.php(482): CodeIgniter\CodeIgniter->runController(Object(App\Controllers\Home))
12 SYSTEMPATH\CodeIgniter.php(351): CodeIgniter\CodeIgniter->handleRequest(null, Object(Config\Cache), false)
13 FCPATH\index.php(67): CodeIgniter\CodeIgniter->run()
14 SYSTEMPATH\Commands\Server\rewrite.php(46): require_once('FCPATH\\index.php')
CRITICAL - 2023-04-12 21:48:21 --> Trying to access array offset on value of type null
in APPPATH\Views\home\productdetails.php on line 31.
 1 APPPATH\Views\home\productdetails.php(31): CodeIgniter\Debug\Exceptions->errorHandler(2, 'Trying to access array offset on value of type null', 'APPPATH\\Views\\home\\productdetails.php', 31)
 2 SYSTEMPATH\View\View.php(213): include('APPPATH\\Views\\home\\productdetails.php')
 3 SYSTEMPATH\View\View.php(216): CodeIgniter\View\View->CodeIgniter\View\{closure}()
 4 SYSTEMPATH\Common.php(1134): CodeIgniter\View\View->render('home/productdetails', [], true)
 5 APPPATH\Views\includes\template.php(2): view('home/productdetails')
 6 SYSTEMPATH\View\View.php(213): include('APPPATH\\Views\\includes\\template.php')
 7 SYSTEMPATH\View\View.php(216): CodeIgniter\View\View->CodeIgniter\View\{closure}()
 8 SYSTEMPATH\Common.php(1134): CodeIgniter\View\View->render('includes/template', [], true)
 9 APPPATH\Controllers\Home.php(125): view('includes/template', [...])
10 SYSTEMPATH\CodeIgniter.php(927): App\Controllers\Home->productdetails('FCPATH\\template', 'assets', 'img', 'bg4.jpg')
11 SYSTEMPATH\CodeIgniter.php(482): CodeIgniter\CodeIgniter->runController(Object(App\Controllers\Home))
12 SYSTEMPATH\CodeIgniter.php(351): CodeIgniter\CodeIgniter->handleRequest(null, Object(Config\Cache), false)
13 FCPATH\index.php(67): CodeIgniter\CodeIgniter->run()
14 SYSTEMPATH\Commands\Server\rewrite.php(46): require_once('FCPATH\\index.php')
CRITICAL - 2023-04-12 21:51:03 --> Trying to access array offset on value of type null
in APPPATH\Views\home\productdetails.php on line 31.
 1 APPPATH\Views\home\productdetails.php(31): CodeIgniter\Debug\Exceptions->errorHandler(2, 'Trying to access array offset on value of type null', 'APPPATH\\Views\\home\\productdetails.php', 31)
 2 SYSTEMPATH\View\View.php(213): include('APPPATH\\Views\\home\\productdetails.php')
 3 SYSTEMPATH\View\View.php(216): CodeIgniter\View\View->CodeIgniter\View\{closure}()
 4 SYSTEMPATH\Common.php(1134): CodeIgniter\View\View->render('home/productdetails', [], true)
 5 APPPATH\Views\includes\template.php(2): view('home/productdetails')
 6 SYSTEMPATH\View\View.php(213): include('APPPATH\\Views\\includes\\template.php')
 7 SYSTEMPATH\View\View.php(216): CodeIgniter\View\View->CodeIgniter\View\{closure}()
 8 SYSTEMPATH\Common.php(1134): CodeIgniter\View\View->render('includes/template', [], true)
 9 APPPATH\Controllers\Home.php(125): view('includes/template', [...])
10 SYSTEMPATH\CodeIgniter.php(927): App\Controllers\Home->productdetails('FCPATH\\template', 'assets', 'img', 'bg4.jpg')
11 SYSTEMPATH\CodeIgniter.php(482): CodeIgniter\CodeIgniter->runController(Object(App\Controllers\Home))
12 SYSTEMPATH\CodeIgniter.php(351): CodeIgniter\CodeIgniter->handleRequest(null, Object(Config\Cache), false)
13 FCPATH\index.php(67): CodeIgniter\CodeIgniter->run()
14 SYSTEMPATH\Commands\Server\rewrite.php(46): require_once('FCPATH\\index.php')
CRITICAL - 2023-04-12 21:55:44 --> Trying to access array offset on value of type null
in APPPATH\Views\home\productdetails.php on line 31.
 1 APPPATH\Views\home\productdetails.php(31): CodeIgniter\Debug\Exceptions->errorHandler(2, 'Trying to access array offset on value of type null', 'APPPATH\\Views\\home\\productdetails.php', 31)
 2 SYSTEMPATH\View\View.php(213): include('APPPATH\\Views\\home\\productdetails.php')
 3 SYSTEMPATH\View\View.php(216): CodeIgniter\View\View->CodeIgniter\View\{closure}()
 4 SYSTEMPATH\Common.php(1134): CodeIgniter\View\View->render('home/productdetails', [], true)
 5 APPPATH\Views\includes\template.php(2): view('home/productdetails')
 6 SYSTEMPATH\View\View.php(213): include('APPPATH\\Views\\includes\\template.php')
 7 SYSTEMPATH\View\View.php(216): CodeIgniter\View\View->CodeIgniter\View\{closure}()
 8 SYSTEMPATH\Common.php(1134): CodeIgniter\View\View->render('includes/template', [], true)
 9 APPPATH\Controllers\Home.php(125): view('includes/template', [...])
10 SYSTEMPATH\CodeIgniter.php(927): App\Controllers\Home->productdetails('FCPATH\\template', 'assets', 'img', 'bg4.jpg')
11 SYSTEMPATH\CodeIgniter.php(482): CodeIgniter\CodeIgniter->runController(Object(App\Controllers\Home))
12 SYSTEMPATH\CodeIgniter.php(351): CodeIgniter\CodeIgniter->handleRequest(null, Object(Config\Cache), false)
13 FCPATH\index.php(67): CodeIgniter\CodeIgniter->run()
14 SYSTEMPATH\Commands\Server\rewrite.php(46): require_once('FCPATH\\index.php')
CRITICAL - 2023-04-12 21:58:09 --> Trying to access array offset on value of type null
in APPPATH\Views\home\productdetails.php on line 31.
 1 APPPATH\Views\home\productdetails.php(31): CodeIgniter\Debug\Exceptions->errorHandler(2, 'Trying to access array offset on value of type null', 'APPPATH\\Views\\home\\productdetails.php', 31)
 2 SYSTEMPATH\View\View.php(213): include('APPPATH\\Views\\home\\productdetails.php')
 3 SYSTEMPATH\View\View.php(216): CodeIgniter\View\View->CodeIgniter\View\{closure}()
 4 SYSTEMPATH\Common.php(1134): CodeIgniter\View\View->render('home/productdetails', [], true)
 5 APPPATH\Views\includes\template.php(2): view('home/productdetails')
 6 SYSTEMPATH\View\View.php(213): include('APPPATH\\Views\\includes\\template.php')
 7 SYSTEMPATH\View\View.php(216): CodeIgniter\View\View->CodeIgniter\View\{closure}()
 8 SYSTEMPATH\Common.php(1134): CodeIgniter\View\View->render('includes/template', [], true)
 9 APPPATH\Controllers\Home.php(125): view('includes/template', [...])
10 SYSTEMPATH\CodeIgniter.php(927): App\Controllers\Home->productdetails('FCPATH\\template', 'assets', 'img', 'bg4.jpg')
11 SYSTEMPATH\CodeIgniter.php(482): CodeIgniter\CodeIgniter->runController(Object(App\Controllers\Home))
12 SYSTEMPATH\CodeIgniter.php(351): CodeIgniter\CodeIgniter->handleRequest(null, Object(Config\Cache), false)
13 FCPATH\index.php(67): CodeIgniter\CodeIgniter->run()
14 SYSTEMPATH\Commands\Server\rewrite.php(46): require_once('FCPATH\\index.php')
CRITICAL - 2023-04-12 22:25:28 --> Trying to access array offset on value of type null
in APPPATH\Views\home\productdetails.php on line 31.
 1 APPPATH\Views\home\productdetails.php(31): CodeIgniter\Debug\Exceptions->errorHandler(2, 'Trying to access array offset on value of type null', 'APPPATH\\Views\\home\\productdetails.php', 31)
 2 SYSTEMPATH\View\View.php(213): include('APPPATH\\Views\\home\\productdetails.php')
 3 SYSTEMPATH\View\View.php(216): CodeIgniter\View\View->CodeIgniter\View\{closure}()
 4 SYSTEMPATH\Common.php(1134): CodeIgniter\View\View->render('home/productdetails', [], true)
 5 APPPATH\Views\includes\template.php(2): view('home/productdetails')
 6 SYSTEMPATH\View\View.php(213): include('APPPATH\\Views\\includes\\template.php')
 7 SYSTEMPATH\View\View.php(216): CodeIgniter\View\View->CodeIgniter\View\{closure}()
 8 SYSTEMPATH\Common.php(1134): CodeIgniter\View\View->render('includes/template', [], true)
 9 APPPATH\Controllers\Home.php(125): view('includes/template', [...])
10 SYSTEMPATH\CodeIgniter.php(927): App\Controllers\Home->productdetails('FCPATH\\template', 'assets', 'img', 'bg4.jpg')
11 SYSTEMPATH\CodeIgniter.php(482): CodeIgniter\CodeIgniter->runController(Object(App\Controllers\Home))
12 SYSTEMPATH\CodeIgniter.php(351): CodeIgniter\CodeIgniter->handleRequest(null, Object(Config\Cache), false)
13 FCPATH\index.php(67): CodeIgniter\CodeIgniter->run()
14 SYSTEMPATH\Commands\Server\rewrite.php(46): require_once('FCPATH\\index.php')
