CRITICAL - 2024-03-01 18:53:57 --> Call to undefined method App\Models\Machine_model::orderBy()
in APPPATH\Controllers\Home.php on line 194.
 1 APPPATH\Controllers\Home.php(170): App\Controllers\Home->generateEquipId()
 2 SYSTEMPATH\CodeIgniter.php(927): App\Controllers\Home->add_cpu()
 3 SYSTEMPATH\CodeIgniter.php(482): CodeIgniter\CodeIgniter->runController(Object(App\Controllers\Home))
 4 SYSTEMPATH\CodeIgniter.php(351): CodeIgniter\CodeIgniter->handleRequest(null, Object(Config\Cache), false)
 5 FCPATH\index.php(87): CodeIgniter\CodeIgniter->run()
 6 SYSTEMPATH\Commands\Server\rewrite.php(46): require_once('FCPATH\\index.php')
ERROR - 2024-03-01 18:54:55 --> mysqli_sql_exception: Column 'conditions' cannot be null in C:\xampp\htdocs\tamtechhub_inventory\system\Database\MySQLi\Connection.php:292
Stack trace:
#0 C:\xampp\htdocs\tamtechhub_inventory\system\Database\MySQLi\Connection.php(292): mysqli->query('INSERT INTO `ma...', 0)
#1 C:\xampp\htdocs\tamtechhub_inventory\system\Database\BaseConnection.php(666): CodeIgniter\Database\MySQLi\Connection->execute('INSERT INTO `ma...')
#2 C:\xampp\htdocs\tamtechhub_inventory\system\Database\BaseConnection.php(593): CodeIgniter\Database\BaseConnection->simpleQuery('INSERT INTO `ma...')
#3 C:\xampp\htdocs\tamtechhub_inventory\system\Database\BaseBuilder.php(1916): CodeIgniter\Database\BaseConnection->query('INSERT INTO `ma...', Array, false)
#4 C:\xampp\htdocs\tamtechhub_inventory\system\Model.php(279): CodeIgniter\Database\BaseBuilder->insert()
#5 C:\xampp\htdocs\tamtechhub_inventory\system\BaseModel.php(749): CodeIgniter\Model->doInsert(Array)
#6 C:\xampp\htdocs\tamtechhub_inventory\system\Model.php(667): CodeIgniter\BaseModel->insert(Array, false)
#7 C:\xampp\htdocs\tamtechhub_inventory\system\BaseModel.php(659): CodeIgniter\Model->insert(Array, false)
#8 C:\xampp\htdocs\tamtechhub_inventory\app\Controllers\Home.php(181): CodeIgniter\BaseModel->save(Array)
#9 C:\xampp\htdocs\tamtechhub_inventory\system\CodeIgniter.php(927): App\Controllers\Home->add_cpu()
#10 C:\xampp\htdocs\tamtechhub_inventory\system\CodeIgniter.php(482): CodeIgniter\CodeIgniter->runController(Object(App\Controllers\Home))
#11 C:\xampp\htdocs\tamtechhub_inventory\system\CodeIgniter.php(351): CodeIgniter\CodeIgniter->handleRequest(NULL, Object(Config\Cache), false)
#12 C:\xampp\htdocs\tamtechhub_inventory\public\index.php(87): CodeIgniter\CodeIgniter->run()
#13 C:\xampp\htdocs\tamtechhub_inventory\system\Commands\Server\rewrite.php(46): require_once('C:\\xampp\\htdocs...')
#14 {main}
CRITICAL - 2024-03-01 18:54:55 --> Column 'conditions' cannot be null
in SYSTEMPATH\Database\MySQLi\Connection.php on line 292.
 1 SYSTEMPATH\Database\MySQLi\Connection.php(292): mysqli->query('INSERT INTO `machine` (`equip_id`, `brand`, `model`, `conditions`) VALUES (\'CPU1-Tamtech\', \'Hewlett Packard\', \'HP Elite Desk 800\', NULL)', 0)
 2 SYSTEMPATH\Database\BaseConnection.php(666): CodeIgniter\Database\MySQLi\Connection->execute('INSERT INTO `machine` (`equip_id`, `brand`, `model`, `conditions`) VALUES (\'CPU1-Tamtech\', \'Hewlett Packard\', \'HP Elite Desk 800\', NULL)')
 3 SYSTEMPATH\Database\BaseConnection.php(593): CodeIgniter\Database\BaseConnection->simpleQuery('INSERT INTO `machine` (`equip_id`, `brand`, `model`, `conditions`) VALUES (\'CPU1-Tamtech\', \'Hewlett Packard\', \'HP Elite Desk 800\', NULL)')
 4 SYSTEMPATH\Database\BaseBuilder.php(1916): CodeIgniter\Database\BaseConnection->query('INSERT INTO `machine` (`equip_id`, `brand`, `model`, `conditions`) VALUES (:equip_id:, :brand:, :model:, :conditions:)', [...], false)
 5 SYSTEMPATH\Model.php(279): CodeIgniter\Database\BaseBuilder->insert()
 6 SYSTEMPATH\BaseModel.php(749): CodeIgniter\Model->doInsert([...])
 7 SYSTEMPATH\Model.php(667): CodeIgniter\BaseModel->insert([...], false)
 8 SYSTEMPATH\BaseModel.php(659): CodeIgniter\Model->insert([...], false)
 9 APPPATH\Controllers\Home.php(181): CodeIgniter\BaseModel->save([...])
10 SYSTEMPATH\CodeIgniter.php(927): App\Controllers\Home->add_cpu()
11 SYSTEMPATH\CodeIgniter.php(482): CodeIgniter\CodeIgniter->runController(Object(App\Controllers\Home))
12 SYSTEMPATH\CodeIgniter.php(351): CodeIgniter\CodeIgniter->handleRequest(null, Object(Config\Cache), false)
13 FCPATH\index.php(87): CodeIgniter\CodeIgniter->run()
14 SYSTEMPATH\Commands\Server\rewrite.php(46): require_once('FCPATH\\index.php')
CRITICAL - 2024-03-01 18:57:44 --> Maximum execution time of 60 seconds exceeded
in SYSTEMPATH\Database\MySQLi\Connection.php on line 293.
 1 [internal function]: CodeIgniter\Debug\Exceptions->shutdownHandler()
