CRITICAL - 2022-12-05 02:28:06 --> syntax error, unexpected end of file
in APPPATH\Views\admin_dashboard\product_category.php on line 38.
 1 SYSTEMPATH\View\View.php(216): CodeIgniter\View\View->CodeIgniter\View\{closure}()
 2 SYSTEMPATH\Common.php(1134): CodeIgniter\View\View->render('admin_dashboard/product_category', [], true)
 3 APPPATH\Controllers\ProductController.php(102): view('admin_dashboard/product_category', [...])
 4 SYSTEMPATH\CodeIgniter.php(927): App\Controllers\ProductController->product_category()
 5 SYSTEMPATH\CodeIgniter.php(482): CodeIgniter\CodeIgniter->runController(Object(App\Controllers\ProductController))
 6 SYSTEMPATH\CodeIgniter.php(351): CodeIgniter\CodeIgniter->handleRequest(null, Object(Config\Cache), false)
 7 FCPATH\index.php(67): CodeIgniter\CodeIgniter->run()
 8 SYSTEMPATH\Commands\Server\rewrite.php(46): require_once('FCPATH\\index.php')
CRITICAL - 2022-12-05 02:31:06 --> syntax error, unexpected end of file
in APPPATH\Views\admin_dashboard\product_category.php on line 38.
 1 SYSTEMPATH\View\View.php(216): CodeIgniter\View\View->CodeIgniter\View\{closure}()
 2 SYSTEMPATH\Common.php(1134): CodeIgniter\View\View->render('admin_dashboard/product_category', [], true)
 3 APPPATH\Controllers\ProductController.php(102): view('admin_dashboard/product_category', [...])
 4 SYSTEMPATH\CodeIgniter.php(927): App\Controllers\ProductController->product_category()
 5 SYSTEMPATH\CodeIgniter.php(482): CodeIgniter\CodeIgniter->runController(Object(App\Controllers\ProductController))
 6 SYSTEMPATH\CodeIgniter.php(351): CodeIgniter\CodeIgniter->handleRequest(null, Object(Config\Cache), false)
 7 FCPATH\index.php(67): CodeIgniter\CodeIgniter->run()
 8 SYSTEMPATH\Commands\Server\rewrite.php(46): require_once('FCPATH\\index.php')
CRITICAL - 2022-12-05 02:31:07 --> syntax error, unexpected end of file
in APPPATH\Views\admin_dashboard\product_category.php on line 38.
 1 SYSTEMPATH\View\View.php(216): CodeIgniter\View\View->CodeIgniter\View\{closure}()
 2 SYSTEMPATH\Common.php(1134): CodeIgniter\View\View->render('admin_dashboard/product_category', [], true)
 3 APPPATH\Controllers\ProductController.php(102): view('admin_dashboard/product_category', [...])
 4 SYSTEMPATH\CodeIgniter.php(927): App\Controllers\ProductController->product_category()
 5 SYSTEMPATH\CodeIgniter.php(482): CodeIgniter\CodeIgniter->runController(Object(App\Controllers\ProductController))
 6 SYSTEMPATH\CodeIgniter.php(351): CodeIgniter\CodeIgniter->handleRequest(null, Object(Config\Cache), false)
 7 FCPATH\index.php(67): CodeIgniter\CodeIgniter->run()
 8 SYSTEMPATH\Commands\Server\rewrite.php(46): require_once('FCPATH\\index.php')
CRITICAL - 2022-12-05 02:31:07 --> syntax error, unexpected end of file
in APPPATH\Views\admin_dashboard\product_category.php on line 38.
 1 SYSTEMPATH\View\View.php(216): CodeIgniter\View\View->CodeIgniter\View\{closure}()
 2 SYSTEMPATH\Common.php(1134): CodeIgniter\View\View->render('admin_dashboard/product_category', [], true)
 3 APPPATH\Controllers\ProductController.php(102): view('admin_dashboard/product_category', [...])
 4 SYSTEMPATH\CodeIgniter.php(927): App\Controllers\ProductController->product_category()
 5 SYSTEMPATH\CodeIgniter.php(482): CodeIgniter\CodeIgniter->runController(Object(App\Controllers\ProductController))
 6 SYSTEMPATH\CodeIgniter.php(351): CodeIgniter\CodeIgniter->handleRequest(null, Object(Config\Cache), false)
 7 FCPATH\index.php(67): CodeIgniter\CodeIgniter->run()
 8 SYSTEMPATH\Commands\Server\rewrite.php(46): require_once('FCPATH\\index.php')
CRITICAL - 2022-12-05 02:32:10 --> syntax error, unexpected end of file
in APPPATH\Views\admin_dashboard\product_category.php on line 38.
 1 SYSTEMPATH\View\View.php(216): CodeIgniter\View\View->CodeIgniter\View\{closure}()
 2 SYSTEMPATH\Common.php(1134): CodeIgniter\View\View->render('admin_dashboard/product_category', [], true)
 3 APPPATH\Controllers\ProductController.php(102): view('admin_dashboard/product_category', [...])
 4 SYSTEMPATH\CodeIgniter.php(927): App\Controllers\ProductController->product_category()
 5 SYSTEMPATH\CodeIgniter.php(482): CodeIgniter\CodeIgniter->runController(Object(App\Controllers\ProductController))
 6 SYSTEMPATH\CodeIgniter.php(351): CodeIgniter\CodeIgniter->handleRequest(null, Object(Config\Cache), false)
 7 FCPATH\index.php(67): CodeIgniter\CodeIgniter->run()
 8 SYSTEMPATH\Commands\Server\rewrite.php(46): require_once('FCPATH\\index.php')
CRITICAL - 2022-12-05 02:32:11 --> syntax error, unexpected end of file
in APPPATH\Views\admin_dashboard\product_category.php on line 38.
 1 SYSTEMPATH\View\View.php(216): CodeIgniter\View\View->CodeIgniter\View\{closure}()
 2 SYSTEMPATH\Common.php(1134): CodeIgniter\View\View->render('admin_dashboard/product_category', [], true)
 3 APPPATH\Controllers\ProductController.php(102): view('admin_dashboard/product_category', [...])
 4 SYSTEMPATH\CodeIgniter.php(927): App\Controllers\ProductController->product_category()
 5 SYSTEMPATH\CodeIgniter.php(482): CodeIgniter\CodeIgniter->runController(Object(App\Controllers\ProductController))
 6 SYSTEMPATH\CodeIgniter.php(351): CodeIgniter\CodeIgniter->handleRequest(null, Object(Config\Cache), false)
 7 FCPATH\index.php(67): CodeIgniter\CodeIgniter->run()
 8 SYSTEMPATH\Commands\Server\rewrite.php(46): require_once('FCPATH\\index.php')
CRITICAL - 2022-12-05 02:32:11 --> syntax error, unexpected end of file
in APPPATH\Views\admin_dashboard\product_category.php on line 38.
 1 SYSTEMPATH\View\View.php(216): CodeIgniter\View\View->CodeIgniter\View\{closure}()
 2 SYSTEMPATH\Common.php(1134): CodeIgniter\View\View->render('admin_dashboard/product_category', [], true)
 3 APPPATH\Controllers\ProductController.php(102): view('admin_dashboard/product_category', [...])
 4 SYSTEMPATH\CodeIgniter.php(927): App\Controllers\ProductController->product_category()
 5 SYSTEMPATH\CodeIgniter.php(482): CodeIgniter\CodeIgniter->runController(Object(App\Controllers\ProductController))
 6 SYSTEMPATH\CodeIgniter.php(351): CodeIgniter\CodeIgniter->handleRequest(null, Object(Config\Cache), false)
 7 FCPATH\index.php(67): CodeIgniter\CodeIgniter->run()
 8 SYSTEMPATH\Commands\Server\rewrite.php(46): require_once('FCPATH\\index.php')
CRITICAL - 2022-12-05 02:32:12 --> syntax error, unexpected end of file
in APPPATH\Views\admin_dashboard\product_category.php on line 38.
 1 SYSTEMPATH\View\View.php(216): CodeIgniter\View\View->CodeIgniter\View\{closure}()
 2 SYSTEMPATH\Common.php(1134): CodeIgniter\View\View->render('admin_dashboard/product_category', [], true)
 3 APPPATH\Controllers\ProductController.php(102): view('admin_dashboard/product_category', [...])
 4 SYSTEMPATH\CodeIgniter.php(927): App\Controllers\ProductController->product_category()
 5 SYSTEMPATH\CodeIgniter.php(482): CodeIgniter\CodeIgniter->runController(Object(App\Controllers\ProductController))
 6 SYSTEMPATH\CodeIgniter.php(351): CodeIgniter\CodeIgniter->handleRequest(null, Object(Config\Cache), false)
 7 FCPATH\index.php(67): CodeIgniter\CodeIgniter->run()
 8 SYSTEMPATH\Commands\Server\rewrite.php(46): require_once('FCPATH\\index.php')
CRITICAL - 2022-12-05 02:32:12 --> syntax error, unexpected end of file
in APPPATH\Views\admin_dashboard\product_category.php on line 38.
 1 SYSTEMPATH\View\View.php(216): CodeIgniter\View\View->CodeIgniter\View\{closure}()
 2 SYSTEMPATH\Common.php(1134): CodeIgniter\View\View->render('admin_dashboard/product_category', [], true)
 3 APPPATH\Controllers\ProductController.php(102): view('admin_dashboard/product_category', [...])
 4 SYSTEMPATH\CodeIgniter.php(927): App\Controllers\ProductController->product_category()
 5 SYSTEMPATH\CodeIgniter.php(482): CodeIgniter\CodeIgniter->runController(Object(App\Controllers\ProductController))
 6 SYSTEMPATH\CodeIgniter.php(351): CodeIgniter\CodeIgniter->handleRequest(null, Object(Config\Cache), false)
 7 FCPATH\index.php(67): CodeIgniter\CodeIgniter->run()
 8 SYSTEMPATH\Commands\Server\rewrite.php(46): require_once('FCPATH\\index.php')
CRITICAL - 2022-12-05 02:46:30 --> Undefined array key "category"
in APPPATH\Views\admin_dashboard\product_list.php on line 46.
 1 APPPATH\Views\admin_dashboard\product_list.php(46): CodeIgniter\Debug\Exceptions->errorHandler(2, 'Undefined array key "category"', 'APPPATH\\Views\\admin_dashboard\\product_list.php', 46)
 2 SYSTEMPATH\View\View.php(213): include('APPPATH\\Views\\admin_dashboard\\product_list.php')
 3 SYSTEMPATH\View\View.php(216): CodeIgniter\View\View->CodeIgniter\View\{closure}()
 4 SYSTEMPATH\Common.php(1134): CodeIgniter\View\View->render('admin_dashboard/product_list', [], true)
 5 APPPATH\Controllers\ProductController.php(13): view('admin_dashboard/product_list', [...])
 6 SYSTEMPATH\CodeIgniter.php(927): App\Controllers\ProductController->product_list()
 7 SYSTEMPATH\CodeIgniter.php(482): CodeIgniter\CodeIgniter->runController(Object(App\Controllers\ProductController))
 8 SYSTEMPATH\CodeIgniter.php(351): CodeIgniter\CodeIgniter->handleRequest(null, Object(Config\Cache), false)
 9 FCPATH\index.php(67): CodeIgniter\CodeIgniter->run()
10 SYSTEMPATH\Commands\Server\rewrite.php(46): require_once('FCPATH\\index.php')
CRITICAL - 2022-12-05 02:55:31 --> Undefined array key "category"
in APPPATH\Views\admin_dashboard\product_list.php on line 46.
 1 APPPATH\Views\admin_dashboard\product_list.php(46): CodeIgniter\Debug\Exceptions->errorHandler(2, 'Undefined array key "category"', 'APPPATH\\Views\\admin_dashboard\\product_list.php', 46)
 2 SYSTEMPATH\View\View.php(213): include('APPPATH\\Views\\admin_dashboard\\product_list.php')
 3 SYSTEMPATH\View\View.php(216): CodeIgniter\View\View->CodeIgniter\View\{closure}()
 4 SYSTEMPATH\Common.php(1134): CodeIgniter\View\View->render('admin_dashboard/product_list', [], true)
 5 APPPATH\Controllers\ProductController.php(13): view('admin_dashboard/product_list', [...])
 6 SYSTEMPATH\CodeIgniter.php(927): App\Controllers\ProductController->product_list()
 7 SYSTEMPATH\CodeIgniter.php(482): CodeIgniter\CodeIgniter->runController(Object(App\Controllers\ProductController))
 8 SYSTEMPATH\CodeIgniter.php(351): CodeIgniter\CodeIgniter->handleRequest(null, Object(Config\Cache), false)
 9 FCPATH\index.php(67): CodeIgniter\CodeIgniter->run()
10 SYSTEMPATH\Commands\Server\rewrite.php(46): require_once('FCPATH\\index.php')
CRITICAL - 2022-12-05 02:55:37 --> Undefined array key "category"
in APPPATH\Views\admin_dashboard\product_list.php on line 46.
 1 APPPATH\Views\admin_dashboard\product_list.php(46): CodeIgniter\Debug\Exceptions->errorHandler(2, 'Undefined array key "category"', 'APPPATH\\Views\\admin_dashboard\\product_list.php', 46)
 2 SYSTEMPATH\View\View.php(213): include('APPPATH\\Views\\admin_dashboard\\product_list.php')
 3 SYSTEMPATH\View\View.php(216): CodeIgniter\View\View->CodeIgniter\View\{closure}()
 4 SYSTEMPATH\Common.php(1134): CodeIgniter\View\View->render('admin_dashboard/product_list', [], true)
 5 APPPATH\Controllers\ProductController.php(13): view('admin_dashboard/product_list', [...])
 6 SYSTEMPATH\CodeIgniter.php(927): App\Controllers\ProductController->product_list()
 7 SYSTEMPATH\CodeIgniter.php(482): CodeIgniter\CodeIgniter->runController(Object(App\Controllers\ProductController))
 8 SYSTEMPATH\CodeIgniter.php(351): CodeIgniter\CodeIgniter->handleRequest(null, Object(Config\Cache), false)
 9 FCPATH\index.php(67): CodeIgniter\CodeIgniter->run()
10 SYSTEMPATH\Commands\Server\rewrite.php(46): require_once('FCPATH\\index.php')
CRITICAL - 2022-12-05 03:09:11 --> Call to undefined function number_to_currency()
in APPPATH\Views\admin_dashboard\product_list.php on line 48.
 1 SYSTEMPATH\View\View.php(213): include()
 2 SYSTEMPATH\View\View.php(216): CodeIgniter\View\View->CodeIgniter\View\{closure}()
 3 SYSTEMPATH\Common.php(1134): CodeIgniter\View\View->render('admin_dashboard/product_list', [], true)
 4 APPPATH\Controllers\ProductController.php(13): view('admin_dashboard/product_list', [...])
 5 SYSTEMPATH\CodeIgniter.php(927): App\Controllers\ProductController->product_list()
 6 SYSTEMPATH\CodeIgniter.php(482): CodeIgniter\CodeIgniter->runController(Object(App\Controllers\ProductController))
 7 SYSTEMPATH\CodeIgniter.php(351): CodeIgniter\CodeIgniter->handleRequest(null, Object(Config\Cache), false)
 8 FCPATH\index.php(67): CodeIgniter\CodeIgniter->run()
 9 SYSTEMPATH\Commands\Server\rewrite.php(46): require_once('FCPATH\\index.php')
CRITICAL - 2022-12-05 03:13:55 --> Undefined variable $imageName
in APPPATH\Controllers\ProductController.php on line 37.
 1 APPPATH\Controllers\ProductController.php(37): CodeIgniter\Debug\Exceptions->errorHandler(2, 'Undefined variable $imageName', 'APPPATH\\Controllers\\ProductController.php', 37)
 2 SYSTEMPATH\CodeIgniter.php(927): App\Controllers\ProductController->save()
 3 SYSTEMPATH\CodeIgniter.php(482): CodeIgniter\CodeIgniter->runController(Object(App\Controllers\ProductController))
 4 SYSTEMPATH\CodeIgniter.php(351): CodeIgniter\CodeIgniter->handleRequest(null, Object(Config\Cache), false)
 5 FCPATH\index.php(67): CodeIgniter\CodeIgniter->run()
 6 SYSTEMPATH\Commands\Server\rewrite.php(46): require_once('FCPATH\\index.php')
CRITICAL - 2022-12-05 03:14:55 --> Undefined variable $imageName
in APPPATH\Controllers\ProductController.php on line 37.
 1 APPPATH\Controllers\ProductController.php(37): CodeIgniter\Debug\Exceptions->errorHandler(2, 'Undefined variable $imageName', 'APPPATH\\Controllers\\ProductController.php', 37)
 2 SYSTEMPATH\CodeIgniter.php(927): App\Controllers\ProductController->save()
 3 SYSTEMPATH\CodeIgniter.php(482): CodeIgniter\CodeIgniter->runController(Object(App\Controllers\ProductController))
 4 SYSTEMPATH\CodeIgniter.php(351): CodeIgniter\CodeIgniter->handleRequest(null, Object(Config\Cache), false)
 5 FCPATH\index.php(67): CodeIgniter\CodeIgniter->run()
 6 SYSTEMPATH\Commands\Server\rewrite.php(46): require_once('FCPATH\\index.php')
CRITICAL - 2022-12-05 11:20:40 --> Undefined variable $category
in APPPATH\Views\admin_dashboard\product_category.php on line 32.
 1 APPPATH\Views\admin_dashboard\product_category.php(32): CodeIgniter\Debug\Exceptions->errorHandler(2, 'Undefined variable $category', 'APPPATH\\Views\\admin_dashboard\\product_category.php', 32)
 2 SYSTEMPATH\View\View.php(213): include('APPPATH\\Views\\admin_dashboard\\product_category.php')
 3 SYSTEMPATH\View\View.php(216): CodeIgniter\View\View->CodeIgniter\View\{closure}()
 4 SYSTEMPATH\Common.php(1134): CodeIgniter\View\View->render('admin_dashboard/product_category', [], true)
 5 APPPATH\Controllers\ProductController.php(19): view('admin_dashboard/product_category', [...])
 6 SYSTEMPATH\CodeIgniter.php(927): App\Controllers\ProductController->product_category()
 7 SYSTEMPATH\CodeIgniter.php(482): CodeIgniter\CodeIgniter->runController(Object(App\Controllers\ProductController))
 8 SYSTEMPATH\CodeIgniter.php(351): CodeIgniter\CodeIgniter->handleRequest(null, Object(Config\Cache), false)
 9 FCPATH\index.php(67): CodeIgniter\CodeIgniter->run()
10 SYSTEMPATH\Commands\Server\rewrite.php(46): require_once('FCPATH\\index.php')
CRITICAL - 2022-12-05 11:22:39 --> Undefined array key "name"
in APPPATH\Views\admin_dashboard\product_category.php on line 35.
 1 APPPATH\Views\admin_dashboard\product_category.php(35): CodeIgniter\Debug\Exceptions->errorHandler(2, 'Undefined array key "name"', 'APPPATH\\Views\\admin_dashboard\\product_category.php', 35)
 2 SYSTEMPATH\View\View.php(213): include('APPPATH\\Views\\admin_dashboard\\product_category.php')
 3 SYSTEMPATH\View\View.php(216): CodeIgniter\View\View->CodeIgniter\View\{closure}()
 4 SYSTEMPATH\Common.php(1134): CodeIgniter\View\View->render('admin_dashboard/product_category', [], true)
 5 APPPATH\Controllers\ProductController.php(19): view('admin_dashboard/product_category', [...])
 6 SYSTEMPATH\CodeIgniter.php(927): App\Controllers\ProductController->product_category()
 7 SYSTEMPATH\CodeIgniter.php(482): CodeIgniter\CodeIgniter->runController(Object(App\Controllers\ProductController))
 8 SYSTEMPATH\CodeIgniter.php(351): CodeIgniter\CodeIgniter->handleRequest(null, Object(Config\Cache), false)
 9 FCPATH\index.php(67): CodeIgniter\CodeIgniter->run()
10 SYSTEMPATH\Commands\Server\rewrite.php(46): require_once('FCPATH\\index.php')
CRITICAL - 2022-12-05 11:25:45 --> Undefined array key "category_name"
in APPPATH\Views\admin_dashboard\product_category.php on line 35.
 1 APPPATH\Views\admin_dashboard\product_category.php(35): CodeIgniter\Debug\Exceptions->errorHandler(2, 'Undefined array key "category_name"', 'APPPATH\\Views\\admin_dashboard\\product_category.php', 35)
 2 SYSTEMPATH\View\View.php(213): include('APPPATH\\Views\\admin_dashboard\\product_category.php')
 3 SYSTEMPATH\View\View.php(216): CodeIgniter\View\View->CodeIgniter\View\{closure}()
 4 SYSTEMPATH\Common.php(1134): CodeIgniter\View\View->render('admin_dashboard/product_category', [], true)
 5 APPPATH\Controllers\ProductController.php(20): view('admin_dashboard/product_category', [...])
 6 SYSTEMPATH\CodeIgniter.php(927): App\Controllers\ProductController->product_category()
 7 SYSTEMPATH\CodeIgniter.php(482): CodeIgniter\CodeIgniter->runController(Object(App\Controllers\ProductController))
 8 SYSTEMPATH\CodeIgniter.php(351): CodeIgniter\CodeIgniter->handleRequest(null, Object(Config\Cache), false)
 9 FCPATH\index.php(67): CodeIgniter\CodeIgniter->run()
10 SYSTEMPATH\Commands\Server\rewrite.php(46): require_once('FCPATH\\index.php')
CRITICAL - 2022-12-05 11:26:15 --> Undefined array key "category_name"
in APPPATH\Views\admin_dashboard\product_category.php on line 35.
 1 APPPATH\Views\admin_dashboard\product_category.php(35): CodeIgniter\Debug\Exceptions->errorHandler(2, 'Undefined array key "category_name"', 'APPPATH\\Views\\admin_dashboard\\product_category.php', 35)
 2 SYSTEMPATH\View\View.php(213): include('APPPATH\\Views\\admin_dashboard\\product_category.php')
 3 SYSTEMPATH\View\View.php(216): CodeIgniter\View\View->CodeIgniter\View\{closure}()
 4 SYSTEMPATH\Common.php(1134): CodeIgniter\View\View->render('admin_dashboard/product_category', [], true)
 5 APPPATH\Controllers\ProductController.php(20): view('admin_dashboard/product_category', [...])
 6 SYSTEMPATH\CodeIgniter.php(927): App\Controllers\ProductController->product_category()
 7 SYSTEMPATH\CodeIgniter.php(482): CodeIgniter\CodeIgniter->runController(Object(App\Controllers\ProductController))
 8 SYSTEMPATH\CodeIgniter.php(351): CodeIgniter\CodeIgniter->handleRequest(null, Object(Config\Cache), false)
 9 FCPATH\index.php(67): CodeIgniter\CodeIgniter->run()
10 SYSTEMPATH\Commands\Server\rewrite.php(46): require_once('FCPATH\\index.php')
CRITICAL - 2022-12-05 11:26:16 --> Undefined array key "category_name"
in APPPATH\Views\admin_dashboard\product_category.php on line 35.
 1 APPPATH\Views\admin_dashboard\product_category.php(35): CodeIgniter\Debug\Exceptions->errorHandler(2, 'Undefined array key "category_name"', 'APPPATH\\Views\\admin_dashboard\\product_category.php', 35)
 2 SYSTEMPATH\View\View.php(213): include('APPPATH\\Views\\admin_dashboard\\product_category.php')
 3 SYSTEMPATH\View\View.php(216): CodeIgniter\View\View->CodeIgniter\View\{closure}()
 4 SYSTEMPATH\Common.php(1134): CodeIgniter\View\View->render('admin_dashboard/product_category', [], true)
 5 APPPATH\Controllers\ProductController.php(20): view('admin_dashboard/product_category', [...])
 6 SYSTEMPATH\CodeIgniter.php(927): App\Controllers\ProductController->product_category()
 7 SYSTEMPATH\CodeIgniter.php(482): CodeIgniter\CodeIgniter->runController(Object(App\Controllers\ProductController))
 8 SYSTEMPATH\CodeIgniter.php(351): CodeIgniter\CodeIgniter->handleRequest(null, Object(Config\Cache), false)
 9 FCPATH\index.php(67): CodeIgniter\CodeIgniter->run()
10 SYSTEMPATH\Commands\Server\rewrite.php(46): require_once('FCPATH\\index.php')
CRITICAL - 2022-12-05 11:26:16 --> Undefined array key "category_name"
in APPPATH\Views\admin_dashboard\product_category.php on line 35.
 1 APPPATH\Views\admin_dashboard\product_category.php(35): CodeIgniter\Debug\Exceptions->errorHandler(2, 'Undefined array key "category_name"', 'APPPATH\\Views\\admin_dashboard\\product_category.php', 35)
 2 SYSTEMPATH\View\View.php(213): include('APPPATH\\Views\\admin_dashboard\\product_category.php')
 3 SYSTEMPATH\View\View.php(216): CodeIgniter\View\View->CodeIgniter\View\{closure}()
 4 SYSTEMPATH\Common.php(1134): CodeIgniter\View\View->render('admin_dashboard/product_category', [], true)
 5 APPPATH\Controllers\ProductController.php(20): view('admin_dashboard/product_category', [...])
 6 SYSTEMPATH\CodeIgniter.php(927): App\Controllers\ProductController->product_category()
 7 SYSTEMPATH\CodeIgniter.php(482): CodeIgniter\CodeIgniter->runController(Object(App\Controllers\ProductController))
 8 SYSTEMPATH\CodeIgniter.php(351): CodeIgniter\CodeIgniter->handleRequest(null, Object(Config\Cache), false)
 9 FCPATH\index.php(67): CodeIgniter\CodeIgniter->run()
10 SYSTEMPATH\Commands\Server\rewrite.php(46): require_once('FCPATH\\index.php')
CRITICAL - 2022-12-05 11:26:17 --> Undefined array key "category_name"
in APPPATH\Views\admin_dashboard\product_category.php on line 35.
 1 APPPATH\Views\admin_dashboard\product_category.php(35): CodeIgniter\Debug\Exceptions->errorHandler(2, 'Undefined array key "category_name"', 'APPPATH\\Views\\admin_dashboard\\product_category.php', 35)
 2 SYSTEMPATH\View\View.php(213): include('APPPATH\\Views\\admin_dashboard\\product_category.php')
 3 SYSTEMPATH\View\View.php(216): CodeIgniter\View\View->CodeIgniter\View\{closure}()
 4 SYSTEMPATH\Common.php(1134): CodeIgniter\View\View->render('admin_dashboard/product_category', [], true)
 5 APPPATH\Controllers\ProductController.php(20): view('admin_dashboard/product_category', [...])
 6 SYSTEMPATH\CodeIgniter.php(927): App\Controllers\ProductController->product_category()
 7 SYSTEMPATH\CodeIgniter.php(482): CodeIgniter\CodeIgniter->runController(Object(App\Controllers\ProductController))
 8 SYSTEMPATH\CodeIgniter.php(351): CodeIgniter\CodeIgniter->handleRequest(null, Object(Config\Cache), false)
 9 FCPATH\index.php(67): CodeIgniter\CodeIgniter->run()
10 SYSTEMPATH\Commands\Server\rewrite.php(46): require_once('FCPATH\\index.php')
CRITICAL - 2022-12-05 11:26:17 --> Undefined array key "category_name"
in APPPATH\Views\admin_dashboard\product_category.php on line 35.
 1 APPPATH\Views\admin_dashboard\product_category.php(35): CodeIgniter\Debug\Exceptions->errorHandler(2, 'Undefined array key "category_name"', 'APPPATH\\Views\\admin_dashboard\\product_category.php', 35)
 2 SYSTEMPATH\View\View.php(213): include('APPPATH\\Views\\admin_dashboard\\product_category.php')
 3 SYSTEMPATH\View\View.php(216): CodeIgniter\View\View->CodeIgniter\View\{closure}()
 4 SYSTEMPATH\Common.php(1134): CodeIgniter\View\View->render('admin_dashboard/product_category', [], true)
 5 APPPATH\Controllers\ProductController.php(20): view('admin_dashboard/product_category', [...])
 6 SYSTEMPATH\CodeIgniter.php(927): App\Controllers\ProductController->product_category()
 7 SYSTEMPATH\CodeIgniter.php(482): CodeIgniter\CodeIgniter->runController(Object(App\Controllers\ProductController))
 8 SYSTEMPATH\CodeIgniter.php(351): CodeIgniter\CodeIgniter->handleRequest(null, Object(Config\Cache), false)
 9 FCPATH\index.php(67): CodeIgniter\CodeIgniter->run()
10 SYSTEMPATH\Commands\Server\rewrite.php(46): require_once('FCPATH\\index.php')
CRITICAL - 2022-12-05 11:26:17 --> Undefined array key "category_name"
in APPPATH\Views\admin_dashboard\product_category.php on line 35.
 1 APPPATH\Views\admin_dashboard\product_category.php(35): CodeIgniter\Debug\Exceptions->errorHandler(2, 'Undefined array key "category_name"', 'APPPATH\\Views\\admin_dashboard\\product_category.php', 35)
 2 SYSTEMPATH\View\View.php(213): include('APPPATH\\Views\\admin_dashboard\\product_category.php')
 3 SYSTEMPATH\View\View.php(216): CodeIgniter\View\View->CodeIgniter\View\{closure}()
 4 SYSTEMPATH\Common.php(1134): CodeIgniter\View\View->render('admin_dashboard/product_category', [], true)
 5 APPPATH\Controllers\ProductController.php(20): view('admin_dashboard/product_category', [...])
 6 SYSTEMPATH\CodeIgniter.php(927): App\Controllers\ProductController->product_category()
 7 SYSTEMPATH\CodeIgniter.php(482): CodeIgniter\CodeIgniter->runController(Object(App\Controllers\ProductController))
 8 SYSTEMPATH\CodeIgniter.php(351): CodeIgniter\CodeIgniter->handleRequest(null, Object(Config\Cache), false)
 9 FCPATH\index.php(67): CodeIgniter\CodeIgniter->run()
10 SYSTEMPATH\Commands\Server\rewrite.php(46): require_once('FCPATH\\index.php')
CRITICAL - 2022-12-05 11:26:18 --> Undefined array key "category_name"
in APPPATH\Views\admin_dashboard\product_category.php on line 35.
 1 APPPATH\Views\admin_dashboard\product_category.php(35): CodeIgniter\Debug\Exceptions->errorHandler(2, 'Undefined array key "category_name"', 'APPPATH\\Views\\admin_dashboard\\product_category.php', 35)
 2 SYSTEMPATH\View\View.php(213): include('APPPATH\\Views\\admin_dashboard\\product_category.php')
 3 SYSTEMPATH\View\View.php(216): CodeIgniter\View\View->CodeIgniter\View\{closure}()
 4 SYSTEMPATH\Common.php(1134): CodeIgniter\View\View->render('admin_dashboard/product_category', [], true)
 5 APPPATH\Controllers\ProductController.php(20): view('admin_dashboard/product_category', [...])
 6 SYSTEMPATH\CodeIgniter.php(927): App\Controllers\ProductController->product_category()
 7 SYSTEMPATH\CodeIgniter.php(482): CodeIgniter\CodeIgniter->runController(Object(App\Controllers\ProductController))
 8 SYSTEMPATH\CodeIgniter.php(351): CodeIgniter\CodeIgniter->handleRequest(null, Object(Config\Cache), false)
 9 FCPATH\index.php(67): CodeIgniter\CodeIgniter->run()
10 SYSTEMPATH\Commands\Server\rewrite.php(46): require_once('FCPATH\\index.php')
CRITICAL - 2022-12-05 11:26:18 --> Undefined array key "category_name"
in APPPATH\Views\admin_dashboard\product_category.php on line 35.
 1 APPPATH\Views\admin_dashboard\product_category.php(35): CodeIgniter\Debug\Exceptions->errorHandler(2, 'Undefined array key "category_name"', 'APPPATH\\Views\\admin_dashboard\\product_category.php', 35)
 2 SYSTEMPATH\View\View.php(213): include('APPPATH\\Views\\admin_dashboard\\product_category.php')
 3 SYSTEMPATH\View\View.php(216): CodeIgniter\View\View->CodeIgniter\View\{closure}()
 4 SYSTEMPATH\Common.php(1134): CodeIgniter\View\View->render('admin_dashboard/product_category', [], true)
 5 APPPATH\Controllers\ProductController.php(20): view('admin_dashboard/product_category', [...])
 6 SYSTEMPATH\CodeIgniter.php(927): App\Controllers\ProductController->product_category()
 7 SYSTEMPATH\CodeIgniter.php(482): CodeIgniter\CodeIgniter->runController(Object(App\Controllers\ProductController))
 8 SYSTEMPATH\CodeIgniter.php(351): CodeIgniter\CodeIgniter->handleRequest(null, Object(Config\Cache), false)
 9 FCPATH\index.php(67): CodeIgniter\CodeIgniter->run()
10 SYSTEMPATH\Commands\Server\rewrite.php(46): require_once('FCPATH\\index.php')
CRITICAL - 2022-12-05 11:26:18 --> Undefined array key "category_name"
in APPPATH\Views\admin_dashboard\product_category.php on line 35.
 1 APPPATH\Views\admin_dashboard\product_category.php(35): CodeIgniter\Debug\Exceptions->errorHandler(2, 'Undefined array key "category_name"', 'APPPATH\\Views\\admin_dashboard\\product_category.php', 35)
 2 SYSTEMPATH\View\View.php(213): include('APPPATH\\Views\\admin_dashboard\\product_category.php')
 3 SYSTEMPATH\View\View.php(216): CodeIgniter\View\View->CodeIgniter\View\{closure}()
 4 SYSTEMPATH\Common.php(1134): CodeIgniter\View\View->render('admin_dashboard/product_category', [], true)
 5 APPPATH\Controllers\ProductController.php(20): view('admin_dashboard/product_category', [...])
 6 SYSTEMPATH\CodeIgniter.php(927): App\Controllers\ProductController->product_category()
 7 SYSTEMPATH\CodeIgniter.php(482): CodeIgniter\CodeIgniter->runController(Object(App\Controllers\ProductController))
 8 SYSTEMPATH\CodeIgniter.php(351): CodeIgniter\CodeIgniter->handleRequest(null, Object(Config\Cache), false)
 9 FCPATH\index.php(67): CodeIgniter\CodeIgniter->run()
10 SYSTEMPATH\Commands\Server\rewrite.php(46): require_once('FCPATH\\index.php')
CRITICAL - 2022-12-05 11:26:18 --> Undefined array key "category_name"
in APPPATH\Views\admin_dashboard\product_category.php on line 35.
 1 APPPATH\Views\admin_dashboard\product_category.php(35): CodeIgniter\Debug\Exceptions->errorHandler(2, 'Undefined array key "category_name"', 'APPPATH\\Views\\admin_dashboard\\product_category.php', 35)
 2 SYSTEMPATH\View\View.php(213): include('APPPATH\\Views\\admin_dashboard\\product_category.php')
 3 SYSTEMPATH\View\View.php(216): CodeIgniter\View\View->CodeIgniter\View\{closure}()
 4 SYSTEMPATH\Common.php(1134): CodeIgniter\View\View->render('admin_dashboard/product_category', [], true)
 5 APPPATH\Controllers\ProductController.php(20): view('admin_dashboard/product_category', [...])
 6 SYSTEMPATH\CodeIgniter.php(927): App\Controllers\ProductController->product_category()
 7 SYSTEMPATH\CodeIgniter.php(482): CodeIgniter\CodeIgniter->runController(Object(App\Controllers\ProductController))
 8 SYSTEMPATH\CodeIgniter.php(351): CodeIgniter\CodeIgniter->handleRequest(null, Object(Config\Cache), false)
 9 FCPATH\index.php(67): CodeIgniter\CodeIgniter->run()
10 SYSTEMPATH\Commands\Server\rewrite.php(46): require_once('FCPATH\\index.php')
CRITICAL - 2022-12-05 11:26:19 --> Undefined array key "category_name"
in APPPATH\Views\admin_dashboard\product_category.php on line 35.
 1 APPPATH\Views\admin_dashboard\product_category.php(35): CodeIgniter\Debug\Exceptions->errorHandler(2, 'Undefined array key "category_name"', 'APPPATH\\Views\\admin_dashboard\\product_category.php', 35)
 2 SYSTEMPATH\View\View.php(213): include('APPPATH\\Views\\admin_dashboard\\product_category.php')
 3 SYSTEMPATH\View\View.php(216): CodeIgniter\View\View->CodeIgniter\View\{closure}()
 4 SYSTEMPATH\Common.php(1134): CodeIgniter\View\View->render('admin_dashboard/product_category', [], true)
 5 APPPATH\Controllers\ProductController.php(20): view('admin_dashboard/product_category', [...])
 6 SYSTEMPATH\CodeIgniter.php(927): App\Controllers\ProductController->product_category()
 7 SYSTEMPATH\CodeIgniter.php(482): CodeIgniter\CodeIgniter->runController(Object(App\Controllers\ProductController))
 8 SYSTEMPATH\CodeIgniter.php(351): CodeIgniter\CodeIgniter->handleRequest(null, Object(Config\Cache), false)
 9 FCPATH\index.php(67): CodeIgniter\CodeIgniter->run()
10 SYSTEMPATH\Commands\Server\rewrite.php(46): require_once('FCPATH\\index.php')
CRITICAL - 2022-12-05 11:26:19 --> Undefined array key "category_name"
in APPPATH\Views\admin_dashboard\product_category.php on line 35.
 1 APPPATH\Views\admin_dashboard\product_category.php(35): CodeIgniter\Debug\Exceptions->errorHandler(2, 'Undefined array key "category_name"', 'APPPATH\\Views\\admin_dashboard\\product_category.php', 35)
 2 SYSTEMPATH\View\View.php(213): include('APPPATH\\Views\\admin_dashboard\\product_category.php')
 3 SYSTEMPATH\View\View.php(216): CodeIgniter\View\View->CodeIgniter\View\{closure}()
 4 SYSTEMPATH\Common.php(1134): CodeIgniter\View\View->render('admin_dashboard/product_category', [], true)
 5 APPPATH\Controllers\ProductController.php(20): view('admin_dashboard/product_category', [...])
 6 SYSTEMPATH\CodeIgniter.php(927): App\Controllers\ProductController->product_category()
 7 SYSTEMPATH\CodeIgniter.php(482): CodeIgniter\CodeIgniter->runController(Object(App\Controllers\ProductController))
 8 SYSTEMPATH\CodeIgniter.php(351): CodeIgniter\CodeIgniter->handleRequest(null, Object(Config\Cache), false)
 9 FCPATH\index.php(67): CodeIgniter\CodeIgniter->run()
10 SYSTEMPATH\Commands\Server\rewrite.php(46): require_once('FCPATH\\index.php')
CRITICAL - 2022-12-05 11:30:13 --> Undefined array key "category"
in APPPATH\Views\admin_dashboard\product_edit.php on line 32.
 1 APPPATH\Views\admin_dashboard\product_edit.php(32): CodeIgniter\Debug\Exceptions->errorHandler(2, 'Undefined array key "category"', 'APPPATH\\Views\\admin_dashboard\\product_edit.php', 32)
 2 SYSTEMPATH\View\View.php(213): include('APPPATH\\Views\\admin_dashboard\\product_edit.php')
 3 SYSTEMPATH\View\View.php(216): CodeIgniter\View\View->CodeIgniter\View\{closure}()
 4 SYSTEMPATH\Common.php(1134): CodeIgniter\View\View->render('admin_dashboard/product_edit', [], true)
 5 APPPATH\Controllers\ProductController.php(68): view('admin_dashboard/product_edit', [...])
 6 SYSTEMPATH\CodeIgniter.php(927): App\Controllers\ProductController->edit('1')
 7 SYSTEMPATH\CodeIgniter.php(482): CodeIgniter\CodeIgniter->runController(Object(App\Controllers\ProductController))
 8 SYSTEMPATH\CodeIgniter.php(351): CodeIgniter\CodeIgniter->handleRequest(null, Object(Config\Cache), false)
 9 FCPATH\index.php(67): CodeIgniter\CodeIgniter->run()
10 SYSTEMPATH\Commands\Server\rewrite.php(46): require_once('FCPATH\\index.php')
CRITICAL - 2022-12-05 11:33:32 --> syntax error, unexpected token "endif", expecting end of file
in APPPATH\Views\admin_dashboard\product_category.php on line 11.
 1 SYSTEMPATH\View\View.php(216): CodeIgniter\View\View->CodeIgniter\View\{closure}()
 2 SYSTEMPATH\Common.php(1134): CodeIgniter\View\View->render('admin_dashboard/product_category', [], true)
 3 APPPATH\Controllers\ProductController.php(20): view('admin_dashboard/product_category', [...])
 4 SYSTEMPATH\CodeIgniter.php(927): App\Controllers\ProductController->product_category()
 5 SYSTEMPATH\CodeIgniter.php(482): CodeIgniter\CodeIgniter->runController(Object(App\Controllers\ProductController))
 6 SYSTEMPATH\CodeIgniter.php(351): CodeIgniter\CodeIgniter->handleRequest(null, Object(Config\Cache), false)
 7 FCPATH\index.php(67): CodeIgniter\CodeIgniter->run()
 8 SYSTEMPATH\Commands\Server\rewrite.php(46): require_once('FCPATH\\index.php')
CRITICAL - 2022-12-05 11:43:04 --> syntax error, unexpected end of file
in APPPATH\Views\admin_dashboard\product_create.php on line 91.
 1 SYSTEMPATH\View\View.php(216): CodeIgniter\View\View->CodeIgniter\View\{closure}()
 2 SYSTEMPATH\Common.php(1134): CodeIgniter\View\View->render('admin_dashboard/product_create', [], true)
 3 APPPATH\Controllers\ProductController.php(38): view('admin_dashboard/product_create')
 4 SYSTEMPATH\CodeIgniter.php(927): App\Controllers\ProductController->create()
 5 SYSTEMPATH\CodeIgniter.php(482): CodeIgniter\CodeIgniter->runController(Object(App\Controllers\ProductController))
 6 SYSTEMPATH\CodeIgniter.php(351): CodeIgniter\CodeIgniter->handleRequest(null, Object(Config\Cache), false)
 7 FCPATH\index.php(67): CodeIgniter\CodeIgniter->run()
 8 SYSTEMPATH\Commands\Server\rewrite.php(46): require_once('FCPATH\\index.php')
CRITICAL - 2022-12-05 11:43:23 --> Undefined variable $category
in APPPATH\Views\admin_dashboard\product_create.php on line 34.
 1 APPPATH\Views\admin_dashboard\product_create.php(34): CodeIgniter\Debug\Exceptions->errorHandler(2, 'Undefined variable $category', 'APPPATH\\Views\\admin_dashboard\\product_create.php', 34)
 2 SYSTEMPATH\View\View.php(213): include('APPPATH\\Views\\admin_dashboard\\product_create.php')
 3 SYSTEMPATH\View\View.php(216): CodeIgniter\View\View->CodeIgniter\View\{closure}()
 4 SYSTEMPATH\Common.php(1134): CodeIgniter\View\View->render('admin_dashboard/product_create', [], true)
 5 APPPATH\Controllers\ProductController.php(38): view('admin_dashboard/product_create')
 6 SYSTEMPATH\CodeIgniter.php(927): App\Controllers\ProductController->create()
 7 SYSTEMPATH\CodeIgniter.php(482): CodeIgniter\CodeIgniter->runController(Object(App\Controllers\ProductController))
 8 SYSTEMPATH\CodeIgniter.php(351): CodeIgniter\CodeIgniter->handleRequest(null, Object(Config\Cache), false)
 9 FCPATH\index.php(67): CodeIgniter\CodeIgniter->run()
10 SYSTEMPATH\Commands\Server\rewrite.php(46): require_once('FCPATH\\index.php')
CRITICAL - 2022-12-05 11:50:22 --> Undefined variable $category
in APPPATH\Views\admin_dashboard\product_create.php on line 34.
 1 APPPATH\Views\admin_dashboard\product_create.php(34): CodeIgniter\Debug\Exceptions->errorHandler(2, 'Undefined variable $category', 'APPPATH\\Views\\admin_dashboard\\product_create.php', 34)
 2 SYSTEMPATH\View\View.php(213): include('APPPATH\\Views\\admin_dashboard\\product_create.php')
 3 SYSTEMPATH\View\View.php(216): CodeIgniter\View\View->CodeIgniter\View\{closure}()
 4 SYSTEMPATH\Common.php(1134): CodeIgniter\View\View->render('admin_dashboard/product_create', [], true)
 5 APPPATH\Controllers\ProductController.php(48): view('admin_dashboard/product_create')
 6 SYSTEMPATH\CodeIgniter.php(927): App\Controllers\ProductController->create()
 7 SYSTEMPATH\CodeIgniter.php(482): CodeIgniter\CodeIgniter->runController(Object(App\Controllers\ProductController))
 8 SYSTEMPATH\CodeIgniter.php(351): CodeIgniter\CodeIgniter->handleRequest(null, Object(Config\Cache), false)
 9 FCPATH\index.php(67): CodeIgniter\CodeIgniter->run()
10 SYSTEMPATH\Commands\Server\rewrite.php(46): require_once('FCPATH\\index.php')
CRITICAL - 2022-12-05 11:50:23 --> Undefined variable $category
in APPPATH\Views\admin_dashboard\product_create.php on line 34.
 1 APPPATH\Views\admin_dashboard\product_create.php(34): CodeIgniter\Debug\Exceptions->errorHandler(2, 'Undefined variable $category', 'APPPATH\\Views\\admin_dashboard\\product_create.php', 34)
 2 SYSTEMPATH\View\View.php(213): include('APPPATH\\Views\\admin_dashboard\\product_create.php')
 3 SYSTEMPATH\View\View.php(216): CodeIgniter\View\View->CodeIgniter\View\{closure}()
 4 SYSTEMPATH\Common.php(1134): CodeIgniter\View\View->render('admin_dashboard/product_create', [], true)
 5 APPPATH\Controllers\ProductController.php(48): view('admin_dashboard/product_create')
 6 SYSTEMPATH\CodeIgniter.php(927): App\Controllers\ProductController->create()
 7 SYSTEMPATH\CodeIgniter.php(482): CodeIgniter\CodeIgniter->runController(Object(App\Controllers\ProductController))
 8 SYSTEMPATH\CodeIgniter.php(351): CodeIgniter\CodeIgniter->handleRequest(null, Object(Config\Cache), false)
 9 FCPATH\index.php(67): CodeIgniter\CodeIgniter->run()
10 SYSTEMPATH\Commands\Server\rewrite.php(46): require_once('FCPATH\\index.php')
CRITICAL - 2022-12-05 11:52:47 --> Undefined variable $categories
in APPPATH\Views\admin_dashboard\product_create.php on line 34.
 1 APPPATH\Views\admin_dashboard\product_create.php(34): CodeIgniter\Debug\Exceptions->errorHandler(2, 'Undefined variable $categories', 'APPPATH\\Views\\admin_dashboard\\product_create.php', 34)
 2 SYSTEMPATH\View\View.php(213): include('APPPATH\\Views\\admin_dashboard\\product_create.php')
 3 SYSTEMPATH\View\View.php(216): CodeIgniter\View\View->CodeIgniter\View\{closure}()
 4 SYSTEMPATH\Common.php(1134): CodeIgniter\View\View->render('admin_dashboard/product_create', [], true)
 5 APPPATH\Controllers\ProductController.php(48): view('admin_dashboard/product_create')
 6 SYSTEMPATH\CodeIgniter.php(927): App\Controllers\ProductController->create()
 7 SYSTEMPATH\CodeIgniter.php(482): CodeIgniter\CodeIgniter->runController(Object(App\Controllers\ProductController))
 8 SYSTEMPATH\CodeIgniter.php(351): CodeIgniter\CodeIgniter->handleRequest(null, Object(Config\Cache), false)
 9 FCPATH\index.php(67): CodeIgniter\CodeIgniter->run()
10 SYSTEMPATH\Commands\Server\rewrite.php(46): require_once('FCPATH\\index.php')
CRITICAL - 2022-12-05 11:52:48 --> Undefined variable $categories
in APPPATH\Views\admin_dashboard\product_create.php on line 34.
 1 APPPATH\Views\admin_dashboard\product_create.php(34): CodeIgniter\Debug\Exceptions->errorHandler(2, 'Undefined variable $categories', 'APPPATH\\Views\\admin_dashboard\\product_create.php', 34)
 2 SYSTEMPATH\View\View.php(213): include('APPPATH\\Views\\admin_dashboard\\product_create.php')
 3 SYSTEMPATH\View\View.php(216): CodeIgniter\View\View->CodeIgniter\View\{closure}()
 4 SYSTEMPATH\Common.php(1134): CodeIgniter\View\View->render('admin_dashboard/product_create', [], true)
 5 APPPATH\Controllers\ProductController.php(48): view('admin_dashboard/product_create')
 6 SYSTEMPATH\CodeIgniter.php(927): App\Controllers\ProductController->create()
 7 SYSTEMPATH\CodeIgniter.php(482): CodeIgniter\CodeIgniter->runController(Object(App\Controllers\ProductController))
 8 SYSTEMPATH\CodeIgniter.php(351): CodeIgniter\CodeIgniter->handleRequest(null, Object(Config\Cache), false)
 9 FCPATH\index.php(67): CodeIgniter\CodeIgniter->run()
10 SYSTEMPATH\Commands\Server\rewrite.php(46): require_once('FCPATH\\index.php')
CRITICAL - 2022-12-05 11:52:48 --> Undefined variable $categories
in APPPATH\Views\admin_dashboard\product_create.php on line 34.
 1 APPPATH\Views\admin_dashboard\product_create.php(34): CodeIgniter\Debug\Exceptions->errorHandler(2, 'Undefined variable $categories', 'APPPATH\\Views\\admin_dashboard\\product_create.php', 34)
 2 SYSTEMPATH\View\View.php(213): include('APPPATH\\Views\\admin_dashboard\\product_create.php')
 3 SYSTEMPATH\View\View.php(216): CodeIgniter\View\View->CodeIgniter\View\{closure}()
 4 SYSTEMPATH\Common.php(1134): CodeIgniter\View\View->render('admin_dashboard/product_create', [], true)
 5 APPPATH\Controllers\ProductController.php(48): view('admin_dashboard/product_create')
 6 SYSTEMPATH\CodeIgniter.php(927): App\Controllers\ProductController->create()
 7 SYSTEMPATH\CodeIgniter.php(482): CodeIgniter\CodeIgniter->runController(Object(App\Controllers\ProductController))
 8 SYSTEMPATH\CodeIgniter.php(351): CodeIgniter\CodeIgniter->handleRequest(null, Object(Config\Cache), false)
 9 FCPATH\index.php(67): CodeIgniter\CodeIgniter->run()
10 SYSTEMPATH\Commands\Server\rewrite.php(46): require_once('FCPATH\\index.php')
CRITICAL - 2022-12-05 11:52:49 --> Undefined variable $categories
in APPPATH\Views\admin_dashboard\product_create.php on line 34.
 1 APPPATH\Views\admin_dashboard\product_create.php(34): CodeIgniter\Debug\Exceptions->errorHandler(2, 'Undefined variable $categories', 'APPPATH\\Views\\admin_dashboard\\product_create.php', 34)
 2 SYSTEMPATH\View\View.php(213): include('APPPATH\\Views\\admin_dashboard\\product_create.php')
 3 SYSTEMPATH\View\View.php(216): CodeIgniter\View\View->CodeIgniter\View\{closure}()
 4 SYSTEMPATH\Common.php(1134): CodeIgniter\View\View->render('admin_dashboard/product_create', [], true)
 5 APPPATH\Controllers\ProductController.php(48): view('admin_dashboard/product_create')
 6 SYSTEMPATH\CodeIgniter.php(927): App\Controllers\ProductController->create()
 7 SYSTEMPATH\CodeIgniter.php(482): CodeIgniter\CodeIgniter->runController(Object(App\Controllers\ProductController))
 8 SYSTEMPATH\CodeIgniter.php(351): CodeIgniter\CodeIgniter->handleRequest(null, Object(Config\Cache), false)
 9 FCPATH\index.php(67): CodeIgniter\CodeIgniter->run()
10 SYSTEMPATH\Commands\Server\rewrite.php(46): require_once('FCPATH\\index.php')
CRITICAL - 2022-12-05 11:52:49 --> Undefined variable $categories
in APPPATH\Views\admin_dashboard\product_create.php on line 34.
 1 APPPATH\Views\admin_dashboard\product_create.php(34): CodeIgniter\Debug\Exceptions->errorHandler(2, 'Undefined variable $categories', 'APPPATH\\Views\\admin_dashboard\\product_create.php', 34)
 2 SYSTEMPATH\View\View.php(213): include('APPPATH\\Views\\admin_dashboard\\product_create.php')
 3 SYSTEMPATH\View\View.php(216): CodeIgniter\View\View->CodeIgniter\View\{closure}()
 4 SYSTEMPATH\Common.php(1134): CodeIgniter\View\View->render('admin_dashboard/product_create', [], true)
 5 APPPATH\Controllers\ProductController.php(48): view('admin_dashboard/product_create')
 6 SYSTEMPATH\CodeIgniter.php(927): App\Controllers\ProductController->create()
 7 SYSTEMPATH\CodeIgniter.php(482): CodeIgniter\CodeIgniter->runController(Object(App\Controllers\ProductController))
 8 SYSTEMPATH\CodeIgniter.php(351): CodeIgniter\CodeIgniter->handleRequest(null, Object(Config\Cache), false)
 9 FCPATH\index.php(67): CodeIgniter\CodeIgniter->run()
10 SYSTEMPATH\Commands\Server\rewrite.php(46): require_once('FCPATH\\index.php')
CRITICAL - 2022-12-05 11:52:49 --> Undefined variable $categories
in APPPATH\Views\admin_dashboard\product_create.php on line 34.
 1 APPPATH\Views\admin_dashboard\product_create.php(34): CodeIgniter\Debug\Exceptions->errorHandler(2, 'Undefined variable $categories', 'APPPATH\\Views\\admin_dashboard\\product_create.php', 34)
 2 SYSTEMPATH\View\View.php(213): include('APPPATH\\Views\\admin_dashboard\\product_create.php')
 3 SYSTEMPATH\View\View.php(216): CodeIgniter\View\View->CodeIgniter\View\{closure}()
 4 SYSTEMPATH\Common.php(1134): CodeIgniter\View\View->render('admin_dashboard/product_create', [], true)
 5 APPPATH\Controllers\ProductController.php(48): view('admin_dashboard/product_create')
 6 SYSTEMPATH\CodeIgniter.php(927): App\Controllers\ProductController->create()
 7 SYSTEMPATH\CodeIgniter.php(482): CodeIgniter\CodeIgniter->runController(Object(App\Controllers\ProductController))
 8 SYSTEMPATH\CodeIgniter.php(351): CodeIgniter\CodeIgniter->handleRequest(null, Object(Config\Cache), false)
 9 FCPATH\index.php(67): CodeIgniter\CodeIgniter->run()
10 SYSTEMPATH\Commands\Server\rewrite.php(46): require_once('FCPATH\\index.php')
CRITICAL - 2022-12-05 11:54:08 --> Undefined variable $categories
in APPPATH\Views\admin_dashboard\product_create.php on line 34.
 1 APPPATH\Views\admin_dashboard\product_create.php(34): CodeIgniter\Debug\Exceptions->errorHandler(2, 'Undefined variable $categories', 'APPPATH\\Views\\admin_dashboard\\product_create.php', 34)
 2 SYSTEMPATH\View\View.php(213): include('APPPATH\\Views\\admin_dashboard\\product_create.php')
 3 SYSTEMPATH\View\View.php(216): CodeIgniter\View\View->CodeIgniter\View\{closure}()
 4 SYSTEMPATH\Common.php(1134): CodeIgniter\View\View->render('admin_dashboard/product_create', [], true)
 5 APPPATH\Controllers\ProductController.php(48): view('admin_dashboard/product_create')
 6 SYSTEMPATH\CodeIgniter.php(927): App\Controllers\ProductController->create()
 7 SYSTEMPATH\CodeIgniter.php(482): CodeIgniter\CodeIgniter->runController(Object(App\Controllers\ProductController))
 8 SYSTEMPATH\CodeIgniter.php(351): CodeIgniter\CodeIgniter->handleRequest(null, Object(Config\Cache), false)
 9 FCPATH\index.php(67): CodeIgniter\CodeIgniter->run()
10 SYSTEMPATH\Commands\Server\rewrite.php(46): require_once('FCPATH\\index.php')
CRITICAL - 2022-12-05 11:54:09 --> Undefined variable $categories
in APPPATH\Views\admin_dashboard\product_create.php on line 34.
 1 APPPATH\Views\admin_dashboard\product_create.php(34): CodeIgniter\Debug\Exceptions->errorHandler(2, 'Undefined variable $categories', 'APPPATH\\Views\\admin_dashboard\\product_create.php', 34)
 2 SYSTEMPATH\View\View.php(213): include('APPPATH\\Views\\admin_dashboard\\product_create.php')
 3 SYSTEMPATH\View\View.php(216): CodeIgniter\View\View->CodeIgniter\View\{closure}()
 4 SYSTEMPATH\Common.php(1134): CodeIgniter\View\View->render('admin_dashboard/product_create', [], true)
 5 APPPATH\Controllers\ProductController.php(48): view('admin_dashboard/product_create')
 6 SYSTEMPATH\CodeIgniter.php(927): App\Controllers\ProductController->create()
 7 SYSTEMPATH\CodeIgniter.php(482): CodeIgniter\CodeIgniter->runController(Object(App\Controllers\ProductController))
 8 SYSTEMPATH\CodeIgniter.php(351): CodeIgniter\CodeIgniter->handleRequest(null, Object(Config\Cache), false)
 9 FCPATH\index.php(67): CodeIgniter\CodeIgniter->run()
10 SYSTEMPATH\Commands\Server\rewrite.php(46): require_once('FCPATH\\index.php')
CRITICAL - 2022-12-05 11:54:09 --> Undefined variable $categories
in APPPATH\Views\admin_dashboard\product_create.php on line 34.
 1 APPPATH\Views\admin_dashboard\product_create.php(34): CodeIgniter\Debug\Exceptions->errorHandler(2, 'Undefined variable $categories', 'APPPATH\\Views\\admin_dashboard\\product_create.php', 34)
 2 SYSTEMPATH\View\View.php(213): include('APPPATH\\Views\\admin_dashboard\\product_create.php')
 3 SYSTEMPATH\View\View.php(216): CodeIgniter\View\View->CodeIgniter\View\{closure}()
 4 SYSTEMPATH\Common.php(1134): CodeIgniter\View\View->render('admin_dashboard/product_create', [], true)
 5 APPPATH\Controllers\ProductController.php(48): view('admin_dashboard/product_create')
 6 SYSTEMPATH\CodeIgniter.php(927): App\Controllers\ProductController->create()
 7 SYSTEMPATH\CodeIgniter.php(482): CodeIgniter\CodeIgniter->runController(Object(App\Controllers\ProductController))
 8 SYSTEMPATH\CodeIgniter.php(351): CodeIgniter\CodeIgniter->handleRequest(null, Object(Config\Cache), false)
 9 FCPATH\index.php(67): CodeIgniter\CodeIgniter->run()
10 SYSTEMPATH\Commands\Server\rewrite.php(46): require_once('FCPATH\\index.php')
CRITICAL - 2022-12-05 11:54:10 --> Undefined variable $categories
in APPPATH\Views\admin_dashboard\product_create.php on line 34.
 1 APPPATH\Views\admin_dashboard\product_create.php(34): CodeIgniter\Debug\Exceptions->errorHandler(2, 'Undefined variable $categories', 'APPPATH\\Views\\admin_dashboard\\product_create.php', 34)
 2 SYSTEMPATH\View\View.php(213): include('APPPATH\\Views\\admin_dashboard\\product_create.php')
 3 SYSTEMPATH\View\View.php(216): CodeIgniter\View\View->CodeIgniter\View\{closure}()
 4 SYSTEMPATH\Common.php(1134): CodeIgniter\View\View->render('admin_dashboard/product_create', [], true)
 5 APPPATH\Controllers\ProductController.php(48): view('admin_dashboard/product_create')
 6 SYSTEMPATH\CodeIgniter.php(927): App\Controllers\ProductController->create()
 7 SYSTEMPATH\CodeIgniter.php(482): CodeIgniter\CodeIgniter->runController(Object(App\Controllers\ProductController))
 8 SYSTEMPATH\CodeIgniter.php(351): CodeIgniter\CodeIgniter->handleRequest(null, Object(Config\Cache), false)
 9 FCPATH\index.php(67): CodeIgniter\CodeIgniter->run()
10 SYSTEMPATH\Commands\Server\rewrite.php(46): require_once('FCPATH\\index.php')
CRITICAL - 2022-12-05 11:54:10 --> Undefined variable $categories
in APPPATH\Views\admin_dashboard\product_create.php on line 34.
 1 APPPATH\Views\admin_dashboard\product_create.php(34): CodeIgniter\Debug\Exceptions->errorHandler(2, 'Undefined variable $categories', 'APPPATH\\Views\\admin_dashboard\\product_create.php', 34)
 2 SYSTEMPATH\View\View.php(213): include('APPPATH\\Views\\admin_dashboard\\product_create.php')
 3 SYSTEMPATH\View\View.php(216): CodeIgniter\View\View->CodeIgniter\View\{closure}()
 4 SYSTEMPATH\Common.php(1134): CodeIgniter\View\View->render('admin_dashboard/product_create', [], true)
 5 APPPATH\Controllers\ProductController.php(48): view('admin_dashboard/product_create')
 6 SYSTEMPATH\CodeIgniter.php(927): App\Controllers\ProductController->create()
 7 SYSTEMPATH\CodeIgniter.php(482): CodeIgniter\CodeIgniter->runController(Object(App\Controllers\ProductController))
 8 SYSTEMPATH\CodeIgniter.php(351): CodeIgniter\CodeIgniter->handleRequest(null, Object(Config\Cache), false)
 9 FCPATH\index.php(67): CodeIgniter\CodeIgniter->run()
10 SYSTEMPATH\Commands\Server\rewrite.php(46): require_once('FCPATH\\index.php')
CRITICAL - 2022-12-05 11:54:10 --> Undefined variable $categories
in APPPATH\Views\admin_dashboard\product_create.php on line 34.
 1 APPPATH\Views\admin_dashboard\product_create.php(34): CodeIgniter\Debug\Exceptions->errorHandler(2, 'Undefined variable $categories', 'APPPATH\\Views\\admin_dashboard\\product_create.php', 34)
 2 SYSTEMPATH\View\View.php(213): include('APPPATH\\Views\\admin_dashboard\\product_create.php')
 3 SYSTEMPATH\View\View.php(216): CodeIgniter\View\View->CodeIgniter\View\{closure}()
 4 SYSTEMPATH\Common.php(1134): CodeIgniter\View\View->render('admin_dashboard/product_create', [], true)
 5 APPPATH\Controllers\ProductController.php(48): view('admin_dashboard/product_create')
 6 SYSTEMPATH\CodeIgniter.php(927): App\Controllers\ProductController->create()
 7 SYSTEMPATH\CodeIgniter.php(482): CodeIgniter\CodeIgniter->runController(Object(App\Controllers\ProductController))
 8 SYSTEMPATH\CodeIgniter.php(351): CodeIgniter\CodeIgniter->handleRequest(null, Object(Config\Cache), false)
 9 FCPATH\index.php(67): CodeIgniter\CodeIgniter->run()
10 SYSTEMPATH\Commands\Server\rewrite.php(46): require_once('FCPATH\\index.php')
CRITICAL - 2022-12-05 11:54:10 --> Undefined variable $categories
in APPPATH\Views\admin_dashboard\product_create.php on line 34.
 1 APPPATH\Views\admin_dashboard\product_create.php(34): CodeIgniter\Debug\Exceptions->errorHandler(2, 'Undefined variable $categories', 'APPPATH\\Views\\admin_dashboard\\product_create.php', 34)
 2 SYSTEMPATH\View\View.php(213): include('APPPATH\\Views\\admin_dashboard\\product_create.php')
 3 SYSTEMPATH\View\View.php(216): CodeIgniter\View\View->CodeIgniter\View\{closure}()
 4 SYSTEMPATH\Common.php(1134): CodeIgniter\View\View->render('admin_dashboard/product_create', [], true)
 5 APPPATH\Controllers\ProductController.php(48): view('admin_dashboard/product_create')
 6 SYSTEMPATH\CodeIgniter.php(927): App\Controllers\ProductController->create()
 7 SYSTEMPATH\CodeIgniter.php(482): CodeIgniter\CodeIgniter->runController(Object(App\Controllers\ProductController))
 8 SYSTEMPATH\CodeIgniter.php(351): CodeIgniter\CodeIgniter->handleRequest(null, Object(Config\Cache), false)
 9 FCPATH\index.php(67): CodeIgniter\CodeIgniter->run()
10 SYSTEMPATH\Commands\Server\rewrite.php(46): require_once('FCPATH\\index.php')
CRITICAL - 2022-12-05 11:54:11 --> Undefined variable $categories
in APPPATH\Views\admin_dashboard\product_create.php on line 34.
 1 APPPATH\Views\admin_dashboard\product_create.php(34): CodeIgniter\Debug\Exceptions->errorHandler(2, 'Undefined variable $categories', 'APPPATH\\Views\\admin_dashboard\\product_create.php', 34)
 2 SYSTEMPATH\View\View.php(213): include('APPPATH\\Views\\admin_dashboard\\product_create.php')
 3 SYSTEMPATH\View\View.php(216): CodeIgniter\View\View->CodeIgniter\View\{closure}()
 4 SYSTEMPATH\Common.php(1134): CodeIgniter\View\View->render('admin_dashboard/product_create', [], true)
 5 APPPATH\Controllers\ProductController.php(48): view('admin_dashboard/product_create')
 6 SYSTEMPATH\CodeIgniter.php(927): App\Controllers\ProductController->create()
 7 SYSTEMPATH\CodeIgniter.php(482): CodeIgniter\CodeIgniter->runController(Object(App\Controllers\ProductController))
 8 SYSTEMPATH\CodeIgniter.php(351): CodeIgniter\CodeIgniter->handleRequest(null, Object(Config\Cache), false)
 9 FCPATH\index.php(67): CodeIgniter\CodeIgniter->run()
10 SYSTEMPATH\Commands\Server\rewrite.php(46): require_once('FCPATH\\index.php')
CRITICAL - 2022-12-05 11:54:11 --> Undefined variable $categories
in APPPATH\Views\admin_dashboard\product_create.php on line 34.
 1 APPPATH\Views\admin_dashboard\product_create.php(34): CodeIgniter\Debug\Exceptions->errorHandler(2, 'Undefined variable $categories', 'APPPATH\\Views\\admin_dashboard\\product_create.php', 34)
 2 SYSTEMPATH\View\View.php(213): include('APPPATH\\Views\\admin_dashboard\\product_create.php')
 3 SYSTEMPATH\View\View.php(216): CodeIgniter\View\View->CodeIgniter\View\{closure}()
 4 SYSTEMPATH\Common.php(1134): CodeIgniter\View\View->render('admin_dashboard/product_create', [], true)
 5 APPPATH\Controllers\ProductController.php(48): view('admin_dashboard/product_create')
 6 SYSTEMPATH\CodeIgniter.php(927): App\Controllers\ProductController->create()
 7 SYSTEMPATH\CodeIgniter.php(482): CodeIgniter\CodeIgniter->runController(Object(App\Controllers\ProductController))
 8 SYSTEMPATH\CodeIgniter.php(351): CodeIgniter\CodeIgniter->handleRequest(null, Object(Config\Cache), false)
 9 FCPATH\index.php(67): CodeIgniter\CodeIgniter->run()
10 SYSTEMPATH\Commands\Server\rewrite.php(46): require_once('FCPATH\\index.php')
CRITICAL - 2022-12-05 11:59:58 --> Undefined variable $row
in APPPATH\Views\admin_dashboard\product_create.php on line 35.
 1 APPPATH\Views\admin_dashboard\product_create.php(35): CodeIgniter\Debug\Exceptions->errorHandler(2, 'Undefined variable $row', 'APPPATH\\Views\\admin_dashboard\\product_create.php', 35)
 2 SYSTEMPATH\View\View.php(213): include('APPPATH\\Views\\admin_dashboard\\product_create.php')
 3 SYSTEMPATH\View\View.php(216): CodeIgniter\View\View->CodeIgniter\View\{closure}()
 4 SYSTEMPATH\Common.php(1134): CodeIgniter\View\View->render('admin_dashboard/product_create', [], true)
 5 APPPATH\Controllers\ProductController.php(48): view('admin_dashboard/product_create')
 6 SYSTEMPATH\CodeIgniter.php(927): App\Controllers\ProductController->create()
 7 SYSTEMPATH\CodeIgniter.php(482): CodeIgniter\CodeIgniter->runController(Object(App\Controllers\ProductController))
 8 SYSTEMPATH\CodeIgniter.php(351): CodeIgniter\CodeIgniter->handleRequest(null, Object(Config\Cache), false)
 9 FCPATH\index.php(67): CodeIgniter\CodeIgniter->run()
10 SYSTEMPATH\Commands\Server\rewrite.php(46): require_once('FCPATH\\index.php')
CRITICAL - 2022-12-05 11:59:59 --> Undefined variable $row
in APPPATH\Views\admin_dashboard\product_create.php on line 35.
 1 APPPATH\Views\admin_dashboard\product_create.php(35): CodeIgniter\Debug\Exceptions->errorHandler(2, 'Undefined variable $row', 'APPPATH\\Views\\admin_dashboard\\product_create.php', 35)
 2 SYSTEMPATH\View\View.php(213): include('APPPATH\\Views\\admin_dashboard\\product_create.php')
 3 SYSTEMPATH\View\View.php(216): CodeIgniter\View\View->CodeIgniter\View\{closure}()
 4 SYSTEMPATH\Common.php(1134): CodeIgniter\View\View->render('admin_dashboard/product_create', [], true)
 5 APPPATH\Controllers\ProductController.php(48): view('admin_dashboard/product_create')
 6 SYSTEMPATH\CodeIgniter.php(927): App\Controllers\ProductController->create()
 7 SYSTEMPATH\CodeIgniter.php(482): CodeIgniter\CodeIgniter->runController(Object(App\Controllers\ProductController))
 8 SYSTEMPATH\CodeIgniter.php(351): CodeIgniter\CodeIgniter->handleRequest(null, Object(Config\Cache), false)
 9 FCPATH\index.php(67): CodeIgniter\CodeIgniter->run()
10 SYSTEMPATH\Commands\Server\rewrite.php(46): require_once('FCPATH\\index.php')
CRITICAL - 2022-12-05 11:59:59 --> Undefined variable $row
in APPPATH\Views\admin_dashboard\product_create.php on line 35.
 1 APPPATH\Views\admin_dashboard\product_create.php(35): CodeIgniter\Debug\Exceptions->errorHandler(2, 'Undefined variable $row', 'APPPATH\\Views\\admin_dashboard\\product_create.php', 35)
 2 SYSTEMPATH\View\View.php(213): include('APPPATH\\Views\\admin_dashboard\\product_create.php')
 3 SYSTEMPATH\View\View.php(216): CodeIgniter\View\View->CodeIgniter\View\{closure}()
 4 SYSTEMPATH\Common.php(1134): CodeIgniter\View\View->render('admin_dashboard/product_create', [], true)
 5 APPPATH\Controllers\ProductController.php(48): view('admin_dashboard/product_create')
 6 SYSTEMPATH\CodeIgniter.php(927): App\Controllers\ProductController->create()
 7 SYSTEMPATH\CodeIgniter.php(482): CodeIgniter\CodeIgniter->runController(Object(App\Controllers\ProductController))
 8 SYSTEMPATH\CodeIgniter.php(351): CodeIgniter\CodeIgniter->handleRequest(null, Object(Config\Cache), false)
 9 FCPATH\index.php(67): CodeIgniter\CodeIgniter->run()
10 SYSTEMPATH\Commands\Server\rewrite.php(46): require_once('FCPATH\\index.php')
CRITICAL - 2022-12-05 12:00:00 --> Undefined variable $row
in APPPATH\Views\admin_dashboard\product_create.php on line 35.
 1 APPPATH\Views\admin_dashboard\product_create.php(35): CodeIgniter\Debug\Exceptions->errorHandler(2, 'Undefined variable $row', 'APPPATH\\Views\\admin_dashboard\\product_create.php', 35)
 2 SYSTEMPATH\View\View.php(213): include('APPPATH\\Views\\admin_dashboard\\product_create.php')
 3 SYSTEMPATH\View\View.php(216): CodeIgniter\View\View->CodeIgniter\View\{closure}()
 4 SYSTEMPATH\Common.php(1134): CodeIgniter\View\View->render('admin_dashboard/product_create', [], true)
 5 APPPATH\Controllers\ProductController.php(48): view('admin_dashboard/product_create')
 6 SYSTEMPATH\CodeIgniter.php(927): App\Controllers\ProductController->create()
 7 SYSTEMPATH\CodeIgniter.php(482): CodeIgniter\CodeIgniter->runController(Object(App\Controllers\ProductController))
 8 SYSTEMPATH\CodeIgniter.php(351): CodeIgniter\CodeIgniter->handleRequest(null, Object(Config\Cache), false)
 9 FCPATH\index.php(67): CodeIgniter\CodeIgniter->run()
10 SYSTEMPATH\Commands\Server\rewrite.php(46): require_once('FCPATH\\index.php')
CRITICAL - 2022-12-05 12:00:00 --> Undefined variable $row
in APPPATH\Views\admin_dashboard\product_create.php on line 35.
 1 APPPATH\Views\admin_dashboard\product_create.php(35): CodeIgniter\Debug\Exceptions->errorHandler(2, 'Undefined variable $row', 'APPPATH\\Views\\admin_dashboard\\product_create.php', 35)
 2 SYSTEMPATH\View\View.php(213): include('APPPATH\\Views\\admin_dashboard\\product_create.php')
 3 SYSTEMPATH\View\View.php(216): CodeIgniter\View\View->CodeIgniter\View\{closure}()
 4 SYSTEMPATH\Common.php(1134): CodeIgniter\View\View->render('admin_dashboard/product_create', [], true)
 5 APPPATH\Controllers\ProductController.php(48): view('admin_dashboard/product_create')
 6 SYSTEMPATH\CodeIgniter.php(927): App\Controllers\ProductController->create()
 7 SYSTEMPATH\CodeIgniter.php(482): CodeIgniter\CodeIgniter->runController(Object(App\Controllers\ProductController))
 8 SYSTEMPATH\CodeIgniter.php(351): CodeIgniter\CodeIgniter->handleRequest(null, Object(Config\Cache), false)
 9 FCPATH\index.php(67): CodeIgniter\CodeIgniter->run()
10 SYSTEMPATH\Commands\Server\rewrite.php(46): require_once('FCPATH\\index.php')
CRITICAL - 2022-12-05 12:00:12 --> There is no data to insert.
in SYSTEMPATH\BaseModel.php on line 729.
 1 SYSTEMPATH\BaseModel.php(729): CodeIgniter\Database\Exceptions\DataException::forEmptyDataset('insert')
 2 SYSTEMPATH\Model.php(667): CodeIgniter\BaseModel->insert([], false)
 3 SYSTEMPATH\BaseModel.php(659): CodeIgniter\Model->insert([...], false)
 4 APPPATH\Controllers\ProductController.php(18): CodeIgniter\BaseModel->save([...])
 5 SYSTEMPATH\CodeIgniter.php(927): App\Controllers\ProductController->product_list()
 6 SYSTEMPATH\CodeIgniter.php(482): CodeIgniter\CodeIgniter->runController(Object(App\Controllers\ProductController))
 7 SYSTEMPATH\CodeIgniter.php(351): CodeIgniter\CodeIgniter->handleRequest(null, Object(Config\Cache), false)
 8 FCPATH\index.php(67): CodeIgniter\CodeIgniter->run()
 9 SYSTEMPATH\Commands\Server\rewrite.php(46): require_once('FCPATH\\index.php')
CRITICAL - 2022-12-05 12:04:04 --> Undefined variable $categories
in APPPATH\Views\admin_dashboard\product_create.php on line 34.
 1 APPPATH\Views\admin_dashboard\product_create.php(34): CodeIgniter\Debug\Exceptions->errorHandler(2, 'Undefined variable $categories', 'APPPATH\\Views\\admin_dashboard\\product_create.php', 34)
 2 SYSTEMPATH\View\View.php(213): include('APPPATH\\Views\\admin_dashboard\\product_create.php')
 3 SYSTEMPATH\View\View.php(216): CodeIgniter\View\View->CodeIgniter\View\{closure}()
 4 SYSTEMPATH\Common.php(1134): CodeIgniter\View\View->render('admin_dashboard/product_create', [], true)
 5 APPPATH\Controllers\ProductController.php(38): view('admin_dashboard/product_create')
 6 SYSTEMPATH\CodeIgniter.php(927): App\Controllers\ProductController->create()
 7 SYSTEMPATH\CodeIgniter.php(482): CodeIgniter\CodeIgniter->runController(Object(App\Controllers\ProductController))
 8 SYSTEMPATH\CodeIgniter.php(351): CodeIgniter\CodeIgniter->handleRequest(null, Object(Config\Cache), false)
 9 FCPATH\index.php(67): CodeIgniter\CodeIgniter->run()
10 SYSTEMPATH\Commands\Server\rewrite.php(46): require_once('FCPATH\\index.php')
CRITICAL - 2022-12-05 12:04:05 --> Undefined variable $categories
in APPPATH\Views\admin_dashboard\product_create.php on line 34.
 1 APPPATH\Views\admin_dashboard\product_create.php(34): CodeIgniter\Debug\Exceptions->errorHandler(2, 'Undefined variable $categories', 'APPPATH\\Views\\admin_dashboard\\product_create.php', 34)
 2 SYSTEMPATH\View\View.php(213): include('APPPATH\\Views\\admin_dashboard\\product_create.php')
 3 SYSTEMPATH\View\View.php(216): CodeIgniter\View\View->CodeIgniter\View\{closure}()
 4 SYSTEMPATH\Common.php(1134): CodeIgniter\View\View->render('admin_dashboard/product_create', [], true)
 5 APPPATH\Controllers\ProductController.php(38): view('admin_dashboard/product_create')
 6 SYSTEMPATH\CodeIgniter.php(927): App\Controllers\ProductController->create()
 7 SYSTEMPATH\CodeIgniter.php(482): CodeIgniter\CodeIgniter->runController(Object(App\Controllers\ProductController))
 8 SYSTEMPATH\CodeIgniter.php(351): CodeIgniter\CodeIgniter->handleRequest(null, Object(Config\Cache), false)
 9 FCPATH\index.php(67): CodeIgniter\CodeIgniter->run()
10 SYSTEMPATH\Commands\Server\rewrite.php(46): require_once('FCPATH\\index.php')
CRITICAL - 2022-12-05 12:04:05 --> Undefined variable $categories
in APPPATH\Views\admin_dashboard\product_create.php on line 34.
 1 APPPATH\Views\admin_dashboard\product_create.php(34): CodeIgniter\Debug\Exceptions->errorHandler(2, 'Undefined variable $categories', 'APPPATH\\Views\\admin_dashboard\\product_create.php', 34)
 2 SYSTEMPATH\View\View.php(213): include('APPPATH\\Views\\admin_dashboard\\product_create.php')
 3 SYSTEMPATH\View\View.php(216): CodeIgniter\View\View->CodeIgniter\View\{closure}()
 4 SYSTEMPATH\Common.php(1134): CodeIgniter\View\View->render('admin_dashboard/product_create', [], true)
 5 APPPATH\Controllers\ProductController.php(38): view('admin_dashboard/product_create')
 6 SYSTEMPATH\CodeIgniter.php(927): App\Controllers\ProductController->create()
 7 SYSTEMPATH\CodeIgniter.php(482): CodeIgniter\CodeIgniter->runController(Object(App\Controllers\ProductController))
 8 SYSTEMPATH\CodeIgniter.php(351): CodeIgniter\CodeIgniter->handleRequest(null, Object(Config\Cache), false)
 9 FCPATH\index.php(67): CodeIgniter\CodeIgniter->run()
10 SYSTEMPATH\Commands\Server\rewrite.php(46): require_once('FCPATH\\index.php')
CRITICAL - 2022-12-05 12:04:06 --> Undefined variable $categories
in APPPATH\Views\admin_dashboard\product_create.php on line 34.
 1 APPPATH\Views\admin_dashboard\product_create.php(34): CodeIgniter\Debug\Exceptions->errorHandler(2, 'Undefined variable $categories', 'APPPATH\\Views\\admin_dashboard\\product_create.php', 34)
 2 SYSTEMPATH\View\View.php(213): include('APPPATH\\Views\\admin_dashboard\\product_create.php')
 3 SYSTEMPATH\View\View.php(216): CodeIgniter\View\View->CodeIgniter\View\{closure}()
 4 SYSTEMPATH\Common.php(1134): CodeIgniter\View\View->render('admin_dashboard/product_create', [], true)
 5 APPPATH\Controllers\ProductController.php(38): view('admin_dashboard/product_create')
 6 SYSTEMPATH\CodeIgniter.php(927): App\Controllers\ProductController->create()
 7 SYSTEMPATH\CodeIgniter.php(482): CodeIgniter\CodeIgniter->runController(Object(App\Controllers\ProductController))
 8 SYSTEMPATH\CodeIgniter.php(351): CodeIgniter\CodeIgniter->handleRequest(null, Object(Config\Cache), false)
 9 FCPATH\index.php(67): CodeIgniter\CodeIgniter->run()
10 SYSTEMPATH\Commands\Server\rewrite.php(46): require_once('FCPATH\\index.php')
CRITICAL - 2022-12-05 12:04:06 --> Undefined variable $categories
in APPPATH\Views\admin_dashboard\product_create.php on line 34.
 1 APPPATH\Views\admin_dashboard\product_create.php(34): CodeIgniter\Debug\Exceptions->errorHandler(2, 'Undefined variable $categories', 'APPPATH\\Views\\admin_dashboard\\product_create.php', 34)
 2 SYSTEMPATH\View\View.php(213): include('APPPATH\\Views\\admin_dashboard\\product_create.php')
 3 SYSTEMPATH\View\View.php(216): CodeIgniter\View\View->CodeIgniter\View\{closure}()
 4 SYSTEMPATH\Common.php(1134): CodeIgniter\View\View->render('admin_dashboard/product_create', [], true)
 5 APPPATH\Controllers\ProductController.php(38): view('admin_dashboard/product_create')
 6 SYSTEMPATH\CodeIgniter.php(927): App\Controllers\ProductController->create()
 7 SYSTEMPATH\CodeIgniter.php(482): CodeIgniter\CodeIgniter->runController(Object(App\Controllers\ProductController))
 8 SYSTEMPATH\CodeIgniter.php(351): CodeIgniter\CodeIgniter->handleRequest(null, Object(Config\Cache), false)
 9 FCPATH\index.php(67): CodeIgniter\CodeIgniter->run()
10 SYSTEMPATH\Commands\Server\rewrite.php(46): require_once('FCPATH\\index.php')
CRITICAL - 2022-12-05 12:04:06 --> Undefined variable $categories
in APPPATH\Views\admin_dashboard\product_create.php on line 34.
 1 APPPATH\Views\admin_dashboard\product_create.php(34): CodeIgniter\Debug\Exceptions->errorHandler(2, 'Undefined variable $categories', 'APPPATH\\Views\\admin_dashboard\\product_create.php', 34)
 2 SYSTEMPATH\View\View.php(213): include('APPPATH\\Views\\admin_dashboard\\product_create.php')
 3 SYSTEMPATH\View\View.php(216): CodeIgniter\View\View->CodeIgniter\View\{closure}()
 4 SYSTEMPATH\Common.php(1134): CodeIgniter\View\View->render('admin_dashboard/product_create', [], true)
 5 APPPATH\Controllers\ProductController.php(38): view('admin_dashboard/product_create')
 6 SYSTEMPATH\CodeIgniter.php(927): App\Controllers\ProductController->create()
 7 SYSTEMPATH\CodeIgniter.php(482): CodeIgniter\CodeIgniter->runController(Object(App\Controllers\ProductController))
 8 SYSTEMPATH\CodeIgniter.php(351): CodeIgniter\CodeIgniter->handleRequest(null, Object(Config\Cache), false)
 9 FCPATH\index.php(67): CodeIgniter\CodeIgniter->run()
10 SYSTEMPATH\Commands\Server\rewrite.php(46): require_once('FCPATH\\index.php')
CRITICAL - 2022-12-05 12:04:06 --> Undefined variable $categories
in APPPATH\Views\admin_dashboard\product_create.php on line 34.
 1 APPPATH\Views\admin_dashboard\product_create.php(34): CodeIgniter\Debug\Exceptions->errorHandler(2, 'Undefined variable $categories', 'APPPATH\\Views\\admin_dashboard\\product_create.php', 34)
 2 SYSTEMPATH\View\View.php(213): include('APPPATH\\Views\\admin_dashboard\\product_create.php')
 3 SYSTEMPATH\View\View.php(216): CodeIgniter\View\View->CodeIgniter\View\{closure}()
 4 SYSTEMPATH\Common.php(1134): CodeIgniter\View\View->render('admin_dashboard/product_create', [], true)
 5 APPPATH\Controllers\ProductController.php(38): view('admin_dashboard/product_create')
 6 SYSTEMPATH\CodeIgniter.php(927): App\Controllers\ProductController->create()
 7 SYSTEMPATH\CodeIgniter.php(482): CodeIgniter\CodeIgniter->runController(Object(App\Controllers\ProductController))
 8 SYSTEMPATH\CodeIgniter.php(351): CodeIgniter\CodeIgniter->handleRequest(null, Object(Config\Cache), false)
 9 FCPATH\index.php(67): CodeIgniter\CodeIgniter->run()
10 SYSTEMPATH\Commands\Server\rewrite.php(46): require_once('FCPATH\\index.php')
CRITICAL - 2022-12-05 12:04:07 --> Undefined variable $categories
in APPPATH\Views\admin_dashboard\product_create.php on line 34.
 1 APPPATH\Views\admin_dashboard\product_create.php(34): CodeIgniter\Debug\Exceptions->errorHandler(2, 'Undefined variable $categories', 'APPPATH\\Views\\admin_dashboard\\product_create.php', 34)
 2 SYSTEMPATH\View\View.php(213): include('APPPATH\\Views\\admin_dashboard\\product_create.php')
 3 SYSTEMPATH\View\View.php(216): CodeIgniter\View\View->CodeIgniter\View\{closure}()
 4 SYSTEMPATH\Common.php(1134): CodeIgniter\View\View->render('admin_dashboard/product_create', [], true)
 5 APPPATH\Controllers\ProductController.php(38): view('admin_dashboard/product_create')
 6 SYSTEMPATH\CodeIgniter.php(927): App\Controllers\ProductController->create()
 7 SYSTEMPATH\CodeIgniter.php(482): CodeIgniter\CodeIgniter->runController(Object(App\Controllers\ProductController))
 8 SYSTEMPATH\CodeIgniter.php(351): CodeIgniter\CodeIgniter->handleRequest(null, Object(Config\Cache), false)
 9 FCPATH\index.php(67): CodeIgniter\CodeIgniter->run()
10 SYSTEMPATH\Commands\Server\rewrite.php(46): require_once('FCPATH\\index.php')
ERROR - 2022-12-05 22:27:17 --> mysqli_sql_exception: Table 'finalproject.products' doesn't exist in C:\xampp\htdocs\finalproject\system\Database\MySQLi\Connection.php:292
Stack trace:
#0 C:\xampp\htdocs\finalproject\system\Database\MySQLi\Connection.php(292): mysqli->query('SELECT *\nFROM `...', 0)
#1 C:\xampp\htdocs\finalproject\system\Database\BaseConnection.php(666): CodeIgniter\Database\MySQLi\Connection->execute('SELECT *\nFROM `...')
#2 C:\xampp\htdocs\finalproject\system\Database\BaseConnection.php(593): CodeIgniter\Database\BaseConnection->simpleQuery('SELECT *\nFROM `...')
#3 C:\xampp\htdocs\finalproject\system\Database\BaseBuilder.php(1585): CodeIgniter\Database\BaseConnection->query('SELECT *\nFROM `...', Array, false)
#4 C:\xampp\htdocs\finalproject\system\Model.php(223): CodeIgniter\Database\BaseBuilder->get()
#5 C:\xampp\htdocs\finalproject\system\BaseModel.php(585): CodeIgniter\Model->doFindAll(0, 0)
#6 C:\xampp\htdocs\finalproject\app\Controllers\ProductController.php(12): CodeIgniter\BaseModel->findAll()
#7 C:\xampp\htdocs\finalproject\system\CodeIgniter.php(927): App\Controllers\ProductController->product_list()
#8 C:\xampp\htdocs\finalproject\system\CodeIgniter.php(482): CodeIgniter\CodeIgniter->runController(Object(App\Controllers\ProductController))
#9 C:\xampp\htdocs\finalproject\system\CodeIgniter.php(351): CodeIgniter\CodeIgniter->handleRequest(NULL, Object(Config\Cache), false)
#10 C:\xampp\htdocs\finalproject\public\index.php(67): CodeIgniter\CodeIgniter->run()
#11 C:\xampp\htdocs\finalproject\system\Commands\Server\rewrite.php(46): require_once('C:\\xampp\\htdocs...')
#12 {main}
CRITICAL - 2022-12-05 22:27:17 --> Table 'finalproject.products' doesn't exist
in SYSTEMPATH\Database\MySQLi\Connection.php on line 292.
 1 SYSTEMPATH\Database\MySQLi\Connection.php(292): mysqli->query('SELECT *
FROM `products`', 0)
 2 SYSTEMPATH\Database\BaseConnection.php(666): CodeIgniter\Database\MySQLi\Connection->execute('SELECT *
FROM `products`')
 3 SYSTEMPATH\Database\BaseConnection.php(593): CodeIgniter\Database\BaseConnection->simpleQuery('SELECT *
FROM `products`')
 4 SYSTEMPATH\Database\BaseBuilder.php(1585): CodeIgniter\Database\BaseConnection->query('SELECT *
FROM `products`', [], false)
 5 SYSTEMPATH\Model.php(223): CodeIgniter\Database\BaseBuilder->get()
 6 SYSTEMPATH\BaseModel.php(585): CodeIgniter\Model->doFindAll(0, 0)
 7 APPPATH\Controllers\ProductController.php(12): CodeIgniter\BaseModel->findAll()
 8 SYSTEMPATH\CodeIgniter.php(927): App\Controllers\ProductController->product_list()
 9 SYSTEMPATH\CodeIgniter.php(482): CodeIgniter\CodeIgniter->runController(Object(App\Controllers\ProductController))
10 SYSTEMPATH\CodeIgniter.php(351): CodeIgniter\CodeIgniter->handleRequest(null, Object(Config\Cache), false)
11 FCPATH\index.php(67): CodeIgniter\CodeIgniter->run()
12 SYSTEMPATH\Commands\Server\rewrite.php(46): require_once('FCPATH\\index.php')
ERROR - 2022-12-05 22:55:07 --> mysqli_sql_exception: Table 'finalproject.category' doesn't exist in C:\xampp\htdocs\finalproject\system\Database\MySQLi\Connection.php:292
Stack trace:
#0 C:\xampp\htdocs\finalproject\system\Database\MySQLi\Connection.php(292): mysqli->query('SELECT *\nFROM `...', 0)
#1 C:\xampp\htdocs\finalproject\system\Database\BaseConnection.php(666): CodeIgniter\Database\MySQLi\Connection->execute('SELECT *\nFROM `...')
#2 C:\xampp\htdocs\finalproject\system\Database\BaseConnection.php(593): CodeIgniter\Database\BaseConnection->simpleQuery('SELECT *\nFROM `...')
#3 C:\xampp\htdocs\finalproject\system\Database\BaseBuilder.php(1585): CodeIgniter\Database\BaseConnection->query('SELECT *\nFROM `...', Array, false)
#4 C:\xampp\htdocs\finalproject\system\Model.php(223): CodeIgniter\Database\BaseBuilder->get()
#5 C:\xampp\htdocs\finalproject\system\BaseModel.php(585): CodeIgniter\Model->doFindAll(0, 0)
#6 C:\xampp\htdocs\finalproject\app\Controllers\ProductController.php(19): CodeIgniter\BaseModel->findAll()
#7 C:\xampp\htdocs\finalproject\system\CodeIgniter.php(927): App\Controllers\ProductController->product_category()
#8 C:\xampp\htdocs\finalproject\system\CodeIgniter.php(482): CodeIgniter\CodeIgniter->runController(Object(App\Controllers\ProductController))
#9 C:\xampp\htdocs\finalproject\system\CodeIgniter.php(351): CodeIgniter\CodeIgniter->handleRequest(NULL, Object(Config\Cache), false)
#10 C:\xampp\htdocs\finalproject\public\index.php(67): CodeIgniter\CodeIgniter->run()
#11 C:\xampp\htdocs\finalproject\system\Commands\Server\rewrite.php(46): require_once('C:\\xampp\\htdocs...')
#12 {main}
CRITICAL - 2022-12-05 22:55:07 --> Table 'finalproject.category' doesn't exist
in SYSTEMPATH\Database\MySQLi\Connection.php on line 292.
 1 SYSTEMPATH\Database\MySQLi\Connection.php(292): mysqli->query('SELECT *
FROM `category`', 0)
 2 SYSTEMPATH\Database\BaseConnection.php(666): CodeIgniter\Database\MySQLi\Connection->execute('SELECT *
FROM `category`')
 3 SYSTEMPATH\Database\BaseConnection.php(593): CodeIgniter\Database\BaseConnection->simpleQuery('SELECT *
FROM `category`')
 4 SYSTEMPATH\Database\BaseBuilder.php(1585): CodeIgniter\Database\BaseConnection->query('SELECT *
FROM `category`', [], false)
 5 SYSTEMPATH\Model.php(223): CodeIgniter\Database\BaseBuilder->get()
 6 SYSTEMPATH\BaseModel.php(585): CodeIgniter\Model->doFindAll(0, 0)
 7 APPPATH\Controllers\ProductController.php(19): CodeIgniter\BaseModel->findAll()
 8 SYSTEMPATH\CodeIgniter.php(927): App\Controllers\ProductController->product_category()
 9 SYSTEMPATH\CodeIgniter.php(482): CodeIgniter\CodeIgniter->runController(Object(App\Controllers\ProductController))
10 SYSTEMPATH\CodeIgniter.php(351): CodeIgniter\CodeIgniter->handleRequest(null, Object(Config\Cache), false)
11 FCPATH\index.php(67): CodeIgniter\CodeIgniter->run()
12 SYSTEMPATH\Commands\Server\rewrite.php(46): require_once('FCPATH\\index.php')
CRITICAL - 2022-12-05 23:47:49 --> Undefined array key "category"
in APPPATH\Views\layout\products.php on line 70.
 1 APPPATH\Views\layout\products.php(70): CodeIgniter\Debug\Exceptions->errorHandler(2, 'Undefined array key "category"', 'APPPATH\\Views\\layout\\products.php', 70)
 2 SYSTEMPATH\View\View.php(213): include('APPPATH\\Views\\layout\\products.php')
 3 SYSTEMPATH\View\View.php(216): CodeIgniter\View\View->CodeIgniter\View\{closure}()
 4 SYSTEMPATH\Common.php(1134): CodeIgniter\View\View->render('layout/products', [], true)
 5 APPPATH\Controllers\Reservation.php(37): view('layout/products', [...])
 6 SYSTEMPATH\CodeIgniter.php(927): App\Controllers\Reservation->products()
 7 SYSTEMPATH\CodeIgniter.php(482): CodeIgniter\CodeIgniter->runController(Object(App\Controllers\Reservation))
 8 SYSTEMPATH\CodeIgniter.php(351): CodeIgniter\CodeIgniter->handleRequest(null, Object(Config\Cache), false)
 9 FCPATH\index.php(67): CodeIgniter\CodeIgniter->run()
10 SYSTEMPATH\Commands\Server\rewrite.php(46): require_once('FCPATH\\index.php')
CRITICAL - 2022-12-05 23:55:08 --> Invalid file: admin_dashboard/reservation)report.php
in SYSTEMPATH\Exceptions\FrameworkException.php on line 33.
 1 SYSTEMPATH\View\View.php(201): CodeIgniter\Exceptions\FrameworkException::forInvalidFile('admin_dashboard/reservation)report.php')
 2 SYSTEMPATH\Common.php(1134): CodeIgniter\View\View->render('admin_dashboard/reservation)report', [], true)
 3 APPPATH\Controllers\Reservation.php(51): view('admin_dashboard/reservation)report', [...])
 4 SYSTEMPATH\CodeIgniter.php(927): App\Controllers\Reservation->reservation_report()
 5 SYSTEMPATH\CodeIgniter.php(482): CodeIgniter\CodeIgniter->runController(Object(App\Controllers\Reservation))
 6 SYSTEMPATH\CodeIgniter.php(351): CodeIgniter\CodeIgniter->handleRequest(null, Object(Config\Cache), false)
 7 FCPATH\index.php(67): CodeIgniter\CodeIgniter->run()
 8 SYSTEMPATH\Commands\Server\rewrite.php(46): require_once('FCPATH\\index.php')
