CRITICAL - 2024-04-04 00:06:42 --> Undefined variable $new
in APPPATH\Views\admin\accountability_form.php on line 158.
 1 APPPATH\Views\admin\accountability_form.php(158): CodeIgniter\Debug\Exceptions->errorHandler(2, 'Undefined variable $new', 'APPPATH\\Views\\admin\\accountability_form.php', 158)
 2 SYSTEMPATH\View\View.php(213): include('APPPATH\\Views\\admin\\accountability_form.php')
 3 SYSTEMPATH\View\View.php(216): CodeIgniter\View\View->CodeIgniter\View\{closure}()
 4 SYSTEMPATH\Common.php(1134): CodeIgniter\View\View->render('admin/accountability_form', [], true)
 5 APPPATH\Controllers\Home.php(2203): view('admin/accountability_form', [...])
 6 SYSTEMPATH\CodeIgniter.php(927): App\Controllers\Home->accountability_form()
 7 SYSTEMPATH\CodeIgniter.php(482): CodeIgniter\CodeIgniter->runController(Object(App\Controllers\Home))
 8 SYSTEMPATH\CodeIgniter.php(351): CodeIgniter\CodeIgniter->handleRequest(null, Object(Config\Cache), false)
 9 FCPATH\index.php(87): CodeIgniter\CodeIgniter->run()
10 SYSTEMPATH\Commands\Server\rewrite.php(46): require_once('FCPATH\\index.php')
CRITICAL - 2024-04-04 00:06:50 --> Undefined variable $monitors
in APPPATH\Views\admin\accountability_form.php on line 162.
 1 APPPATH\Views\admin\accountability_form.php(162): CodeIgniter\Debug\Exceptions->errorHandler(2, 'Undefined variable $monitors', 'APPPATH\\Views\\admin\\accountability_form.php', 162)
 2 SYSTEMPATH\View\View.php(213): include('APPPATH\\Views\\admin\\accountability_form.php')
 3 SYSTEMPATH\View\View.php(216): CodeIgniter\View\View->CodeIgniter\View\{closure}()
 4 SYSTEMPATH\Common.php(1134): CodeIgniter\View\View->render('admin/accountability_form', [], true)
 5 APPPATH\Controllers\Home.php(2203): view('admin/accountability_form', [...])
 6 SYSTEMPATH\CodeIgniter.php(927): App\Controllers\Home->accountability_form()
 7 SYSTEMPATH\CodeIgniter.php(482): CodeIgniter\CodeIgniter->runController(Object(App\Controllers\Home))
 8 SYSTEMPATH\CodeIgniter.php(351): CodeIgniter\CodeIgniter->handleRequest(null, Object(Config\Cache), false)
 9 FCPATH\index.php(87): CodeIgniter\CodeIgniter->run()
10 SYSTEMPATH\Commands\Server\rewrite.php(46): require_once('FCPATH\\index.php')
CRITICAL - 2024-04-04 00:33:22 --> Cannot redeclare App\Controllers\Home::get_agent_and_mouse_detailss()
in APPPATH\Controllers\Home.php on line 2276.
 1 [internal function]: CodeIgniter\Debug\Exceptions->shutdownHandler()
CRITICAL - 2024-04-04 00:41:49 --> Undefined array key "equip_ids"
in APPPATH\Controllers\Home.php on line 2259.
 1 APPPATH\Controllers\Home.php(2259): CodeIgniter\Debug\Exceptions->errorHandler(2, 'Undefined array key "equip_ids"', 'APPPATH\\Controllers\\Home.php', 2259)
 2 SYSTEMPATH\CodeIgniter.php(927): App\Controllers\Home->get_agent_and_mouse_details()
 3 SYSTEMPATH\CodeIgniter.php(482): CodeIgniter\CodeIgniter->runController(Object(App\Controllers\Home))
 4 SYSTEMPATH\CodeIgniter.php(351): CodeIgniter\CodeIgniter->handleRequest(null, Object(Config\Cache), false)
 5 FCPATH\index.php(87): CodeIgniter\CodeIgniter->run()
 6 SYSTEMPATH\Commands\Server\rewrite.php(46): require_once('FCPATH\\index.php')
CRITICAL - 2024-04-04 00:41:53 --> Undefined array key "equip_ids"
in APPPATH\Controllers\Home.php on line 2259.
 1 APPPATH\Controllers\Home.php(2259): CodeIgniter\Debug\Exceptions->errorHandler(2, 'Undefined array key "equip_ids"', 'APPPATH\\Controllers\\Home.php', 2259)
 2 SYSTEMPATH\CodeIgniter.php(927): App\Controllers\Home->get_agent_and_mouse_details()
 3 SYSTEMPATH\CodeIgniter.php(482): CodeIgniter\CodeIgniter->runController(Object(App\Controllers\Home))
 4 SYSTEMPATH\CodeIgniter.php(351): CodeIgniter\CodeIgniter->handleRequest(null, Object(Config\Cache), false)
 5 FCPATH\index.php(87): CodeIgniter\CodeIgniter->run()
 6 SYSTEMPATH\Commands\Server\rewrite.php(46): require_once('FCPATH\\index.php')
CRITICAL - 2024-04-04 00:59:39 --> Undefined array key "status"
in APPPATH\Controllers\Home.php on line 2303.
 1 APPPATH\Controllers\Home.php(2303): CodeIgniter\Debug\Exceptions->errorHandler(2, 'Undefined array key "status"', 'APPPATH\\Controllers\\Home.php', 2303)
 2 SYSTEMPATH\CodeIgniter.php(927): App\Controllers\Home->get_agent_and_mouse_details()
 3 SYSTEMPATH\CodeIgniter.php(482): CodeIgniter\CodeIgniter->runController(Object(App\Controllers\Home))
 4 SYSTEMPATH\CodeIgniter.php(351): CodeIgniter\CodeIgniter->handleRequest(null, Object(Config\Cache), false)
 5 FCPATH\index.php(87): CodeIgniter\CodeIgniter->run()
 6 SYSTEMPATH\Commands\Server\rewrite.php(46): require_once('FCPATH\\index.php')
CRITICAL - 2024-04-04 01:04:32 --> Undefined variable $lockerData
in APPPATH\Controllers\Home.php on line 2302.
 1 APPPATH\Controllers\Home.php(2302): CodeIgniter\Debug\Exceptions->errorHandler(2, 'Undefined variable $lockerData', 'APPPATH\\Controllers\\Home.php', 2302)
 2 SYSTEMPATH\CodeIgniter.php(927): App\Controllers\Home->get_agent_and_mouse_details()
 3 SYSTEMPATH\CodeIgniter.php(482): CodeIgniter\CodeIgniter->runController(Object(App\Controllers\Home))
 4 SYSTEMPATH\CodeIgniter.php(351): CodeIgniter\CodeIgniter->handleRequest(null, Object(Config\Cache), false)
 5 FCPATH\index.php(87): CodeIgniter\CodeIgniter->run()
 6 SYSTEMPATH\Commands\Server\rewrite.php(46): require_once('FCPATH\\index.php')
CRITICAL - 2024-04-04 01:04:34 --> Undefined variable $lockerData
in APPPATH\Controllers\Home.php on line 2302.
 1 APPPATH\Controllers\Home.php(2302): CodeIgniter\Debug\Exceptions->errorHandler(2, 'Undefined variable $lockerData', 'APPPATH\\Controllers\\Home.php', 2302)
 2 SYSTEMPATH\CodeIgniter.php(927): App\Controllers\Home->get_agent_and_mouse_details()
 3 SYSTEMPATH\CodeIgniter.php(482): CodeIgniter\CodeIgniter->runController(Object(App\Controllers\Home))
 4 SYSTEMPATH\CodeIgniter.php(351): CodeIgniter\CodeIgniter->handleRequest(null, Object(Config\Cache), false)
 5 FCPATH\index.php(87): CodeIgniter\CodeIgniter->run()
 6 SYSTEMPATH\Commands\Server\rewrite.php(46): require_once('FCPATH\\index.php')
CRITICAL - 2024-04-04 01:11:26 --> Undefined array key "laptop_status"
in APPPATH\Controllers\Home.php on line 2318.
 1 APPPATH\Controllers\Home.php(2318): CodeIgniter\Debug\Exceptions->errorHandler(2, 'Undefined array key "laptop_status"', 'APPPATH\\Controllers\\Home.php', 2318)
 2 SYSTEMPATH\CodeIgniter.php(927): App\Controllers\Home->get_agent_and_mouse_details()
 3 SYSTEMPATH\CodeIgniter.php(482): CodeIgniter\CodeIgniter->runController(Object(App\Controllers\Home))
 4 SYSTEMPATH\CodeIgniter.php(351): CodeIgniter\CodeIgniter->handleRequest(null, Object(Config\Cache), false)
 5 FCPATH\index.php(87): CodeIgniter\CodeIgniter->run()
 6 SYSTEMPATH\Commands\Server\rewrite.php(46): require_once('FCPATH\\index.php')
CRITICAL - 2024-04-04 01:11:30 --> Undefined array key "laptop_status"
in APPPATH\Controllers\Home.php on line 2318.
 1 APPPATH\Controllers\Home.php(2318): CodeIgniter\Debug\Exceptions->errorHandler(2, 'Undefined array key "laptop_status"', 'APPPATH\\Controllers\\Home.php', 2318)
 2 SYSTEMPATH\CodeIgniter.php(927): App\Controllers\Home->get_agent_and_mouse_details()
 3 SYSTEMPATH\CodeIgniter.php(482): CodeIgniter\CodeIgniter->runController(Object(App\Controllers\Home))
 4 SYSTEMPATH\CodeIgniter.php(351): CodeIgniter\CodeIgniter->handleRequest(null, Object(Config\Cache), false)
 5 FCPATH\index.php(87): CodeIgniter\CodeIgniter->run()
 6 SYSTEMPATH\Commands\Server\rewrite.php(46): require_once('FCPATH\\index.php')
CRITICAL - 2024-04-04 01:11:39 --> Undefined array key "laptop_status"
in APPPATH\Controllers\Home.php on line 2318.
 1 APPPATH\Controllers\Home.php(2318): CodeIgniter\Debug\Exceptions->errorHandler(2, 'Undefined array key "laptop_status"', 'APPPATH\\Controllers\\Home.php', 2318)
 2 SYSTEMPATH\CodeIgniter.php(927): App\Controllers\Home->get_agent_and_mouse_details()
 3 SYSTEMPATH\CodeIgniter.php(482): CodeIgniter\CodeIgniter->runController(Object(App\Controllers\Home))
 4 SYSTEMPATH\CodeIgniter.php(351): CodeIgniter\CodeIgniter->handleRequest(null, Object(Config\Cache), false)
 5 FCPATH\index.php(87): CodeIgniter\CodeIgniter->run()
 6 SYSTEMPATH\Commands\Server\rewrite.php(46): require_once('FCPATH\\index.php')
CRITICAL - 2024-04-04 01:11:42 --> Undefined array key "laptop_status"
in APPPATH\Controllers\Home.php on line 2318.
 1 APPPATH\Controllers\Home.php(2318): CodeIgniter\Debug\Exceptions->errorHandler(2, 'Undefined array key "laptop_status"', 'APPPATH\\Controllers\\Home.php', 2318)
 2 SYSTEMPATH\CodeIgniter.php(927): App\Controllers\Home->get_agent_and_mouse_details()
 3 SYSTEMPATH\CodeIgniter.php(482): CodeIgniter\CodeIgniter->runController(Object(App\Controllers\Home))
 4 SYSTEMPATH\CodeIgniter.php(351): CodeIgniter\CodeIgniter->handleRequest(null, Object(Config\Cache), false)
 5 FCPATH\index.php(87): CodeIgniter\CodeIgniter->run()
 6 SYSTEMPATH\Commands\Server\rewrite.php(46): require_once('FCPATH\\index.php')
CRITICAL - 2024-04-04 01:11:44 --> Undefined array key "laptop_status"
in APPPATH\Controllers\Home.php on line 2318.
 1 APPPATH\Controllers\Home.php(2318): CodeIgniter\Debug\Exceptions->errorHandler(2, 'Undefined array key "laptop_status"', 'APPPATH\\Controllers\\Home.php', 2318)
 2 SYSTEMPATH\CodeIgniter.php(927): App\Controllers\Home->get_agent_and_mouse_details()
 3 SYSTEMPATH\CodeIgniter.php(482): CodeIgniter\CodeIgniter->runController(Object(App\Controllers\Home))
 4 SYSTEMPATH\CodeIgniter.php(351): CodeIgniter\CodeIgniter->handleRequest(null, Object(Config\Cache), false)
 5 FCPATH\index.php(87): CodeIgniter\CodeIgniter->run()
 6 SYSTEMPATH\Commands\Server\rewrite.php(46): require_once('FCPATH\\index.php')
CRITICAL - 2024-04-04 01:26:53 --> Call to undefined method App\Models\Monitor_model::second
in SYSTEMPATH\Model.php on line 774.
 1 APPPATH\Controllers\Home.php(2359): CodeIgniter\Model->__call('second', [])
 2 SYSTEMPATH\CodeIgniter.php(927): App\Controllers\Home->get_agent_and_mouse_details()
 3 SYSTEMPATH\CodeIgniter.php(482): CodeIgniter\CodeIgniter->runController(Object(App\Controllers\Home))
 4 SYSTEMPATH\CodeIgniter.php(351): CodeIgniter\CodeIgniter->handleRequest(null, Object(Config\Cache), false)
 5 FCPATH\index.php(87): CodeIgniter\CodeIgniter->run()
 6 SYSTEMPATH\Commands\Server\rewrite.php(46): require_once('FCPATH\\index.php')
CRITICAL - 2024-04-04 03:34:34 --> Unclosed '{' on line 54 does not match ')'
in APPPATH\Controllers\Home.php on line 60.
 1 SYSTEMPATH\Autoloader\Autoloader.php(259): CodeIgniter\Autoloader\Autoloader->includeFile('APPPATH\\Controllers\\Home.php')
 2 SYSTEMPATH\Autoloader\Autoloader.php(237): CodeIgniter\Autoloader\Autoloader->loadInNamespace('App\\Controllers\\Home')
 3 [internal function]: CodeIgniter\Autoloader\Autoloader->loadClass('App\\Controllers\\Home')
 4 SYSTEMPATH\CodeIgniter.php(877): class_exists('\\App\\Controllers\\Home', true)
 5 SYSTEMPATH\CodeIgniter.php(469): CodeIgniter\CodeIgniter->startController()
 6 SYSTEMPATH\CodeIgniter.php(351): CodeIgniter\CodeIgniter->handleRequest(null, Object(Config\Cache), false)
 7 FCPATH\index.php(87): CodeIgniter\CodeIgniter->run()
 8 SYSTEMPATH\Commands\Server\rewrite.php(46): require_once('FCPATH\\index.php')
CRITICAL - 2024-04-04 03:40:29 --> Undefined array key "firstname"
in APPPATH\Views\admin\users.php on line 171.
 1 APPPATH\Views\admin\users.php(171): CodeIgniter\Debug\Exceptions->errorHandler(2, 'Undefined array key "firstname"', 'APPPATH\\Views\\admin\\users.php', 171)
 2 SYSTEMPATH\View\View.php(213): include('APPPATH\\Views\\admin\\users.php')
 3 SYSTEMPATH\View\View.php(216): CodeIgniter\View\View->CodeIgniter\View\{closure}()
 4 SYSTEMPATH\Common.php(1134): CodeIgniter\View\View->render('admin/users', [], true)
 5 APPPATH\Controllers\Home.php(64): view('admin/users', [...])
 6 SYSTEMPATH\CodeIgniter.php(927): App\Controllers\Home->users()
 7 SYSTEMPATH\CodeIgniter.php(482): CodeIgniter\CodeIgniter->runController(Object(App\Controllers\Home))
 8 SYSTEMPATH\CodeIgniter.php(351): CodeIgniter\CodeIgniter->handleRequest(null, Object(Config\Cache), false)
 9 FCPATH\index.php(87): CodeIgniter\CodeIgniter->run()
10 SYSTEMPATH\Commands\Server\rewrite.php(46): require_once('FCPATH\\index.php')
CRITICAL - 2024-04-04 03:40:34 --> Undefined variable $account
in APPPATH\Views\admin\users.php on line 172.
 1 APPPATH\Views\admin\users.php(172): CodeIgniter\Debug\Exceptions->errorHandler(2, 'Undefined variable $account', 'APPPATH\\Views\\admin\\users.php', 172)
 2 SYSTEMPATH\View\View.php(213): include('APPPATH\\Views\\admin\\users.php')
 3 SYSTEMPATH\View\View.php(216): CodeIgniter\View\View->CodeIgniter\View\{closure}()
 4 SYSTEMPATH\Common.php(1134): CodeIgniter\View\View->render('admin/users', [], true)
 5 APPPATH\Controllers\Home.php(64): view('admin/users', [...])
 6 SYSTEMPATH\CodeIgniter.php(927): App\Controllers\Home->users()
 7 SYSTEMPATH\CodeIgniter.php(482): CodeIgniter\CodeIgniter->runController(Object(App\Controllers\Home))
 8 SYSTEMPATH\CodeIgniter.php(351): CodeIgniter\CodeIgniter->handleRequest(null, Object(Config\Cache), false)
 9 FCPATH\index.php(87): CodeIgniter\CodeIgniter->run()
10 SYSTEMPATH\Commands\Server\rewrite.php(46): require_once('FCPATH\\index.php')
CRITICAL - 2024-04-04 20:11:28 --> Undefined variable $users
in APPPATH\Views\admin\user_data.php on line 164.
 1 APPPATH\Views\admin\user_data.php(164): CodeIgniter\Debug\Exceptions->errorHandler(2, 'Undefined variable $users', 'APPPATH\\Views\\admin\\user_data.php', 164)
 2 SYSTEMPATH\View\View.php(213): include('APPPATH\\Views\\admin\\user_data.php')
 3 SYSTEMPATH\View\View.php(216): CodeIgniter\View\View->CodeIgniter\View\{closure}()
 4 SYSTEMPATH\Common.php(1134): CodeIgniter\View\View->render('admin/user_data', [], true)
 5 APPPATH\Controllers\Account.php(405): view('admin/user_data')
 6 SYSTEMPATH\CodeIgniter.php(927): App\Controllers\Account->user_Data()
 7 SYSTEMPATH\CodeIgniter.php(482): CodeIgniter\CodeIgniter->runController(Object(App\Controllers\Account))
 8 SYSTEMPATH\CodeIgniter.php(351): CodeIgniter\CodeIgniter->handleRequest(null, Object(Config\Cache), false)
 9 FCPATH\index.php(87): CodeIgniter\CodeIgniter->run()
10 SYSTEMPATH\Commands\Server\rewrite.php(46): require_once('FCPATH\\index.php')
CRITICAL - 2024-04-04 22:07:26 --> Invalid file: verify_otp.php
in SYSTEMPATH\Exceptions\FrameworkException.php on line 33.
 1 SYSTEMPATH\View\View.php(201): CodeIgniter\Exceptions\FrameworkException::forInvalidFile('verify_otp.php')
 2 SYSTEMPATH\Common.php(1134): CodeIgniter\View\View->render('verify_otp', [], true)
 3 APPPATH\Controllers\Account.php(482): view('verify_otp', [...])
 4 SYSTEMPATH\CodeIgniter.php(927): App\Controllers\Account->verifyOTPPage()
 5 SYSTEMPATH\CodeIgniter.php(482): CodeIgniter\CodeIgniter->runController(Object(App\Controllers\Account))
 6 SYSTEMPATH\CodeIgniter.php(351): CodeIgniter\CodeIgniter->handleRequest(null, Object(Config\Cache), false)
 7 FCPATH\index.php(87): CodeIgniter\CodeIgniter->run()
 8 SYSTEMPATH\Commands\Server\rewrite.php(46): require_once('FCPATH\\index.php')
CRITICAL - 2024-04-04 22:20:42 --> CodeIgniter\HTTP\RedirectResponse::with(): Argument #1 ($key) must be of type string, array given, called in C:\laragon\www\tamtechhub_inventory\app\Controllers\Account.php on line 474
in SYSTEMPATH\HTTP\RedirectResponse.php on line 134.
 1 APPPATH\Controllers\Account.php(474): CodeIgniter\HTTP\RedirectResponse->with([...])
 2 SYSTEMPATH\CodeIgniter.php(927): App\Controllers\Account->profilEmail_update()
 3 SYSTEMPATH\CodeIgniter.php(482): CodeIgniter\CodeIgniter->runController(Object(App\Controllers\Account))
 4 SYSTEMPATH\CodeIgniter.php(351): CodeIgniter\CodeIgniter->handleRequest(null, Object(Config\Cache), false)
 5 FCPATH\index.php(87): CodeIgniter\CodeIgniter->run()
 6 SYSTEMPATH\Commands\Server\rewrite.php(46): require_once('FCPATH\\index.php')
CRITICAL - 2024-04-04 22:21:57 --> CodeIgniter\HTTP\RedirectResponse::with(): Argument #1 ($key) must be of type string, array given, called in C:\laragon\www\tamtechhub_inventory\app\Controllers\Account.php on line 468
in SYSTEMPATH\HTTP\RedirectResponse.php on line 134.
 1 APPPATH\Controllers\Account.php(468): CodeIgniter\HTTP\RedirectResponse->with([...])
 2 SYSTEMPATH\CodeIgniter.php(927): App\Controllers\Account->profilEmail_update()
 3 SYSTEMPATH\CodeIgniter.php(482): CodeIgniter\CodeIgniter->runController(Object(App\Controllers\Account))
 4 SYSTEMPATH\CodeIgniter.php(351): CodeIgniter\CodeIgniter->handleRequest(null, Object(Config\Cache), false)
 5 FCPATH\index.php(87): CodeIgniter\CodeIgniter->run()
 6 SYSTEMPATH\Commands\Server\rewrite.php(46): require_once('FCPATH\\index.php')
