CRITICAL - 2022-12-06 02:49:14 --> Undefined array key "package"
in APPPATH\Views\admin_dashboard\reservation_report.php on line 47.
 1 APPPATH\Views\admin_dashboard\reservation_report.php(47): CodeIgniter\Debug\Exceptions->errorHandler(2, 'Undefined array key "package"', 'APPPATH\\Views\\admin_dashboard\\reservation_report.php', 47)
 2 SYSTEMPATH\View\View.php(213): include('APPPATH\\Views\\admin_dashboard\\reservation_report.php')
 3 SYSTEMPATH\View\View.php(216): CodeIgniter\View\View->CodeIgniter\View\{closure}()
 4 SYSTEMPATH\Common.php(1134): CodeIgniter\View\View->render('admin_dashboard/reservation_report', [], true)
 5 APPPATH\Controllers\Reservation.php(53): view('admin_dashboard/reservation_report', [...])
 6 SYSTEMPATH\CodeIgniter.php(927): App\Controllers\Reservation->reservation_report()
 7 SYSTEMPATH\CodeIgniter.php(482): CodeIgniter\CodeIgniter->runController(Object(App\Controllers\Reservation))
 8 SYSTEMPATH\CodeIgniter.php(351): CodeIgniter\CodeIgniter->handleRequest(null, Object(Config\Cache), false)
 9 FCPATH\index.php(67): CodeIgniter\CodeIgniter->run()
10 SYSTEMPATH\Commands\Server\rewrite.php(46): require_once('FCPATH\\index.php')
CRITICAL - 2022-12-06 02:52:51 --> Undefined array key "package"
in APPPATH\Views\admin_dashboard\reservation_edit.php on line 64.
 1 APPPATH\Views\admin_dashboard\reservation_edit.php(64): CodeIgniter\Debug\Exceptions->errorHandler(2, 'Undefined array key "package"', 'APPPATH\\Views\\admin_dashboard\\reservation_edit.php', 64)
 2 SYSTEMPATH\View\View.php(213): include('APPPATH\\Views\\admin_dashboard\\reservation_edit.php')
 3 SYSTEMPATH\View\View.php(216): CodeIgniter\View\View->CodeIgniter\View\{closure}()
 4 SYSTEMPATH\Common.php(1134): CodeIgniter\View\View->render('admin_dashboard/reservation_edit', [], true)
 5 APPPATH\Controllers\Reservation.php(83): view('admin_dashboard/reservation_edit', [...])
 6 SYSTEMPATH\CodeIgniter.php(927): App\Controllers\Reservation->edit('5')
 7 SYSTEMPATH\CodeIgniter.php(482): CodeIgniter\CodeIgniter->runController(Object(App\Controllers\Reservation))
 8 SYSTEMPATH\CodeIgniter.php(351): CodeIgniter\CodeIgniter->handleRequest(null, Object(Config\Cache), false)
 9 FCPATH\index.php(67): CodeIgniter\CodeIgniter->run()
10 SYSTEMPATH\Commands\Server\rewrite.php(46): require_once('FCPATH\\index.php')
ERROR - 2022-12-06 02:53:49 --> mysqli_sql_exception: Unknown column 'package' in 'field list' in C:\xampp\htdocs\finalproject\system\Database\MySQLi\Connection.php:292
Stack trace:
#0 C:\xampp\htdocs\finalproject\system\Database\MySQLi\Connection.php(292): mysqli->query('UPDATE `booking...', 0)
#1 C:\xampp\htdocs\finalproject\system\Database\BaseConnection.php(666): CodeIgniter\Database\MySQLi\Connection->execute('UPDATE `booking...')
#2 C:\xampp\htdocs\finalproject\system\Database\BaseConnection.php(593): CodeIgniter\Database\BaseConnection->simpleQuery('UPDATE `booking...')
#3 C:\xampp\htdocs\finalproject\system\Database\BaseBuilder.php(2079): CodeIgniter\Database\BaseConnection->query('UPDATE `booking...', Array, false)
#4 C:\xampp\htdocs\finalproject\system\Model.php(338): CodeIgniter\Database\BaseBuilder->update()
#5 C:\xampp\htdocs\finalproject\system\BaseModel.php(886): CodeIgniter\Model->doUpdate(Array, Array)
#6 C:\xampp\htdocs\finalproject\system\Model.php(693): CodeIgniter\BaseModel->update(Array, Array)
#7 C:\xampp\htdocs\finalproject\app\Controllers\Reservation.php(105): CodeIgniter\Model->update('5', Array)
#8 C:\xampp\htdocs\finalproject\system\CodeIgniter.php(927): App\Controllers\Reservation->update('5')
#9 C:\xampp\htdocs\finalproject\system\CodeIgniter.php(482): CodeIgniter\CodeIgniter->runController(Object(App\Controllers\Reservation))
#10 C:\xampp\htdocs\finalproject\system\CodeIgniter.php(351): CodeIgniter\CodeIgniter->handleRequest(NULL, Object(Config\Cache), false)
#11 C:\xampp\htdocs\finalproject\public\index.php(67): CodeIgniter\CodeIgniter->run()
#12 C:\xampp\htdocs\finalproject\system\Commands\Server\rewrite.php(46): require_once('C:\\xampp\\htdocs...')
#13 {main}
CRITICAL - 2022-12-06 02:53:49 --> Unknown column 'package' in 'field list'
in SYSTEMPATH\Database\MySQLi\Connection.php on line 292.
 1 SYSTEMPATH\Database\MySQLi\Connection.php(292): mysqli->query('UPDATE `booking` SET `fullname` = \'Sample Name\', `contact` = \'093216549871\', `email` = \'sample@gmail.com\', `category` = \'Wedding\', `package` = NULL, `location` = \'Masipit Church\', `date` = \'2022-12-30\', `start` = \'10:00:00\', `end` = \'10:36:00\', `mop` = NULL, `status` = \'Approved\'
WHERE `booking`.`id` IN (\'5\')', 0)
 2 SYSTEMPATH\Database\BaseConnection.php(666): CodeIgniter\Database\MySQLi\Connection->execute('UPDATE `booking` SET `fullname` = \'Sample Name\', `contact` = \'093216549871\', `email` = \'sample@gmail.com\', `category` = \'Wedding\', `package` = NULL, `location` = \'Masipit Church\', `date` = \'2022-12-30\', `start` = \'10:00:00\', `end` = \'10:36:00\', `mop` = NULL, `status` = \'Approved\'
WHERE `booking`.`id` IN (\'5\')')
 3 SYSTEMPATH\Database\BaseConnection.php(593): CodeIgniter\Database\BaseConnection->simpleQuery('UPDATE `booking` SET `fullname` = \'Sample Name\', `contact` = \'093216549871\', `email` = \'sample@gmail.com\', `category` = \'Wedding\', `package` = NULL, `location` = \'Masipit Church\', `date` = \'2022-12-30\', `start` = \'10:00:00\', `end` = \'10:36:00\', `mop` = NULL, `status` = \'Approved\'
WHERE `booking`.`id` IN (\'5\')')
 4 SYSTEMPATH\Database\BaseBuilder.php(2079): CodeIgniter\Database\BaseConnection->query('UPDATE `booking` SET `fullname` = :fullname:, `contact` = :contact:, `email` = :email:, `category` = :category:, `package` = :package:, `location` = :location:, `date` = :date:, `start` = :start:, `end` = :end:, `mop` = :mop:, `status` = :status:
WHERE `booking`.`id` IN :booking.id:', [...], false)
 5 SYSTEMPATH\Model.php(338): CodeIgniter\Database\BaseBuilder->update()
 6 SYSTEMPATH\BaseModel.php(886): CodeIgniter\Model->doUpdate([...], [...])
 7 SYSTEMPATH\Model.php(693): CodeIgniter\BaseModel->update([...], [...])
 8 APPPATH\Controllers\Reservation.php(105): CodeIgniter\Model->update('5', [...])
 9 SYSTEMPATH\CodeIgniter.php(927): App\Controllers\Reservation->update('5')
10 SYSTEMPATH\CodeIgniter.php(482): CodeIgniter\CodeIgniter->runController(Object(App\Controllers\Reservation))
11 SYSTEMPATH\CodeIgniter.php(351): CodeIgniter\CodeIgniter->handleRequest(null, Object(Config\Cache), false)
12 FCPATH\index.php(67): CodeIgniter\CodeIgniter->run()
13 SYSTEMPATH\Commands\Server\rewrite.php(46): require_once('FCPATH\\index.php')
CRITICAL - 2022-12-06 03:04:59 --> Undefined variable $booking
in APPPATH\Views\layout\bookoverview.php on line 83.
 1 APPPATH\Views\layout\bookoverview.php(83): CodeIgniter\Debug\Exceptions->errorHandler(2, 'Undefined variable $booking', 'APPPATH\\Views\\layout\\bookoverview.php', 83)
 2 SYSTEMPATH\View\View.php(213): include('APPPATH\\Views\\layout\\bookoverview.php')
 3 SYSTEMPATH\View\View.php(216): CodeIgniter\View\View->CodeIgniter\View\{closure}()
 4 SYSTEMPATH\Common.php(1134): CodeIgniter\View\View->render('layout/bookoverview', [], true)
 5 APPPATH\Controllers\Reservation.php(44): view('layout/bookoverview')
 6 SYSTEMPATH\CodeIgniter.php(927): App\Controllers\Reservation->bookoverview()
 7 SYSTEMPATH\CodeIgniter.php(482): CodeIgniter\CodeIgniter->runController(Object(App\Controllers\Reservation))
 8 SYSTEMPATH\CodeIgniter.php(351): CodeIgniter\CodeIgniter->handleRequest(null, Object(Config\Cache), false)
 9 FCPATH\index.php(67): CodeIgniter\CodeIgniter->run()
10 SYSTEMPATH\Commands\Server\rewrite.php(46): require_once('FCPATH\\index.php')
CRITICAL - 2022-12-06 03:19:55 --> Undefined variable $booking
in APPPATH\Views\layout\bookoverview.php on line 65.
 1 APPPATH\Views\layout\bookoverview.php(65): CodeIgniter\Debug\Exceptions->errorHandler(2, 'Undefined variable $booking', 'APPPATH\\Views\\layout\\bookoverview.php', 65)
 2 SYSTEMPATH\View\View.php(213): include('APPPATH\\Views\\layout\\bookoverview.php')
 3 SYSTEMPATH\View\View.php(216): CodeIgniter\View\View->CodeIgniter\View\{closure}()
 4 SYSTEMPATH\Common.php(1134): CodeIgniter\View\View->render('layout/bookoverview', [], true)
 5 APPPATH\Controllers\Reservation.php(46): view('layout/bookoverview')
 6 SYSTEMPATH\CodeIgniter.php(927): App\Controllers\Reservation->bookoverview()
 7 SYSTEMPATH\CodeIgniter.php(482): CodeIgniter\CodeIgniter->runController(Object(App\Controllers\Reservation))
 8 SYSTEMPATH\CodeIgniter.php(351): CodeIgniter\CodeIgniter->handleRequest(null, Object(Config\Cache), false)
 9 FCPATH\index.php(67): CodeIgniter\CodeIgniter->run()
10 SYSTEMPATH\Commands\Server\rewrite.php(46): require_once('FCPATH\\index.php')
CRITICAL - 2022-12-06 03:22:20 --> Undefined variable $booking
in APPPATH\Views\layout\bookoverview.php on line 65.
 1 APPPATH\Views\layout\bookoverview.php(65): CodeIgniter\Debug\Exceptions->errorHandler(2, 'Undefined variable $booking', 'APPPATH\\Views\\layout\\bookoverview.php', 65)
 2 SYSTEMPATH\View\View.php(213): include('APPPATH\\Views\\layout\\bookoverview.php')
 3 SYSTEMPATH\View\View.php(216): CodeIgniter\View\View->CodeIgniter\View\{closure}()
 4 SYSTEMPATH\Common.php(1134): CodeIgniter\View\View->render('layout/bookoverview', [], true)
 5 APPPATH\Controllers\Reservation.php(46): view('layout/bookoverview')
 6 SYSTEMPATH\CodeIgniter.php(927): App\Controllers\Reservation->bookoverview()
 7 SYSTEMPATH\CodeIgniter.php(482): CodeIgniter\CodeIgniter->runController(Object(App\Controllers\Reservation))
 8 SYSTEMPATH\CodeIgniter.php(351): CodeIgniter\CodeIgniter->handleRequest(null, Object(Config\Cache), false)
 9 FCPATH\index.php(67): CodeIgniter\CodeIgniter->run()
10 SYSTEMPATH\Commands\Server\rewrite.php(46): require_once('FCPATH\\index.php')
CRITICAL - 2022-12-06 03:22:21 --> Undefined variable $booking
in APPPATH\Views\layout\bookoverview.php on line 65.
 1 APPPATH\Views\layout\bookoverview.php(65): CodeIgniter\Debug\Exceptions->errorHandler(2, 'Undefined variable $booking', 'APPPATH\\Views\\layout\\bookoverview.php', 65)
 2 SYSTEMPATH\View\View.php(213): include('APPPATH\\Views\\layout\\bookoverview.php')
 3 SYSTEMPATH\View\View.php(216): CodeIgniter\View\View->CodeIgniter\View\{closure}()
 4 SYSTEMPATH\Common.php(1134): CodeIgniter\View\View->render('layout/bookoverview', [], true)
 5 APPPATH\Controllers\Reservation.php(46): view('layout/bookoverview')
 6 SYSTEMPATH\CodeIgniter.php(927): App\Controllers\Reservation->bookoverview()
 7 SYSTEMPATH\CodeIgniter.php(482): CodeIgniter\CodeIgniter->runController(Object(App\Controllers\Reservation))
 8 SYSTEMPATH\CodeIgniter.php(351): CodeIgniter\CodeIgniter->handleRequest(null, Object(Config\Cache), false)
 9 FCPATH\index.php(67): CodeIgniter\CodeIgniter->run()
10 SYSTEMPATH\Commands\Server\rewrite.php(46): require_once('FCPATH\\index.php')
CRITICAL - 2022-12-06 03:25:12 --> Undefined variable $booking
in APPPATH\Views\layout\bookoverview.php on line 65.
 1 APPPATH\Views\layout\bookoverview.php(65): CodeIgniter\Debug\Exceptions->errorHandler(2, 'Undefined variable $booking', 'APPPATH\\Views\\layout\\bookoverview.php', 65)
 2 SYSTEMPATH\View\View.php(213): include('APPPATH\\Views\\layout\\bookoverview.php')
 3 SYSTEMPATH\View\View.php(216): CodeIgniter\View\View->CodeIgniter\View\{closure}()
 4 SYSTEMPATH\Common.php(1134): CodeIgniter\View\View->render('layout/bookoverview', [], true)
 5 APPPATH\Controllers\Reservation.php(46): view('layout/bookoverview')
 6 SYSTEMPATH\CodeIgniter.php(927): App\Controllers\Reservation->bookoverview()
 7 SYSTEMPATH\CodeIgniter.php(482): CodeIgniter\CodeIgniter->runController(Object(App\Controllers\Reservation))
 8 SYSTEMPATH\CodeIgniter.php(351): CodeIgniter\CodeIgniter->handleRequest(null, Object(Config\Cache), false)
 9 FCPATH\index.php(67): CodeIgniter\CodeIgniter->run()
10 SYSTEMPATH\Commands\Server\rewrite.php(46): require_once('FCPATH\\index.php')
CRITICAL - 2022-12-06 03:25:14 --> Undefined variable $booking
in APPPATH\Views\layout\bookoverview.php on line 65.
 1 APPPATH\Views\layout\bookoverview.php(65): CodeIgniter\Debug\Exceptions->errorHandler(2, 'Undefined variable $booking', 'APPPATH\\Views\\layout\\bookoverview.php', 65)
 2 SYSTEMPATH\View\View.php(213): include('APPPATH\\Views\\layout\\bookoverview.php')
 3 SYSTEMPATH\View\View.php(216): CodeIgniter\View\View->CodeIgniter\View\{closure}()
 4 SYSTEMPATH\Common.php(1134): CodeIgniter\View\View->render('layout/bookoverview', [], true)
 5 APPPATH\Controllers\Reservation.php(46): view('layout/bookoverview')
 6 SYSTEMPATH\CodeIgniter.php(927): App\Controllers\Reservation->bookoverview()
 7 SYSTEMPATH\CodeIgniter.php(482): CodeIgniter\CodeIgniter->runController(Object(App\Controllers\Reservation))
 8 SYSTEMPATH\CodeIgniter.php(351): CodeIgniter\CodeIgniter->handleRequest(null, Object(Config\Cache), false)
 9 FCPATH\index.php(67): CodeIgniter\CodeIgniter->run()
10 SYSTEMPATH\Commands\Server\rewrite.php(46): require_once('FCPATH\\index.php')
CRITICAL - 2022-12-06 03:25:14 --> Undefined variable $booking
in APPPATH\Views\layout\bookoverview.php on line 65.
 1 APPPATH\Views\layout\bookoverview.php(65): CodeIgniter\Debug\Exceptions->errorHandler(2, 'Undefined variable $booking', 'APPPATH\\Views\\layout\\bookoverview.php', 65)
 2 SYSTEMPATH\View\View.php(213): include('APPPATH\\Views\\layout\\bookoverview.php')
 3 SYSTEMPATH\View\View.php(216): CodeIgniter\View\View->CodeIgniter\View\{closure}()
 4 SYSTEMPATH\Common.php(1134): CodeIgniter\View\View->render('layout/bookoverview', [], true)
 5 APPPATH\Controllers\Reservation.php(46): view('layout/bookoverview')
 6 SYSTEMPATH\CodeIgniter.php(927): App\Controllers\Reservation->bookoverview()
 7 SYSTEMPATH\CodeIgniter.php(482): CodeIgniter\CodeIgniter->runController(Object(App\Controllers\Reservation))
 8 SYSTEMPATH\CodeIgniter.php(351): CodeIgniter\CodeIgniter->handleRequest(null, Object(Config\Cache), false)
 9 FCPATH\index.php(67): CodeIgniter\CodeIgniter->run()
10 SYSTEMPATH\Commands\Server\rewrite.php(46): require_once('FCPATH\\index.php')
CRITICAL - 2022-12-06 03:25:14 --> Undefined variable $booking
in APPPATH\Views\layout\bookoverview.php on line 65.
 1 APPPATH\Views\layout\bookoverview.php(65): CodeIgniter\Debug\Exceptions->errorHandler(2, 'Undefined variable $booking', 'APPPATH\\Views\\layout\\bookoverview.php', 65)
 2 SYSTEMPATH\View\View.php(213): include('APPPATH\\Views\\layout\\bookoverview.php')
 3 SYSTEMPATH\View\View.php(216): CodeIgniter\View\View->CodeIgniter\View\{closure}()
 4 SYSTEMPATH\Common.php(1134): CodeIgniter\View\View->render('layout/bookoverview', [], true)
 5 APPPATH\Controllers\Reservation.php(46): view('layout/bookoverview')
 6 SYSTEMPATH\CodeIgniter.php(927): App\Controllers\Reservation->bookoverview()
 7 SYSTEMPATH\CodeIgniter.php(482): CodeIgniter\CodeIgniter->runController(Object(App\Controllers\Reservation))
 8 SYSTEMPATH\CodeIgniter.php(351): CodeIgniter\CodeIgniter->handleRequest(null, Object(Config\Cache), false)
 9 FCPATH\index.php(67): CodeIgniter\CodeIgniter->run()
10 SYSTEMPATH\Commands\Server\rewrite.php(46): require_once('FCPATH\\index.php')
CRITICAL - 2022-12-06 03:26:03 --> Undefined variable $booking
in APPPATH\Views\layout\bookoverview.php on line 65.
 1 APPPATH\Views\layout\bookoverview.php(65): CodeIgniter\Debug\Exceptions->errorHandler(2, 'Undefined variable $booking', 'APPPATH\\Views\\layout\\bookoverview.php', 65)
 2 SYSTEMPATH\View\View.php(213): include('APPPATH\\Views\\layout\\bookoverview.php')
 3 SYSTEMPATH\View\View.php(216): CodeIgniter\View\View->CodeIgniter\View\{closure}()
 4 SYSTEMPATH\Common.php(1134): CodeIgniter\View\View->render('layout/bookoverview', [], true)
 5 APPPATH\Controllers\Reservation.php(46): view('layout/bookoverview')
 6 SYSTEMPATH\CodeIgniter.php(927): App\Controllers\Reservation->bookoverview()
 7 SYSTEMPATH\CodeIgniter.php(482): CodeIgniter\CodeIgniter->runController(Object(App\Controllers\Reservation))
 8 SYSTEMPATH\CodeIgniter.php(351): CodeIgniter\CodeIgniter->handleRequest(null, Object(Config\Cache), false)
 9 FCPATH\index.php(67): CodeIgniter\CodeIgniter->run()
10 SYSTEMPATH\Commands\Server\rewrite.php(46): require_once('FCPATH\\index.php')
CRITICAL - 2022-12-06 05:50:18 --> Undefined variable $products
in APPPATH\Views\layout\designs.php on line 67.
 1 APPPATH\Views\layout\designs.php(67): CodeIgniter\Debug\Exceptions->errorHandler(2, 'Undefined variable $products', 'APPPATH\\Views\\layout\\designs.php', 67)
 2 SYSTEMPATH\View\View.php(213): include('APPPATH\\Views\\layout\\designs.php')
 3 SYSTEMPATH\View\View.php(216): CodeIgniter\View\View->CodeIgniter\View\{closure}()
 4 SYSTEMPATH\Common.php(1134): CodeIgniter\View\View->render('layout/designs', [], true)
 5 APPPATH\Controllers\Reservation.php(32): view('layout/designs', [...])
 6 SYSTEMPATH\CodeIgniter.php(927): App\Controllers\Reservation->designs()
 7 SYSTEMPATH\CodeIgniter.php(482): CodeIgniter\CodeIgniter->runController(Object(App\Controllers\Reservation))
 8 SYSTEMPATH\CodeIgniter.php(351): CodeIgniter\CodeIgniter->handleRequest(null, Object(Config\Cache), false)
 9 FCPATH\index.php(67): CodeIgniter\CodeIgniter->run()
10 SYSTEMPATH\Commands\Server\rewrite.php(46): require_once('FCPATH\\index.php')
CRITICAL - 2022-12-06 05:54:25 --> Undefined variable $products
in APPPATH\Views\layout\designs.php on line 65.
 1 APPPATH\Views\layout\designs.php(65): CodeIgniter\Debug\Exceptions->errorHandler(2, 'Undefined variable $products', 'APPPATH\\Views\\layout\\designs.php', 65)
 2 SYSTEMPATH\View\View.php(213): include('APPPATH\\Views\\layout\\designs.php')
 3 SYSTEMPATH\View\View.php(216): CodeIgniter\View\View->CodeIgniter\View\{closure}()
 4 SYSTEMPATH\Common.php(1134): CodeIgniter\View\View->render('layout/designs', [], true)
 5 APPPATH\Controllers\Reservation.php(27): view('layout/designs', [...])
 6 SYSTEMPATH\CodeIgniter.php(927): App\Controllers\Reservation->designs()
 7 SYSTEMPATH\CodeIgniter.php(482): CodeIgniter\CodeIgniter->runController(Object(App\Controllers\Reservation))
 8 SYSTEMPATH\CodeIgniter.php(351): CodeIgniter\CodeIgniter->handleRequest(null, Object(Config\Cache), false)
 9 FCPATH\index.php(67): CodeIgniter\CodeIgniter->run()
10 SYSTEMPATH\Commands\Server\rewrite.php(46): require_once('FCPATH\\index.php')
CRITICAL - 2022-12-06 05:54:41 --> Undefined variable $products
in APPPATH\Views\layout\designs.php on line 65.
 1 APPPATH\Views\layout\designs.php(65): CodeIgniter\Debug\Exceptions->errorHandler(2, 'Undefined variable $products', 'APPPATH\\Views\\layout\\designs.php', 65)
 2 SYSTEMPATH\View\View.php(213): include('APPPATH\\Views\\layout\\designs.php')
 3 SYSTEMPATH\View\View.php(216): CodeIgniter\View\View->CodeIgniter\View\{closure}()
 4 SYSTEMPATH\Common.php(1134): CodeIgniter\View\View->render('layout/designs', [], true)
 5 APPPATH\Controllers\Reservation.php(27): view('layout/designs', [...])
 6 SYSTEMPATH\CodeIgniter.php(927): App\Controllers\Reservation->designs()
 7 SYSTEMPATH\CodeIgniter.php(482): CodeIgniter\CodeIgniter->runController(Object(App\Controllers\Reservation))
 8 SYSTEMPATH\CodeIgniter.php(351): CodeIgniter\CodeIgniter->handleRequest(null, Object(Config\Cache), false)
 9 FCPATH\index.php(67): CodeIgniter\CodeIgniter->run()
10 SYSTEMPATH\Commands\Server\rewrite.php(46): require_once('FCPATH\\index.php')
CRITICAL - 2022-12-06 05:56:56 --> Invalid file: admin_dashboard/designs_list.php
in SYSTEMPATH\Exceptions\FrameworkException.php on line 33.
 1 SYSTEMPATH\View\View.php(201): CodeIgniter\Exceptions\FrameworkException::forInvalidFile('admin_dashboard/designs_list.php')
 2 SYSTEMPATH\Common.php(1134): CodeIgniter\View\View->render('admin_dashboard/designs_list', [], true)
 3 APPPATH\Controllers\ProductController.php(122): view('admin_dashboard/designs_list', [...])
 4 SYSTEMPATH\CodeIgniter.php(927): App\Controllers\ProductController->design_list()
 5 SYSTEMPATH\CodeIgniter.php(482): CodeIgniter\CodeIgniter->runController(Object(App\Controllers\ProductController))
 6 SYSTEMPATH\CodeIgniter.php(351): CodeIgniter\CodeIgniter->handleRequest(null, Object(Config\Cache), false)
 7 FCPATH\index.php(67): CodeIgniter\CodeIgniter->run()
 8 SYSTEMPATH\Commands\Server\rewrite.php(46): require_once('FCPATH\\index.php')
CRITICAL - 2022-12-06 05:58:19 --> Undefined variable $products
in APPPATH\Views\admin_dashboard\design_list.php on line 43.
 1 APPPATH\Views\admin_dashboard\design_list.php(43): CodeIgniter\Debug\Exceptions->errorHandler(2, 'Undefined variable $products', 'APPPATH\\Views\\admin_dashboard\\design_list.php', 43)
 2 SYSTEMPATH\View\View.php(213): include('APPPATH\\Views\\admin_dashboard\\design_list.php')
 3 SYSTEMPATH\View\View.php(216): CodeIgniter\View\View->CodeIgniter\View\{closure}()
 4 SYSTEMPATH\Common.php(1134): CodeIgniter\View\View->render('admin_dashboard/design_list', [], true)
 5 APPPATH\Controllers\ProductController.php(122): view('admin_dashboard/design_list', [...])
 6 SYSTEMPATH\CodeIgniter.php(927): App\Controllers\ProductController->design_list()
 7 SYSTEMPATH\CodeIgniter.php(482): CodeIgniter\CodeIgniter->runController(Object(App\Controllers\ProductController))
 8 SYSTEMPATH\CodeIgniter.php(351): CodeIgniter\CodeIgniter->handleRequest(null, Object(Config\Cache), false)
 9 FCPATH\index.php(67): CodeIgniter\CodeIgniter->run()
10 SYSTEMPATH\Commands\Server\rewrite.php(46): require_once('FCPATH\\index.php')
CRITICAL - 2022-12-06 06:04:05 --> Undefined variable $products
in APPPATH\Views\admin_dashboard\design_list.php on line 43.
 1 APPPATH\Views\admin_dashboard\design_list.php(43): CodeIgniter\Debug\Exceptions->errorHandler(2, 'Undefined variable $products', 'APPPATH\\Views\\admin_dashboard\\design_list.php', 43)
 2 SYSTEMPATH\View\View.php(213): include('APPPATH\\Views\\admin_dashboard\\design_list.php')
 3 SYSTEMPATH\View\View.php(216): CodeIgniter\View\View->CodeIgniter\View\{closure}()
 4 SYSTEMPATH\Common.php(1134): CodeIgniter\View\View->render('admin_dashboard/design_list', [], true)
 5 APPPATH\Controllers\ProductController.php(122): view('admin_dashboard/design_list', [...])
 6 SYSTEMPATH\CodeIgniter.php(927): App\Controllers\ProductController->design_list()
 7 SYSTEMPATH\CodeIgniter.php(482): CodeIgniter\CodeIgniter->runController(Object(App\Controllers\ProductController))
 8 SYSTEMPATH\CodeIgniter.php(351): CodeIgniter\CodeIgniter->handleRequest(null, Object(Config\Cache), false)
 9 FCPATH\index.php(67): CodeIgniter\CodeIgniter->run()
10 SYSTEMPATH\Commands\Server\rewrite.php(46): require_once('FCPATH\\index.php')
CRITICAL - 2022-12-06 06:04:06 --> Undefined variable $products
in APPPATH\Views\admin_dashboard\design_list.php on line 43.
 1 APPPATH\Views\admin_dashboard\design_list.php(43): CodeIgniter\Debug\Exceptions->errorHandler(2, 'Undefined variable $products', 'APPPATH\\Views\\admin_dashboard\\design_list.php', 43)
 2 SYSTEMPATH\View\View.php(213): include('APPPATH\\Views\\admin_dashboard\\design_list.php')
 3 SYSTEMPATH\View\View.php(216): CodeIgniter\View\View->CodeIgniter\View\{closure}()
 4 SYSTEMPATH\Common.php(1134): CodeIgniter\View\View->render('admin_dashboard/design_list', [], true)
 5 APPPATH\Controllers\ProductController.php(122): view('admin_dashboard/design_list', [...])
 6 SYSTEMPATH\CodeIgniter.php(927): App\Controllers\ProductController->design_list()
 7 SYSTEMPATH\CodeIgniter.php(482): CodeIgniter\CodeIgniter->runController(Object(App\Controllers\ProductController))
 8 SYSTEMPATH\CodeIgniter.php(351): CodeIgniter\CodeIgniter->handleRequest(null, Object(Config\Cache), false)
 9 FCPATH\index.php(67): CodeIgniter\CodeIgniter->run()
10 SYSTEMPATH\Commands\Server\rewrite.php(46): require_once('FCPATH\\index.php')
CRITICAL - 2022-12-06 06:05:21 --> Undefined variable $products
in APPPATH\Views\admin_dashboard\design_list.php on line 43.
 1 APPPATH\Views\admin_dashboard\design_list.php(43): CodeIgniter\Debug\Exceptions->errorHandler(2, 'Undefined variable $products', 'APPPATH\\Views\\admin_dashboard\\design_list.php', 43)
 2 SYSTEMPATH\View\View.php(213): include('APPPATH\\Views\\admin_dashboard\\design_list.php')
 3 SYSTEMPATH\View\View.php(216): CodeIgniter\View\View->CodeIgniter\View\{closure}()
 4 SYSTEMPATH\Common.php(1134): CodeIgniter\View\View->render('admin_dashboard/design_list', [], true)
 5 APPPATH\Controllers\ProductController.php(122): view('admin_dashboard/design_list', [...])
 6 SYSTEMPATH\CodeIgniter.php(927): App\Controllers\ProductController->design_list()
 7 SYSTEMPATH\CodeIgniter.php(482): CodeIgniter\CodeIgniter->runController(Object(App\Controllers\ProductController))
 8 SYSTEMPATH\CodeIgniter.php(351): CodeIgniter\CodeIgniter->handleRequest(null, Object(Config\Cache), false)
 9 FCPATH\index.php(67): CodeIgniter\CodeIgniter->run()
10 SYSTEMPATH\Commands\Server\rewrite.php(46): require_once('FCPATH\\index.php')
CRITICAL - 2022-12-06 06:05:22 --> Undefined variable $products
in APPPATH\Views\admin_dashboard\design_list.php on line 43.
 1 APPPATH\Views\admin_dashboard\design_list.php(43): CodeIgniter\Debug\Exceptions->errorHandler(2, 'Undefined variable $products', 'APPPATH\\Views\\admin_dashboard\\design_list.php', 43)
 2 SYSTEMPATH\View\View.php(213): include('APPPATH\\Views\\admin_dashboard\\design_list.php')
 3 SYSTEMPATH\View\View.php(216): CodeIgniter\View\View->CodeIgniter\View\{closure}()
 4 SYSTEMPATH\Common.php(1134): CodeIgniter\View\View->render('admin_dashboard/design_list', [], true)
 5 APPPATH\Controllers\ProductController.php(122): view('admin_dashboard/design_list', [...])
 6 SYSTEMPATH\CodeIgniter.php(927): App\Controllers\ProductController->design_list()
 7 SYSTEMPATH\CodeIgniter.php(482): CodeIgniter\CodeIgniter->runController(Object(App\Controllers\ProductController))
 8 SYSTEMPATH\CodeIgniter.php(351): CodeIgniter\CodeIgniter->handleRequest(null, Object(Config\Cache), false)
 9 FCPATH\index.php(67): CodeIgniter\CodeIgniter->run()
10 SYSTEMPATH\Commands\Server\rewrite.php(46): require_once('FCPATH\\index.php')
CRITICAL - 2022-12-06 06:05:22 --> Undefined variable $products
in APPPATH\Views\admin_dashboard\design_list.php on line 43.
 1 APPPATH\Views\admin_dashboard\design_list.php(43): CodeIgniter\Debug\Exceptions->errorHandler(2, 'Undefined variable $products', 'APPPATH\\Views\\admin_dashboard\\design_list.php', 43)
 2 SYSTEMPATH\View\View.php(213): include('APPPATH\\Views\\admin_dashboard\\design_list.php')
 3 SYSTEMPATH\View\View.php(216): CodeIgniter\View\View->CodeIgniter\View\{closure}()
 4 SYSTEMPATH\Common.php(1134): CodeIgniter\View\View->render('admin_dashboard/design_list', [], true)
 5 APPPATH\Controllers\ProductController.php(122): view('admin_dashboard/design_list', [...])
 6 SYSTEMPATH\CodeIgniter.php(927): App\Controllers\ProductController->design_list()
 7 SYSTEMPATH\CodeIgniter.php(482): CodeIgniter\CodeIgniter->runController(Object(App\Controllers\ProductController))
 8 SYSTEMPATH\CodeIgniter.php(351): CodeIgniter\CodeIgniter->handleRequest(null, Object(Config\Cache), false)
 9 FCPATH\index.php(67): CodeIgniter\CodeIgniter->run()
10 SYSTEMPATH\Commands\Server\rewrite.php(46): require_once('FCPATH\\index.php')
CRITICAL - 2022-12-06 08:32:31 --> Undefined variable $product
in APPPATH\Views\admin_dashboard\design_edit.php on line 67.
 1 APPPATH\Views\admin_dashboard\design_edit.php(67): CodeIgniter\Debug\Exceptions->errorHandler(2, 'Undefined variable $product', 'APPPATH\\Views\\admin_dashboard\\design_edit.php', 67)
 2 SYSTEMPATH\View\View.php(213): include('APPPATH\\Views\\admin_dashboard\\design_edit.php')
 3 SYSTEMPATH\View\View.php(216): CodeIgniter\View\View->CodeIgniter\View\{closure}()
 4 SYSTEMPATH\Common.php(1134): CodeIgniter\View\View->render('admin_dashboard/design_edit', [], true)
 5 APPPATH\Controllers\ProductController.php(155): view('admin_dashboard/design_edit', [...])
 6 SYSTEMPATH\CodeIgniter.php(927): App\Controllers\ProductController->design_edit('1')
 7 SYSTEMPATH\CodeIgniter.php(482): CodeIgniter\CodeIgniter->runController(Object(App\Controllers\ProductController))
 8 SYSTEMPATH\CodeIgniter.php(351): CodeIgniter\CodeIgniter->handleRequest(null, Object(Config\Cache), false)
 9 FCPATH\index.php(67): CodeIgniter\CodeIgniter->run()
10 SYSTEMPATH\Commands\Server\rewrite.php(46): require_once('FCPATH\\index.php')
CRITICAL - 2022-12-06 08:32:47 --> Undefined variable $product
in APPPATH\Views\admin_dashboard\design_edit.php on line 67.
 1 APPPATH\Views\admin_dashboard\design_edit.php(67): CodeIgniter\Debug\Exceptions->errorHandler(2, 'Undefined variable $product', 'APPPATH\\Views\\admin_dashboard\\design_edit.php', 67)
 2 SYSTEMPATH\View\View.php(213): include('APPPATH\\Views\\admin_dashboard\\design_edit.php')
 3 SYSTEMPATH\View\View.php(216): CodeIgniter\View\View->CodeIgniter\View\{closure}()
 4 SYSTEMPATH\Common.php(1134): CodeIgniter\View\View->render('admin_dashboard/design_edit', [], true)
 5 APPPATH\Controllers\ProductController.php(155): view('admin_dashboard/design_edit', [...])
 6 SYSTEMPATH\CodeIgniter.php(927): App\Controllers\ProductController->design_edit('1')
 7 SYSTEMPATH\CodeIgniter.php(482): CodeIgniter\CodeIgniter->runController(Object(App\Controllers\ProductController))
 8 SYSTEMPATH\CodeIgniter.php(351): CodeIgniter\CodeIgniter->handleRequest(null, Object(Config\Cache), false)
 9 FCPATH\index.php(67): CodeIgniter\CodeIgniter->run()
10 SYSTEMPATH\Commands\Server\rewrite.php(46): require_once('FCPATH\\index.php')
CRITICAL - 2022-12-06 08:32:48 --> Undefined variable $product
in APPPATH\Views\admin_dashboard\design_edit.php on line 67.
 1 APPPATH\Views\admin_dashboard\design_edit.php(67): CodeIgniter\Debug\Exceptions->errorHandler(2, 'Undefined variable $product', 'APPPATH\\Views\\admin_dashboard\\design_edit.php', 67)
 2 SYSTEMPATH\View\View.php(213): include('APPPATH\\Views\\admin_dashboard\\design_edit.php')
 3 SYSTEMPATH\View\View.php(216): CodeIgniter\View\View->CodeIgniter\View\{closure}()
 4 SYSTEMPATH\Common.php(1134): CodeIgniter\View\View->render('admin_dashboard/design_edit', [], true)
 5 APPPATH\Controllers\ProductController.php(155): view('admin_dashboard/design_edit', [...])
 6 SYSTEMPATH\CodeIgniter.php(927): App\Controllers\ProductController->design_edit('1')
 7 SYSTEMPATH\CodeIgniter.php(482): CodeIgniter\CodeIgniter->runController(Object(App\Controllers\ProductController))
 8 SYSTEMPATH\CodeIgniter.php(351): CodeIgniter\CodeIgniter->handleRequest(null, Object(Config\Cache), false)
 9 FCPATH\index.php(67): CodeIgniter\CodeIgniter->run()
10 SYSTEMPATH\Commands\Server\rewrite.php(46): require_once('FCPATH\\index.php')
CRITICAL - 2022-12-06 08:32:49 --> Undefined variable $product
in APPPATH\Views\admin_dashboard\design_edit.php on line 67.
 1 APPPATH\Views\admin_dashboard\design_edit.php(67): CodeIgniter\Debug\Exceptions->errorHandler(2, 'Undefined variable $product', 'APPPATH\\Views\\admin_dashboard\\design_edit.php', 67)
 2 SYSTEMPATH\View\View.php(213): include('APPPATH\\Views\\admin_dashboard\\design_edit.php')
 3 SYSTEMPATH\View\View.php(216): CodeIgniter\View\View->CodeIgniter\View\{closure}()
 4 SYSTEMPATH\Common.php(1134): CodeIgniter\View\View->render('admin_dashboard/design_edit', [], true)
 5 APPPATH\Controllers\ProductController.php(155): view('admin_dashboard/design_edit', [...])
 6 SYSTEMPATH\CodeIgniter.php(927): App\Controllers\ProductController->design_edit('1')
 7 SYSTEMPATH\CodeIgniter.php(482): CodeIgniter\CodeIgniter->runController(Object(App\Controllers\ProductController))
 8 SYSTEMPATH\CodeIgniter.php(351): CodeIgniter\CodeIgniter->handleRequest(null, Object(Config\Cache), false)
 9 FCPATH\index.php(67): CodeIgniter\CodeIgniter->run()
10 SYSTEMPATH\Commands\Server\rewrite.php(46): require_once('FCPATH\\index.php')
CRITICAL - 2022-12-06 08:32:49 --> Undefined variable $product
in APPPATH\Views\admin_dashboard\design_edit.php on line 67.
 1 APPPATH\Views\admin_dashboard\design_edit.php(67): CodeIgniter\Debug\Exceptions->errorHandler(2, 'Undefined variable $product', 'APPPATH\\Views\\admin_dashboard\\design_edit.php', 67)
 2 SYSTEMPATH\View\View.php(213): include('APPPATH\\Views\\admin_dashboard\\design_edit.php')
 3 SYSTEMPATH\View\View.php(216): CodeIgniter\View\View->CodeIgniter\View\{closure}()
 4 SYSTEMPATH\Common.php(1134): CodeIgniter\View\View->render('admin_dashboard/design_edit', [], true)
 5 APPPATH\Controllers\ProductController.php(155): view('admin_dashboard/design_edit', [...])
 6 SYSTEMPATH\CodeIgniter.php(927): App\Controllers\ProductController->design_edit('1')
 7 SYSTEMPATH\CodeIgniter.php(482): CodeIgniter\CodeIgniter->runController(Object(App\Controllers\ProductController))
 8 SYSTEMPATH\CodeIgniter.php(351): CodeIgniter\CodeIgniter->handleRequest(null, Object(Config\Cache), false)
 9 FCPATH\index.php(67): CodeIgniter\CodeIgniter->run()
10 SYSTEMPATH\Commands\Server\rewrite.php(46): require_once('FCPATH\\index.php')
CRITICAL - 2022-12-06 08:32:49 --> Undefined variable $product
in APPPATH\Views\admin_dashboard\design_edit.php on line 67.
 1 APPPATH\Views\admin_dashboard\design_edit.php(67): CodeIgniter\Debug\Exceptions->errorHandler(2, 'Undefined variable $product', 'APPPATH\\Views\\admin_dashboard\\design_edit.php', 67)
 2 SYSTEMPATH\View\View.php(213): include('APPPATH\\Views\\admin_dashboard\\design_edit.php')
 3 SYSTEMPATH\View\View.php(216): CodeIgniter\View\View->CodeIgniter\View\{closure}()
 4 SYSTEMPATH\Common.php(1134): CodeIgniter\View\View->render('admin_dashboard/design_edit', [], true)
 5 APPPATH\Controllers\ProductController.php(155): view('admin_dashboard/design_edit', [...])
 6 SYSTEMPATH\CodeIgniter.php(927): App\Controllers\ProductController->design_edit('1')
 7 SYSTEMPATH\CodeIgniter.php(482): CodeIgniter\CodeIgniter->runController(Object(App\Controllers\ProductController))
 8 SYSTEMPATH\CodeIgniter.php(351): CodeIgniter\CodeIgniter->handleRequest(null, Object(Config\Cache), false)
 9 FCPATH\index.php(67): CodeIgniter\CodeIgniter->run()
10 SYSTEMPATH\Commands\Server\rewrite.php(46): require_once('FCPATH\\index.php')
