CRITICAL - 2023-07-17 07:58:45 --> Undefined array key "pending"
in APPPATH\Views\home\orders.php on line 126.
 1 APPPATH\Views\home\orders.php(126): CodeIgniter\Debug\Exceptions->errorHandler(2, 'Undefined array key "pending"', 'APPPATH\\Views\\home\\orders.php', 126)
 2 SYSTEMPATH\View\View.php(213): include('APPPATH\\Views\\home\\orders.php')
 3 SYSTEMPATH\View\View.php(216): CodeIgniter\View\View->CodeIgniter\View\{closure}()
 4 SYSTEMPATH\Common.php(1134): CodeIgniter\View\View->render('home/orders', [], true)
 5 APPPATH\Views\includes\template.php(2): view('home/orders')
 6 SYSTEMPATH\View\View.php(213): include('APPPATH\\Views\\includes\\template.php')
 7 SYSTEMPATH\View\View.php(216): CodeIgniter\View\View->CodeIgniter\View\{closure}()
 8 SYSTEMPATH\Common.php(1134): CodeIgniter\View\View->render('includes/template', [], true)
 9 APPPATH\Controllers\Home.php(425): view('includes/template', [...])
10 SYSTEMPATH\CodeIgniter.php(927): App\Controllers\Home->orders()
11 SYSTEMPATH\CodeIgniter.php(482): CodeIgniter\CodeIgniter->runController(Object(App\Controllers\Home))
12 SYSTEMPATH\CodeIgniter.php(351): CodeIgniter\CodeIgniter->handleRequest(null, Object(Config\Cache), false)
13 FCPATH\index.php(67): CodeIgniter\CodeIgniter->run()
14 SYSTEMPATH\Commands\Server\rewrite.php(46): require_once('FCPATH\\index.php')
CRITICAL - 2023-07-17 08:02:06 --> Undefined array key "upload"
in APPPATH\Views\home\orders.php on line 126.
 1 APPPATH\Views\home\orders.php(126): CodeIgniter\Debug\Exceptions->errorHandler(2, 'Undefined array key "upload"', 'APPPATH\\Views\\home\\orders.php', 126)
 2 SYSTEMPATH\View\View.php(213): include('APPPATH\\Views\\home\\orders.php')
 3 SYSTEMPATH\View\View.php(216): CodeIgniter\View\View->CodeIgniter\View\{closure}()
 4 SYSTEMPATH\Common.php(1134): CodeIgniter\View\View->render('home/orders', [], true)
 5 APPPATH\Views\includes\template.php(2): view('home/orders')
 6 SYSTEMPATH\View\View.php(213): include('APPPATH\\Views\\includes\\template.php')
 7 SYSTEMPATH\View\View.php(216): CodeIgniter\View\View->CodeIgniter\View\{closure}()
 8 SYSTEMPATH\Common.php(1134): CodeIgniter\View\View->render('includes/template', [], true)
 9 APPPATH\Controllers\Home.php(425): view('includes/template', [...])
10 SYSTEMPATH\CodeIgniter.php(927): App\Controllers\Home->orders()
11 SYSTEMPATH\CodeIgniter.php(482): CodeIgniter\CodeIgniter->runController(Object(App\Controllers\Home))
12 SYSTEMPATH\CodeIgniter.php(351): CodeIgniter\CodeIgniter->handleRequest(null, Object(Config\Cache), false)
13 FCPATH\index.php(67): CodeIgniter\CodeIgniter->run()
14 SYSTEMPATH\Commands\Server\rewrite.php(46): require_once('FCPATH\\index.php')
