ERROR - 2023-06-21 00:39:41 --> mysqli_sql_exception: Unknown column 'order_method' in 'where clause' in C:\xampp\htdocs\Florist-Event-Reservation-Ordering\system\Database\MySQLi\Connection.php:292
Stack trace:
#0 C:\xampp\htdocs\Florist-Event-Reservation-Ordering\system\Database\MySQLi\Connection.php(292): mysqli->query('SELECT DATE_FOR...', 0)
#1 C:\xampp\htdocs\Florist-Event-Reservation-Ordering\system\Database\BaseConnection.php(666): CodeIgniter\Database\MySQLi\Connection->execute('SELECT DATE_FOR...')
#2 C:\xampp\htdocs\Florist-Event-Reservation-Ordering\system\Database\BaseConnection.php(593): CodeIgniter\Database\BaseConnection->simpleQuery('SELECT DATE_FOR...')
#3 C:\xampp\htdocs\Florist-Event-Reservation-Ordering\system\Database\BaseBuilder.php(1585): CodeIgniter\Database\BaseConnection->query('SELECT DATE_FOR...', Array, false)
#4 C:\xampp\htdocs\Florist-Event-Reservation-Ordering\system\Model.php(223): CodeIgniter\Database\BaseBuilder->get()
#5 C:\xampp\htdocs\Florist-Event-Reservation-Ordering\system\BaseModel.php(585): CodeIgniter\Model->doFindAll(0, 0)
#6 C:\xampp\htdocs\Florist-Event-Reservation-Ordering\app\Controllers\Admin.php(441): CodeIgniter\BaseModel->findAll()
#7 C:\xampp\htdocs\Florist-Event-Reservation-Ordering\system\CodeIgniter.php(927): App\Controllers\Admin->orderlist()
#8 C:\xampp\htdocs\Florist-Event-Reservation-Ordering\system\CodeIgniter.php(482): CodeIgniter\CodeIgniter->runController(Object(App\Controllers\Admin))
#9 C:\xampp\htdocs\Florist-Event-Reservation-Ordering\system\CodeIgniter.php(351): CodeIgniter\CodeIgniter->handleRequest(NULL, Object(Config\Cache), false)
#10 C:\xampp\htdocs\Florist-Event-Reservation-Ordering\public\index.php(67): CodeIgniter\CodeIgniter->run()
#11 C:\xampp\htdocs\Florist-Event-Reservation-Ordering\system\Commands\Server\rewrite.php(46): require_once('C:\\xampp\\htdocs...')
#12 {main}
CRITICAL - 2023-06-21 00:39:41 --> Unknown column 'order_method' in 'where clause'
in SYSTEMPATH\Database\MySQLi\Connection.php on line 292.
 1 SYSTEMPATH\Database\MySQLi\Connection.php(292): mysqli->query('SELECT DATE_FORMAT(order_date, \'%M %e, %Y\') AS order_date_formatted, `orderdata`.*
FROM `orderdata`
WHERE `order_type` = \'COD\'
AND `order_method` = \'Online\'', 0)
 2 SYSTEMPATH\Database\BaseConnection.php(666): CodeIgniter\Database\MySQLi\Connection->execute('SELECT DATE_FORMAT(order_date, \'%M %e, %Y\') AS order_date_formatted, `orderdata`.*
FROM `orderdata`
WHERE `order_type` = \'COD\'
AND `order_method` = \'Online\'')
 3 SYSTEMPATH\Database\BaseConnection.php(593): CodeIgniter\Database\BaseConnection->simpleQuery('SELECT DATE_FORMAT(order_date, \'%M %e, %Y\') AS order_date_formatted, `orderdata`.*
FROM `orderdata`
WHERE `order_type` = \'COD\'
AND `order_method` = \'Online\'')
 4 SYSTEMPATH\Database\BaseBuilder.php(1585): CodeIgniter\Database\BaseConnection->query('SELECT DATE_FORMAT(order_date, \'%M %e, %Y\') AS order_date_formatted, `orderdata`.*
FROM `orderdata`
WHERE `order_type` = :order_type:
AND `order_method` = :order_method:', [...], false)
 5 SYSTEMPATH\Model.php(223): CodeIgniter\Database\BaseBuilder->get()
 6 SYSTEMPATH\BaseModel.php(585): CodeIgniter\Model->doFindAll(0, 0)
 7 APPPATH\Controllers\Admin.php(441): CodeIgniter\BaseModel->findAll()
 8 SYSTEMPATH\CodeIgniter.php(927): App\Controllers\Admin->orderlist()
 9 SYSTEMPATH\CodeIgniter.php(482): CodeIgniter\CodeIgniter->runController(Object(App\Controllers\Admin))
10 SYSTEMPATH\CodeIgniter.php(351): CodeIgniter\CodeIgniter->handleRequest(null, Object(Config\Cache), false)
11 FCPATH\index.php(67): CodeIgniter\CodeIgniter->run()
12 SYSTEMPATH\Commands\Server\rewrite.php(46): require_once('FCPATH\\index.php')
CRITICAL - 2023-06-21 01:01:20 --> count(): Argument #1 ($value) must be of type Countable|array, null given
in APPPATH\Views\includes\index.php on line 98.
 1 SYSTEMPATH\View\View.php(213): include()
 2 SYSTEMPATH\View\View.php(216): CodeIgniter\View\View->CodeIgniter\View\{closure}()
 3 SYSTEMPATH\Common.php(1134): CodeIgniter\View\View->render('includes/index', [], true)
 4 APPPATH\Controllers\Home.php(25): view('includes/index')
 5 SYSTEMPATH\CodeIgniter.php(927): App\Controllers\Home->landingpage()
 6 SYSTEMPATH\CodeIgniter.php(482): CodeIgniter\CodeIgniter->runController(Object(App\Controllers\Home))
 7 SYSTEMPATH\CodeIgniter.php(351): CodeIgniter\CodeIgniter->handleRequest(null, Object(Config\Cache), false)
 8 FCPATH\index.php(67): CodeIgniter\CodeIgniter->run()
 9 SYSTEMPATH\Commands\Server\rewrite.php(46): require_once('FCPATH\\index.php')
CRITICAL - 2023-06-21 01:12:55 --> Undefined array key "quantity"
in APPPATH\Views\pos\print_view.php on line 102.
 1 APPPATH\Views\pos\print_view.php(102): CodeIgniter\Debug\Exceptions->errorHandler(2, 'Undefined array key "quantity"', 'APPPATH\\Views\\pos\\print_view.php', 102)
 2 SYSTEMPATH\View\View.php(213): include('APPPATH\\Views\\pos\\print_view.php')
 3 SYSTEMPATH\View\View.php(216): CodeIgniter\View\View->CodeIgniter\View\{closure}()
 4 SYSTEMPATH\Common.php(1134): CodeIgniter\View\View->render('pos/print_view', [], true)
 5 APPPATH\Controllers\POS.php(110): view('pos/print_view', [...])
 6 SYSTEMPATH\CodeIgniter.php(927): App\Controllers\POS->printView()
 7 SYSTEMPATH\CodeIgniter.php(482): CodeIgniter\CodeIgniter->runController(Object(App\Controllers\POS))
 8 SYSTEMPATH\CodeIgniter.php(351): CodeIgniter\CodeIgniter->handleRequest(null, Object(Config\Cache), false)
 9 FCPATH\index.php(67): CodeIgniter\CodeIgniter->run()
10 SYSTEMPATH\Commands\Server\rewrite.php(46): require_once('FCPATH\\index.php')
CRITICAL - 2023-06-21 01:16:02 --> Undefined array key "image"
in APPPATH\Controllers\POS.php on line 61.
 1 APPPATH\Controllers\POS.php(61): CodeIgniter\Debug\Exceptions->errorHandler(2, 'Undefined array key "image"', 'APPPATH\\Controllers\\POS.php', 61)
 2 SYSTEMPATH\CodeIgniter.php(927): App\Controllers\POS->insertData()
 3 SYSTEMPATH\CodeIgniter.php(482): CodeIgniter\CodeIgniter->runController(Object(App\Controllers\POS))
 4 SYSTEMPATH\CodeIgniter.php(351): CodeIgniter\CodeIgniter->handleRequest(null, Object(Config\Cache), false)
 5 FCPATH\index.php(67): CodeIgniter\CodeIgniter->run()
 6 SYSTEMPATH\Commands\Server\rewrite.php(46): require_once('FCPATH\\index.php')
CRITICAL - 2023-06-21 01:17:30 --> Undefined array key "image"
in APPPATH\Controllers\POS.php on line 61.
 1 APPPATH\Controllers\POS.php(61): CodeIgniter\Debug\Exceptions->errorHandler(2, 'Undefined array key "image"', 'APPPATH\\Controllers\\POS.php', 61)
 2 SYSTEMPATH\CodeIgniter.php(927): App\Controllers\POS->insertData()
 3 SYSTEMPATH\CodeIgniter.php(482): CodeIgniter\CodeIgniter->runController(Object(App\Controllers\POS))
 4 SYSTEMPATH\CodeIgniter.php(351): CodeIgniter\CodeIgniter->handleRequest(null, Object(Config\Cache), false)
 5 FCPATH\index.php(67): CodeIgniter\CodeIgniter->run()
 6 SYSTEMPATH\Commands\Server\rewrite.php(46): require_once('FCPATH\\index.php')
CRITICAL - 2023-06-21 01:18:09 --> Undefined array key "image"
in APPPATH\Controllers\POS.php on line 61.
 1 APPPATH\Controllers\POS.php(61): CodeIgniter\Debug\Exceptions->errorHandler(2, 'Undefined array key "image"', 'APPPATH\\Controllers\\POS.php', 61)
 2 SYSTEMPATH\CodeIgniter.php(927): App\Controllers\POS->insertData()
 3 SYSTEMPATH\CodeIgniter.php(482): CodeIgniter\CodeIgniter->runController(Object(App\Controllers\POS))
 4 SYSTEMPATH\CodeIgniter.php(351): CodeIgniter\CodeIgniter->handleRequest(null, Object(Config\Cache), false)
 5 FCPATH\index.php(67): CodeIgniter\CodeIgniter->run()
 6 SYSTEMPATH\Commands\Server\rewrite.php(46): require_once('FCPATH\\index.php')
CRITICAL - 2023-06-21 01:23:04 --> Undefined array key "image"
in APPPATH\Controllers\POS.php on line 61.
 1 APPPATH\Controllers\POS.php(61): CodeIgniter\Debug\Exceptions->errorHandler(2, 'Undefined array key "image"', 'APPPATH\\Controllers\\POS.php', 61)
 2 SYSTEMPATH\CodeIgniter.php(927): App\Controllers\POS->insertData()
 3 SYSTEMPATH\CodeIgniter.php(482): CodeIgniter\CodeIgniter->runController(Object(App\Controllers\POS))
 4 SYSTEMPATH\CodeIgniter.php(351): CodeIgniter\CodeIgniter->handleRequest(null, Object(Config\Cache), false)
 5 FCPATH\index.php(67): CodeIgniter\CodeIgniter->run()
 6 SYSTEMPATH\Commands\Server\rewrite.php(46): require_once('FCPATH\\index.php')
ERROR - 2023-06-21 01:24:04 --> mysqli_sql_exception: Column 'item_image' cannot be null in C:\xampp\htdocs\Florist-Event-Reservation-Ordering\system\Database\MySQLi\Connection.php:292
Stack trace:
#0 C:\xampp\htdocs\Florist-Event-Reservation-Ordering\system\Database\MySQLi\Connection.php(292): mysqli->query('INSERT INTO `or...', 0)
#1 C:\xampp\htdocs\Florist-Event-Reservation-Ordering\system\Database\BaseConnection.php(666): CodeIgniter\Database\MySQLi\Connection->execute('INSERT INTO `or...')
#2 C:\xampp\htdocs\Florist-Event-Reservation-Ordering\system\Database\BaseConnection.php(593): CodeIgniter\Database\BaseConnection->simpleQuery('INSERT INTO `or...')
#3 C:\xampp\htdocs\Florist-Event-Reservation-Ordering\system\Database\BaseBuilder.php(1916): CodeIgniter\Database\BaseConnection->query('INSERT INTO `or...', Array, false)
#4 C:\xampp\htdocs\Florist-Event-Reservation-Ordering\system\Model.php(279): CodeIgniter\Database\BaseBuilder->insert()
#5 C:\xampp\htdocs\Florist-Event-Reservation-Ordering\system\BaseModel.php(749): CodeIgniter\Model->doInsert(Array)
#6 C:\xampp\htdocs\Florist-Event-Reservation-Ordering\system\Model.php(667): CodeIgniter\BaseModel->insert(Array, true)
#7 C:\xampp\htdocs\Florist-Event-Reservation-Ordering\app\Controllers\POS.php(67): CodeIgniter\Model->insert(Array)
#8 C:\xampp\htdocs\Florist-Event-Reservation-Ordering\system\CodeIgniter.php(927): App\Controllers\POS->insertData()
#9 C:\xampp\htdocs\Florist-Event-Reservation-Ordering\system\CodeIgniter.php(482): CodeIgniter\CodeIgniter->runController(Object(App\Controllers\POS))
#10 C:\xampp\htdocs\Florist-Event-Reservation-Ordering\system\CodeIgniter.php(351): CodeIgniter\CodeIgniter->handleRequest(NULL, Object(Config\Cache), false)
#11 C:\xampp\htdocs\Florist-Event-Reservation-Ordering\public\index.php(67): CodeIgniter\CodeIgniter->run()
#12 C:\xampp\htdocs\Florist-Event-Reservation-Ordering\system\Commands\Server\rewrite.php(46): require_once('C:\\xampp\\htdocs...')
#13 {main}
CRITICAL - 2023-06-21 01:24:04 --> Column 'item_image' cannot be null
in SYSTEMPATH\Database\MySQLi\Connection.php on line 292.
 1 SYSTEMPATH\Database\MySQLi\Connection.php(292): mysqli->query('INSERT INTO `order_item` (`item_name`, `fk_order_id`, `item_image`, `item_amount`, `item_qty`, `created_at`) VALUES (\'BFS_774\', 14, NULL, \'550.00\', \'2\', \'2023-06-21 01:24:04\')', 0)
 2 SYSTEMPATH\Database\BaseConnection.php(666): CodeIgniter\Database\MySQLi\Connection->execute('INSERT INTO `order_item` (`item_name`, `fk_order_id`, `item_image`, `item_amount`, `item_qty`, `created_at`) VALUES (\'BFS_774\', 14, NULL, \'550.00\', \'2\', \'2023-06-21 01:24:04\')')
 3 SYSTEMPATH\Database\BaseConnection.php(593): CodeIgniter\Database\BaseConnection->simpleQuery('INSERT INTO `order_item` (`item_name`, `fk_order_id`, `item_image`, `item_amount`, `item_qty`, `created_at`) VALUES (\'BFS_774\', 14, NULL, \'550.00\', \'2\', \'2023-06-21 01:24:04\')')
 4 SYSTEMPATH\Database\BaseBuilder.php(1916): CodeIgniter\Database\BaseConnection->query('INSERT INTO `order_item` (`item_name`, `fk_order_id`, `item_image`, `item_amount`, `item_qty`, `created_at`) VALUES (:item_name:, :fk_order_id:, :item_image:, :item_amount:, :item_qty:, :created_at:)', [...], false)
 5 SYSTEMPATH\Model.php(279): CodeIgniter\Database\BaseBuilder->insert()
 6 SYSTEMPATH\BaseModel.php(749): CodeIgniter\Model->doInsert([...])
 7 SYSTEMPATH\Model.php(667): CodeIgniter\BaseModel->insert([...], true)
 8 APPPATH\Controllers\POS.php(67): CodeIgniter\Model->insert([...])
 9 SYSTEMPATH\CodeIgniter.php(927): App\Controllers\POS->insertData()
10 SYSTEMPATH\CodeIgniter.php(482): CodeIgniter\CodeIgniter->runController(Object(App\Controllers\POS))
11 SYSTEMPATH\CodeIgniter.php(351): CodeIgniter\CodeIgniter->handleRequest(null, Object(Config\Cache), false)
12 FCPATH\index.php(67): CodeIgniter\CodeIgniter->run()
13 SYSTEMPATH\Commands\Server\rewrite.php(46): require_once('FCPATH\\index.php')
CRITICAL - 2023-06-21 01:28:33 --> Undefined variable $index
in APPPATH\Controllers\POS.php on line 66.
 1 APPPATH\Controllers\POS.php(66): CodeIgniter\Debug\Exceptions->errorHandler(2, 'Undefined variable $index', 'APPPATH\\Controllers\\POS.php', 66)
 2 SYSTEMPATH\CodeIgniter.php(927): App\Controllers\POS->insertData()
 3 SYSTEMPATH\CodeIgniter.php(482): CodeIgniter\CodeIgniter->runController(Object(App\Controllers\POS))
 4 SYSTEMPATH\CodeIgniter.php(351): CodeIgniter\CodeIgniter->handleRequest(null, Object(Config\Cache), false)
 5 FCPATH\index.php(67): CodeIgniter\CodeIgniter->run()
 6 SYSTEMPATH\Commands\Server\rewrite.php(46): require_once('FCPATH\\index.php')
CRITICAL - 2023-06-21 01:29:13 --> Undefined variable $index
in APPPATH\Controllers\POS.php on line 66.
 1 APPPATH\Controllers\POS.php(66): CodeIgniter\Debug\Exceptions->errorHandler(2, 'Undefined variable $index', 'APPPATH\\Controllers\\POS.php', 66)
 2 SYSTEMPATH\CodeIgniter.php(927): App\Controllers\POS->insertData()
 3 SYSTEMPATH\CodeIgniter.php(482): CodeIgniter\CodeIgniter->runController(Object(App\Controllers\POS))
 4 SYSTEMPATH\CodeIgniter.php(351): CodeIgniter\CodeIgniter->handleRequest(null, Object(Config\Cache), false)
 5 FCPATH\index.php(67): CodeIgniter\CodeIgniter->run()
 6 SYSTEMPATH\Commands\Server\rewrite.php(46): require_once('FCPATH\\index.php')
CRITICAL - 2023-06-21 01:30:59 --> Undefined variable $index
in APPPATH\Controllers\POS.php on line 66.
 1 APPPATH\Controllers\POS.php(66): CodeIgniter\Debug\Exceptions->errorHandler(2, 'Undefined variable $index', 'APPPATH\\Controllers\\POS.php', 66)
 2 SYSTEMPATH\CodeIgniter.php(927): App\Controllers\POS->insertData()
 3 SYSTEMPATH\CodeIgniter.php(482): CodeIgniter\CodeIgniter->runController(Object(App\Controllers\POS))
 4 SYSTEMPATH\CodeIgniter.php(351): CodeIgniter\CodeIgniter->handleRequest(null, Object(Config\Cache), false)
 5 FCPATH\index.php(67): CodeIgniter\CodeIgniter->run()
 6 SYSTEMPATH\Commands\Server\rewrite.php(46): require_once('FCPATH\\index.php')
CRITICAL - 2023-06-21 01:38:34 --> count(): Argument #1 ($value) must be of type Countable|array, null given
in APPPATH\Views\includes\index.php on line 98.
 1 SYSTEMPATH\View\View.php(213): include()
 2 SYSTEMPATH\View\View.php(216): CodeIgniter\View\View->CodeIgniter\View\{closure}()
 3 SYSTEMPATH\Common.php(1134): CodeIgniter\View\View->render('includes/index', [], true)
 4 APPPATH\Controllers\Home.php(25): view('includes/index')
 5 SYSTEMPATH\CodeIgniter.php(927): App\Controllers\Home->landingpage()
 6 SYSTEMPATH\CodeIgniter.php(482): CodeIgniter\CodeIgniter->runController(Object(App\Controllers\Home))
 7 SYSTEMPATH\CodeIgniter.php(351): CodeIgniter\CodeIgniter->handleRequest(null, Object(Config\Cache), false)
 8 FCPATH\index.php(67): CodeIgniter\CodeIgniter->run()
 9 SYSTEMPATH\Commands\Server\rewrite.php(46): require_once('FCPATH\\index.php')
CRITICAL - 2023-06-21 02:06:07 --> Trying to access array offset on value of type null
in APPPATH\Views\home\productdetails.php on line 13.
 1 APPPATH\Views\home\productdetails.php(13): CodeIgniter\Debug\Exceptions->errorHandler(2, 'Trying to access array offset on value of type null', 'APPPATH\\Views\\home\\productdetails.php', 13)
 2 SYSTEMPATH\View\View.php(213): include('APPPATH\\Views\\home\\productdetails.php')
 3 SYSTEMPATH\View\View.php(216): CodeIgniter\View\View->CodeIgniter\View\{closure}()
 4 SYSTEMPATH\Common.php(1134): CodeIgniter\View\View->render('home/productdetails', [], true)
 5 APPPATH\Views\includes\template.php(2): view('home/productdetails')
 6 SYSTEMPATH\View\View.php(213): include('APPPATH\\Views\\includes\\template.php')
 7 SYSTEMPATH\View\View.php(216): CodeIgniter\View\View->CodeIgniter\View\{closure}()
 8 SYSTEMPATH\Common.php(1134): CodeIgniter\View\View->render('includes/template', [], true)
 9 APPPATH\Controllers\Home.php(109): view('includes/template', [...])
10 SYSTEMPATH\CodeIgniter.php(927): App\Controllers\Home->productdetails('FCPATH\\template', 'FCPATH\\assets', 'img', 'bg7.jpg')
11 SYSTEMPATH\CodeIgniter.php(482): CodeIgniter\CodeIgniter->runController(Object(App\Controllers\Home))
12 SYSTEMPATH\CodeIgniter.php(351): CodeIgniter\CodeIgniter->handleRequest(null, Object(Config\Cache), false)
13 FCPATH\index.php(67): CodeIgniter\CodeIgniter->run()
14 SYSTEMPATH\Commands\Server\rewrite.php(46): require_once('FCPATH\\index.php')
CRITICAL - 2023-06-21 02:06:29 --> Trying to access array offset on value of type null
in APPPATH\Views\home\productdetails.php on line 13.
 1 APPPATH\Views\home\productdetails.php(13): CodeIgniter\Debug\Exceptions->errorHandler(2, 'Trying to access array offset on value of type null', 'APPPATH\\Views\\home\\productdetails.php', 13)
 2 SYSTEMPATH\View\View.php(213): include('APPPATH\\Views\\home\\productdetails.php')
 3 SYSTEMPATH\View\View.php(216): CodeIgniter\View\View->CodeIgniter\View\{closure}()
 4 SYSTEMPATH\Common.php(1134): CodeIgniter\View\View->render('home/productdetails', [], true)
 5 APPPATH\Views\includes\template.php(2): view('home/productdetails')
 6 SYSTEMPATH\View\View.php(213): include('APPPATH\\Views\\includes\\template.php')
 7 SYSTEMPATH\View\View.php(216): CodeIgniter\View\View->CodeIgniter\View\{closure}()
 8 SYSTEMPATH\Common.php(1134): CodeIgniter\View\View->render('includes/template', [], true)
 9 APPPATH\Controllers\Home.php(109): view('includes/template', [...])
10 SYSTEMPATH\CodeIgniter.php(927): App\Controllers\Home->productdetails('FCPATH\\template', 'FCPATH\\assets', 'img', 'bg7.jpg')
11 SYSTEMPATH\CodeIgniter.php(482): CodeIgniter\CodeIgniter->runController(Object(App\Controllers\Home))
12 SYSTEMPATH\CodeIgniter.php(351): CodeIgniter\CodeIgniter->handleRequest(null, Object(Config\Cache), false)
13 FCPATH\index.php(67): CodeIgniter\CodeIgniter->run()
14 SYSTEMPATH\Commands\Server\rewrite.php(46): require_once('FCPATH\\index.php')
CRITICAL - 2023-06-21 02:06:34 --> Trying to access array offset on value of type null
in APPPATH\Views\home\productdetails.php on line 13.
 1 APPPATH\Views\home\productdetails.php(13): CodeIgniter\Debug\Exceptions->errorHandler(2, 'Trying to access array offset on value of type null', 'APPPATH\\Views\\home\\productdetails.php', 13)
 2 SYSTEMPATH\View\View.php(213): include('APPPATH\\Views\\home\\productdetails.php')
 3 SYSTEMPATH\View\View.php(216): CodeIgniter\View\View->CodeIgniter\View\{closure}()
 4 SYSTEMPATH\Common.php(1134): CodeIgniter\View\View->render('home/productdetails', [], true)
 5 APPPATH\Views\includes\template.php(2): view('home/productdetails')
 6 SYSTEMPATH\View\View.php(213): include('APPPATH\\Views\\includes\\template.php')
 7 SYSTEMPATH\View\View.php(216): CodeIgniter\View\View->CodeIgniter\View\{closure}()
 8 SYSTEMPATH\Common.php(1134): CodeIgniter\View\View->render('includes/template', [], true)
 9 APPPATH\Controllers\Home.php(109): view('includes/template', [...])
10 SYSTEMPATH\CodeIgniter.php(927): App\Controllers\Home->productdetails('FCPATH\\template', 'FCPATH\\assets', 'img', 'bg7.jpg')
11 SYSTEMPATH\CodeIgniter.php(482): CodeIgniter\CodeIgniter->runController(Object(App\Controllers\Home))
12 SYSTEMPATH\CodeIgniter.php(351): CodeIgniter\CodeIgniter->handleRequest(null, Object(Config\Cache), false)
13 FCPATH\index.php(67): CodeIgniter\CodeIgniter->run()
14 SYSTEMPATH\Commands\Server\rewrite.php(46): require_once('FCPATH\\index.php')
CRITICAL - 2023-06-21 02:06:48 --> Trying to access array offset on value of type null
in APPPATH\Views\home\productdetails.php on line 13.
 1 APPPATH\Views\home\productdetails.php(13): CodeIgniter\Debug\Exceptions->errorHandler(2, 'Trying to access array offset on value of type null', 'APPPATH\\Views\\home\\productdetails.php', 13)
 2 SYSTEMPATH\View\View.php(213): include('APPPATH\\Views\\home\\productdetails.php')
 3 SYSTEMPATH\View\View.php(216): CodeIgniter\View\View->CodeIgniter\View\{closure}()
 4 SYSTEMPATH\Common.php(1134): CodeIgniter\View\View->render('home/productdetails', [], true)
 5 APPPATH\Views\includes\template.php(2): view('home/productdetails')
 6 SYSTEMPATH\View\View.php(213): include('APPPATH\\Views\\includes\\template.php')
 7 SYSTEMPATH\View\View.php(216): CodeIgniter\View\View->CodeIgniter\View\{closure}()
 8 SYSTEMPATH\Common.php(1134): CodeIgniter\View\View->render('includes/template', [], true)
 9 APPPATH\Controllers\Home.php(109): view('includes/template', [...])
10 SYSTEMPATH\CodeIgniter.php(927): App\Controllers\Home->productdetails('FCPATH\\template', 'FCPATH\\assets', 'img', 'bg7.jpg')
11 SYSTEMPATH\CodeIgniter.php(482): CodeIgniter\CodeIgniter->runController(Object(App\Controllers\Home))
12 SYSTEMPATH\CodeIgniter.php(351): CodeIgniter\CodeIgniter->handleRequest(null, Object(Config\Cache), false)
13 FCPATH\index.php(67): CodeIgniter\CodeIgniter->run()
14 SYSTEMPATH\Commands\Server\rewrite.php(46): require_once('FCPATH\\index.php')
CRITICAL - 2023-06-21 02:07:40 --> Trying to access array offset on value of type null
in APPPATH\Views\home\productdetails.php on line 13.
 1 APPPATH\Views\home\productdetails.php(13): CodeIgniter\Debug\Exceptions->errorHandler(2, 'Trying to access array offset on value of type null', 'APPPATH\\Views\\home\\productdetails.php', 13)
 2 SYSTEMPATH\View\View.php(213): include('APPPATH\\Views\\home\\productdetails.php')
 3 SYSTEMPATH\View\View.php(216): CodeIgniter\View\View->CodeIgniter\View\{closure}()
 4 SYSTEMPATH\Common.php(1134): CodeIgniter\View\View->render('home/productdetails', [], true)
 5 APPPATH\Views\includes\template.php(2): view('home/productdetails')
 6 SYSTEMPATH\View\View.php(213): include('APPPATH\\Views\\includes\\template.php')
 7 SYSTEMPATH\View\View.php(216): CodeIgniter\View\View->CodeIgniter\View\{closure}()
 8 SYSTEMPATH\Common.php(1134): CodeIgniter\View\View->render('includes/template', [], true)
 9 APPPATH\Controllers\Home.php(109): view('includes/template', [...])
10 SYSTEMPATH\CodeIgniter.php(927): App\Controllers\Home->productdetails('FCPATH\\template', 'FCPATH\\assets', 'img', 'bg7.jpg')
11 SYSTEMPATH\CodeIgniter.php(482): CodeIgniter\CodeIgniter->runController(Object(App\Controllers\Home))
12 SYSTEMPATH\CodeIgniter.php(351): CodeIgniter\CodeIgniter->handleRequest(null, Object(Config\Cache), false)
13 FCPATH\index.php(67): CodeIgniter\CodeIgniter->run()
14 SYSTEMPATH\Commands\Server\rewrite.php(46): require_once('FCPATH\\index.php')
CRITICAL - 2023-06-21 02:17:07 --> Undefined array key "product_image"
in APPPATH\Views\home\productdetails.php on line 176.
 1 APPPATH\Views\home\productdetails.php(176): CodeIgniter\Debug\Exceptions->errorHandler(2, 'Undefined array key "product_image"', 'APPPATH\\Views\\home\\productdetails.php', 176)
 2 SYSTEMPATH\View\View.php(213): include('APPPATH\\Views\\home\\productdetails.php')
 3 SYSTEMPATH\View\View.php(216): CodeIgniter\View\View->CodeIgniter\View\{closure}()
 4 SYSTEMPATH\Common.php(1134): CodeIgniter\View\View->render('home/productdetails', [], true)
 5 APPPATH\Views\includes\template.php(2): view('home/productdetails')
 6 SYSTEMPATH\View\View.php(213): include('APPPATH\\Views\\includes\\template.php')
 7 SYSTEMPATH\View\View.php(216): CodeIgniter\View\View->CodeIgniter\View\{closure}()
 8 SYSTEMPATH\Common.php(1134): CodeIgniter\View\View->render('includes/template', [], true)
 9 APPPATH\Controllers\Home.php(109): view('includes/template', [...])
10 SYSTEMPATH\CodeIgniter.php(927): App\Controllers\Home->productdetails('6')
11 SYSTEMPATH\CodeIgniter.php(482): CodeIgniter\CodeIgniter->runController(Object(App\Controllers\Home))
12 SYSTEMPATH\CodeIgniter.php(351): CodeIgniter\CodeIgniter->handleRequest(null, Object(Config\Cache), false)
13 FCPATH\index.php(67): CodeIgniter\CodeIgniter->run()
14 SYSTEMPATH\Commands\Server\rewrite.php(46): require_once('FCPATH\\index.php')
CRITICAL - 2023-06-21 02:18:13 --> Undefined array key "item_price"
in APPPATH\Views\home\productdetails.php on line 190.
 1 APPPATH\Views\home\productdetails.php(190): CodeIgniter\Debug\Exceptions->errorHandler(2, 'Undefined array key "item_price"', 'APPPATH\\Views\\home\\productdetails.php', 190)
 2 SYSTEMPATH\View\View.php(213): include('APPPATH\\Views\\home\\productdetails.php')
 3 SYSTEMPATH\View\View.php(216): CodeIgniter\View\View->CodeIgniter\View\{closure}()
 4 SYSTEMPATH\Common.php(1134): CodeIgniter\View\View->render('home/productdetails', [], true)
 5 APPPATH\Views\includes\template.php(2): view('home/productdetails')
 6 SYSTEMPATH\View\View.php(213): include('APPPATH\\Views\\includes\\template.php')
 7 SYSTEMPATH\View\View.php(216): CodeIgniter\View\View->CodeIgniter\View\{closure}()
 8 SYSTEMPATH\Common.php(1134): CodeIgniter\View\View->render('includes/template', [], true)
 9 APPPATH\Controllers\Home.php(109): view('includes/template', [...])
10 SYSTEMPATH\CodeIgniter.php(927): App\Controllers\Home->productdetails('6')
11 SYSTEMPATH\CodeIgniter.php(482): CodeIgniter\CodeIgniter->runController(Object(App\Controllers\Home))
12 SYSTEMPATH\CodeIgniter.php(351): CodeIgniter\CodeIgniter->handleRequest(null, Object(Config\Cache), false)
13 FCPATH\index.php(67): CodeIgniter\CodeIgniter->run()
14 SYSTEMPATH\Commands\Server\rewrite.php(46): require_once('FCPATH\\index.php')
CRITICAL - 2023-06-21 02:28:40 --> Class "App\Controllers\POS_model" not found
in APPPATH\Controllers\Admin.php on line 184.
 1 SYSTEMPATH\CodeIgniter.php(927): App\Controllers\Admin->dashboard()
 2 SYSTEMPATH\CodeIgniter.php(482): CodeIgniter\CodeIgniter->runController(Object(App\Controllers\Admin))
 3 SYSTEMPATH\CodeIgniter.php(351): CodeIgniter\CodeIgniter->handleRequest(null, Object(Config\Cache), false)
 4 FCPATH\index.php(67): CodeIgniter\CodeIgniter->run()
 5 SYSTEMPATH\Commands\Server\rewrite.php(46): require_once('FCPATH\\index.php')
CRITICAL - 2023-06-21 02:29:35 --> Undefined variable $walkinsum
in APPPATH\Controllers\Admin.php on line 188.
 1 APPPATH\Controllers\Admin.php(188): CodeIgniter\Debug\Exceptions->errorHandler(2, 'Undefined variable $walkinsum', 'APPPATH\\Controllers\\Admin.php', 188)
 2 SYSTEMPATH\CodeIgniter.php(927): App\Controllers\Admin->dashboard()
 3 SYSTEMPATH\CodeIgniter.php(482): CodeIgniter\CodeIgniter->runController(Object(App\Controllers\Admin))
 4 SYSTEMPATH\CodeIgniter.php(351): CodeIgniter\CodeIgniter->handleRequest(null, Object(Config\Cache), false)
 5 FCPATH\index.php(67): CodeIgniter\CodeIgniter->run()
 6 SYSTEMPATH\Commands\Server\rewrite.php(46): require_once('FCPATH\\index.php')
CRITICAL - 2023-06-21 02:29:41 --> Undefined variable $sumwalkinthismonth
in APPPATH\Controllers\Admin.php on line 191.
 1 APPPATH\Controllers\Admin.php(191): CodeIgniter\Debug\Exceptions->errorHandler(2, 'Undefined variable $sumwalkinthismonth', 'APPPATH\\Controllers\\Admin.php', 191)
 2 SYSTEMPATH\CodeIgniter.php(927): App\Controllers\Admin->dashboard()
 3 SYSTEMPATH\CodeIgniter.php(482): CodeIgniter\CodeIgniter->runController(Object(App\Controllers\Admin))
 4 SYSTEMPATH\CodeIgniter.php(351): CodeIgniter\CodeIgniter->handleRequest(null, Object(Config\Cache), false)
 5 FCPATH\index.php(67): CodeIgniter\CodeIgniter->run()
 6 SYSTEMPATH\Commands\Server\rewrite.php(46): require_once('FCPATH\\index.php')
CRITICAL - 2023-06-21 02:29:44 --> Undefined variable $sales
in APPPATH\Controllers\Admin.php on line 377.
 1 APPPATH\Controllers\Admin.php(377): CodeIgniter\Debug\Exceptions->errorHandler(2, 'Undefined variable $sales', 'APPPATH\\Controllers\\Admin.php', 377)
 2 SYSTEMPATH\CodeIgniter.php(927): App\Controllers\Admin->dashboard()
 3 SYSTEMPATH\CodeIgniter.php(482): CodeIgniter\CodeIgniter->runController(Object(App\Controllers\Admin))
 4 SYSTEMPATH\CodeIgniter.php(351): CodeIgniter\CodeIgniter->handleRequest(null, Object(Config\Cache), false)
 5 FCPATH\index.php(67): CodeIgniter\CodeIgniter->run()
 6 SYSTEMPATH\Commands\Server\rewrite.php(46): require_once('FCPATH\\index.php')
CRITICAL - 2023-06-21 02:29:52 --> Undefined variable $salesthismonth
in APPPATH\Controllers\Admin.php on line 377.
 1 APPPATH\Controllers\Admin.php(377): CodeIgniter\Debug\Exceptions->errorHandler(2, 'Undefined variable $salesthismonth', 'APPPATH\\Controllers\\Admin.php', 377)
 2 SYSTEMPATH\CodeIgniter.php(927): App\Controllers\Admin->dashboard()
 3 SYSTEMPATH\CodeIgniter.php(482): CodeIgniter\CodeIgniter->runController(Object(App\Controllers\Admin))
 4 SYSTEMPATH\CodeIgniter.php(351): CodeIgniter\CodeIgniter->handleRequest(null, Object(Config\Cache), false)
 5 FCPATH\index.php(67): CodeIgniter\CodeIgniter->run()
 6 SYSTEMPATH\Commands\Server\rewrite.php(46): require_once('FCPATH\\index.php')
CRITICAL - 2023-06-21 02:29:53 --> Undefined variable $salesthismonth
in APPPATH\Controllers\Admin.php on line 377.
 1 APPPATH\Controllers\Admin.php(377): CodeIgniter\Debug\Exceptions->errorHandler(2, 'Undefined variable $salesthismonth', 'APPPATH\\Controllers\\Admin.php', 377)
 2 SYSTEMPATH\CodeIgniter.php(927): App\Controllers\Admin->dashboard()
 3 SYSTEMPATH\CodeIgniter.php(482): CodeIgniter\CodeIgniter->runController(Object(App\Controllers\Admin))
 4 SYSTEMPATH\CodeIgniter.php(351): CodeIgniter\CodeIgniter->handleRequest(null, Object(Config\Cache), false)
 5 FCPATH\index.php(67): CodeIgniter\CodeIgniter->run()
 6 SYSTEMPATH\Commands\Server\rewrite.php(46): require_once('FCPATH\\index.php')
CRITICAL - 2023-06-21 02:29:57 --> Undefined variable $sales
in APPPATH\Views\admin\dashboard.php on line 378.
 1 APPPATH\Views\admin\dashboard.php(378): CodeIgniter\Debug\Exceptions->errorHandler(2, 'Undefined variable $sales', 'APPPATH\\Views\\admin\\dashboard.php', 378)
 2 SYSTEMPATH\View\View.php(213): include('APPPATH\\Views\\admin\\dashboard.php')
 3 SYSTEMPATH\View\View.php(216): CodeIgniter\View\View->CodeIgniter\View\{closure}()
 4 SYSTEMPATH\Common.php(1134): CodeIgniter\View\View->render('admin/dashboard', [], true)
 5 APPPATH\Controllers\Admin.php(382): view('admin/dashboard', [...])
 6 SYSTEMPATH\CodeIgniter.php(927): App\Controllers\Admin->dashboard()
 7 SYSTEMPATH\CodeIgniter.php(482): CodeIgniter\CodeIgniter->runController(Object(App\Controllers\Admin))
 8 SYSTEMPATH\CodeIgniter.php(351): CodeIgniter\CodeIgniter->handleRequest(null, Object(Config\Cache), false)
 9 FCPATH\index.php(67): CodeIgniter\CodeIgniter->run()
10 SYSTEMPATH\Commands\Server\rewrite.php(46): require_once('FCPATH\\index.php')
CRITICAL - 2023-06-21 02:30:18 --> Undefined variable $salesthismonth
in APPPATH\Views\admin\dashboard.php on line 453.
 1 APPPATH\Views\admin\dashboard.php(453): CodeIgniter\Debug\Exceptions->errorHandler(2, 'Undefined variable $salesthismonth', 'APPPATH\\Views\\admin\\dashboard.php', 453)
 2 SYSTEMPATH\View\View.php(213): include('APPPATH\\Views\\admin\\dashboard.php')
 3 SYSTEMPATH\View\View.php(216): CodeIgniter\View\View->CodeIgniter\View\{closure}()
 4 SYSTEMPATH\Common.php(1134): CodeIgniter\View\View->render('admin/dashboard', [], true)
 5 APPPATH\Controllers\Admin.php(382): view('admin/dashboard', [...])
 6 SYSTEMPATH\CodeIgniter.php(927): App\Controllers\Admin->dashboard()
 7 SYSTEMPATH\CodeIgniter.php(482): CodeIgniter\CodeIgniter->runController(Object(App\Controllers\Admin))
 8 SYSTEMPATH\CodeIgniter.php(351): CodeIgniter\CodeIgniter->handleRequest(null, Object(Config\Cache), false)
 9 FCPATH\index.php(67): CodeIgniter\CodeIgniter->run()
10 SYSTEMPATH\Commands\Server\rewrite.php(46): require_once('FCPATH\\index.php')
CRITICAL - 2023-06-21 03:04:37 --> Cannot access offset of type string on string
in APPPATH\Views\home\productdetails.php on line 177.
 1 SYSTEMPATH\View\View.php(213): include()
 2 SYSTEMPATH\View\View.php(216): CodeIgniter\View\View->CodeIgniter\View\{closure}()
 3 SYSTEMPATH\Common.php(1134): CodeIgniter\View\View->render('home/productdetails', [], true)
 4 APPPATH\Views\includes\template.php(2): view('home/productdetails')
 5 SYSTEMPATH\View\View.php(213): include('APPPATH\\Views\\includes\\template.php')
 6 SYSTEMPATH\View\View.php(216): CodeIgniter\View\View->CodeIgniter\View\{closure}()
 7 SYSTEMPATH\Common.php(1134): CodeIgniter\View\View->render('includes/template', [], true)
 8 APPPATH\Controllers\Home.php(109): view('includes/template', [...])
 9 SYSTEMPATH\CodeIgniter.php(927): App\Controllers\Home->productdetails('4')
10 SYSTEMPATH\CodeIgniter.php(482): CodeIgniter\CodeIgniter->runController(Object(App\Controllers\Home))
11 SYSTEMPATH\CodeIgniter.php(351): CodeIgniter\CodeIgniter->handleRequest(null, Object(Config\Cache), false)
12 FCPATH\index.php(67): CodeIgniter\CodeIgniter->run()
13 SYSTEMPATH\Commands\Server\rewrite.php(46): require_once('FCPATH\\index.php')
CRITICAL - 2023-06-21 03:06:28 --> Trying to access array offset on value of type null
in APPPATH\Views\home\productdetails.php on line 13.
 1 APPPATH\Views\home\productdetails.php(13): CodeIgniter\Debug\Exceptions->errorHandler(2, 'Trying to access array offset on value of type null', 'APPPATH\\Views\\home\\productdetails.php', 13)
 2 SYSTEMPATH\View\View.php(213): include('APPPATH\\Views\\home\\productdetails.php')
 3 SYSTEMPATH\View\View.php(216): CodeIgniter\View\View->CodeIgniter\View\{closure}()
 4 SYSTEMPATH\Common.php(1134): CodeIgniter\View\View->render('home/productdetails', [], true)
 5 APPPATH\Views\includes\template.php(2): view('home/productdetails')
 6 SYSTEMPATH\View\View.php(213): include('APPPATH\\Views\\includes\\template.php')
 7 SYSTEMPATH\View\View.php(216): CodeIgniter\View\View->CodeIgniter\View\{closure}()
 8 SYSTEMPATH\Common.php(1134): CodeIgniter\View\View->render('includes/template', [], true)
 9 APPPATH\Controllers\Home.php(109): view('includes/template', [...])
10 SYSTEMPATH\CodeIgniter.php(927): App\Controllers\Home->productdetails('0')
11 SYSTEMPATH\CodeIgniter.php(482): CodeIgniter\CodeIgniter->runController(Object(App\Controllers\Home))
12 SYSTEMPATH\CodeIgniter.php(351): CodeIgniter\CodeIgniter->handleRequest(null, Object(Config\Cache), false)
13 FCPATH\index.php(67): CodeIgniter\CodeIgniter->run()
14 SYSTEMPATH\Commands\Server\rewrite.php(46): require_once('FCPATH\\index.php')
CRITICAL - 2023-06-21 03:06:35 --> Trying to access array offset on value of type null
in APPPATH\Views\home\productdetails.php on line 13.
 1 APPPATH\Views\home\productdetails.php(13): CodeIgniter\Debug\Exceptions->errorHandler(2, 'Trying to access array offset on value of type null', 'APPPATH\\Views\\home\\productdetails.php', 13)
 2 SYSTEMPATH\View\View.php(213): include('APPPATH\\Views\\home\\productdetails.php')
 3 SYSTEMPATH\View\View.php(216): CodeIgniter\View\View->CodeIgniter\View\{closure}()
 4 SYSTEMPATH\Common.php(1134): CodeIgniter\View\View->render('home/productdetails', [], true)
 5 APPPATH\Views\includes\template.php(2): view('home/productdetails')
 6 SYSTEMPATH\View\View.php(213): include('APPPATH\\Views\\includes\\template.php')
 7 SYSTEMPATH\View\View.php(216): CodeIgniter\View\View->CodeIgniter\View\{closure}()
 8 SYSTEMPATH\Common.php(1134): CodeIgniter\View\View->render('includes/template', [], true)
 9 APPPATH\Controllers\Home.php(109): view('includes/template', [...])
10 SYSTEMPATH\CodeIgniter.php(927): App\Controllers\Home->productdetails('0')
11 SYSTEMPATH\CodeIgniter.php(482): CodeIgniter\CodeIgniter->runController(Object(App\Controllers\Home))
12 SYSTEMPATH\CodeIgniter.php(351): CodeIgniter\CodeIgniter->handleRequest(null, Object(Config\Cache), false)
13 FCPATH\index.php(67): CodeIgniter\CodeIgniter->run()
14 SYSTEMPATH\Commands\Server\rewrite.php(46): require_once('FCPATH\\index.php')
CRITICAL - 2023-06-21 03:06:55 --> Trying to access array offset on value of type null
in APPPATH\Views\home\productdetails.php on line 13.
 1 APPPATH\Views\home\productdetails.php(13): CodeIgniter\Debug\Exceptions->errorHandler(2, 'Trying to access array offset on value of type null', 'APPPATH\\Views\\home\\productdetails.php', 13)
 2 SYSTEMPATH\View\View.php(213): include('APPPATH\\Views\\home\\productdetails.php')
 3 SYSTEMPATH\View\View.php(216): CodeIgniter\View\View->CodeIgniter\View\{closure}()
 4 SYSTEMPATH\Common.php(1134): CodeIgniter\View\View->render('home/productdetails', [], true)
 5 APPPATH\Views\includes\template.php(2): view('home/productdetails')
 6 SYSTEMPATH\View\View.php(213): include('APPPATH\\Views\\includes\\template.php')
 7 SYSTEMPATH\View\View.php(216): CodeIgniter\View\View->CodeIgniter\View\{closure}()
 8 SYSTEMPATH\Common.php(1134): CodeIgniter\View\View->render('includes/template', [], true)
 9 APPPATH\Controllers\Home.php(109): view('includes/template', [...])
10 SYSTEMPATH\CodeIgniter.php(927): App\Controllers\Home->productdetails('0')
11 SYSTEMPATH\CodeIgniter.php(482): CodeIgniter\CodeIgniter->runController(Object(App\Controllers\Home))
12 SYSTEMPATH\CodeIgniter.php(351): CodeIgniter\CodeIgniter->handleRequest(null, Object(Config\Cache), false)
13 FCPATH\index.php(67): CodeIgniter\CodeIgniter->run()
14 SYSTEMPATH\Commands\Server\rewrite.php(46): require_once('FCPATH\\index.php')
CRITICAL - 2023-06-21 03:07:45 --> Trying to access array offset on value of type null
in APPPATH\Views\home\productdetails.php on line 13.
 1 APPPATH\Views\home\productdetails.php(13): CodeIgniter\Debug\Exceptions->errorHandler(2, 'Trying to access array offset on value of type null', 'APPPATH\\Views\\home\\productdetails.php', 13)
 2 SYSTEMPATH\View\View.php(213): include('APPPATH\\Views\\home\\productdetails.php')
 3 SYSTEMPATH\View\View.php(216): CodeIgniter\View\View->CodeIgniter\View\{closure}()
 4 SYSTEMPATH\Common.php(1134): CodeIgniter\View\View->render('home/productdetails', [], true)
 5 APPPATH\Views\includes\template.php(2): view('home/productdetails')
 6 SYSTEMPATH\View\View.php(213): include('APPPATH\\Views\\includes\\template.php')
 7 SYSTEMPATH\View\View.php(216): CodeIgniter\View\View->CodeIgniter\View\{closure}()
 8 SYSTEMPATH\Common.php(1134): CodeIgniter\View\View->render('includes/template', [], true)
 9 APPPATH\Controllers\Home.php(109): view('includes/template', [...])
10 SYSTEMPATH\CodeIgniter.php(927): App\Controllers\Home->productdetails('0')
11 SYSTEMPATH\CodeIgniter.php(482): CodeIgniter\CodeIgniter->runController(Object(App\Controllers\Home))
12 SYSTEMPATH\CodeIgniter.php(351): CodeIgniter\CodeIgniter->handleRequest(null, Object(Config\Cache), false)
13 FCPATH\index.php(67): CodeIgniter\CodeIgniter->run()
14 SYSTEMPATH\Commands\Server\rewrite.php(46): require_once('FCPATH\\index.php')
CRITICAL - 2023-06-21 03:07:49 --> Trying to access array offset on value of type null
in APPPATH\Views\home\productdetails.php on line 13.
 1 APPPATH\Views\home\productdetails.php(13): CodeIgniter\Debug\Exceptions->errorHandler(2, 'Trying to access array offset on value of type null', 'APPPATH\\Views\\home\\productdetails.php', 13)
 2 SYSTEMPATH\View\View.php(213): include('APPPATH\\Views\\home\\productdetails.php')
 3 SYSTEMPATH\View\View.php(216): CodeIgniter\View\View->CodeIgniter\View\{closure}()
 4 SYSTEMPATH\Common.php(1134): CodeIgniter\View\View->render('home/productdetails', [], true)
 5 APPPATH\Views\includes\template.php(2): view('home/productdetails')
 6 SYSTEMPATH\View\View.php(213): include('APPPATH\\Views\\includes\\template.php')
 7 SYSTEMPATH\View\View.php(216): CodeIgniter\View\View->CodeIgniter\View\{closure}()
 8 SYSTEMPATH\Common.php(1134): CodeIgniter\View\View->render('includes/template', [], true)
 9 APPPATH\Controllers\Home.php(109): view('includes/template', [...])
10 SYSTEMPATH\CodeIgniter.php(927): App\Controllers\Home->productdetails('0')
11 SYSTEMPATH\CodeIgniter.php(482): CodeIgniter\CodeIgniter->runController(Object(App\Controllers\Home))
12 SYSTEMPATH\CodeIgniter.php(351): CodeIgniter\CodeIgniter->handleRequest(null, Object(Config\Cache), false)
13 FCPATH\index.php(67): CodeIgniter\CodeIgniter->run()
14 SYSTEMPATH\Commands\Server\rewrite.php(46): require_once('FCPATH\\index.php')
CRITICAL - 2023-06-21 03:08:40 --> Trying to access array offset on value of type null
in APPPATH\Views\home\productdetails.php on line 13.
 1 APPPATH\Views\home\productdetails.php(13): CodeIgniter\Debug\Exceptions->errorHandler(2, 'Trying to access array offset on value of type null', 'APPPATH\\Views\\home\\productdetails.php', 13)
 2 SYSTEMPATH\View\View.php(213): include('APPPATH\\Views\\home\\productdetails.php')
 3 SYSTEMPATH\View\View.php(216): CodeIgniter\View\View->CodeIgniter\View\{closure}()
 4 SYSTEMPATH\Common.php(1134): CodeIgniter\View\View->render('home/productdetails', [], true)
 5 APPPATH\Views\includes\template.php(2): view('home/productdetails')
 6 SYSTEMPATH\View\View.php(213): include('APPPATH\\Views\\includes\\template.php')
 7 SYSTEMPATH\View\View.php(216): CodeIgniter\View\View->CodeIgniter\View\{closure}()
 8 SYSTEMPATH\Common.php(1134): CodeIgniter\View\View->render('includes/template', [], true)
 9 APPPATH\Controllers\Home.php(109): view('includes/template', [...])
10 SYSTEMPATH\CodeIgniter.php(927): App\Controllers\Home->productdetails('0')
11 SYSTEMPATH\CodeIgniter.php(482): CodeIgniter\CodeIgniter->runController(Object(App\Controllers\Home))
12 SYSTEMPATH\CodeIgniter.php(351): CodeIgniter\CodeIgniter->handleRequest(null, Object(Config\Cache), false)
13 FCPATH\index.php(67): CodeIgniter\CodeIgniter->run()
14 SYSTEMPATH\Commands\Server\rewrite.php(46): require_once('FCPATH\\index.php')
CRITICAL - 2023-06-21 03:09:17 --> Trying to access array offset on value of type null
in APPPATH\Views\home\productdetails.php on line 13.
 1 APPPATH\Views\home\productdetails.php(13): CodeIgniter\Debug\Exceptions->errorHandler(2, 'Trying to access array offset on value of type null', 'APPPATH\\Views\\home\\productdetails.php', 13)
 2 SYSTEMPATH\View\View.php(213): include('APPPATH\\Views\\home\\productdetails.php')
 3 SYSTEMPATH\View\View.php(216): CodeIgniter\View\View->CodeIgniter\View\{closure}()
 4 SYSTEMPATH\Common.php(1134): CodeIgniter\View\View->render('home/productdetails', [], true)
 5 APPPATH\Views\includes\template.php(2): view('home/productdetails')
 6 SYSTEMPATH\View\View.php(213): include('APPPATH\\Views\\includes\\template.php')
 7 SYSTEMPATH\View\View.php(216): CodeIgniter\View\View->CodeIgniter\View\{closure}()
 8 SYSTEMPATH\Common.php(1134): CodeIgniter\View\View->render('includes/template', [], true)
 9 APPPATH\Controllers\Home.php(109): view('includes/template', [...])
10 SYSTEMPATH\CodeIgniter.php(927): App\Controllers\Home->productdetails('0')
11 SYSTEMPATH\CodeIgniter.php(482): CodeIgniter\CodeIgniter->runController(Object(App\Controllers\Home))
12 SYSTEMPATH\CodeIgniter.php(351): CodeIgniter\CodeIgniter->handleRequest(null, Object(Config\Cache), false)
13 FCPATH\index.php(67): CodeIgniter\CodeIgniter->run()
14 SYSTEMPATH\Commands\Server\rewrite.php(46): require_once('FCPATH\\index.php')
CRITICAL - 2023-06-21 03:09:21 --> Trying to access array offset on value of type null
in APPPATH\Views\home\productdetails.php on line 13.
 1 APPPATH\Views\home\productdetails.php(13): CodeIgniter\Debug\Exceptions->errorHandler(2, 'Trying to access array offset on value of type null', 'APPPATH\\Views\\home\\productdetails.php', 13)
 2 SYSTEMPATH\View\View.php(213): include('APPPATH\\Views\\home\\productdetails.php')
 3 SYSTEMPATH\View\View.php(216): CodeIgniter\View\View->CodeIgniter\View\{closure}()
 4 SYSTEMPATH\Common.php(1134): CodeIgniter\View\View->render('home/productdetails', [], true)
 5 APPPATH\Views\includes\template.php(2): view('home/productdetails')
 6 SYSTEMPATH\View\View.php(213): include('APPPATH\\Views\\includes\\template.php')
 7 SYSTEMPATH\View\View.php(216): CodeIgniter\View\View->CodeIgniter\View\{closure}()
 8 SYSTEMPATH\Common.php(1134): CodeIgniter\View\View->render('includes/template', [], true)
 9 APPPATH\Controllers\Home.php(109): view('includes/template', [...])
10 SYSTEMPATH\CodeIgniter.php(927): App\Controllers\Home->productdetails('0')
11 SYSTEMPATH\CodeIgniter.php(482): CodeIgniter\CodeIgniter->runController(Object(App\Controllers\Home))
12 SYSTEMPATH\CodeIgniter.php(351): CodeIgniter\CodeIgniter->handleRequest(null, Object(Config\Cache), false)
13 FCPATH\index.php(67): CodeIgniter\CodeIgniter->run()
14 SYSTEMPATH\Commands\Server\rewrite.php(46): require_once('FCPATH\\index.php')
CRITICAL - 2023-06-21 03:11:38 --> Trying to access array offset on value of type null
in APPPATH\Views\home\productdetails.php on line 13.
 1 APPPATH\Views\home\productdetails.php(13): CodeIgniter\Debug\Exceptions->errorHandler(2, 'Trying to access array offset on value of type null', 'APPPATH\\Views\\home\\productdetails.php', 13)
 2 SYSTEMPATH\View\View.php(213): include('APPPATH\\Views\\home\\productdetails.php')
 3 SYSTEMPATH\View\View.php(216): CodeIgniter\View\View->CodeIgniter\View\{closure}()
 4 SYSTEMPATH\Common.php(1134): CodeIgniter\View\View->render('home/productdetails', [], true)
 5 APPPATH\Views\includes\template.php(2): view('home/productdetails')
 6 SYSTEMPATH\View\View.php(213): include('APPPATH\\Views\\includes\\template.php')
 7 SYSTEMPATH\View\View.php(216): CodeIgniter\View\View->CodeIgniter\View\{closure}()
 8 SYSTEMPATH\Common.php(1134): CodeIgniter\View\View->render('includes/template', [], true)
 9 APPPATH\Controllers\Home.php(109): view('includes/template', [...])
10 SYSTEMPATH\CodeIgniter.php(927): App\Controllers\Home->productdetails('0')
11 SYSTEMPATH\CodeIgniter.php(482): CodeIgniter\CodeIgniter->runController(Object(App\Controllers\Home))
12 SYSTEMPATH\CodeIgniter.php(351): CodeIgniter\CodeIgniter->handleRequest(null, Object(Config\Cache), false)
13 FCPATH\index.php(67): CodeIgniter\CodeIgniter->run()
14 SYSTEMPATH\Commands\Server\rewrite.php(46): require_once('FCPATH\\index.php')
CRITICAL - 2023-06-21 03:15:26 --> Undefined variable $monthpos
in APPPATH\Views\admin\dashboard.php on line 816.
 1 APPPATH\Views\admin\dashboard.php(816): CodeIgniter\Debug\Exceptions->errorHandler(2, 'Undefined variable $monthpos', 'APPPATH\\Views\\admin\\dashboard.php', 816)
 2 SYSTEMPATH\View\View.php(213): include('APPPATH\\Views\\admin\\dashboard.php')
 3 SYSTEMPATH\View\View.php(216): CodeIgniter\View\View->CodeIgniter\View\{closure}()
 4 SYSTEMPATH\Common.php(1134): CodeIgniter\View\View->render('admin/dashboard', [], true)
 5 APPPATH\Controllers\Admin.php(384): view('admin/dashboard', [...])
 6 SYSTEMPATH\CodeIgniter.php(927): App\Controllers\Admin->dashboard()
 7 SYSTEMPATH\CodeIgniter.php(482): CodeIgniter\CodeIgniter->runController(Object(App\Controllers\Admin))
 8 SYSTEMPATH\CodeIgniter.php(351): CodeIgniter\CodeIgniter->handleRequest(null, Object(Config\Cache), false)
 9 FCPATH\index.php(67): CodeIgniter\CodeIgniter->run()
10 SYSTEMPATH\Commands\Server\rewrite.php(46): require_once('FCPATH\\index.php')
CRITICAL - 2023-06-21 03:15:42 --> Trying to access array offset on value of type null
in APPPATH\Views\home\productdetails.php on line 13.
 1 APPPATH\Views\home\productdetails.php(13): CodeIgniter\Debug\Exceptions->errorHandler(2, 'Trying to access array offset on value of type null', 'APPPATH\\Views\\home\\productdetails.php', 13)
 2 SYSTEMPATH\View\View.php(213): include('APPPATH\\Views\\home\\productdetails.php')
 3 SYSTEMPATH\View\View.php(216): CodeIgniter\View\View->CodeIgniter\View\{closure}()
 4 SYSTEMPATH\Common.php(1134): CodeIgniter\View\View->render('home/productdetails', [], true)
 5 APPPATH\Views\includes\template.php(2): view('home/productdetails')
 6 SYSTEMPATH\View\View.php(213): include('APPPATH\\Views\\includes\\template.php')
 7 SYSTEMPATH\View\View.php(216): CodeIgniter\View\View->CodeIgniter\View\{closure}()
 8 SYSTEMPATH\Common.php(1134): CodeIgniter\View\View->render('includes/template', [], true)
 9 APPPATH\Controllers\Home.php(109): view('includes/template', [...])
10 SYSTEMPATH\CodeIgniter.php(927): App\Controllers\Home->productdetails('1')
11 SYSTEMPATH\CodeIgniter.php(482): CodeIgniter\CodeIgniter->runController(Object(App\Controllers\Home))
12 SYSTEMPATH\CodeIgniter.php(351): CodeIgniter\CodeIgniter->handleRequest(null, Object(Config\Cache), false)
13 FCPATH\index.php(67): CodeIgniter\CodeIgniter->run()
14 SYSTEMPATH\Commands\Server\rewrite.php(46): require_once('FCPATH\\index.php')
CRITICAL - 2023-06-21 03:16:32 --> Trying to access array offset on value of type null
in APPPATH\Views\home\productdetails.php on line 13.
 1 APPPATH\Views\home\productdetails.php(13): CodeIgniter\Debug\Exceptions->errorHandler(2, 'Trying to access array offset on value of type null', 'APPPATH\\Views\\home\\productdetails.php', 13)
 2 SYSTEMPATH\View\View.php(213): include('APPPATH\\Views\\home\\productdetails.php')
 3 SYSTEMPATH\View\View.php(216): CodeIgniter\View\View->CodeIgniter\View\{closure}()
 4 SYSTEMPATH\Common.php(1134): CodeIgniter\View\View->render('home/productdetails', [], true)
 5 APPPATH\Views\includes\template.php(2): view('home/productdetails')
 6 SYSTEMPATH\View\View.php(213): include('APPPATH\\Views\\includes\\template.php')
 7 SYSTEMPATH\View\View.php(216): CodeIgniter\View\View->CodeIgniter\View\{closure}()
 8 SYSTEMPATH\Common.php(1134): CodeIgniter\View\View->render('includes/template', [], true)
 9 APPPATH\Controllers\Home.php(109): view('includes/template', [...])
10 SYSTEMPATH\CodeIgniter.php(927): App\Controllers\Home->productdetails('1')
11 SYSTEMPATH\CodeIgniter.php(482): CodeIgniter\CodeIgniter->runController(Object(App\Controllers\Home))
12 SYSTEMPATH\CodeIgniter.php(351): CodeIgniter\CodeIgniter->handleRequest(null, Object(Config\Cache), false)
13 FCPATH\index.php(67): CodeIgniter\CodeIgniter->run()
14 SYSTEMPATH\Commands\Server\rewrite.php(46): require_once('FCPATH\\index.php')
CRITICAL - 2023-06-21 03:16:40 --> Undefined array key "product_id"
in APPPATH\Views\home\productdetails.php on line 178.
 1 APPPATH\Views\home\productdetails.php(178): CodeIgniter\Debug\Exceptions->errorHandler(2, 'Undefined array key "product_id"', 'APPPATH\\Views\\home\\productdetails.php', 178)
 2 SYSTEMPATH\View\View.php(213): include('APPPATH\\Views\\home\\productdetails.php')
 3 SYSTEMPATH\View\View.php(216): CodeIgniter\View\View->CodeIgniter\View\{closure}()
 4 SYSTEMPATH\Common.php(1134): CodeIgniter\View\View->render('home/productdetails', [], true)
 5 APPPATH\Views\includes\template.php(2): view('home/productdetails')
 6 SYSTEMPATH\View\View.php(213): include('APPPATH\\Views\\includes\\template.php')
 7 SYSTEMPATH\View\View.php(216): CodeIgniter\View\View->CodeIgniter\View\{closure}()
 8 SYSTEMPATH\Common.php(1134): CodeIgniter\View\View->render('includes/template', [], true)
 9 APPPATH\Controllers\Home.php(109): view('includes/template', [...])
10 SYSTEMPATH\CodeIgniter.php(927): App\Controllers\Home->productdetails('4')
11 SYSTEMPATH\CodeIgniter.php(482): CodeIgniter\CodeIgniter->runController(Object(App\Controllers\Home))
12 SYSTEMPATH\CodeIgniter.php(351): CodeIgniter\CodeIgniter->handleRequest(null, Object(Config\Cache), false)
13 FCPATH\index.php(67): CodeIgniter\CodeIgniter->run()
14 SYSTEMPATH\Commands\Server\rewrite.php(46): require_once('FCPATH\\index.php')
CRITICAL - 2023-06-21 03:16:57 --> Trying to access array offset on value of type null
in APPPATH\Views\home\productdetails.php on line 13.
 1 APPPATH\Views\home\productdetails.php(13): CodeIgniter\Debug\Exceptions->errorHandler(2, 'Trying to access array offset on value of type null', 'APPPATH\\Views\\home\\productdetails.php', 13)
 2 SYSTEMPATH\View\View.php(213): include('APPPATH\\Views\\home\\productdetails.php')
 3 SYSTEMPATH\View\View.php(216): CodeIgniter\View\View->CodeIgniter\View\{closure}()
 4 SYSTEMPATH\Common.php(1134): CodeIgniter\View\View->render('home/productdetails', [], true)
 5 APPPATH\Views\includes\template.php(2): view('home/productdetails')
 6 SYSTEMPATH\View\View.php(213): include('APPPATH\\Views\\includes\\template.php')
 7 SYSTEMPATH\View\View.php(216): CodeIgniter\View\View->CodeIgniter\View\{closure}()
 8 SYSTEMPATH\Common.php(1134): CodeIgniter\View\View->render('includes/template', [], true)
 9 APPPATH\Controllers\Home.php(109): view('includes/template', [...])
10 SYSTEMPATH\CodeIgniter.php(927): App\Controllers\Home->productdetails('1')
11 SYSTEMPATH\CodeIgniter.php(482): CodeIgniter\CodeIgniter->runController(Object(App\Controllers\Home))
12 SYSTEMPATH\CodeIgniter.php(351): CodeIgniter\CodeIgniter->handleRequest(null, Object(Config\Cache), false)
13 FCPATH\index.php(67): CodeIgniter\CodeIgniter->run()
14 SYSTEMPATH\Commands\Server\rewrite.php(46): require_once('FCPATH\\index.php')
CRITICAL - 2023-06-21 03:31:01 --> Undefined variable $monthpos
in APPPATH\Views\admin\dashboard.php on line 816.
 1 APPPATH\Views\admin\dashboard.php(816): CodeIgniter\Debug\Exceptions->errorHandler(2, 'Undefined variable $monthpos', 'APPPATH\\Views\\admin\\dashboard.php', 816)
 2 SYSTEMPATH\View\View.php(213): include('APPPATH\\Views\\admin\\dashboard.php')
 3 SYSTEMPATH\View\View.php(216): CodeIgniter\View\View->CodeIgniter\View\{closure}()
 4 SYSTEMPATH\Common.php(1134): CodeIgniter\View\View->render('admin/dashboard', [], true)
 5 APPPATH\Controllers\Admin.php(383): view('admin/dashboard', [...])
 6 SYSTEMPATH\CodeIgniter.php(927): App\Controllers\Admin->dashboard()
 7 SYSTEMPATH\CodeIgniter.php(482): CodeIgniter\CodeIgniter->runController(Object(App\Controllers\Admin))
 8 SYSTEMPATH\CodeIgniter.php(351): CodeIgniter\CodeIgniter->handleRequest(null, Object(Config\Cache), false)
 9 FCPATH\index.php(67): CodeIgniter\CodeIgniter->run()
10 SYSTEMPATH\Commands\Server\rewrite.php(46): require_once('FCPATH\\index.php')
CRITICAL - 2023-06-21 03:31:10 --> Undefined variable $monthpos
in APPPATH\Views\admin\dashboard.php on line 816.
 1 APPPATH\Views\admin\dashboard.php(816): CodeIgniter\Debug\Exceptions->errorHandler(2, 'Undefined variable $monthpos', 'APPPATH\\Views\\admin\\dashboard.php', 816)
 2 SYSTEMPATH\View\View.php(213): include('APPPATH\\Views\\admin\\dashboard.php')
 3 SYSTEMPATH\View\View.php(216): CodeIgniter\View\View->CodeIgniter\View\{closure}()
 4 SYSTEMPATH\Common.php(1134): CodeIgniter\View\View->render('admin/dashboard', [], true)
 5 APPPATH\Controllers\Admin.php(383): view('admin/dashboard', [...])
 6 SYSTEMPATH\CodeIgniter.php(927): App\Controllers\Admin->dashboard()
 7 SYSTEMPATH\CodeIgniter.php(482): CodeIgniter\CodeIgniter->runController(Object(App\Controllers\Admin))
 8 SYSTEMPATH\CodeIgniter.php(351): CodeIgniter\CodeIgniter->handleRequest(null, Object(Config\Cache), false)
 9 FCPATH\index.php(67): CodeIgniter\CodeIgniter->run()
10 SYSTEMPATH\Commands\Server\rewrite.php(46): require_once('FCPATH\\index.php')
CRITICAL - 2023-06-21 03:31:26 --> Undefined variable $monthpos
in APPPATH\Views\admin\dashboard.php on line 816.
 1 APPPATH\Views\admin\dashboard.php(816): CodeIgniter\Debug\Exceptions->errorHandler(2, 'Undefined variable $monthpos', 'APPPATH\\Views\\admin\\dashboard.php', 816)
 2 SYSTEMPATH\View\View.php(213): include('APPPATH\\Views\\admin\\dashboard.php')
 3 SYSTEMPATH\View\View.php(216): CodeIgniter\View\View->CodeIgniter\View\{closure}()
 4 SYSTEMPATH\Common.php(1134): CodeIgniter\View\View->render('admin/dashboard', [], true)
 5 APPPATH\Controllers\Admin.php(383): view('admin/dashboard', [...])
 6 SYSTEMPATH\CodeIgniter.php(927): App\Controllers\Admin->dashboard()
 7 SYSTEMPATH\CodeIgniter.php(482): CodeIgniter\CodeIgniter->runController(Object(App\Controllers\Admin))
 8 SYSTEMPATH\CodeIgniter.php(351): CodeIgniter\CodeIgniter->handleRequest(null, Object(Config\Cache), false)
 9 FCPATH\index.php(67): CodeIgniter\CodeIgniter->run()
10 SYSTEMPATH\Commands\Server\rewrite.php(46): require_once('FCPATH\\index.php')
CRITICAL - 2023-06-21 03:31:27 --> Undefined variable $monthpos
in APPPATH\Views\admin\dashboard.php on line 816.
 1 APPPATH\Views\admin\dashboard.php(816): CodeIgniter\Debug\Exceptions->errorHandler(2, 'Undefined variable $monthpos', 'APPPATH\\Views\\admin\\dashboard.php', 816)
 2 SYSTEMPATH\View\View.php(213): include('APPPATH\\Views\\admin\\dashboard.php')
 3 SYSTEMPATH\View\View.php(216): CodeIgniter\View\View->CodeIgniter\View\{closure}()
 4 SYSTEMPATH\Common.php(1134): CodeIgniter\View\View->render('admin/dashboard', [], true)
 5 APPPATH\Controllers\Admin.php(383): view('admin/dashboard', [...])
 6 SYSTEMPATH\CodeIgniter.php(927): App\Controllers\Admin->dashboard()
 7 SYSTEMPATH\CodeIgniter.php(482): CodeIgniter\CodeIgniter->runController(Object(App\Controllers\Admin))
 8 SYSTEMPATH\CodeIgniter.php(351): CodeIgniter\CodeIgniter->handleRequest(null, Object(Config\Cache), false)
 9 FCPATH\index.php(67): CodeIgniter\CodeIgniter->run()
10 SYSTEMPATH\Commands\Server\rewrite.php(46): require_once('FCPATH\\index.php')
CRITICAL - 2023-06-21 03:31:35 --> Undefined variable $monthpos
in APPPATH\Views\admin\dashboard.php on line 816.
 1 APPPATH\Views\admin\dashboard.php(816): CodeIgniter\Debug\Exceptions->errorHandler(2, 'Undefined variable $monthpos', 'APPPATH\\Views\\admin\\dashboard.php', 816)
 2 SYSTEMPATH\View\View.php(213): include('APPPATH\\Views\\admin\\dashboard.php')
 3 SYSTEMPATH\View\View.php(216): CodeIgniter\View\View->CodeIgniter\View\{closure}()
 4 SYSTEMPATH\Common.php(1134): CodeIgniter\View\View->render('admin/dashboard', [], true)
 5 APPPATH\Controllers\Admin.php(383): view('admin/dashboard', [...])
 6 SYSTEMPATH\CodeIgniter.php(927): App\Controllers\Admin->dashboard()
 7 SYSTEMPATH\CodeIgniter.php(482): CodeIgniter\CodeIgniter->runController(Object(App\Controllers\Admin))
 8 SYSTEMPATH\CodeIgniter.php(351): CodeIgniter\CodeIgniter->handleRequest(null, Object(Config\Cache), false)
 9 FCPATH\index.php(67): CodeIgniter\CodeIgniter->run()
10 SYSTEMPATH\Commands\Server\rewrite.php(46): require_once('FCPATH\\index.php')
CRITICAL - 2023-06-21 03:31:38 --> Undefined variable $monthpos
in APPPATH\Views\admin\dashboard.php on line 816.
 1 APPPATH\Views\admin\dashboard.php(816): CodeIgniter\Debug\Exceptions->errorHandler(2, 'Undefined variable $monthpos', 'APPPATH\\Views\\admin\\dashboard.php', 816)
 2 SYSTEMPATH\View\View.php(213): include('APPPATH\\Views\\admin\\dashboard.php')
 3 SYSTEMPATH\View\View.php(216): CodeIgniter\View\View->CodeIgniter\View\{closure}()
 4 SYSTEMPATH\Common.php(1134): CodeIgniter\View\View->render('admin/dashboard', [], true)
 5 APPPATH\Controllers\Admin.php(383): view('admin/dashboard', [...])
 6 SYSTEMPATH\CodeIgniter.php(927): App\Controllers\Admin->dashboard()
 7 SYSTEMPATH\CodeIgniter.php(482): CodeIgniter\CodeIgniter->runController(Object(App\Controllers\Admin))
 8 SYSTEMPATH\CodeIgniter.php(351): CodeIgniter\CodeIgniter->handleRequest(null, Object(Config\Cache), false)
 9 FCPATH\index.php(67): CodeIgniter\CodeIgniter->run()
10 SYSTEMPATH\Commands\Server\rewrite.php(46): require_once('FCPATH\\index.php')
CRITICAL - 2023-06-21 03:31:41 --> Undefined variable $monthpos
in APPPATH\Views\admin\dashboard.php on line 816.
 1 APPPATH\Views\admin\dashboard.php(816): CodeIgniter\Debug\Exceptions->errorHandler(2, 'Undefined variable $monthpos', 'APPPATH\\Views\\admin\\dashboard.php', 816)
 2 SYSTEMPATH\View\View.php(213): include('APPPATH\\Views\\admin\\dashboard.php')
 3 SYSTEMPATH\View\View.php(216): CodeIgniter\View\View->CodeIgniter\View\{closure}()
 4 SYSTEMPATH\Common.php(1134): CodeIgniter\View\View->render('admin/dashboard', [], true)
 5 APPPATH\Controllers\Admin.php(383): view('admin/dashboard', [...])
 6 SYSTEMPATH\CodeIgniter.php(927): App\Controllers\Admin->dashboard()
 7 SYSTEMPATH\CodeIgniter.php(482): CodeIgniter\CodeIgniter->runController(Object(App\Controllers\Admin))
 8 SYSTEMPATH\CodeIgniter.php(351): CodeIgniter\CodeIgniter->handleRequest(null, Object(Config\Cache), false)
 9 FCPATH\index.php(67): CodeIgniter\CodeIgniter->run()
10 SYSTEMPATH\Commands\Server\rewrite.php(46): require_once('FCPATH\\index.php')
CRITICAL - 2023-06-21 03:31:55 --> Undefined variable $monthpos
in APPPATH\Views\admin\dashboard.php on line 816.
 1 APPPATH\Views\admin\dashboard.php(816): CodeIgniter\Debug\Exceptions->errorHandler(2, 'Undefined variable $monthpos', 'APPPATH\\Views\\admin\\dashboard.php', 816)
 2 SYSTEMPATH\View\View.php(213): include('APPPATH\\Views\\admin\\dashboard.php')
 3 SYSTEMPATH\View\View.php(216): CodeIgniter\View\View->CodeIgniter\View\{closure}()
 4 SYSTEMPATH\Common.php(1134): CodeIgniter\View\View->render('admin/dashboard', [], true)
 5 APPPATH\Controllers\Admin.php(383): view('admin/dashboard', [...])
 6 SYSTEMPATH\CodeIgniter.php(927): App\Controllers\Admin->dashboard()
 7 SYSTEMPATH\CodeIgniter.php(482): CodeIgniter\CodeIgniter->runController(Object(App\Controllers\Admin))
 8 SYSTEMPATH\CodeIgniter.php(351): CodeIgniter\CodeIgniter->handleRequest(null, Object(Config\Cache), false)
 9 FCPATH\index.php(67): CodeIgniter\CodeIgniter->run()
10 SYSTEMPATH\Commands\Server\rewrite.php(46): require_once('FCPATH\\index.php')
CRITICAL - 2023-06-21 03:31:55 --> Undefined variable $monthpos
in APPPATH\Views\admin\dashboard.php on line 816.
 1 APPPATH\Views\admin\dashboard.php(816): CodeIgniter\Debug\Exceptions->errorHandler(2, 'Undefined variable $monthpos', 'APPPATH\\Views\\admin\\dashboard.php', 816)
 2 SYSTEMPATH\View\View.php(213): include('APPPATH\\Views\\admin\\dashboard.php')
 3 SYSTEMPATH\View\View.php(216): CodeIgniter\View\View->CodeIgniter\View\{closure}()
 4 SYSTEMPATH\Common.php(1134): CodeIgniter\View\View->render('admin/dashboard', [], true)
 5 APPPATH\Controllers\Admin.php(383): view('admin/dashboard', [...])
 6 SYSTEMPATH\CodeIgniter.php(927): App\Controllers\Admin->dashboard()
 7 SYSTEMPATH\CodeIgniter.php(482): CodeIgniter\CodeIgniter->runController(Object(App\Controllers\Admin))
 8 SYSTEMPATH\CodeIgniter.php(351): CodeIgniter\CodeIgniter->handleRequest(null, Object(Config\Cache), false)
 9 FCPATH\index.php(67): CodeIgniter\CodeIgniter->run()
10 SYSTEMPATH\Commands\Server\rewrite.php(46): require_once('FCPATH\\index.php')
CRITICAL - 2023-06-21 03:31:56 --> Undefined variable $monthpos
in APPPATH\Views\admin\dashboard.php on line 816.
 1 APPPATH\Views\admin\dashboard.php(816): CodeIgniter\Debug\Exceptions->errorHandler(2, 'Undefined variable $monthpos', 'APPPATH\\Views\\admin\\dashboard.php', 816)
 2 SYSTEMPATH\View\View.php(213): include('APPPATH\\Views\\admin\\dashboard.php')
 3 SYSTEMPATH\View\View.php(216): CodeIgniter\View\View->CodeIgniter\View\{closure}()
 4 SYSTEMPATH\Common.php(1134): CodeIgniter\View\View->render('admin/dashboard', [], true)
 5 APPPATH\Controllers\Admin.php(383): view('admin/dashboard', [...])
 6 SYSTEMPATH\CodeIgniter.php(927): App\Controllers\Admin->dashboard()
 7 SYSTEMPATH\CodeIgniter.php(482): CodeIgniter\CodeIgniter->runController(Object(App\Controllers\Admin))
 8 SYSTEMPATH\CodeIgniter.php(351): CodeIgniter\CodeIgniter->handleRequest(null, Object(Config\Cache), false)
 9 FCPATH\index.php(67): CodeIgniter\CodeIgniter->run()
10 SYSTEMPATH\Commands\Server\rewrite.php(46): require_once('FCPATH\\index.php')
CRITICAL - 2023-06-21 05:15:21 --> Undefined variable $monthpos
in APPPATH\Views\admin\dashboard.php on line 816.
 1 APPPATH\Views\admin\dashboard.php(816): CodeIgniter\Debug\Exceptions->errorHandler(2, 'Undefined variable $monthpos', 'APPPATH\\Views\\admin\\dashboard.php', 816)
 2 SYSTEMPATH\View\View.php(213): include('APPPATH\\Views\\admin\\dashboard.php')
 3 SYSTEMPATH\View\View.php(216): CodeIgniter\View\View->CodeIgniter\View\{closure}()
 4 SYSTEMPATH\Common.php(1134): CodeIgniter\View\View->render('admin/dashboard', [], true)
 5 APPPATH\Controllers\Admin.php(383): view('admin/dashboard', [...])
 6 SYSTEMPATH\CodeIgniter.php(927): App\Controllers\Admin->dashboard()
 7 SYSTEMPATH\CodeIgniter.php(482): CodeIgniter\CodeIgniter->runController(Object(App\Controllers\Admin))
 8 SYSTEMPATH\CodeIgniter.php(351): CodeIgniter\CodeIgniter->handleRequest(null, Object(Config\Cache), false)
 9 FCPATH\index.php(67): CodeIgniter\CodeIgniter->run()
10 SYSTEMPATH\Commands\Server\rewrite.php(46): require_once('FCPATH\\index.php')
CRITICAL - 2023-06-21 05:15:27 --> Undefined variable $monthpos
in APPPATH\Views\admin\dashboard.php on line 816.
 1 APPPATH\Views\admin\dashboard.php(816): CodeIgniter\Debug\Exceptions->errorHandler(2, 'Undefined variable $monthpos', 'APPPATH\\Views\\admin\\dashboard.php', 816)
 2 SYSTEMPATH\View\View.php(213): include('APPPATH\\Views\\admin\\dashboard.php')
 3 SYSTEMPATH\View\View.php(216): CodeIgniter\View\View->CodeIgniter\View\{closure}()
 4 SYSTEMPATH\Common.php(1134): CodeIgniter\View\View->render('admin/dashboard', [], true)
 5 APPPATH\Controllers\Admin.php(383): view('admin/dashboard', [...])
 6 SYSTEMPATH\CodeIgniter.php(927): App\Controllers\Admin->dashboard()
 7 SYSTEMPATH\CodeIgniter.php(482): CodeIgniter\CodeIgniter->runController(Object(App\Controllers\Admin))
 8 SYSTEMPATH\CodeIgniter.php(351): CodeIgniter\CodeIgniter->handleRequest(null, Object(Config\Cache), false)
 9 FCPATH\index.php(67): CodeIgniter\CodeIgniter->run()
10 SYSTEMPATH\Commands\Server\rewrite.php(46): require_once('FCPATH\\index.php')
CRITICAL - 2023-06-21 05:15:45 --> Undefined variable $monthpos
in APPPATH\Views\admin\dashboard.php on line 816.
 1 APPPATH\Views\admin\dashboard.php(816): CodeIgniter\Debug\Exceptions->errorHandler(2, 'Undefined variable $monthpos', 'APPPATH\\Views\\admin\\dashboard.php', 816)
 2 SYSTEMPATH\View\View.php(213): include('APPPATH\\Views\\admin\\dashboard.php')
 3 SYSTEMPATH\View\View.php(216): CodeIgniter\View\View->CodeIgniter\View\{closure}()
 4 SYSTEMPATH\Common.php(1134): CodeIgniter\View\View->render('admin/dashboard', [], true)
 5 APPPATH\Controllers\Admin.php(384): view('admin/dashboard', [...])
 6 SYSTEMPATH\CodeIgniter.php(927): App\Controllers\Admin->dashboard()
 7 SYSTEMPATH\CodeIgniter.php(482): CodeIgniter\CodeIgniter->runController(Object(App\Controllers\Admin))
 8 SYSTEMPATH\CodeIgniter.php(351): CodeIgniter\CodeIgniter->handleRequest(null, Object(Config\Cache), false)
 9 FCPATH\index.php(67): CodeIgniter\CodeIgniter->run()
10 SYSTEMPATH\Commands\Server\rewrite.php(46): require_once('FCPATH\\index.php')
CRITICAL - 2023-06-21 05:22:29 --> Undefined array key "id"
in APPPATH\Controllers\Home.php on line 79.
 1 APPPATH\Controllers\Home.php(79): CodeIgniter\Debug\Exceptions->errorHandler(2, 'Undefined array key "id"', 'APPPATH\\Controllers\\Home.php', 79)
 2 SYSTEMPATH\CodeIgniter.php(927): App\Controllers\Home->productdetails('12')
 3 SYSTEMPATH\CodeIgniter.php(482): CodeIgniter\CodeIgniter->runController(Object(App\Controllers\Home))
 4 SYSTEMPATH\CodeIgniter.php(351): CodeIgniter\CodeIgniter->handleRequest(null, Object(Config\Cache), false)
 5 FCPATH\index.php(67): CodeIgniter\CodeIgniter->run()
 6 SYSTEMPATH\Commands\Server\rewrite.php(46): require_once('FCPATH\\index.php')
CRITICAL - 2023-06-21 05:28:33 --> Trying to access array offset on value of type null
in APPPATH\Views\home\productdetails.php on line 13.
 1 APPPATH\Views\home\productdetails.php(13): CodeIgniter\Debug\Exceptions->errorHandler(2, 'Trying to access array offset on value of type null', 'APPPATH\\Views\\home\\productdetails.php', 13)
 2 SYSTEMPATH\View\View.php(213): include('APPPATH\\Views\\home\\productdetails.php')
 3 SYSTEMPATH\View\View.php(216): CodeIgniter\View\View->CodeIgniter\View\{closure}()
 4 SYSTEMPATH\Common.php(1134): CodeIgniter\View\View->render('home/productdetails', [], true)
 5 APPPATH\Views\includes\template.php(2): view('home/productdetails')
 6 SYSTEMPATH\View\View.php(213): include('APPPATH\\Views\\includes\\template.php')
 7 SYSTEMPATH\View\View.php(216): CodeIgniter\View\View->CodeIgniter\View\{closure}()
 8 SYSTEMPATH\Common.php(1134): CodeIgniter\View\View->render('includes/template', [], true)
 9 APPPATH\Controllers\Home.php(109): view('includes/template', [...])
10 SYSTEMPATH\CodeIgniter.php(927): App\Controllers\Home->productdetails('(:any)')
11 SYSTEMPATH\CodeIgniter.php(482): CodeIgniter\CodeIgniter->runController(Object(App\Controllers\Home))
12 SYSTEMPATH\CodeIgniter.php(351): CodeIgniter\CodeIgniter->handleRequest(null, Object(Config\Cache), false)
13 FCPATH\index.php(67): CodeIgniter\CodeIgniter->run()
14 SYSTEMPATH\Commands\Server\rewrite.php(46): require_once('FCPATH\\index.php')
CRITICAL - 2023-06-21 06:56:29 --> count(): Argument #1 ($value) must be of type Countable|array, null given
in APPPATH\Views\includes\index.php on line 98.
 1 SYSTEMPATH\View\View.php(213): include()
 2 SYSTEMPATH\View\View.php(216): CodeIgniter\View\View->CodeIgniter\View\{closure}()
 3 SYSTEMPATH\Common.php(1134): CodeIgniter\View\View->render('includes/index', [], true)
 4 APPPATH\Controllers\Home.php(25): view('includes/index')
 5 SYSTEMPATH\CodeIgniter.php(927): App\Controllers\Home->landingpage()
 6 SYSTEMPATH\CodeIgniter.php(482): CodeIgniter\CodeIgniter->runController(Object(App\Controllers\Home))
 7 SYSTEMPATH\CodeIgniter.php(351): CodeIgniter\CodeIgniter->handleRequest(null, Object(Config\Cache), false)
 8 FCPATH\index.php(67): CodeIgniter\CodeIgniter->run()
 9 SYSTEMPATH\Commands\Server\rewrite.php(46): require_once('FCPATH\\index.php')
CRITICAL - 2023-06-21 06:57:39 --> count(): Argument #1 ($value) must be of type Countable|array, null given
in APPPATH\Views\includes\index.php on line 98.
 1 SYSTEMPATH\View\View.php(213): include()
 2 SYSTEMPATH\View\View.php(216): CodeIgniter\View\View->CodeIgniter\View\{closure}()
 3 SYSTEMPATH\Common.php(1134): CodeIgniter\View\View->render('includes/index', [], true)
 4 APPPATH\Controllers\Home.php(25): view('includes/index')
 5 SYSTEMPATH\CodeIgniter.php(927): App\Controllers\Home->landingpage()
 6 SYSTEMPATH\CodeIgniter.php(482): CodeIgniter\CodeIgniter->runController(Object(App\Controllers\Home))
 7 SYSTEMPATH\CodeIgniter.php(351): CodeIgniter\CodeIgniter->handleRequest(null, Object(Config\Cache), false)
 8 FCPATH\index.php(67): CodeIgniter\CodeIgniter->run()
 9 SYSTEMPATH\Commands\Server\rewrite.php(46): require_once('FCPATH\\index.php')
CRITICAL - 2023-06-21 07:01:28 --> Call to undefined function App\Controllers\adminsession()
in APPPATH\Controllers\Admin.php on line 26.
 1 SYSTEMPATH\CodeIgniter.php(927): App\Controllers\Admin->admin_login()
 2 SYSTEMPATH\CodeIgniter.php(482): CodeIgniter\CodeIgniter->runController(Object(App\Controllers\Admin))
 3 SYSTEMPATH\CodeIgniter.php(351): CodeIgniter\CodeIgniter->handleRequest(null, Object(Config\Cache), false)
 4 FCPATH\index.php(67): CodeIgniter\CodeIgniter->run()
 5 SYSTEMPATH\Commands\Server\rewrite.php(46): require_once('FCPATH\\index.php')
CRITICAL - 2023-06-21 07:01:44 --> Call to undefined function App\Controllers\adminsession()
in APPPATH\Controllers\Admin.php on line 172.
 1 SYSTEMPATH\CodeIgniter.php(927): App\Controllers\Admin->admin_logout()
 2 SYSTEMPATH\CodeIgniter.php(482): CodeIgniter\CodeIgniter->runController(Object(App\Controllers\Admin))
 3 SYSTEMPATH\CodeIgniter.php(351): CodeIgniter\CodeIgniter->handleRequest(null, Object(Config\Cache), false)
 4 FCPATH\index.php(67): CodeIgniter\CodeIgniter->run()
 5 SYSTEMPATH\Commands\Server\rewrite.php(46): require_once('FCPATH\\index.php')
ERROR - 2023-06-21 07:16:04 --> mysqli_sql_exception: Unknown column 'updated_at' in 'field list' in C:\xampp\htdocs\Florist-Event-Reservation-Ordering\system\Database\MySQLi\Connection.php:292
Stack trace:
#0 C:\xampp\htdocs\Florist-Event-Reservation-Ordering\system\Database\MySQLi\Connection.php(292): mysqli->query('UPDATE `orderda...', 0)
#1 C:\xampp\htdocs\Florist-Event-Reservation-Ordering\system\Database\BaseConnection.php(666): CodeIgniter\Database\MySQLi\Connection->execute('UPDATE `orderda...')
#2 C:\xampp\htdocs\Florist-Event-Reservation-Ordering\system\Database\BaseConnection.php(593): CodeIgniter\Database\BaseConnection->simpleQuery('UPDATE `orderda...')
#3 C:\xampp\htdocs\Florist-Event-Reservation-Ordering\system\Database\BaseBuilder.php(2079): CodeIgniter\Database\BaseConnection->query('UPDATE `orderda...', Array, false)
#4 C:\xampp\htdocs\Florist-Event-Reservation-Ordering\system\Model.php(338): CodeIgniter\Database\BaseBuilder->update()
#5 C:\xampp\htdocs\Florist-Event-Reservation-Ordering\system\BaseModel.php(886): CodeIgniter\Model->doUpdate(Array, Array)
#6 C:\xampp\htdocs\Florist-Event-Reservation-Ordering\system\Model.php(693): CodeIgniter\BaseModel->update(Array, Array)
#7 C:\xampp\htdocs\Florist-Event-Reservation-Ordering\app\Controllers\Orders.php(36): CodeIgniter\Model->update('1', Array)
#8 C:\xampp\htdocs\Florist-Event-Reservation-Ordering\system\CodeIgniter.php(927): App\Controllers\Orders->ordersupdate('1')
#9 C:\xampp\htdocs\Florist-Event-Reservation-Ordering\system\CodeIgniter.php(482): CodeIgniter\CodeIgniter->runController(Object(App\Controllers\Orders))
#10 C:\xampp\htdocs\Florist-Event-Reservation-Ordering\system\CodeIgniter.php(351): CodeIgniter\CodeIgniter->handleRequest(NULL, Object(Config\Cache), false)
#11 C:\xampp\htdocs\Florist-Event-Reservation-Ordering\public\index.php(67): CodeIgniter\CodeIgniter->run()
#12 C:\xampp\htdocs\Florist-Event-Reservation-Ordering\system\Commands\Server\rewrite.php(46): require_once('C:\\xampp\\htdocs...')
#13 {main}
CRITICAL - 2023-06-21 07:16:04 --> Unknown column 'updated_at' in 'field list'
in SYSTEMPATH\Database\MySQLi\Connection.php on line 292.
 1 SYSTEMPATH\Database\MySQLi\Connection.php(292): mysqli->query('UPDATE `orderdata` SET `order_status` = \'Pending\', `order_amount` = \'600\', `updated_at` = \'2023-06-21 07:16:04\'
WHERE `orderdata`.`id` IN (\'1\')', 0)
 2 SYSTEMPATH\Database\BaseConnection.php(666): CodeIgniter\Database\MySQLi\Connection->execute('UPDATE `orderdata` SET `order_status` = \'Pending\', `order_amount` = \'600\', `updated_at` = \'2023-06-21 07:16:04\'
WHERE `orderdata`.`id` IN (\'1\')')
 3 SYSTEMPATH\Database\BaseConnection.php(593): CodeIgniter\Database\BaseConnection->simpleQuery('UPDATE `orderdata` SET `order_status` = \'Pending\', `order_amount` = \'600\', `updated_at` = \'2023-06-21 07:16:04\'
WHERE `orderdata`.`id` IN (\'1\')')
 4 SYSTEMPATH\Database\BaseBuilder.php(2079): CodeIgniter\Database\BaseConnection->query('UPDATE `orderdata` SET `order_status` = :order_status:, `order_amount` = :order_amount:, `updated_at` = :updated_at:
WHERE `orderdata`.`id` IN :orderdata.id:', [...], false)
 5 SYSTEMPATH\Model.php(338): CodeIgniter\Database\BaseBuilder->update()
 6 SYSTEMPATH\BaseModel.php(886): CodeIgniter\Model->doUpdate([...], [...])
 7 SYSTEMPATH\Model.php(693): CodeIgniter\BaseModel->update([...], [...])
 8 APPPATH\Controllers\Orders.php(36): CodeIgniter\Model->update('1', [...])
 9 SYSTEMPATH\CodeIgniter.php(927): App\Controllers\Orders->ordersupdate('1')
10 SYSTEMPATH\CodeIgniter.php(482): CodeIgniter\CodeIgniter->runController(Object(App\Controllers\Orders))
11 SYSTEMPATH\CodeIgniter.php(351): CodeIgniter\CodeIgniter->handleRequest(null, Object(Config\Cache), false)
12 FCPATH\index.php(67): CodeIgniter\CodeIgniter->run()
13 SYSTEMPATH\Commands\Server\rewrite.php(46): require_once('FCPATH\\index.php')
ERROR - 2023-06-21 07:16:52 --> mysqli_sql_exception: Unknown column 'updated_at' in 'field list' in C:\xampp\htdocs\Florist-Event-Reservation-Ordering\system\Database\MySQLi\Connection.php:292
Stack trace:
#0 C:\xampp\htdocs\Florist-Event-Reservation-Ordering\system\Database\MySQLi\Connection.php(292): mysqli->query('UPDATE `orderda...', 0)
#1 C:\xampp\htdocs\Florist-Event-Reservation-Ordering\system\Database\BaseConnection.php(666): CodeIgniter\Database\MySQLi\Connection->execute('UPDATE `orderda...')
#2 C:\xampp\htdocs\Florist-Event-Reservation-Ordering\system\Database\BaseConnection.php(593): CodeIgniter\Database\BaseConnection->simpleQuery('UPDATE `orderda...')
#3 C:\xampp\htdocs\Florist-Event-Reservation-Ordering\system\Database\BaseBuilder.php(2079): CodeIgniter\Database\BaseConnection->query('UPDATE `orderda...', Array, false)
#4 C:\xampp\htdocs\Florist-Event-Reservation-Ordering\system\Model.php(338): CodeIgniter\Database\BaseBuilder->update()
#5 C:\xampp\htdocs\Florist-Event-Reservation-Ordering\system\BaseModel.php(886): CodeIgniter\Model->doUpdate(Array, Array)
#6 C:\xampp\htdocs\Florist-Event-Reservation-Ordering\system\Model.php(693): CodeIgniter\BaseModel->update(Array, Array)
#7 C:\xampp\htdocs\Florist-Event-Reservation-Ordering\app\Controllers\Orders.php(36): CodeIgniter\Model->update('1', Array)
#8 C:\xampp\htdocs\Florist-Event-Reservation-Ordering\system\CodeIgniter.php(927): App\Controllers\Orders->ordersupdate('1')
#9 C:\xampp\htdocs\Florist-Event-Reservation-Ordering\system\CodeIgniter.php(482): CodeIgniter\CodeIgniter->runController(Object(App\Controllers\Orders))
#10 C:\xampp\htdocs\Florist-Event-Reservation-Ordering\system\CodeIgniter.php(351): CodeIgniter\CodeIgniter->handleRequest(NULL, Object(Config\Cache), false)
#11 C:\xampp\htdocs\Florist-Event-Reservation-Ordering\public\index.php(67): CodeIgniter\CodeIgniter->run()
#12 C:\xampp\htdocs\Florist-Event-Reservation-Ordering\system\Commands\Server\rewrite.php(46): require_once('C:\\xampp\\htdocs...')
#13 {main}
CRITICAL - 2023-06-21 07:16:52 --> Unknown column 'updated_at' in 'field list'
in SYSTEMPATH\Database\MySQLi\Connection.php on line 292.
 1 SYSTEMPATH\Database\MySQLi\Connection.php(292): mysqli->query('UPDATE `orderdata` SET `order_status` = \'Pending\', `order_amount` = \'600\', `updated_at` = \'2023-06-21 07:16:52\'
WHERE `orderdata`.`id` IN (\'1\')', 0)
 2 SYSTEMPATH\Database\BaseConnection.php(666): CodeIgniter\Database\MySQLi\Connection->execute('UPDATE `orderdata` SET `order_status` = \'Pending\', `order_amount` = \'600\', `updated_at` = \'2023-06-21 07:16:52\'
WHERE `orderdata`.`id` IN (\'1\')')
 3 SYSTEMPATH\Database\BaseConnection.php(593): CodeIgniter\Database\BaseConnection->simpleQuery('UPDATE `orderdata` SET `order_status` = \'Pending\', `order_amount` = \'600\', `updated_at` = \'2023-06-21 07:16:52\'
WHERE `orderdata`.`id` IN (\'1\')')
 4 SYSTEMPATH\Database\BaseBuilder.php(2079): CodeIgniter\Database\BaseConnection->query('UPDATE `orderdata` SET `order_status` = :order_status:, `order_amount` = :order_amount:, `updated_at` = :updated_at:
WHERE `orderdata`.`id` IN :orderdata.id:', [...], false)
 5 SYSTEMPATH\Model.php(338): CodeIgniter\Database\BaseBuilder->update()
 6 SYSTEMPATH\BaseModel.php(886): CodeIgniter\Model->doUpdate([...], [...])
 7 SYSTEMPATH\Model.php(693): CodeIgniter\BaseModel->update([...], [...])
 8 APPPATH\Controllers\Orders.php(36): CodeIgniter\Model->update('1', [...])
 9 SYSTEMPATH\CodeIgniter.php(927): App\Controllers\Orders->ordersupdate('1')
10 SYSTEMPATH\CodeIgniter.php(482): CodeIgniter\CodeIgniter->runController(Object(App\Controllers\Orders))
11 SYSTEMPATH\CodeIgniter.php(351): CodeIgniter\CodeIgniter->handleRequest(null, Object(Config\Cache), false)
12 FCPATH\index.php(67): CodeIgniter\CodeIgniter->run()
13 SYSTEMPATH\Commands\Server\rewrite.php(46): require_once('FCPATH\\index.php')
CRITICAL - 2023-06-21 07:34:23 --> Undefined variable $row
in APPPATH\Views\home\orders.php on line 206.
 1 APPPATH\Views\home\orders.php(206): CodeIgniter\Debug\Exceptions->errorHandler(2, 'Undefined variable $row', 'APPPATH\\Views\\home\\orders.php', 206)
 2 SYSTEMPATH\View\View.php(213): include('APPPATH\\Views\\home\\orders.php')
 3 SYSTEMPATH\View\View.php(216): CodeIgniter\View\View->CodeIgniter\View\{closure}()
 4 SYSTEMPATH\Common.php(1134): CodeIgniter\View\View->render('home/orders', [], true)
 5 APPPATH\Views\includes\template.php(2): view('home/orders')
 6 SYSTEMPATH\View\View.php(213): include('APPPATH\\Views\\includes\\template.php')
 7 SYSTEMPATH\View\View.php(216): CodeIgniter\View\View->CodeIgniter\View\{closure}()
 8 SYSTEMPATH\Common.php(1134): CodeIgniter\View\View->render('includes/template', [], true)
 9 APPPATH\Controllers\Home.php(287): view('includes/template', [...])
10 SYSTEMPATH\CodeIgniter.php(927): App\Controllers\Home->orders()
11 SYSTEMPATH\CodeIgniter.php(482): CodeIgniter\CodeIgniter->runController(Object(App\Controllers\Home))
12 SYSTEMPATH\CodeIgniter.php(351): CodeIgniter\CodeIgniter->handleRequest(null, Object(Config\Cache), false)
13 FCPATH\index.php(67): CodeIgniter\CodeIgniter->run()
14 SYSTEMPATH\Commands\Server\rewrite.php(46): require_once('FCPATH\\index.php')
CRITICAL - 2023-06-21 07:38:49 --> whereIn() expects $values to be of type array or closure
in SYSTEMPATH\Database\BaseBuilder.php on line 907.
 1 SYSTEMPATH\Database\BaseBuilder.php(789): CodeIgniter\Database\BaseBuilder->_whereIn('order_status', 'Completed', false, 'AND ', null)
 2 SYSTEMPATH\Model.php(772): CodeIgniter\Database\BaseBuilder->whereIn('order_status', 'Completed')
 3 APPPATH\Controllers\Home.php(275): CodeIgniter\Model->__call('whereIn', [...])
 4 SYSTEMPATH\CodeIgniter.php(927): App\Controllers\Home->orders()
 5 SYSTEMPATH\CodeIgniter.php(482): CodeIgniter\CodeIgniter->runController(Object(App\Controllers\Home))
 6 SYSTEMPATH\CodeIgniter.php(351): CodeIgniter\CodeIgniter->handleRequest(null, Object(Config\Cache), false)
 7 FCPATH\index.php(67): CodeIgniter\CodeIgniter->run()
 8 SYSTEMPATH\Commands\Server\rewrite.php(46): require_once('FCPATH\\index.php')
CRITICAL - 2023-06-21 07:39:13 --> whereIn() expects $values to be of type array or closure
in SYSTEMPATH\Database\BaseBuilder.php on line 907.
 1 SYSTEMPATH\Database\BaseBuilder.php(789): CodeIgniter\Database\BaseBuilder->_whereIn('fk_user_id', '2', false, 'AND ', null)
 2 SYSTEMPATH\Model.php(772): CodeIgniter\Database\BaseBuilder->whereIn('fk_user_id', '2')
 3 APPPATH\Controllers\Home.php(274): CodeIgniter\Model->__call('whereIn', [...])
 4 SYSTEMPATH\CodeIgniter.php(927): App\Controllers\Home->orders()
 5 SYSTEMPATH\CodeIgniter.php(482): CodeIgniter\CodeIgniter->runController(Object(App\Controllers\Home))
 6 SYSTEMPATH\CodeIgniter.php(351): CodeIgniter\CodeIgniter->handleRequest(null, Object(Config\Cache), false)
 7 FCPATH\index.php(67): CodeIgniter\CodeIgniter->run()
 8 SYSTEMPATH\Commands\Server\rewrite.php(46): require_once('FCPATH\\index.php')
CRITICAL - 2023-06-21 07:53:59 --> Undefined array key "item_name"
in APPPATH\Views\home\orders.php on line 227.
 1 APPPATH\Views\home\orders.php(227): CodeIgniter\Debug\Exceptions->errorHandler(2, 'Undefined array key "item_name"', 'APPPATH\\Views\\home\\orders.php', 227)
 2 SYSTEMPATH\View\View.php(213): include('APPPATH\\Views\\home\\orders.php')
 3 SYSTEMPATH\View\View.php(216): CodeIgniter\View\View->CodeIgniter\View\{closure}()
 4 SYSTEMPATH\Common.php(1134): CodeIgniter\View\View->render('home/orders', [], true)
 5 APPPATH\Views\includes\template.php(2): view('home/orders')
 6 SYSTEMPATH\View\View.php(213): include('APPPATH\\Views\\includes\\template.php')
 7 SYSTEMPATH\View\View.php(216): CodeIgniter\View\View->CodeIgniter\View\{closure}()
 8 SYSTEMPATH\Common.php(1134): CodeIgniter\View\View->render('includes/template', [], true)
 9 APPPATH\Controllers\Home.php(287): view('includes/template', [...])
10 SYSTEMPATH\CodeIgniter.php(927): App\Controllers\Home->orders()
11 SYSTEMPATH\CodeIgniter.php(482): CodeIgniter\CodeIgniter->runController(Object(App\Controllers\Home))
12 SYSTEMPATH\CodeIgniter.php(351): CodeIgniter\CodeIgniter->handleRequest(null, Object(Config\Cache), false)
13 FCPATH\index.php(67): CodeIgniter\CodeIgniter->run()
14 SYSTEMPATH\Commands\Server\rewrite.php(46): require_once('FCPATH\\index.php')
CRITICAL - 2023-06-21 08:02:41 --> syntax error, unexpected token "endif"
in APPPATH\Views\home\orders.php on line 211.
 1 SYSTEMPATH\View\View.php(216): CodeIgniter\View\View->CodeIgniter\View\{closure}()
 2 SYSTEMPATH\Common.php(1134): CodeIgniter\View\View->render('home/orders', [], true)
 3 APPPATH\Views\includes\template.php(2): view('home/orders')
 4 SYSTEMPATH\View\View.php(213): include('APPPATH\\Views\\includes\\template.php')
 5 SYSTEMPATH\View\View.php(216): CodeIgniter\View\View->CodeIgniter\View\{closure}()
 6 SYSTEMPATH\Common.php(1134): CodeIgniter\View\View->render('includes/template', [], true)
 7 APPPATH\Controllers\Home.php(288): view('includes/template', [...])
 8 SYSTEMPATH\CodeIgniter.php(927): App\Controllers\Home->orders()
 9 SYSTEMPATH\CodeIgniter.php(482): CodeIgniter\CodeIgniter->runController(Object(App\Controllers\Home))
10 SYSTEMPATH\CodeIgniter.php(351): CodeIgniter\CodeIgniter->handleRequest(null, Object(Config\Cache), false)
11 FCPATH\index.php(67): CodeIgniter\CodeIgniter->run()
12 SYSTEMPATH\Commands\Server\rewrite.php(46): require_once('FCPATH\\index.php')
CRITICAL - 2023-06-21 08:07:11 --> Undefined variable $prevOrder
in APPPATH\Views\home\orders.php on line 274.
 1 APPPATH\Views\home\orders.php(274): CodeIgniter\Debug\Exceptions->errorHandler(2, 'Undefined variable $prevOrder', 'APPPATH\\Views\\home\\orders.php', 274)
 2 SYSTEMPATH\View\View.php(213): include('APPPATH\\Views\\home\\orders.php')
 3 SYSTEMPATH\View\View.php(216): CodeIgniter\View\View->CodeIgniter\View\{closure}()
 4 SYSTEMPATH\Common.php(1134): CodeIgniter\View\View->render('home/orders', [], true)
 5 APPPATH\Views\includes\template.php(2): view('home/orders')
 6 SYSTEMPATH\View\View.php(213): include('APPPATH\\Views\\includes\\template.php')
 7 SYSTEMPATH\View\View.php(216): CodeIgniter\View\View->CodeIgniter\View\{closure}()
 8 SYSTEMPATH\Common.php(1134): CodeIgniter\View\View->render('includes/template', [], true)
 9 APPPATH\Controllers\Home.php(288): view('includes/template', [...])
10 SYSTEMPATH\CodeIgniter.php(927): App\Controllers\Home->orders()
11 SYSTEMPATH\CodeIgniter.php(482): CodeIgniter\CodeIgniter->runController(Object(App\Controllers\Home))
12 SYSTEMPATH\CodeIgniter.php(351): CodeIgniter\CodeIgniter->handleRequest(null, Object(Config\Cache), false)
13 FCPATH\index.php(67): CodeIgniter\CodeIgniter->run()
14 SYSTEMPATH\Commands\Server\rewrite.php(46): require_once('FCPATH\\index.php')
CRITICAL - 2023-06-21 08:11:30 --> Undefined array key "cat_name"
in APPPATH\Views\home\orders.php on line 264.
 1 APPPATH\Views\home\orders.php(264): CodeIgniter\Debug\Exceptions->errorHandler(2, 'Undefined array key "cat_name"', 'APPPATH\\Views\\home\\orders.php', 264)
 2 SYSTEMPATH\View\View.php(213): include('APPPATH\\Views\\home\\orders.php')
 3 SYSTEMPATH\View\View.php(216): CodeIgniter\View\View->CodeIgniter\View\{closure}()
 4 SYSTEMPATH\Common.php(1134): CodeIgniter\View\View->render('home/orders', [], true)
 5 APPPATH\Views\includes\template.php(2): view('home/orders')
 6 SYSTEMPATH\View\View.php(213): include('APPPATH\\Views\\includes\\template.php')
 7 SYSTEMPATH\View\View.php(216): CodeIgniter\View\View->CodeIgniter\View\{closure}()
 8 SYSTEMPATH\Common.php(1134): CodeIgniter\View\View->render('includes/template', [], true)
 9 APPPATH\Controllers\Home.php(288): view('includes/template', [...])
10 SYSTEMPATH\CodeIgniter.php(927): App\Controllers\Home->orders()
11 SYSTEMPATH\CodeIgniter.php(482): CodeIgniter\CodeIgniter->runController(Object(App\Controllers\Home))
12 SYSTEMPATH\CodeIgniter.php(351): CodeIgniter\CodeIgniter->handleRequest(null, Object(Config\Cache), false)
13 FCPATH\index.php(67): CodeIgniter\CodeIgniter->run()
14 SYSTEMPATH\Commands\Server\rewrite.php(46): require_once('FCPATH\\index.php')
CRITICAL - 2023-06-21 09:48:34 --> Undefined array key 0
in APPPATH\Controllers\Home.php on line 444.
 1 APPPATH\Controllers\Home.php(444): CodeIgniter\Debug\Exceptions->errorHandler(2, 'Undefined array key 0', 'APPPATH\\Controllers\\Home.php', 444)
 2 SYSTEMPATH\CodeIgniter.php(927): App\Controllers\Home->decrement()
 3 SYSTEMPATH\CodeIgniter.php(482): CodeIgniter\CodeIgniter->runController(Object(App\Controllers\Home))
 4 SYSTEMPATH\CodeIgniter.php(351): CodeIgniter\CodeIgniter->handleRequest(null, Object(Config\Cache), false)
 5 FCPATH\index.php(67): CodeIgniter\CodeIgniter->run()
 6 SYSTEMPATH\Commands\Server\rewrite.php(46): require_once('FCPATH\\index.php')
CRITICAL - 2023-06-21 09:48:35 --> Undefined array key 0
in APPPATH\Controllers\Home.php on line 444.
 1 APPPATH\Controllers\Home.php(444): CodeIgniter\Debug\Exceptions->errorHandler(2, 'Undefined array key 0', 'APPPATH\\Controllers\\Home.php', 444)
 2 SYSTEMPATH\CodeIgniter.php(927): App\Controllers\Home->decrement()
 3 SYSTEMPATH\CodeIgniter.php(482): CodeIgniter\CodeIgniter->runController(Object(App\Controllers\Home))
 4 SYSTEMPATH\CodeIgniter.php(351): CodeIgniter\CodeIgniter->handleRequest(null, Object(Config\Cache), false)
 5 FCPATH\index.php(67): CodeIgniter\CodeIgniter->run()
 6 SYSTEMPATH\Commands\Server\rewrite.php(46): require_once('FCPATH\\index.php')
CRITICAL - 2023-06-21 09:48:35 --> Undefined array key 0
in APPPATH\Controllers\Home.php on line 444.
 1 APPPATH\Controllers\Home.php(444): CodeIgniter\Debug\Exceptions->errorHandler(2, 'Undefined array key 0', 'APPPATH\\Controllers\\Home.php', 444)
 2 SYSTEMPATH\CodeIgniter.php(927): App\Controllers\Home->decrement()
 3 SYSTEMPATH\CodeIgniter.php(482): CodeIgniter\CodeIgniter->runController(Object(App\Controllers\Home))
 4 SYSTEMPATH\CodeIgniter.php(351): CodeIgniter\CodeIgniter->handleRequest(null, Object(Config\Cache), false)
 5 FCPATH\index.php(67): CodeIgniter\CodeIgniter->run()
 6 SYSTEMPATH\Commands\Server\rewrite.php(46): require_once('FCPATH\\index.php')
CRITICAL - 2023-06-21 09:48:36 --> Undefined array key 0
in APPPATH\Controllers\Home.php on line 444.
 1 APPPATH\Controllers\Home.php(444): CodeIgniter\Debug\Exceptions->errorHandler(2, 'Undefined array key 0', 'APPPATH\\Controllers\\Home.php', 444)
 2 SYSTEMPATH\CodeIgniter.php(927): App\Controllers\Home->decrement()
 3 SYSTEMPATH\CodeIgniter.php(482): CodeIgniter\CodeIgniter->runController(Object(App\Controllers\Home))
 4 SYSTEMPATH\CodeIgniter.php(351): CodeIgniter\CodeIgniter->handleRequest(null, Object(Config\Cache), false)
 5 FCPATH\index.php(67): CodeIgniter\CodeIgniter->run()
 6 SYSTEMPATH\Commands\Server\rewrite.php(46): require_once('FCPATH\\index.php')
CRITICAL - 2023-06-21 09:48:36 --> Undefined array key 0
in APPPATH\Controllers\Home.php on line 444.
 1 APPPATH\Controllers\Home.php(444): CodeIgniter\Debug\Exceptions->errorHandler(2, 'Undefined array key 0', 'APPPATH\\Controllers\\Home.php', 444)
 2 SYSTEMPATH\CodeIgniter.php(927): App\Controllers\Home->decrement()
 3 SYSTEMPATH\CodeIgniter.php(482): CodeIgniter\CodeIgniter->runController(Object(App\Controllers\Home))
 4 SYSTEMPATH\CodeIgniter.php(351): CodeIgniter\CodeIgniter->handleRequest(null, Object(Config\Cache), false)
 5 FCPATH\index.php(67): CodeIgniter\CodeIgniter->run()
 6 SYSTEMPATH\Commands\Server\rewrite.php(46): require_once('FCPATH\\index.php')
CRITICAL - 2023-06-21 09:48:36 --> Undefined array key 0
in APPPATH\Controllers\Home.php on line 444.
 1 APPPATH\Controllers\Home.php(444): CodeIgniter\Debug\Exceptions->errorHandler(2, 'Undefined array key 0', 'APPPATH\\Controllers\\Home.php', 444)
 2 SYSTEMPATH\CodeIgniter.php(927): App\Controllers\Home->decrement()
 3 SYSTEMPATH\CodeIgniter.php(482): CodeIgniter\CodeIgniter->runController(Object(App\Controllers\Home))
 4 SYSTEMPATH\CodeIgniter.php(351): CodeIgniter\CodeIgniter->handleRequest(null, Object(Config\Cache), false)
 5 FCPATH\index.php(67): CodeIgniter\CodeIgniter->run()
 6 SYSTEMPATH\Commands\Server\rewrite.php(46): require_once('FCPATH\\index.php')
CRITICAL - 2023-06-21 09:48:36 --> Undefined array key 0
in APPPATH\Controllers\Home.php on line 444.
 1 APPPATH\Controllers\Home.php(444): CodeIgniter\Debug\Exceptions->errorHandler(2, 'Undefined array key 0', 'APPPATH\\Controllers\\Home.php', 444)
 2 SYSTEMPATH\CodeIgniter.php(927): App\Controllers\Home->decrement()
 3 SYSTEMPATH\CodeIgniter.php(482): CodeIgniter\CodeIgniter->runController(Object(App\Controllers\Home))
 4 SYSTEMPATH\CodeIgniter.php(351): CodeIgniter\CodeIgniter->handleRequest(null, Object(Config\Cache), false)
 5 FCPATH\index.php(67): CodeIgniter\CodeIgniter->run()
 6 SYSTEMPATH\Commands\Server\rewrite.php(46): require_once('FCPATH\\index.php')
