CRITICAL - 2023-07-06 00:58:35 --> Undefined variable $order
in APPPATH\Views\admin\reviews\reviewslist.php on line 289.
 1 APPPATH\Views\admin\reviews\reviewslist.php(289): CodeIgniter\Debug\Exceptions->errorHandler(2, 'Undefined variable $order', 'APPPATH\\Views\\admin\\reviews\\reviewslist.php', 289)
 2 SYSTEMPATH\View\View.php(213): include('APPPATH\\Views\\admin\\reviews\\reviewslist.php')
 3 SYSTEMPATH\View\View.php(216): CodeIgniter\View\View->CodeIgniter\View\{closure}()
 4 SYSTEMPATH\Common.php(1134): CodeIgniter\View\View->render('admin/reviews/reviewslist', [], true)
 5 APPPATH\Controllers\Admin.php(605): view('admin/reviews/reviewslist', [...])
 6 SYSTEMPATH\CodeIgniter.php(927): App\Controllers\Admin->reviews()
 7 SYSTEMPATH\CodeIgniter.php(482): CodeIgniter\CodeIgniter->runController(Object(App\Controllers\Admin))
 8 SYSTEMPATH\CodeIgniter.php(351): CodeIgniter\CodeIgniter->handleRequest(null, Object(Config\Cache), false)
 9 FCPATH\index.php(67): CodeIgniter\CodeIgniter->run()
10 SYSTEMPATH\Commands\Server\rewrite.php(46): require_once('FCPATH\\index.php')
ERROR - 2023-07-06 01:11:34 --> Email: sendWithSmtp throwed ErrorException: fsockopen(): php_network_getaddresses: getaddrinfo for smtp.googlemail.com failed: No such host is known.  in C:\xampp\htdocs\Florist-Event-Reservation-Ordering\system\Email\Email.php:1863
Stack trace:
#0 [internal function]: CodeIgniter\Debug\Exceptions->errorHandler(2, 'fsockopen(): ph...', 'C:\\xampp\\htdocs...', 1863)
#1 C:\xampp\htdocs\Florist-Event-Reservation-Ordering\system\Email\Email.php(1863): fsockopen('tls://smtp.goog...', 465, NULL, NULL, 60)
#2 C:\xampp\htdocs\Florist-Event-Reservation-Ordering\system\Email\Email.php(1777): CodeIgniter\Email\Email->SMTPConnect()
#3 C:\xampp\htdocs\Florist-Event-Reservation-Ordering\system\Email\Email.php(1662): CodeIgniter\Email\Email->sendWithSmtp()
#4 C:\xampp\htdocs\Florist-Event-Reservation-Ordering\system\Email\Email.php(1560): CodeIgniter\Email\Email->spoolEmail()
#5 C:\xampp\htdocs\Florist-Event-Reservation-Ordering\app\Controllers\Orders.php(182): CodeIgniter\Email\Email->send()
#6 C:\xampp\htdocs\Florist-Event-Reservation-Ordering\system\CodeIgniter.php(927): App\Controllers\Orders->ordersupdate('20')
#7 C:\xampp\htdocs\Florist-Event-Reservation-Ordering\system\CodeIgniter.php(482): CodeIgniter\CodeIgniter->runController(Object(App\Controllers\Orders))
#8 C:\xampp\htdocs\Florist-Event-Reservation-Ordering\system\CodeIgniter.php(351): CodeIgniter\CodeIgniter->handleRequest(NULL, Object(Config\Cache), false)
#9 C:\xampp\htdocs\Florist-Event-Reservation-Ordering\public\index.php(67): CodeIgniter\CodeIgniter->run()
#10 C:\xampp\htdocs\Florist-Event-Reservation-Ordering\system\Commands\Server\rewrite.php(46): require_once('C:\\xampp\\htdocs...')
#11 {main}
ERROR - 2023-07-06 01:11:34 --> Email: Unable to send email using SMTP. Your server might not be configured to send mail using this method.
ERROR - 2023-07-06 01:11:34 --> 
CRITICAL - 2023-07-06 02:12:33 --> count(): Argument #1 ($value) must be of type Countable|array, null given
in APPPATH\Views\includes\index.php on line 134.
 1 SYSTEMPATH\View\View.php(213): include()
 2 SYSTEMPATH\View\View.php(216): CodeIgniter\View\View->CodeIgniter\View\{closure}()
 3 SYSTEMPATH\Common.php(1134): CodeIgniter\View\View->render('includes/index', [], true)
 4 APPPATH\Controllers\Home.php(27): view('includes/index')
 5 SYSTEMPATH\CodeIgniter.php(927): App\Controllers\Home->landingpage()
 6 SYSTEMPATH\CodeIgniter.php(482): CodeIgniter\CodeIgniter->runController(Object(App\Controllers\Home))
 7 SYSTEMPATH\CodeIgniter.php(351): CodeIgniter\CodeIgniter->handleRequest(null, Object(Config\Cache), false)
 8 FCPATH\index.php(67): CodeIgniter\CodeIgniter->run()
 9 SYSTEMPATH\Commands\Server\rewrite.php(46): require_once('FCPATH\\index.php')
ERROR - 2023-07-06 07:06:34 --> mysqli_sql_exception: Unknown table 'finalproject.orderdata' in C:\xampp\htdocs\Florist-Event-Reservation-Ordering\system\Database\MySQLi\Connection.php:292
Stack trace:
#0 C:\xampp\htdocs\Florist-Event-Reservation-Ordering\system\Database\MySQLi\Connection.php(292): mysqli->query('SELECT DATE_FOR...', 0)
#1 C:\xampp\htdocs\Florist-Event-Reservation-Ordering\system\Database\BaseConnection.php(666): CodeIgniter\Database\MySQLi\Connection->execute('SELECT DATE_FOR...')
#2 C:\xampp\htdocs\Florist-Event-Reservation-Ordering\system\Database\BaseConnection.php(593): CodeIgniter\Database\BaseConnection->simpleQuery('SELECT DATE_FOR...')
#3 C:\xampp\htdocs\Florist-Event-Reservation-Ordering\system\Database\BaseBuilder.php(1585): CodeIgniter\Database\BaseConnection->query('SELECT DATE_FOR...', Array, false)
#4 C:\xampp\htdocs\Florist-Event-Reservation-Ordering\system\Model.php(223): CodeIgniter\Database\BaseBuilder->get()
#5 C:\xampp\htdocs\Florist-Event-Reservation-Ordering\system\BaseModel.php(585): CodeIgniter\Model->doFindAll(0, 0)
#6 C:\xampp\htdocs\Florist-Event-Reservation-Ordering\app\Controllers\Orders.php(520): CodeIgniter\BaseModel->findAll()
#7 C:\xampp\htdocs\Florist-Event-Reservation-Ordering\system\CodeIgniter.php(927): App\Controllers\Orders->pending_orders()
#8 C:\xampp\htdocs\Florist-Event-Reservation-Ordering\system\CodeIgniter.php(482): CodeIgniter\CodeIgniter->runController(Object(App\Controllers\Orders))
#9 C:\xampp\htdocs\Florist-Event-Reservation-Ordering\system\CodeIgniter.php(351): CodeIgniter\CodeIgniter->handleRequest(NULL, Object(Config\Cache), false)
#10 C:\xampp\htdocs\Florist-Event-Reservation-Ordering\public\index.php(67): CodeIgniter\CodeIgniter->run()
#11 C:\xampp\htdocs\Florist-Event-Reservation-Ordering\system\Commands\Server\rewrite.php(46): require_once('C:\\xampp\\htdocs...')
#12 {main}
CRITICAL - 2023-07-06 07:06:34 --> Unknown table 'finalproject.orderdata'
in SYSTEMPATH\Database\MySQLi\Connection.php on line 292.
 1 SYSTEMPATH\Database\MySQLi\Connection.php(292): mysqli->query('SELECT DATE_FORMAT(created_at, \'%M %e, %Y\') AS order_date_formatted, `orderdata`.*
FROM `customize`
WHERE `status` = \'Pending\'', 0)
 2 SYSTEMPATH\Database\BaseConnection.php(666): CodeIgniter\Database\MySQLi\Connection->execute('SELECT DATE_FORMAT(created_at, \'%M %e, %Y\') AS order_date_formatted, `orderdata`.*
FROM `customize`
WHERE `status` = \'Pending\'')
 3 SYSTEMPATH\Database\BaseConnection.php(593): CodeIgniter\Database\BaseConnection->simpleQuery('SELECT DATE_FORMAT(created_at, \'%M %e, %Y\') AS order_date_formatted, `orderdata`.*
FROM `customize`
WHERE `status` = \'Pending\'')
 4 SYSTEMPATH\Database\BaseBuilder.php(1585): CodeIgniter\Database\BaseConnection->query('SELECT DATE_FORMAT(created_at, \'%M %e, %Y\') AS order_date_formatted, `orderdata`.*
FROM `customize`
WHERE `status` = :status:', [...], false)
 5 SYSTEMPATH\Model.php(223): CodeIgniter\Database\BaseBuilder->get()
 6 SYSTEMPATH\BaseModel.php(585): CodeIgniter\Model->doFindAll(0, 0)
 7 APPPATH\Controllers\Orders.php(520): CodeIgniter\BaseModel->findAll()
 8 SYSTEMPATH\CodeIgniter.php(927): App\Controllers\Orders->pending_orders()
 9 SYSTEMPATH\CodeIgniter.php(482): CodeIgniter\CodeIgniter->runController(Object(App\Controllers\Orders))
10 SYSTEMPATH\CodeIgniter.php(351): CodeIgniter\CodeIgniter->handleRequest(null, Object(Config\Cache), false)
11 FCPATH\index.php(67): CodeIgniter\CodeIgniter->run()
12 SYSTEMPATH\Commands\Server\rewrite.php(46): require_once('FCPATH\\index.php')
CRITICAL - 2023-07-06 07:07:08 --> Undefined variable $customize_orders
in APPPATH\Views\admin\orders\pending_orders.php on line 285.
 1 APPPATH\Views\admin\orders\pending_orders.php(285): CodeIgniter\Debug\Exceptions->errorHandler(2, 'Undefined variable $customize_orders', 'APPPATH\\Views\\admin\\orders\\pending_orders.php', 285)
 2 SYSTEMPATH\View\View.php(213): include('APPPATH\\Views\\admin\\orders\\pending_orders.php')
 3 SYSTEMPATH\View\View.php(216): CodeIgniter\View\View->CodeIgniter\View\{closure}()
 4 SYSTEMPATH\Common.php(1134): CodeIgniter\View\View->render('admin/orders/pending_orders', [], true)
 5 APPPATH\Controllers\Orders.php(533): view('admin/orders/pending_orders', [...])
 6 SYSTEMPATH\CodeIgniter.php(927): App\Controllers\Orders->pending_orders()
 7 SYSTEMPATH\CodeIgniter.php(482): CodeIgniter\CodeIgniter->runController(Object(App\Controllers\Orders))
 8 SYSTEMPATH\CodeIgniter.php(351): CodeIgniter\CodeIgniter->handleRequest(null, Object(Config\Cache), false)
 9 FCPATH\index.php(67): CodeIgniter\CodeIgniter->run()
10 SYSTEMPATH\Commands\Server\rewrite.php(46): require_once('FCPATH\\index.php')
CRITICAL - 2023-07-06 07:07:20 --> Undefined array key "order_id"
in APPPATH\Views\admin\orders\pending_orders.php on line 287.
 1 APPPATH\Views\admin\orders\pending_orders.php(287): CodeIgniter\Debug\Exceptions->errorHandler(2, 'Undefined array key "order_id"', 'APPPATH\\Views\\admin\\orders\\pending_orders.php', 287)
 2 SYSTEMPATH\View\View.php(213): include('APPPATH\\Views\\admin\\orders\\pending_orders.php')
 3 SYSTEMPATH\View\View.php(216): CodeIgniter\View\View->CodeIgniter\View\{closure}()
 4 SYSTEMPATH\Common.php(1134): CodeIgniter\View\View->render('admin/orders/pending_orders', [], true)
 5 APPPATH\Controllers\Orders.php(533): view('admin/orders/pending_orders', [...])
 6 SYSTEMPATH\CodeIgniter.php(927): App\Controllers\Orders->pending_orders()
 7 SYSTEMPATH\CodeIgniter.php(482): CodeIgniter\CodeIgniter->runController(Object(App\Controllers\Orders))
 8 SYSTEMPATH\CodeIgniter.php(351): CodeIgniter\CodeIgniter->handleRequest(null, Object(Config\Cache), false)
 9 FCPATH\index.php(67): CodeIgniter\CodeIgniter->run()
10 SYSTEMPATH\Commands\Server\rewrite.php(46): require_once('FCPATH\\index.php')
CRITICAL - 2023-07-06 07:08:40 --> Undefined variable $order
in APPPATH\Views\admin\orders\pending_orders.php on line 293.
 1 APPPATH\Views\admin\orders\pending_orders.php(293): CodeIgniter\Debug\Exceptions->errorHandler(2, 'Undefined variable $order', 'APPPATH\\Views\\admin\\orders\\pending_orders.php', 293)
 2 SYSTEMPATH\View\View.php(213): include('APPPATH\\Views\\admin\\orders\\pending_orders.php')
 3 SYSTEMPATH\View\View.php(216): CodeIgniter\View\View->CodeIgniter\View\{closure}()
 4 SYSTEMPATH\Common.php(1134): CodeIgniter\View\View->render('admin/orders/pending_orders', [], true)
 5 APPPATH\Controllers\Orders.php(533): view('admin/orders/pending_orders', [...])
 6 SYSTEMPATH\CodeIgniter.php(927): App\Controllers\Orders->pending_orders()
 7 SYSTEMPATH\CodeIgniter.php(482): CodeIgniter\CodeIgniter->runController(Object(App\Controllers\Orders))
 8 SYSTEMPATH\CodeIgniter.php(351): CodeIgniter\CodeIgniter->handleRequest(null, Object(Config\Cache), false)
 9 FCPATH\index.php(67): CodeIgniter\CodeIgniter->run()
10 SYSTEMPATH\Commands\Server\rewrite.php(46): require_once('FCPATH\\index.php')
CRITICAL - 2023-07-06 07:43:20 --> Undefined array key "proof_payment"
in APPPATH\Views\admin\orders\pending_orders.php on line 291.
 1 APPPATH\Views\admin\orders\pending_orders.php(291): CodeIgniter\Debug\Exceptions->errorHandler(2, 'Undefined array key "proof_payment"', 'APPPATH\\Views\\admin\\orders\\pending_orders.php', 291)
 2 SYSTEMPATH\View\View.php(213): include('APPPATH\\Views\\admin\\orders\\pending_orders.php')
 3 SYSTEMPATH\View\View.php(216): CodeIgniter\View\View->CodeIgniter\View\{closure}()
 4 SYSTEMPATH\Common.php(1134): CodeIgniter\View\View->render('admin/orders/pending_orders', [], true)
 5 APPPATH\Controllers\Orders.php(533): view('admin/orders/pending_orders', [...])
 6 SYSTEMPATH\CodeIgniter.php(927): App\Controllers\Orders->pending_orders()
 7 SYSTEMPATH\CodeIgniter.php(482): CodeIgniter\CodeIgniter->runController(Object(App\Controllers\Orders))
 8 SYSTEMPATH\CodeIgniter.php(351): CodeIgniter\CodeIgniter->handleRequest(null, Object(Config\Cache), false)
 9 FCPATH\index.php(67): CodeIgniter\CodeIgniter->run()
10 SYSTEMPATH\Commands\Server\rewrite.php(46): require_once('FCPATH\\index.php')
ERROR - 2023-07-06 07:53:28 --> mysqli_sql_exception: Column 'order_amount' cannot be null in C:\xampp\htdocs\Florist-Event-Reservation-Ordering\system\Database\MySQLi\Connection.php:292
Stack trace:
#0 C:\xampp\htdocs\Florist-Event-Reservation-Ordering\system\Database\MySQLi\Connection.php(292): mysqli->query('INSERT INTO `cu...', 0)
#1 C:\xampp\htdocs\Florist-Event-Reservation-Ordering\system\Database\BaseConnection.php(666): CodeIgniter\Database\MySQLi\Connection->execute('INSERT INTO `cu...')
#2 C:\xampp\htdocs\Florist-Event-Reservation-Ordering\system\Database\BaseConnection.php(593): CodeIgniter\Database\BaseConnection->simpleQuery('INSERT INTO `cu...')
#3 C:\xampp\htdocs\Florist-Event-Reservation-Ordering\system\Database\BaseBuilder.php(1916): CodeIgniter\Database\BaseConnection->query('INSERT INTO `cu...', Array, false)
#4 C:\xampp\htdocs\Florist-Event-Reservation-Ordering\system\Model.php(279): CodeIgniter\Database\BaseBuilder->insert()
#5 C:\xampp\htdocs\Florist-Event-Reservation-Ordering\system\BaseModel.php(749): CodeIgniter\Model->doInsert(Array)
#6 C:\xampp\htdocs\Florist-Event-Reservation-Ordering\system\Model.php(667): CodeIgniter\BaseModel->insert(Array, false)
#7 C:\xampp\htdocs\Florist-Event-Reservation-Ordering\system\BaseModel.php(659): CodeIgniter\Model->insert(Array, false)
#8 C:\xampp\htdocs\Florist-Event-Reservation-Ordering\app\Controllers\Customize.php(78): CodeIgniter\BaseModel->save(Array)
#9 C:\xampp\htdocs\Florist-Event-Reservation-Ordering\system\CodeIgniter.php(927): App\Controllers\Customize->customize()
#10 C:\xampp\htdocs\Florist-Event-Reservation-Ordering\system\CodeIgniter.php(482): CodeIgniter\CodeIgniter->runController(Object(App\Controllers\Customize))
#11 C:\xampp\htdocs\Florist-Event-Reservation-Ordering\system\CodeIgniter.php(351): CodeIgniter\CodeIgniter->handleRequest(NULL, Object(Config\Cache), false)
#12 C:\xampp\htdocs\Florist-Event-Reservation-Ordering\public\index.php(67): CodeIgniter\CodeIgniter->run()
#13 C:\xampp\htdocs\Florist-Event-Reservation-Ordering\system\Commands\Server\rewrite.php(46): require_once('C:\\xampp\\htdocs...')
#14 {main}
CRITICAL - 2023-07-06 07:53:28 --> Column 'order_amount' cannot be null
in SYSTEMPATH\Database\MySQLi\Connection.php on line 292.
 1 SYSTEMPATH\Database\MySQLi\Connection.php(292): mysqli->query('INSERT INTO `customize` (`order_id`, `fk_user_id`, `name`, `email`, `phone`, `details`, `status`, `order_amount`, `order_type`, `image`, `created_at`) VALUES (\'ORDER_ID. 830990\', \'5\', \'Carlos Bernales\', \'sarahelmenzo13@gmail.com\', \'09951776920\', \'Gayanin lang\', \'Request\', NULL, NULL, \'1688648008_1b74031bcf377294a83d.jpg\', \'2023-07-06 07:53:28\')', 0)
 2 SYSTEMPATH\Database\BaseConnection.php(666): CodeIgniter\Database\MySQLi\Connection->execute('INSERT INTO `customize` (`order_id`, `fk_user_id`, `name`, `email`, `phone`, `details`, `status`, `order_amount`, `order_type`, `image`, `created_at`) VALUES (\'ORDER_ID. 830990\', \'5\', \'Carlos Bernales\', \'sarahelmenzo13@gmail.com\', \'09951776920\', \'Gayanin lang\', \'Request\', NULL, NULL, \'1688648008_1b74031bcf377294a83d.jpg\', \'2023-07-06 07:53:28\')')
 3 SYSTEMPATH\Database\BaseConnection.php(593): CodeIgniter\Database\BaseConnection->simpleQuery('INSERT INTO `customize` (`order_id`, `fk_user_id`, `name`, `email`, `phone`, `details`, `status`, `order_amount`, `order_type`, `image`, `created_at`) VALUES (\'ORDER_ID. 830990\', \'5\', \'Carlos Bernales\', \'sarahelmenzo13@gmail.com\', \'09951776920\', \'Gayanin lang\', \'Request\', NULL, NULL, \'1688648008_1b74031bcf377294a83d.jpg\', \'2023-07-06 07:53:28\')')
 4 SYSTEMPATH\Database\BaseBuilder.php(1916): CodeIgniter\Database\BaseConnection->query('INSERT INTO `customize` (`order_id`, `fk_user_id`, `name`, `email`, `phone`, `details`, `status`, `order_amount`, `order_type`, `image`, `created_at`) VALUES (:order_id:, :fk_user_id:, :name:, :email:, :phone:, :details:, :status:, :order_amount:, :order_type:, :image:, :created_at:)', [...], false)
 5 SYSTEMPATH\Model.php(279): CodeIgniter\Database\BaseBuilder->insert()
 6 SYSTEMPATH\BaseModel.php(749): CodeIgniter\Model->doInsert([...])
 7 SYSTEMPATH\Model.php(667): CodeIgniter\BaseModel->insert([...], false)
 8 SYSTEMPATH\BaseModel.php(659): CodeIgniter\Model->insert([...], false)
 9 APPPATH\Controllers\Customize.php(78): CodeIgniter\BaseModel->save([...])
10 SYSTEMPATH\CodeIgniter.php(927): App\Controllers\Customize->customize()
11 SYSTEMPATH\CodeIgniter.php(482): CodeIgniter\CodeIgniter->runController(Object(App\Controllers\Customize))
12 SYSTEMPATH\CodeIgniter.php(351): CodeIgniter\CodeIgniter->handleRequest(null, Object(Config\Cache), false)
13 FCPATH\index.php(67): CodeIgniter\CodeIgniter->run()
14 SYSTEMPATH\Commands\Server\rewrite.php(46): require_once('FCPATH\\index.php')
CRITICAL - 2023-07-06 08:07:32 --> Undefined array key "order_status"
in APPPATH\Views\admin\orders\pending_orders.php on line 296.
 1 APPPATH\Views\admin\orders\pending_orders.php(296): CodeIgniter\Debug\Exceptions->errorHandler(2, 'Undefined array key "order_status"', 'APPPATH\\Views\\admin\\orders\\pending_orders.php', 296)
 2 SYSTEMPATH\View\View.php(213): include('APPPATH\\Views\\admin\\orders\\pending_orders.php')
 3 SYSTEMPATH\View\View.php(216): CodeIgniter\View\View->CodeIgniter\View\{closure}()
 4 SYSTEMPATH\Common.php(1134): CodeIgniter\View\View->render('admin/orders/pending_orders', [], true)
 5 APPPATH\Controllers\Orders.php(536): view('admin/orders/pending_orders', [...])
 6 SYSTEMPATH\CodeIgniter.php(927): App\Controllers\Orders->pending_orders()
 7 SYSTEMPATH\CodeIgniter.php(482): CodeIgniter\CodeIgniter->runController(Object(App\Controllers\Orders))
 8 SYSTEMPATH\CodeIgniter.php(351): CodeIgniter\CodeIgniter->handleRequest(null, Object(Config\Cache), false)
 9 FCPATH\index.php(67): CodeIgniter\CodeIgniter->run()
10 SYSTEMPATH\Commands\Server\rewrite.php(46): require_once('FCPATH\\index.php')
CRITICAL - 2023-07-06 08:11:16 --> Undefined variable $row
in APPPATH\Views\admin\orders\pending_orders.php on line 293.
 1 APPPATH\Views\admin\orders\pending_orders.php(293): CodeIgniter\Debug\Exceptions->errorHandler(2, 'Undefined variable $row', 'APPPATH\\Views\\admin\\orders\\pending_orders.php', 293)
 2 SYSTEMPATH\View\View.php(213): include('APPPATH\\Views\\admin\\orders\\pending_orders.php')
 3 SYSTEMPATH\View\View.php(216): CodeIgniter\View\View->CodeIgniter\View\{closure}()
 4 SYSTEMPATH\Common.php(1134): CodeIgniter\View\View->render('admin/orders/pending_orders', [], true)
 5 APPPATH\Controllers\Orders.php(536): view('admin/orders/pending_orders', [...])
 6 SYSTEMPATH\CodeIgniter.php(927): App\Controllers\Orders->pending_orders()
 7 SYSTEMPATH\CodeIgniter.php(482): CodeIgniter\CodeIgniter->runController(Object(App\Controllers\Orders))
 8 SYSTEMPATH\CodeIgniter.php(351): CodeIgniter\CodeIgniter->handleRequest(null, Object(Config\Cache), false)
 9 FCPATH\index.php(67): CodeIgniter\CodeIgniter->run()
10 SYSTEMPATH\Commands\Server\rewrite.php(46): require_once('FCPATH\\index.php')
