CRITICAL - 2024-04-18 00:10:12 --> Trying to access array offset on value of type null
in APPPATH\Controllers\Payroll.php on line 103.
 1 APPPATH\Controllers\Payroll.php(103): CodeIgniter\Debug\Exceptions->errorHandler(2, 'Trying to access array offset on value of type null', 'APPPATH\\Controllers\\Payroll.php', 103)
 2 SYSTEMPATH\CodeIgniter.php(927): App\Controllers\Payroll->attendance()
 3 SYSTEMPATH\CodeIgniter.php(482): CodeIgniter\CodeIgniter->runController(Object(App\Controllers\Payroll))
 4 SYSTEMPATH\CodeIgniter.php(351): CodeIgniter\CodeIgniter->handleRequest(null, Object(Config\Cache), false)
 5 FCPATH\index.php(87): CodeIgniter\CodeIgniter->run()
 6 SYSTEMPATH\Commands\Server\rewrite.php(46): require_once('FCPATH\\index.php')
CRITICAL - 2024-04-18 02:21:44 --> Undefined variable $agent
in APPPATH\Views\payroll\payroll_page.php on line 45.
 1 APPPATH\Views\payroll\payroll_page.php(45): CodeIgniter\Debug\Exceptions->errorHandler(2, 'Undefined variable $agent', 'APPPATH\\Views\\payroll\\payroll_page.php', 45)
 2 SYSTEMPATH\View\View.php(213): include('APPPATH\\Views\\payroll\\payroll_page.php')
 3 SYSTEMPATH\View\View.php(216): CodeIgniter\View\View->CodeIgniter\View\{closure}()
 4 SYSTEMPATH\Common.php(1134): CodeIgniter\View\View->render('payroll/payroll_page', [], true)
 5 APPPATH\Controllers\Payroll.php(211): view('payroll/payroll_page')
 6 SYSTEMPATH\CodeIgniter.php(927): App\Controllers\Payroll->payroll_view()
 7 SYSTEMPATH\CodeIgniter.php(482): CodeIgniter\CodeIgniter->runController(Object(App\Controllers\Payroll))
 8 SYSTEMPATH\CodeIgniter.php(351): CodeIgniter\CodeIgniter->handleRequest(null, Object(Config\Cache), false)
 9 FCPATH\index.php(87): CodeIgniter\CodeIgniter->run()
10 SYSTEMPATH\Commands\Server\rewrite.php(46): require_once('FCPATH\\index.php')
CRITICAL - 2024-04-18 02:21:50 --> Undefined variable $agent
in APPPATH\Views\payroll\payroll_page.php on line 45.
 1 APPPATH\Views\payroll\payroll_page.php(45): CodeIgniter\Debug\Exceptions->errorHandler(2, 'Undefined variable $agent', 'APPPATH\\Views\\payroll\\payroll_page.php', 45)
 2 SYSTEMPATH\View\View.php(213): include('APPPATH\\Views\\payroll\\payroll_page.php')
 3 SYSTEMPATH\View\View.php(216): CodeIgniter\View\View->CodeIgniter\View\{closure}()
 4 SYSTEMPATH\Common.php(1134): CodeIgniter\View\View->render('payroll/payroll_page', [], true)
 5 APPPATH\Controllers\Payroll.php(211): view('payroll/payroll_page')
 6 SYSTEMPATH\CodeIgniter.php(927): App\Controllers\Payroll->payroll_view()
 7 SYSTEMPATH\CodeIgniter.php(482): CodeIgniter\CodeIgniter->runController(Object(App\Controllers\Payroll))
 8 SYSTEMPATH\CodeIgniter.php(351): CodeIgniter\CodeIgniter->handleRequest(null, Object(Config\Cache), false)
 9 FCPATH\index.php(87): CodeIgniter\CodeIgniter->run()
10 SYSTEMPATH\Commands\Server\rewrite.php(46): require_once('FCPATH\\index.php')
CRITICAL - 2024-04-18 02:21:52 --> Undefined variable $agent
in APPPATH\Views\payroll\payroll_page.php on line 45.
 1 APPPATH\Views\payroll\payroll_page.php(45): CodeIgniter\Debug\Exceptions->errorHandler(2, 'Undefined variable $agent', 'APPPATH\\Views\\payroll\\payroll_page.php', 45)
 2 SYSTEMPATH\View\View.php(213): include('APPPATH\\Views\\payroll\\payroll_page.php')
 3 SYSTEMPATH\View\View.php(216): CodeIgniter\View\View->CodeIgniter\View\{closure}()
 4 SYSTEMPATH\Common.php(1134): CodeIgniter\View\View->render('payroll/payroll_page', [], true)
 5 APPPATH\Controllers\Payroll.php(211): view('payroll/payroll_page')
 6 SYSTEMPATH\CodeIgniter.php(927): App\Controllers\Payroll->payroll_view()
 7 SYSTEMPATH\CodeIgniter.php(482): CodeIgniter\CodeIgniter->runController(Object(App\Controllers\Payroll))
 8 SYSTEMPATH\CodeIgniter.php(351): CodeIgniter\CodeIgniter->handleRequest(null, Object(Config\Cache), false)
 9 FCPATH\index.php(87): CodeIgniter\CodeIgniter->run()
10 SYSTEMPATH\Commands\Server\rewrite.php(46): require_once('FCPATH\\index.php')
CRITICAL - 2024-04-18 04:46:48 --> Call to undefined method App\Models\Attendance_model::sum
in SYSTEMPATH\Model.php on line 774.
 1 APPPATH\Controllers\Payroll.php(218): CodeIgniter\Model->__call('sum', [...])
 2 SYSTEMPATH\CodeIgniter.php(927): App\Controllers\Payroll->calculateTotalSalary()
 3 SYSTEMPATH\CodeIgniter.php(482): CodeIgniter\CodeIgniter->runController(Object(App\Controllers\Payroll))
 4 SYSTEMPATH\CodeIgniter.php(351): CodeIgniter\CodeIgniter->handleRequest(null, Object(Config\Cache), false)
 5 FCPATH\index.php(87): CodeIgniter\CodeIgniter->run()
 6 SYSTEMPATH\Commands\Server\rewrite.php(46): require_once('FCPATH\\index.php')
CRITICAL - 2024-04-18 04:46:51 --> Call to undefined method App\Models\Attendance_model::sum
in SYSTEMPATH\Model.php on line 774.
 1 APPPATH\Controllers\Payroll.php(218): CodeIgniter\Model->__call('sum', [...])
 2 SYSTEMPATH\CodeIgniter.php(927): App\Controllers\Payroll->calculateTotalSalary()
 3 SYSTEMPATH\CodeIgniter.php(482): CodeIgniter\CodeIgniter->runController(Object(App\Controllers\Payroll))
 4 SYSTEMPATH\CodeIgniter.php(351): CodeIgniter\CodeIgniter->handleRequest(null, Object(Config\Cache), false)
 5 FCPATH\index.php(87): CodeIgniter\CodeIgniter->run()
 6 SYSTEMPATH\Commands\Server\rewrite.php(46): require_once('FCPATH\\index.php')
CRITICAL - 2024-04-18 04:52:42 --> Undefined variable $agents
in APPPATH\Views\payroll\payroll_page.php on line 36.
 1 APPPATH\Views\payroll\payroll_page.php(36): CodeIgniter\Debug\Exceptions->errorHandler(2, 'Undefined variable $agents', 'APPPATH\\Views\\payroll\\payroll_page.php', 36)
 2 SYSTEMPATH\View\View.php(213): include('APPPATH\\Views\\payroll\\payroll_page.php')
 3 SYSTEMPATH\View\View.php(216): CodeIgniter\View\View->CodeIgniter\View\{closure}()
 4 SYSTEMPATH\Common.php(1134): CodeIgniter\View\View->render('payroll/payroll_page', [], true)
 5 APPPATH\Controllers\Payroll.php(212): view('payroll/payroll_page', [...])
 6 SYSTEMPATH\CodeIgniter.php(927): App\Controllers\Payroll->payroll_view()
 7 SYSTEMPATH\CodeIgniter.php(482): CodeIgniter\CodeIgniter->runController(Object(App\Controllers\Payroll))
 8 SYSTEMPATH\CodeIgniter.php(351): CodeIgniter\CodeIgniter->handleRequest(null, Object(Config\Cache), false)
 9 FCPATH\index.php(87): CodeIgniter\CodeIgniter->run()
10 SYSTEMPATH\Commands\Server\rewrite.php(46): require_once('FCPATH\\index.php')
CRITICAL - 2024-04-18 05:19:27 --> Trying to access array offset on value of type null
in APPPATH\Controllers\Payroll.php on line 236.
 1 APPPATH\Controllers\Payroll.php(236): CodeIgniter\Debug\Exceptions->errorHandler(2, 'Trying to access array offset on value of type null', 'APPPATH\\Controllers\\Payroll.php', 236)
 2 SYSTEMPATH\CodeIgniter.php(927): App\Controllers\Payroll->calculate_total_salary()
 3 SYSTEMPATH\CodeIgniter.php(482): CodeIgniter\CodeIgniter->runController(Object(App\Controllers\Payroll))
 4 SYSTEMPATH\CodeIgniter.php(351): CodeIgniter\CodeIgniter->handleRequest(null, Object(Config\Cache), false)
 5 FCPATH\index.php(87): CodeIgniter\CodeIgniter->run()
 6 SYSTEMPATH\Commands\Server\rewrite.php(46): require_once('FCPATH\\index.php')
CRITICAL - 2024-04-18 05:19:27 --> Trying to access array offset on value of type null
in APPPATH\Controllers\Payroll.php on line 236.
 1 APPPATH\Controllers\Payroll.php(236): CodeIgniter\Debug\Exceptions->errorHandler(2, 'Trying to access array offset on value of type null', 'APPPATH\\Controllers\\Payroll.php', 236)
 2 SYSTEMPATH\CodeIgniter.php(927): App\Controllers\Payroll->calculate_total_salary()
 3 SYSTEMPATH\CodeIgniter.php(482): CodeIgniter\CodeIgniter->runController(Object(App\Controllers\Payroll))
 4 SYSTEMPATH\CodeIgniter.php(351): CodeIgniter\CodeIgniter->handleRequest(null, Object(Config\Cache), false)
 5 FCPATH\index.php(87): CodeIgniter\CodeIgniter->run()
 6 SYSTEMPATH\Commands\Server\rewrite.php(46): require_once('FCPATH\\index.php')
CRITICAL - 2024-04-18 05:19:27 --> Trying to access array offset on value of type null
in APPPATH\Controllers\Payroll.php on line 236.
 1 APPPATH\Controllers\Payroll.php(236): CodeIgniter\Debug\Exceptions->errorHandler(2, 'Trying to access array offset on value of type null', 'APPPATH\\Controllers\\Payroll.php', 236)
 2 SYSTEMPATH\CodeIgniter.php(927): App\Controllers\Payroll->calculate_total_salary()
 3 SYSTEMPATH\CodeIgniter.php(482): CodeIgniter\CodeIgniter->runController(Object(App\Controllers\Payroll))
 4 SYSTEMPATH\CodeIgniter.php(351): CodeIgniter\CodeIgniter->handleRequest(null, Object(Config\Cache), false)
 5 FCPATH\index.php(87): CodeIgniter\CodeIgniter->run()
 6 SYSTEMPATH\Commands\Server\rewrite.php(46): require_once('FCPATH\\index.php')
CRITICAL - 2024-04-18 05:19:28 --> Trying to access array offset on value of type null
in APPPATH\Controllers\Payroll.php on line 236.
 1 APPPATH\Controllers\Payroll.php(236): CodeIgniter\Debug\Exceptions->errorHandler(2, 'Trying to access array offset on value of type null', 'APPPATH\\Controllers\\Payroll.php', 236)
 2 SYSTEMPATH\CodeIgniter.php(927): App\Controllers\Payroll->calculate_total_salary()
 3 SYSTEMPATH\CodeIgniter.php(482): CodeIgniter\CodeIgniter->runController(Object(App\Controllers\Payroll))
 4 SYSTEMPATH\CodeIgniter.php(351): CodeIgniter\CodeIgniter->handleRequest(null, Object(Config\Cache), false)
 5 FCPATH\index.php(87): CodeIgniter\CodeIgniter->run()
 6 SYSTEMPATH\Commands\Server\rewrite.php(46): require_once('FCPATH\\index.php')
CRITICAL - 2024-04-18 05:19:30 --> Trying to access array offset on value of type null
in APPPATH\Controllers\Payroll.php on line 236.
 1 APPPATH\Controllers\Payroll.php(236): CodeIgniter\Debug\Exceptions->errorHandler(2, 'Trying to access array offset on value of type null', 'APPPATH\\Controllers\\Payroll.php', 236)
 2 SYSTEMPATH\CodeIgniter.php(927): App\Controllers\Payroll->calculate_total_salary()
 3 SYSTEMPATH\CodeIgniter.php(482): CodeIgniter\CodeIgniter->runController(Object(App\Controllers\Payroll))
 4 SYSTEMPATH\CodeIgniter.php(351): CodeIgniter\CodeIgniter->handleRequest(null, Object(Config\Cache), false)
 5 FCPATH\index.php(87): CodeIgniter\CodeIgniter->run()
 6 SYSTEMPATH\Commands\Server\rewrite.php(46): require_once('FCPATH\\index.php')
CRITICAL - 2024-04-18 05:19:32 --> Trying to access array offset on value of type null
in APPPATH\Controllers\Payroll.php on line 236.
 1 APPPATH\Controllers\Payroll.php(236): CodeIgniter\Debug\Exceptions->errorHandler(2, 'Trying to access array offset on value of type null', 'APPPATH\\Controllers\\Payroll.php', 236)
 2 SYSTEMPATH\CodeIgniter.php(927): App\Controllers\Payroll->calculate_total_salary()
 3 SYSTEMPATH\CodeIgniter.php(482): CodeIgniter\CodeIgniter->runController(Object(App\Controllers\Payroll))
 4 SYSTEMPATH\CodeIgniter.php(351): CodeIgniter\CodeIgniter->handleRequest(null, Object(Config\Cache), false)
 5 FCPATH\index.php(87): CodeIgniter\CodeIgniter->run()
 6 SYSTEMPATH\Commands\Server\rewrite.php(46): require_once('FCPATH\\index.php')
CRITICAL - 2024-04-18 05:19:45 --> Trying to access array offset on value of type null
in APPPATH\Controllers\Payroll.php on line 236.
 1 APPPATH\Controllers\Payroll.php(236): CodeIgniter\Debug\Exceptions->errorHandler(2, 'Trying to access array offset on value of type null', 'APPPATH\\Controllers\\Payroll.php', 236)
 2 SYSTEMPATH\CodeIgniter.php(927): App\Controllers\Payroll->calculate_total_salary()
 3 SYSTEMPATH\CodeIgniter.php(482): CodeIgniter\CodeIgniter->runController(Object(App\Controllers\Payroll))
 4 SYSTEMPATH\CodeIgniter.php(351): CodeIgniter\CodeIgniter->handleRequest(null, Object(Config\Cache), false)
 5 FCPATH\index.php(87): CodeIgniter\CodeIgniter->run()
 6 SYSTEMPATH\Commands\Server\rewrite.php(46): require_once('FCPATH\\index.php')
ERROR - 2024-04-18 05:19:52 --> mysqli_sql_exception: You have an error in your SQL syntax; check the manual that corresponds to your MySQL server version for the right syntax to use near 'IS NULL
AND `date` < IS NULL' at line 4 in C:\laragon\www\tamtechhub_inventory\system\Database\MySQLi\Connection.php:292
Stack trace:
#0 C:\laragon\www\tamtechhub_inventory\system\Database\MySQLi\Connection.php(292): mysqli->query('SELECT *\nFROM `...', 0)
#1 C:\laragon\www\tamtechhub_inventory\system\Database\BaseConnection.php(666): CodeIgniter\Database\MySQLi\Connection->execute('SELECT *\nFROM `...')
#2 C:\laragon\www\tamtechhub_inventory\system\Database\BaseConnection.php(593): CodeIgniter\Database\BaseConnection->simpleQuery('SELECT *\nFROM `...')
#3 C:\laragon\www\tamtechhub_inventory\system\Database\BaseBuilder.php(1585): CodeIgniter\Database\BaseConnection->query('SELECT *\nFROM `...', Array, false)
#4 C:\laragon\www\tamtechhub_inventory\system\Model.php(223): CodeIgniter\Database\BaseBuilder->get()
#5 C:\laragon\www\tamtechhub_inventory\system\BaseModel.php(585): CodeIgniter\Model->doFindAll(0, 0)
#6 C:\laragon\www\tamtechhub_inventory\app\Controllers\Payroll.php(225): CodeIgniter\BaseModel->findAll()
#7 C:\laragon\www\tamtechhub_inventory\system\CodeIgniter.php(927): App\Controllers\Payroll->calculate_total_salary()
#8 C:\laragon\www\tamtechhub_inventory\system\CodeIgniter.php(482): CodeIgniter\CodeIgniter->runController(Object(App\Controllers\Payroll))
#9 C:\laragon\www\tamtechhub_inventory\system\CodeIgniter.php(351): CodeIgniter\CodeIgniter->handleRequest(NULL, Object(Config\Cache), false)
#10 C:\laragon\www\tamtechhub_inventory\public\index.php(87): CodeIgniter\CodeIgniter->run()
#11 C:\laragon\www\tamtechhub_inventory\system\Commands\Server\rewrite.php(46): require_once('C:\\laragon\\www\\...')
#12 {main}
CRITICAL - 2024-04-18 05:19:52 --> You have an error in your SQL syntax; check the manual that corresponds to your MySQL server version for the right syntax to use near 'IS NULL
AND `date` < IS NULL' at line 4
in SYSTEMPATH\Database\MySQLi\Connection.php on line 292.
 1 SYSTEMPATH\Database\MySQLi\Connection.php(292): mysqli->query('SELECT *
FROM `attendance`
WHERE `agent_id` IS NULL
AND `date` > IS NULL
AND `date` < IS NULL', 0)
 2 SYSTEMPATH\Database\BaseConnection.php(666): CodeIgniter\Database\MySQLi\Connection->execute('SELECT *
FROM `attendance`
WHERE `agent_id` IS NULL
AND `date` > IS NULL
AND `date` < IS NULL')
 3 SYSTEMPATH\Database\BaseConnection.php(593): CodeIgniter\Database\BaseConnection->simpleQuery('SELECT *
FROM `attendance`
WHERE `agent_id` IS NULL
AND `date` > IS NULL
AND `date` < IS NULL')
 4 SYSTEMPATH\Database\BaseBuilder.php(1585): CodeIgniter\Database\BaseConnection->query('SELECT *
FROM `attendance`
WHERE `agent_id` IS NULL
AND `date` > IS NULL
AND `date` < IS NULL', [], false)
 5 SYSTEMPATH\Model.php(223): CodeIgniter\Database\BaseBuilder->get()
 6 SYSTEMPATH\BaseModel.php(585): CodeIgniter\Model->doFindAll(0, 0)
 7 APPPATH\Controllers\Payroll.php(225): CodeIgniter\BaseModel->findAll()
 8 SYSTEMPATH\CodeIgniter.php(927): App\Controllers\Payroll->calculate_total_salary()
 9 SYSTEMPATH\CodeIgniter.php(482): CodeIgniter\CodeIgniter->runController(Object(App\Controllers\Payroll))
10 SYSTEMPATH\CodeIgniter.php(351): CodeIgniter\CodeIgniter->handleRequest(null, Object(Config\Cache), false)
11 FCPATH\index.php(87): CodeIgniter\CodeIgniter->run()
12 SYSTEMPATH\Commands\Server\rewrite.php(46): require_once('FCPATH\\index.php')
CRITICAL - 2024-04-18 05:47:42 --> Trying to access array offset on value of type null
in APPPATH\Controllers\Payroll.php on line 238.
 1 APPPATH\Controllers\Payroll.php(238): CodeIgniter\Debug\Exceptions->errorHandler(2, 'Trying to access array offset on value of type null', 'APPPATH\\Controllers\\Payroll.php', 238)
 2 SYSTEMPATH\CodeIgniter.php(927): App\Controllers\Payroll->calculate_total_salary()
 3 SYSTEMPATH\CodeIgniter.php(482): CodeIgniter\CodeIgniter->runController(Object(App\Controllers\Payroll))
 4 SYSTEMPATH\CodeIgniter.php(351): CodeIgniter\CodeIgniter->handleRequest(null, Object(Config\Cache), false)
 5 FCPATH\index.php(87): CodeIgniter\CodeIgniter->run()
 6 SYSTEMPATH\Commands\Server\rewrite.php(46): require_once('FCPATH\\index.php')
CRITICAL - 2024-04-18 05:47:42 --> Trying to access array offset on value of type null
in APPPATH\Controllers\Payroll.php on line 238.
 1 APPPATH\Controllers\Payroll.php(238): CodeIgniter\Debug\Exceptions->errorHandler(2, 'Trying to access array offset on value of type null', 'APPPATH\\Controllers\\Payroll.php', 238)
 2 SYSTEMPATH\CodeIgniter.php(927): App\Controllers\Payroll->calculate_total_salary()
 3 SYSTEMPATH\CodeIgniter.php(482): CodeIgniter\CodeIgniter->runController(Object(App\Controllers\Payroll))
 4 SYSTEMPATH\CodeIgniter.php(351): CodeIgniter\CodeIgniter->handleRequest(null, Object(Config\Cache), false)
 5 FCPATH\index.php(87): CodeIgniter\CodeIgniter->run()
 6 SYSTEMPATH\Commands\Server\rewrite.php(46): require_once('FCPATH\\index.php')
CRITICAL - 2024-04-18 05:47:42 --> Trying to access array offset on value of type null
in APPPATH\Controllers\Payroll.php on line 238.
 1 APPPATH\Controllers\Payroll.php(238): CodeIgniter\Debug\Exceptions->errorHandler(2, 'Trying to access array offset on value of type null', 'APPPATH\\Controllers\\Payroll.php', 238)
 2 SYSTEMPATH\CodeIgniter.php(927): App\Controllers\Payroll->calculate_total_salary()
 3 SYSTEMPATH\CodeIgniter.php(482): CodeIgniter\CodeIgniter->runController(Object(App\Controllers\Payroll))
 4 SYSTEMPATH\CodeIgniter.php(351): CodeIgniter\CodeIgniter->handleRequest(null, Object(Config\Cache), false)
 5 FCPATH\index.php(87): CodeIgniter\CodeIgniter->run()
 6 SYSTEMPATH\Commands\Server\rewrite.php(46): require_once('FCPATH\\index.php')
CRITICAL - 2024-04-18 05:47:42 --> Trying to access array offset on value of type null
in APPPATH\Controllers\Payroll.php on line 238.
 1 APPPATH\Controllers\Payroll.php(238): CodeIgniter\Debug\Exceptions->errorHandler(2, 'Trying to access array offset on value of type null', 'APPPATH\\Controllers\\Payroll.php', 238)
 2 SYSTEMPATH\CodeIgniter.php(927): App\Controllers\Payroll->calculate_total_salary()
 3 SYSTEMPATH\CodeIgniter.php(482): CodeIgniter\CodeIgniter->runController(Object(App\Controllers\Payroll))
 4 SYSTEMPATH\CodeIgniter.php(351): CodeIgniter\CodeIgniter->handleRequest(null, Object(Config\Cache), false)
 5 FCPATH\index.php(87): CodeIgniter\CodeIgniter->run()
 6 SYSTEMPATH\Commands\Server\rewrite.php(46): require_once('FCPATH\\index.php')
CRITICAL - 2024-04-18 05:47:44 --> Trying to access array offset on value of type null
in APPPATH\Controllers\Payroll.php on line 238.
 1 APPPATH\Controllers\Payroll.php(238): CodeIgniter\Debug\Exceptions->errorHandler(2, 'Trying to access array offset on value of type null', 'APPPATH\\Controllers\\Payroll.php', 238)
 2 SYSTEMPATH\CodeIgniter.php(927): App\Controllers\Payroll->calculate_total_salary()
 3 SYSTEMPATH\CodeIgniter.php(482): CodeIgniter\CodeIgniter->runController(Object(App\Controllers\Payroll))
 4 SYSTEMPATH\CodeIgniter.php(351): CodeIgniter\CodeIgniter->handleRequest(null, Object(Config\Cache), false)
 5 FCPATH\index.php(87): CodeIgniter\CodeIgniter->run()
 6 SYSTEMPATH\Commands\Server\rewrite.php(46): require_once('FCPATH\\index.php')
CRITICAL - 2024-04-18 05:47:45 --> Trying to access array offset on value of type null
in APPPATH\Controllers\Payroll.php on line 238.
 1 APPPATH\Controllers\Payroll.php(238): CodeIgniter\Debug\Exceptions->errorHandler(2, 'Trying to access array offset on value of type null', 'APPPATH\\Controllers\\Payroll.php', 238)
 2 SYSTEMPATH\CodeIgniter.php(927): App\Controllers\Payroll->calculate_total_salary()
 3 SYSTEMPATH\CodeIgniter.php(482): CodeIgniter\CodeIgniter->runController(Object(App\Controllers\Payroll))
 4 SYSTEMPATH\CodeIgniter.php(351): CodeIgniter\CodeIgniter->handleRequest(null, Object(Config\Cache), false)
 5 FCPATH\index.php(87): CodeIgniter\CodeIgniter->run()
 6 SYSTEMPATH\Commands\Server\rewrite.php(46): require_once('FCPATH\\index.php')
CRITICAL - 2024-04-18 05:47:45 --> Trying to access array offset on value of type null
in APPPATH\Controllers\Payroll.php on line 238.
 1 APPPATH\Controllers\Payroll.php(238): CodeIgniter\Debug\Exceptions->errorHandler(2, 'Trying to access array offset on value of type null', 'APPPATH\\Controllers\\Payroll.php', 238)
 2 SYSTEMPATH\CodeIgniter.php(927): App\Controllers\Payroll->calculate_total_salary()
 3 SYSTEMPATH\CodeIgniter.php(482): CodeIgniter\CodeIgniter->runController(Object(App\Controllers\Payroll))
 4 SYSTEMPATH\CodeIgniter.php(351): CodeIgniter\CodeIgniter->handleRequest(null, Object(Config\Cache), false)
 5 FCPATH\index.php(87): CodeIgniter\CodeIgniter->run()
 6 SYSTEMPATH\Commands\Server\rewrite.php(46): require_once('FCPATH\\index.php')
ERROR - 2024-04-18 05:47:53 --> mysqli_sql_exception: You have an error in your SQL syntax; check the manual that corresponds to your MySQL server version for the right syntax to use near 'IS NULL
AND `date` < IS NULL' at line 4 in C:\laragon\www\tamtechhub_inventory\system\Database\MySQLi\Connection.php:292
Stack trace:
#0 C:\laragon\www\tamtechhub_inventory\system\Database\MySQLi\Connection.php(292): mysqli->query('SELECT *\nFROM `...', 0)
#1 C:\laragon\www\tamtechhub_inventory\system\Database\BaseConnection.php(666): CodeIgniter\Database\MySQLi\Connection->execute('SELECT *\nFROM `...')
#2 C:\laragon\www\tamtechhub_inventory\system\Database\BaseConnection.php(593): CodeIgniter\Database\BaseConnection->simpleQuery('SELECT *\nFROM `...')
#3 C:\laragon\www\tamtechhub_inventory\system\Database\BaseBuilder.php(1585): CodeIgniter\Database\BaseConnection->query('SELECT *\nFROM `...', Array, false)
#4 C:\laragon\www\tamtechhub_inventory\system\Model.php(223): CodeIgniter\Database\BaseBuilder->get()
#5 C:\laragon\www\tamtechhub_inventory\system\BaseModel.php(585): CodeIgniter\Model->doFindAll(0, 0)
#6 C:\laragon\www\tamtechhub_inventory\app\Controllers\Payroll.php(225): CodeIgniter\BaseModel->findAll()
#7 C:\laragon\www\tamtechhub_inventory\system\CodeIgniter.php(927): App\Controllers\Payroll->calculate_total_salary()
#8 C:\laragon\www\tamtechhub_inventory\system\CodeIgniter.php(482): CodeIgniter\CodeIgniter->runController(Object(App\Controllers\Payroll))
#9 C:\laragon\www\tamtechhub_inventory\system\CodeIgniter.php(351): CodeIgniter\CodeIgniter->handleRequest(NULL, Object(Config\Cache), false)
#10 C:\laragon\www\tamtechhub_inventory\public\index.php(87): CodeIgniter\CodeIgniter->run()
#11 C:\laragon\www\tamtechhub_inventory\system\Commands\Server\rewrite.php(46): require_once('C:\\laragon\\www\\...')
#12 {main}
CRITICAL - 2024-04-18 05:47:53 --> You have an error in your SQL syntax; check the manual that corresponds to your MySQL server version for the right syntax to use near 'IS NULL
AND `date` < IS NULL' at line 4
in SYSTEMPATH\Database\MySQLi\Connection.php on line 292.
 1 SYSTEMPATH\Database\MySQLi\Connection.php(292): mysqli->query('SELECT *
FROM `attendance`
WHERE `agent_id` IS NULL
AND `date` > IS NULL
AND `date` < IS NULL', 0)
 2 SYSTEMPATH\Database\BaseConnection.php(666): CodeIgniter\Database\MySQLi\Connection->execute('SELECT *
FROM `attendance`
WHERE `agent_id` IS NULL
AND `date` > IS NULL
AND `date` < IS NULL')
 3 SYSTEMPATH\Database\BaseConnection.php(593): CodeIgniter\Database\BaseConnection->simpleQuery('SELECT *
FROM `attendance`
WHERE `agent_id` IS NULL
AND `date` > IS NULL
AND `date` < IS NULL')
 4 SYSTEMPATH\Database\BaseBuilder.php(1585): CodeIgniter\Database\BaseConnection->query('SELECT *
FROM `attendance`
WHERE `agent_id` IS NULL
AND `date` > IS NULL
AND `date` < IS NULL', [], false)
 5 SYSTEMPATH\Model.php(223): CodeIgniter\Database\BaseBuilder->get()
 6 SYSTEMPATH\BaseModel.php(585): CodeIgniter\Model->doFindAll(0, 0)
 7 APPPATH\Controllers\Payroll.php(225): CodeIgniter\BaseModel->findAll()
 8 SYSTEMPATH\CodeIgniter.php(927): App\Controllers\Payroll->calculate_total_salary()
 9 SYSTEMPATH\CodeIgniter.php(482): CodeIgniter\CodeIgniter->runController(Object(App\Controllers\Payroll))
10 SYSTEMPATH\CodeIgniter.php(351): CodeIgniter\CodeIgniter->handleRequest(null, Object(Config\Cache), false)
11 FCPATH\index.php(87): CodeIgniter\CodeIgniter->run()
12 SYSTEMPATH\Commands\Server\rewrite.php(46): require_once('FCPATH\\index.php')
CRITICAL - 2024-04-18 06:55:42 --> Class "App\Controllers\DateTime" not found
in APPPATH\Controllers\Payroll.php on line 244.
 1 SYSTEMPATH\CodeIgniter.php(927): App\Controllers\Payroll->calculate_total_salary()
 2 SYSTEMPATH\CodeIgniter.php(482): CodeIgniter\CodeIgniter->runController(Object(App\Controllers\Payroll))
 3 SYSTEMPATH\CodeIgniter.php(351): CodeIgniter\CodeIgniter->handleRequest(null, Object(Config\Cache), false)
 4 FCPATH\index.php(87): CodeIgniter\CodeIgniter->run()
 5 SYSTEMPATH\Commands\Server\rewrite.php(46): require_once('FCPATH\\index.php')
CRITICAL - 2024-04-18 06:55:43 --> Class "App\Controllers\DateTime" not found
in APPPATH\Controllers\Payroll.php on line 244.
 1 SYSTEMPATH\CodeIgniter.php(927): App\Controllers\Payroll->calculate_total_salary()
 2 SYSTEMPATH\CodeIgniter.php(482): CodeIgniter\CodeIgniter->runController(Object(App\Controllers\Payroll))
 3 SYSTEMPATH\CodeIgniter.php(351): CodeIgniter\CodeIgniter->handleRequest(null, Object(Config\Cache), false)
 4 FCPATH\index.php(87): CodeIgniter\CodeIgniter->run()
 5 SYSTEMPATH\Commands\Server\rewrite.php(46): require_once('FCPATH\\index.php')
CRITICAL - 2024-04-18 06:55:43 --> Class "App\Controllers\DateTime" not found
in APPPATH\Controllers\Payroll.php on line 244.
 1 SYSTEMPATH\CodeIgniter.php(927): App\Controllers\Payroll->calculate_total_salary()
 2 SYSTEMPATH\CodeIgniter.php(482): CodeIgniter\CodeIgniter->runController(Object(App\Controllers\Payroll))
 3 SYSTEMPATH\CodeIgniter.php(351): CodeIgniter\CodeIgniter->handleRequest(null, Object(Config\Cache), false)
 4 FCPATH\index.php(87): CodeIgniter\CodeIgniter->run()
 5 SYSTEMPATH\Commands\Server\rewrite.php(46): require_once('FCPATH\\index.php')
CRITICAL - 2024-04-18 06:55:44 --> Class "App\Controllers\DateTime" not found
in APPPATH\Controllers\Payroll.php on line 244.
 1 SYSTEMPATH\CodeIgniter.php(927): App\Controllers\Payroll->calculate_total_salary()
 2 SYSTEMPATH\CodeIgniter.php(482): CodeIgniter\CodeIgniter->runController(Object(App\Controllers\Payroll))
 3 SYSTEMPATH\CodeIgniter.php(351): CodeIgniter\CodeIgniter->handleRequest(null, Object(Config\Cache), false)
 4 FCPATH\index.php(87): CodeIgniter\CodeIgniter->run()
 5 SYSTEMPATH\Commands\Server\rewrite.php(46): require_once('FCPATH\\index.php')
CRITICAL - 2024-04-18 06:55:50 --> Class "App\Controllers\DateTime" not found
in APPPATH\Controllers\Payroll.php on line 244.
 1 SYSTEMPATH\CodeIgniter.php(927): App\Controllers\Payroll->calculate_total_salary()
 2 SYSTEMPATH\CodeIgniter.php(482): CodeIgniter\CodeIgniter->runController(Object(App\Controllers\Payroll))
 3 SYSTEMPATH\CodeIgniter.php(351): CodeIgniter\CodeIgniter->handleRequest(null, Object(Config\Cache), false)
 4 FCPATH\index.php(87): CodeIgniter\CodeIgniter->run()
 5 SYSTEMPATH\Commands\Server\rewrite.php(46): require_once('FCPATH\\index.php')
CRITICAL - 2024-04-18 06:58:30 --> Undefined variable $shelteredDates
in APPPATH\Views\payroll\payroll_page.php on line 102.
 1 APPPATH\Views\payroll\payroll_page.php(102): CodeIgniter\Debug\Exceptions->errorHandler(2, 'Undefined variable $shelteredDates', 'APPPATH\\Views\\payroll\\payroll_page.php', 102)
 2 SYSTEMPATH\View\View.php(213): include('APPPATH\\Views\\payroll\\payroll_page.php')
 3 SYSTEMPATH\View\View.php(216): CodeIgniter\View\View->CodeIgniter\View\{closure}()
 4 SYSTEMPATH\Common.php(1134): CodeIgniter\View\View->render('payroll/payroll_page', [], true)
 5 APPPATH\Controllers\Payroll.php(212): view('payroll/payroll_page', [...])
 6 SYSTEMPATH\CodeIgniter.php(927): App\Controllers\Payroll->payroll_view()
 7 SYSTEMPATH\CodeIgniter.php(482): CodeIgniter\CodeIgniter->runController(Object(App\Controllers\Payroll))
 8 SYSTEMPATH\CodeIgniter.php(351): CodeIgniter\CodeIgniter->handleRequest(null, Object(Config\Cache), false)
 9 FCPATH\index.php(87): CodeIgniter\CodeIgniter->run()
10 SYSTEMPATH\Commands\Server\rewrite.php(46): require_once('FCPATH\\index.php')
CRITICAL - 2024-04-18 19:53:28 --> Undefined array key "daily_salary"
in APPPATH\Controllers\Payroll.php on line 232.
 1 APPPATH\Controllers\Payroll.php(232): CodeIgniter\Debug\Exceptions->errorHandler(2, 'Undefined array key "daily_salary"', 'APPPATH\\Controllers\\Payroll.php', 232)
 2 SYSTEMPATH\CodeIgniter.php(927): App\Controllers\Payroll->calculate_total_salary()
 3 SYSTEMPATH\CodeIgniter.php(482): CodeIgniter\CodeIgniter->runController(Object(App\Controllers\Payroll))
 4 SYSTEMPATH\CodeIgniter.php(351): CodeIgniter\CodeIgniter->handleRequest(null, Object(Config\Cache), false)
 5 FCPATH\index.php(87): CodeIgniter\CodeIgniter->run()
 6 SYSTEMPATH\Commands\Server\rewrite.php(46): require_once('FCPATH\\index.php')
CRITICAL - 2024-04-18 19:53:30 --> Undefined array key "daily_salary"
in APPPATH\Controllers\Payroll.php on line 232.
 1 APPPATH\Controllers\Payroll.php(232): CodeIgniter\Debug\Exceptions->errorHandler(2, 'Undefined array key "daily_salary"', 'APPPATH\\Controllers\\Payroll.php', 232)
 2 SYSTEMPATH\CodeIgniter.php(927): App\Controllers\Payroll->calculate_total_salary()
 3 SYSTEMPATH\CodeIgniter.php(482): CodeIgniter\CodeIgniter->runController(Object(App\Controllers\Payroll))
 4 SYSTEMPATH\CodeIgniter.php(351): CodeIgniter\CodeIgniter->handleRequest(null, Object(Config\Cache), false)
 5 FCPATH\index.php(87): CodeIgniter\CodeIgniter->run()
 6 SYSTEMPATH\Commands\Server\rewrite.php(46): require_once('FCPATH\\index.php')
CRITICAL - 2024-04-18 19:53:30 --> Undefined array key "daily_salary"
in APPPATH\Controllers\Payroll.php on line 232.
 1 APPPATH\Controllers\Payroll.php(232): CodeIgniter\Debug\Exceptions->errorHandler(2, 'Undefined array key "daily_salary"', 'APPPATH\\Controllers\\Payroll.php', 232)
 2 SYSTEMPATH\CodeIgniter.php(927): App\Controllers\Payroll->calculate_total_salary()
 3 SYSTEMPATH\CodeIgniter.php(482): CodeIgniter\CodeIgniter->runController(Object(App\Controllers\Payroll))
 4 SYSTEMPATH\CodeIgniter.php(351): CodeIgniter\CodeIgniter->handleRequest(null, Object(Config\Cache), false)
 5 FCPATH\index.php(87): CodeIgniter\CodeIgniter->run()
 6 SYSTEMPATH\Commands\Server\rewrite.php(46): require_once('FCPATH\\index.php')
CRITICAL - 2024-04-18 19:53:31 --> Undefined array key "daily_salary"
in APPPATH\Controllers\Payroll.php on line 232.
 1 APPPATH\Controllers\Payroll.php(232): CodeIgniter\Debug\Exceptions->errorHandler(2, 'Undefined array key "daily_salary"', 'APPPATH\\Controllers\\Payroll.php', 232)
 2 SYSTEMPATH\CodeIgniter.php(927): App\Controllers\Payroll->calculate_total_salary()
 3 SYSTEMPATH\CodeIgniter.php(482): CodeIgniter\CodeIgniter->runController(Object(App\Controllers\Payroll))
 4 SYSTEMPATH\CodeIgniter.php(351): CodeIgniter\CodeIgniter->handleRequest(null, Object(Config\Cache), false)
 5 FCPATH\index.php(87): CodeIgniter\CodeIgniter->run()
 6 SYSTEMPATH\Commands\Server\rewrite.php(46): require_once('FCPATH\\index.php')
CRITICAL - 2024-04-18 20:03:28 --> Class "App\Controllers\DateTime" not found
in APPPATH\Controllers\Payroll.php on line 221.
 1 SYSTEMPATH\CodeIgniter.php(927): App\Controllers\Payroll->calculate_total_salary()
 2 SYSTEMPATH\CodeIgniter.php(482): CodeIgniter\CodeIgniter->runController(Object(App\Controllers\Payroll))
 3 SYSTEMPATH\CodeIgniter.php(351): CodeIgniter\CodeIgniter->handleRequest(null, Object(Config\Cache), false)
 4 FCPATH\index.php(87): CodeIgniter\CodeIgniter->run()
 5 SYSTEMPATH\Commands\Server\rewrite.php(46): require_once('FCPATH\\index.php')
CRITICAL - 2024-04-18 20:03:30 --> Class "App\Controllers\DateTime" not found
in APPPATH\Controllers\Payroll.php on line 221.
 1 SYSTEMPATH\CodeIgniter.php(927): App\Controllers\Payroll->calculate_total_salary()
 2 SYSTEMPATH\CodeIgniter.php(482): CodeIgniter\CodeIgniter->runController(Object(App\Controllers\Payroll))
 3 SYSTEMPATH\CodeIgniter.php(351): CodeIgniter\CodeIgniter->handleRequest(null, Object(Config\Cache), false)
 4 FCPATH\index.php(87): CodeIgniter\CodeIgniter->run()
 5 SYSTEMPATH\Commands\Server\rewrite.php(46): require_once('FCPATH\\index.php')
CRITICAL - 2024-04-18 20:03:30 --> Class "App\Controllers\DateTime" not found
in APPPATH\Controllers\Payroll.php on line 221.
 1 SYSTEMPATH\CodeIgniter.php(927): App\Controllers\Payroll->calculate_total_salary()
 2 SYSTEMPATH\CodeIgniter.php(482): CodeIgniter\CodeIgniter->runController(Object(App\Controllers\Payroll))
 3 SYSTEMPATH\CodeIgniter.php(351): CodeIgniter\CodeIgniter->handleRequest(null, Object(Config\Cache), false)
 4 FCPATH\index.php(87): CodeIgniter\CodeIgniter->run()
 5 SYSTEMPATH\Commands\Server\rewrite.php(46): require_once('FCPATH\\index.php')
CRITICAL - 2024-04-18 20:03:30 --> Class "App\Controllers\DateTime" not found
in APPPATH\Controllers\Payroll.php on line 221.
 1 SYSTEMPATH\CodeIgniter.php(927): App\Controllers\Payroll->calculate_total_salary()
 2 SYSTEMPATH\CodeIgniter.php(482): CodeIgniter\CodeIgniter->runController(Object(App\Controllers\Payroll))
 3 SYSTEMPATH\CodeIgniter.php(351): CodeIgniter\CodeIgniter->handleRequest(null, Object(Config\Cache), false)
 4 FCPATH\index.php(87): CodeIgniter\CodeIgniter->run()
 5 SYSTEMPATH\Commands\Server\rewrite.php(46): require_once('FCPATH\\index.php')
CRITICAL - 2024-04-18 20:03:36 --> Class "App\Controllers\DateTime" not found
in APPPATH\Controllers\Payroll.php on line 221.
 1 SYSTEMPATH\CodeIgniter.php(927): App\Controllers\Payroll->calculate_total_salary()
 2 SYSTEMPATH\CodeIgniter.php(482): CodeIgniter\CodeIgniter->runController(Object(App\Controllers\Payroll))
 3 SYSTEMPATH\CodeIgniter.php(351): CodeIgniter\CodeIgniter->handleRequest(null, Object(Config\Cache), false)
 4 FCPATH\index.php(87): CodeIgniter\CodeIgniter->run()
 5 SYSTEMPATH\Commands\Server\rewrite.php(46): require_once('FCPATH\\index.php')
CRITICAL - 2024-04-18 20:03:36 --> Class "App\Controllers\DateTime" not found
in APPPATH\Controllers\Payroll.php on line 221.
 1 SYSTEMPATH\CodeIgniter.php(927): App\Controllers\Payroll->calculate_total_salary()
 2 SYSTEMPATH\CodeIgniter.php(482): CodeIgniter\CodeIgniter->runController(Object(App\Controllers\Payroll))
 3 SYSTEMPATH\CodeIgniter.php(351): CodeIgniter\CodeIgniter->handleRequest(null, Object(Config\Cache), false)
 4 FCPATH\index.php(87): CodeIgniter\CodeIgniter->run()
 5 SYSTEMPATH\Commands\Server\rewrite.php(46): require_once('FCPATH\\index.php')
CRITICAL - 2024-04-18 20:24:47 --> Trying to access array offset on value of type null
in APPPATH\Controllers\Payroll.php on line 229.
 1 APPPATH\Controllers\Payroll.php(229): CodeIgniter\Debug\Exceptions->errorHandler(2, 'Trying to access array offset on value of type null', 'APPPATH\\Controllers\\Payroll.php', 229)
 2 SYSTEMPATH\CodeIgniter.php(927): App\Controllers\Payroll->calculate_total_salary()
 3 SYSTEMPATH\CodeIgniter.php(482): CodeIgniter\CodeIgniter->runController(Object(App\Controllers\Payroll))
 4 SYSTEMPATH\CodeIgniter.php(351): CodeIgniter\CodeIgniter->handleRequest(null, Object(Config\Cache), false)
 5 FCPATH\index.php(87): CodeIgniter\CodeIgniter->run()
 6 SYSTEMPATH\Commands\Server\rewrite.php(46): require_once('FCPATH\\index.php')
CRITICAL - 2024-04-18 20:24:51 --> Trying to access array offset on value of type null
in APPPATH\Controllers\Payroll.php on line 229.
 1 APPPATH\Controllers\Payroll.php(229): CodeIgniter\Debug\Exceptions->errorHandler(2, 'Trying to access array offset on value of type null', 'APPPATH\\Controllers\\Payroll.php', 229)
 2 SYSTEMPATH\CodeIgniter.php(927): App\Controllers\Payroll->calculate_total_salary()
 3 SYSTEMPATH\CodeIgniter.php(482): CodeIgniter\CodeIgniter->runController(Object(App\Controllers\Payroll))
 4 SYSTEMPATH\CodeIgniter.php(351): CodeIgniter\CodeIgniter->handleRequest(null, Object(Config\Cache), false)
 5 FCPATH\index.php(87): CodeIgniter\CodeIgniter->run()
 6 SYSTEMPATH\Commands\Server\rewrite.php(46): require_once('FCPATH\\index.php')
CRITICAL - 2024-04-18 20:24:54 --> Trying to access array offset on value of type null
in APPPATH\Controllers\Payroll.php on line 229.
 1 APPPATH\Controllers\Payroll.php(229): CodeIgniter\Debug\Exceptions->errorHandler(2, 'Trying to access array offset on value of type null', 'APPPATH\\Controllers\\Payroll.php', 229)
 2 SYSTEMPATH\CodeIgniter.php(927): App\Controllers\Payroll->calculate_total_salary()
 3 SYSTEMPATH\CodeIgniter.php(482): CodeIgniter\CodeIgniter->runController(Object(App\Controllers\Payroll))
 4 SYSTEMPATH\CodeIgniter.php(351): CodeIgniter\CodeIgniter->handleRequest(null, Object(Config\Cache), false)
 5 FCPATH\index.php(87): CodeIgniter\CodeIgniter->run()
 6 SYSTEMPATH\Commands\Server\rewrite.php(46): require_once('FCPATH\\index.php')
CRITICAL - 2024-04-18 20:24:55 --> Trying to access array offset on value of type null
in APPPATH\Controllers\Payroll.php on line 229.
 1 APPPATH\Controllers\Payroll.php(229): CodeIgniter\Debug\Exceptions->errorHandler(2, 'Trying to access array offset on value of type null', 'APPPATH\\Controllers\\Payroll.php', 229)
 2 SYSTEMPATH\CodeIgniter.php(927): App\Controllers\Payroll->calculate_total_salary()
 3 SYSTEMPATH\CodeIgniter.php(482): CodeIgniter\CodeIgniter->runController(Object(App\Controllers\Payroll))
 4 SYSTEMPATH\CodeIgniter.php(351): CodeIgniter\CodeIgniter->handleRequest(null, Object(Config\Cache), false)
 5 FCPATH\index.php(87): CodeIgniter\CodeIgniter->run()
 6 SYSTEMPATH\Commands\Server\rewrite.php(46): require_once('FCPATH\\index.php')
CRITICAL - 2024-04-18 20:24:55 --> Trying to access array offset on value of type null
in APPPATH\Controllers\Payroll.php on line 229.
 1 APPPATH\Controllers\Payroll.php(229): CodeIgniter\Debug\Exceptions->errorHandler(2, 'Trying to access array offset on value of type null', 'APPPATH\\Controllers\\Payroll.php', 229)
 2 SYSTEMPATH\CodeIgniter.php(927): App\Controllers\Payroll->calculate_total_salary()
 3 SYSTEMPATH\CodeIgniter.php(482): CodeIgniter\CodeIgniter->runController(Object(App\Controllers\Payroll))
 4 SYSTEMPATH\CodeIgniter.php(351): CodeIgniter\CodeIgniter->handleRequest(null, Object(Config\Cache), false)
 5 FCPATH\index.php(87): CodeIgniter\CodeIgniter->run()
 6 SYSTEMPATH\Commands\Server\rewrite.php(46): require_once('FCPATH\\index.php')
CRITICAL - 2024-04-18 20:29:31 --> Undefined array key "start_time"
in APPPATH\Controllers\Payroll.php on line 236.
 1 APPPATH\Controllers\Payroll.php(236): CodeIgniter\Debug\Exceptions->errorHandler(2, 'Undefined array key "start_time"', 'APPPATH\\Controllers\\Payroll.php', 236)
 2 SYSTEMPATH\CodeIgniter.php(927): App\Controllers\Payroll->calculate_total_salary()
 3 SYSTEMPATH\CodeIgniter.php(482): CodeIgniter\CodeIgniter->runController(Object(App\Controllers\Payroll))
 4 SYSTEMPATH\CodeIgniter.php(351): CodeIgniter\CodeIgniter->handleRequest(null, Object(Config\Cache), false)
 5 FCPATH\index.php(87): CodeIgniter\CodeIgniter->run()
 6 SYSTEMPATH\Commands\Server\rewrite.php(46): require_once('FCPATH\\index.php')
CRITICAL - 2024-04-18 20:29:32 --> Undefined array key "start_time"
in APPPATH\Controllers\Payroll.php on line 236.
 1 APPPATH\Controllers\Payroll.php(236): CodeIgniter\Debug\Exceptions->errorHandler(2, 'Undefined array key "start_time"', 'APPPATH\\Controllers\\Payroll.php', 236)
 2 SYSTEMPATH\CodeIgniter.php(927): App\Controllers\Payroll->calculate_total_salary()
 3 SYSTEMPATH\CodeIgniter.php(482): CodeIgniter\CodeIgniter->runController(Object(App\Controllers\Payroll))
 4 SYSTEMPATH\CodeIgniter.php(351): CodeIgniter\CodeIgniter->handleRequest(null, Object(Config\Cache), false)
 5 FCPATH\index.php(87): CodeIgniter\CodeIgniter->run()
 6 SYSTEMPATH\Commands\Server\rewrite.php(46): require_once('FCPATH\\index.php')
CRITICAL - 2024-04-18 20:29:33 --> Undefined array key "start_time"
in APPPATH\Controllers\Payroll.php on line 236.
 1 APPPATH\Controllers\Payroll.php(236): CodeIgniter\Debug\Exceptions->errorHandler(2, 'Undefined array key "start_time"', 'APPPATH\\Controllers\\Payroll.php', 236)
 2 SYSTEMPATH\CodeIgniter.php(927): App\Controllers\Payroll->calculate_total_salary()
 3 SYSTEMPATH\CodeIgniter.php(482): CodeIgniter\CodeIgniter->runController(Object(App\Controllers\Payroll))
 4 SYSTEMPATH\CodeIgniter.php(351): CodeIgniter\CodeIgniter->handleRequest(null, Object(Config\Cache), false)
 5 FCPATH\index.php(87): CodeIgniter\CodeIgniter->run()
 6 SYSTEMPATH\Commands\Server\rewrite.php(46): require_once('FCPATH\\index.php')
CRITICAL - 2024-04-18 20:29:33 --> Undefined array key "start_time"
in APPPATH\Controllers\Payroll.php on line 236.
 1 APPPATH\Controllers\Payroll.php(236): CodeIgniter\Debug\Exceptions->errorHandler(2, 'Undefined array key "start_time"', 'APPPATH\\Controllers\\Payroll.php', 236)
 2 SYSTEMPATH\CodeIgniter.php(927): App\Controllers\Payroll->calculate_total_salary()
 3 SYSTEMPATH\CodeIgniter.php(482): CodeIgniter\CodeIgniter->runController(Object(App\Controllers\Payroll))
 4 SYSTEMPATH\CodeIgniter.php(351): CodeIgniter\CodeIgniter->handleRequest(null, Object(Config\Cache), false)
 5 FCPATH\index.php(87): CodeIgniter\CodeIgniter->run()
 6 SYSTEMPATH\Commands\Server\rewrite.php(46): require_once('FCPATH\\index.php')
CRITICAL - 2024-04-18 20:29:36 --> Undefined array key "start_time"
in APPPATH\Controllers\Payroll.php on line 236.
 1 APPPATH\Controllers\Payroll.php(236): CodeIgniter\Debug\Exceptions->errorHandler(2, 'Undefined array key "start_time"', 'APPPATH\\Controllers\\Payroll.php', 236)
 2 SYSTEMPATH\CodeIgniter.php(927): App\Controllers\Payroll->calculate_total_salary()
 3 SYSTEMPATH\CodeIgniter.php(482): CodeIgniter\CodeIgniter->runController(Object(App\Controllers\Payroll))
 4 SYSTEMPATH\CodeIgniter.php(351): CodeIgniter\CodeIgniter->handleRequest(null, Object(Config\Cache), false)
 5 FCPATH\index.php(87): CodeIgniter\CodeIgniter->run()
 6 SYSTEMPATH\Commands\Server\rewrite.php(46): require_once('FCPATH\\index.php')
CRITICAL - 2024-04-18 20:29:36 --> Undefined array key "start_time"
in APPPATH\Controllers\Payroll.php on line 236.
 1 APPPATH\Controllers\Payroll.php(236): CodeIgniter\Debug\Exceptions->errorHandler(2, 'Undefined array key "start_time"', 'APPPATH\\Controllers\\Payroll.php', 236)
 2 SYSTEMPATH\CodeIgniter.php(927): App\Controllers\Payroll->calculate_total_salary()
 3 SYSTEMPATH\CodeIgniter.php(482): CodeIgniter\CodeIgniter->runController(Object(App\Controllers\Payroll))
 4 SYSTEMPATH\CodeIgniter.php(351): CodeIgniter\CodeIgniter->handleRequest(null, Object(Config\Cache), false)
 5 FCPATH\index.php(87): CodeIgniter\CodeIgniter->run()
 6 SYSTEMPATH\Commands\Server\rewrite.php(46): require_once('FCPATH\\index.php')
CRITICAL - 2024-04-18 20:29:36 --> Undefined array key "start_time"
in APPPATH\Controllers\Payroll.php on line 236.
 1 APPPATH\Controllers\Payroll.php(236): CodeIgniter\Debug\Exceptions->errorHandler(2, 'Undefined array key "start_time"', 'APPPATH\\Controllers\\Payroll.php', 236)
 2 SYSTEMPATH\CodeIgniter.php(927): App\Controllers\Payroll->calculate_total_salary()
 3 SYSTEMPATH\CodeIgniter.php(482): CodeIgniter\CodeIgniter->runController(Object(App\Controllers\Payroll))
 4 SYSTEMPATH\CodeIgniter.php(351): CodeIgniter\CodeIgniter->handleRequest(null, Object(Config\Cache), false)
 5 FCPATH\index.php(87): CodeIgniter\CodeIgniter->run()
 6 SYSTEMPATH\Commands\Server\rewrite.php(46): require_once('FCPATH\\index.php')
CRITICAL - 2024-04-18 20:59:55 --> Undefined array key "start_time"
in APPPATH\Controllers\Payroll.php on line 236.
 1 APPPATH\Controllers\Payroll.php(236): CodeIgniter\Debug\Exceptions->errorHandler(2, 'Undefined array key "start_time"', 'APPPATH\\Controllers\\Payroll.php', 236)
 2 SYSTEMPATH\CodeIgniter.php(927): App\Controllers\Payroll->calculate_total_salary()
 3 SYSTEMPATH\CodeIgniter.php(482): CodeIgniter\CodeIgniter->runController(Object(App\Controllers\Payroll))
 4 SYSTEMPATH\CodeIgniter.php(351): CodeIgniter\CodeIgniter->handleRequest(null, Object(Config\Cache), false)
 5 FCPATH\index.php(87): CodeIgniter\CodeIgniter->run()
 6 SYSTEMPATH\Commands\Server\rewrite.php(46): require_once('FCPATH\\index.php')
CRITICAL - 2024-04-18 20:59:57 --> Undefined array key "start_time"
in APPPATH\Controllers\Payroll.php on line 236.
 1 APPPATH\Controllers\Payroll.php(236): CodeIgniter\Debug\Exceptions->errorHandler(2, 'Undefined array key "start_time"', 'APPPATH\\Controllers\\Payroll.php', 236)
 2 SYSTEMPATH\CodeIgniter.php(927): App\Controllers\Payroll->calculate_total_salary()
 3 SYSTEMPATH\CodeIgniter.php(482): CodeIgniter\CodeIgniter->runController(Object(App\Controllers\Payroll))
 4 SYSTEMPATH\CodeIgniter.php(351): CodeIgniter\CodeIgniter->handleRequest(null, Object(Config\Cache), false)
 5 FCPATH\index.php(87): CodeIgniter\CodeIgniter->run()
 6 SYSTEMPATH\Commands\Server\rewrite.php(46): require_once('FCPATH\\index.php')
CRITICAL - 2024-04-18 21:20:27 --> Undefined array key "status"
in APPPATH\Controllers\Payroll.php on line 246.
 1 APPPATH\Controllers\Payroll.php(246): CodeIgniter\Debug\Exceptions->errorHandler(2, 'Undefined array key "status"', 'APPPATH\\Controllers\\Payroll.php', 246)
 2 SYSTEMPATH\CodeIgniter.php(927): App\Controllers\Payroll->calculate_total_salary()
 3 SYSTEMPATH\CodeIgniter.php(482): CodeIgniter\CodeIgniter->runController(Object(App\Controllers\Payroll))
 4 SYSTEMPATH\CodeIgniter.php(351): CodeIgniter\CodeIgniter->handleRequest(null, Object(Config\Cache), false)
 5 FCPATH\index.php(87): CodeIgniter\CodeIgniter->run()
 6 SYSTEMPATH\Commands\Server\rewrite.php(46): require_once('FCPATH\\index.php')
CRITICAL - 2024-04-18 21:20:28 --> Undefined array key "status"
in APPPATH\Controllers\Payroll.php on line 246.
 1 APPPATH\Controllers\Payroll.php(246): CodeIgniter\Debug\Exceptions->errorHandler(2, 'Undefined array key "status"', 'APPPATH\\Controllers\\Payroll.php', 246)
 2 SYSTEMPATH\CodeIgniter.php(927): App\Controllers\Payroll->calculate_total_salary()
 3 SYSTEMPATH\CodeIgniter.php(482): CodeIgniter\CodeIgniter->runController(Object(App\Controllers\Payroll))
 4 SYSTEMPATH\CodeIgniter.php(351): CodeIgniter\CodeIgniter->handleRequest(null, Object(Config\Cache), false)
 5 FCPATH\index.php(87): CodeIgniter\CodeIgniter->run()
 6 SYSTEMPATH\Commands\Server\rewrite.php(46): require_once('FCPATH\\index.php')
CRITICAL - 2024-04-18 21:20:28 --> Undefined array key "status"
in APPPATH\Controllers\Payroll.php on line 246.
 1 APPPATH\Controllers\Payroll.php(246): CodeIgniter\Debug\Exceptions->errorHandler(2, 'Undefined array key "status"', 'APPPATH\\Controllers\\Payroll.php', 246)
 2 SYSTEMPATH\CodeIgniter.php(927): App\Controllers\Payroll->calculate_total_salary()
 3 SYSTEMPATH\CodeIgniter.php(482): CodeIgniter\CodeIgniter->runController(Object(App\Controllers\Payroll))
 4 SYSTEMPATH\CodeIgniter.php(351): CodeIgniter\CodeIgniter->handleRequest(null, Object(Config\Cache), false)
 5 FCPATH\index.php(87): CodeIgniter\CodeIgniter->run()
 6 SYSTEMPATH\Commands\Server\rewrite.php(46): require_once('FCPATH\\index.php')
CRITICAL - 2024-04-18 21:20:28 --> Undefined array key "status"
in APPPATH\Controllers\Payroll.php on line 246.
 1 APPPATH\Controllers\Payroll.php(246): CodeIgniter\Debug\Exceptions->errorHandler(2, 'Undefined array key "status"', 'APPPATH\\Controllers\\Payroll.php', 246)
 2 SYSTEMPATH\CodeIgniter.php(927): App\Controllers\Payroll->calculate_total_salary()
 3 SYSTEMPATH\CodeIgniter.php(482): CodeIgniter\CodeIgniter->runController(Object(App\Controllers\Payroll))
 4 SYSTEMPATH\CodeIgniter.php(351): CodeIgniter\CodeIgniter->handleRequest(null, Object(Config\Cache), false)
 5 FCPATH\index.php(87): CodeIgniter\CodeIgniter->run()
 6 SYSTEMPATH\Commands\Server\rewrite.php(46): require_once('FCPATH\\index.php')
CRITICAL - 2024-04-18 21:20:29 --> Undefined array key "status"
in APPPATH\Controllers\Payroll.php on line 246.
 1 APPPATH\Controllers\Payroll.php(246): CodeIgniter\Debug\Exceptions->errorHandler(2, 'Undefined array key "status"', 'APPPATH\\Controllers\\Payroll.php', 246)
 2 SYSTEMPATH\CodeIgniter.php(927): App\Controllers\Payroll->calculate_total_salary()
 3 SYSTEMPATH\CodeIgniter.php(482): CodeIgniter\CodeIgniter->runController(Object(App\Controllers\Payroll))
 4 SYSTEMPATH\CodeIgniter.php(351): CodeIgniter\CodeIgniter->handleRequest(null, Object(Config\Cache), false)
 5 FCPATH\index.php(87): CodeIgniter\CodeIgniter->run()
 6 SYSTEMPATH\Commands\Server\rewrite.php(46): require_once('FCPATH\\index.php')
CRITICAL - 2024-04-18 22:17:53 --> Division by zero
in APPPATH\Controllers\Payroll.php on line 301.
 1 SYSTEMPATH\CodeIgniter.php(927): App\Controllers\Payroll->calculate_total_salary()
 2 SYSTEMPATH\CodeIgniter.php(482): CodeIgniter\CodeIgniter->runController(Object(App\Controllers\Payroll))
 3 SYSTEMPATH\CodeIgniter.php(351): CodeIgniter\CodeIgniter->handleRequest(null, Object(Config\Cache), false)
 4 FCPATH\index.php(87): CodeIgniter\CodeIgniter->run()
 5 SYSTEMPATH\Commands\Server\rewrite.php(46): require_once('FCPATH\\index.php')
CRITICAL - 2024-04-18 22:17:53 --> Division by zero
in APPPATH\Controllers\Payroll.php on line 301.
 1 SYSTEMPATH\CodeIgniter.php(927): App\Controllers\Payroll->calculate_total_salary()
 2 SYSTEMPATH\CodeIgniter.php(482): CodeIgniter\CodeIgniter->runController(Object(App\Controllers\Payroll))
 3 SYSTEMPATH\CodeIgniter.php(351): CodeIgniter\CodeIgniter->handleRequest(null, Object(Config\Cache), false)
 4 FCPATH\index.php(87): CodeIgniter\CodeIgniter->run()
 5 SYSTEMPATH\Commands\Server\rewrite.php(46): require_once('FCPATH\\index.php')
CRITICAL - 2024-04-18 22:17:54 --> Division by zero
in APPPATH\Controllers\Payroll.php on line 301.
 1 SYSTEMPATH\CodeIgniter.php(927): App\Controllers\Payroll->calculate_total_salary()
 2 SYSTEMPATH\CodeIgniter.php(482): CodeIgniter\CodeIgniter->runController(Object(App\Controllers\Payroll))
 3 SYSTEMPATH\CodeIgniter.php(351): CodeIgniter\CodeIgniter->handleRequest(null, Object(Config\Cache), false)
 4 FCPATH\index.php(87): CodeIgniter\CodeIgniter->run()
 5 SYSTEMPATH\Commands\Server\rewrite.php(46): require_once('FCPATH\\index.php')
CRITICAL - 2024-04-18 22:17:54 --> Division by zero
in APPPATH\Controllers\Payroll.php on line 301.
 1 SYSTEMPATH\CodeIgniter.php(927): App\Controllers\Payroll->calculate_total_salary()
 2 SYSTEMPATH\CodeIgniter.php(482): CodeIgniter\CodeIgniter->runController(Object(App\Controllers\Payroll))
 3 SYSTEMPATH\CodeIgniter.php(351): CodeIgniter\CodeIgniter->handleRequest(null, Object(Config\Cache), false)
 4 FCPATH\index.php(87): CodeIgniter\CodeIgniter->run()
 5 SYSTEMPATH\Commands\Server\rewrite.php(46): require_once('FCPATH\\index.php')
CRITICAL - 2024-04-18 22:17:57 --> Division by zero
in APPPATH\Controllers\Payroll.php on line 301.
 1 SYSTEMPATH\CodeIgniter.php(927): App\Controllers\Payroll->calculate_total_salary()
 2 SYSTEMPATH\CodeIgniter.php(482): CodeIgniter\CodeIgniter->runController(Object(App\Controllers\Payroll))
 3 SYSTEMPATH\CodeIgniter.php(351): CodeIgniter\CodeIgniter->handleRequest(null, Object(Config\Cache), false)
 4 FCPATH\index.php(87): CodeIgniter\CodeIgniter->run()
 5 SYSTEMPATH\Commands\Server\rewrite.php(46): require_once('FCPATH\\index.php')
CRITICAL - 2024-04-18 22:17:57 --> Division by zero
in APPPATH\Controllers\Payroll.php on line 301.
 1 SYSTEMPATH\CodeIgniter.php(927): App\Controllers\Payroll->calculate_total_salary()
 2 SYSTEMPATH\CodeIgniter.php(482): CodeIgniter\CodeIgniter->runController(Object(App\Controllers\Payroll))
 3 SYSTEMPATH\CodeIgniter.php(351): CodeIgniter\CodeIgniter->handleRequest(null, Object(Config\Cache), false)
 4 FCPATH\index.php(87): CodeIgniter\CodeIgniter->run()
 5 SYSTEMPATH\Commands\Server\rewrite.php(46): require_once('FCPATH\\index.php')
CRITICAL - 2024-04-18 22:17:57 --> Division by zero
in APPPATH\Controllers\Payroll.php on line 301.
 1 SYSTEMPATH\CodeIgniter.php(927): App\Controllers\Payroll->calculate_total_salary()
 2 SYSTEMPATH\CodeIgniter.php(482): CodeIgniter\CodeIgniter->runController(Object(App\Controllers\Payroll))
 3 SYSTEMPATH\CodeIgniter.php(351): CodeIgniter\CodeIgniter->handleRequest(null, Object(Config\Cache), false)
 4 FCPATH\index.php(87): CodeIgniter\CodeIgniter->run()
 5 SYSTEMPATH\Commands\Server\rewrite.php(46): require_once('FCPATH\\index.php')
CRITICAL - 2024-04-18 22:41:36 --> Undefined array key "status"
in APPPATH\Controllers\Payroll.php on line 260.
 1 APPPATH\Controllers\Payroll.php(260): CodeIgniter\Debug\Exceptions->errorHandler(2, 'Undefined array key "status"', 'APPPATH\\Controllers\\Payroll.php', 260)
 2 SYSTEMPATH\CodeIgniter.php(927): App\Controllers\Payroll->calculate_total_salary()
 3 SYSTEMPATH\CodeIgniter.php(482): CodeIgniter\CodeIgniter->runController(Object(App\Controllers\Payroll))
 4 SYSTEMPATH\CodeIgniter.php(351): CodeIgniter\CodeIgniter->handleRequest(null, Object(Config\Cache), false)
 5 FCPATH\index.php(87): CodeIgniter\CodeIgniter->run()
 6 SYSTEMPATH\Commands\Server\rewrite.php(46): require_once('FCPATH\\index.php')
CRITICAL - 2024-04-18 22:41:37 --> Undefined array key "status"
in APPPATH\Controllers\Payroll.php on line 260.
 1 APPPATH\Controllers\Payroll.php(260): CodeIgniter\Debug\Exceptions->errorHandler(2, 'Undefined array key "status"', 'APPPATH\\Controllers\\Payroll.php', 260)
 2 SYSTEMPATH\CodeIgniter.php(927): App\Controllers\Payroll->calculate_total_salary()
 3 SYSTEMPATH\CodeIgniter.php(482): CodeIgniter\CodeIgniter->runController(Object(App\Controllers\Payroll))
 4 SYSTEMPATH\CodeIgniter.php(351): CodeIgniter\CodeIgniter->handleRequest(null, Object(Config\Cache), false)
 5 FCPATH\index.php(87): CodeIgniter\CodeIgniter->run()
 6 SYSTEMPATH\Commands\Server\rewrite.php(46): require_once('FCPATH\\index.php')
CRITICAL - 2024-04-18 22:41:37 --> Undefined array key "status"
in APPPATH\Controllers\Payroll.php on line 260.
 1 APPPATH\Controllers\Payroll.php(260): CodeIgniter\Debug\Exceptions->errorHandler(2, 'Undefined array key "status"', 'APPPATH\\Controllers\\Payroll.php', 260)
 2 SYSTEMPATH\CodeIgniter.php(927): App\Controllers\Payroll->calculate_total_salary()
 3 SYSTEMPATH\CodeIgniter.php(482): CodeIgniter\CodeIgniter->runController(Object(App\Controllers\Payroll))
 4 SYSTEMPATH\CodeIgniter.php(351): CodeIgniter\CodeIgniter->handleRequest(null, Object(Config\Cache), false)
 5 FCPATH\index.php(87): CodeIgniter\CodeIgniter->run()
 6 SYSTEMPATH\Commands\Server\rewrite.php(46): require_once('FCPATH\\index.php')
CRITICAL - 2024-04-18 22:41:38 --> Undefined array key "status"
in APPPATH\Controllers\Payroll.php on line 260.
 1 APPPATH\Controllers\Payroll.php(260): CodeIgniter\Debug\Exceptions->errorHandler(2, 'Undefined array key "status"', 'APPPATH\\Controllers\\Payroll.php', 260)
 2 SYSTEMPATH\CodeIgniter.php(927): App\Controllers\Payroll->calculate_total_salary()
 3 SYSTEMPATH\CodeIgniter.php(482): CodeIgniter\CodeIgniter->runController(Object(App\Controllers\Payroll))
 4 SYSTEMPATH\CodeIgniter.php(351): CodeIgniter\CodeIgniter->handleRequest(null, Object(Config\Cache), false)
 5 FCPATH\index.php(87): CodeIgniter\CodeIgniter->run()
 6 SYSTEMPATH\Commands\Server\rewrite.php(46): require_once('FCPATH\\index.php')
