CRITICAL - 2024-02-26 18:39:15 --> Undefined variable $id
in APPPATH\Controllers\Home.php on line 746.
 1 APPPATH\Controllers\Home.php(746): CodeIgniter\Debug\Exceptions->errorHandler(2, 'Undefined variable $id', 'APPPATH\\Controllers\\Home.php', 746)
 2 SYSTEMPATH\CodeIgniter.php(927): App\Controllers\Home->update_monitor()
 3 SYSTEMPATH\CodeIgniter.php(482): CodeIgniter\CodeIgniter->runController(Object(App\Controllers\Home))
 4 SYSTEMPATH\CodeIgniter.php(351): CodeIgniter\CodeIgniter->handleRequest(null, Object(Config\Cache), false)
 5 FCPATH\index.php(87): CodeIgniter\CodeIgniter->run()
 6 SYSTEMPATH\Commands\Server\rewrite.php(46): require_once('FCPATH\\index.php')
CRITICAL - 2024-02-26 18:40:05 --> Undefined variable $id
in APPPATH\Controllers\Home.php on line 746.
 1 APPPATH\Controllers\Home.php(746): CodeIgniter\Debug\Exceptions->errorHandler(2, 'Undefined variable $id', 'APPPATH\\Controllers\\Home.php', 746)
 2 SYSTEMPATH\CodeIgniter.php(927): App\Controllers\Home->update_monitor()
 3 SYSTEMPATH\CodeIgniter.php(482): CodeIgniter\CodeIgniter->runController(Object(App\Controllers\Home))
 4 SYSTEMPATH\CodeIgniter.php(351): CodeIgniter\CodeIgniter->handleRequest(null, Object(Config\Cache), false)
 5 FCPATH\index.php(87): CodeIgniter\CodeIgniter->run()
 6 SYSTEMPATH\Commands\Server\rewrite.php(46): require_once('FCPATH\\index.php')
CRITICAL - 2024-02-26 18:40:50 --> Undefined variable $id
in APPPATH\Controllers\Home.php on line 746.
 1 APPPATH\Controllers\Home.php(746): CodeIgniter\Debug\Exceptions->errorHandler(2, 'Undefined variable $id', 'APPPATH\\Controllers\\Home.php', 746)
 2 SYSTEMPATH\CodeIgniter.php(927): App\Controllers\Home->update_monitor()
 3 SYSTEMPATH\CodeIgniter.php(482): CodeIgniter\CodeIgniter->runController(Object(App\Controllers\Home))
 4 SYSTEMPATH\CodeIgniter.php(351): CodeIgniter\CodeIgniter->handleRequest(null, Object(Config\Cache), false)
 5 FCPATH\index.php(87): CodeIgniter\CodeIgniter->run()
 6 SYSTEMPATH\Commands\Server\rewrite.php(46): require_once('FCPATH\\index.php')
CRITICAL - 2024-02-26 18:41:08 --> Undefined variable $id
in APPPATH\Controllers\Home.php on line 746.
 1 APPPATH\Controllers\Home.php(746): CodeIgniter\Debug\Exceptions->errorHandler(2, 'Undefined variable $id', 'APPPATH\\Controllers\\Home.php', 746)
 2 SYSTEMPATH\CodeIgniter.php(927): App\Controllers\Home->update_monitor()
 3 SYSTEMPATH\CodeIgniter.php(482): CodeIgniter\CodeIgniter->runController(Object(App\Controllers\Home))
 4 SYSTEMPATH\CodeIgniter.php(351): CodeIgniter\CodeIgniter->handleRequest(null, Object(Config\Cache), false)
 5 FCPATH\index.php(87): CodeIgniter\CodeIgniter->run()
 6 SYSTEMPATH\Commands\Server\rewrite.php(46): require_once('FCPATH\\index.php')
CRITICAL - 2024-02-26 18:41:25 --> Undefined variable $id
in APPPATH\Controllers\Home.php on line 746.
 1 APPPATH\Controllers\Home.php(746): CodeIgniter\Debug\Exceptions->errorHandler(2, 'Undefined variable $id', 'APPPATH\\Controllers\\Home.php', 746)
 2 SYSTEMPATH\CodeIgniter.php(927): App\Controllers\Home->update_monitor()
 3 SYSTEMPATH\CodeIgniter.php(482): CodeIgniter\CodeIgniter->runController(Object(App\Controllers\Home))
 4 SYSTEMPATH\CodeIgniter.php(351): CodeIgniter\CodeIgniter->handleRequest(null, Object(Config\Cache), false)
 5 FCPATH\index.php(87): CodeIgniter\CodeIgniter->run()
 6 SYSTEMPATH\Commands\Server\rewrite.php(46): require_once('FCPATH\\index.php')
CRITICAL - 2024-02-26 18:43:05 --> Undefined array key "agent_fk_id"
in APPPATH\Views\admin\monitor.php on line 188.
 1 APPPATH\Views\admin\monitor.php(188): CodeIgniter\Debug\Exceptions->errorHandler(2, 'Undefined array key "agent_fk_id"', 'APPPATH\\Views\\admin\\monitor.php', 188)
 2 SYSTEMPATH\View\View.php(213): include('APPPATH\\Views\\admin\\monitor.php')
 3 SYSTEMPATH\View\View.php(216): CodeIgniter\View\View->CodeIgniter\View\{closure}()
 4 SYSTEMPATH\Common.php(1134): CodeIgniter\View\View->render('admin/monitor', [], true)
 5 APPPATH\Controllers\Home.php(689): view('admin/monitor', [...])
 6 SYSTEMPATH\CodeIgniter.php(927): App\Controllers\Home->monitor_list()
 7 SYSTEMPATH\CodeIgniter.php(482): CodeIgniter\CodeIgniter->runController(Object(App\Controllers\Home))
 8 SYSTEMPATH\CodeIgniter.php(351): CodeIgniter\CodeIgniter->handleRequest(null, Object(Config\Cache), false)
 9 FCPATH\index.php(87): CodeIgniter\CodeIgniter->run()
10 SYSTEMPATH\Commands\Server\rewrite.php(46): require_once('FCPATH\\index.php')
CRITICAL - 2024-02-26 18:44:12 --> Undefined array key "agent_fk_id"
in APPPATH\Views\admin\monitor.php on line 188.
 1 APPPATH\Views\admin\monitor.php(188): CodeIgniter\Debug\Exceptions->errorHandler(2, 'Undefined array key "agent_fk_id"', 'APPPATH\\Views\\admin\\monitor.php', 188)
 2 SYSTEMPATH\View\View.php(213): include('APPPATH\\Views\\admin\\monitor.php')
 3 SYSTEMPATH\View\View.php(216): CodeIgniter\View\View->CodeIgniter\View\{closure}()
 4 SYSTEMPATH\Common.php(1134): CodeIgniter\View\View->render('admin/monitor', [], true)
 5 APPPATH\Controllers\Home.php(689): view('admin/monitor', [...])
 6 SYSTEMPATH\CodeIgniter.php(927): App\Controllers\Home->monitor_list()
 7 SYSTEMPATH\CodeIgniter.php(482): CodeIgniter\CodeIgniter->runController(Object(App\Controllers\Home))
 8 SYSTEMPATH\CodeIgniter.php(351): CodeIgniter\CodeIgniter->handleRequest(null, Object(Config\Cache), false)
 9 FCPATH\index.php(87): CodeIgniter\CodeIgniter->run()
10 SYSTEMPATH\Commands\Server\rewrite.php(46): require_once('FCPATH\\index.php')
CRITICAL - 2024-02-26 18:49:21 --> Undefined variable $response
in APPPATH\Controllers\Home.php on line 796.
 1 APPPATH\Controllers\Home.php(796): CodeIgniter\Debug\Exceptions->errorHandler(2, 'Undefined variable $response', 'APPPATH\\Controllers\\Home.php', 796)
 2 SYSTEMPATH\CodeIgniter.php(927): App\Controllers\Home->second_monitor_check_equip_id()
 3 SYSTEMPATH\CodeIgniter.php(482): CodeIgniter\CodeIgniter->runController(Object(App\Controllers\Home))
 4 SYSTEMPATH\CodeIgniter.php(351): CodeIgniter\CodeIgniter->handleRequest(null, Object(Config\Cache), false)
 5 FCPATH\index.php(87): CodeIgniter\CodeIgniter->run()
 6 SYSTEMPATH\Commands\Server\rewrite.php(46): require_once('FCPATH\\index.php')
CRITICAL - 2024-02-26 18:50:18 --> Undefined constant "App\Controllers\None"
in APPPATH\Controllers\Home.php on line 796.
 1 SYSTEMPATH\CodeIgniter.php(927): App\Controllers\Home->second_monitor_check_equip_id()
 2 SYSTEMPATH\CodeIgniter.php(482): CodeIgniter\CodeIgniter->runController(Object(App\Controllers\Home))
 3 SYSTEMPATH\CodeIgniter.php(351): CodeIgniter\CodeIgniter->handleRequest(null, Object(Config\Cache), false)
 4 FCPATH\index.php(87): CodeIgniter\CodeIgniter->run()
 5 SYSTEMPATH\Commands\Server\rewrite.php(46): require_once('FCPATH\\index.php')
CRITICAL - 2024-02-26 18:50:24 --> Undefined constant "App\Controllers\None"
in APPPATH\Controllers\Home.php on line 796.
 1 SYSTEMPATH\CodeIgniter.php(927): App\Controllers\Home->second_monitor_check_equip_id()
 2 SYSTEMPATH\CodeIgniter.php(482): CodeIgniter\CodeIgniter->runController(Object(App\Controllers\Home))
 3 SYSTEMPATH\CodeIgniter.php(351): CodeIgniter\CodeIgniter->handleRequest(null, Object(Config\Cache), false)
 4 FCPATH\index.php(87): CodeIgniter\CodeIgniter->run()
 5 SYSTEMPATH\Commands\Server\rewrite.php(46): require_once('FCPATH\\index.php')
CRITICAL - 2024-02-26 18:50:25 --> Undefined constant "App\Controllers\None"
in APPPATH\Controllers\Home.php on line 796.
 1 SYSTEMPATH\CodeIgniter.php(927): App\Controllers\Home->second_monitor_check_equip_id()
 2 SYSTEMPATH\CodeIgniter.php(482): CodeIgniter\CodeIgniter->runController(Object(App\Controllers\Home))
 3 SYSTEMPATH\CodeIgniter.php(351): CodeIgniter\CodeIgniter->handleRequest(null, Object(Config\Cache), false)
 4 FCPATH\index.php(87): CodeIgniter\CodeIgniter->run()
 5 SYSTEMPATH\Commands\Server\rewrite.php(46): require_once('FCPATH\\index.php')
CRITICAL - 2024-02-26 18:50:28 --> Undefined constant "App\Controllers\None"
in APPPATH\Controllers\Home.php on line 796.
 1 SYSTEMPATH\CodeIgniter.php(927): App\Controllers\Home->second_monitor_check_equip_id()
 2 SYSTEMPATH\CodeIgniter.php(482): CodeIgniter\CodeIgniter->runController(Object(App\Controllers\Home))
 3 SYSTEMPATH\CodeIgniter.php(351): CodeIgniter\CodeIgniter->handleRequest(null, Object(Config\Cache), false)
 4 FCPATH\index.php(87): CodeIgniter\CodeIgniter->run()
 5 SYSTEMPATH\Commands\Server\rewrite.php(46): require_once('FCPATH\\index.php')
CRITICAL - 2024-02-26 20:52:10 --> Undefined variable $agentsData
in APPPATH\Controllers\Home.php on line 774.
 1 APPPATH\Controllers\Home.php(774): CodeIgniter\Debug\Exceptions->errorHandler(2, 'Undefined variable $agentsData', 'APPPATH\\Controllers\\Home.php', 774)
 2 SYSTEMPATH\CodeIgniter.php(927): App\Controllers\Home->update_monitor()
 3 SYSTEMPATH\CodeIgniter.php(482): CodeIgniter\CodeIgniter->runController(Object(App\Controllers\Home))
 4 SYSTEMPATH\CodeIgniter.php(351): CodeIgniter\CodeIgniter->handleRequest(null, Object(Config\Cache), false)
 5 FCPATH\index.php(87): CodeIgniter\CodeIgniter->run()
 6 SYSTEMPATH\Commands\Server\rewrite.php(46): require_once('FCPATH\\index.php')
CRITICAL - 2024-02-26 21:00:29 --> Undefined variable $agentModel
in APPPATH\Controllers\Home.php on line 769.
 1 APPPATH\Controllers\Home.php(769): CodeIgniter\Debug\Exceptions->errorHandler(2, 'Undefined variable $agentModel', 'APPPATH\\Controllers\\Home.php', 769)
 2 SYSTEMPATH\CodeIgniter.php(927): App\Controllers\Home->update_monitor()
 3 SYSTEMPATH\CodeIgniter.php(482): CodeIgniter\CodeIgniter->runController(Object(App\Controllers\Home))
 4 SYSTEMPATH\CodeIgniter.php(351): CodeIgniter\CodeIgniter->handleRequest(null, Object(Config\Cache), false)
 5 FCPATH\index.php(87): CodeIgniter\CodeIgniter->run()
 6 SYSTEMPATH\Commands\Server\rewrite.php(46): require_once('FCPATH\\index.php')
CRITICAL - 2024-02-26 21:26:40 --> Undefined variable $exact_row_monitor_equip_id
in APPPATH\Views\admin\monitor.php on line 197.
 1 APPPATH\Views\admin\monitor.php(197): CodeIgniter\Debug\Exceptions->errorHandler(2, 'Undefined variable $exact_row_monitor_equip_id', 'APPPATH\\Views\\admin\\monitor.php', 197)
 2 SYSTEMPATH\View\View.php(213): include('APPPATH\\Views\\admin\\monitor.php')
 3 SYSTEMPATH\View\View.php(216): CodeIgniter\View\View->CodeIgniter\View\{closure}()
 4 SYSTEMPATH\Common.php(1134): CodeIgniter\View\View->render('admin/monitor', [], true)
 5 APPPATH\Controllers\Home.php(689): view('admin/monitor', [...])
 6 SYSTEMPATH\CodeIgniter.php(927): App\Controllers\Home->monitor_list()
 7 SYSTEMPATH\CodeIgniter.php(482): CodeIgniter\CodeIgniter->runController(Object(App\Controllers\Home))
 8 SYSTEMPATH\CodeIgniter.php(351): CodeIgniter\CodeIgniter->handleRequest(null, Object(Config\Cache), false)
 9 FCPATH\index.php(87): CodeIgniter\CodeIgniter->run()
10 SYSTEMPATH\Commands\Server\rewrite.php(46): require_once('FCPATH\\index.php')
CRITICAL - 2024-02-26 21:27:15 --> Undefined variable $exact_row_monitor_equip_id
in APPPATH\Views\admin\monitor.php on line 197.
 1 APPPATH\Views\admin\monitor.php(197): CodeIgniter\Debug\Exceptions->errorHandler(2, 'Undefined variable $exact_row_monitor_equip_id', 'APPPATH\\Views\\admin\\monitor.php', 197)
 2 SYSTEMPATH\View\View.php(213): include('APPPATH\\Views\\admin\\monitor.php')
 3 SYSTEMPATH\View\View.php(216): CodeIgniter\View\View->CodeIgniter\View\{closure}()
 4 SYSTEMPATH\Common.php(1134): CodeIgniter\View\View->render('admin/monitor', [], true)
 5 APPPATH\Controllers\Home.php(689): view('admin/monitor', [...])
 6 SYSTEMPATH\CodeIgniter.php(927): App\Controllers\Home->monitor_list()
 7 SYSTEMPATH\CodeIgniter.php(482): CodeIgniter\CodeIgniter->runController(Object(App\Controllers\Home))
 8 SYSTEMPATH\CodeIgniter.php(351): CodeIgniter\CodeIgniter->handleRequest(null, Object(Config\Cache), false)
 9 FCPATH\index.php(87): CodeIgniter\CodeIgniter->run()
10 SYSTEMPATH\Commands\Server\rewrite.php(46): require_once('FCPATH\\index.php')
CRITICAL - 2024-02-26 21:28:57 --> Call to undefined method App\Models\Monitor_model::getExactRowMonitorEquipId
in SYSTEMPATH\Model.php on line 774.
 1 APPPATH\Controllers\Home.php(683): CodeIgniter\Model->__call('getExactRowMonitorEquipId', [])
 2 SYSTEMPATH\CodeIgniter.php(927): App\Controllers\Home->monitor_list()
 3 SYSTEMPATH\CodeIgniter.php(482): CodeIgniter\CodeIgniter->runController(Object(App\Controllers\Home))
 4 SYSTEMPATH\CodeIgniter.php(351): CodeIgniter\CodeIgniter->handleRequest(null, Object(Config\Cache), false)
 5 FCPATH\index.php(87): CodeIgniter\CodeIgniter->run()
 6 SYSTEMPATH\Commands\Server\rewrite.php(46): require_once('FCPATH\\index.php')
CRITICAL - 2024-02-26 21:40:32 --> Undefined array key "monitor_name"
in APPPATH\Views\admin\monitor.php on line 200.
 1 APPPATH\Views\admin\monitor.php(200): CodeIgniter\Debug\Exceptions->errorHandler(2, 'Undefined array key "monitor_name"', 'APPPATH\\Views\\admin\\monitor.php', 200)
 2 SYSTEMPATH\View\View.php(213): include('APPPATH\\Views\\admin\\monitor.php')
 3 SYSTEMPATH\View\View.php(216): CodeIgniter\View\View->CodeIgniter\View\{closure}()
 4 SYSTEMPATH\Common.php(1134): CodeIgniter\View\View->render('admin/monitor', [], true)
 5 APPPATH\Controllers\Home.php(689): view('admin/monitor', [...])
 6 SYSTEMPATH\CodeIgniter.php(927): App\Controllers\Home->monitor_list()
 7 SYSTEMPATH\CodeIgniter.php(482): CodeIgniter\CodeIgniter->runController(Object(App\Controllers\Home))
 8 SYSTEMPATH\CodeIgniter.php(351): CodeIgniter\CodeIgniter->handleRequest(null, Object(Config\Cache), false)
 9 FCPATH\index.php(87): CodeIgniter\CodeIgniter->run()
10 SYSTEMPATH\Commands\Server\rewrite.php(46): require_once('FCPATH\\index.php')
CRITICAL - 2024-02-26 21:42:01 --> Undefined array key "monitor_name"
in APPPATH\Views\admin\monitor.php on line 199.
 1 APPPATH\Views\admin\monitor.php(199): CodeIgniter\Debug\Exceptions->errorHandler(2, 'Undefined array key "monitor_name"', 'APPPATH\\Views\\admin\\monitor.php', 199)
 2 SYSTEMPATH\View\View.php(213): include('APPPATH\\Views\\admin\\monitor.php')
 3 SYSTEMPATH\View\View.php(216): CodeIgniter\View\View->CodeIgniter\View\{closure}()
 4 SYSTEMPATH\Common.php(1134): CodeIgniter\View\View->render('admin/monitor', [], true)
 5 APPPATH\Controllers\Home.php(689): view('admin/monitor', [...])
 6 SYSTEMPATH\CodeIgniter.php(927): App\Controllers\Home->monitor_list()
 7 SYSTEMPATH\CodeIgniter.php(482): CodeIgniter\CodeIgniter->runController(Object(App\Controllers\Home))
 8 SYSTEMPATH\CodeIgniter.php(351): CodeIgniter\CodeIgniter->handleRequest(null, Object(Config\Cache), false)
 9 FCPATH\index.php(87): CodeIgniter\CodeIgniter->run()
10 SYSTEMPATH\Commands\Server\rewrite.php(46): require_once('FCPATH\\index.php')
CRITICAL - 2024-02-26 21:42:54 --> Undefined array key "monitor_name"
in APPPATH\Views\admin\monitor.php on line 199.
 1 APPPATH\Views\admin\monitor.php(199): CodeIgniter\Debug\Exceptions->errorHandler(2, 'Undefined array key "monitor_name"', 'APPPATH\\Views\\admin\\monitor.php', 199)
 2 SYSTEMPATH\View\View.php(213): include('APPPATH\\Views\\admin\\monitor.php')
 3 SYSTEMPATH\View\View.php(216): CodeIgniter\View\View->CodeIgniter\View\{closure}()
 4 SYSTEMPATH\Common.php(1134): CodeIgniter\View\View->render('admin/monitor', [], true)
 5 APPPATH\Controllers\Home.php(689): view('admin/monitor', [...])
 6 SYSTEMPATH\CodeIgniter.php(927): App\Controllers\Home->monitor_list()
 7 SYSTEMPATH\CodeIgniter.php(482): CodeIgniter\CodeIgniter->runController(Object(App\Controllers\Home))
 8 SYSTEMPATH\CodeIgniter.php(351): CodeIgniter\CodeIgniter->handleRequest(null, Object(Config\Cache), false)
 9 FCPATH\index.php(87): CodeIgniter\CodeIgniter->run()
10 SYSTEMPATH\Commands\Server\rewrite.php(46): require_once('FCPATH\\index.php')
CRITICAL - 2024-02-26 21:42:59 --> Undefined array key "monitor_name"
in APPPATH\Views\admin\monitor.php on line 202.
 1 APPPATH\Views\admin\monitor.php(202): CodeIgniter\Debug\Exceptions->errorHandler(2, 'Undefined array key "monitor_name"', 'APPPATH\\Views\\admin\\monitor.php', 202)
 2 SYSTEMPATH\View\View.php(213): include('APPPATH\\Views\\admin\\monitor.php')
 3 SYSTEMPATH\View\View.php(216): CodeIgniter\View\View->CodeIgniter\View\{closure}()
 4 SYSTEMPATH\Common.php(1134): CodeIgniter\View\View->render('admin/monitor', [], true)
 5 APPPATH\Controllers\Home.php(689): view('admin/monitor', [...])
 6 SYSTEMPATH\CodeIgniter.php(927): App\Controllers\Home->monitor_list()
 7 SYSTEMPATH\CodeIgniter.php(482): CodeIgniter\CodeIgniter->runController(Object(App\Controllers\Home))
 8 SYSTEMPATH\CodeIgniter.php(351): CodeIgniter\CodeIgniter->handleRequest(null, Object(Config\Cache), false)
 9 FCPATH\index.php(87): CodeIgniter\CodeIgniter->run()
10 SYSTEMPATH\Commands\Server\rewrite.php(46): require_once('FCPATH\\index.php')
CRITICAL - 2024-02-26 21:44:52 --> Undefined array key "monitor_name"
in APPPATH\Views\admin\monitor.php on line 197.
 1 APPPATH\Views\admin\monitor.php(197): CodeIgniter\Debug\Exceptions->errorHandler(2, 'Undefined array key "monitor_name"', 'APPPATH\\Views\\admin\\monitor.php', 197)
 2 SYSTEMPATH\View\View.php(213): include('APPPATH\\Views\\admin\\monitor.php')
 3 SYSTEMPATH\View\View.php(216): CodeIgniter\View\View->CodeIgniter\View\{closure}()
 4 SYSTEMPATH\Common.php(1134): CodeIgniter\View\View->render('admin/monitor', [], true)
 5 APPPATH\Controllers\Home.php(689): view('admin/monitor', [...])
 6 SYSTEMPATH\CodeIgniter.php(927): App\Controllers\Home->monitor_list()
 7 SYSTEMPATH\CodeIgniter.php(482): CodeIgniter\CodeIgniter->runController(Object(App\Controllers\Home))
 8 SYSTEMPATH\CodeIgniter.php(351): CodeIgniter\CodeIgniter->handleRequest(null, Object(Config\Cache), false)
 9 FCPATH\index.php(87): CodeIgniter\CodeIgniter->run()
10 SYSTEMPATH\Commands\Server\rewrite.php(46): require_once('FCPATH\\index.php')
