CRITICAL - 2024-04-22 05:39:05 --> Call to a member function format() on bool
in APPPATH\Controllers\Payroll.php on line 139.
 1 SYSTEMPATH\CodeIgniter.php(927): App\Controllers\Payroll->upload_attendance()
 2 SYSTEMPATH\CodeIgniter.php(482): CodeIgniter\CodeIgniter->runController(Object(App\Controllers\Payroll))
 3 SYSTEMPATH\CodeIgniter.php(351): CodeIgniter\CodeIgniter->handleRequest(null, Object(Config\Cache), false)
 4 FCPATH\index.php(87): CodeIgniter\CodeIgniter->run()
 5 SYSTEMPATH\Commands\Server\rewrite.php(46): require_once('FCPATH\\index.php')
ERROR - 2024-04-22 05:42:55 --> mysqli_sql_exception: Column 'time_out' cannot be null in C:\laragon\www\tamtechhub_inventory\system\Database\MySQLi\Connection.php:292
Stack trace:
#0 C:\laragon\www\tamtechhub_inventory\system\Database\MySQLi\Connection.php(292): mysqli->query('INSERT INTO `at...', 0)
#1 C:\laragon\www\tamtechhub_inventory\system\Database\BaseConnection.php(666): CodeIgniter\Database\MySQLi\Connection->execute('INSERT INTO `at...')
#2 C:\laragon\www\tamtechhub_inventory\system\Database\BaseConnection.php(593): CodeIgniter\Database\BaseConnection->simpleQuery('INSERT INTO `at...')
#3 C:\laragon\www\tamtechhub_inventory\system\Database\BaseBuilder.php(1916): CodeIgniter\Database\BaseConnection->query('INSERT INTO `at...', Array, false)
#4 C:\laragon\www\tamtechhub_inventory\system\Model.php(279): CodeIgniter\Database\BaseBuilder->insert()
#5 C:\laragon\www\tamtechhub_inventory\system\BaseModel.php(749): CodeIgniter\Model->doInsert(Array)
#6 C:\laragon\www\tamtechhub_inventory\system\Model.php(667): CodeIgniter\BaseModel->insert(Array, true)
#7 C:\laragon\www\tamtechhub_inventory\app\Controllers\Payroll.php(167): CodeIgniter\Model->insert(Array)
#8 C:\laragon\www\tamtechhub_inventory\system\CodeIgniter.php(927): App\Controllers\Payroll->upload_attendance()
#9 C:\laragon\www\tamtechhub_inventory\system\CodeIgniter.php(482): CodeIgniter\CodeIgniter->runController(Object(App\Controllers\Payroll))
#10 C:\laragon\www\tamtechhub_inventory\system\CodeIgniter.php(351): CodeIgniter\CodeIgniter->handleRequest(NULL, Object(Config\Cache), false)
#11 C:\laragon\www\tamtechhub_inventory\public\index.php(87): CodeIgniter\CodeIgniter->run()
#12 C:\laragon\www\tamtechhub_inventory\system\Commands\Server\rewrite.php(46): require_once('C:\\laragon\\www\\...')
#13 {main}
CRITICAL - 2024-04-22 05:42:55 --> Column 'time_out' cannot be null
in SYSTEMPATH\Database\MySQLi\Connection.php on line 292.
 1 SYSTEMPATH\Database\MySQLi\Connection.php(292): mysqli->query('INSERT INTO `attendance` (`agent_id`, `agent_name`, `date`, `daily_salary`, `time_in`, `actual_work`, `required_work`, `early_out`, `time_out`, `late_count`, `attendance_in`, `attendace_out`) VALUES (\'EITB006\', \'Jan Ivan Reña\', \'2024-04-03\', \'0.00\', \'06:44\', \'0:00\', \'8:00\', \'0:00\', NULL, \'0:00\', \'00:00:00\', \'00:00:00\')', 0)
 2 SYSTEMPATH\Database\BaseConnection.php(666): CodeIgniter\Database\MySQLi\Connection->execute('INSERT INTO `attendance` (`agent_id`, `agent_name`, `date`, `daily_salary`, `time_in`, `actual_work`, `required_work`, `early_out`, `time_out`, `late_count`, `attendance_in`, `attendace_out`) VALUES (\'EITB006\', \'Jan Ivan Reña\', \'2024-04-03\', \'0.00\', \'06:44\', \'0:00\', \'8:00\', \'0:00\', NULL, \'0:00\', \'00:00:00\', \'00:00:00\')')
 3 SYSTEMPATH\Database\BaseConnection.php(593): CodeIgniter\Database\BaseConnection->simpleQuery('INSERT INTO `attendance` (`agent_id`, `agent_name`, `date`, `daily_salary`, `time_in`, `actual_work`, `required_work`, `early_out`, `time_out`, `late_count`, `attendance_in`, `attendace_out`) VALUES (\'EITB006\', \'Jan Ivan Reña\', \'2024-04-03\', \'0.00\', \'06:44\', \'0:00\', \'8:00\', \'0:00\', NULL, \'0:00\', \'00:00:00\', \'00:00:00\')')
 4 SYSTEMPATH\Database\BaseBuilder.php(1916): CodeIgniter\Database\BaseConnection->query('INSERT INTO `attendance` (`agent_id`, `agent_name`, `date`, `daily_salary`, `time_in`, `actual_work`, `required_work`, `early_out`, `time_out`, `late_count`, `attendance_in`, `attendace_out`) VALUES (:agent_id:, :agent_name:, :date:, :daily_salary:, :time_in:, :actual_work:, :required_work:, :early_out:, :time_out:, :late_count:, :attendance_in:, :attendace_out:)', [...], false)
 5 SYSTEMPATH\Model.php(279): CodeIgniter\Database\BaseBuilder->insert()
 6 SYSTEMPATH\BaseModel.php(749): CodeIgniter\Model->doInsert([...])
 7 SYSTEMPATH\Model.php(667): CodeIgniter\BaseModel->insert([...], true)
 8 APPPATH\Controllers\Payroll.php(167): CodeIgniter\Model->insert([...])
 9 SYSTEMPATH\CodeIgniter.php(927): App\Controllers\Payroll->upload_attendance()
10 SYSTEMPATH\CodeIgniter.php(482): CodeIgniter\CodeIgniter->runController(Object(App\Controllers\Payroll))
11 SYSTEMPATH\CodeIgniter.php(351): CodeIgniter\CodeIgniter->handleRequest(null, Object(Config\Cache), false)
12 FCPATH\index.php(87): CodeIgniter\CodeIgniter->run()
13 SYSTEMPATH\Commands\Server\rewrite.php(46): require_once('FCPATH\\index.php')
CRITICAL - 2024-04-22 05:48:05 --> Call to a member function format() on bool
in APPPATH\Controllers\Payroll.php on line 139.
 1 SYSTEMPATH\CodeIgniter.php(927): App\Controllers\Payroll->upload_attendance()
 2 SYSTEMPATH\CodeIgniter.php(482): CodeIgniter\CodeIgniter->runController(Object(App\Controllers\Payroll))
 3 SYSTEMPATH\CodeIgniter.php(351): CodeIgniter\CodeIgniter->handleRequest(null, Object(Config\Cache), false)
 4 FCPATH\index.php(87): CodeIgniter\CodeIgniter->run()
 5 SYSTEMPATH\Commands\Server\rewrite.php(46): require_once('FCPATH\\index.php')
ERROR - 2024-04-22 05:48:18 --> mysqli_sql_exception: Column 'time_out' cannot be null in C:\laragon\www\tamtechhub_inventory\system\Database\MySQLi\Connection.php:292
Stack trace:
#0 C:\laragon\www\tamtechhub_inventory\system\Database\MySQLi\Connection.php(292): mysqli->query('INSERT INTO `at...', 0)
#1 C:\laragon\www\tamtechhub_inventory\system\Database\BaseConnection.php(666): CodeIgniter\Database\MySQLi\Connection->execute('INSERT INTO `at...')
#2 C:\laragon\www\tamtechhub_inventory\system\Database\BaseConnection.php(593): CodeIgniter\Database\BaseConnection->simpleQuery('INSERT INTO `at...')
#3 C:\laragon\www\tamtechhub_inventory\system\Database\BaseBuilder.php(1916): CodeIgniter\Database\BaseConnection->query('INSERT INTO `at...', Array, false)
#4 C:\laragon\www\tamtechhub_inventory\system\Model.php(279): CodeIgniter\Database\BaseBuilder->insert()
#5 C:\laragon\www\tamtechhub_inventory\system\BaseModel.php(749): CodeIgniter\Model->doInsert(Array)
#6 C:\laragon\www\tamtechhub_inventory\system\Model.php(667): CodeIgniter\BaseModel->insert(Array, true)
#7 C:\laragon\www\tamtechhub_inventory\app\Controllers\Payroll.php(167): CodeIgniter\Model->insert(Array)
#8 C:\laragon\www\tamtechhub_inventory\system\CodeIgniter.php(927): App\Controllers\Payroll->upload_attendance()
#9 C:\laragon\www\tamtechhub_inventory\system\CodeIgniter.php(482): CodeIgniter\CodeIgniter->runController(Object(App\Controllers\Payroll))
#10 C:\laragon\www\tamtechhub_inventory\system\CodeIgniter.php(351): CodeIgniter\CodeIgniter->handleRequest(NULL, Object(Config\Cache), false)
#11 C:\laragon\www\tamtechhub_inventory\public\index.php(87): CodeIgniter\CodeIgniter->run()
#12 C:\laragon\www\tamtechhub_inventory\system\Commands\Server\rewrite.php(46): require_once('C:\\laragon\\www\\...')
#13 {main}
CRITICAL - 2024-04-22 05:48:18 --> Column 'time_out' cannot be null
in SYSTEMPATH\Database\MySQLi\Connection.php on line 292.
 1 SYSTEMPATH\Database\MySQLi\Connection.php(292): mysqli->query('INSERT INTO `attendance` (`agent_id`, `agent_name`, `date`, `daily_salary`, `time_in`, `actual_work`, `required_work`, `early_out`, `time_out`, `late_count`, `attendance_in`, `attendace_out`) VALUES (\'EITB006\', \'Jan Ivan Reña\', \'2024-04-03\', \'0.00\', \'06:44\', \'0:00\', \'8:00\', \'0:00\', NULL, \'0:00\', \'00:00:00\', \'00:00:00\')', 0)
 2 SYSTEMPATH\Database\BaseConnection.php(666): CodeIgniter\Database\MySQLi\Connection->execute('INSERT INTO `attendance` (`agent_id`, `agent_name`, `date`, `daily_salary`, `time_in`, `actual_work`, `required_work`, `early_out`, `time_out`, `late_count`, `attendance_in`, `attendace_out`) VALUES (\'EITB006\', \'Jan Ivan Reña\', \'2024-04-03\', \'0.00\', \'06:44\', \'0:00\', \'8:00\', \'0:00\', NULL, \'0:00\', \'00:00:00\', \'00:00:00\')')
 3 SYSTEMPATH\Database\BaseConnection.php(593): CodeIgniter\Database\BaseConnection->simpleQuery('INSERT INTO `attendance` (`agent_id`, `agent_name`, `date`, `daily_salary`, `time_in`, `actual_work`, `required_work`, `early_out`, `time_out`, `late_count`, `attendance_in`, `attendace_out`) VALUES (\'EITB006\', \'Jan Ivan Reña\', \'2024-04-03\', \'0.00\', \'06:44\', \'0:00\', \'8:00\', \'0:00\', NULL, \'0:00\', \'00:00:00\', \'00:00:00\')')
 4 SYSTEMPATH\Database\BaseBuilder.php(1916): CodeIgniter\Database\BaseConnection->query('INSERT INTO `attendance` (`agent_id`, `agent_name`, `date`, `daily_salary`, `time_in`, `actual_work`, `required_work`, `early_out`, `time_out`, `late_count`, `attendance_in`, `attendace_out`) VALUES (:agent_id:, :agent_name:, :date:, :daily_salary:, :time_in:, :actual_work:, :required_work:, :early_out:, :time_out:, :late_count:, :attendance_in:, :attendace_out:)', [...], false)
 5 SYSTEMPATH\Model.php(279): CodeIgniter\Database\BaseBuilder->insert()
 6 SYSTEMPATH\BaseModel.php(749): CodeIgniter\Model->doInsert([...])
 7 SYSTEMPATH\Model.php(667): CodeIgniter\BaseModel->insert([...], true)
 8 APPPATH\Controllers\Payroll.php(167): CodeIgniter\Model->insert([...])
 9 SYSTEMPATH\CodeIgniter.php(927): App\Controllers\Payroll->upload_attendance()
10 SYSTEMPATH\CodeIgniter.php(482): CodeIgniter\CodeIgniter->runController(Object(App\Controllers\Payroll))
11 SYSTEMPATH\CodeIgniter.php(351): CodeIgniter\CodeIgniter->handleRequest(null, Object(Config\Cache), false)
12 FCPATH\index.php(87): CodeIgniter\CodeIgniter->run()
13 SYSTEMPATH\Commands\Server\rewrite.php(46): require_once('FCPATH\\index.php')
CRITICAL - 2024-04-22 19:24:02 --> A non-numeric value encountered
in APPPATH\Controllers\Payroll.php on line 102.
 1 APPPATH\Controllers\Payroll.php(102): CodeIgniter\Debug\Exceptions->errorHandler(2, 'A non-numeric value encountered', 'APPPATH\\Controllers\\Payroll.php', 102)
 2 SYSTEMPATH\CodeIgniter.php(927): App\Controllers\Payroll->attendance()
 3 SYSTEMPATH\CodeIgniter.php(482): CodeIgniter\CodeIgniter->runController(Object(App\Controllers\Payroll))
 4 SYSTEMPATH\CodeIgniter.php(351): CodeIgniter\CodeIgniter->handleRequest(null, Object(Config\Cache), false)
 5 FCPATH\index.php(87): CodeIgniter\CodeIgniter->run()
 6 SYSTEMPATH\Commands\Server\rewrite.php(46): require_once('FCPATH\\index.php')
CRITICAL - 2024-04-22 19:30:53 --> Call to a member function format() on bool
in APPPATH\Controllers\Payroll.php on line 139.
 1 SYSTEMPATH\CodeIgniter.php(927): App\Controllers\Payroll->upload_attendance()
 2 SYSTEMPATH\CodeIgniter.php(482): CodeIgniter\CodeIgniter->runController(Object(App\Controllers\Payroll))
 3 SYSTEMPATH\CodeIgniter.php(351): CodeIgniter\CodeIgniter->handleRequest(null, Object(Config\Cache), false)
 4 FCPATH\index.php(87): CodeIgniter\CodeIgniter->run()
 5 SYSTEMPATH\Commands\Server\rewrite.php(46): require_once('FCPATH\\index.php')
CRITICAL - 2024-04-22 19:33:26 --> Call to a member function format() on bool
in APPPATH\Controllers\Payroll.php on line 139.
 1 SYSTEMPATH\CodeIgniter.php(927): App\Controllers\Payroll->upload_attendance()
 2 SYSTEMPATH\CodeIgniter.php(482): CodeIgniter\CodeIgniter->runController(Object(App\Controllers\Payroll))
 3 SYSTEMPATH\CodeIgniter.php(351): CodeIgniter\CodeIgniter->handleRequest(null, Object(Config\Cache), false)
 4 FCPATH\index.php(87): CodeIgniter\CodeIgniter->run()
 5 SYSTEMPATH\Commands\Server\rewrite.php(46): require_once('FCPATH\\index.php')
CRITICAL - 2024-04-22 19:34:31 --> Call to a member function format() on bool
in APPPATH\Controllers\Payroll.php on line 139.
 1 SYSTEMPATH\CodeIgniter.php(927): App\Controllers\Payroll->upload_attendance()
 2 SYSTEMPATH\CodeIgniter.php(482): CodeIgniter\CodeIgniter->runController(Object(App\Controllers\Payroll))
 3 SYSTEMPATH\CodeIgniter.php(351): CodeIgniter\CodeIgniter->handleRequest(null, Object(Config\Cache), false)
 4 FCPATH\index.php(87): CodeIgniter\CodeIgniter->run()
 5 SYSTEMPATH\Commands\Server\rewrite.php(46): require_once('FCPATH\\index.php')
CRITICAL - 2024-04-22 19:37:12 --> Call to a member function format() on bool
in APPPATH\Controllers\Payroll.php on line 139.
 1 SYSTEMPATH\CodeIgniter.php(927): App\Controllers\Payroll->upload_attendance()
 2 SYSTEMPATH\CodeIgniter.php(482): CodeIgniter\CodeIgniter->runController(Object(App\Controllers\Payroll))
 3 SYSTEMPATH\CodeIgniter.php(351): CodeIgniter\CodeIgniter->handleRequest(null, Object(Config\Cache), false)
 4 FCPATH\index.php(87): CodeIgniter\CodeIgniter->run()
 5 SYSTEMPATH\Commands\Server\rewrite.php(46): require_once('FCPATH\\index.php')
CRITICAL - 2024-04-22 19:45:24 --> Call to a member function format() on bool
in APPPATH\Controllers\Payroll.php on line 140.
 1 SYSTEMPATH\CodeIgniter.php(927): App\Controllers\Payroll->upload_attendance()
 2 SYSTEMPATH\CodeIgniter.php(482): CodeIgniter\CodeIgniter->runController(Object(App\Controllers\Payroll))
 3 SYSTEMPATH\CodeIgniter.php(351): CodeIgniter\CodeIgniter->handleRequest(null, Object(Config\Cache), false)
 4 FCPATH\index.php(87): CodeIgniter\CodeIgniter->run()
 5 SYSTEMPATH\Commands\Server\rewrite.php(46): require_once('FCPATH\\index.php')
CRITICAL - 2024-04-22 19:46:30 --> floor(): Argument #1 ($num) must be of type int|float, string given
in VENDORPATH\phpoffice\phpspreadsheet\src\PhpSpreadsheet\Shared\Date.php on line 223.
 1 VENDORPATH\phpoffice\phpspreadsheet\src\PhpSpreadsheet\Shared\Date.php(223): floor('Date')
 2 VENDORPATH\phpoffice\phpspreadsheet\src\PhpSpreadsheet\Shared\Date.php(254): PhpOffice\PhpSpreadsheet\Shared\Date::excelToDateTimeObject('Date', Object(DateTimeZone))
 3 APPPATH\Controllers\Payroll.php(138): PhpOffice\PhpSpreadsheet\Shared\Date::excelToTimestamp('Date')
 4 SYSTEMPATH\CodeIgniter.php(927): App\Controllers\Payroll->upload_attendance()
 5 SYSTEMPATH\CodeIgniter.php(482): CodeIgniter\CodeIgniter->runController(Object(App\Controllers\Payroll))
 6 SYSTEMPATH\CodeIgniter.php(351): CodeIgniter\CodeIgniter->handleRequest(null, Object(Config\Cache), false)
 7 FCPATH\index.php(87): CodeIgniter\CodeIgniter->run()
 8 SYSTEMPATH\Commands\Server\rewrite.php(46): require_once('FCPATH\\index.php')
CRITICAL - 2024-04-22 19:52:48 --> explode(): Passing null to parameter #2 ($string) of type string is deprecated
in APPPATH\Controllers\Payroll.php on line 206.
 1 [internal function]: CodeIgniter\Debug\Exceptions->errorHandler(8192, 'explode(): Passing null to parameter #2 ($string) of type string is deprecated', 'APPPATH\\Controllers\\Payroll.php', 206)
 2 APPPATH\Controllers\Payroll.php(206): explode(' - ', null)
 3 APPPATH\Controllers\Payroll.php(156): App\Controllers\Payroll->calculateRequiredWork(null)
 4 SYSTEMPATH\CodeIgniter.php(927): App\Controllers\Payroll->upload_attendance()
 5 SYSTEMPATH\CodeIgniter.php(482): CodeIgniter\CodeIgniter->runController(Object(App\Controllers\Payroll))
 6 SYSTEMPATH\CodeIgniter.php(351): CodeIgniter\CodeIgniter->handleRequest(null, Object(Config\Cache), false)
 7 FCPATH\index.php(87): CodeIgniter\CodeIgniter->run()
 8 SYSTEMPATH\Commands\Server\rewrite.php(46): require_once('FCPATH\\index.php')
CRITICAL - 2024-04-22 20:19:42 --> Call to undefined method App\Models\Attendance_model::getAttendanceData
in SYSTEMPATH\Model.php on line 774.
 1 APPPATH\Controllers\Payroll.php(326): CodeIgniter\Model->__call('getAttendanceData', [...])
 2 SYSTEMPATH\CodeIgniter.php(927): App\Controllers\Payroll->calculate_total_salary()
 3 SYSTEMPATH\CodeIgniter.php(482): CodeIgniter\CodeIgniter->runController(Object(App\Controllers\Payroll))
 4 SYSTEMPATH\CodeIgniter.php(351): CodeIgniter\CodeIgniter->handleRequest(null, Object(Config\Cache), false)
 5 FCPATH\index.php(87): CodeIgniter\CodeIgniter->run()
 6 SYSTEMPATH\Commands\Server\rewrite.php(46): require_once('FCPATH\\index.php')
CRITICAL - 2024-04-22 20:20:10 --> Call to undefined method App\Models\Attendance_model::getAttendanceData
in SYSTEMPATH\Model.php on line 774.
 1 APPPATH\Controllers\Payroll.php(326): CodeIgniter\Model->__call('getAttendanceData', [...])
 2 SYSTEMPATH\CodeIgniter.php(927): App\Controllers\Payroll->calculate_total_salary()
 3 SYSTEMPATH\CodeIgniter.php(482): CodeIgniter\CodeIgniter->runController(Object(App\Controllers\Payroll))
 4 SYSTEMPATH\CodeIgniter.php(351): CodeIgniter\CodeIgniter->handleRequest(null, Object(Config\Cache), false)
 5 FCPATH\index.php(87): CodeIgniter\CodeIgniter->run()
 6 SYSTEMPATH\Commands\Server\rewrite.php(46): require_once('FCPATH\\index.php')
CRITICAL - 2024-04-22 20:20:11 --> Call to undefined method App\Models\Attendance_model::getAttendanceData
in SYSTEMPATH\Model.php on line 774.
 1 APPPATH\Controllers\Payroll.php(326): CodeIgniter\Model->__call('getAttendanceData', [...])
 2 SYSTEMPATH\CodeIgniter.php(927): App\Controllers\Payroll->calculate_total_salary()
 3 SYSTEMPATH\CodeIgniter.php(482): CodeIgniter\CodeIgniter->runController(Object(App\Controllers\Payroll))
 4 SYSTEMPATH\CodeIgniter.php(351): CodeIgniter\CodeIgniter->handleRequest(null, Object(Config\Cache), false)
 5 FCPATH\index.php(87): CodeIgniter\CodeIgniter->run()
 6 SYSTEMPATH\Commands\Server\rewrite.php(46): require_once('FCPATH\\index.php')
CRITICAL - 2024-04-22 20:20:16 --> Call to undefined method App\Models\Attendance_model::getAttendanceData
in SYSTEMPATH\Model.php on line 774.
 1 APPPATH\Controllers\Payroll.php(326): CodeIgniter\Model->__call('getAttendanceData', [...])
 2 SYSTEMPATH\CodeIgniter.php(927): App\Controllers\Payroll->calculate_total_salary()
 3 SYSTEMPATH\CodeIgniter.php(482): CodeIgniter\CodeIgniter->runController(Object(App\Controllers\Payroll))
 4 SYSTEMPATH\CodeIgniter.php(351): CodeIgniter\CodeIgniter->handleRequest(null, Object(Config\Cache), false)
 5 FCPATH\index.php(87): CodeIgniter\CodeIgniter->run()
 6 SYSTEMPATH\Commands\Server\rewrite.php(46): require_once('FCPATH\\index.php')
CRITICAL - 2024-04-22 20:20:17 --> Call to undefined method App\Models\Attendance_model::getAttendanceData
in SYSTEMPATH\Model.php on line 774.
 1 APPPATH\Controllers\Payroll.php(326): CodeIgniter\Model->__call('getAttendanceData', [...])
 2 SYSTEMPATH\CodeIgniter.php(927): App\Controllers\Payroll->calculate_total_salary()
 3 SYSTEMPATH\CodeIgniter.php(482): CodeIgniter\CodeIgniter->runController(Object(App\Controllers\Payroll))
 4 SYSTEMPATH\CodeIgniter.php(351): CodeIgniter\CodeIgniter->handleRequest(null, Object(Config\Cache), false)
 5 FCPATH\index.php(87): CodeIgniter\CodeIgniter->run()
 6 SYSTEMPATH\Commands\Server\rewrite.php(46): require_once('FCPATH\\index.php')
CRITICAL - 2024-04-22 20:20:17 --> Call to undefined method App\Models\Attendance_model::getAttendanceData
in SYSTEMPATH\Model.php on line 774.
 1 APPPATH\Controllers\Payroll.php(326): CodeIgniter\Model->__call('getAttendanceData', [...])
 2 SYSTEMPATH\CodeIgniter.php(927): App\Controllers\Payroll->calculate_total_salary()
 3 SYSTEMPATH\CodeIgniter.php(482): CodeIgniter\CodeIgniter->runController(Object(App\Controllers\Payroll))
 4 SYSTEMPATH\CodeIgniter.php(351): CodeIgniter\CodeIgniter->handleRequest(null, Object(Config\Cache), false)
 5 FCPATH\index.php(87): CodeIgniter\CodeIgniter->run()
 6 SYSTEMPATH\Commands\Server\rewrite.php(46): require_once('FCPATH\\index.php')
CRITICAL - 2024-04-22 20:20:35 --> Call to undefined method App\Models\Attendance_model::getAttendanceData
in SYSTEMPATH\Model.php on line 774.
 1 APPPATH\Controllers\Payroll.php(326): CodeIgniter\Model->__call('getAttendanceData', [...])
 2 SYSTEMPATH\CodeIgniter.php(927): App\Controllers\Payroll->calculate_total_salary()
 3 SYSTEMPATH\CodeIgniter.php(482): CodeIgniter\CodeIgniter->runController(Object(App\Controllers\Payroll))
 4 SYSTEMPATH\CodeIgniter.php(351): CodeIgniter\CodeIgniter->handleRequest(null, Object(Config\Cache), false)
 5 FCPATH\index.php(87): CodeIgniter\CodeIgniter->run()
 6 SYSTEMPATH\Commands\Server\rewrite.php(46): require_once('FCPATH\\index.php')
CRITICAL - 2024-04-22 20:20:35 --> Call to undefined method App\Models\Attendance_model::getAttendanceData
in SYSTEMPATH\Model.php on line 774.
 1 APPPATH\Controllers\Payroll.php(326): CodeIgniter\Model->__call('getAttendanceData', [...])
 2 SYSTEMPATH\CodeIgniter.php(927): App\Controllers\Payroll->calculate_total_salary()
 3 SYSTEMPATH\CodeIgniter.php(482): CodeIgniter\CodeIgniter->runController(Object(App\Controllers\Payroll))
 4 SYSTEMPATH\CodeIgniter.php(351): CodeIgniter\CodeIgniter->handleRequest(null, Object(Config\Cache), false)
 5 FCPATH\index.php(87): CodeIgniter\CodeIgniter->run()
 6 SYSTEMPATH\Commands\Server\rewrite.php(46): require_once('FCPATH\\index.php')
CRITICAL - 2024-04-22 20:31:35 --> Call to undefined method App\Models\Attendance_model::getAttendanceData
in SYSTEMPATH\Model.php on line 774.
 1 APPPATH\Controllers\Payroll.php(328): CodeIgniter\Model->__call('getAttendanceData', [...])
 2 SYSTEMPATH\CodeIgniter.php(927): App\Controllers\Payroll->calculate_total_salary()
 3 SYSTEMPATH\CodeIgniter.php(482): CodeIgniter\CodeIgniter->runController(Object(App\Controllers\Payroll))
 4 SYSTEMPATH\CodeIgniter.php(351): CodeIgniter\CodeIgniter->handleRequest(null, Object(Config\Cache), false)
 5 FCPATH\index.php(87): CodeIgniter\CodeIgniter->run()
 6 SYSTEMPATH\Commands\Server\rewrite.php(46): require_once('FCPATH\\index.php')
CRITICAL - 2024-04-22 20:31:35 --> Call to undefined method App\Models\Attendance_model::getAttendanceData
in SYSTEMPATH\Model.php on line 774.
 1 APPPATH\Controllers\Payroll.php(328): CodeIgniter\Model->__call('getAttendanceData', [...])
 2 SYSTEMPATH\CodeIgniter.php(927): App\Controllers\Payroll->calculate_total_salary()
 3 SYSTEMPATH\CodeIgniter.php(482): CodeIgniter\CodeIgniter->runController(Object(App\Controllers\Payroll))
 4 SYSTEMPATH\CodeIgniter.php(351): CodeIgniter\CodeIgniter->handleRequest(null, Object(Config\Cache), false)
 5 FCPATH\index.php(87): CodeIgniter\CodeIgniter->run()
 6 SYSTEMPATH\Commands\Server\rewrite.php(46): require_once('FCPATH\\index.php')
CRITICAL - 2024-04-22 20:31:37 --> Call to undefined method App\Models\Attendance_model::getAttendanceData
in SYSTEMPATH\Model.php on line 774.
 1 APPPATH\Controllers\Payroll.php(328): CodeIgniter\Model->__call('getAttendanceData', [...])
 2 SYSTEMPATH\CodeIgniter.php(927): App\Controllers\Payroll->calculate_total_salary()
 3 SYSTEMPATH\CodeIgniter.php(482): CodeIgniter\CodeIgniter->runController(Object(App\Controllers\Payroll))
 4 SYSTEMPATH\CodeIgniter.php(351): CodeIgniter\CodeIgniter->handleRequest(null, Object(Config\Cache), false)
 5 FCPATH\index.php(87): CodeIgniter\CodeIgniter->run()
 6 SYSTEMPATH\Commands\Server\rewrite.php(46): require_once('FCPATH\\index.php')
CRITICAL - 2024-04-22 20:31:37 --> Call to undefined method App\Models\Attendance_model::getAttendanceData
in SYSTEMPATH\Model.php on line 774.
 1 APPPATH\Controllers\Payroll.php(328): CodeIgniter\Model->__call('getAttendanceData', [...])
 2 SYSTEMPATH\CodeIgniter.php(927): App\Controllers\Payroll->calculate_total_salary()
 3 SYSTEMPATH\CodeIgniter.php(482): CodeIgniter\CodeIgniter->runController(Object(App\Controllers\Payroll))
 4 SYSTEMPATH\CodeIgniter.php(351): CodeIgniter\CodeIgniter->handleRequest(null, Object(Config\Cache), false)
 5 FCPATH\index.php(87): CodeIgniter\CodeIgniter->run()
 6 SYSTEMPATH\Commands\Server\rewrite.php(46): require_once('FCPATH\\index.php')
CRITICAL - 2024-04-22 20:31:45 --> Call to undefined method App\Models\Attendance_model::getAttendanceData
in SYSTEMPATH\Model.php on line 774.
 1 APPPATH\Controllers\Payroll.php(328): CodeIgniter\Model->__call('getAttendanceData', [...])
 2 SYSTEMPATH\CodeIgniter.php(927): App\Controllers\Payroll->calculate_total_salary()
 3 SYSTEMPATH\CodeIgniter.php(482): CodeIgniter\CodeIgniter->runController(Object(App\Controllers\Payroll))
 4 SYSTEMPATH\CodeIgniter.php(351): CodeIgniter\CodeIgniter->handleRequest(null, Object(Config\Cache), false)
 5 FCPATH\index.php(87): CodeIgniter\CodeIgniter->run()
 6 SYSTEMPATH\Commands\Server\rewrite.php(46): require_once('FCPATH\\index.php')
CRITICAL - 2024-04-22 22:46:54 --> A non-numeric value encountered
in APPPATH\Controllers\Payroll.php on line 299.
 1 APPPATH\Controllers\Payroll.php(299): CodeIgniter\Debug\Exceptions->errorHandler(2, 'A non-numeric value encountered', 'APPPATH\\Controllers\\Payroll.php', 299)
 2 SYSTEMPATH\CodeIgniter.php(927): App\Controllers\Payroll->calculate_total_salary()
 3 SYSTEMPATH\CodeIgniter.php(482): CodeIgniter\CodeIgniter->runController(Object(App\Controllers\Payroll))
 4 SYSTEMPATH\CodeIgniter.php(351): CodeIgniter\CodeIgniter->handleRequest(null, Object(Config\Cache), false)
 5 FCPATH\index.php(87): CodeIgniter\CodeIgniter->run()
 6 SYSTEMPATH\Commands\Server\rewrite.php(46): require_once('FCPATH\\index.php')
CRITICAL - 2024-04-22 22:46:56 --> A non-numeric value encountered
in APPPATH\Controllers\Payroll.php on line 299.
 1 APPPATH\Controllers\Payroll.php(299): CodeIgniter\Debug\Exceptions->errorHandler(2, 'A non-numeric value encountered', 'APPPATH\\Controllers\\Payroll.php', 299)
 2 SYSTEMPATH\CodeIgniter.php(927): App\Controllers\Payroll->calculate_total_salary()
 3 SYSTEMPATH\CodeIgniter.php(482): CodeIgniter\CodeIgniter->runController(Object(App\Controllers\Payroll))
 4 SYSTEMPATH\CodeIgniter.php(351): CodeIgniter\CodeIgniter->handleRequest(null, Object(Config\Cache), false)
 5 FCPATH\index.php(87): CodeIgniter\CodeIgniter->run()
 6 SYSTEMPATH\Commands\Server\rewrite.php(46): require_once('FCPATH\\index.php')
CRITICAL - 2024-04-22 22:46:56 --> A non-numeric value encountered
in APPPATH\Controllers\Payroll.php on line 299.
 1 APPPATH\Controllers\Payroll.php(299): CodeIgniter\Debug\Exceptions->errorHandler(2, 'A non-numeric value encountered', 'APPPATH\\Controllers\\Payroll.php', 299)
 2 SYSTEMPATH\CodeIgniter.php(927): App\Controllers\Payroll->calculate_total_salary()
 3 SYSTEMPATH\CodeIgniter.php(482): CodeIgniter\CodeIgniter->runController(Object(App\Controllers\Payroll))
 4 SYSTEMPATH\CodeIgniter.php(351): CodeIgniter\CodeIgniter->handleRequest(null, Object(Config\Cache), false)
 5 FCPATH\index.php(87): CodeIgniter\CodeIgniter->run()
 6 SYSTEMPATH\Commands\Server\rewrite.php(46): require_once('FCPATH\\index.php')
CRITICAL - 2024-04-22 22:47:10 --> Undefined array key "agent_id"
in APPPATH\Controllers\Payroll.php on line 287.
 1 APPPATH\Controllers\Payroll.php(287): CodeIgniter\Debug\Exceptions->errorHandler(2, 'Undefined array key "agent_id"', 'APPPATH\\Controllers\\Payroll.php', 287)
 2 SYSTEMPATH\CodeIgniter.php(927): App\Controllers\Payroll->calculate_total_salary()
 3 SYSTEMPATH\CodeIgniter.php(482): CodeIgniter\CodeIgniter->runController(Object(App\Controllers\Payroll))
 4 SYSTEMPATH\CodeIgniter.php(351): CodeIgniter\CodeIgniter->handleRequest(null, Object(Config\Cache), false)
 5 FCPATH\index.php(87): CodeIgniter\CodeIgniter->run()
 6 SYSTEMPATH\Commands\Server\rewrite.php(46): require_once('FCPATH\\index.php')
CRITICAL - 2024-04-22 22:48:33 --> A non-numeric value encountered
in APPPATH\Controllers\Payroll.php on line 299.
 1 APPPATH\Controllers\Payroll.php(299): CodeIgniter\Debug\Exceptions->errorHandler(2, 'A non-numeric value encountered', 'APPPATH\\Controllers\\Payroll.php', 299)
 2 SYSTEMPATH\CodeIgniter.php(927): App\Controllers\Payroll->calculate_total_salary()
 3 SYSTEMPATH\CodeIgniter.php(482): CodeIgniter\CodeIgniter->runController(Object(App\Controllers\Payroll))
 4 SYSTEMPATH\CodeIgniter.php(351): CodeIgniter\CodeIgniter->handleRequest(null, Object(Config\Cache), false)
 5 FCPATH\index.php(87): CodeIgniter\CodeIgniter->run()
 6 SYSTEMPATH\Commands\Server\rewrite.php(46): require_once('FCPATH\\index.php')
CRITICAL - 2024-04-22 22:48:35 --> A non-numeric value encountered
in APPPATH\Controllers\Payroll.php on line 299.
 1 APPPATH\Controllers\Payroll.php(299): CodeIgniter\Debug\Exceptions->errorHandler(2, 'A non-numeric value encountered', 'APPPATH\\Controllers\\Payroll.php', 299)
 2 SYSTEMPATH\CodeIgniter.php(927): App\Controllers\Payroll->calculate_total_salary()
 3 SYSTEMPATH\CodeIgniter.php(482): CodeIgniter\CodeIgniter->runController(Object(App\Controllers\Payroll))
 4 SYSTEMPATH\CodeIgniter.php(351): CodeIgniter\CodeIgniter->handleRequest(null, Object(Config\Cache), false)
 5 FCPATH\index.php(87): CodeIgniter\CodeIgniter->run()
 6 SYSTEMPATH\Commands\Server\rewrite.php(46): require_once('FCPATH\\index.php')
CRITICAL - 2024-04-22 22:48:35 --> A non-numeric value encountered
in APPPATH\Controllers\Payroll.php on line 299.
 1 APPPATH\Controllers\Payroll.php(299): CodeIgniter\Debug\Exceptions->errorHandler(2, 'A non-numeric value encountered', 'APPPATH\\Controllers\\Payroll.php', 299)
 2 SYSTEMPATH\CodeIgniter.php(927): App\Controllers\Payroll->calculate_total_salary()
 3 SYSTEMPATH\CodeIgniter.php(482): CodeIgniter\CodeIgniter->runController(Object(App\Controllers\Payroll))
 4 SYSTEMPATH\CodeIgniter.php(351): CodeIgniter\CodeIgniter->handleRequest(null, Object(Config\Cache), false)
 5 FCPATH\index.php(87): CodeIgniter\CodeIgniter->run()
 6 SYSTEMPATH\Commands\Server\rewrite.php(46): require_once('FCPATH\\index.php')
CRITICAL - 2024-04-22 22:48:40 --> Undefined array key "agent_id"
in APPPATH\Controllers\Payroll.php on line 287.
 1 APPPATH\Controllers\Payroll.php(287): CodeIgniter\Debug\Exceptions->errorHandler(2, 'Undefined array key "agent_id"', 'APPPATH\\Controllers\\Payroll.php', 287)
 2 SYSTEMPATH\CodeIgniter.php(927): App\Controllers\Payroll->calculate_total_salary()
 3 SYSTEMPATH\CodeIgniter.php(482): CodeIgniter\CodeIgniter->runController(Object(App\Controllers\Payroll))
 4 SYSTEMPATH\CodeIgniter.php(351): CodeIgniter\CodeIgniter->handleRequest(null, Object(Config\Cache), false)
 5 FCPATH\index.php(87): CodeIgniter\CodeIgniter->run()
 6 SYSTEMPATH\Commands\Server\rewrite.php(46): require_once('FCPATH\\index.php')
