CRITICAL - 2023-08-28 00:02:15 --> Undefined variable $lastname
in APPPATH\Views\admin\email_template.php on line 39.
 1 APPPATH\Views\admin\email_template.php(39): CodeIgniter\Debug\Exceptions->errorHandler(2, 'Undefined variable $lastname', 'APPPATH\\Views\\admin\\email_template.php', 39)
 2 SYSTEMPATH\View\View.php(213): include('APPPATH\\Views\\admin\\email_template.php')
 3 SYSTEMPATH\View\View.php(216): CodeIgniter\View\View->CodeIgniter\View\{closure}()
 4 SYSTEMPATH\Common.php(1134): CodeIgniter\View\View->render('admin/email_template', [], true)
 5 APPPATH\Controllers\Orders.php(83): view('admin/email_template', [...])
 6 SYSTEMPATH\CodeIgniter.php(927): App\Controllers\Orders->ordersupdate('3')
 7 SYSTEMPATH\CodeIgniter.php(482): CodeIgniter\CodeIgniter->runController(Object(App\Controllers\Orders))
 8 SYSTEMPATH\CodeIgniter.php(351): CodeIgniter\CodeIgniter->handleRequest(null, Object(Config\Cache), false)
 9 FCPATH\index.php(67): CodeIgniter\CodeIgniter->run()
10 SYSTEMPATH\Commands\Server\rewrite.php(46): require_once('FCPATH\\index.php')
CRITICAL - 2023-08-28 00:11:47 --> foreach() argument must be of type array|object, string given
in APPPATH\Views\admin\email_template.php on line 66.
 1 APPPATH\Views\admin\email_template.php(66): CodeIgniter\Debug\Exceptions->errorHandler(2, 'foreach() argument must be of type array|object, string given', 'APPPATH\\Views\\admin\\email_template.php', 66)
 2 SYSTEMPATH\View\View.php(213): include('APPPATH\\Views\\admin\\email_template.php')
 3 SYSTEMPATH\View\View.php(216): CodeIgniter\View\View->CodeIgniter\View\{closure}()
 4 SYSTEMPATH\Common.php(1134): CodeIgniter\View\View->render('admin/email_template', [], true)
 5 APPPATH\Controllers\Orders.php(84): view('admin/email_template', [...])
 6 SYSTEMPATH\CodeIgniter.php(927): App\Controllers\Orders->ordersupdate('3')
 7 SYSTEMPATH\CodeIgniter.php(482): CodeIgniter\CodeIgniter->runController(Object(App\Controllers\Orders))
 8 SYSTEMPATH\CodeIgniter.php(351): CodeIgniter\CodeIgniter->handleRequest(null, Object(Config\Cache), false)
 9 FCPATH\index.php(67): CodeIgniter\CodeIgniter->run()
10 SYSTEMPATH\Commands\Server\rewrite.php(46): require_once('FCPATH\\index.php')
CRITICAL - 2023-08-28 00:14:24 --> rtrim(): Argument #1 ($string) must be of type string, array given
in APPPATH\Controllers\Orders.php on line 62.
 1 APPPATH\Controllers\Orders.php(62): rtrim([...], ', ')
 2 SYSTEMPATH\CodeIgniter.php(927): App\Controllers\Orders->ordersupdate('3')
 3 SYSTEMPATH\CodeIgniter.php(482): CodeIgniter\CodeIgniter->runController(Object(App\Controllers\Orders))
 4 SYSTEMPATH\CodeIgniter.php(351): CodeIgniter\CodeIgniter->handleRequest(null, Object(Config\Cache), false)
 5 FCPATH\index.php(67): CodeIgniter\CodeIgniter->run()
 6 SYSTEMPATH\Commands\Server\rewrite.php(46): require_once('FCPATH\\index.php')
CRITICAL - 2023-08-28 00:44:40 --> Undefined variable $item_images
in APPPATH\Views\admin\email_template.php on line 65.
 1 APPPATH\Views\admin\email_template.php(65): CodeIgniter\Debug\Exceptions->errorHandler(2, 'Undefined variable $item_images', 'APPPATH\\Views\\admin\\email_template.php', 65)
 2 SYSTEMPATH\View\View.php(213): include('APPPATH\\Views\\admin\\email_template.php')
 3 SYSTEMPATH\View\View.php(216): CodeIgniter\View\View->CodeIgniter\View\{closure}()
 4 SYSTEMPATH\Common.php(1134): CodeIgniter\View\View->render('admin/email_template', [], true)
 5 APPPATH\Controllers\Orders.php(82): view('admin/email_template', [...])
 6 SYSTEMPATH\CodeIgniter.php(927): App\Controllers\Orders->ordersupdate('2')
 7 SYSTEMPATH\CodeIgniter.php(482): CodeIgniter\CodeIgniter->runController(Object(App\Controllers\Orders))
 8 SYSTEMPATH\CodeIgniter.php(351): CodeIgniter\CodeIgniter->handleRequest(null, Object(Config\Cache), false)
 9 FCPATH\index.php(67): CodeIgniter\CodeIgniter->run()
10 SYSTEMPATH\Commands\Server\rewrite.php(46): require_once('FCPATH\\index.php')
CRITICAL - 2023-08-28 01:13:25 --> Undefined variable $firstname
in APPPATH\Views\pos\pos.php on line 47.
 1 APPPATH\Views\pos\pos.php(47): CodeIgniter\Debug\Exceptions->errorHandler(2, 'Undefined variable $firstname', 'APPPATH\\Views\\pos\\pos.php', 47)
 2 SYSTEMPATH\View\View.php(213): include('APPPATH\\Views\\pos\\pos.php')
 3 SYSTEMPATH\View\View.php(216): CodeIgniter\View\View->CodeIgniter\View\{closure}()
 4 SYSTEMPATH\Common.php(1134): CodeIgniter\View\View->render('pos/pos', [], true)
 5 APPPATH\Controllers\POS.php(35): view('pos/pos', [...])
 6 SYSTEMPATH\CodeIgniter.php(927): App\Controllers\POS->postview()
 7 SYSTEMPATH\CodeIgniter.php(482): CodeIgniter\CodeIgniter->runController(Object(App\Controllers\POS))
 8 SYSTEMPATH\CodeIgniter.php(351): CodeIgniter\CodeIgniter->handleRequest(null, Object(Config\Cache), false)
 9 FCPATH\index.php(67): CodeIgniter\CodeIgniter->run()
10 SYSTEMPATH\Commands\Server\rewrite.php(46): require_once('FCPATH\\index.php')
CRITICAL - 2023-08-28 01:13:42 --> Undefined variable $firstname
in APPPATH\Views\pos\pos.php on line 47.
 1 APPPATH\Views\pos\pos.php(47): CodeIgniter\Debug\Exceptions->errorHandler(2, 'Undefined variable $firstname', 'APPPATH\\Views\\pos\\pos.php', 47)
 2 SYSTEMPATH\View\View.php(213): include('APPPATH\\Views\\pos\\pos.php')
 3 SYSTEMPATH\View\View.php(216): CodeIgniter\View\View->CodeIgniter\View\{closure}()
 4 SYSTEMPATH\Common.php(1134): CodeIgniter\View\View->render('pos/pos', [], true)
 5 APPPATH\Controllers\POS.php(35): view('pos/pos', [...])
 6 SYSTEMPATH\CodeIgniter.php(927): App\Controllers\POS->postview()
 7 SYSTEMPATH\CodeIgniter.php(482): CodeIgniter\CodeIgniter->runController(Object(App\Controllers\POS))
 8 SYSTEMPATH\CodeIgniter.php(351): CodeIgniter\CodeIgniter->handleRequest(null, Object(Config\Cache), false)
 9 FCPATH\index.php(67): CodeIgniter\CodeIgniter->run()
10 SYSTEMPATH\Commands\Server\rewrite.php(46): require_once('FCPATH\\index.php')
CRITICAL - 2023-08-28 01:13:43 --> Undefined variable $firstname
in APPPATH\Views\pos\pos.php on line 47.
 1 APPPATH\Views\pos\pos.php(47): CodeIgniter\Debug\Exceptions->errorHandler(2, 'Undefined variable $firstname', 'APPPATH\\Views\\pos\\pos.php', 47)
 2 SYSTEMPATH\View\View.php(213): include('APPPATH\\Views\\pos\\pos.php')
 3 SYSTEMPATH\View\View.php(216): CodeIgniter\View\View->CodeIgniter\View\{closure}()
 4 SYSTEMPATH\Common.php(1134): CodeIgniter\View\View->render('pos/pos', [], true)
 5 APPPATH\Controllers\POS.php(35): view('pos/pos', [...])
 6 SYSTEMPATH\CodeIgniter.php(927): App\Controllers\POS->postview()
 7 SYSTEMPATH\CodeIgniter.php(482): CodeIgniter\CodeIgniter->runController(Object(App\Controllers\POS))
 8 SYSTEMPATH\CodeIgniter.php(351): CodeIgniter\CodeIgniter->handleRequest(null, Object(Config\Cache), false)
 9 FCPATH\index.php(67): CodeIgniter\CodeIgniter->run()
10 SYSTEMPATH\Commands\Server\rewrite.php(46): require_once('FCPATH\\index.php')
CRITICAL - 2023-08-28 01:34:32 --> Undefined variable $firstname
in APPPATH\Views\pos\pos.php on line 47.
 1 APPPATH\Views\pos\pos.php(47): CodeIgniter\Debug\Exceptions->errorHandler(2, 'Undefined variable $firstname', 'APPPATH\\Views\\pos\\pos.php', 47)
 2 SYSTEMPATH\View\View.php(213): include('APPPATH\\Views\\pos\\pos.php')
 3 SYSTEMPATH\View\View.php(216): CodeIgniter\View\View->CodeIgniter\View\{closure}()
 4 SYSTEMPATH\Common.php(1134): CodeIgniter\View\View->render('pos/pos', [], true)
 5 APPPATH\Controllers\POS.php(35): view('pos/pos', [...])
 6 SYSTEMPATH\CodeIgniter.php(927): App\Controllers\POS->postview()
 7 SYSTEMPATH\CodeIgniter.php(482): CodeIgniter\CodeIgniter->runController(Object(App\Controllers\POS))
 8 SYSTEMPATH\CodeIgniter.php(351): CodeIgniter\CodeIgniter->handleRequest(null, Object(Config\Cache), false)
 9 FCPATH\index.php(67): CodeIgniter\CodeIgniter->run()
10 SYSTEMPATH\Commands\Server\rewrite.php(46): require_once('FCPATH\\index.php')
CRITICAL - 2023-08-28 01:34:54 --> Undefined variable $subtotal
in APPPATH\Views\pos\pos.php on line 71.
 1 APPPATH\Views\pos\pos.php(71): CodeIgniter\Debug\Exceptions->errorHandler(2, 'Undefined variable $subtotal', 'APPPATH\\Views\\pos\\pos.php', 71)
 2 SYSTEMPATH\View\View.php(213): include('APPPATH\\Views\\pos\\pos.php')
 3 SYSTEMPATH\View\View.php(216): CodeIgniter\View\View->CodeIgniter\View\{closure}()
 4 SYSTEMPATH\Common.php(1134): CodeIgniter\View\View->render('pos/pos', [], true)
 5 APPPATH\Controllers\POS.php(35): view('pos/pos', [...])
 6 SYSTEMPATH\CodeIgniter.php(927): App\Controllers\POS->postview()
 7 SYSTEMPATH\CodeIgniter.php(482): CodeIgniter\CodeIgniter->runController(Object(App\Controllers\POS))
 8 SYSTEMPATH\CodeIgniter.php(351): CodeIgniter\CodeIgniter->handleRequest(null, Object(Config\Cache), false)
 9 FCPATH\index.php(67): CodeIgniter\CodeIgniter->run()
10 SYSTEMPATH\Commands\Server\rewrite.php(46): require_once('FCPATH\\index.php')
ERROR - 2023-08-28 05:07:24 --> Error connecting to the database: mysqli_sql_exception: No connection could be made because the target machine actively refused it in C:\xampp\htdocs\Florist-Event-Reservation-Ordering\system\Database\MySQLi\Connection.php:171
Stack trace:
#0 C:\xampp\htdocs\Florist-Event-Reservation-Ordering\system\Database\MySQLi\Connection.php(171): mysqli->real_connect('localhost', 'root', '', 'finalproject', 3306, '', 0)
#1 C:\xampp\htdocs\Florist-Event-Reservation-Ordering\system\Database\BaseConnection.php(382): CodeIgniter\Database\MySQLi\Connection->connect(false)
#2 C:\xampp\htdocs\Florist-Event-Reservation-Ordering\system\Database\BaseConnection.php(561): CodeIgniter\Database\BaseConnection->initialize()
#3 C:\xampp\htdocs\Florist-Event-Reservation-Ordering\system\Database\BaseBuilder.php(1585): CodeIgniter\Database\BaseConnection->query('SELECT DATE_FOR...', Array, false)
#4 C:\xampp\htdocs\Florist-Event-Reservation-Ordering\system\Model.php(223): CodeIgniter\Database\BaseBuilder->get()
#5 C:\xampp\htdocs\Florist-Event-Reservation-Ordering\system\BaseModel.php(585): CodeIgniter\Model->doFindAll(0, 0)
#6 C:\xampp\htdocs\Florist-Event-Reservation-Ordering\app\Controllers\Orders.php(498): CodeIgniter\BaseModel->findAll()
#7 C:\xampp\htdocs\Florist-Event-Reservation-Ordering\system\CodeIgniter.php(927): App\Controllers\Orders->pending_orders()
#8 C:\xampp\htdocs\Florist-Event-Reservation-Ordering\system\CodeIgniter.php(482): CodeIgniter\CodeIgniter->runController(Object(App\Controllers\Orders))
#9 C:\xampp\htdocs\Florist-Event-Reservation-Ordering\system\CodeIgniter.php(351): CodeIgniter\CodeIgniter->handleRequest(NULL, Object(Config\Cache), false)
#10 C:\xampp\htdocs\Florist-Event-Reservation-Ordering\public\index.php(67): CodeIgniter\CodeIgniter->run()
#11 C:\xampp\htdocs\Florist-Event-Reservation-Ordering\system\Commands\Server\rewrite.php(46): require_once('C:\\xampp\\htdocs...')
#12 {main}

Next CodeIgniter\Database\Exceptions\DatabaseException: No connection could be made because the target machine actively refused it in C:\xampp\htdocs\Florist-Event-Reservation-Ordering\system\Database\MySQLi\Connection.php:215
Stack trace:
#0 C:\xampp\htdocs\Florist-Event-Reservation-Ordering\system\Database\BaseConnection.php(382): CodeIgniter\Database\MySQLi\Connection->connect(false)
#1 C:\xampp\htdocs\Florist-Event-Reservation-Ordering\system\Database\BaseConnection.php(561): CodeIgniter\Database\BaseConnection->initialize()
#2 C:\xampp\htdocs\Florist-Event-Reservation-Ordering\system\Database\BaseBuilder.php(1585): CodeIgniter\Database\BaseConnection->query('SELECT DATE_FOR...', Array, false)
#3 C:\xampp\htdocs\Florist-Event-Reservation-Ordering\system\Model.php(223): CodeIgniter\Database\BaseBuilder->get()
#4 C:\xampp\htdocs\Florist-Event-Reservation-Ordering\system\BaseModel.php(585): CodeIgniter\Model->doFindAll(0, 0)
#5 C:\xampp\htdocs\Florist-Event-Reservation-Ordering\app\Controllers\Orders.php(498): CodeIgniter\BaseModel->findAll()
#6 C:\xampp\htdocs\Florist-Event-Reservation-Ordering\system\CodeIgniter.php(927): App\Controllers\Orders->pending_orders()
#7 C:\xampp\htdocs\Florist-Event-Reservation-Ordering\system\CodeIgniter.php(482): CodeIgniter\CodeIgniter->runController(Object(App\Controllers\Orders))
#8 C:\xampp\htdocs\Florist-Event-Reservation-Ordering\system\CodeIgniter.php(351): CodeIgniter\CodeIgniter->handleRequest(NULL, Object(Config\Cache), false)
#9 C:\xampp\htdocs\Florist-Event-Reservation-Ordering\public\index.php(67): CodeIgniter\CodeIgniter->run()
#10 C:\xampp\htdocs\Florist-Event-Reservation-Ordering\system\Commands\Server\rewrite.php(46): require_once('C:\\xampp\\htdocs...')
#11 {main}
CRITICAL - 2023-08-28 05:07:24 --> Unable to connect to the database.
Main connection [MySQLi]: No connection could be made because the target machine actively refused it
in SYSTEMPATH\Database\BaseConnection.php on line 418.
 1 SYSTEMPATH\Database\BaseConnection.php(561): CodeIgniter\Database\BaseConnection->initialize()
 2 SYSTEMPATH\Database\BaseBuilder.php(1585): CodeIgniter\Database\BaseConnection->query('SELECT DATE_FORMAT(order_date, \'%M %e, %Y\') AS order_date_formatted, `orderdata`.*
FROM `orderdata`
WHERE `order_status` = :order_status:
OR `order_status` = :order_status.1:
OR `order_status` = :order_status.2:
OR `order_status` = :order_status.3:', [...], false)
 3 SYSTEMPATH\Model.php(223): CodeIgniter\Database\BaseBuilder->get()
 4 SYSTEMPATH\BaseModel.php(585): CodeIgniter\Model->doFindAll(0, 0)
 5 APPPATH\Controllers\Orders.php(498): CodeIgniter\BaseModel->findAll()
 6 SYSTEMPATH\CodeIgniter.php(927): App\Controllers\Orders->pending_orders()
 7 SYSTEMPATH\CodeIgniter.php(482): CodeIgniter\CodeIgniter->runController(Object(App\Controllers\Orders))
 8 SYSTEMPATH\CodeIgniter.php(351): CodeIgniter\CodeIgniter->handleRequest(null, Object(Config\Cache), false)
 9 FCPATH\index.php(67): CodeIgniter\CodeIgniter->run()
10 SYSTEMPATH\Commands\Server\rewrite.php(46): require_once('FCPATH\\index.php')
CRITICAL - 2023-08-28 05:40:48 --> Undefined variable $item_amount
in APPPATH\Views\admin\emails\topay_cod.php on line 68.
 1 APPPATH\Views\admin\emails\topay_cod.php(68): CodeIgniter\Debug\Exceptions->errorHandler(2, 'Undefined variable $item_amount', 'APPPATH\\Views\\admin\\emails\\topay_cod.php', 68)
 2 SYSTEMPATH\View\View.php(213): include('APPPATH\\Views\\admin\\emails\\topay_cod.php')
 3 SYSTEMPATH\View\View.php(216): CodeIgniter\View\View->CodeIgniter\View\{closure}()
 4 SYSTEMPATH\Common.php(1134): CodeIgniter\View\View->render('admin/emails/topay_cod', [], true)
 5 APPPATH\Controllers\Orders.php(88): view('admin/emails/topay_cod', [...])
 6 SYSTEMPATH\CodeIgniter.php(927): App\Controllers\Orders->ordersupdate('7', '7')
 7 SYSTEMPATH\CodeIgniter.php(482): CodeIgniter\CodeIgniter->runController(Object(App\Controllers\Orders))
 8 SYSTEMPATH\CodeIgniter.php(351): CodeIgniter\CodeIgniter->handleRequest(null, Object(Config\Cache), false)
 9 FCPATH\index.php(67): CodeIgniter\CodeIgniter->run()
10 SYSTEMPATH\Commands\Server\rewrite.php(46): require_once('FCPATH\\index.php')
CRITICAL - 2023-08-28 05:41:20 --> Undefined variable $shippin_fee
in APPPATH\Views\admin\emails\topay_cod.php on line 68.
 1 APPPATH\Views\admin\emails\topay_cod.php(68): CodeIgniter\Debug\Exceptions->errorHandler(2, 'Undefined variable $shippin_fee', 'APPPATH\\Views\\admin\\emails\\topay_cod.php', 68)
 2 SYSTEMPATH\View\View.php(213): include('APPPATH\\Views\\admin\\emails\\topay_cod.php')
 3 SYSTEMPATH\View\View.php(216): CodeIgniter\View\View->CodeIgniter\View\{closure}()
 4 SYSTEMPATH\Common.php(1134): CodeIgniter\View\View->render('admin/emails/topay_cod', [], true)
 5 APPPATH\Controllers\Orders.php(88): view('admin/emails/topay_cod', [...])
 6 SYSTEMPATH\CodeIgniter.php(927): App\Controllers\Orders->ordersupdate('7', '7')
 7 SYSTEMPATH\CodeIgniter.php(482): CodeIgniter\CodeIgniter->runController(Object(App\Controllers\Orders))
 8 SYSTEMPATH\CodeIgniter.php(351): CodeIgniter\CodeIgniter->handleRequest(null, Object(Config\Cache), false)
 9 FCPATH\index.php(67): CodeIgniter\CodeIgniter->run()
10 SYSTEMPATH\Commands\Server\rewrite.php(46): require_once('FCPATH\\index.php')
CRITICAL - 2023-08-28 05:41:38 --> Undefined variable $shippin_fee
in APPPATH\Views\admin\emails\topay_cod.php on line 85.
 1 APPPATH\Views\admin\emails\topay_cod.php(85): CodeIgniter\Debug\Exceptions->errorHandler(2, 'Undefined variable $shippin_fee', 'APPPATH\\Views\\admin\\emails\\topay_cod.php', 85)
 2 SYSTEMPATH\View\View.php(213): include('APPPATH\\Views\\admin\\emails\\topay_cod.php')
 3 SYSTEMPATH\View\View.php(216): CodeIgniter\View\View->CodeIgniter\View\{closure}()
 4 SYSTEMPATH\Common.php(1134): CodeIgniter\View\View->render('admin/emails/topay_cod', [], true)
 5 APPPATH\Controllers\Orders.php(88): view('admin/emails/topay_cod', [...])
 6 SYSTEMPATH\CodeIgniter.php(927): App\Controllers\Orders->ordersupdate('7', '7')
 7 SYSTEMPATH\CodeIgniter.php(482): CodeIgniter\CodeIgniter->runController(Object(App\Controllers\Orders))
 8 SYSTEMPATH\CodeIgniter.php(351): CodeIgniter\CodeIgniter->handleRequest(null, Object(Config\Cache), false)
 9 FCPATH\index.php(67): CodeIgniter\CodeIgniter->run()
10 SYSTEMPATH\Commands\Server\rewrite.php(46): require_once('FCPATH\\index.php')
