CRITICAL - 2022-12-02 05:19:59 --> Call to undefined function set_value()
in APPPATH\Views\layout\booknow.php on line 60.
 1 SYSTEMPATH\View\View.php(213): include()
 2 SYSTEMPATH\View\View.php(216): CodeIgniter\View\View->CodeIgniter\View\{closure}()
 3 SYSTEMPATH\Common.php(1134): CodeIgniter\View\View->render('layout/booknow', [], true)
 4 APPPATH\Controllers\Reservation.php(21): view('layout/booknow')
 5 SYSTEMPATH\CodeIgniter.php(927): App\Controllers\Reservation->booknow()
 6 SYSTEMPATH\CodeIgniter.php(482): CodeIgniter\CodeIgniter->runController(Object(App\Controllers\Reservation))
 7 SYSTEMPATH\CodeIgniter.php(351): CodeIgniter\CodeIgniter->handleRequest(null, Object(Config\Cache), false)
 8 FCPATH\index.php(67): CodeIgniter\CodeIgniter->run()
 9 SYSTEMPATH\Commands\Server\rewrite.php(46): require_once('FCPATH\\index.php')
CRITICAL - 2022-12-02 08:48:31 --> Undefined variable $booking
in APPPATH\Views\admin_dashboard\reservation.php on line 32.
 1 APPPATH\Views\admin_dashboard\reservation.php(32): CodeIgniter\Debug\Exceptions->errorHandler(2, 'Undefined variable $booking', 'APPPATH\\Views\\admin_dashboard\\reservation.php', 32)
 2 SYSTEMPATH\View\View.php(213): include('APPPATH\\Views\\admin_dashboard\\reservation.php')
 3 SYSTEMPATH\View\View.php(216): CodeIgniter\View\View->CodeIgniter\View\{closure}()
 4 SYSTEMPATH\Common.php(1134): CodeIgniter\View\View->render('admin_dashboard/reservation', [], true)
 5 APPPATH\Controllers\AdminController.php(22): view('admin_dashboard/reservation')
 6 SYSTEMPATH\CodeIgniter.php(927): App\Controllers\AdminController->reservation()
 7 SYSTEMPATH\CodeIgniter.php(482): CodeIgniter\CodeIgniter->runController(Object(App\Controllers\AdminController))
 8 SYSTEMPATH\CodeIgniter.php(351): CodeIgniter\CodeIgniter->handleRequest(null, Object(Config\Cache), false)
 9 FCPATH\index.php(67): CodeIgniter\CodeIgniter->run()
10 SYSTEMPATH\Commands\Server\rewrite.php(46): require_once('FCPATH\\index.php')
CRITICAL - 2022-12-02 08:50:36 --> Undefined variable $booking
in APPPATH\Views\admin_dashboard\reservation.php on line 32.
 1 APPPATH\Views\admin_dashboard\reservation.php(32): CodeIgniter\Debug\Exceptions->errorHandler(2, 'Undefined variable $booking', 'APPPATH\\Views\\admin_dashboard\\reservation.php', 32)
 2 SYSTEMPATH\View\View.php(213): include('APPPATH\\Views\\admin_dashboard\\reservation.php')
 3 SYSTEMPATH\View\View.php(216): CodeIgniter\View\View->CodeIgniter\View\{closure}()
 4 SYSTEMPATH\Common.php(1134): CodeIgniter\View\View->render('admin_dashboard/reservation', [], true)
 5 APPPATH\Controllers\AdminController.php(22): view('admin_dashboard/reservation')
 6 SYSTEMPATH\CodeIgniter.php(927): App\Controllers\AdminController->reservation()
 7 SYSTEMPATH\CodeIgniter.php(482): CodeIgniter\CodeIgniter->runController(Object(App\Controllers\AdminController))
 8 SYSTEMPATH\CodeIgniter.php(351): CodeIgniter\CodeIgniter->handleRequest(null, Object(Config\Cache), false)
 9 FCPATH\index.php(67): CodeIgniter\CodeIgniter->run()
10 SYSTEMPATH\Commands\Server\rewrite.php(46): require_once('FCPATH\\index.php')
CRITICAL - 2022-12-02 08:50:38 --> Undefined variable $booking
in APPPATH\Views\admin_dashboard\reservation.php on line 32.
 1 APPPATH\Views\admin_dashboard\reservation.php(32): CodeIgniter\Debug\Exceptions->errorHandler(2, 'Undefined variable $booking', 'APPPATH\\Views\\admin_dashboard\\reservation.php', 32)
 2 SYSTEMPATH\View\View.php(213): include('APPPATH\\Views\\admin_dashboard\\reservation.php')
 3 SYSTEMPATH\View\View.php(216): CodeIgniter\View\View->CodeIgniter\View\{closure}()
 4 SYSTEMPATH\Common.php(1134): CodeIgniter\View\View->render('admin_dashboard/reservation', [], true)
 5 APPPATH\Controllers\AdminController.php(22): view('admin_dashboard/reservation')
 6 SYSTEMPATH\CodeIgniter.php(927): App\Controllers\AdminController->reservation()
 7 SYSTEMPATH\CodeIgniter.php(482): CodeIgniter\CodeIgniter->runController(Object(App\Controllers\AdminController))
 8 SYSTEMPATH\CodeIgniter.php(351): CodeIgniter\CodeIgniter->handleRequest(null, Object(Config\Cache), false)
 9 FCPATH\index.php(67): CodeIgniter\CodeIgniter->run()
10 SYSTEMPATH\Commands\Server\rewrite.php(46): require_once('FCPATH\\index.php')
CRITICAL - 2022-12-02 08:51:23 --> Undefined variable $booking
in APPPATH\Views\admin_dashboard\reservation.php on line 32.
 1 APPPATH\Views\admin_dashboard\reservation.php(32): CodeIgniter\Debug\Exceptions->errorHandler(2, 'Undefined variable $booking', 'APPPATH\\Views\\admin_dashboard\\reservation.php', 32)
 2 SYSTEMPATH\View\View.php(213): include('APPPATH\\Views\\admin_dashboard\\reservation.php')
 3 SYSTEMPATH\View\View.php(216): CodeIgniter\View\View->CodeIgniter\View\{closure}()
 4 SYSTEMPATH\Common.php(1134): CodeIgniter\View\View->render('admin_dashboard/reservation', [], true)
 5 APPPATH\Controllers\AdminController.php(22): view('admin_dashboard/reservation')
 6 SYSTEMPATH\CodeIgniter.php(927): App\Controllers\AdminController->reservation()
 7 SYSTEMPATH\CodeIgniter.php(482): CodeIgniter\CodeIgniter->runController(Object(App\Controllers\AdminController))
 8 SYSTEMPATH\CodeIgniter.php(351): CodeIgniter\CodeIgniter->handleRequest(null, Object(Config\Cache), false)
 9 FCPATH\index.php(67): CodeIgniter\CodeIgniter->run()
10 SYSTEMPATH\Commands\Server\rewrite.php(46): require_once('FCPATH\\index.php')
CRITICAL - 2022-12-02 08:55:07 --> Undefined variable $bookings
in APPPATH\Views\admin_dashboard\reservation.php on line 32.
 1 APPPATH\Views\admin_dashboard\reservation.php(32): CodeIgniter\Debug\Exceptions->errorHandler(2, 'Undefined variable $bookings', 'APPPATH\\Views\\admin_dashboard\\reservation.php', 32)
 2 SYSTEMPATH\View\View.php(213): include('APPPATH\\Views\\admin_dashboard\\reservation.php')
 3 SYSTEMPATH\View\View.php(216): CodeIgniter\View\View->CodeIgniter\View\{closure}()
 4 SYSTEMPATH\Common.php(1134): CodeIgniter\View\View->render('admin_dashboard/reservation', [], true)
 5 APPPATH\Controllers\AdminController.php(22): view('admin_dashboard/reservation')
 6 SYSTEMPATH\CodeIgniter.php(927): App\Controllers\AdminController->reservation()
 7 SYSTEMPATH\CodeIgniter.php(482): CodeIgniter\CodeIgniter->runController(Object(App\Controllers\AdminController))
 8 SYSTEMPATH\CodeIgniter.php(351): CodeIgniter\CodeIgniter->handleRequest(null, Object(Config\Cache), false)
 9 FCPATH\index.php(67): CodeIgniter\CodeIgniter->run()
10 SYSTEMPATH\Commands\Server\rewrite.php(46): require_once('FCPATH\\index.php')
CRITICAL - 2022-12-02 08:57:09 --> Undefined variable $bookings
in APPPATH\Views\admin_dashboard\reservation.php on line 32.
 1 APPPATH\Views\admin_dashboard\reservation.php(32): CodeIgniter\Debug\Exceptions->errorHandler(2, 'Undefined variable $bookings', 'APPPATH\\Views\\admin_dashboard\\reservation.php', 32)
 2 SYSTEMPATH\View\View.php(213): include('APPPATH\\Views\\admin_dashboard\\reservation.php')
 3 SYSTEMPATH\View\View.php(216): CodeIgniter\View\View->CodeIgniter\View\{closure}()
 4 SYSTEMPATH\Common.php(1134): CodeIgniter\View\View->render('admin_dashboard/reservation', [], true)
 5 APPPATH\Controllers\AdminController.php(22): view('admin_dashboard/reservation')
 6 SYSTEMPATH\CodeIgniter.php(927): App\Controllers\AdminController->reservation()
 7 SYSTEMPATH\CodeIgniter.php(482): CodeIgniter\CodeIgniter->runController(Object(App\Controllers\AdminController))
 8 SYSTEMPATH\CodeIgniter.php(351): CodeIgniter\CodeIgniter->handleRequest(null, Object(Config\Cache), false)
 9 FCPATH\index.php(67): CodeIgniter\CodeIgniter->run()
10 SYSTEMPATH\Commands\Server\rewrite.php(46): require_once('FCPATH\\index.php')
CRITICAL - 2022-12-02 08:57:10 --> Undefined variable $bookings
in APPPATH\Views\admin_dashboard\reservation.php on line 32.
 1 APPPATH\Views\admin_dashboard\reservation.php(32): CodeIgniter\Debug\Exceptions->errorHandler(2, 'Undefined variable $bookings', 'APPPATH\\Views\\admin_dashboard\\reservation.php', 32)
 2 SYSTEMPATH\View\View.php(213): include('APPPATH\\Views\\admin_dashboard\\reservation.php')
 3 SYSTEMPATH\View\View.php(216): CodeIgniter\View\View->CodeIgniter\View\{closure}()
 4 SYSTEMPATH\Common.php(1134): CodeIgniter\View\View->render('admin_dashboard/reservation', [], true)
 5 APPPATH\Controllers\AdminController.php(22): view('admin_dashboard/reservation')
 6 SYSTEMPATH\CodeIgniter.php(927): App\Controllers\AdminController->reservation()
 7 SYSTEMPATH\CodeIgniter.php(482): CodeIgniter\CodeIgniter->runController(Object(App\Controllers\AdminController))
 8 SYSTEMPATH\CodeIgniter.php(351): CodeIgniter\CodeIgniter->handleRequest(null, Object(Config\Cache), false)
 9 FCPATH\index.php(67): CodeIgniter\CodeIgniter->run()
10 SYSTEMPATH\Commands\Server\rewrite.php(46): require_once('FCPATH\\index.php')
CRITICAL - 2022-12-02 08:57:11 --> Undefined variable $bookings
in APPPATH\Views\admin_dashboard\reservation.php on line 32.
 1 APPPATH\Views\admin_dashboard\reservation.php(32): CodeIgniter\Debug\Exceptions->errorHandler(2, 'Undefined variable $bookings', 'APPPATH\\Views\\admin_dashboard\\reservation.php', 32)
 2 SYSTEMPATH\View\View.php(213): include('APPPATH\\Views\\admin_dashboard\\reservation.php')
 3 SYSTEMPATH\View\View.php(216): CodeIgniter\View\View->CodeIgniter\View\{closure}()
 4 SYSTEMPATH\Common.php(1134): CodeIgniter\View\View->render('admin_dashboard/reservation', [], true)
 5 APPPATH\Controllers\AdminController.php(22): view('admin_dashboard/reservation')
 6 SYSTEMPATH\CodeIgniter.php(927): App\Controllers\AdminController->reservation()
 7 SYSTEMPATH\CodeIgniter.php(482): CodeIgniter\CodeIgniter->runController(Object(App\Controllers\AdminController))
 8 SYSTEMPATH\CodeIgniter.php(351): CodeIgniter\CodeIgniter->handleRequest(null, Object(Config\Cache), false)
 9 FCPATH\index.php(67): CodeIgniter\CodeIgniter->run()
10 SYSTEMPATH\Commands\Server\rewrite.php(46): require_once('FCPATH\\index.php')
CRITICAL - 2022-12-02 08:59:14 --> Undefined variable $bookings
in APPPATH\Views\admin_dashboard\reservation.php on line 32.
 1 APPPATH\Views\admin_dashboard\reservation.php(32): CodeIgniter\Debug\Exceptions->errorHandler(2, 'Undefined variable $bookings', 'APPPATH\\Views\\admin_dashboard\\reservation.php', 32)
 2 SYSTEMPATH\View\View.php(213): include('APPPATH\\Views\\admin_dashboard\\reservation.php')
 3 SYSTEMPATH\View\View.php(216): CodeIgniter\View\View->CodeIgniter\View\{closure}()
 4 SYSTEMPATH\Common.php(1134): CodeIgniter\View\View->render('admin_dashboard/reservation', [], true)
 5 APPPATH\Controllers\AdminController.php(22): view('admin_dashboard/reservation')
 6 SYSTEMPATH\CodeIgniter.php(927): App\Controllers\AdminController->reservation()
 7 SYSTEMPATH\CodeIgniter.php(482): CodeIgniter\CodeIgniter->runController(Object(App\Controllers\AdminController))
 8 SYSTEMPATH\CodeIgniter.php(351): CodeIgniter\CodeIgniter->handleRequest(null, Object(Config\Cache), false)
 9 FCPATH\index.php(67): CodeIgniter\CodeIgniter->run()
10 SYSTEMPATH\Commands\Server\rewrite.php(46): require_once('FCPATH\\index.php')
CRITICAL - 2022-12-02 09:03:26 --> Undefined variable $booking
in APPPATH\Views\admin_dashboard\reservation.php on line 32.
 1 APPPATH\Views\admin_dashboard\reservation.php(32): CodeIgniter\Debug\Exceptions->errorHandler(2, 'Undefined variable $booking', 'APPPATH\\Views\\admin_dashboard\\reservation.php', 32)
 2 SYSTEMPATH\View\View.php(213): include('APPPATH\\Views\\admin_dashboard\\reservation.php')
 3 SYSTEMPATH\View\View.php(216): CodeIgniter\View\View->CodeIgniter\View\{closure}()
 4 SYSTEMPATH\Common.php(1134): CodeIgniter\View\View->render('admin_dashboard/reservation', [], true)
 5 APPPATH\Controllers\AdminController.php(22): view('admin_dashboard/reservation')
 6 SYSTEMPATH\CodeIgniter.php(927): App\Controllers\AdminController->reservation()
 7 SYSTEMPATH\CodeIgniter.php(482): CodeIgniter\CodeIgniter->runController(Object(App\Controllers\AdminController))
 8 SYSTEMPATH\CodeIgniter.php(351): CodeIgniter\CodeIgniter->handleRequest(null, Object(Config\Cache), false)
 9 FCPATH\index.php(67): CodeIgniter\CodeIgniter->run()
10 SYSTEMPATH\Commands\Server\rewrite.php(46): require_once('FCPATH\\index.php')
CRITICAL - 2022-12-02 09:03:27 --> Undefined variable $booking
in APPPATH\Views\admin_dashboard\reservation.php on line 32.
 1 APPPATH\Views\admin_dashboard\reservation.php(32): CodeIgniter\Debug\Exceptions->errorHandler(2, 'Undefined variable $booking', 'APPPATH\\Views\\admin_dashboard\\reservation.php', 32)
 2 SYSTEMPATH\View\View.php(213): include('APPPATH\\Views\\admin_dashboard\\reservation.php')
 3 SYSTEMPATH\View\View.php(216): CodeIgniter\View\View->CodeIgniter\View\{closure}()
 4 SYSTEMPATH\Common.php(1134): CodeIgniter\View\View->render('admin_dashboard/reservation', [], true)
 5 APPPATH\Controllers\AdminController.php(22): view('admin_dashboard/reservation')
 6 SYSTEMPATH\CodeIgniter.php(927): App\Controllers\AdminController->reservation()
 7 SYSTEMPATH\CodeIgniter.php(482): CodeIgniter\CodeIgniter->runController(Object(App\Controllers\AdminController))
 8 SYSTEMPATH\CodeIgniter.php(351): CodeIgniter\CodeIgniter->handleRequest(null, Object(Config\Cache), false)
 9 FCPATH\index.php(67): CodeIgniter\CodeIgniter->run()
10 SYSTEMPATH\Commands\Server\rewrite.php(46): require_once('FCPATH\\index.php')
CRITICAL - 2022-12-02 09:03:27 --> Undefined variable $booking
in APPPATH\Views\admin_dashboard\reservation.php on line 32.
 1 APPPATH\Views\admin_dashboard\reservation.php(32): CodeIgniter\Debug\Exceptions->errorHandler(2, 'Undefined variable $booking', 'APPPATH\\Views\\admin_dashboard\\reservation.php', 32)
 2 SYSTEMPATH\View\View.php(213): include('APPPATH\\Views\\admin_dashboard\\reservation.php')
 3 SYSTEMPATH\View\View.php(216): CodeIgniter\View\View->CodeIgniter\View\{closure}()
 4 SYSTEMPATH\Common.php(1134): CodeIgniter\View\View->render('admin_dashboard/reservation', [], true)
 5 APPPATH\Controllers\AdminController.php(22): view('admin_dashboard/reservation')
 6 SYSTEMPATH\CodeIgniter.php(927): App\Controllers\AdminController->reservation()
 7 SYSTEMPATH\CodeIgniter.php(482): CodeIgniter\CodeIgniter->runController(Object(App\Controllers\AdminController))
 8 SYSTEMPATH\CodeIgniter.php(351): CodeIgniter\CodeIgniter->handleRequest(null, Object(Config\Cache), false)
 9 FCPATH\index.php(67): CodeIgniter\CodeIgniter->run()
10 SYSTEMPATH\Commands\Server\rewrite.php(46): require_once('FCPATH\\index.php')
CRITICAL - 2022-12-02 09:03:28 --> Undefined variable $booking
in APPPATH\Views\admin_dashboard\reservation.php on line 32.
 1 APPPATH\Views\admin_dashboard\reservation.php(32): CodeIgniter\Debug\Exceptions->errorHandler(2, 'Undefined variable $booking', 'APPPATH\\Views\\admin_dashboard\\reservation.php', 32)
 2 SYSTEMPATH\View\View.php(213): include('APPPATH\\Views\\admin_dashboard\\reservation.php')
 3 SYSTEMPATH\View\View.php(216): CodeIgniter\View\View->CodeIgniter\View\{closure}()
 4 SYSTEMPATH\Common.php(1134): CodeIgniter\View\View->render('admin_dashboard/reservation', [], true)
 5 APPPATH\Controllers\AdminController.php(22): view('admin_dashboard/reservation')
 6 SYSTEMPATH\CodeIgniter.php(927): App\Controllers\AdminController->reservation()
 7 SYSTEMPATH\CodeIgniter.php(482): CodeIgniter\CodeIgniter->runController(Object(App\Controllers\AdminController))
 8 SYSTEMPATH\CodeIgniter.php(351): CodeIgniter\CodeIgniter->handleRequest(null, Object(Config\Cache), false)
 9 FCPATH\index.php(67): CodeIgniter\CodeIgniter->run()
10 SYSTEMPATH\Commands\Server\rewrite.php(46): require_once('FCPATH\\index.php')
CRITICAL - 2022-12-02 09:03:28 --> Undefined variable $booking
in APPPATH\Views\admin_dashboard\reservation.php on line 32.
 1 APPPATH\Views\admin_dashboard\reservation.php(32): CodeIgniter\Debug\Exceptions->errorHandler(2, 'Undefined variable $booking', 'APPPATH\\Views\\admin_dashboard\\reservation.php', 32)
 2 SYSTEMPATH\View\View.php(213): include('APPPATH\\Views\\admin_dashboard\\reservation.php')
 3 SYSTEMPATH\View\View.php(216): CodeIgniter\View\View->CodeIgniter\View\{closure}()
 4 SYSTEMPATH\Common.php(1134): CodeIgniter\View\View->render('admin_dashboard/reservation', [], true)
 5 APPPATH\Controllers\AdminController.php(22): view('admin_dashboard/reservation')
 6 SYSTEMPATH\CodeIgniter.php(927): App\Controllers\AdminController->reservation()
 7 SYSTEMPATH\CodeIgniter.php(482): CodeIgniter\CodeIgniter->runController(Object(App\Controllers\AdminController))
 8 SYSTEMPATH\CodeIgniter.php(351): CodeIgniter\CodeIgniter->handleRequest(null, Object(Config\Cache), false)
 9 FCPATH\index.php(67): CodeIgniter\CodeIgniter->run()
10 SYSTEMPATH\Commands\Server\rewrite.php(46): require_once('FCPATH\\index.php')
CRITICAL - 2022-12-02 09:03:28 --> Undefined variable $booking
in APPPATH\Views\admin_dashboard\reservation.php on line 32.
 1 APPPATH\Views\admin_dashboard\reservation.php(32): CodeIgniter\Debug\Exceptions->errorHandler(2, 'Undefined variable $booking', 'APPPATH\\Views\\admin_dashboard\\reservation.php', 32)
 2 SYSTEMPATH\View\View.php(213): include('APPPATH\\Views\\admin_dashboard\\reservation.php')
 3 SYSTEMPATH\View\View.php(216): CodeIgniter\View\View->CodeIgniter\View\{closure}()
 4 SYSTEMPATH\Common.php(1134): CodeIgniter\View\View->render('admin_dashboard/reservation', [], true)
 5 APPPATH\Controllers\AdminController.php(22): view('admin_dashboard/reservation')
 6 SYSTEMPATH\CodeIgniter.php(927): App\Controllers\AdminController->reservation()
 7 SYSTEMPATH\CodeIgniter.php(482): CodeIgniter\CodeIgniter->runController(Object(App\Controllers\AdminController))
 8 SYSTEMPATH\CodeIgniter.php(351): CodeIgniter\CodeIgniter->handleRequest(null, Object(Config\Cache), false)
 9 FCPATH\index.php(67): CodeIgniter\CodeIgniter->run()
10 SYSTEMPATH\Commands\Server\rewrite.php(46): require_once('FCPATH\\index.php')
CRITICAL - 2022-12-02 09:03:29 --> Undefined variable $booking
in APPPATH\Views\admin_dashboard\reservation.php on line 32.
 1 APPPATH\Views\admin_dashboard\reservation.php(32): CodeIgniter\Debug\Exceptions->errorHandler(2, 'Undefined variable $booking', 'APPPATH\\Views\\admin_dashboard\\reservation.php', 32)
 2 SYSTEMPATH\View\View.php(213): include('APPPATH\\Views\\admin_dashboard\\reservation.php')
 3 SYSTEMPATH\View\View.php(216): CodeIgniter\View\View->CodeIgniter\View\{closure}()
 4 SYSTEMPATH\Common.php(1134): CodeIgniter\View\View->render('admin_dashboard/reservation', [], true)
 5 APPPATH\Controllers\AdminController.php(22): view('admin_dashboard/reservation')
 6 SYSTEMPATH\CodeIgniter.php(927): App\Controllers\AdminController->reservation()
 7 SYSTEMPATH\CodeIgniter.php(482): CodeIgniter\CodeIgniter->runController(Object(App\Controllers\AdminController))
 8 SYSTEMPATH\CodeIgniter.php(351): CodeIgniter\CodeIgniter->handleRequest(null, Object(Config\Cache), false)
 9 FCPATH\index.php(67): CodeIgniter\CodeIgniter->run()
10 SYSTEMPATH\Commands\Server\rewrite.php(46): require_once('FCPATH\\index.php')
CRITICAL - 2022-12-02 09:03:29 --> Undefined variable $booking
in APPPATH\Views\admin_dashboard\reservation.php on line 32.
 1 APPPATH\Views\admin_dashboard\reservation.php(32): CodeIgniter\Debug\Exceptions->errorHandler(2, 'Undefined variable $booking', 'APPPATH\\Views\\admin_dashboard\\reservation.php', 32)
 2 SYSTEMPATH\View\View.php(213): include('APPPATH\\Views\\admin_dashboard\\reservation.php')
 3 SYSTEMPATH\View\View.php(216): CodeIgniter\View\View->CodeIgniter\View\{closure}()
 4 SYSTEMPATH\Common.php(1134): CodeIgniter\View\View->render('admin_dashboard/reservation', [], true)
 5 APPPATH\Controllers\AdminController.php(22): view('admin_dashboard/reservation')
 6 SYSTEMPATH\CodeIgniter.php(927): App\Controllers\AdminController->reservation()
 7 SYSTEMPATH\CodeIgniter.php(482): CodeIgniter\CodeIgniter->runController(Object(App\Controllers\AdminController))
 8 SYSTEMPATH\CodeIgniter.php(351): CodeIgniter\CodeIgniter->handleRequest(null, Object(Config\Cache), false)
 9 FCPATH\index.php(67): CodeIgniter\CodeIgniter->run()
10 SYSTEMPATH\Commands\Server\rewrite.php(46): require_once('FCPATH\\index.php')
CRITICAL - 2022-12-02 09:05:41 --> Undefined variable $booking
in APPPATH\Views\admin_dashboard\reservation.php on line 32.
 1 APPPATH\Views\admin_dashboard\reservation.php(32): CodeIgniter\Debug\Exceptions->errorHandler(2, 'Undefined variable $booking', 'APPPATH\\Views\\admin_dashboard\\reservation.php', 32)
 2 SYSTEMPATH\View\View.php(213): include('APPPATH\\Views\\admin_dashboard\\reservation.php')
 3 SYSTEMPATH\View\View.php(216): CodeIgniter\View\View->CodeIgniter\View\{closure}()
 4 SYSTEMPATH\Common.php(1134): CodeIgniter\View\View->render('admin_dashboard/reservation', [], true)
 5 APPPATH\Controllers\AdminController.php(22): view('admin_dashboard/reservation')
 6 SYSTEMPATH\CodeIgniter.php(927): App\Controllers\AdminController->reservation()
 7 SYSTEMPATH\CodeIgniter.php(482): CodeIgniter\CodeIgniter->runController(Object(App\Controllers\AdminController))
 8 SYSTEMPATH\CodeIgniter.php(351): CodeIgniter\CodeIgniter->handleRequest(null, Object(Config\Cache), false)
 9 FCPATH\index.php(67): CodeIgniter\CodeIgniter->run()
10 SYSTEMPATH\Commands\Server\rewrite.php(46): require_once('FCPATH\\index.php')
CRITICAL - 2022-12-02 09:05:44 --> Undefined variable $booking
in APPPATH\Views\admin_dashboard\reservation.php on line 32.
 1 APPPATH\Views\admin_dashboard\reservation.php(32): CodeIgniter\Debug\Exceptions->errorHandler(2, 'Undefined variable $booking', 'APPPATH\\Views\\admin_dashboard\\reservation.php', 32)
 2 SYSTEMPATH\View\View.php(213): include('APPPATH\\Views\\admin_dashboard\\reservation.php')
 3 SYSTEMPATH\View\View.php(216): CodeIgniter\View\View->CodeIgniter\View\{closure}()
 4 SYSTEMPATH\Common.php(1134): CodeIgniter\View\View->render('admin_dashboard/reservation', [], true)
 5 APPPATH\Controllers\AdminController.php(22): view('admin_dashboard/reservation')
 6 SYSTEMPATH\CodeIgniter.php(927): App\Controllers\AdminController->reservation()
 7 SYSTEMPATH\CodeIgniter.php(482): CodeIgniter\CodeIgniter->runController(Object(App\Controllers\AdminController))
 8 SYSTEMPATH\CodeIgniter.php(351): CodeIgniter\CodeIgniter->handleRequest(null, Object(Config\Cache), false)
 9 FCPATH\index.php(67): CodeIgniter\CodeIgniter->run()
10 SYSTEMPATH\Commands\Server\rewrite.php(46): require_once('FCPATH\\index.php')
CRITICAL - 2022-12-02 09:05:49 --> Undefined variable $booking
in APPPATH\Views\admin_dashboard\reservation.php on line 32.
 1 APPPATH\Views\admin_dashboard\reservation.php(32): CodeIgniter\Debug\Exceptions->errorHandler(2, 'Undefined variable $booking', 'APPPATH\\Views\\admin_dashboard\\reservation.php', 32)
 2 SYSTEMPATH\View\View.php(213): include('APPPATH\\Views\\admin_dashboard\\reservation.php')
 3 SYSTEMPATH\View\View.php(216): CodeIgniter\View\View->CodeIgniter\View\{closure}()
 4 SYSTEMPATH\Common.php(1134): CodeIgniter\View\View->render('admin_dashboard/reservation', [], true)
 5 APPPATH\Controllers\AdminController.php(22): view('admin_dashboard/reservation')
 6 SYSTEMPATH\CodeIgniter.php(927): App\Controllers\AdminController->reservation()
 7 SYSTEMPATH\CodeIgniter.php(482): CodeIgniter\CodeIgniter->runController(Object(App\Controllers\AdminController))
 8 SYSTEMPATH\CodeIgniter.php(351): CodeIgniter\CodeIgniter->handleRequest(null, Object(Config\Cache), false)
 9 FCPATH\index.php(67): CodeIgniter\CodeIgniter->run()
10 SYSTEMPATH\Commands\Server\rewrite.php(46): require_once('FCPATH\\index.php')
CRITICAL - 2022-12-02 09:06:00 --> Undefined variable $booking
in APPPATH\Views\admin_dashboard\reservation.php on line 32.
 1 APPPATH\Views\admin_dashboard\reservation.php(32): CodeIgniter\Debug\Exceptions->errorHandler(2, 'Undefined variable $booking', 'APPPATH\\Views\\admin_dashboard\\reservation.php', 32)
 2 SYSTEMPATH\View\View.php(213): include('APPPATH\\Views\\admin_dashboard\\reservation.php')
 3 SYSTEMPATH\View\View.php(216): CodeIgniter\View\View->CodeIgniter\View\{closure}()
 4 SYSTEMPATH\Common.php(1134): CodeIgniter\View\View->render('admin_dashboard/reservation', [], true)
 5 APPPATH\Controllers\AdminController.php(22): view('admin_dashboard/reservation')
 6 SYSTEMPATH\CodeIgniter.php(927): App\Controllers\AdminController->reservation()
 7 SYSTEMPATH\CodeIgniter.php(482): CodeIgniter\CodeIgniter->runController(Object(App\Controllers\AdminController))
 8 SYSTEMPATH\CodeIgniter.php(351): CodeIgniter\CodeIgniter->handleRequest(null, Object(Config\Cache), false)
 9 FCPATH\index.php(67): CodeIgniter\CodeIgniter->run()
10 SYSTEMPATH\Commands\Server\rewrite.php(46): require_once('FCPATH\\index.php')
CRITICAL - 2022-12-02 09:06:18 --> Undefined variable $row
in APPPATH\Views\admin_dashboard\reservation.php on line 34.
 1 APPPATH\Views\admin_dashboard\reservation.php(34): CodeIgniter\Debug\Exceptions->errorHandler(2, 'Undefined variable $row', 'APPPATH\\Views\\admin_dashboard\\reservation.php', 34)
 2 SYSTEMPATH\View\View.php(213): include('APPPATH\\Views\\admin_dashboard\\reservation.php')
 3 SYSTEMPATH\View\View.php(216): CodeIgniter\View\View->CodeIgniter\View\{closure}()
 4 SYSTEMPATH\Common.php(1134): CodeIgniter\View\View->render('admin_dashboard/reservation', [], true)
 5 APPPATH\Controllers\AdminController.php(22): view('admin_dashboard/reservation')
 6 SYSTEMPATH\CodeIgniter.php(927): App\Controllers\AdminController->reservation()
 7 SYSTEMPATH\CodeIgniter.php(482): CodeIgniter\CodeIgniter->runController(Object(App\Controllers\AdminController))
 8 SYSTEMPATH\CodeIgniter.php(351): CodeIgniter\CodeIgniter->handleRequest(null, Object(Config\Cache), false)
 9 FCPATH\index.php(67): CodeIgniter\CodeIgniter->run()
10 SYSTEMPATH\Commands\Server\rewrite.php(46): require_once('FCPATH\\index.php')
CRITICAL - 2022-12-02 09:06:40 --> Undefined variable $row
in APPPATH\Views\admin_dashboard\reservation.php on line 34.
 1 APPPATH\Views\admin_dashboard\reservation.php(34): CodeIgniter\Debug\Exceptions->errorHandler(2, 'Undefined variable $row', 'APPPATH\\Views\\admin_dashboard\\reservation.php', 34)
 2 SYSTEMPATH\View\View.php(213): include('APPPATH\\Views\\admin_dashboard\\reservation.php')
 3 SYSTEMPATH\View\View.php(216): CodeIgniter\View\View->CodeIgniter\View\{closure}()
 4 SYSTEMPATH\Common.php(1134): CodeIgniter\View\View->render('admin_dashboard/reservation', [], true)
 5 APPPATH\Controllers\AdminController.php(22): view('admin_dashboard/reservation')
 6 SYSTEMPATH\CodeIgniter.php(927): App\Controllers\AdminController->reservation()
 7 SYSTEMPATH\CodeIgniter.php(482): CodeIgniter\CodeIgniter->runController(Object(App\Controllers\AdminController))
 8 SYSTEMPATH\CodeIgniter.php(351): CodeIgniter\CodeIgniter->handleRequest(null, Object(Config\Cache), false)
 9 FCPATH\index.php(67): CodeIgniter\CodeIgniter->run()
10 SYSTEMPATH\Commands\Server\rewrite.php(46): require_once('FCPATH\\index.php')
CRITICAL - 2022-12-02 09:07:11 --> Undefined variable $bookings
in APPPATH\Views\admin_dashboard\reservation.php on line 32.
 1 APPPATH\Views\admin_dashboard\reservation.php(32): CodeIgniter\Debug\Exceptions->errorHandler(2, 'Undefined variable $bookings', 'APPPATH\\Views\\admin_dashboard\\reservation.php', 32)
 2 SYSTEMPATH\View\View.php(213): include('APPPATH\\Views\\admin_dashboard\\reservation.php')
 3 SYSTEMPATH\View\View.php(216): CodeIgniter\View\View->CodeIgniter\View\{closure}()
 4 SYSTEMPATH\Common.php(1134): CodeIgniter\View\View->render('admin_dashboard/reservation', [], true)
 5 APPPATH\Controllers\AdminController.php(22): view('admin_dashboard/reservation')
 6 SYSTEMPATH\CodeIgniter.php(927): App\Controllers\AdminController->reservation()
 7 SYSTEMPATH\CodeIgniter.php(482): CodeIgniter\CodeIgniter->runController(Object(App\Controllers\AdminController))
 8 SYSTEMPATH\CodeIgniter.php(351): CodeIgniter\CodeIgniter->handleRequest(null, Object(Config\Cache), false)
 9 FCPATH\index.php(67): CodeIgniter\CodeIgniter->run()
10 SYSTEMPATH\Commands\Server\rewrite.php(46): require_once('FCPATH\\index.php')
CRITICAL - 2022-12-02 09:09:44 --> Undefined variable $bookings
in APPPATH\Views\admin_dashboard\reservation.php on line 32.
 1 APPPATH\Views\admin_dashboard\reservation.php(32): CodeIgniter\Debug\Exceptions->errorHandler(2, 'Undefined variable $bookings', 'APPPATH\\Views\\admin_dashboard\\reservation.php', 32)
 2 SYSTEMPATH\View\View.php(213): include('APPPATH\\Views\\admin_dashboard\\reservation.php')
 3 SYSTEMPATH\View\View.php(216): CodeIgniter\View\View->CodeIgniter\View\{closure}()
 4 SYSTEMPATH\Common.php(1134): CodeIgniter\View\View->render('admin_dashboard/reservation', [], true)
 5 APPPATH\Controllers\Reservation.php(38): view('admin_dashboard/reservation', [...])
 6 SYSTEMPATH\CodeIgniter.php(927): App\Controllers\Reservation->reservation()
 7 SYSTEMPATH\CodeIgniter.php(482): CodeIgniter\CodeIgniter->runController(Object(App\Controllers\Reservation))
 8 SYSTEMPATH\CodeIgniter.php(351): CodeIgniter\CodeIgniter->handleRequest(null, Object(Config\Cache), false)
 9 FCPATH\index.php(67): CodeIgniter\CodeIgniter->run()
10 SYSTEMPATH\Commands\Server\rewrite.php(46): require_once('FCPATH\\index.php')
CRITICAL - 2022-12-02 09:09:49 --> Undefined variable $bookings
in APPPATH\Views\admin_dashboard\reservation.php on line 32.
 1 APPPATH\Views\admin_dashboard\reservation.php(32): CodeIgniter\Debug\Exceptions->errorHandler(2, 'Undefined variable $bookings', 'APPPATH\\Views\\admin_dashboard\\reservation.php', 32)
 2 SYSTEMPATH\View\View.php(213): include('APPPATH\\Views\\admin_dashboard\\reservation.php')
 3 SYSTEMPATH\View\View.php(216): CodeIgniter\View\View->CodeIgniter\View\{closure}()
 4 SYSTEMPATH\Common.php(1134): CodeIgniter\View\View->render('admin_dashboard/reservation', [], true)
 5 APPPATH\Controllers\Reservation.php(38): view('admin_dashboard/reservation', [...])
 6 SYSTEMPATH\CodeIgniter.php(927): App\Controllers\Reservation->reservation()
 7 SYSTEMPATH\CodeIgniter.php(482): CodeIgniter\CodeIgniter->runController(Object(App\Controllers\Reservation))
 8 SYSTEMPATH\CodeIgniter.php(351): CodeIgniter\CodeIgniter->handleRequest(null, Object(Config\Cache), false)
 9 FCPATH\index.php(67): CodeIgniter\CodeIgniter->run()
10 SYSTEMPATH\Commands\Server\rewrite.php(46): require_once('FCPATH\\index.php')
CRITICAL - 2022-12-02 09:11:24 --> Undefined variable $bookings
in APPPATH\Views\admin_dashboard\reservation.php on line 32.
 1 APPPATH\Views\admin_dashboard\reservation.php(32): CodeIgniter\Debug\Exceptions->errorHandler(2, 'Undefined variable $bookings', 'APPPATH\\Views\\admin_dashboard\\reservation.php', 32)
 2 SYSTEMPATH\View\View.php(213): include('APPPATH\\Views\\admin_dashboard\\reservation.php')
 3 SYSTEMPATH\View\View.php(216): CodeIgniter\View\View->CodeIgniter\View\{closure}()
 4 SYSTEMPATH\Common.php(1134): CodeIgniter\View\View->render('admin_dashboard/reservation', [], true)
 5 APPPATH\Controllers\AdminController.php(25): view('admin_dashboard/reservation', [...])
 6 SYSTEMPATH\CodeIgniter.php(927): App\Controllers\AdminController->reservation()
 7 SYSTEMPATH\CodeIgniter.php(482): CodeIgniter\CodeIgniter->runController(Object(App\Controllers\AdminController))
 8 SYSTEMPATH\CodeIgniter.php(351): CodeIgniter\CodeIgniter->handleRequest(null, Object(Config\Cache), false)
 9 FCPATH\index.php(67): CodeIgniter\CodeIgniter->run()
10 SYSTEMPATH\Commands\Server\rewrite.php(46): require_once('FCPATH\\index.php')
CRITICAL - 2022-12-02 09:12:15 --> Undefined variable $bookings
in APPPATH\Views\admin_dashboard\reservation.php on line 32.
 1 APPPATH\Views\admin_dashboard\reservation.php(32): CodeIgniter\Debug\Exceptions->errorHandler(2, 'Undefined variable $bookings', 'APPPATH\\Views\\admin_dashboard\\reservation.php', 32)
 2 SYSTEMPATH\View\View.php(213): include('APPPATH\\Views\\admin_dashboard\\reservation.php')
 3 SYSTEMPATH\View\View.php(216): CodeIgniter\View\View->CodeIgniter\View\{closure}()
 4 SYSTEMPATH\Common.php(1134): CodeIgniter\View\View->render('admin_dashboard/reservation', [], true)
 5 APPPATH\Controllers\Reservation.php(38): view('admin_dashboard/reservation', [...])
 6 SYSTEMPATH\CodeIgniter.php(927): App\Controllers\Reservation->reservation()
 7 SYSTEMPATH\CodeIgniter.php(482): CodeIgniter\CodeIgniter->runController(Object(App\Controllers\Reservation))
 8 SYSTEMPATH\CodeIgniter.php(351): CodeIgniter\CodeIgniter->handleRequest(null, Object(Config\Cache), false)
 9 FCPATH\index.php(67): CodeIgniter\CodeIgniter->run()
10 SYSTEMPATH\Commands\Server\rewrite.php(46): require_once('FCPATH\\index.php')
CRITICAL - 2022-12-02 09:57:08 --> Undefined property: App\Controllers\Reservation::$status
in APPPATH\Controllers\Reservation.php on line 87.
 1 APPPATH\Controllers\Reservation.php(87): CodeIgniter\Debug\Exceptions->errorHandler(2, 'Undefined property: App\\Controllers\\Reservation::$status', 'APPPATH\\Controllers\\Reservation.php', 87)
 2 SYSTEMPATH\CodeIgniter.php(927): App\Controllers\Reservation->update('5')
 3 SYSTEMPATH\CodeIgniter.php(482): CodeIgniter\CodeIgniter->runController(Object(App\Controllers\Reservation))
 4 SYSTEMPATH\CodeIgniter.php(351): CodeIgniter\CodeIgniter->handleRequest(null, Object(Config\Cache), false)
 5 FCPATH\index.php(67): CodeIgniter\CodeIgniter->run()
 6 SYSTEMPATH\Commands\Server\rewrite.php(46): require_once('FCPATH\\index.php')
CRITICAL - 2022-12-02 22:14:22 --> Undefined array key "title"
in APPPATH\Views\layout\products.php on line 59.
 1 APPPATH\Views\layout\products.php(59): CodeIgniter\Debug\Exceptions->errorHandler(2, 'Undefined array key "title"', 'APPPATH\\Views\\layout\\products.php', 59)
 2 SYSTEMPATH\View\View.php(213): include('APPPATH\\Views\\layout\\products.php')
 3 SYSTEMPATH\View\View.php(216): CodeIgniter\View\View->CodeIgniter\View\{closure}()
 4 SYSTEMPATH\Common.php(1134): CodeIgniter\View\View->render('layout/products', [], true)
 5 APPPATH\Controllers\Reservation.php(29): view('layout/products', [...])
 6 SYSTEMPATH\CodeIgniter.php(927): App\Controllers\Reservation->products()
 7 SYSTEMPATH\CodeIgniter.php(482): CodeIgniter\CodeIgniter->runController(Object(App\Controllers\Reservation))
 8 SYSTEMPATH\CodeIgniter.php(351): CodeIgniter\CodeIgniter->handleRequest(null, Object(Config\Cache), false)
 9 FCPATH\index.php(67): CodeIgniter\CodeIgniter->run()
10 SYSTEMPATH\Commands\Server\rewrite.php(46): require_once('FCPATH\\index.php')
CRITICAL - 2022-12-02 22:18:35 --> Undefined array key "images"
in APPPATH\Views\layout\products.php on line 61.
 1 APPPATH\Views\layout\products.php(61): CodeIgniter\Debug\Exceptions->errorHandler(2, 'Undefined array key "images"', 'APPPATH\\Views\\layout\\products.php', 61)
 2 SYSTEMPATH\View\View.php(213): include('APPPATH\\Views\\layout\\products.php')
 3 SYSTEMPATH\View\View.php(216): CodeIgniter\View\View->CodeIgniter\View\{closure}()
 4 SYSTEMPATH\Common.php(1134): CodeIgniter\View\View->render('layout/products', [], true)
 5 APPPATH\Controllers\Reservation.php(29): view('layout/products', [...])
 6 SYSTEMPATH\CodeIgniter.php(927): App\Controllers\Reservation->products()
 7 SYSTEMPATH\CodeIgniter.php(482): CodeIgniter\CodeIgniter->runController(Object(App\Controllers\Reservation))
 8 SYSTEMPATH\CodeIgniter.php(351): CodeIgniter\CodeIgniter->handleRequest(null, Object(Config\Cache), false)
 9 FCPATH\index.php(67): CodeIgniter\CodeIgniter->run()
10 SYSTEMPATH\Commands\Server\rewrite.php(46): require_once('FCPATH\\index.php')
CRITICAL - 2022-12-02 22:44:29 --> Call to undefined function number_to_currency()
in APPPATH\Views\layout\products.php on line 64.
 1 SYSTEMPATH\View\View.php(213): include()
 2 SYSTEMPATH\View\View.php(216): CodeIgniter\View\View->CodeIgniter\View\{closure}()
 3 SYSTEMPATH\Common.php(1134): CodeIgniter\View\View->render('layout/products', [], true)
 4 APPPATH\Controllers\Reservation.php(29): view('layout/products', [...])
 5 SYSTEMPATH\CodeIgniter.php(927): App\Controllers\Reservation->products()
 6 SYSTEMPATH\CodeIgniter.php(482): CodeIgniter\CodeIgniter->runController(Object(App\Controllers\Reservation))
 7 SYSTEMPATH\CodeIgniter.php(351): CodeIgniter\CodeIgniter->handleRequest(null, Object(Config\Cache), false)
 8 FCPATH\index.php(67): CodeIgniter\CodeIgniter->run()
 9 SYSTEMPATH\Commands\Server\rewrite.php(46): require_once('FCPATH\\index.php')
CRITICAL - 2022-12-02 22:44:36 --> Call to undefined function number_to_currency()
in APPPATH\Views\layout\products.php on line 64.
 1 SYSTEMPATH\View\View.php(213): include()
 2 SYSTEMPATH\View\View.php(216): CodeIgniter\View\View->CodeIgniter\View\{closure}()
 3 SYSTEMPATH\Common.php(1134): CodeIgniter\View\View->render('layout/products', [], true)
 4 APPPATH\Controllers\Reservation.php(29): view('layout/products', [...])
 5 SYSTEMPATH\CodeIgniter.php(927): App\Controllers\Reservation->products()
 6 SYSTEMPATH\CodeIgniter.php(482): CodeIgniter\CodeIgniter->runController(Object(App\Controllers\Reservation))
 7 SYSTEMPATH\CodeIgniter.php(351): CodeIgniter\CodeIgniter->handleRequest(null, Object(Config\Cache), false)
 8 FCPATH\index.php(67): CodeIgniter\CodeIgniter->run()
 9 SYSTEMPATH\Commands\Server\rewrite.php(46): require_once('FCPATH\\index.php')
CRITICAL - 2022-12-02 22:44:37 --> Call to undefined function number_to_currency()
in APPPATH\Views\layout\products.php on line 64.
 1 SYSTEMPATH\View\View.php(213): include()
 2 SYSTEMPATH\View\View.php(216): CodeIgniter\View\View->CodeIgniter\View\{closure}()
 3 SYSTEMPATH\Common.php(1134): CodeIgniter\View\View->render('layout/products', [], true)
 4 APPPATH\Controllers\Reservation.php(29): view('layout/products', [...])
 5 SYSTEMPATH\CodeIgniter.php(927): App\Controllers\Reservation->products()
 6 SYSTEMPATH\CodeIgniter.php(482): CodeIgniter\CodeIgniter->runController(Object(App\Controllers\Reservation))
 7 SYSTEMPATH\CodeIgniter.php(351): CodeIgniter\CodeIgniter->handleRequest(null, Object(Config\Cache), false)
 8 FCPATH\index.php(67): CodeIgniter\CodeIgniter->run()
 9 SYSTEMPATH\Commands\Server\rewrite.php(46): require_once('FCPATH\\index.php')
CRITICAL - 2022-12-02 22:44:38 --> Call to undefined function number_to_currency()
in APPPATH\Views\layout\products.php on line 64.
 1 SYSTEMPATH\View\View.php(213): include()
 2 SYSTEMPATH\View\View.php(216): CodeIgniter\View\View->CodeIgniter\View\{closure}()
 3 SYSTEMPATH\Common.php(1134): CodeIgniter\View\View->render('layout/products', [], true)
 4 APPPATH\Controllers\Reservation.php(29): view('layout/products', [...])
 5 SYSTEMPATH\CodeIgniter.php(927): App\Controllers\Reservation->products()
 6 SYSTEMPATH\CodeIgniter.php(482): CodeIgniter\CodeIgniter->runController(Object(App\Controllers\Reservation))
 7 SYSTEMPATH\CodeIgniter.php(351): CodeIgniter\CodeIgniter->handleRequest(null, Object(Config\Cache), false)
 8 FCPATH\index.php(67): CodeIgniter\CodeIgniter->run()
 9 SYSTEMPATH\Commands\Server\rewrite.php(46): require_once('FCPATH\\index.php')
CRITICAL - 2022-12-02 22:45:12 --> Call to undefined function number_to_currency()
in APPPATH\Views\layout\products.php on line 64.
 1 SYSTEMPATH\View\View.php(213): include()
 2 SYSTEMPATH\View\View.php(216): CodeIgniter\View\View->CodeIgniter\View\{closure}()
 3 SYSTEMPATH\Common.php(1134): CodeIgniter\View\View->render('layout/products', [], true)
 4 APPPATH\Controllers\Reservation.php(29): view('layout/products', [...])
 5 SYSTEMPATH\CodeIgniter.php(927): App\Controllers\Reservation->products()
 6 SYSTEMPATH\CodeIgniter.php(482): CodeIgniter\CodeIgniter->runController(Object(App\Controllers\Reservation))
 7 SYSTEMPATH\CodeIgniter.php(351): CodeIgniter\CodeIgniter->handleRequest(null, Object(Config\Cache), false)
 8 FCPATH\index.php(67): CodeIgniter\CodeIgniter->run()
 9 SYSTEMPATH\Commands\Server\rewrite.php(46): require_once('FCPATH\\index.php')
CRITICAL - 2022-12-02 22:45:13 --> Call to undefined function number_to_currency()
in APPPATH\Views\layout\products.php on line 64.
 1 SYSTEMPATH\View\View.php(213): include()
 2 SYSTEMPATH\View\View.php(216): CodeIgniter\View\View->CodeIgniter\View\{closure}()
 3 SYSTEMPATH\Common.php(1134): CodeIgniter\View\View->render('layout/products', [], true)
 4 APPPATH\Controllers\Reservation.php(29): view('layout/products', [...])
 5 SYSTEMPATH\CodeIgniter.php(927): App\Controllers\Reservation->products()
 6 SYSTEMPATH\CodeIgniter.php(482): CodeIgniter\CodeIgniter->runController(Object(App\Controllers\Reservation))
 7 SYSTEMPATH\CodeIgniter.php(351): CodeIgniter\CodeIgniter->handleRequest(null, Object(Config\Cache), false)
 8 FCPATH\index.php(67): CodeIgniter\CodeIgniter->run()
 9 SYSTEMPATH\Commands\Server\rewrite.php(46): require_once('FCPATH\\index.php')
CRITICAL - 2022-12-02 22:45:40 --> Call to undefined function number_to_currency()
in APPPATH\Views\layout\products.php on line 64.
 1 SYSTEMPATH\View\View.php(213): include()
 2 SYSTEMPATH\View\View.php(216): CodeIgniter\View\View->CodeIgniter\View\{closure}()
 3 SYSTEMPATH\Common.php(1134): CodeIgniter\View\View->render('layout/products', [], true)
 4 APPPATH\Controllers\Reservation.php(29): view('layout/products', [...])
 5 SYSTEMPATH\CodeIgniter.php(927): App\Controllers\Reservation->products()
 6 SYSTEMPATH\CodeIgniter.php(482): CodeIgniter\CodeIgniter->runController(Object(App\Controllers\Reservation))
 7 SYSTEMPATH\CodeIgniter.php(351): CodeIgniter\CodeIgniter->handleRequest(null, Object(Config\Cache), false)
 8 FCPATH\index.php(67): CodeIgniter\CodeIgniter->run()
 9 SYSTEMPATH\Commands\Server\rewrite.php(46): require_once('FCPATH\\index.php')
