CRITICAL - 2023-06-01 08:42:33 --> Class "App\Models\ProductModel" not found
in APPPATH\Controllers\ProductController.php on line 17.
 1 SYSTEMPATH\CodeIgniter.php(927): App\Controllers\ProductController->getProduct()
 2 SYSTEMPATH\CodeIgniter.php(482): CodeIgniter\CodeIgniter->runController(Object(App\Controllers\ProductController))
 3 SYSTEMPATH\CodeIgniter.php(351): CodeIgniter\CodeIgniter->handleRequest(null, Object(Config\Cache), false)
 4 FCPATH\index.php(67): CodeIgniter\CodeIgniter->run()
 5 SYSTEMPATH\Commands\Server\rewrite.php(46): require_once('FCPATH\\index.php')
CRITICAL - 2023-06-01 09:04:55 --> Call to undefined function form_open()
in APPPATH\Views\repeater_form.php on line 11.
 1 SYSTEMPATH\View\View.php(213): include()
 2 SYSTEMPATH\View\View.php(216): CodeIgniter\View\View->CodeIgniter\View\{closure}()
 3 SYSTEMPATH\Common.php(1134): CodeIgniter\View\View->render('repeater_form', [], true)
 4 APPPATH\Controllers\RepeaterFormController.php(11): view('repeater_form')
 5 SYSTEMPATH\CodeIgniter.php(927): App\Controllers\RepeaterFormController->index()
 6 SYSTEMPATH\CodeIgniter.php(482): CodeIgniter\CodeIgniter->runController(Object(App\Controllers\RepeaterFormController))
 7 SYSTEMPATH\CodeIgniter.php(351): CodeIgniter\CodeIgniter->handleRequest(null, Object(Config\Cache), false)
 8 FCPATH\index.php(67): CodeIgniter\CodeIgniter->run()
 9 SYSTEMPATH\Commands\Server\rewrite.php(46): require_once('FCPATH\\index.php')
CRITICAL - 2023-06-01 09:12:50 --> Call to undefined function form_open()
in APPPATH\Views\repeater_form.php on line 11.
 1 SYSTEMPATH\View\View.php(213): include()
 2 SYSTEMPATH\View\View.php(216): CodeIgniter\View\View->CodeIgniter\View\{closure}()
 3 SYSTEMPATH\Common.php(1134): CodeIgniter\View\View->render('repeater_form', [], true)
 4 APPPATH\Controllers\RepeaterController.php(13): view('repeater_form')
 5 SYSTEMPATH\CodeIgniter.php(927): App\Controllers\RepeaterController->index()
 6 SYSTEMPATH\CodeIgniter.php(482): CodeIgniter\CodeIgniter->runController(Object(App\Controllers\RepeaterController))
 7 SYSTEMPATH\CodeIgniter.php(351): CodeIgniter\CodeIgniter->handleRequest(null, Object(Config\Cache), false)
 8 FCPATH\index.php(67): CodeIgniter\CodeIgniter->run()
 9 SYSTEMPATH\Commands\Server\rewrite.php(46): require_once('FCPATH\\index.php')
CRITICAL - 2023-06-01 09:12:59 --> CodeIgniter\Database\BaseBuilder::like(): Argument #2 ($match) must be of type string, null given, called in C:\xampp\htdocs\Florist-Event-Reservation-Ordering\app\Controllers\RepeaterController.php on line 28
in SYSTEMPATH\Database\BaseBuilder.php on line 954.
 1 APPPATH\Controllers\RepeaterController.php(28): CodeIgniter\Database\BaseBuilder->like('product_name', null)
 2 SYSTEMPATH\CodeIgniter.php(927): App\Controllers\RepeaterController->searchProduct()
 3 SYSTEMPATH\CodeIgniter.php(482): CodeIgniter\CodeIgniter->runController(Object(App\Controllers\RepeaterController))
 4 SYSTEMPATH\CodeIgniter.php(351): CodeIgniter\CodeIgniter->handleRequest(null, Object(Config\Cache), false)
 5 FCPATH\index.php(67): CodeIgniter\CodeIgniter->run()
 6 SYSTEMPATH\Commands\Server\rewrite.php(46): require_once('FCPATH\\index.php')
CRITICAL - 2023-06-01 09:13:54 --> Call to undefined function form_open()
in APPPATH\Views\repeater_form.php on line 11.
 1 SYSTEMPATH\View\View.php(213): include()
 2 SYSTEMPATH\View\View.php(216): CodeIgniter\View\View->CodeIgniter\View\{closure}()
 3 SYSTEMPATH\Common.php(1134): CodeIgniter\View\View->render('repeater_form', [], true)
 4 APPPATH\Controllers\RepeaterController.php(12): view('repeater_form')
 5 SYSTEMPATH\CodeIgniter.php(927): App\Controllers\RepeaterController->index()
 6 SYSTEMPATH\CodeIgniter.php(482): CodeIgniter\CodeIgniter->runController(Object(App\Controllers\RepeaterController))
 7 SYSTEMPATH\CodeIgniter.php(351): CodeIgniter\CodeIgniter->handleRequest(null, Object(Config\Cache), false)
 8 FCPATH\index.php(67): CodeIgniter\CodeIgniter->run()
 9 SYSTEMPATH\Commands\Server\rewrite.php(46): require_once('FCPATH\\index.php')
CRITICAL - 2023-06-01 09:30:27 --> Undefined variable $productNames
in APPPATH\Views\repeater_form.php on line 18.
 1 APPPATH\Views\repeater_form.php(18): CodeIgniter\Debug\Exceptions->errorHandler(2, 'Undefined variable $productNames', 'APPPATH\\Views\\repeater_form.php', 18)
 2 SYSTEMPATH\View\View.php(213): include('APPPATH\\Views\\repeater_form.php')
 3 SYSTEMPATH\View\View.php(216): CodeIgniter\View\View->CodeIgniter\View\{closure}()
 4 SYSTEMPATH\Common.php(1134): CodeIgniter\View\View->render('repeater_form', [], true)
 5 APPPATH\Controllers\RepeaterFormController.php(15): view('repeater_form', [...])
 6 SYSTEMPATH\CodeIgniter.php(927): App\Controllers\RepeaterFormController->index()
 7 SYSTEMPATH\CodeIgniter.php(482): CodeIgniter\CodeIgniter->runController(Object(App\Controllers\RepeaterFormController))
 8 SYSTEMPATH\CodeIgniter.php(351): CodeIgniter\CodeIgniter->handleRequest(null, Object(Config\Cache), false)
 9 FCPATH\index.php(67): CodeIgniter\CodeIgniter->run()
10 SYSTEMPATH\Commands\Server\rewrite.php(46): require_once('FCPATH\\index.php')
