CRITICAL - 2024-03-26 20:09:09 --> syntax error, unexpected integer "5"
in APPPATH\Controllers\Home.php on line 1405.
 1 SYSTEMPATH\Autoloader\Autoloader.php(259): CodeIgniter\Autoloader\Autoloader->includeFile('APPPATH\\Controllers\\Home.php')
 2 SYSTEMPATH\Autoloader\Autoloader.php(237): CodeIgniter\Autoloader\Autoloader->loadInNamespace('App\\Controllers\\Home')
 3 [internal function]: CodeIgniter\Autoloader\Autoloader->loadClass('App\\Controllers\\Home')
 4 SYSTEMPATH\CodeIgniter.php(877): class_exists('\\App\\Controllers\\Home', true)
 5 SYSTEMPATH\CodeIgniter.php(469): CodeIgniter\CodeIgniter->startController()
 6 SYSTEMPATH\CodeIgniter.php(351): CodeIgniter\CodeIgniter->handleRequest(null, Object(Config\Cache), false)
 7 FCPATH\index.php(87): CodeIgniter\CodeIgniter->run()
 8 SYSTEMPATH\Commands\Server\rewrite.php(46): require_once('FCPATH\\index.php')
CRITICAL - 2024-03-26 20:11:24 --> Undefined variable $headset
in APPPATH\Views\admin\sg_5gsimcard.php on line 161.
 1 APPPATH\Views\admin\sg_5gsimcard.php(161): CodeIgniter\Debug\Exceptions->errorHandler(2, 'Undefined variable $headset', 'APPPATH\\Views\\admin\\sg_5gsimcard.php', 161)
 2 SYSTEMPATH\View\View.php(213): include('APPPATH\\Views\\admin\\sg_5gsimcard.php')
 3 SYSTEMPATH\View\View.php(216): CodeIgniter\View\View->CodeIgniter\View\{closure}()
 4 SYSTEMPATH\Common.php(1134): CodeIgniter\View\View->render('admin/sg_5gsimcard', [], true)
 5 APPPATH\Controllers\Home.php(1430): view('admin/sg_5gsimcard', [...])
 6 SYSTEMPATH\CodeIgniter.php(927): App\Controllers\Home->fiveGsimcard_list()
 7 SYSTEMPATH\CodeIgniter.php(482): CodeIgniter\CodeIgniter->runController(Object(App\Controllers\Home))
 8 SYSTEMPATH\CodeIgniter.php(351): CodeIgniter\CodeIgniter->handleRequest(null, Object(Config\Cache), false)
 9 FCPATH\index.php(87): CodeIgniter\CodeIgniter->run()
10 SYSTEMPATH\Commands\Server\rewrite.php(46): require_once('FCPATH\\index.php')
CRITICAL - 2024-03-26 20:13:07 --> Undefined variable $headset
in APPPATH\Views\admin\sg_5gsimcard.php on line 161.
 1 APPPATH\Views\admin\sg_5gsimcard.php(161): CodeIgniter\Debug\Exceptions->errorHandler(2, 'Undefined variable $headset', 'APPPATH\\Views\\admin\\sg_5gsimcard.php', 161)
 2 SYSTEMPATH\View\View.php(213): include('APPPATH\\Views\\admin\\sg_5gsimcard.php')
 3 SYSTEMPATH\View\View.php(216): CodeIgniter\View\View->CodeIgniter\View\{closure}()
 4 SYSTEMPATH\Common.php(1134): CodeIgniter\View\View->render('admin/sg_5gsimcard', [], true)
 5 APPPATH\Controllers\Home.php(1430): view('admin/sg_5gsimcard', [...])
 6 SYSTEMPATH\CodeIgniter.php(927): App\Controllers\Home->fiveGsimcard_list()
 7 SYSTEMPATH\CodeIgniter.php(482): CodeIgniter\CodeIgniter->runController(Object(App\Controllers\Home))
 8 SYSTEMPATH\CodeIgniter.php(351): CodeIgniter\CodeIgniter->handleRequest(null, Object(Config\Cache), false)
 9 FCPATH\index.php(87): CodeIgniter\CodeIgniter->run()
10 SYSTEMPATH\Commands\Server\rewrite.php(46): require_once('FCPATH\\index.php')
CRITICAL - 2024-03-26 20:34:26 --> Undefined array key "agent_name"
in APPPATH\Views\admin\sg_5gsimcard.php on line 355.
 1 APPPATH\Views\admin\sg_5gsimcard.php(355): CodeIgniter\Debug\Exceptions->errorHandler(2, 'Undefined array key "agent_name"', 'APPPATH\\Views\\admin\\sg_5gsimcard.php', 355)
 2 SYSTEMPATH\View\View.php(213): include('APPPATH\\Views\\admin\\sg_5gsimcard.php')
 3 SYSTEMPATH\View\View.php(216): CodeIgniter\View\View->CodeIgniter\View\{closure}()
 4 SYSTEMPATH\Common.php(1134): CodeIgniter\View\View->render('admin/sg_5gsimcard', [], true)
 5 APPPATH\Controllers\Home.php(1434): view('admin/sg_5gsimcard', [...])
 6 SYSTEMPATH\CodeIgniter.php(927): App\Controllers\Home->fiveGsimcard_list()
 7 SYSTEMPATH\CodeIgniter.php(482): CodeIgniter\CodeIgniter->runController(Object(App\Controllers\Home))
 8 SYSTEMPATH\CodeIgniter.php(351): CodeIgniter\CodeIgniter->handleRequest(null, Object(Config\Cache), false)
 9 FCPATH\index.php(87): CodeIgniter\CodeIgniter->run()
10 SYSTEMPATH\Commands\Server\rewrite.php(46): require_once('FCPATH\\index.php')
CRITICAL - 2024-03-26 20:36:15 --> Undefined array key "agent_name"
in APPPATH\Views\admin\sg_5gsimcard.php on line 355.
 1 APPPATH\Views\admin\sg_5gsimcard.php(355): CodeIgniter\Debug\Exceptions->errorHandler(2, 'Undefined array key "agent_name"', 'APPPATH\\Views\\admin\\sg_5gsimcard.php', 355)
 2 SYSTEMPATH\View\View.php(213): include('APPPATH\\Views\\admin\\sg_5gsimcard.php')
 3 SYSTEMPATH\View\View.php(216): CodeIgniter\View\View->CodeIgniter\View\{closure}()
 4 SYSTEMPATH\Common.php(1134): CodeIgniter\View\View->render('admin/sg_5gsimcard', [], true)
 5 APPPATH\Controllers\Home.php(1434): view('admin/sg_5gsimcard', [...])
 6 SYSTEMPATH\CodeIgniter.php(927): App\Controllers\Home->fiveGsimcard_list()
 7 SYSTEMPATH\CodeIgniter.php(482): CodeIgniter\CodeIgniter->runController(Object(App\Controllers\Home))
 8 SYSTEMPATH\CodeIgniter.php(351): CodeIgniter\CodeIgniter->handleRequest(null, Object(Config\Cache), false)
 9 FCPATH\index.php(87): CodeIgniter\CodeIgniter->run()
10 SYSTEMPATH\Commands\Server\rewrite.php(46): require_once('FCPATH\\index.php')
CRITICAL - 2024-03-26 20:36:17 --> Undefined array key "agent_name"
in APPPATH\Views\admin\sg_5gsimcard.php on line 355.
 1 APPPATH\Views\admin\sg_5gsimcard.php(355): CodeIgniter\Debug\Exceptions->errorHandler(2, 'Undefined array key "agent_name"', 'APPPATH\\Views\\admin\\sg_5gsimcard.php', 355)
 2 SYSTEMPATH\View\View.php(213): include('APPPATH\\Views\\admin\\sg_5gsimcard.php')
 3 SYSTEMPATH\View\View.php(216): CodeIgniter\View\View->CodeIgniter\View\{closure}()
 4 SYSTEMPATH\Common.php(1134): CodeIgniter\View\View->render('admin/sg_5gsimcard', [], true)
 5 APPPATH\Controllers\Home.php(1434): view('admin/sg_5gsimcard', [...])
 6 SYSTEMPATH\CodeIgniter.php(927): App\Controllers\Home->fiveGsimcard_list()
 7 SYSTEMPATH\CodeIgniter.php(482): CodeIgniter\CodeIgniter->runController(Object(App\Controllers\Home))
 8 SYSTEMPATH\CodeIgniter.php(351): CodeIgniter\CodeIgniter->handleRequest(null, Object(Config\Cache), false)
 9 FCPATH\index.php(87): CodeIgniter\CodeIgniter->run()
10 SYSTEMPATH\Commands\Server\rewrite.php(46): require_once('FCPATH\\index.php')
CRITICAL - 2024-03-26 22:04:41 --> Undefined array key "equip_id"
in APPPATH\Views\admin\sg_5gsimcard.php on line 190.
 1 APPPATH\Views\admin\sg_5gsimcard.php(190): CodeIgniter\Debug\Exceptions->errorHandler(2, 'Undefined array key "equip_id"', 'APPPATH\\Views\\admin\\sg_5gsimcard.php', 190)
 2 SYSTEMPATH\View\View.php(213): include('APPPATH\\Views\\admin\\sg_5gsimcard.php')
 3 SYSTEMPATH\View\View.php(216): CodeIgniter\View\View->CodeIgniter\View\{closure}()
 4 SYSTEMPATH\Common.php(1134): CodeIgniter\View\View->render('admin/sg_5gsimcard', [], true)
 5 APPPATH\Controllers\Home.php(1434): view('admin/sg_5gsimcard', [...])
 6 SYSTEMPATH\CodeIgniter.php(927): App\Controllers\Home->fiveGsimcard_list()
 7 SYSTEMPATH\CodeIgniter.php(482): CodeIgniter\CodeIgniter->runController(Object(App\Controllers\Home))
 8 SYSTEMPATH\CodeIgniter.php(351): CodeIgniter\CodeIgniter->handleRequest(null, Object(Config\Cache), false)
 9 FCPATH\index.php(87): CodeIgniter\CodeIgniter->run()
10 SYSTEMPATH\Commands\Server\rewrite.php(46): require_once('FCPATH\\index.php')
CRITICAL - 2024-03-26 22:18:56 --> Undefined array key "number"
in APPPATH\Views\admin\sg_5gsimcard.php on line 171.
 1 APPPATH\Views\admin\sg_5gsimcard.php(171): CodeIgniter\Debug\Exceptions->errorHandler(2, 'Undefined array key "number"', 'APPPATH\\Views\\admin\\sg_5gsimcard.php', 171)
 2 SYSTEMPATH\View\View.php(213): include('APPPATH\\Views\\admin\\sg_5gsimcard.php')
 3 SYSTEMPATH\View\View.php(216): CodeIgniter\View\View->CodeIgniter\View\{closure}()
 4 SYSTEMPATH\Common.php(1134): CodeIgniter\View\View->render('admin/sg_5gsimcard', [], true)
 5 APPPATH\Controllers\Home.php(1449): view('admin/sg_5gsimcard', [...])
 6 SYSTEMPATH\CodeIgniter.php(927): App\Controllers\Home->fiveGsimcard_list()
 7 SYSTEMPATH\CodeIgniter.php(482): CodeIgniter\CodeIgniter->runController(Object(App\Controllers\Home))
 8 SYSTEMPATH\CodeIgniter.php(351): CodeIgniter\CodeIgniter->handleRequest(null, Object(Config\Cache), false)
 9 FCPATH\index.php(87): CodeIgniter\CodeIgniter->run()
10 SYSTEMPATH\Commands\Server\rewrite.php(46): require_once('FCPATH\\index.php')
ERROR - 2024-03-26 22:19:40 --> mysqli_sql_exception: Unknown column 'phone_fk_id' in 'where clause' in C:\laragon\www\tamtechhub_inventory\system\Database\MySQLi\Connection.php:292
Stack trace:
#0 C:\laragon\www\tamtechhub_inventory\system\Database\MySQLi\Connection.php(292): mysqli->query('SELECT *\nFROM `...', 0)
#1 C:\laragon\www\tamtechhub_inventory\system\Database\BaseConnection.php(666): CodeIgniter\Database\MySQLi\Connection->execute('SELECT *\nFROM `...')
#2 C:\laragon\www\tamtechhub_inventory\system\Database\BaseConnection.php(593): CodeIgniter\Database\BaseConnection->simpleQuery('SELECT *\nFROM `...')
#3 C:\laragon\www\tamtechhub_inventory\system\Database\BaseBuilder.php(1585): CodeIgniter\Database\BaseConnection->query('SELECT *\nFROM `...', Array, false)
#4 C:\laragon\www\tamtechhub_inventory\system\Model.php(250): CodeIgniter\Database\BaseBuilder->get()
#5 C:\laragon\www\tamtechhub_inventory\system\BaseModel.php(623): CodeIgniter\Model->doFirst()
#6 C:\laragon\www\tamtechhub_inventory\app\Controllers\Home.php(1432): CodeIgniter\BaseModel->first()
#7 C:\laragon\www\tamtechhub_inventory\system\CodeIgniter.php(927): App\Controllers\Home->fiveGsimcard_list()
#8 C:\laragon\www\tamtechhub_inventory\system\CodeIgniter.php(482): CodeIgniter\CodeIgniter->runController(Object(App\Controllers\Home))
#9 C:\laragon\www\tamtechhub_inventory\system\CodeIgniter.php(351): CodeIgniter\CodeIgniter->handleRequest(NULL, Object(Config\Cache), false)
#10 C:\laragon\www\tamtechhub_inventory\public\index.php(87): CodeIgniter\CodeIgniter->run()
#11 C:\laragon\www\tamtechhub_inventory\system\Commands\Server\rewrite.php(46): require_once('C:\\laragon\\www\\...')
#12 {main}
CRITICAL - 2024-03-26 22:19:40 --> Unknown column 'phone_fk_id' in 'where clause'
in SYSTEMPATH\Database\MySQLi\Connection.php on line 292.
 1 SYSTEMPATH\Database\MySQLi\Connection.php(292): mysqli->query('SELECT *
FROM `phone`
WHERE `phone_fk_id` = \'1\'
 LIMIT 1', 0)
 2 SYSTEMPATH\Database\BaseConnection.php(666): CodeIgniter\Database\MySQLi\Connection->execute('SELECT *
FROM `phone`
WHERE `phone_fk_id` = \'1\'
 LIMIT 1')
 3 SYSTEMPATH\Database\BaseConnection.php(593): CodeIgniter\Database\BaseConnection->simpleQuery('SELECT *
FROM `phone`
WHERE `phone_fk_id` = \'1\'
 LIMIT 1')
 4 SYSTEMPATH\Database\BaseBuilder.php(1585): CodeIgniter\Database\BaseConnection->query('SELECT *
FROM `phone`
WHERE `phone_fk_id` = :phone_fk_id:
 LIMIT 1', [...], false)
 5 SYSTEMPATH\Model.php(250): CodeIgniter\Database\BaseBuilder->get()
 6 SYSTEMPATH\BaseModel.php(623): CodeIgniter\Model->doFirst()
 7 APPPATH\Controllers\Home.php(1432): CodeIgniter\BaseModel->first()
 8 SYSTEMPATH\CodeIgniter.php(927): App\Controllers\Home->fiveGsimcard_list()
 9 SYSTEMPATH\CodeIgniter.php(482): CodeIgniter\CodeIgniter->runController(Object(App\Controllers\Home))
10 SYSTEMPATH\CodeIgniter.php(351): CodeIgniter\CodeIgniter->handleRequest(null, Object(Config\Cache), false)
11 FCPATH\index.php(87): CodeIgniter\CodeIgniter->run()
12 SYSTEMPATH\Commands\Server\rewrite.php(46): require_once('FCPATH\\index.php')
CRITICAL - 2024-03-26 22:20:34 --> Undefined variable $new
in APPPATH\Views\admin\sg_5gsimcard.php on line 306.
 1 APPPATH\Views\admin\sg_5gsimcard.php(306): CodeIgniter\Debug\Exceptions->errorHandler(2, 'Undefined variable $new', 'APPPATH\\Views\\admin\\sg_5gsimcard.php', 306)
 2 SYSTEMPATH\View\View.php(213): include('APPPATH\\Views\\admin\\sg_5gsimcard.php')
 3 SYSTEMPATH\View\View.php(216): CodeIgniter\View\View->CodeIgniter\View\{closure}()
 4 SYSTEMPATH\Common.php(1134): CodeIgniter\View\View->render('admin/sg_5gsimcard', [], true)
 5 APPPATH\Controllers\Home.php(1449): view('admin/sg_5gsimcard', [...])
 6 SYSTEMPATH\CodeIgniter.php(927): App\Controllers\Home->fiveGsimcard_list()
 7 SYSTEMPATH\CodeIgniter.php(482): CodeIgniter\CodeIgniter->runController(Object(App\Controllers\Home))
 8 SYSTEMPATH\CodeIgniter.php(351): CodeIgniter\CodeIgniter->handleRequest(null, Object(Config\Cache), false)
 9 FCPATH\index.php(87): CodeIgniter\CodeIgniter->run()
10 SYSTEMPATH\Commands\Server\rewrite.php(46): require_once('FCPATH\\index.php')
CRITICAL - 2024-03-26 22:20:35 --> Undefined variable $new
in APPPATH\Views\admin\sg_5gsimcard.php on line 306.
 1 APPPATH\Views\admin\sg_5gsimcard.php(306): CodeIgniter\Debug\Exceptions->errorHandler(2, 'Undefined variable $new', 'APPPATH\\Views\\admin\\sg_5gsimcard.php', 306)
 2 SYSTEMPATH\View\View.php(213): include('APPPATH\\Views\\admin\\sg_5gsimcard.php')
 3 SYSTEMPATH\View\View.php(216): CodeIgniter\View\View->CodeIgniter\View\{closure}()
 4 SYSTEMPATH\Common.php(1134): CodeIgniter\View\View->render('admin/sg_5gsimcard', [], true)
 5 APPPATH\Controllers\Home.php(1449): view('admin/sg_5gsimcard', [...])
 6 SYSTEMPATH\CodeIgniter.php(927): App\Controllers\Home->fiveGsimcard_list()
 7 SYSTEMPATH\CodeIgniter.php(482): CodeIgniter\CodeIgniter->runController(Object(App\Controllers\Home))
 8 SYSTEMPATH\CodeIgniter.php(351): CodeIgniter\CodeIgniter->handleRequest(null, Object(Config\Cache), false)
 9 FCPATH\index.php(87): CodeIgniter\CodeIgniter->run()
10 SYSTEMPATH\Commands\Server\rewrite.php(46): require_once('FCPATH\\index.php')
CRITICAL - 2024-03-26 22:20:45 --> Undefined variable $valid_simcards
in APPPATH\Views\admin\sg_5gsimcard.php on line 308.
 1 APPPATH\Views\admin\sg_5gsimcard.php(308): CodeIgniter\Debug\Exceptions->errorHandler(2, 'Undefined variable $valid_simcards', 'APPPATH\\Views\\admin\\sg_5gsimcard.php', 308)
 2 SYSTEMPATH\View\View.php(213): include('APPPATH\\Views\\admin\\sg_5gsimcard.php')
 3 SYSTEMPATH\View\View.php(216): CodeIgniter\View\View->CodeIgniter\View\{closure}()
 4 SYSTEMPATH\Common.php(1134): CodeIgniter\View\View->render('admin/sg_5gsimcard', [], true)
 5 APPPATH\Controllers\Home.php(1449): view('admin/sg_5gsimcard', [...])
 6 SYSTEMPATH\CodeIgniter.php(927): App\Controllers\Home->fiveGsimcard_list()
 7 SYSTEMPATH\CodeIgniter.php(482): CodeIgniter\CodeIgniter->runController(Object(App\Controllers\Home))
 8 SYSTEMPATH\CodeIgniter.php(351): CodeIgniter\CodeIgniter->handleRequest(null, Object(Config\Cache), false)
 9 FCPATH\index.php(87): CodeIgniter\CodeIgniter->run()
10 SYSTEMPATH\Commands\Server\rewrite.php(46): require_once('FCPATH\\index.php')
