CRITICAL - 2024-02-28 00:05:32 --> Undefined array key "agent_id"
in APPPATH\Views\admin\headset.php on line 111.
 1 APPPATH\Views\admin\headset.php(111): CodeIgniter\Debug\Exceptions->errorHandler(2, 'Undefined array key "agent_id"', 'APPPATH\\Views\\admin\\headset.php', 111)
 2 SYSTEMPATH\View\View.php(213): include('APPPATH\\Views\\admin\\headset.php')
 3 SYSTEMPATH\View\View.php(216): CodeIgniter\View\View->CodeIgniter\View\{closure}()
 4 SYSTEMPATH\Common.php(1134): CodeIgniter\View\View->render('admin/headset', [], true)
 5 APPPATH\Controllers\Home.php(310): view('admin/headset', [...])
 6 SYSTEMPATH\CodeIgniter.php(927): App\Controllers\Home->headset_list()
 7 SYSTEMPATH\CodeIgniter.php(482): CodeIgniter\CodeIgniter->runController(Object(App\Controllers\Home))
 8 SYSTEMPATH\CodeIgniter.php(351): CodeIgniter\CodeIgniter->handleRequest(null, Object(Config\Cache), false)
 9 FCPATH\index.php(87): CodeIgniter\CodeIgniter->run()
10 SYSTEMPATH\Commands\Server\rewrite.php(46): require_once('FCPATH\\index.php')
CRITICAL - 2024-02-28 01:42:45 --> Undefined variable $agentMap
in APPPATH\Views\admin\headset.php on line 213.
 1 APPPATH\Views\admin\headset.php(213): CodeIgniter\Debug\Exceptions->errorHandler(2, 'Undefined variable $agentMap', 'APPPATH\\Views\\admin\\headset.php', 213)
 2 SYSTEMPATH\View\View.php(213): include('APPPATH\\Views\\admin\\headset.php')
 3 SYSTEMPATH\View\View.php(216): CodeIgniter\View\View->CodeIgniter\View\{closure}()
 4 SYSTEMPATH\Common.php(1134): CodeIgniter\View\View->render('admin/headset', [], true)
 5 APPPATH\Controllers\Home.php(310): view('admin/headset', [...])
 6 SYSTEMPATH\CodeIgniter.php(927): App\Controllers\Home->headset_list()
 7 SYSTEMPATH\CodeIgniter.php(482): CodeIgniter\CodeIgniter->runController(Object(App\Controllers\Home))
 8 SYSTEMPATH\CodeIgniter.php(351): CodeIgniter\CodeIgniter->handleRequest(null, Object(Config\Cache), false)
 9 FCPATH\index.php(87): CodeIgniter\CodeIgniter->run()
10 SYSTEMPATH\Commands\Server\rewrite.php(46): require_once('FCPATH\\index.php')
CRITICAL - 2024-02-28 01:44:56 --> Undefined array key "agent_fk_id"
in APPPATH\Views\admin\headset.php on line 220.
 1 APPPATH\Views\admin\headset.php(220): CodeIgniter\Debug\Exceptions->errorHandler(2, 'Undefined array key "agent_fk_id"', 'APPPATH\\Views\\admin\\headset.php', 220)
 2 SYSTEMPATH\View\View.php(213): include('APPPATH\\Views\\admin\\headset.php')
 3 SYSTEMPATH\View\View.php(216): CodeIgniter\View\View->CodeIgniter\View\{closure}()
 4 SYSTEMPATH\Common.php(1134): CodeIgniter\View\View->render('admin/headset', [], true)
 5 APPPATH\Controllers\Home.php(310): view('admin/headset', [...])
 6 SYSTEMPATH\CodeIgniter.php(927): App\Controllers\Home->headset_list()
 7 SYSTEMPATH\CodeIgniter.php(482): CodeIgniter\CodeIgniter->runController(Object(App\Controllers\Home))
 8 SYSTEMPATH\CodeIgniter.php(351): CodeIgniter\CodeIgniter->handleRequest(null, Object(Config\Cache), false)
 9 FCPATH\index.php(87): CodeIgniter\CodeIgniter->run()
10 SYSTEMPATH\Commands\Server\rewrite.php(46): require_once('FCPATH\\index.php')
CRITICAL - 2024-02-28 02:05:12 --> Undefined variable $agents
in APPPATH\Views\admin\headset.php on line 103.
 1 APPPATH\Views\admin\headset.php(103): CodeIgniter\Debug\Exceptions->errorHandler(2, 'Undefined variable $agents', 'APPPATH\\Views\\admin\\headset.php', 103)
 2 SYSTEMPATH\View\View.php(213): include('APPPATH\\Views\\admin\\headset.php')
 3 SYSTEMPATH\View\View.php(216): CodeIgniter\View\View->CodeIgniter\View\{closure}()
 4 SYSTEMPATH\Common.php(1134): CodeIgniter\View\View->render('admin/headset', [], true)
 5 APPPATH\Controllers\Home.php(310): view('admin/headset', [...])
 6 SYSTEMPATH\CodeIgniter.php(927): App\Controllers\Home->headset_list()
 7 SYSTEMPATH\CodeIgniter.php(482): CodeIgniter\CodeIgniter->runController(Object(App\Controllers\Home))
 8 SYSTEMPATH\CodeIgniter.php(351): CodeIgniter\CodeIgniter->handleRequest(null, Object(Config\Cache), false)
 9 FCPATH\index.php(87): CodeIgniter\CodeIgniter->run()
10 SYSTEMPATH\Commands\Server\rewrite.php(46): require_once('FCPATH\\index.php')
CRITICAL - 2024-02-28 02:31:29 --> Undefined array key "brgy_name"
in APPPATH\Views\admin\headset.php on line 104.
 1 APPPATH\Views\admin\headset.php(104): CodeIgniter\Debug\Exceptions->errorHandler(2, 'Undefined array key "brgy_name"', 'APPPATH\\Views\\admin\\headset.php', 104)
 2 SYSTEMPATH\View\View.php(213): include('APPPATH\\Views\\admin\\headset.php')
 3 SYSTEMPATH\View\View.php(216): CodeIgniter\View\View->CodeIgniter\View\{closure}()
 4 SYSTEMPATH\Common.php(1134): CodeIgniter\View\View->render('admin/headset', [], true)
 5 APPPATH\Controllers\Home.php(310): view('admin/headset', [...])
 6 SYSTEMPATH\CodeIgniter.php(927): App\Controllers\Home->headset_list()
 7 SYSTEMPATH\CodeIgniter.php(482): CodeIgniter\CodeIgniter->runController(Object(App\Controllers\Home))
 8 SYSTEMPATH\CodeIgniter.php(351): CodeIgniter\CodeIgniter->handleRequest(null, Object(Config\Cache), false)
 9 FCPATH\index.php(87): CodeIgniter\CodeIgniter->run()
10 SYSTEMPATH\Commands\Server\rewrite.php(46): require_once('FCPATH\\index.php')
CRITICAL - 2024-02-28 02:33:27 --> Undefined array key "shipping_fee"
in APPPATH\Views\admin\headset.php on line 117.
 1 APPPATH\Views\admin\headset.php(117): CodeIgniter\Debug\Exceptions->errorHandler(2, 'Undefined array key "shipping_fee"', 'APPPATH\\Views\\admin\\headset.php', 117)
 2 SYSTEMPATH\View\View.php(213): include('APPPATH\\Views\\admin\\headset.php')
 3 SYSTEMPATH\View\View.php(216): CodeIgniter\View\View->CodeIgniter\View\{closure}()
 4 SYSTEMPATH\Common.php(1134): CodeIgniter\View\View->render('admin/headset', [], true)
 5 APPPATH\Controllers\Home.php(310): view('admin/headset', [...])
 6 SYSTEMPATH\CodeIgniter.php(927): App\Controllers\Home->headset_list()
 7 SYSTEMPATH\CodeIgniter.php(482): CodeIgniter\CodeIgniter->runController(Object(App\Controllers\Home))
 8 SYSTEMPATH\CodeIgniter.php(351): CodeIgniter\CodeIgniter->handleRequest(null, Object(Config\Cache), false)
 9 FCPATH\index.php(87): CodeIgniter\CodeIgniter->run()
10 SYSTEMPATH\Commands\Server\rewrite.php(46): require_once('FCPATH\\index.php')
CRITICAL - 2024-02-28 02:39:17 --> Trait "App\Controllers\ResponseTrait" not found
in APPPATH\Controllers\Home.php on line 13.
 1 [internal function]: CodeIgniter\Debug\Exceptions->shutdownHandler()
CRITICAL - 2024-02-28 02:46:12 --> Undefined array key "status"
in APPPATH\Views\admin\headset.php on line 118.
 1 APPPATH\Views\admin\headset.php(118): CodeIgniter\Debug\Exceptions->errorHandler(2, 'Undefined array key "status"', 'APPPATH\\Views\\admin\\headset.php', 118)
 2 SYSTEMPATH\View\View.php(213): include('APPPATH\\Views\\admin\\headset.php')
 3 SYSTEMPATH\View\View.php(216): CodeIgniter\View\View->CodeIgniter\View\{closure}()
 4 SYSTEMPATH\Common.php(1134): CodeIgniter\View\View->render('admin/headset', [], true)
 5 APPPATH\Controllers\Home.php(326): view('admin/headset', [...])
 6 SYSTEMPATH\CodeIgniter.php(927): App\Controllers\Home->headset_list()
 7 SYSTEMPATH\CodeIgniter.php(482): CodeIgniter\CodeIgniter->runController(Object(App\Controllers\Home))
 8 SYSTEMPATH\CodeIgniter.php(351): CodeIgniter\CodeIgniter->handleRequest(null, Object(Config\Cache), false)
 9 FCPATH\index.php(87): CodeIgniter\CodeIgniter->run()
10 SYSTEMPATH\Commands\Server\rewrite.php(46): require_once('FCPATH\\index.php')
CRITICAL - 2024-02-28 04:50:25 --> Undefined array key "agent_name"
in APPPATH\Views\admin\headset.php on line 111.
 1 APPPATH\Views\admin\headset.php(111): CodeIgniter\Debug\Exceptions->errorHandler(2, 'Undefined array key "agent_name"', 'APPPATH\\Views\\admin\\headset.php', 111)
 2 SYSTEMPATH\View\View.php(213): include('APPPATH\\Views\\admin\\headset.php')
 3 SYSTEMPATH\View\View.php(216): CodeIgniter\View\View->CodeIgniter\View\{closure}()
 4 SYSTEMPATH\Common.php(1134): CodeIgniter\View\View->render('admin/headset', [], true)
 5 APPPATH\Controllers\Home.php(310): view('admin/headset', [...])
 6 SYSTEMPATH\CodeIgniter.php(927): App\Controllers\Home->headset_list()
 7 SYSTEMPATH\CodeIgniter.php(482): CodeIgniter\CodeIgniter->runController(Object(App\Controllers\Home))
 8 SYSTEMPATH\CodeIgniter.php(351): CodeIgniter\CodeIgniter->handleRequest(null, Object(Config\Cache), false)
 9 FCPATH\index.php(87): CodeIgniter\CodeIgniter->run()
10 SYSTEMPATH\Commands\Server\rewrite.php(46): require_once('FCPATH\\index.php')
CRITICAL - 2024-02-28 18:44:32 --> Undefined array key "agent_name"
in APPPATH\Views\admin\headset.php on line 104.
 1 APPPATH\Views\admin\headset.php(104): CodeIgniter\Debug\Exceptions->errorHandler(2, 'Undefined array key "agent_name"', 'APPPATH\\Views\\admin\\headset.php', 104)
 2 SYSTEMPATH\View\View.php(213): include('APPPATH\\Views\\admin\\headset.php')
 3 SYSTEMPATH\View\View.php(216): CodeIgniter\View\View->CodeIgniter\View\{closure}()
 4 SYSTEMPATH\Common.php(1134): CodeIgniter\View\View->render('admin/headset', [], true)
 5 APPPATH\Controllers\Home.php(310): view('admin/headset', [...])
 6 SYSTEMPATH\CodeIgniter.php(927): App\Controllers\Home->headset_list()
 7 SYSTEMPATH\CodeIgniter.php(482): CodeIgniter\CodeIgniter->runController(Object(App\Controllers\Home))
 8 SYSTEMPATH\CodeIgniter.php(351): CodeIgniter\CodeIgniter->handleRequest(null, Object(Config\Cache), false)
 9 FCPATH\index.php(87): CodeIgniter\CodeIgniter->run()
10 SYSTEMPATH\Commands\Server\rewrite.php(46): require_once('FCPATH\\index.php')
CRITICAL - 2024-02-28 18:45:10 --> Undefined array key "agent_name"
in APPPATH\Views\admin\headset.php on line 105.
 1 APPPATH\Views\admin\headset.php(105): CodeIgniter\Debug\Exceptions->errorHandler(2, 'Undefined array key "agent_name"', 'APPPATH\\Views\\admin\\headset.php', 105)
 2 SYSTEMPATH\View\View.php(213): include('APPPATH\\Views\\admin\\headset.php')
 3 SYSTEMPATH\View\View.php(216): CodeIgniter\View\View->CodeIgniter\View\{closure}()
 4 SYSTEMPATH\Common.php(1134): CodeIgniter\View\View->render('admin/headset', [], true)
 5 APPPATH\Controllers\Home.php(310): view('admin/headset', [...])
 6 SYSTEMPATH\CodeIgniter.php(927): App\Controllers\Home->headset_list()
 7 SYSTEMPATH\CodeIgniter.php(482): CodeIgniter\CodeIgniter->runController(Object(App\Controllers\Home))
 8 SYSTEMPATH\CodeIgniter.php(351): CodeIgniter\CodeIgniter->handleRequest(null, Object(Config\Cache), false)
 9 FCPATH\index.php(87): CodeIgniter\CodeIgniter->run()
10 SYSTEMPATH\Commands\Server\rewrite.php(46): require_once('FCPATH\\index.php')
CRITICAL - 2024-02-28 19:00:55 --> Undefined variable $agent_item
in APPPATH\Views\admin\headset.php on line 95.
 1 APPPATH\Views\admin\headset.php(95): CodeIgniter\Debug\Exceptions->errorHandler(2, 'Undefined variable $agent_item', 'APPPATH\\Views\\admin\\headset.php', 95)
 2 SYSTEMPATH\View\View.php(213): include('APPPATH\\Views\\admin\\headset.php')
 3 SYSTEMPATH\View\View.php(216): CodeIgniter\View\View->CodeIgniter\View\{closure}()
 4 SYSTEMPATH\Common.php(1134): CodeIgniter\View\View->render('admin/headset', [], true)
 5 APPPATH\Controllers\Home.php(310): view('admin/headset', [...])
 6 SYSTEMPATH\CodeIgniter.php(927): App\Controllers\Home->headset_list()
 7 SYSTEMPATH\CodeIgniter.php(482): CodeIgniter\CodeIgniter->runController(Object(App\Controllers\Home))
 8 SYSTEMPATH\CodeIgniter.php(351): CodeIgniter\CodeIgniter->handleRequest(null, Object(Config\Cache), false)
 9 FCPATH\index.php(87): CodeIgniter\CodeIgniter->run()
10 SYSTEMPATH\Commands\Server\rewrite.php(46): require_once('FCPATH\\index.php')
CRITICAL - 2024-02-28 19:21:07 --> Undefined variable $agent_item
in APPPATH\Views\admin\headset.php on line 112.
 1 APPPATH\Views\admin\headset.php(112): CodeIgniter\Debug\Exceptions->errorHandler(2, 'Undefined variable $agent_item', 'APPPATH\\Views\\admin\\headset.php', 112)
 2 SYSTEMPATH\View\View.php(213): include('APPPATH\\Views\\admin\\headset.php')
 3 SYSTEMPATH\View\View.php(216): CodeIgniter\View\View->CodeIgniter\View\{closure}()
 4 SYSTEMPATH\Common.php(1134): CodeIgniter\View\View->render('admin/headset', [], true)
 5 APPPATH\Controllers\Home.php(310): view('admin/headset', [...])
 6 SYSTEMPATH\CodeIgniter.php(927): App\Controllers\Home->headset_list()
 7 SYSTEMPATH\CodeIgniter.php(482): CodeIgniter\CodeIgniter->runController(Object(App\Controllers\Home))
 8 SYSTEMPATH\CodeIgniter.php(351): CodeIgniter\CodeIgniter->handleRequest(null, Object(Config\Cache), false)
 9 FCPATH\index.php(87): CodeIgniter\CodeIgniter->run()
10 SYSTEMPATH\Commands\Server\rewrite.php(46): require_once('FCPATH\\index.php')
CRITICAL - 2024-02-28 19:56:55 --> Call to undefined function check_agent_id_exists()
in APPPATH\Views\admin\headset.php on line 117.
 1 SYSTEMPATH\View\View.php(213): include()
 2 SYSTEMPATH\View\View.php(216): CodeIgniter\View\View->CodeIgniter\View\{closure}()
 3 SYSTEMPATH\Common.php(1134): CodeIgniter\View\View->render('admin/headset', [], true)
 4 APPPATH\Controllers\Home.php(310): view('admin/headset', [...])
 5 SYSTEMPATH\CodeIgniter.php(927): App\Controllers\Home->headset_list()
 6 SYSTEMPATH\CodeIgniter.php(482): CodeIgniter\CodeIgniter->runController(Object(App\Controllers\Home))
 7 SYSTEMPATH\CodeIgniter.php(351): CodeIgniter\CodeIgniter->handleRequest(null, Object(Config\Cache), false)
 8 FCPATH\index.php(87): CodeIgniter\CodeIgniter->run()
 9 SYSTEMPATH\Commands\Server\rewrite.php(46): require_once('FCPATH\\index.php')
ERROR - 2024-02-28 21:53:50 --> mysqli_sql_exception: Column 'equip_id' cannot be null in C:\xampp\htdocs\tamtechhub_inventory\system\Database\MySQLi\Connection.php:292
Stack trace:
#0 C:\xampp\htdocs\tamtechhub_inventory\system\Database\MySQLi\Connection.php(292): mysqli->query('INSERT INTO `he...', 0)
#1 C:\xampp\htdocs\tamtechhub_inventory\system\Database\BaseConnection.php(666): CodeIgniter\Database\MySQLi\Connection->execute('INSERT INTO `he...')
#2 C:\xampp\htdocs\tamtechhub_inventory\system\Database\BaseConnection.php(593): CodeIgniter\Database\BaseConnection->simpleQuery('INSERT INTO `he...')
#3 C:\xampp\htdocs\tamtechhub_inventory\system\Database\BaseBuilder.php(1916): CodeIgniter\Database\BaseConnection->query('INSERT INTO `he...', Array, false)
#4 C:\xampp\htdocs\tamtechhub_inventory\system\Model.php(279): CodeIgniter\Database\BaseBuilder->insert()
#5 C:\xampp\htdocs\tamtechhub_inventory\system\BaseModel.php(749): CodeIgniter\Model->doInsert(Array)
#6 C:\xampp\htdocs\tamtechhub_inventory\system\Model.php(667): CodeIgniter\BaseModel->insert(Array, false)
#7 C:\xampp\htdocs\tamtechhub_inventory\system\BaseModel.php(659): CodeIgniter\Model->insert(Array, false)
#8 C:\xampp\htdocs\tamtechhub_inventory\app\Controllers\Home.php(325): CodeIgniter\BaseModel->save(Array)
#9 C:\xampp\htdocs\tamtechhub_inventory\system\CodeIgniter.php(927): App\Controllers\Home->add_headset()
#10 C:\xampp\htdocs\tamtechhub_inventory\system\CodeIgniter.php(482): CodeIgniter\CodeIgniter->runController(Object(App\Controllers\Home))
#11 C:\xampp\htdocs\tamtechhub_inventory\system\CodeIgniter.php(351): CodeIgniter\CodeIgniter->handleRequest(NULL, Object(Config\Cache), false)
#12 C:\xampp\htdocs\tamtechhub_inventory\public\index.php(87): CodeIgniter\CodeIgniter->run()
#13 C:\xampp\htdocs\tamtechhub_inventory\system\Commands\Server\rewrite.php(46): require_once('C:\\xampp\\htdocs...')
#14 {main}
CRITICAL - 2024-02-28 21:53:50 --> Column 'equip_id' cannot be null
in SYSTEMPATH\Database\MySQLi\Connection.php on line 292.
 1 SYSTEMPATH\Database\MySQLi\Connection.php(292): mysqli->query('INSERT INTO `headset` (`equip_id`, `brand`, `model`) VALUES (NULL, NULL, NULL)', 0)
 2 SYSTEMPATH\Database\BaseConnection.php(666): CodeIgniter\Database\MySQLi\Connection->execute('INSERT INTO `headset` (`equip_id`, `brand`, `model`) VALUES (NULL, NULL, NULL)')
 3 SYSTEMPATH\Database\BaseConnection.php(593): CodeIgniter\Database\BaseConnection->simpleQuery('INSERT INTO `headset` (`equip_id`, `brand`, `model`) VALUES (NULL, NULL, NULL)')
 4 SYSTEMPATH\Database\BaseBuilder.php(1916): CodeIgniter\Database\BaseConnection->query('INSERT INTO `headset` (`equip_id`, `brand`, `model`) VALUES (:equip_id:, :brand:, :model:)', [...], false)
 5 SYSTEMPATH\Model.php(279): CodeIgniter\Database\BaseBuilder->insert()
 6 SYSTEMPATH\BaseModel.php(749): CodeIgniter\Model->doInsert([...])
 7 SYSTEMPATH\Model.php(667): CodeIgniter\BaseModel->insert([...], false)
 8 SYSTEMPATH\BaseModel.php(659): CodeIgniter\Model->insert([...], false)
 9 APPPATH\Controllers\Home.php(325): CodeIgniter\BaseModel->save([...])
10 SYSTEMPATH\CodeIgniter.php(927): App\Controllers\Home->add_headset()
11 SYSTEMPATH\CodeIgniter.php(482): CodeIgniter\CodeIgniter->runController(Object(App\Controllers\Home))
12 SYSTEMPATH\CodeIgniter.php(351): CodeIgniter\CodeIgniter->handleRequest(null, Object(Config\Cache), false)
13 FCPATH\index.php(87): CodeIgniter\CodeIgniter->run()
14 SYSTEMPATH\Commands\Server\rewrite.php(46): require_once('FCPATH\\index.php')
CRITICAL - 2024-02-28 23:36:04 --> Undefined array key "agent_id"
in APPPATH\Views\admin\mouse.php on line 101.
 1 APPPATH\Views\admin\mouse.php(101): CodeIgniter\Debug\Exceptions->errorHandler(2, 'Undefined array key "agent_id"', 'APPPATH\\Views\\admin\\mouse.php', 101)
 2 SYSTEMPATH\View\View.php(213): include('APPPATH\\Views\\admin\\mouse.php')
 3 SYSTEMPATH\View\View.php(216): CodeIgniter\View\View->CodeIgniter\View\{closure}()
 4 SYSTEMPATH\Common.php(1134): CodeIgniter\View\View->render('admin/mouse', [], true)
 5 APPPATH\Controllers\Home.php(498): view('admin/mouse', [...])
 6 SYSTEMPATH\CodeIgniter.php(927): App\Controllers\Home->mouse_list()
 7 SYSTEMPATH\CodeIgniter.php(482): CodeIgniter\CodeIgniter->runController(Object(App\Controllers\Home))
 8 SYSTEMPATH\CodeIgniter.php(351): CodeIgniter\CodeIgniter->handleRequest(null, Object(Config\Cache), false)
 9 FCPATH\index.php(87): CodeIgniter\CodeIgniter->run()
10 SYSTEMPATH\Commands\Server\rewrite.php(46): require_once('FCPATH\\index.php')
