CRITICAL - 2024-05-05 21:00:52 --> Undefined array key "dropdownValue"
in APPPATH/Views/payroll/payslip.php on line 290.
 1 APPPATH/Views/payroll/payslip.php(290): CodeIgniter\Debug\Exceptions->errorHandler(2, 'Undefined array key "dropdownValue"', 'APPPATH/Views/payroll/payslip.php', 290)
 2 SYSTEMPATH/View/View.php(213): include('APPPATH/Views/payroll/payslip.php')
 3 SYSTEMPATH/View/View.php(216): CodeIgniter\View\View->CodeIgniter\View\{closure}()
 4 SYSTEMPATH/Common.php(1134): CodeIgniter\View\View->render('payroll/payslip', [], true)
 5 APPPATH/Controllers/Payroll.php(753): view('payroll/payslip', [...])
 6 SYSTEMPATH/CodeIgniter.php(927): App\Controllers\Payroll->generatePayslip()
 7 SYSTEMPATH/CodeIgniter.php(482): CodeIgniter\CodeIgniter->runController(Object(App\Controllers\Payroll))
 8 SYSTEMPATH/CodeIgniter.php(351): CodeIgniter\CodeIgniter->handleRequest(null, Object(Config\Cache), false)
 9 FCPATH/index.php(87): CodeIgniter\CodeIgniter->run()
CRITICAL - 2024-05-05 21:01:20 --> Undefined array key "dropdownValue"
in APPPATH/Views/payroll/payslip.php on line 290.
 1 APPPATH/Views/payroll/payslip.php(290): CodeIgniter\Debug\Exceptions->errorHandler(2, 'Undefined array key "dropdownValue"', 'APPPATH/Views/payroll/payslip.php', 290)
 2 SYSTEMPATH/View/View.php(213): include('APPPATH/Views/payroll/payslip.php')
 3 SYSTEMPATH/View/View.php(216): CodeIgniter\View\View->CodeIgniter\View\{closure}()
 4 SYSTEMPATH/Common.php(1134): CodeIgniter\View\View->render('payroll/payslip', [], true)
 5 APPPATH/Controllers/Payroll.php(753): view('payroll/payslip', [...])
 6 SYSTEMPATH/CodeIgniter.php(927): App\Controllers\Payroll->generatePayslip()
 7 SYSTEMPATH/CodeIgniter.php(482): CodeIgniter\CodeIgniter->runController(Object(App\Controllers\Payroll))
 8 SYSTEMPATH/CodeIgniter.php(351): CodeIgniter\CodeIgniter->handleRequest(null, Object(Config\Cache), false)
 9 FCPATH/index.php(87): CodeIgniter\CodeIgniter->run()
CRITICAL - 2024-05-05 21:50:44 --> Undefined array key "dropdownValue"
in APPPATH/Views/payroll/payslip.php on line 290.
 1 APPPATH/Views/payroll/payslip.php(290): CodeIgniter\Debug\Exceptions->errorHandler(2, 'Undefined array key "dropdownValue"', 'APPPATH/Views/payroll/payslip.php', 290)
 2 SYSTEMPATH/View/View.php(213): include('APPPATH/Views/payroll/payslip.php')
 3 SYSTEMPATH/View/View.php(216): CodeIgniter\View\View->CodeIgniter\View\{closure}()
 4 SYSTEMPATH/Common.php(1134): CodeIgniter\View\View->render('payroll/payslip', [], true)
 5 APPPATH/Controllers/Payroll.php(753): view('payroll/payslip', [...])
 6 SYSTEMPATH/CodeIgniter.php(927): App\Controllers\Payroll->generatePayslip()
 7 SYSTEMPATH/CodeIgniter.php(482): CodeIgniter\CodeIgniter->runController(Object(App\Controllers\Payroll))
 8 SYSTEMPATH/CodeIgniter.php(351): CodeIgniter\CodeIgniter->handleRequest(null, Object(Config\Cache), false)
 9 FCPATH/index.php(87): CodeIgniter\CodeIgniter->run()
