ERROR - 2024-02-29 23:19:10 --> Error connecting to the database: mysqli_sql_exception: No connection could be made because the target machine actively refused it in C:\xampp\htdocs\tamtechhub_inventory\system\Database\MySQLi\Connection.php:170
Stack trace:
#0 C:\xampp\htdocs\tamtechhub_inventory\system\Database\MySQLi\Connection.php(170): mysqli->real_connect('localhost', 'root', Object(SensitiveParameterValue), 'tamtech_invento...', 3306, '', 0)
#1 C:\xampp\htdocs\tamtechhub_inventory\system\Database\BaseConnection.php(382): CodeIgniter\Database\MySQLi\Connection->connect(false)
#2 C:\xampp\htdocs\tamtechhub_inventory\system\Database\BaseConnection.php(561): CodeIgniter\Database\BaseConnection->initialize()
#3 C:\xampp\htdocs\tamtechhub_inventory\system\Database\BaseBuilder.php(1585): CodeIgniter\Database\BaseConnection->query('SELECT *\nFROM `...', Array, false)
#4 C:\xampp\htdocs\tamtechhub_inventory\system\Model.php(223): CodeIgniter\Database\BaseBuilder->get()
#5 C:\xampp\htdocs\tamtechhub_inventory\system\BaseModel.php(585): CodeIgniter\Model->doFindAll(0, 0)
#6 C:\xampp\htdocs\tamtechhub_inventory\app\Controllers\Home.php(58): CodeIgniter\BaseModel->findAll()
#7 C:\xampp\htdocs\tamtechhub_inventory\system\CodeIgniter.php(927): App\Controllers\Home->agent_list()
#8 C:\xampp\htdocs\tamtechhub_inventory\system\CodeIgniter.php(482): CodeIgniter\CodeIgniter->runController(Object(App\Controllers\Home))
#9 C:\xampp\htdocs\tamtechhub_inventory\system\CodeIgniter.php(351): CodeIgniter\CodeIgniter->handleRequest(NULL, Object(Config\Cache), false)
#10 C:\xampp\htdocs\tamtechhub_inventory\public\index.php(87): CodeIgniter\CodeIgniter->run()
#11 C:\xampp\htdocs\tamtechhub_inventory\system\Commands\Server\rewrite.php(46): require_once('C:\\xampp\\htdocs...')
#12 {main}

Next CodeIgniter\Database\Exceptions\DatabaseException: No connection could be made because the target machine actively refused it in C:\xampp\htdocs\tamtechhub_inventory\system\Database\MySQLi\Connection.php:215
Stack trace:
#0 C:\xampp\htdocs\tamtechhub_inventory\system\Database\BaseConnection.php(382): CodeIgniter\Database\MySQLi\Connection->connect(false)
#1 C:\xampp\htdocs\tamtechhub_inventory\system\Database\BaseConnection.php(561): CodeIgniter\Database\BaseConnection->initialize()
#2 C:\xampp\htdocs\tamtechhub_inventory\system\Database\BaseBuilder.php(1585): CodeIgniter\Database\BaseConnection->query('SELECT *\nFROM `...', Array, false)
#3 C:\xampp\htdocs\tamtechhub_inventory\system\Model.php(223): CodeIgniter\Database\BaseBuilder->get()
#4 C:\xampp\htdocs\tamtechhub_inventory\system\BaseModel.php(585): CodeIgniter\Model->doFindAll(0, 0)
#5 C:\xampp\htdocs\tamtechhub_inventory\app\Controllers\Home.php(58): CodeIgniter\BaseModel->findAll()
#6 C:\xampp\htdocs\tamtechhub_inventory\system\CodeIgniter.php(927): App\Controllers\Home->agent_list()
#7 C:\xampp\htdocs\tamtechhub_inventory\system\CodeIgniter.php(482): CodeIgniter\CodeIgniter->runController(Object(App\Controllers\Home))
#8 C:\xampp\htdocs\tamtechhub_inventory\system\CodeIgniter.php(351): CodeIgniter\CodeIgniter->handleRequest(NULL, Object(Config\Cache), false)
#9 C:\xampp\htdocs\tamtechhub_inventory\public\index.php(87): CodeIgniter\CodeIgniter->run()
#10 C:\xampp\htdocs\tamtechhub_inventory\system\Commands\Server\rewrite.php(46): require_once('C:\\xampp\\htdocs...')
#11 {main}
CRITICAL - 2024-02-29 23:19:10 --> Unable to connect to the database.
Main connection [MySQLi]: No connection could be made because the target machine actively refused it
in SYSTEMPATH\Database\BaseConnection.php on line 418.
 1 SYSTEMPATH\Database\BaseConnection.php(561): CodeIgniter\Database\BaseConnection->initialize()
 2 SYSTEMPATH\Database\BaseBuilder.php(1585): CodeIgniter\Database\BaseConnection->query('SELECT *
FROM `agent_list`', [], false)
 3 SYSTEMPATH\Model.php(223): CodeIgniter\Database\BaseBuilder->get()
 4 SYSTEMPATH\BaseModel.php(585): CodeIgniter\Model->doFindAll(0, 0)
 5 APPPATH\Controllers\Home.php(58): CodeIgniter\BaseModel->findAll()
 6 SYSTEMPATH\CodeIgniter.php(927): App\Controllers\Home->agent_list()
 7 SYSTEMPATH\CodeIgniter.php(482): CodeIgniter\CodeIgniter->runController(Object(App\Controllers\Home))
 8 SYSTEMPATH\CodeIgniter.php(351): CodeIgniter\CodeIgniter->handleRequest(null, Object(Config\Cache), false)
 9 FCPATH\index.php(87): CodeIgniter\CodeIgniter->run()
10 SYSTEMPATH\Commands\Server\rewrite.php(46): require_once('FCPATH\\index.php')
ERROR - 2024-02-29 23:19:18 --> Error connecting to the database: mysqli_sql_exception: No connection could be made because the target machine actively refused it in C:\xampp\htdocs\tamtechhub_inventory\system\Database\MySQLi\Connection.php:170
Stack trace:
#0 C:\xampp\htdocs\tamtechhub_inventory\system\Database\MySQLi\Connection.php(170): mysqli->real_connect('localhost', 'root', Object(SensitiveParameterValue), 'tamtech_invento...', 3306, '', 0)
#1 C:\xampp\htdocs\tamtechhub_inventory\system\Database\BaseConnection.php(382): CodeIgniter\Database\MySQLi\Connection->connect(false)
#2 C:\xampp\htdocs\tamtechhub_inventory\system\Database\BaseConnection.php(561): CodeIgniter\Database\BaseConnection->initialize()
#3 C:\xampp\htdocs\tamtechhub_inventory\system\Database\BaseBuilder.php(1585): CodeIgniter\Database\BaseConnection->query('SELECT *\nFROM `...', Array, false)
#4 C:\xampp\htdocs\tamtechhub_inventory\system\Model.php(223): CodeIgniter\Database\BaseBuilder->get()
#5 C:\xampp\htdocs\tamtechhub_inventory\system\BaseModel.php(585): CodeIgniter\Model->doFindAll(0, 0)
#6 C:\xampp\htdocs\tamtechhub_inventory\app\Controllers\Home.php(149): CodeIgniter\BaseModel->findAll()
#7 C:\xampp\htdocs\tamtechhub_inventory\system\CodeIgniter.php(927): App\Controllers\Home->machine_list()
#8 C:\xampp\htdocs\tamtechhub_inventory\system\CodeIgniter.php(482): CodeIgniter\CodeIgniter->runController(Object(App\Controllers\Home))
#9 C:\xampp\htdocs\tamtechhub_inventory\system\CodeIgniter.php(351): CodeIgniter\CodeIgniter->handleRequest(NULL, Object(Config\Cache), false)
#10 C:\xampp\htdocs\tamtechhub_inventory\public\index.php(87): CodeIgniter\CodeIgniter->run()
#11 C:\xampp\htdocs\tamtechhub_inventory\system\Commands\Server\rewrite.php(46): require_once('C:\\xampp\\htdocs...')
#12 {main}

Next CodeIgniter\Database\Exceptions\DatabaseException: No connection could be made because the target machine actively refused it in C:\xampp\htdocs\tamtechhub_inventory\system\Database\MySQLi\Connection.php:215
Stack trace:
#0 C:\xampp\htdocs\tamtechhub_inventory\system\Database\BaseConnection.php(382): CodeIgniter\Database\MySQLi\Connection->connect(false)
#1 C:\xampp\htdocs\tamtechhub_inventory\system\Database\BaseConnection.php(561): CodeIgniter\Database\BaseConnection->initialize()
#2 C:\xampp\htdocs\tamtechhub_inventory\system\Database\BaseBuilder.php(1585): CodeIgniter\Database\BaseConnection->query('SELECT *\nFROM `...', Array, false)
#3 C:\xampp\htdocs\tamtechhub_inventory\system\Model.php(223): CodeIgniter\Database\BaseBuilder->get()
#4 C:\xampp\htdocs\tamtechhub_inventory\system\BaseModel.php(585): CodeIgniter\Model->doFindAll(0, 0)
#5 C:\xampp\htdocs\tamtechhub_inventory\app\Controllers\Home.php(149): CodeIgniter\BaseModel->findAll()
#6 C:\xampp\htdocs\tamtechhub_inventory\system\CodeIgniter.php(927): App\Controllers\Home->machine_list()
#7 C:\xampp\htdocs\tamtechhub_inventory\system\CodeIgniter.php(482): CodeIgniter\CodeIgniter->runController(Object(App\Controllers\Home))
#8 C:\xampp\htdocs\tamtechhub_inventory\system\CodeIgniter.php(351): CodeIgniter\CodeIgniter->handleRequest(NULL, Object(Config\Cache), false)
#9 C:\xampp\htdocs\tamtechhub_inventory\public\index.php(87): CodeIgniter\CodeIgniter->run()
#10 C:\xampp\htdocs\tamtechhub_inventory\system\Commands\Server\rewrite.php(46): require_once('C:\\xampp\\htdocs...')
#11 {main}
CRITICAL - 2024-02-29 23:19:18 --> Unable to connect to the database.
Main connection [MySQLi]: No connection could be made because the target machine actively refused it
in SYSTEMPATH\Database\BaseConnection.php on line 418.
 1 SYSTEMPATH\Database\BaseConnection.php(561): CodeIgniter\Database\BaseConnection->initialize()
 2 SYSTEMPATH\Database\BaseBuilder.php(1585): CodeIgniter\Database\BaseConnection->query('SELECT *
FROM `machine`', [], false)
 3 SYSTEMPATH\Model.php(223): CodeIgniter\Database\BaseBuilder->get()
 4 SYSTEMPATH\BaseModel.php(585): CodeIgniter\Model->doFindAll(0, 0)
 5 APPPATH\Controllers\Home.php(149): CodeIgniter\BaseModel->findAll()
 6 SYSTEMPATH\CodeIgniter.php(927): App\Controllers\Home->machine_list()
 7 SYSTEMPATH\CodeIgniter.php(482): CodeIgniter\CodeIgniter->runController(Object(App\Controllers\Home))
 8 SYSTEMPATH\CodeIgniter.php(351): CodeIgniter\CodeIgniter->handleRequest(null, Object(Config\Cache), false)
 9 FCPATH\index.php(87): CodeIgniter\CodeIgniter->run()
10 SYSTEMPATH\Commands\Server\rewrite.php(46): require_once('FCPATH\\index.php')
