CRITICAL - 2024-05-09 00:01:04 --> syntax error, unexpected token "}"
in FCPATH/payroll_template/payroll_scripts.php on line 32.
 1 SYSTEMPATH/View/View.php(213): include()
 2 SYSTEMPATH/View/View.php(216): CodeIgniter\View\View->CodeIgniter\View\{closure}()
 3 SYSTEMPATH/Common.php(1134): CodeIgniter\View\View->render('payroll/payroll_page', [], true)
 4 APPPATH/Controllers/Payroll.php(446): view('payroll/payroll_page', [...])
 5 SYSTEMPATH/CodeIgniter.php(927): App\Controllers\Payroll->payroll_view()
 6 SYSTEMPATH/CodeIgniter.php(482): CodeIgniter\CodeIgniter->runController(Object(App\Controllers\Payroll))
 7 SYSTEMPATH/CodeIgniter.php(351): CodeIgniter\CodeIgniter->handleRequest(null, Object(Config\Cache), false)
 8 FCPATH/index.php(87): CodeIgniter\CodeIgniter->run()
CRITICAL - 2024-05-09 00:13:01 --> syntax error, unexpected token "}"
in FCPATH/payroll_template/payroll_scripts.php on line 33.
 1 SYSTEMPATH/View/View.php(213): include()
 2 SYSTEMPATH/View/View.php(216): CodeIgniter\View\View->CodeIgniter\View\{closure}()
 3 SYSTEMPATH/Common.php(1134): CodeIgniter\View\View->render('payroll/agent_list', [], true)
 4 APPPATH/Controllers/Payroll.php(45): view('payroll/agent_list', [...])
 5 SYSTEMPATH/CodeIgniter.php(927): App\Controllers\Payroll->payroll_agents()
 6 SYSTEMPATH/CodeIgniter.php(482): CodeIgniter\CodeIgniter->runController(Object(App\Controllers\Payroll))
 7 SYSTEMPATH/CodeIgniter.php(351): CodeIgniter\CodeIgniter->handleRequest(null, Object(Config\Cache), false)
 8 FCPATH/index.php(87): CodeIgniter\CodeIgniter->run()
