CRITICAL - 2023-06-04 00:42:48 --> Cannot access offset of type string on string
in APPPATH\Views\admin\adminlte3\index.php on line 250.
 1 SYSTEMPATH\View\View.php(213): include()
 2 SYSTEMPATH\View\View.php(216): CodeIgniter\View\View->CodeIgniter\View\{closure}()
 3 SYSTEMPATH\View\View.php(229): CodeIgniter\View\View->render('admin/adminlte3/index', [], true)
 4 SYSTEMPATH\Common.php(1134): CodeIgniter\View\View->render('admin/category/editcategory', [], true)
 5 APPPATH\Controllers\Category.php(35): view('admin/category/editcategory', [...])
 6 SYSTEMPATH\CodeIgniter.php(927): App\Controllers\Category->editcategory('1')
 7 SYSTEMPATH\CodeIgniter.php(482): CodeIgniter\CodeIgniter->runController(Object(App\Controllers\Category))
 8 SYSTEMPATH\CodeIgniter.php(351): CodeIgniter\CodeIgniter->handleRequest(null, Object(Config\Cache), false)
 9 FCPATH\index.php(67): CodeIgniter\CodeIgniter->run()
10 SYSTEMPATH\Commands\Server\rewrite.php(46): require_once('FCPATH\\index.php')
CRITICAL - 2023-06-04 00:44:07 --> Cannot access offset of type string on string
in APPPATH\Views\admin\adminlte3\index.php on line 250.
 1 SYSTEMPATH\View\View.php(213): include()
 2 SYSTEMPATH\View\View.php(216): CodeIgniter\View\View->CodeIgniter\View\{closure}()
 3 SYSTEMPATH\View\View.php(229): CodeIgniter\View\View->render('admin/adminlte3/index', [], true)
 4 SYSTEMPATH\Common.php(1134): CodeIgniter\View\View->render('admin/category/editcategory', [], true)
 5 APPPATH\Controllers\Category.php(35): view('admin/category/editcategory', [...])
 6 SYSTEMPATH\CodeIgniter.php(927): App\Controllers\Category->editcategory('1')
 7 SYSTEMPATH\CodeIgniter.php(482): CodeIgniter\CodeIgniter->runController(Object(App\Controllers\Category))
 8 SYSTEMPATH\CodeIgniter.php(351): CodeIgniter\CodeIgniter->handleRequest(null, Object(Config\Cache), false)
 9 FCPATH\index.php(67): CodeIgniter\CodeIgniter->run()
10 SYSTEMPATH\Commands\Server\rewrite.php(46): require_once('FCPATH\\index.php')
CRITICAL - 2023-06-04 00:46:26 --> Undefined variable $category
in APPPATH\Views\admin\adminlte3\index.php on line 248.
 1 APPPATH\Views\admin\adminlte3\index.php(248): CodeIgniter\Debug\Exceptions->errorHandler(2, 'Undefined variable $category', 'APPPATH\\Views\\admin\\adminlte3\\index.php', 248)
 2 SYSTEMPATH\View\View.php(213): include('APPPATH\\Views\\admin\\adminlte3\\index.php')
 3 SYSTEMPATH\View\View.php(216): CodeIgniter\View\View->CodeIgniter\View\{closure}()
 4 SYSTEMPATH\View\View.php(229): CodeIgniter\View\View->render('admin/adminlte3/index', [], true)
 5 SYSTEMPATH\Common.php(1134): CodeIgniter\View\View->render('admin/reservation/editreservation', [], true)
 6 APPPATH\Controllers\Booking.php(151): view('admin/reservation/editreservation', [...])
 7 SYSTEMPATH\CodeIgniter.php(927): App\Controllers\Booking->editreservation('6')
 8 SYSTEMPATH\CodeIgniter.php(482): CodeIgniter\CodeIgniter->runController(Object(App\Controllers\Booking))
 9 SYSTEMPATH\CodeIgniter.php(351): CodeIgniter\CodeIgniter->handleRequest(null, Object(Config\Cache), false)
10 FCPATH\index.php(67): CodeIgniter\CodeIgniter->run()
11 SYSTEMPATH\Commands\Server\rewrite.php(46): require_once('FCPATH\\index.php')
CRITICAL - 2023-06-04 00:46:37 --> Undefined variable $category
in APPPATH\Views\admin\adminlte3\index.php on line 248.
 1 APPPATH\Views\admin\adminlte3\index.php(248): CodeIgniter\Debug\Exceptions->errorHandler(2, 'Undefined variable $category', 'APPPATH\\Views\\admin\\adminlte3\\index.php', 248)
 2 SYSTEMPATH\View\View.php(213): include('APPPATH\\Views\\admin\\adminlte3\\index.php')
 3 SYSTEMPATH\View\View.php(216): CodeIgniter\View\View->CodeIgniter\View\{closure}()
 4 SYSTEMPATH\View\View.php(229): CodeIgniter\View\View->render('admin/adminlte3/index', [], true)
 5 SYSTEMPATH\Common.php(1134): CodeIgniter\View\View->render('admin/reservation/editreservation', [], true)
 6 APPPATH\Controllers\Booking.php(151): view('admin/reservation/editreservation', [...])
 7 SYSTEMPATH\CodeIgniter.php(927): App\Controllers\Booking->editreservation('6')
 8 SYSTEMPATH\CodeIgniter.php(482): CodeIgniter\CodeIgniter->runController(Object(App\Controllers\Booking))
 9 SYSTEMPATH\CodeIgniter.php(351): CodeIgniter\CodeIgniter->handleRequest(null, Object(Config\Cache), false)
10 FCPATH\index.php(67): CodeIgniter\CodeIgniter->run()
11 SYSTEMPATH\Commands\Server\rewrite.php(46): require_once('FCPATH\\index.php')
CRITICAL - 2023-06-04 00:49:11 --> Undefined variable $category
in APPPATH\Views\admin\adminlte3\index.php on line 248.
 1 APPPATH\Views\admin\adminlte3\index.php(248): CodeIgniter\Debug\Exceptions->errorHandler(2, 'Undefined variable $category', 'APPPATH\\Views\\admin\\adminlte3\\index.php', 248)
 2 SYSTEMPATH\View\View.php(213): include('APPPATH\\Views\\admin\\adminlte3\\index.php')
 3 SYSTEMPATH\View\View.php(216): CodeIgniter\View\View->CodeIgniter\View\{closure}()
 4 SYSTEMPATH\View\View.php(229): CodeIgniter\View\View->render('admin/adminlte3/index', [], true)
 5 SYSTEMPATH\Common.php(1134): CodeIgniter\View\View->render('admin/reservation/editreservation', [], true)
 6 APPPATH\Controllers\Booking.php(151): view('admin/reservation/editreservation', [...])
 7 SYSTEMPATH\CodeIgniter.php(927): App\Controllers\Booking->editreservation('12')
 8 SYSTEMPATH\CodeIgniter.php(482): CodeIgniter\CodeIgniter->runController(Object(App\Controllers\Booking))
 9 SYSTEMPATH\CodeIgniter.php(351): CodeIgniter\CodeIgniter->handleRequest(null, Object(Config\Cache), false)
10 FCPATH\index.php(67): CodeIgniter\CodeIgniter->run()
11 SYSTEMPATH\Commands\Server\rewrite.php(46): require_once('FCPATH\\index.php')
CRITICAL - 2023-06-04 00:50:29 --> Undefined variable $category
in APPPATH\Views\admin\adminlte3\index.php on line 248.
 1 APPPATH\Views\admin\adminlte3\index.php(248): CodeIgniter\Debug\Exceptions->errorHandler(2, 'Undefined variable $category', 'APPPATH\\Views\\admin\\adminlte3\\index.php', 248)
 2 SYSTEMPATH\View\View.php(213): include('APPPATH\\Views\\admin\\adminlte3\\index.php')
 3 SYSTEMPATH\View\View.php(216): CodeIgniter\View\View->CodeIgniter\View\{closure}()
 4 SYSTEMPATH\View\View.php(229): CodeIgniter\View\View->render('admin/adminlte3/index', [], true)
 5 SYSTEMPATH\Common.php(1134): CodeIgniter\View\View->render('admin/reservation/editreservation', [], true)
 6 APPPATH\Controllers\Booking.php(151): view('admin/reservation/editreservation', [...])
 7 SYSTEMPATH\CodeIgniter.php(927): App\Controllers\Booking->editreservation('7')
 8 SYSTEMPATH\CodeIgniter.php(482): CodeIgniter\CodeIgniter->runController(Object(App\Controllers\Booking))
 9 SYSTEMPATH\CodeIgniter.php(351): CodeIgniter\CodeIgniter->handleRequest(null, Object(Config\Cache), false)
10 FCPATH\index.php(67): CodeIgniter\CodeIgniter->run()
11 SYSTEMPATH\Commands\Server\rewrite.php(46): require_once('FCPATH\\index.php')
CRITICAL - 2023-06-04 00:50:40 --> Undefined variable $category
in APPPATH\Views\admin\adminlte3\index.php on line 248.
 1 APPPATH\Views\admin\adminlte3\index.php(248): CodeIgniter\Debug\Exceptions->errorHandler(2, 'Undefined variable $category', 'APPPATH\\Views\\admin\\adminlte3\\index.php', 248)
 2 SYSTEMPATH\View\View.php(213): include('APPPATH\\Views\\admin\\adminlte3\\index.php')
 3 SYSTEMPATH\View\View.php(216): CodeIgniter\View\View->CodeIgniter\View\{closure}()
 4 SYSTEMPATH\View\View.php(229): CodeIgniter\View\View->render('admin/adminlte3/index', [], true)
 5 SYSTEMPATH\Common.php(1134): CodeIgniter\View\View->render('admin/reservation/editreservation', [], true)
 6 APPPATH\Controllers\Booking.php(151): view('admin/reservation/editreservation', [...])
 7 SYSTEMPATH\CodeIgniter.php(927): App\Controllers\Booking->editreservation('7')
 8 SYSTEMPATH\CodeIgniter.php(482): CodeIgniter\CodeIgniter->runController(Object(App\Controllers\Booking))
 9 SYSTEMPATH\CodeIgniter.php(351): CodeIgniter\CodeIgniter->handleRequest(null, Object(Config\Cache), false)
10 FCPATH\index.php(67): CodeIgniter\CodeIgniter->run()
11 SYSTEMPATH\Commands\Server\rewrite.php(46): require_once('FCPATH\\index.php')
CRITICAL - 2023-06-04 00:50:46 --> Undefined variable $data
in APPPATH\Views\admin\category\categorylist.php on line 262.
 1 APPPATH\Views\admin\category\categorylist.php(262): CodeIgniter\Debug\Exceptions->errorHandler(2, 'Undefined variable $data', 'APPPATH\\Views\\admin\\category\\categorylist.php', 262)
 2 SYSTEMPATH\View\View.php(213): include('APPPATH\\Views\\admin\\category\\categorylist.php')
 3 SYSTEMPATH\View\View.php(216): CodeIgniter\View\View->CodeIgniter\View\{closure}()
 4 SYSTEMPATH\Common.php(1134): CodeIgniter\View\View->render('admin/category/categorylist', [], true)
 5 APPPATH\Controllers\Admin.php(260): view('admin/category/categorylist', [...])
 6 SYSTEMPATH\CodeIgniter.php(927): App\Controllers\Admin->categorylist()
 7 SYSTEMPATH\CodeIgniter.php(482): CodeIgniter\CodeIgniter->runController(Object(App\Controllers\Admin))
 8 SYSTEMPATH\CodeIgniter.php(351): CodeIgniter\CodeIgniter->handleRequest(null, Object(Config\Cache), false)
 9 FCPATH\index.php(67): CodeIgniter\CodeIgniter->run()
10 SYSTEMPATH\Commands\Server\rewrite.php(46): require_once('FCPATH\\index.php')
CRITICAL - 2023-06-04 00:51:01 --> Cannot access offset of type string on string
in APPPATH\Views\admin\adminlte3\index.php on line 250.
 1 SYSTEMPATH\View\View.php(213): include()
 2 SYSTEMPATH\View\View.php(216): CodeIgniter\View\View->CodeIgniter\View\{closure}()
 3 SYSTEMPATH\View\View.php(229): CodeIgniter\View\View->render('admin/adminlte3/index', [], true)
 4 SYSTEMPATH\Common.php(1134): CodeIgniter\View\View->render('admin/category/editcategory', [], true)
 5 APPPATH\Controllers\Category.php(35): view('admin/category/editcategory', [...])
 6 SYSTEMPATH\CodeIgniter.php(927): App\Controllers\Category->editcategory('1')
 7 SYSTEMPATH\CodeIgniter.php(482): CodeIgniter\CodeIgniter->runController(Object(App\Controllers\Category))
 8 SYSTEMPATH\CodeIgniter.php(351): CodeIgniter\CodeIgniter->handleRequest(null, Object(Config\Cache), false)
 9 FCPATH\index.php(67): CodeIgniter\CodeIgniter->run()
10 SYSTEMPATH\Commands\Server\rewrite.php(46): require_once('FCPATH\\index.php')
CRITICAL - 2023-06-04 00:51:31 --> Undefined variable $booking
in APPPATH\Views\admin\adminlte3\index.php on line 289.
 1 APPPATH\Views\admin\adminlte3\index.php(289): CodeIgniter\Debug\Exceptions->errorHandler(2, 'Undefined variable $booking', 'APPPATH\\Views\\admin\\adminlte3\\index.php', 289)
 2 SYSTEMPATH\View\View.php(213): include('APPPATH\\Views\\admin\\adminlte3\\index.php')
 3 SYSTEMPATH\View\View.php(216): CodeIgniter\View\View->CodeIgniter\View\{closure}()
 4 SYSTEMPATH\View\View.php(229): CodeIgniter\View\View->render('admin/adminlte3/index', [], true)
 5 SYSTEMPATH\Common.php(1134): CodeIgniter\View\View->render('admin/category/editcategory', [], true)
 6 APPPATH\Controllers\Category.php(35): view('admin/category/editcategory', [...])
 7 SYSTEMPATH\CodeIgniter.php(927): App\Controllers\Category->editcategory('1')
 8 SYSTEMPATH\CodeIgniter.php(482): CodeIgniter\CodeIgniter->runController(Object(App\Controllers\Category))
 9 SYSTEMPATH\CodeIgniter.php(351): CodeIgniter\CodeIgniter->handleRequest(null, Object(Config\Cache), false)
10 FCPATH\index.php(67): CodeIgniter\CodeIgniter->run()
11 SYSTEMPATH\Commands\Server\rewrite.php(46): require_once('FCPATH\\index.php')
CRITICAL - 2023-06-04 01:11:44 --> Undefined variable $row
in APPPATH\Views\admin\stocks\stockslist.php on line 285.
 1 APPPATH\Views\admin\stocks\stockslist.php(285): CodeIgniter\Debug\Exceptions->errorHandler(2, 'Undefined variable $row', 'APPPATH\\Views\\admin\\stocks\\stockslist.php', 285)
 2 SYSTEMPATH\View\View.php(213): include('APPPATH\\Views\\admin\\stocks\\stockslist.php')
 3 SYSTEMPATH\View\View.php(216): CodeIgniter\View\View->CodeIgniter\View\{closure}()
 4 SYSTEMPATH\Common.php(1134): CodeIgniter\View\View->render('admin/stocks/stockslist', [], true)
 5 APPPATH\Controllers\Admin.php(290): view('admin/stocks/stockslist', [...])
 6 SYSTEMPATH\CodeIgniter.php(927): App\Controllers\Admin->stocks()
 7 SYSTEMPATH\CodeIgniter.php(482): CodeIgniter\CodeIgniter->runController(Object(App\Controllers\Admin))
 8 SYSTEMPATH\CodeIgniter.php(351): CodeIgniter\CodeIgniter->handleRequest(null, Object(Config\Cache), false)
 9 FCPATH\index.php(67): CodeIgniter\CodeIgniter->run()
10 SYSTEMPATH\Commands\Server\rewrite.php(46): require_once('FCPATH\\index.php')
